[2024-04-25 14:26:58,506][root][INFO] - Dumper dumping to /tirl/experiments/mpc_rustypendulum_init_forgetting_2024-04-25/14-26-52/seed_2
[2024-04-25 14:26:58,511][root][INFO] - Start obs: None
[2024-04-25 14:27:26,768][root][INFO] - GT Returns: [-111.53291965 -365.25334564 -118.83925473 -129.01078429 -242.91290525]
[2024-04-25 14:27:26,768][root][INFO] - GT Returns: mean=-193.510 std=98.379
[2024-04-25 14:27:26,768][root][INFO] - Path Lengths: [39420, 39420, 39420, 39420, 39420]
[2024-04-25 14:27:26,768][root][INFO] - Path Lengths: mean=39420.000 std=0.000
[2024-04-25 14:27:26,879][root][INFO] - all_x.shape = (197100, 3)
[2024-04-25 14:27:26,885][root][INFO] - all_x.min(axis=0) = [-0.99999163 -1.         -1.        ]
[2024-04-25 14:27:26,891][root][INFO] - all_x.max(axis=0) = [0.99990103 1.         1.        ]
[2024-04-25 14:27:26,895][root][INFO] - all_x.mean(axis=0) = [ 8.80060570e-05  3.35313432e-03 -7.41500033e-03]
[2024-04-25 14:27:26,905][root][INFO] - all_x.var(axis=0) = [0.1083814  0.10804978 0.2624952 ]
[2024-04-25 14:27:26,986][root][INFO] - --------------- Start iteration i=0 ---------------
[2024-04-25 14:27:26,986][root][INFO] - Length of data.x: 17
[2024-04-25 14:27:26,986][root][INFO] - Length of data.y: 17
[2024-04-25 14:27:56,562][root][INFO] - Eval Returns: [ -610.50954607  -500.35395124  -383.78147393 -1440.65052541
  -716.01070046]
[2024-04-25 14:27:56,603][root][INFO] - Eval Returns: mean=-730.261 std=372.049
[2024-04-25 14:27:56,604][root][INFO] - Eval ndata: 17.000
[2024-04-25 14:27:56,605][root][INFO] - Model MSE (current real MPC): 0.120
[2024-04-25 14:27:57,128][root][INFO] - Model MSE (random test set): 0.001
[2024-04-25 14:27:57,128][root][INFO] - Model MSE (GT MPC): 0.001
[2024-04-25 14:27:57,128][root][INFO] - Model Likelihood (random test set): -1.846
[2024-04-25 14:27:57,128][root][INFO] - Model Likelihood (GT MPC): -1.845
[2024-04-25 14:27:57,128][root][INFO] - *[TIME] [Evaluate the current MPC policy] Elapsed: 30.02 seconds
[2024-04-25 14:27:58,440][root][INFO] - x: [-0.41635236  0.05249099  0.23619431]
[2024-04-25 14:27:58,440][root][INFO] - y: [-0.00371573 -0.08167426]
[2024-04-25 14:27:58,440][root][INFO] - Reward: -1.7472366602295577
[2024-04-25 14:28:01,424][root][INFO] - --------------- Start iteration i=1 ---------------
[2024-04-25 14:28:01,424][root][INFO] - Length of data.x: 18
[2024-04-25 14:28:01,424][root][INFO] - Length of data.y: 18
[2024-04-25 14:28:01,584][root][INFO] - x: [-0.42006809 -0.02918326 -0.03392456]
[2024-04-25 14:28:01,585][root][INFO] - y: [-0.01543995 -0.09208183]
[2024-04-25 14:28:01,585][root][INFO] - Reward: -1.9660588998684871
[2024-04-25 14:28:01,586][root][INFO] - --------------- Start iteration i=2 ---------------
[2024-04-25 14:28:01,586][root][INFO] - Length of data.x: 19
[2024-04-25 14:28:01,586][root][INFO] - Length of data.y: 19
[2024-04-25 14:28:01,747][root][INFO] - x: [-0.43550804 -0.12126509  0.20058025]
[2024-04-25 14:28:01,747][root][INFO] - y: [-0.02617471 -0.08431061]
[2024-04-25 14:28:01,748][root][INFO] - Reward: -2.3743494830164305
[2024-04-25 14:28:01,749][root][INFO] - --------------- Start iteration i=3 ---------------
[2024-04-25 14:28:01,749][root][INFO] - Length of data.x: 20
[2024-04-25 14:28:01,749][root][INFO] - Length of data.y: 20
[2024-04-25 14:28:01,908][root][INFO] - x: [-0.46168275 -0.2055757  -0.72792285]
[2024-04-25 14:28:01,908][root][INFO] - y: [-0.04150053 -0.12036868]
[2024-04-25 14:28:01,908][root][INFO] - Reward: -3.1809727311515053
[2024-04-25 14:28:01,909][root][INFO] - --------------- Start iteration i=4 ---------------
[2024-04-25 14:28:01,909][root][INFO] - Length of data.x: 21
[2024-04-25 14:28:01,909][root][INFO] - Length of data.y: 21
[2024-04-25 14:28:02,068][root][INFO] - x: [-0.50318328 -0.32594437 -0.4428817 ]
[2024-04-25 14:28:02,068][root][INFO] - y: [-0.05555115 -0.11035338]
[2024-04-25 14:28:02,068][root][INFO] - Reward: -4.300195599300266
[2024-04-25 14:28:02,069][root][INFO] - --------------- Start iteration i=5 ---------------
[2024-04-25 14:28:02,069][root][INFO] - Length of data.x: 22
[2024-04-25 14:28:02,069][root][INFO] - Length of data.y: 22
[2024-04-25 14:28:27,354][root][INFO] - Eval Returns: [-258.93738561 -257.72186164 -695.34931802 -479.39766546 -383.4499604 ]
[2024-04-25 14:28:27,356][root][INFO] - Eval Returns: mean=-414.971 std=162.991
[2024-04-25 14:28:27,356][root][INFO] - Eval ndata: 22.000
[2024-04-25 14:28:27,356][root][INFO] - Model MSE (current real MPC): 0.070
[2024-04-25 14:28:27,847][root][INFO] - Model MSE (random test set): 0.002
[2024-04-25 14:28:27,847][root][INFO] - Model MSE (GT MPC): 0.001
[2024-04-25 14:28:27,847][root][INFO] - Model Likelihood (random test set): -1.856
[2024-04-25 14:28:27,847][root][INFO] - Model Likelihood (GT MPC): -1.846
[2024-04-25 14:28:27,848][root][INFO] - *[TIME] [Evaluate the current MPC policy] Elapsed: 25.68 seconds
[2024-04-25 14:28:31,157][root][INFO] - x: [-0.55873443 -0.43629775 -0.69304293]
[2024-04-25 14:28:31,158][root][INFO] - y: [-0.07059418 -0.11814766]
[2024-04-25 14:28:31,158][root][INFO] - Reward: -5.878244815597243
[2024-04-25 14:28:32,763][root][INFO] - --------------- Start iteration i=6 ---------------
[2024-04-25 14:28:32,763][root][INFO] - Length of data.x: 23
[2024-04-25 14:28:32,763][root][INFO] - Length of data.y: 23
[2024-04-25 14:28:32,941][root][INFO] - x: [-0.62932861 -0.55444541 -1.        ]
[2024-04-25 14:28:32,941][root][INFO] - y: [-0.08633369 -0.12361783]
[2024-04-25 14:28:32,942][root][INFO] - Reward: -8.00146698225319
[2024-04-25 14:28:32,943][root][INFO] - --------------- Start iteration i=7 ---------------
[2024-04-25 14:28:32,943][root][INFO] - Length of data.x: 24
[2024-04-25 14:28:32,943][root][INFO] - Length of data.y: 24
[2024-04-25 14:28:33,117][root][INFO] - x: [-0.7156623  -0.67806324 -1.        ]
[2024-04-25 14:28:33,118][root][INFO] - y: [-0.10040849 -0.11054323]
[2024-04-25 14:28:33,118][root][INFO] - Reward: -10.557037011210292
[2024-04-25 14:28:33,119][root][INFO] - --------------- Start iteration i=8 ---------------
[2024-04-25 14:28:33,119][root][INFO] - Length of data.x: 25
[2024-04-25 14:28:33,119][root][INFO] - Length of data.y: 25
[2024-04-25 14:28:33,294][root][INFO] - x: [-0.81607079 -0.78860647 -0.306913  ]
[2024-04-25 14:28:33,294][root][INFO] - y: [-0.10839377 -0.06271624]
[2024-04-25 14:28:33,295][root][INFO] - Reward: -13.07368615008637
[2024-04-25 14:28:33,296][root][INFO] - --------------- Start iteration i=9 ---------------
[2024-04-25 14:28:33,296][root][INFO] - Length of data.x: 26
[2024-04-25 14:28:33,296][root][INFO] - Length of data.y: 26
[2024-04-25 14:28:33,466][root][INFO] - x: [-0.92446456 -0.85132271 -0.73480488]
[2024-04-25 14:28:33,466][root][INFO] - y: [-0.11470827 -0.04959399]
[2024-04-25 14:28:33,466][root][INFO] - Reward: -14.308234600580858
[2024-04-25 14:28:33,467][root][INFO] - --------------- Start iteration i=10 ---------------
[2024-04-25 14:28:33,468][root][INFO] - Length of data.x: 27
[2024-04-25 14:28:33,468][root][INFO] - Length of data.y: 27
[2024-04-25 14:29:04,493][root][INFO] - Eval Returns: [-1671.97492164    -3.4074482   -241.72691693  -128.27384811
 -1795.3956602 ]
[2024-04-25 14:29:04,533][root][INFO] - Eval Returns: mean=-768.156 std=792.909
[2024-04-25 14:29:04,535][root][INFO] - Eval ndata: 27.000
[2024-04-25 14:29:04,535][root][INFO] - Model MSE (current real MPC): 0.100
[2024-04-25 14:29:05,015][root][INFO] - Model MSE (random test set): 0.003
[2024-04-25 14:29:05,015][root][INFO] - Model MSE (GT MPC): 0.001
[2024-04-25 14:29:05,015][root][INFO] - Model Likelihood (random test set): -1.857
[2024-04-25 14:29:05,015][root][INFO] - Model Likelihood (GT MPC): -1.843
[2024-04-25 14:29:05,015][root][INFO] - *[TIME] [Evaluate the current MPC policy] Elapsed: 31.44 seconds
[2024-04-25 14:29:08,418][root][INFO] - x: [ 0.96082716 -0.90091669  0.2239281 ]
[2024-04-25 14:29:08,419][root][INFO] - y: [-0.11217382  0.01990555]
[2024-04-25 14:29:08,419][root][INFO] - Reward: -12.075969521991995
[2024-04-25 14:29:10,107][root][INFO] - --------------- Start iteration i=11 ---------------
[2024-04-25 14:29:10,108][root][INFO] - Length of data.x: 28
[2024-04-25 14:29:10,108][root][INFO] - Length of data.y: 28
[2024-04-25 14:29:10,276][root][INFO] - x: [ 0.84865334 -0.88101115 -0.02886171]
[2024-04-25 14:29:10,276][root][INFO] - y: [-0.10684757  0.0418323 ]
[2024-04-25 14:29:10,276][root][INFO] - Reward: -9.938023484052218
[2024-04-25 14:29:10,277][root][INFO] - --------------- Start iteration i=12 ---------------
[2024-04-25 14:29:10,278][root][INFO] - Length of data.x: 29
[2024-04-25 14:29:10,278][root][INFO] - Length of data.y: 29
[2024-04-25 14:29:10,442][root][INFO] - x: [ 0.74180578 -0.83917885 -0.00269272]
[2024-04-25 14:29:10,443][root][INFO] - y: [-0.0982055   0.06787466]
[2024-04-25 14:29:10,443][root][INFO] - Reward: -7.895625818656833
[2024-04-25 14:29:10,444][root][INFO] - --------------- Start iteration i=13 ---------------
[2024-04-25 14:29:10,444][root][INFO] - Length of data.x: 30
[2024-04-25 14:29:10,444][root][INFO] - Length of data.y: 30
[2024-04-25 14:29:10,607][root][INFO] - x: [ 0.64360028 -0.77130419  0.15501038]
[2024-04-25 14:29:10,608][root][INFO] - y: [-0.08672297  0.09018352]
[2024-04-25 14:29:10,608][root][INFO] - Reward: -6.029904669678446
[2024-04-25 14:29:10,609][root][INFO] - --------------- Start iteration i=14 ---------------
[2024-04-25 14:29:10,609][root][INFO] - Length of data.x: 31
[2024-04-25 14:29:10,609][root][INFO] - Length of data.y: 31
[2024-04-25 14:29:10,775][root][INFO] - x: [ 0.55687731 -0.68112067 -0.70345197]
[2024-04-25 14:29:10,775][root][INFO] - y: [-0.07736373  0.07350733]
[2024-04-25 14:29:10,776][root][INFO] - Reward: -4.63417129762197
[2024-04-25 14:29:10,777][root][INFO] - --------------- Start iteration i=15 ---------------
[2024-04-25 14:29:10,777][root][INFO] - Length of data.x: 32
[2024-04-25 14:29:10,777][root][INFO] - Length of data.y: 32
[2024-04-25 14:29:41,191][root][INFO] - Eval Returns: [-123.78234334 -236.47420391 -340.37650752 -236.73687805   -2.26819196]
[2024-04-25 14:29:41,243][root][INFO] - Eval Returns: mean=-187.928 std=115.381
[2024-04-25 14:29:41,244][root][INFO] - Eval ndata: 32.000
[2024-04-25 14:29:41,246][root][INFO] - Model MSE (current real MPC): 0.032
[2024-04-25 14:29:41,838][root][INFO] - Model MSE (random test set): 0.000
[2024-04-25 14:29:41,838][root][INFO] - Model MSE (GT MPC): 0.000
[2024-04-25 14:29:41,838][root][INFO] - Model Likelihood (random test set): -1.848
[2024-04-25 14:29:41,838][root][INFO] - Model Likelihood (GT MPC): -1.840
[2024-04-25 14:29:41,838][root][INFO] - *[TIME] [Evaluate the current MPC policy] Elapsed: 30.96 seconds
[2024-04-25 14:29:45,283][root][INFO] - x: [ 0.47951358 -0.60761334 -0.38203575]
[2024-04-25 14:29:45,283][root][INFO] - y: [-0.06727591  0.07922956]
[2024-04-25 14:29:45,283][root][INFO] - Reward: -3.464635668602887
[2024-04-25 14:29:47,044][root][INFO] - --------------- Start iteration i=16 ---------------
[2024-04-25 14:29:47,044][root][INFO] - Length of data.x: 33
[2024-04-25 14:29:47,044][root][INFO] - Length of data.y: 33
[2024-04-25 14:29:47,205][root][INFO] - x: [ 0.41223767 -0.52838377 -0.32513706]
[2024-04-25 14:29:47,205][root][INFO] - y: [-0.05734254  0.07801654]
[2024-04-25 14:29:47,206][root][INFO] - Reward: -2.541621220291667
[2024-04-25 14:29:47,207][root][INFO] - --------------- Start iteration i=17 ---------------
[2024-04-25 14:29:47,207][root][INFO] - Length of data.x: 34
[2024-04-25 14:29:47,207][root][INFO] - Length of data.y: 34
[2024-04-25 14:29:47,368][root][INFO] - x: [ 0.35489513 -0.45036724 -0.59349115]
[2024-04-25 14:29:47,368][root][INFO] - y: [-0.04945856  0.06192058]
[2024-04-25 14:29:47,369][root][INFO] - Reward: -1.8878603236528941
[2024-04-25 14:29:47,370][root][INFO] - --------------- Start iteration i=18 ---------------
[2024-04-25 14:29:47,370][root][INFO] - Length of data.x: 35
[2024-04-25 14:29:47,370][root][INFO] - Length of data.y: 35
[2024-04-25 14:29:47,530][root][INFO] - x: [ 0.30543657 -0.38844666 -0.11272413]
[2024-04-25 14:29:47,531][root][INFO] - y: [-0.04022143  0.07254824]
[2024-04-25 14:29:47,531][root][INFO] - Reward: -1.3329372122989336
[2024-04-25 14:29:47,532][root][INFO] - --------------- Start iteration i=19 ---------------
[2024-04-25 14:29:47,532][root][INFO] - Length of data.x: 36
[2024-04-25 14:29:47,532][root][INFO] - Length of data.y: 36
[2024-04-25 14:29:47,695][root][INFO] - x: [ 0.26521513 -0.31589842 -0.29318442]
[2024-04-25 14:29:47,695][root][INFO] - y: [-0.03278716  0.05838863]
[2024-04-25 14:29:47,695][root][INFO] - Reward: -0.9579194011121108
[2024-04-25 14:29:47,696][root][INFO] - --------------- Start iteration i=20 ---------------
[2024-04-25 14:29:47,697][root][INFO] - Length of data.x: 37
[2024-04-25 14:29:47,697][root][INFO] - Length of data.y: 37
[2024-04-25 14:30:15,302][root][INFO] - Eval Returns: [-343.12657502 -127.15250658 -119.2527481  -357.15497112 -223.23005088]
[2024-04-25 14:30:15,342][root][INFO] - Eval Returns: mean=-233.983 std=101.760
[2024-04-25 14:30:15,342][root][INFO] - Eval ndata: 37.000
[2024-04-25 14:30:15,342][root][INFO] - Model MSE (current real MPC): 0.040
[2024-04-25 14:30:15,833][root][INFO] - Model MSE (random test set): 0.000
[2024-04-25 14:30:15,833][root][INFO] - Model MSE (GT MPC): 0.000
[2024-04-25 14:30:15,833][root][INFO] - Model Likelihood (random test set): -1.849
[2024-04-25 14:30:15,833][root][INFO] - Model Likelihood (GT MPC): -1.841
[2024-04-25 14:30:15,833][root][INFO] - *[TIME] [Evaluate the current MPC policy] Elapsed: 28.03 seconds
