[2024-04-23 19:52:56,370][root][INFO] - Dumper dumping to /tirl/experiments/mpc_frozencartpole_2024-04-23/19-52-39/seed_2
[2024-04-23 19:52:56,393][root][INFO] - Start obs: None
[2024-04-23 19:53:23,318][root][INFO] - GT Returns: [-10.44587942 -11.93862476 -11.53946265 -11.65159173 -11.53964971]
[2024-04-23 19:53:23,319][root][INFO] - GT Returns: mean=-11.423 std=0.510
[2024-04-23 19:53:23,319][root][INFO] - Path Lengths: [36345, 36345, 36345, 36345, 36345]
[2024-04-23 19:53:23,320][root][INFO] - Path Lengths: mean=36345.000 std=0.000
[2024-04-23 19:53:23,379][root][INFO] - all_x.shape = (181725, 5)
[2024-04-23 19:53:23,385][root][INFO] - all_x.min(axis=0) = [-0.60415564 -0.86581119 -0.99996089 -0.84372429 -1.        ]
[2024-04-23 19:53:23,390][root][INFO] - all_x.max(axis=0) = [0.75102232 1.40545829 0.99999542 0.85564143 1.        ]
[2024-04-23 19:53:23,393][root][INFO] - all_x.mean(axis=0) = [-0.02542375 -0.01007153  0.04548891  0.07092289  0.01453974]
[2024-04-23 19:53:23,401][root][INFO] - all_x.var(axis=0) = [0.00499637 0.02615763 0.23677206 0.07238137 0.25892253]
[2024-04-23 19:53:23,443][root][INFO] - --------------- Start iteration i=0 ---------------
[2024-04-23 19:53:23,444][root][INFO] - Length of data.x: 301
[2024-04-23 19:53:23,444][root][INFO] - Length of data.y: 301
[2024-04-23 19:53:51,273][root][INFO] - Eval Returns: [-21.20901359 -10.70328648 -12.62098794 -18.94195203 -13.93898255]
[2024-04-23 19:53:51,281][root][INFO] - Eval Returns: mean=-15.483 std=3.954
[2024-04-23 19:53:51,281][root][INFO] - Eval ndata: 301.000
[2024-04-23 19:53:51,282][root][INFO] - Model MSE (current real MPC): 0.417
[2024-04-23 19:53:52,731][root][INFO] - Model MSE (random test set): 0.004
[2024-04-23 19:53:52,732][root][INFO] - Model MSE (GT MPC): 0.002
[2024-04-23 19:53:52,732][root][INFO] - Model Likelihood (random test set): -3.731
[2024-04-23 19:53:52,732][root][INFO] - Model Likelihood (GT MPC): -3.821
[2024-04-23 19:53:52,733][root][INFO] - *[TIME] [Evaluate the current MPC policy] Elapsed: 28.83 seconds
[2024-04-23 19:53:55,817][root][INFO] - x: [ 1.29692371e-03 -2.79773708e-03 -9.90976447e-01 -7.50926870e-04
 -5.46259175e-01]
[2024-04-23 19:53:55,818][root][INFO] - y: [-0.00027977 -0.08564585 -0.00059757  0.08282775]
[2024-04-23 19:53:55,818][root][INFO] - Reward: -0.999990032937095
[2024-04-23 19:53:58,767][root][INFO] - --------------- Start iteration i=1 ---------------
[2024-04-23 19:53:58,768][root][INFO] - Length of data.x: 302
[2024-04-23 19:53:58,768][root][INFO] - Length of data.y: 302
[2024-04-23 19:53:59,278][root][INFO] - x: [ 0.00101715 -0.08844359 -0.99157402  0.08207683 -0.27479791]
[2024-04-23 19:53:59,279][root][INFO] - y: [-0.00884436 -0.04070888  0.06531472  0.03809522]
[2024-04-23 19:53:59,280][root][INFO] - Reward: -0.9999907200931678
[2024-04-23 19:53:59,282][root][INFO] - --------------- Start iteration i=2 ---------------
[2024-04-23 19:53:59,282][root][INFO] - Length of data.x: 303
[2024-04-23 19:53:59,282][root][INFO] - Length of data.y: 303
[2024-04-23 19:53:59,856][root][INFO] - x: [-0.00782721 -0.12915247 -0.9262593   0.12017205 -0.1913652 ]
[2024-04-23 19:53:59,857][root][INFO] - y: [-0.01291525  0.00474721  0.09562996 -0.02716701]
[2024-04-23 19:53:59,857][root][INFO] - Reward: -0.9999943174452248
[2024-04-23 19:53:59,861][root][INFO] - --------------- Start iteration i=3 ---------------
[2024-04-23 19:53:59,861][root][INFO] - Length of data.x: 304
[2024-04-23 19:53:59,861][root][INFO] - Length of data.y: 304
[2024-04-23 19:54:00,330][root][INFO] - x: [-0.02074246 -0.12440526 -0.83062934  0.09300504 -0.08071087]
[2024-04-23 19:54:00,331][root][INFO] - y: [-0.01244053  0.02414688  0.07401112 -0.0706293 ]
[2024-04-23 19:54:00,331][root][INFO] - Reward: -0.9999977460693562
[2024-04-23 19:54:00,334][root][INFO] - --------------- Start iteration i=4 ---------------
[2024-04-23 19:54:00,334][root][INFO] - Length of data.x: 305
[2024-04-23 19:54:00,334][root][INFO] - Length of data.y: 305
[2024-04-23 19:54:01,038][root][INFO] - x: [-0.03318298 -0.10025838 -0.75661823  0.02237574  0.49142795]
[2024-04-23 19:54:01,039][root][INFO] - y: [-0.01002584  0.05504556  0.01780606 -0.10770321]
[2024-04-23 19:54:01,040][root][INFO] - Reward: -0.9999993295154291
[2024-04-23 19:54:01,044][root][INFO] - --------------- Start iteration i=5 ---------------
[2024-04-23 19:54:01,044][root][INFO] - Length of data.x: 306
[2024-04-23 19:54:01,045][root][INFO] - Length of data.y: 306
[2024-04-23 19:54:01,544][root][INFO] - x: [-0.04320882 -0.04521281 -0.73881216 -0.08532747  0.3176736 ]
[2024-04-23 19:54:01,544][root][INFO] - y: [-0.00452128  0.04807729 -0.0679015  -0.10461529]
[2024-04-23 19:54:01,545][root][INFO] - Reward: -0.9999996710436824
[2024-04-23 19:54:01,547][root][INFO] - --------------- Start iteration i=6 ---------------
[2024-04-23 19:54:01,547][root][INFO] - Length of data.x: 307
[2024-04-23 19:54:01,548][root][INFO] - Length of data.y: 307
[2024-04-23 19:54:01,981][root][INFO] - x: [-0.0477301   0.00286447 -0.80671366 -0.18994276  0.31153167]
[2024-04-23 19:54:01,982][root][INFO] - y: [ 0.00028645  0.06974136 -0.15115177 -0.11330619]
[2024-04-23 19:54:01,982][root][INFO] - Reward: -0.9999990544233776
[2024-04-23 19:54:01,985][root][INFO] - --------------- Start iteration i=7 ---------------
[2024-04-23 19:54:01,985][root][INFO] - Length of data.x: 308
[2024-04-23 19:54:01,985][root][INFO] - Length of data.y: 308
[2024-04-23 19:54:02,434][root][INFO] - x: [-0.04744365  0.07260583 -0.95786543 -0.30324894  0.42588175]
[2024-04-23 19:54:02,435][root][INFO] - y: [ 0.00726058  0.05821506 -0.24131804 -0.07066678]
[2024-04-23 19:54:02,435][root][INFO] - Reward: -0.9999221654522892
[2024-04-23 19:54:02,438][root][INFO] - --------------- Start iteration i=8 ---------------
[2024-04-23 19:54:02,438][root][INFO] - Length of data.x: 309
[2024-04-23 19:54:02,438][root][INFO] - Length of data.y: 309
[2024-04-23 19:54:02,882][root][INFO] - x: [-0.04018307  0.13082089  0.80081654 -0.37391573  0.32784554]
[2024-04-23 19:54:02,882][root][INFO] - y: [ 0.01308209 -0.10504874 -0.29755292  0.14266089]
[2024-04-23 19:54:02,883][root][INFO] - Reward: -0.9777421766499648
[2024-04-23 19:54:02,885][root][INFO] - --------------- Start iteration i=9 ---------------
[2024-04-23 19:54:02,886][root][INFO] - Length of data.x: 310
[2024-04-23 19:54:02,886][root][INFO] - Length of data.y: 310
[2024-04-23 19:54:03,478][root][INFO] - x: [-0.02710098  0.02577215  0.50326362 -0.23125483  0.14028772]
[2024-04-23 19:54:03,479][root][INFO] - y: [ 0.00257722 -0.04375629 -0.1840269   0.09864341]
[2024-04-23 19:54:03,479][root][INFO] - Reward: -0.6859989289095545
[2024-04-23 19:54:03,482][root][INFO] - --------------- Start iteration i=10 ---------------
[2024-04-23 19:54:03,482][root][INFO] - Length of data.x: 311
[2024-04-23 19:54:03,482][root][INFO] - Length of data.y: 311
[2024-04-23 19:54:32,309][root][INFO] - Eval Returns: [-14.53463714 -18.91144135 -18.82635216 -17.81568898 -18.08913073]
[2024-04-23 19:54:32,314][root][INFO] - Eval Returns: mean=-17.635 std=1.606
[2024-04-23 19:54:32,314][root][INFO] - Eval ndata: 311.000
[2024-04-23 19:54:32,314][root][INFO] - Model MSE (current real MPC): 0.353
[2024-04-23 19:54:33,703][root][INFO] - Model MSE (random test set): 0.004
[2024-04-23 19:54:33,703][root][INFO] - Model MSE (GT MPC): 0.002
[2024-04-23 19:54:33,703][root][INFO] - Model Likelihood (random test set): -3.732
[2024-04-23 19:54:33,703][root][INFO] - Model Likelihood (GT MPC): -3.819
[2024-04-23 19:54:33,704][root][INFO] - *[TIME] [Evaluate the current MPC policy] Elapsed: 29.75 seconds
[2024-04-23 19:54:38,380][root][INFO] - x: [-0.02452377 -0.01798414  0.31923672 -0.13261143 -0.29168071]
[2024-04-23 19:54:38,381][root][INFO] - y: [-0.00179841 -0.01301776 -0.10552891  0.07578494]
[2024-04-23 19:54:38,381][root][INFO] - Reward: -0.2074483663836747
[2024-04-23 19:54:39,923][root][INFO] - --------------- Start iteration i=11 ---------------
[2024-04-23 19:54:39,924][root][INFO] - Length of data.x: 312
[2024-04-23 19:54:39,924][root][INFO] - Length of data.y: 312
[2024-04-23 19:54:40,428][root][INFO] - x: [-0.02632218 -0.0310019   0.21370781 -0.05682649 -0.41433086]
[2024-04-23 19:54:40,428][root][INFO] - y: [-0.00310019 -0.00565362 -0.04522112  0.0566606 ]
[2024-04-23 19:54:40,429][root][INFO] - Reward: -0.05308484852480888
[2024-04-23 19:54:40,432][root][INFO] - --------------- Start iteration i=12 ---------------
[2024-04-23 19:54:40,432][root][INFO] - Length of data.x: 313
[2024-04-23 19:54:40,432][root][INFO] - Length of data.y: 313
[2024-04-23 19:54:40,890][root][INFO] - x: [-2.94223694e-02 -3.66555197e-02  1.68486693e-01 -1.65893804e-04
 -4.61623786e-01]
[2024-04-23 19:54:40,890][root][INFO] - y: [-0.00366555 -0.00924869 -0.00013201  0.04160238]
[2024-04-23 19:54:40,891][root][INFO] - Reward: -0.05832871584983357
[2024-04-23 19:54:40,893][root][INFO] - --------------- Start iteration i=13 ---------------
[2024-04-23 19:54:40,894][root][INFO] - Length of data.x: 314
[2024-04-23 19:54:40,894][root][INFO] - Length of data.y: 314
[2024-04-23 19:54:41,347][root][INFO] - x: [-0.03308792 -0.04590421  0.16835468  0.04143649 -0.78053366]
[2024-04-23 19:54:41,348][root][INFO] - y: [-0.00459042 -0.03239162  0.03297414  0.02158457]
[2024-04-23 19:54:41,348][root][INFO] - Reward: -0.1056644152496109
[2024-04-23 19:54:41,351][root][INFO] - --------------- Start iteration i=14 ---------------
[2024-04-23 19:54:41,351][root][INFO] - Length of data.x: 315
[2024-04-23 19:54:41,352][root][INFO] - Length of data.y: 315
[2024-04-23 19:54:41,806][root][INFO] - x: [-0.03767834 -0.07829584  0.20132882  0.06302106  0.1987771 ]
[2024-04-23 19:54:41,808][root][INFO] - y: [-0.00782958  0.03449362  0.05015061  0.08587267]
[2024-04-23 19:54:41,809][root][INFO] - Reward: -0.2284165802421041
[2024-04-23 19:54:41,812][root][INFO] - --------------- Start iteration i=15 ---------------
[2024-04-23 19:54:41,812][root][INFO] - Length of data.x: 316
[2024-04-23 19:54:41,812][root][INFO] - Length of data.y: 316
[2024-04-23 19:54:42,267][root][INFO] - x: [-0.04550793 -0.04380222  0.25147942  0.14889373  0.86168134]
[2024-04-23 19:54:42,268][root][INFO] - y: [-0.00438022  0.0579303   0.11848596  0.11053193]
[2024-04-23 19:54:42,268][root][INFO] - Reward: -0.6562193042188285
[2024-04-23 19:54:42,271][root][INFO] - --------------- Start iteration i=16 ---------------
[2024-04-23 19:54:42,271][root][INFO] - Length of data.x: 317
[2024-04-23 19:54:42,272][root][INFO] - Length of data.y: 317
[2024-04-23 19:54:42,741][root][INFO] - x: [-0.04988815  0.01412808  0.36996539  0.25942566  0.47428122]
[2024-04-23 19:54:42,741][root][INFO] - y: [ 0.00141281 -0.02222055  0.20644455  0.08129215]
[2024-04-23 19:54:42,742][root][INFO] - Reward: -0.9887694975116772
[2024-04-23 19:54:42,745][root][INFO] - --------------- Start iteration i=17 ---------------
[2024-04-23 19:54:42,745][root][INFO] - Length of data.x: 318
[2024-04-23 19:54:42,745][root][INFO] - Length of data.y: 318
[2024-04-23 19:54:43,210][root][INFO] - x: [-0.04847534 -0.00809246  0.57640994  0.34071781  0.87123694]
[2024-04-23 19:54:43,211][root][INFO] - y: [-0.00080925 -0.07210209  0.27113484  0.11252646]
[2024-04-23 19:54:43,212][root][INFO] - Reward: -0.9999759315732634
[2024-04-23 19:54:43,214][root][INFO] - --------------- Start iteration i=18 ---------------
[2024-04-23 19:54:43,215][root][INFO] - Length of data.x: 319
[2024-04-23 19:54:43,215][root][INFO] - Length of data.y: 319
[2024-04-23 19:54:43,690][root][INFO] - x: [-0.04928459 -0.08019456  0.84754477  0.45324427  0.83167454]
[2024-04-23 19:54:43,691][root][INFO] - y: [-0.00801946 -0.08718076  0.36068062  0.12262656]
[2024-04-23 19:54:43,692][root][INFO] - Reward: -0.9999999170758267
[2024-04-23 19:54:43,695][root][INFO] - --------------- Start iteration i=19 ---------------
[2024-04-23 19:54:43,695][root][INFO] - Length of data.x: 320
[2024-04-23 19:54:43,695][root][INFO] - Length of data.y: 320
[2024-04-23 19:54:44,169][root][INFO] - x: [-0.05730404 -0.16737532 -0.79177461  0.57587083  0.43195505]
[2024-04-23 19:54:44,170][root][INFO] - y: [-0.01673753  0.30141347  0.45826381 -0.29894333]
[2024-04-23 19:54:44,171][root][INFO] - Reward: -0.9999985240065165
[2024-04-23 19:54:44,173][root][INFO] - --------------- Start iteration i=20 ---------------
[2024-04-23 19:54:44,174][root][INFO] - Length of data.x: 321
[2024-04-23 19:54:44,174][root][INFO] - Length of data.y: 321
