[2024-04-23 16:29:59,857][root][INFO] - Dumper dumping to /tirl/experiments/mpc_frozencartpole_2024-04-23/16-29-43/seed_4
[2024-04-23 16:29:59,873][root][INFO] - Start obs: None
[2024-04-23 16:30:27,531][root][INFO] - GT Returns: [-10.76257573 -10.77313083 -12.85395524 -11.62355419 -11.48898316]
[2024-04-23 16:30:27,531][root][INFO] - GT Returns: mean=-11.500 std=0.764
[2024-04-23 16:30:27,532][root][INFO] - Path Lengths: [36345, 36345, 36345, 36345, 36345]
[2024-04-23 16:30:27,532][root][INFO] - Path Lengths: mean=36345.000 std=0.000
[2024-04-23 16:30:27,588][root][INFO] - all_x.shape = (181725, 5)
[2024-04-23 16:30:27,594][root][INFO] - all_x.min(axis=0) = [-0.61446794 -0.94185272 -0.99998353 -0.82062338 -1.        ]
[2024-04-23 16:30:27,599][root][INFO] - all_x.max(axis=0) = [0.90849814 1.35415527 0.99997264 0.85724503 1.        ]
[2024-04-23 16:30:27,602][root][INFO] - all_x.mean(axis=0) = [-0.00220251  0.00987556 -0.0117203  -0.05419448  0.01079293]
[2024-04-23 16:30:27,610][root][INFO] - all_x.var(axis=0) = [0.00684098 0.03142879 0.23530913 0.0730843  0.23304556]
[2024-04-23 16:30:27,659][root][INFO] - --------------- Start iteration i=0 ---------------
[2024-04-23 16:30:27,660][root][INFO] - Length of data.x: 301
[2024-04-23 16:30:27,660][root][INFO] - Length of data.y: 301
[2024-04-23 16:30:55,247][root][INFO] - Eval Returns: [-19.56414663 -22.20270749 -17.56621147 -17.17373926 -14.9623504 ]
[2024-04-23 16:30:55,256][root][INFO] - Eval Returns: mean=-18.294 std=2.440
[2024-04-23 16:30:55,256][root][INFO] - Eval ndata: 301.000
[2024-04-23 16:30:55,257][root][INFO] - Model MSE (current real MPC): 0.385
[2024-04-23 16:30:56,663][root][INFO] - Model MSE (random test set): 0.003
[2024-04-23 16:30:56,664][root][INFO] - Model MSE (GT MPC): 0.001
[2024-04-23 16:30:56,664][root][INFO] - Model Likelihood (random test set): -3.733
[2024-04-23 16:30:56,664][root][INFO] - Model Likelihood (GT MPC): -3.783
[2024-04-23 16:30:56,665][root][INFO] - *[TIME] [Evaluate the current MPC policy] Elapsed: 28.42 seconds
