[2024-04-24 22:56:32,502][root][INFO] - Dumper dumping to /tirl/experiments/mpc_pendulum_2024-04-24/22-56-25/seed_2
[2024-04-24 22:56:32,508][root][INFO] - Start obs: None
[2024-04-24 22:56:58,285][root][INFO] - GT Returns: [-119.30872052 -124.14134811 -216.69629532 -293.83431442 -117.68914064]
[2024-04-24 22:56:58,285][root][INFO] - GT Returns: mean=-174.334 std=70.471
[2024-04-24 22:56:58,285][root][INFO] - Path Lengths: [39420, 39420, 39420, 39420, 39420]
[2024-04-24 22:56:58,285][root][INFO] - Path Lengths: mean=39420.000 std=0.000
[2024-04-24 22:56:58,401][root][INFO] - all_x.shape = (197100, 3)
[2024-04-24 22:56:58,407][root][INFO] - all_x.min(axis=0) = [-0.99998979 -1.         -1.        ]
[2024-04-24 22:56:58,413][root][INFO] - all_x.max(axis=0) = [0.9999916 1.        1.       ]
[2024-04-24 22:56:58,417][root][INFO] - all_x.mean(axis=0) = [ 0.00566706 -0.01389041  0.00140492]
[2024-04-24 22:56:58,428][root][INFO] - all_x.var(axis=0) = [0.09716453 0.09344149 0.24721274]
[2024-04-24 22:56:58,520][root][INFO] - --------------- Start iteration i=0 ---------------
[2024-04-24 22:56:58,520][root][INFO] - Length of data.x: 1
[2024-04-24 22:56:58,520][root][INFO] - Length of data.y: 1
[2024-04-24 22:57:29,490][root][INFO] - Eval Returns: [-1392.09111054 -1503.461649   -1491.29796939 -1335.67038243
 -1324.51128637]
[2024-04-24 22:57:29,537][root][INFO] - Eval Returns: mean=-1409.406 std=75.494
[2024-04-24 22:57:29,537][root][INFO] - Eval ndata: 1.000
[2024-04-24 22:57:29,537][root][INFO] - Model MSE (current real MPC): 0.214
[2024-04-24 22:57:30,001][root][INFO] - Model MSE (random test set): 0.024
[2024-04-24 22:57:30,001][root][INFO] - Model MSE (GT MPC): 0.020
[2024-04-24 22:57:30,002][root][INFO] - Model Likelihood (random test set): -1.929
[2024-04-24 22:57:30,002][root][INFO] - Model Likelihood (GT MPC): -1.953
[2024-04-24 22:57:30,002][root][INFO] - *[TIME] [Evaluate the current MPC policy] Elapsed: 31.35 seconds
[2024-04-24 22:57:31,931][root][INFO] - x: [-0.70127363 -0.08403872  0.27035647]
[2024-04-24 22:57:31,932][root][INFO] - y: [-0.01903806 -0.06548588]
[2024-04-24 22:57:31,932][root][INFO] - Reward: -5.264215076799858
[2024-04-24 22:57:34,876][root][INFO] - --------------- Start iteration i=1 ---------------
[2024-04-24 22:57:34,876][root][INFO] - Length of data.x: 2
[2024-04-24 22:57:34,876][root][INFO] - Length of data.y: 2
[2024-04-24 22:57:34,975][root][INFO] - x: [-0.72031169 -0.1495246  -0.96529464]
[2024-04-24 22:57:34,975][root][INFO] - y: [-0.03283687 -0.10837561]
[2024-04-24 22:57:34,976][root][INFO] - Reward: -6.027770591014266
[2024-04-24 22:57:34,976][root][INFO] - --------------- Start iteration i=2 ---------------
[2024-04-24 22:57:34,976][root][INFO] - Length of data.x: 3
[2024-04-24 22:57:34,977][root][INFO] - Length of data.y: 3
[2024-04-24 22:57:35,084][root][INFO] - x: [-0.75314857 -0.25790021  0.64991543]
[2024-04-24 22:57:35,084][root][INFO] - y: [-0.03809032 -0.04126047]
[2024-04-24 22:57:35,085][root][INFO] - Reward: -6.753425873607782
[2024-04-24 22:57:35,086][root][INFO] - --------------- Start iteration i=3 ---------------
[2024-04-24 22:57:35,086][root][INFO] - Length of data.x: 4
[2024-04-24 22:57:35,086][root][INFO] - Length of data.y: 4
[2024-04-24 22:57:35,185][root][INFO] - x: [-0.79123889 -0.29916068  0.54594023]
[2024-04-24 22:57:35,185][root][INFO] - y: [-0.04276292 -0.03669852]
[2024-04-24 22:57:35,186][root][INFO] - Reward: -7.588013927898697
[2024-04-24 22:57:35,186][root][INFO] - --------------- Start iteration i=4 ---------------
[2024-04-24 22:57:35,186][root][INFO] - Length of data.x: 5
[2024-04-24 22:57:35,186][root][INFO] - Length of data.y: 5
[2024-04-24 22:57:35,285][root][INFO] - x: [-0.83400181 -0.33585921  0.59488484]
[2024-04-24 22:57:35,286][root][INFO] - y: [-0.04586914 -0.0243962 ]
[2024-04-24 22:57:35,286][root][INFO] - Reward: -8.47281350131722
[2024-04-24 22:57:35,287][root][INFO] - --------------- Start iteration i=5 ---------------
[2024-04-24 22:57:35,287][root][INFO] - Length of data.x: 6
[2024-04-24 22:57:35,287][root][INFO] - Length of data.y: 6
[2024-04-24 22:58:07,782][root][INFO] - Eval Returns: [-1084.62244355 -1383.26171562 -1343.41002704 -1396.92424261
 -1437.48016568]
[2024-04-24 22:58:07,829][root][INFO] - Eval Returns: mean=-1329.140 std=125.900
[2024-04-24 22:58:07,829][root][INFO] - Eval ndata: 6.000
[2024-04-24 22:58:07,830][root][INFO] - Model MSE (current real MPC): 0.205
[2024-04-24 22:58:08,388][root][INFO] - Model MSE (random test set): 0.005
[2024-04-24 22:58:08,388][root][INFO] - Model MSE (GT MPC): 0.004
[2024-04-24 22:58:08,388][root][INFO] - Model Likelihood (random test set): -1.870
[2024-04-24 22:58:08,388][root][INFO] - Model Likelihood (GT MPC): -1.872
[2024-04-24 22:58:08,388][root][INFO] - *[TIME] [Evaluate the current MPC policy] Elapsed: 33.00 seconds
[2024-04-24 22:58:13,170][root][INFO] - x: [-0.87987095 -0.36025541 -0.83780799]
[2024-04-24 22:58:13,171][root][INFO] - y: [-0.05426804 -0.06596481]
[2024-04-24 22:58:13,171][root][INFO] - Reward: -9.777827025563282
[2024-04-24 22:58:15,464][root][INFO] - --------------- Start iteration i=6 ---------------
[2024-04-24 22:58:15,465][root][INFO] - Length of data.x: 7
[2024-04-24 22:58:15,465][root][INFO] - Length of data.y: 7
[2024-04-24 22:58:15,582][root][INFO] - x: [-0.93413899 -0.42622022 -1.        ]
[2024-04-24 22:58:15,582][root][INFO] - y: [-0.06149489 -0.05675955]
[2024-04-24 22:58:15,582][root][INFO] - Reward: -11.280533960758675
[2024-04-24 22:58:15,583][root][INFO] - --------------- Start iteration i=7 ---------------
[2024-04-24 22:58:15,583][root][INFO] - Length of data.x: 8
[2024-04-24 22:58:15,583][root][INFO] - Length of data.y: 8
[2024-04-24 22:58:15,687][root][INFO] - x: [-0.99563389 -0.48297977 -1.        ]
[2024-04-24 22:58:15,688][root][INFO] - y: [-0.06643326 -0.03878588]
[2024-04-24 22:58:15,688][root][INFO] - Reward: -10.42880154526683
[2024-04-24 22:58:15,689][root][INFO] - --------------- Start iteration i=8 ---------------
[2024-04-24 22:58:15,689][root][INFO] - Length of data.x: 9
[2024-04-24 22:58:15,689][root][INFO] - Length of data.y: 9
[2024-04-24 22:58:15,788][root][INFO] - x: [ 0.93793285 -0.52176565 -1.        ]
[2024-04-24 22:58:15,788][root][INFO] - y: [-0.06889512 -0.01933534]
[2024-04-24 22:58:15,788][root][INFO] - Reward: -9.33164583515774
[2024-04-24 22:58:15,789][root][INFO] - --------------- Start iteration i=9 ---------------
[2024-04-24 22:58:15,789][root][INFO] - Length of data.x: 10
[2024-04-24 22:58:15,790][root][INFO] - Length of data.y: 10
[2024-04-24 22:58:15,888][root][INFO] - x: [ 0.86903774 -0.54110099  0.25964314]
[2024-04-24 22:58:15,888][root][INFO] - y: [-0.06288171  0.04722916]
[2024-04-24 22:58:15,888][root][INFO] - Reward: -7.975422938608546
[2024-04-24 22:58:15,889][root][INFO] - --------------- Start iteration i=10 ---------------
[2024-04-24 22:58:15,889][root][INFO] - Length of data.x: 11
[2024-04-24 22:58:15,889][root][INFO] - Length of data.y: 11
[2024-04-24 22:58:48,183][root][INFO] - Eval Returns: [-767.07705841 -840.51418643 -872.81028768 -875.87352371 -765.94629831]
[2024-04-24 22:58:48,233][root][INFO] - Eval Returns: mean=-824.444 std=48.899
[2024-04-24 22:58:48,234][root][INFO] - Eval ndata: 11.000
[2024-04-24 22:58:48,234][root][INFO] - Model MSE (current real MPC): 0.127
[2024-04-24 22:58:48,794][root][INFO] - Model MSE (random test set): 0.001
[2024-04-24 22:58:48,794][root][INFO] - Model MSE (GT MPC): 0.001
[2024-04-24 22:58:48,794][root][INFO] - Model Likelihood (random test set): -1.852
[2024-04-24 22:58:48,794][root][INFO] - Model Likelihood (GT MPC): -1.851
[2024-04-24 22:58:48,795][root][INFO] - *[TIME] [Evaluate the current MPC policy] Elapsed: 32.81 seconds
[2024-04-24 22:58:52,417][root][INFO] - x: [ 0.80615602 -0.49387183 -0.85304859]
[2024-04-24 22:58:52,418][root][INFO] - y: [-0.06012661  0.0216385 ]
[2024-04-24 22:58:52,418][root][INFO] - Reward: -6.923164553401777
[2024-04-24 22:58:54,348][root][INFO] - --------------- Start iteration i=11 ---------------
[2024-04-24 22:58:54,349][root][INFO] - Length of data.x: 12
[2024-04-24 22:58:54,349][root][INFO] - Length of data.y: 12
[2024-04-24 22:58:54,777][root][INFO] - x: [ 0.74602941 -0.47223333 -0.98971988]
[2024-04-24 22:58:54,778][root][INFO] - y: [-0.05630709  0.0299985 ]
[2024-04-24 22:58:54,778][root][INFO] - Reward: -5.950714428778699
[2024-04-24 22:58:54,779][root][INFO] - --------------- Start iteration i=12 ---------------
[2024-04-24 22:58:54,779][root][INFO] - Length of data.x: 13
[2024-04-24 22:58:54,779][root][INFO] - Length of data.y: 13
[2024-04-24 22:58:54,885][root][INFO] - x: [ 0.68972232 -0.44223483 -0.95875391]
[2024-04-24 22:58:54,885][root][INFO] - y: [-0.0510064   0.04163147]
[2024-04-24 22:58:54,886][root][INFO] - Reward: -5.0571529469388645
[2024-04-24 22:58:54,887][root][INFO] - --------------- Start iteration i=13 ---------------
[2024-04-24 22:58:54,887][root][INFO] - Length of data.x: 14
[2024-04-24 22:58:54,887][root][INFO] - Length of data.y: 14
[2024-04-24 22:58:54,993][root][INFO] - x: [ 0.63871592 -0.40060337 -0.69385857]
[2024-04-24 22:58:54,993][root][INFO] - y: [-0.04349834  0.05896817]
[2024-04-24 22:58:54,994][root][INFO] - Reward: -4.245541988916977
[2024-04-24 22:58:54,995][root][INFO] - --------------- Start iteration i=14 ---------------
[2024-04-24 22:58:54,995][root][INFO] - Length of data.x: 15
[2024-04-24 22:58:54,995][root][INFO] - Length of data.y: 15
[2024-04-24 22:58:55,095][root][INFO] - x: [ 0.59521758 -0.34163519 -1.        ]
[2024-04-24 22:58:55,095][root][INFO] - y: [-0.03686645  0.05208673]
[2024-04-24 22:58:55,096][root][INFO] - Reward: -3.617473519798363
[2024-04-24 22:58:55,096][root][INFO] - --------------- Start iteration i=15 ---------------
[2024-04-24 22:58:55,097][root][INFO] - Length of data.x: 16
[2024-04-24 22:58:55,097][root][INFO] - Length of data.y: 16
[2024-04-24 22:59:33,036][root][INFO] - Eval Returns: [-224.65989401 -123.21625145 -123.37708083 -235.84985456   -1.86982207]
[2024-04-24 22:59:33,097][root][INFO] - Eval Returns: mean=-141.795 std=84.825
[2024-04-24 22:59:33,098][root][INFO] - Eval ndata: 16.000
[2024-04-24 22:59:33,098][root][INFO] - Model MSE (current real MPC): 0.024
[2024-04-24 22:59:33,691][root][INFO] - Model MSE (random test set): 0.000
[2024-04-24 22:59:33,691][root][INFO] - Model MSE (GT MPC): 0.000
[2024-04-24 22:59:33,691][root][INFO] - Model Likelihood (random test set): -1.844
[2024-04-24 22:59:33,691][root][INFO] - Model Likelihood (GT MPC): -1.841
[2024-04-24 22:59:33,692][root][INFO] - *[TIME] [Evaluate the current MPC policy] Elapsed: 38.49 seconds
[2024-04-24 22:59:37,681][root][INFO] - x: [ 0.55835112 -0.28954846 -1.        ]
[2024-04-24 22:59:37,681][root][INFO] - y: [-0.02990448  0.05467919]
[2024-04-24 22:59:37,681][root][INFO] - Reward: -3.113191796745658
[2024-04-24 22:59:39,660][root][INFO] - --------------- Start iteration i=16 ---------------
[2024-04-24 22:59:39,660][root][INFO] - Length of data.x: 17
[2024-04-24 22:59:39,660][root][INFO] - Length of data.y: 17
[2024-04-24 22:59:39,763][root][INFO] - x: [ 0.52844664 -0.23486927 -1.        ]
[2024-04-24 22:59:39,764][root][INFO] - y: [-0.02279015  0.05587588]
[2024-04-24 22:59:39,764][root][INFO] - Reward: -2.7325916386014324
[2024-04-24 22:59:39,765][root][INFO] - --------------- Start iteration i=17 ---------------
[2024-04-24 22:59:39,765][root][INFO] - Length of data.x: 18
[2024-04-24 22:59:39,766][root][INFO] - Length of data.y: 18
[2024-04-24 22:59:39,865][root][INFO] - x: [ 0.50565649 -0.17899339 -1.        ]
[2024-04-24 22:59:39,866][root][INFO] - y: [-0.01563006  0.0562352 ]
[2024-04-24 22:59:39,866][root][INFO] - Reward: -2.470393112898741
[2024-04-24 22:59:39,867][root][INFO] - --------------- Start iteration i=18 ---------------
[2024-04-24 22:59:39,867][root][INFO] - Length of data.x: 19
[2024-04-24 22:59:39,867][root][INFO] - Length of data.y: 19
[2024-04-24 22:59:39,976][root][INFO] - x: [ 0.49002643 -0.1227582  -1.        ]
[2024-04-24 22:59:39,977][root][INFO] - y: [-0.00847395  0.05620398]
[2024-04-24 22:59:39,977][root][INFO] - Reward: -2.321038890671689
[2024-04-24 22:59:39,978][root][INFO] - --------------- Start iteration i=19 ---------------
[2024-04-24 22:59:39,978][root][INFO] - Length of data.x: 20
[2024-04-24 22:59:39,978][root][INFO] - Length of data.y: 20
[2024-04-24 22:59:40,079][root][INFO] - x: [ 0.48155249 -0.06655421  1.        ]
[2024-04-24 22:59:40,080][root][INFO] - y: [0.00821728 0.1310926 ]
[2024-04-24 22:59:40,080][root][INFO] - Reward: -2.398123169239734
[2024-04-24 22:59:40,081][root][INFO] - --------------- Start iteration i=20 ---------------
[2024-04-24 22:59:40,081][root][INFO] - Length of data.x: 21
[2024-04-24 22:59:40,081][root][INFO] - Length of data.y: 21
[2024-04-24 23:00:09,439][root][INFO] - Eval Returns: [-380.75414008 -387.10538968 -383.25888651 -262.02146253 -258.89426871]
[2024-04-24 23:00:09,482][root][INFO] - Eval Returns: mean=-334.407 std=60.421
[2024-04-24 23:00:09,483][root][INFO] - Eval ndata: 21.000
[2024-04-24 23:00:09,483][root][INFO] - Model MSE (current real MPC): 0.052
[2024-04-24 23:00:09,970][root][INFO] - Model MSE (random test set): 0.000
[2024-04-24 23:00:09,970][root][INFO] - Model MSE (GT MPC): 0.000
[2024-04-24 23:00:09,970][root][INFO] - Model Likelihood (random test set): -1.844
[2024-04-24 23:00:09,971][root][INFO] - Model Likelihood (GT MPC): -1.842
[2024-04-24 23:00:09,971][root][INFO] - *[TIME] [Evaluate the current MPC policy] Elapsed: 29.78 seconds
[2024-04-24 23:00:13,100][root][INFO] - x: [0.48976977 0.06453839 1.        ]
[2024-04-24 23:00:13,101][root][INFO] - y: [0.02492239 0.13120159]
[2024-04-24 23:00:13,101][root][INFO] - Reward: -2.863747991489919
[2024-04-24 23:00:14,380][root][INFO] - --------------- Start iteration i=21 ---------------
[2024-04-24 23:00:14,380][root][INFO] - Length of data.x: 22
[2024-04-24 23:00:14,380][root][INFO] - Length of data.y: 22
[2024-04-24 23:00:14,495][root][INFO] - x: [0.51469216 0.19573998 0.72167924]
[2024-04-24 23:00:14,496][root][INFO] - y: [0.04029206 0.12071312]
[2024-04-24 23:00:14,497][root][INFO] - Reward: -3.6829078921051246
[2024-04-24 23:00:14,498][root][INFO] - --------------- Start iteration i=22 ---------------
[2024-04-24 23:00:14,498][root][INFO] - Length of data.x: 23
[2024-04-24 23:00:14,498][root][INFO] - Length of data.y: 23
[2024-04-24 23:00:14,633][root][INFO] - x: [0.55498422 0.3164531  1.        ]
[2024-04-24 23:00:14,634][root][INFO] - y: [0.05682569 0.1298548 ]
[2024-04-24 23:00:14,634][root][INFO] - Reward: -4.973125990221933
[2024-04-24 23:00:14,635][root][INFO] - --------------- Start iteration i=23 ---------------
[2024-04-24 23:00:14,635][root][INFO] - Length of data.x: 24
[2024-04-24 23:00:14,635][root][INFO] - Length of data.y: 24
[2024-04-24 23:00:14,762][root][INFO] - x: [0.6118099  0.4463079  0.61808188]
[2024-04-24 23:00:14,763][root][INFO] - y: [0.07098457 0.11120365]
[2024-04-24 23:00:14,763][root][INFO] - Reward: -6.592062239119716
[2024-04-24 23:00:14,765][root][INFO] - --------------- Start iteration i=24 ---------------
[2024-04-24 23:00:14,765][root][INFO] - Length of data.x: 25
[2024-04-24 23:00:14,765][root][INFO] - Length of data.y: 25
[2024-04-24 23:00:14,891][root][INFO] - x: [0.68279448 0.55751155 1.        ]
[2024-04-24 23:00:14,892][root][INFO] - y: [0.0857811  0.11621169]
[2024-04-24 23:00:14,892][root][INFO] - Reward: -8.739037981877592
[2024-04-24 23:00:14,893][root][INFO] - --------------- Start iteration i=25 ---------------
[2024-04-24 23:00:14,893][root][INFO] - Length of data.x: 26
[2024-04-24 23:00:14,893][root][INFO] - Length of data.y: 26
[2024-04-24 23:00:53,422][root][INFO] - Eval Returns: [-383.73675413 -453.82481682 -372.73260258 -499.11844512 -541.13249647]
[2024-04-24 23:00:53,464][root][INFO] - Eval Returns: mean=-450.109 std=64.951
[2024-04-24 23:00:53,464][root][INFO] - Eval ndata: 26.000
[2024-04-24 23:00:53,464][root][INFO] - Model MSE (current real MPC): 0.068
[2024-04-24 23:00:53,951][root][INFO] - Model MSE (random test set): 0.000
[2024-04-24 23:00:53,952][root][INFO] - Model MSE (GT MPC): 0.000
[2024-04-24 23:00:53,952][root][INFO] - Model Likelihood (random test set): -1.845
[2024-04-24 23:00:53,952][root][INFO] - Model Likelihood (GT MPC): -1.843
[2024-04-24 23:00:53,952][root][INFO] - *[TIME] [Evaluate the current MPC policy] Elapsed: 38.93 seconds
[2024-04-24 23:00:57,450][root][INFO] - x: [0.76857558 0.67372324 0.95134613]
[2024-04-24 23:00:57,450][root][INFO] - y: [0.09825726 0.09798753]
[2024-04-24 23:00:57,451][root][INFO] - Reward: -11.23107337956851
[2024-04-24 23:00:59,297][root][INFO] - --------------- Start iteration i=26 ---------------
[2024-04-24 23:00:59,297][root][INFO] - Length of data.x: 27
[2024-04-24 23:00:59,297][root][INFO] - Length of data.y: 27
[2024-04-24 23:00:59,429][root][INFO] - x: [0.86683285 0.77171077 0.65769523]
[2024-04-24 23:00:59,429][root][INFO] - y: [0.10624689 0.06275041]
[2024-04-24 23:00:59,430][root][INFO] - Reward: -13.803585928010857
[2024-04-24 23:00:59,431][root][INFO] - --------------- Start iteration i=27 ---------------
[2024-04-24 23:00:59,431][root][INFO] - Length of data.x: 28
[2024-04-24 23:00:59,431][root][INFO] - Length of data.y: 28
[2024-04-24 23:00:59,559][root][INFO] - x: [0.97307974 0.83446118 0.13938447]
[2024-04-24 23:00:59,560][root][INFO] - y: [0.10792071 0.01314613]
[2024-04-24 23:00:59,560][root][INFO] - Reward: -12.933557115845721
[2024-04-24 23:00:59,562][root][INFO] - --------------- Start iteration i=28 ---------------
[2024-04-24 23:00:59,562][root][INFO] - Length of data.x: 29
[2024-04-24 23:00:59,562][root][INFO] - Length of data.y: 29
[2024-04-24 23:00:59,686][root][INFO] - x: [-0.91899955  0.84760731  0.1626888 ]
[2024-04-24 23:00:59,687][root][INFO] - y: [ 0.10569265 -0.01749912]
[2024-04-24 23:00:59,687][root][INFO] - Reward: -10.938644193418014
[2024-04-24 23:00:59,689][root][INFO] - --------------- Start iteration i=29 ---------------
[2024-04-24 23:00:59,689][root][INFO] - Length of data.x: 30
[2024-04-24 23:00:59,689][root][INFO] - Length of data.y: 30
[2024-04-24 23:00:59,814][root][INFO] - x: [-0.8133069   0.83010818  0.07614086]
[2024-04-24 23:00:59,815][root][INFO] - y: [ 0.09944975 -0.04903166]
[2024-04-24 23:00:59,815][root][INFO] - Reward: -8.934010644129112
[2024-04-24 23:00:59,816][root][INFO] - --------------- Start iteration i=30 ---------------
[2024-04-24 23:00:59,816][root][INFO] - Length of data.x: 31
[2024-04-24 23:00:59,816][root][INFO] - Length of data.y: 31
[2024-04-24 23:01:38,378][root][INFO] - Eval Returns: [-382.19371885 -497.06904102 -377.94309609 -393.98983558 -381.64471101]
[2024-04-24 23:01:38,431][root][INFO] - Eval Returns: mean=-406.568 std=45.570
[2024-04-24 23:01:38,431][root][INFO] - Eval ndata: 31.000
[2024-04-24 23:01:38,432][root][INFO] - Model MSE (current real MPC): 0.064
[2024-04-24 23:01:39,042][root][INFO] - Model MSE (random test set): 0.000
[2024-04-24 23:01:39,042][root][INFO] - Model MSE (GT MPC): 0.000
[2024-04-24 23:01:39,042][root][INFO] - Model Likelihood (random test set): -1.847
[2024-04-24 23:01:39,042][root][INFO] - Model Likelihood (GT MPC): -1.845
[2024-04-24 23:01:39,042][root][INFO] - *[TIME] [Evaluate the current MPC policy] Elapsed: 39.10 seconds
[2024-04-24 23:01:42,554][root][INFO] - x: [-0.71385715  0.78107653 -0.02884374]
[2024-04-24 23:01:42,554][root][INFO] - y: [ 0.08996959 -0.07445697]
[2024-04-24 23:01:42,555][root][INFO] - Reward: -7.0371973790279
[2024-04-24 23:01:44,031][root][INFO] - --------------- Start iteration i=31 ---------------
[2024-04-24 23:01:44,031][root][INFO] - Length of data.x: 32
[2024-04-24 23:01:44,031][root][INFO] - Length of data.y: 32
[2024-04-24 23:01:44,134][root][INFO] - x: [-0.62388755  0.70661956  0.16762421]
[2024-04-24 23:01:44,135][root][INFO] - y: [ 0.07972604 -0.08045265]
[2024-04-24 23:01:44,135][root][INFO] - Reward: -5.431962323904251
[2024-04-24 23:01:44,137][root][INFO] - --------------- Start iteration i=32 ---------------
[2024-04-24 23:01:44,137][root][INFO] - Length of data.x: 33
[2024-04-24 23:01:44,137][root][INFO] - Length of data.y: 33
[2024-04-24 23:01:44,239][root][INFO] - x: [-0.54416151  0.62616691  0.0680923 ]
[2024-04-24 23:01:44,239][root][INFO] - y: [ 0.06822924 -0.09029573]
[2024-04-24 23:01:44,240][root][INFO] - Reward: -4.073408519643664
[2024-04-24 23:01:44,241][root][INFO] - --------------- Start iteration i=33 ---------------
[2024-04-24 23:01:44,241][root][INFO] - Length of data.x: 34
[2024-04-24 23:01:44,241][root][INFO] - Length of data.y: 34
[2024-04-24 23:01:44,343][root][INFO] - x: [-0.47593227  0.53587118  0.99135871]
[2024-04-24 23:01:44,344][root][INFO] - y: [ 0.06106011 -0.05630619]
[2024-04-24 23:01:44,344][root][INFO] - Reward: -3.17456532118228
[2024-04-24 23:01:44,345][root][INFO] - --------------- Start iteration i=34 ---------------
[2024-04-24 23:01:44,345][root][INFO] - Length of data.x: 35
[2024-04-24 23:01:44,345][root][INFO] - Length of data.y: 35
[2024-04-24 23:01:44,448][root][INFO] - x: [-0.41487216  0.47956499  0.38855942]
[2024-04-24 23:01:44,448][root][INFO] - y: [ 0.05140305 -0.07584634]
[2024-04-24 23:01:44,449][root][INFO] - Reward: -2.3476033695010763
[2024-04-24 23:01:44,450][root][INFO] - --------------- Start iteration i=35 ---------------
[2024-04-24 23:01:44,450][root][INFO] - Length of data.x: 36
[2024-04-24 23:01:44,450][root][INFO] - Length of data.y: 36
[2024-04-24 23:02:16,696][root][INFO] - Eval Returns: [-234.24271718 -232.08155713 -123.73323172 -126.831155   -126.20376127]
[2024-04-24 23:02:16,743][root][INFO] - Eval Returns: mean=-168.618 std=52.714
[2024-04-24 23:02:16,743][root][INFO] - Eval ndata: 36.000
[2024-04-24 23:02:16,743][root][INFO] - Model MSE (current real MPC): 0.028
[2024-04-24 23:02:17,303][root][INFO] - Model MSE (random test set): 0.000
[2024-04-24 23:02:17,303][root][INFO] - Model MSE (GT MPC): 0.000
[2024-04-24 23:02:17,303][root][INFO] - Model Likelihood (random test set): -1.846
[2024-04-24 23:02:17,303][root][INFO] - Model Likelihood (GT MPC): -1.842
[2024-04-24 23:02:17,304][root][INFO] - *[TIME] [Evaluate the current MPC policy] Elapsed: 32.75 seconds
[2024-04-24 23:02:20,349][root][INFO] - x: [-0.36346911  0.40371865  0.70861351]
[2024-04-24 23:02:20,349][root][INFO] - y: [ 0.04393111 -0.05868452]
[2024-04-24 23:02:20,349][root][INFO] - Reward: -1.771650672069736
[2024-04-24 23:02:21,921][root][INFO] - --------------- Start iteration i=36 ---------------
[2024-04-24 23:02:21,921][root][INFO] - Length of data.x: 37
[2024-04-24 23:02:21,921][root][INFO] - Length of data.y: 37
[2024-04-24 23:02:22,029][root][INFO] - x: [-0.319538    0.34503413  0.86476681]
[2024-04-24 23:02:22,030][root][INFO] - y: [ 0.03799094 -0.046654  ]
[2024-04-24 23:02:22,030][root][INFO] - Reward: -1.355139032301993
[2024-04-24 23:02:22,032][root][INFO] - --------------- Start iteration i=37 ---------------
[2024-04-24 23:02:22,032][root][INFO] - Length of data.x: 38
[2024-04-24 23:02:22,032][root][INFO] - Length of data.y: 38
[2024-04-24 23:02:22,142][root][INFO] - x: [-0.28154706  0.29838013  1.        ]
[2024-04-24 23:02:22,142][root][INFO] - y: [ 0.03353139 -0.0350252 ]
[2024-04-24 23:02:22,143][root][INFO] - Reward: -1.0549741531759547
[2024-04-24 23:02:22,144][root][INFO] - --------------- Start iteration i=38 ---------------
[2024-04-24 23:02:22,144][root][INFO] - Length of data.x: 39
[2024-04-24 23:02:22,144][root][INFO] - Length of data.y: 39
[2024-04-24 23:02:22,251][root][INFO] - x: [-0.24801567  0.26335493  0.53058579]
[2024-04-24 23:02:22,252][root][INFO] - y: [ 0.02767707 -0.04597975]
[2024-04-24 23:02:22,252][root][INFO] - Reward: -0.782699131512318
[2024-04-24 23:02:22,253][root][INFO] - --------------- Start iteration i=39 ---------------
[2024-04-24 23:02:22,253][root][INFO] - Length of data.x: 40
[2024-04-24 23:02:22,253][root][INFO] - Length of data.y: 40
[2024-04-24 23:02:22,358][root][INFO] - x: [-0.22033861  0.21737517  0.30335406]
[2024-04-24 23:02:22,358][root][INFO] - y: [ 0.02150701 -0.04845953]
[2024-04-24 23:02:22,358][root][INFO] - Reward: -0.5731610777813573
[2024-04-24 23:02:22,360][root][INFO] - --------------- Start iteration i=40 ---------------
[2024-04-24 23:02:22,360][root][INFO] - Length of data.x: 41
[2024-04-24 23:02:22,360][root][INFO] - Length of data.y: 41
[2024-04-24 23:02:58,441][root][INFO] - Eval Returns: [-127.4864964  -115.02984019 -125.18480886 -118.21513632 -121.60828634]
[2024-04-24 23:02:58,488][root][INFO] - Eval Returns: mean=-121.505 std=4.518
[2024-04-24 23:02:58,488][root][INFO] - Eval ndata: 41.000
[2024-04-24 23:02:58,488][root][INFO] - Model MSE (current real MPC): 0.020
[2024-04-24 23:02:59,069][root][INFO] - Model MSE (random test set): 0.000
[2024-04-24 23:02:59,070][root][INFO] - Model MSE (GT MPC): 0.000
[2024-04-24 23:02:59,070][root][INFO] - Model Likelihood (random test set): -1.846
[2024-04-24 23:02:59,070][root][INFO] - Model Likelihood (GT MPC): -1.842
[2024-04-24 23:02:59,070][root][INFO] - *[TIME] [Evaluate the current MPC policy] Elapsed: 36.61 seconds
[2024-04-24 23:03:02,165][root][INFO] - x: [-0.1988316   0.16891564  0.89290149]
[2024-04-24 23:03:02,166][root][INFO] - y: [ 0.01878962 -0.02134229]
[2024-04-24 23:03:02,166][root][INFO] - Reward: -0.4624919861706857
[2024-04-24 23:03:03,658][root][INFO] - --------------- Start iteration i=41 ---------------
[2024-04-24 23:03:03,658][root][INFO] - Length of data.x: 42
[2024-04-24 23:03:03,658][root][INFO] - Length of data.y: 42
[2024-04-24 23:03:03,786][root][INFO] - x: [-0.18004198  0.14757335  0.97207981]
[2024-04-24 23:03:03,787][root][INFO] - y: [ 0.01703367 -0.01379121]
[2024-04-24 23:03:03,787][root][INFO] - Reward: -0.38057705667074165
[2024-04-24 23:03:03,789][root][INFO] - --------------- Start iteration i=42 ---------------
[2024-04-24 23:03:03,789][root][INFO] - Length of data.x: 43
[2024-04-24 23:03:03,789][root][INFO] - Length of data.y: 43
[2024-04-24 23:03:03,912][root][INFO] - x: [-0.16300831  0.13378214  0.91947926]
[2024-04-24 23:03:03,913][root][INFO] - y: [ 0.01557475 -0.01145833]
[2024-04-24 23:03:03,913][root][INFO] - Reward: -0.3136778869045124
[2024-04-24 23:03:03,915][root][INFO] - --------------- Start iteration i=43 ---------------
[2024-04-24 23:03:03,915][root][INFO] - Length of data.x: 44
[2024-04-24 23:03:03,915][root][INFO] - Length of data.y: 44
[2024-04-24 23:03:04,034][root][INFO] - x: [-0.14743356  0.12232381  0.53651342]
[2024-04-24 23:03:04,034][root][INFO] - y: [ 0.01280323 -0.02176749]
[2024-04-24 23:03:04,034][root][INFO] - Reward: -0.2447552621293466
[2024-04-24 23:03:04,036][root][INFO] - --------------- Start iteration i=44 ---------------
[2024-04-24 23:03:04,036][root][INFO] - Length of data.x: 45
[2024-04-24 23:03:04,036][root][INFO] - Length of data.y: 45
[2024-04-24 23:03:04,154][root][INFO] - x: [-0.13463033  0.10055632  0.11402637]
[2024-04-24 23:03:04,155][root][INFO] - y: [ 0.00844821 -0.03420423]
[2024-04-24 23:03:04,155][root][INFO] - Reward: -0.1853717802079008
[2024-04-24 23:03:04,157][root][INFO] - --------------- Start iteration i=45 ---------------
[2024-04-24 23:03:04,157][root][INFO] - Length of data.x: 46
[2024-04-24 23:03:04,157][root][INFO] - Length of data.y: 46
[2024-04-24 23:03:39,355][root][INFO] - Eval Returns: [-334.48471081   -3.05092129 -344.94108335 -243.41706227 -114.83034145]
[2024-04-24 23:03:39,406][root][INFO] - Eval Returns: mean=-208.145 std=131.674
[2024-04-24 23:03:39,406][root][INFO] - Eval ndata: 46.000
[2024-04-24 23:03:39,406][root][INFO] - Model MSE (current real MPC): 0.036
[2024-04-24 23:03:39,929][root][INFO] - Model MSE (random test set): 0.000
[2024-04-24 23:03:39,929][root][INFO] - Model MSE (GT MPC): 0.000
[2024-04-24 23:03:39,929][root][INFO] - Model Likelihood (random test set): -1.846
[2024-04-24 23:03:39,929][root][INFO] - Model Likelihood (GT MPC): -1.842
[2024-04-24 23:03:39,929][root][INFO] - *[TIME] [Evaluate the current MPC policy] Elapsed: 35.65 seconds
[2024-04-24 23:03:42,896][root][INFO] - x: [-0.12618212  0.0663521   0.67334131]
[2024-04-24 23:03:42,897][root][INFO] - y: [ 0.00705431 -0.01094769]
[2024-04-24 23:03:42,897][root][INFO] - Reward: -0.16152316226296243
[2024-04-24 23:03:44,566][root][INFO] - --------------- Start iteration i=46 ---------------
[2024-04-24 23:03:44,566][root][INFO] - Length of data.x: 47
[2024-04-24 23:03:44,566][root][INFO] - Length of data.y: 47
[2024-04-24 23:03:44,679][root][INFO] - x: [-0.11912781  0.05540441  0.88620977]
[2024-04-24 23:03:44,680][root][INFO] - y: [ 0.00692191 -0.00103984]
[2024-04-24 23:03:44,681][root][INFO] - Reward: -0.14631665176608577
[2024-04-24 23:03:44,682][root][INFO] - --------------- Start iteration i=47 ---------------
[2024-04-24 23:03:44,683][root][INFO] - Length of data.x: 48
[2024-04-24 23:03:44,683][root][INFO] - Length of data.y: 48
[2024-04-24 23:03:44,796][root][INFO] - x: [-0.1122059   0.05436457  0.67246717]
[2024-04-24 23:03:44,797][root][INFO] - y: [ 0.00601159 -0.00714968]
[2024-04-24 23:03:44,797][root][INFO] - Reward: -0.1273778446394421
[2024-04-24 23:03:44,799][root][INFO] - --------------- Start iteration i=48 ---------------
[2024-04-24 23:03:44,799][root][INFO] - Length of data.x: 49
[2024-04-24 23:03:44,799][root][INFO] - Length of data.y: 49
[2024-04-24 23:03:44,919][root][INFO] - x: [-0.10619431  0.0472149   0.59526998]
[2024-04-24 23:03:44,919][root][INFO] - y: [ 0.00494497 -0.00837721]
[2024-04-24 23:03:44,920][root][INFO] - Reward: -0.11224848454621537
[2024-04-24 23:03:44,922][root][INFO] - --------------- Start iteration i=49 ---------------
[2024-04-24 23:03:44,922][root][INFO] - Length of data.x: 50
[2024-04-24 23:03:44,922][root][INFO] - Length of data.y: 50
[2024-04-24 23:03:45,033][root][INFO] - x: [-0.10124934  0.03883769  1.        ]
[2024-04-24 23:03:45,033][root][INFO] - y: [0.00598647 0.00817993]
[2024-04-24 23:03:45,034][root][INFO] - Reward: -0.10771501293088372
[2024-04-24 23:03:45,035][root][INFO] - --------------- Start iteration i=50 ---------------
[2024-04-24 23:03:45,035][root][INFO] - Length of data.x: 51
[2024-04-24 23:03:45,035][root][INFO] - Length of data.y: 51
[2024-04-24 23:04:27,358][root][INFO] - Eval Returns: [  -0.60085366 -241.17256839   -3.67696371 -356.10965432 -117.31777307]
[2024-04-24 23:04:27,409][root][INFO] - Eval Returns: mean=-143.776 std=138.129
[2024-04-24 23:04:27,409][root][INFO] - Eval ndata: 51.000
[2024-04-24 23:04:27,409][root][INFO] - Model MSE (current real MPC): 0.024
[2024-04-24 23:04:28,023][root][INFO] - Model MSE (random test set): 0.000
[2024-04-24 23:04:28,023][root][INFO] - Model MSE (GT MPC): 0.000
[2024-04-24 23:04:28,023][root][INFO] - Model Likelihood (random test set): -1.847
[2024-04-24 23:04:28,023][root][INFO] - Model Likelihood (GT MPC): -1.842
[2024-04-24 23:04:28,023][root][INFO] - *[TIME] [Evaluate the current MPC policy] Elapsed: 42.88 seconds
