[2024-04-19 19:04:55,759][root][INFO] - Dumper dumping to /trajectory-information-rl/experiments/mpc_cartpole_2024-04-19/19-04-50/seed_2
[2024-04-19 19:04:55,763][root][INFO] - Start obs: None
[2024-04-19 19:05:09,420][root][INFO] - GT Returns: [-10.88630875 -12.51132615 -12.49473669 -10.54682605 -11.55997436]
[2024-04-19 19:05:09,420][root][INFO] - GT Returns: mean=-11.600 std=0.806
[2024-04-19 19:05:09,420][root][INFO] - Path Lengths: [36345, 36345, 36345, 36345, 36345]
[2024-04-19 19:05:09,420][root][INFO] - Path Lengths: mean=36345.000 std=0.000
[2024-04-19 19:05:09,481][root][INFO] - all_x.shape = (181725, 5)
[2024-04-19 19:05:09,486][root][INFO] - all_x.min(axis=0) = [-0.98496747 -1.52261701 -0.99999374 -0.9175622  -1.        ]
[2024-04-19 19:05:09,490][root][INFO] - all_x.max(axis=0) = [1.04656689 1.52413618 0.99996403 0.88923481 1.        ]
[2024-04-19 19:05:09,493][root][INFO] - all_x.mean(axis=0) = [-0.00158964  0.00722676 -0.00763863 -0.03146003  0.00585893]
[2024-04-19 19:05:09,500][root][INFO] - all_x.var(axis=0) = [0.01301079 0.0557793  0.24646221 0.08986324 0.2172402 ]
[2024-04-19 19:05:09,535][root][INFO] - --------------- Start iteration i=0 ---------------
[2024-04-19 19:05:09,535][root][INFO] - Length of data.x: 1
[2024-04-19 19:05:09,535][root][INFO] - Length of data.y: 1
[2024-04-19 19:05:14,887][root][INFO] - Eval Returns: [-24.99967886 -24.96486055 -24.99788999 -24.99997844 -24.99997331]
[2024-04-19 19:05:14,892][root][INFO] - Eval Returns: mean=-24.992 std=0.014
[2024-04-19 19:05:14,892][root][INFO] - Eval ndata: 1.000
[2024-04-19 19:05:14,892][root][INFO] - Model MSE (current real MPC): 0.426
[2024-04-19 19:05:15,884][root][INFO] - Model MSE (random test set): 0.380
[2024-04-19 19:05:15,884][root][INFO] - Model MSE (GT MPC): 0.100
[2024-04-19 19:05:15,884][root][INFO] - Model Likelihood (random test set): -4.125
[2024-04-19 19:05:15,885][root][INFO] - Model Likelihood (GT MPC): -3.934
[2024-04-19 19:05:15,885][root][INFO] - *[TIME] [Evaluate the current MPC policy] Elapsed: 6.16 seconds
[2024-04-19 19:05:17,619][root][INFO] - x: [ 4.78776158e-04 -5.98215596e-04 -9.97924347e-01  1.38173802e-03
 -5.96648641e-01]
[2024-04-19 19:05:17,620][root][INFO] - y: [-5.98215596e-05 -9.50674181e-02  1.09955307e-03  9.44248035e-02]
[2024-04-19 19:05:17,620][root][INFO] - Reward: -0.9999900650568878
[2024-04-19 19:05:19,389][root][INFO] - --------------- Start iteration i=1 ---------------
[2024-04-19 19:05:19,389][root][INFO] - Length of data.x: 2
[2024-04-19 19:05:19,389][root][INFO] - Length of data.y: 2
[2024-04-19 19:05:19,550][root][INFO] - x: [ 4.18954599e-04 -9.56656337e-02 -9.96824794e-01  9.58065415e-02
  1.00000000e+00]
[2024-04-19 19:05:19,550][root][INFO] - y: [-0.00956656  0.16224618  0.07624048 -0.1632179 ]
[2024-04-19 19:05:19,550][root][INFO] - Reward: -0.9999910640771822
[2024-04-19 19:05:19,550][root][INFO] - --------------- Start iteration i=2 ---------------
[2024-04-19 19:05:19,550][root][INFO] - Length of data.x: 3
[2024-04-19 19:05:19,550][root][INFO] - Length of data.y: 3
[2024-04-19 19:05:19,703][root][INFO] - x: [-0.00914761  0.06658055 -0.92058431 -0.06741136  1.        ]
[2024-04-19 19:05:19,704][root][INFO] - y: [ 0.00665805  0.16854996 -0.0536443  -0.18757816]
[2024-04-19 19:05:19,704][root][INFO] - Reward: -0.9999901241519972
[2024-04-19 19:05:19,704][root][INFO] - --------------- Start iteration i=3 ---------------
[2024-04-19 19:05:19,704][root][INFO] - Length of data.x: 4
[2024-04-19 19:05:19,704][root][INFO] - Length of data.y: 4
[2024-04-19 19:05:19,861][root][INFO] - x: [-0.00248955  0.23513051 -0.97422861 -0.25498952 -0.07056321]
[2024-04-19 19:05:19,862][root][INFO] - y: [ 0.02351305 -0.00240517 -0.20291438 -0.00554485]
[2024-04-19 19:05:19,862][root][INFO] - Reward: -0.9999942741455937
[2024-04-19 19:05:19,862][root][INFO] - --------------- Start iteration i=4 ---------------
[2024-04-19 19:05:19,862][root][INFO] - Length of data.x: 5
[2024-04-19 19:05:19,862][root][INFO] - Length of data.y: 5
[2024-04-19 19:05:20,012][root][INFO] - x: [ 0.0210235   0.23272534  0.82285701 -0.26053437 -0.52388333]
[2024-04-19 19:05:20,012][root][INFO] - y: [ 0.02327253 -0.14369739 -0.20732683  0.17388582]
[2024-04-19 19:05:20,012][root][INFO] - Reward: -0.999998407303957
[2024-04-19 19:05:20,013][root][INFO] - --------------- Start iteration i=5 ---------------
[2024-04-19 19:05:20,013][root][INFO] - Length of data.x: 6
[2024-04-19 19:05:20,013][root][INFO] - Length of data.y: 6
[2024-04-19 19:05:20,164][root][INFO] - x: [ 0.04429603  0.08902795  0.61553018 -0.08664856  1.        ]
[2024-04-19 19:05:20,164][root][INFO] - y: [ 0.0089028   0.08429149 -0.06895279  0.06187662]
[2024-04-19 19:05:20,164][root][INFO] - Reward: -0.9999990959983424
[2024-04-19 19:05:20,164][root][INFO] - --------------- Start iteration i=6 ---------------
[2024-04-19 19:05:20,164][root][INFO] - Length of data.x: 7
[2024-04-19 19:05:20,164][root][INFO] - Length of data.y: 7
[2024-04-19 19:05:20,314][root][INFO] - x: [ 0.05319883  0.17331945  0.54657739 -0.02477193 -1.        ]
[2024-04-19 19:05:20,314][root][INFO] - y: [ 0.01733194 -0.10847901 -0.01971289  0.11296728]
[2024-04-19 19:05:20,314][root][INFO] - Reward: -0.9999999574280584
[2024-04-19 19:05:20,315][root][INFO] - --------------- Start iteration i=7 ---------------
[2024-04-19 19:05:20,315][root][INFO] - Length of data.x: 8
[2024-04-19 19:05:20,315][root][INFO] - Length of data.y: 8
[2024-04-19 19:05:20,465][root][INFO] - x: [0.07053077 0.06484044 0.5268645  0.08819535 0.93708268]
[2024-04-19 19:05:20,466][root][INFO] - y: [0.00648404 0.08292136 0.07018368 0.09086056]
[2024-04-19 19:05:20,466][root][INFO] - Reward: -0.9999999957930534
[2024-04-19 19:05:20,466][root][INFO] - --------------- Start iteration i=8 ---------------
[2024-04-19 19:05:20,466][root][INFO] - Length of data.x: 9
[2024-04-19 19:05:20,466][root][INFO] - Length of data.y: 9
[2024-04-19 19:05:20,617][root][INFO] - x: [ 0.07701482  0.1477618   0.59704818  0.1790559  -1.        ]
[2024-04-19 19:05:20,617][root][INFO] - y: [ 0.01477618 -0.14561351  0.14248828  0.13738186]
[2024-04-19 19:05:20,617][root][INFO] - Reward: -0.9999999998831053
[2024-04-19 19:05:20,617][root][INFO] - --------------- Start iteration i=9 ---------------
[2024-04-19 19:05:20,617][root][INFO] - Length of data.x: 10
[2024-04-19 19:05:20,617][root][INFO] - Length of data.y: 10
[2024-04-19 19:05:20,770][root][INFO] - x: [0.091791   0.00214829 0.73953646 0.31643777 0.4439204 ]
[2024-04-19 19:05:20,770][root][INFO] - y: [ 2.14829030e-04 -5.15596765e-02  2.51813376e-01  1.06922848e-01]
[2024-04-19 19:05:20,770][root][INFO] - Reward: -0.9999999910351128
[2024-04-19 19:05:20,771][root][INFO] - --------------- Start iteration i=10 ---------------
[2024-04-19 19:05:20,771][root][INFO] - Length of data.x: 11
[2024-04-19 19:05:20,771][root][INFO] - Length of data.y: 11
[2024-04-19 19:05:26,691][root][INFO] - Eval Returns: [-23.97811081 -21.82295226 -24.04680077 -20.5225211  -23.04980855]
[2024-04-19 19:05:26,695][root][INFO] - Eval Returns: mean=-22.684 std=1.348
[2024-04-19 19:05:26,695][root][INFO] - Eval ndata: 11.000
[2024-04-19 19:05:26,695][root][INFO] - Model MSE (current real MPC): 0.428
[2024-04-19 19:05:27,730][root][INFO] - Model MSE (random test set): 0.148
[2024-04-19 19:05:27,730][root][INFO] - Model MSE (GT MPC): 0.030
[2024-04-19 19:05:27,730][root][INFO] - Model Likelihood (random test set): -3.786
[2024-04-19 19:05:27,730][root][INFO] - Model Likelihood (GT MPC): -3.705
[2024-04-19 19:05:27,730][root][INFO] - *[TIME] [Evaluate the current MPC policy] Elapsed: 6.81 seconds
[2024-04-19 19:05:29,980][root][INFO] - x: [ 0.09200582 -0.04941139  0.99134984  0.42336061 -0.4974818 ]
[2024-04-19 19:05:29,980][root][INFO] - y: [-0.00494114 -0.08767408  0.33689994  0.09031023]
[2024-04-19 19:05:29,980][root][INFO] - Reward: -0.9995058775325122
[2024-04-19 19:05:31,529][root][INFO] - --------------- Start iteration i=11 ---------------
[2024-04-19 19:05:31,529][root][INFO] - Length of data.x: 12
[2024-04-19 19:05:31,530][root][INFO] - Length of data.y: 12
[2024-04-19 19:05:31,697][root][INFO] - x: [ 0.08706469 -0.13708546 -0.67175022  0.51367084  0.4218365 ]
[2024-04-19 19:05:31,697][root][INFO] - y: [-0.01370855  0.30189165  0.4087666  -0.23935018]
[2024-04-19 19:05:31,697][root][INFO] - Reward: -0.6257916214991028
[2024-04-19 19:05:31,698][root][INFO] - --------------- Start iteration i=12 ---------------
[2024-04-19 19:05:31,698][root][INFO] - Length of data.x: 13
[2024-04-19 19:05:31,698][root][INFO] - Length of data.y: 13
[2024-04-19 19:05:32,019][root][INFO] - x: [ 0.07335614  0.16480618 -0.26298362  0.27432066 -1.        ]
[2024-04-19 19:05:32,019][root][INFO] - y: [ 0.01648062 -0.08229403  0.21829762 -0.12798103]
[2024-04-19 19:05:32,019][root][INFO] - Reward: -0.9950403794860628
[2024-04-19 19:05:32,019][root][INFO] - --------------- Start iteration i=13 ---------------
[2024-04-19 19:05:32,020][root][INFO] - Length of data.x: 14
[2024-04-19 19:05:32,020][root][INFO] - Length of data.y: 14
[2024-04-19 19:05:32,180][root][INFO] - x: [ 0.08983676  0.08251216 -0.044686    0.14633963 -0.5719248 ]
[2024-04-19 19:05:32,180][root][INFO] - y: [ 0.00825122 -0.09537621  0.11645347 -0.10817849]
[2024-04-19 19:05:32,180][root][INFO] - Reward: -0.9999521725583299
[2024-04-19 19:05:32,181][root][INFO] - --------------- Start iteration i=14 ---------------
[2024-04-19 19:05:32,181][root][INFO] - Length of data.x: 15
[2024-04-19 19:05:32,181][root][INFO] - Length of data.y: 15
[2024-04-19 19:05:32,353][root][INFO] - x: [ 0.09808797 -0.01286405  0.07176747  0.03816114 -1.        ]
[2024-04-19 19:05:32,353][root][INFO] - y: [-0.00128641 -0.14315114  0.03036769 -0.1175746 ]
[2024-04-19 19:05:32,353][root][INFO] - Reward: -0.9999779303816513
[2024-04-19 19:05:32,353][root][INFO] - --------------- Start iteration i=15 ---------------
[2024-04-19 19:05:32,353][root][INFO] - Length of data.x: 16
[2024-04-19 19:05:32,353][root][INFO] - Length of data.y: 16
[2024-04-19 19:05:32,512][root][INFO] - x: [ 0.09680157 -0.15601519  0.10213517 -0.07941346 -0.49839196]
[2024-04-19 19:05:32,512][root][INFO] - y: [-0.01560152 -0.05907021 -0.06319527 -0.02508418]
[2024-04-19 19:05:32,512][root][INFO] - Reward: -0.9981059554270546
[2024-04-19 19:05:32,513][root][INFO] - --------------- Start iteration i=16 ---------------
[2024-04-19 19:05:32,513][root][INFO] - Length of data.x: 17
[2024-04-19 19:05:32,513][root][INFO] - Length of data.y: 17
[2024-04-19 19:05:32,667][root][INFO] - x: [ 0.08120005 -0.2150854   0.0389399  -0.10449764  0.2293144 ]
[2024-04-19 19:05:32,668][root][INFO] - y: [-0.02150854  0.04486819 -0.08315665  0.05651605]
[2024-04-19 19:05:32,668][root][INFO] - Reward: -0.8790634864590352
[2024-04-19 19:05:32,668][root][INFO] - --------------- Start iteration i=17 ---------------
[2024-04-19 19:05:32,668][root][INFO] - Length of data.x: 18
[2024-04-19 19:05:32,668][root][INFO] - Length of data.y: 18
[2024-04-19 19:05:32,823][root][INFO] - x: [ 0.05969151 -0.17021721 -0.04421675 -0.04798159 -0.06479543]
[2024-04-19 19:05:32,824][root][INFO] - y: [-0.01702172 -0.01507199 -0.03818256 -0.02852403]
[2024-04-19 19:05:32,824][root][INFO] - Reward: -0.45113368067667403
[2024-04-19 19:05:32,824][root][INFO] - --------------- Start iteration i=18 ---------------
[2024-04-19 19:05:32,824][root][INFO] - Length of data.x: 19
[2024-04-19 19:05:32,824][root][INFO] - Length of data.y: 19
[2024-04-19 19:05:32,980][root][INFO] - x: [ 0.04266979 -0.18528921 -0.08239931 -0.07650562  0.94538744]
[2024-04-19 19:05:32,980][root][INFO] - y: [-0.01852892  0.13652632 -0.06088129  0.10683985]
[2024-04-19 19:05:32,980][root][INFO] - Reward: -0.031165173781488087
[2024-04-19 19:05:32,981][root][INFO] - --------------- Start iteration i=19 ---------------
[2024-04-19 19:05:32,981][root][INFO] - Length of data.x: 20
[2024-04-19 19:05:32,981][root][INFO] - Length of data.y: 20
[2024-04-19 19:05:33,138][root][INFO] - x: [ 0.02414087 -0.04876289 -0.1432806   0.03033423  0.31777777]
[2024-04-19 19:05:33,138][root][INFO] - y: [-0.00487629  0.02617118  0.02413923 -0.01916072]
[2024-04-19 19:05:33,138][root][INFO] - Reward: -0.019328520573927976
[2024-04-19 19:05:33,138][root][INFO] - --------------- Start iteration i=20 ---------------
[2024-04-19 19:05:33,138][root][INFO] - Length of data.x: 21
[2024-04-19 19:05:33,138][root][INFO] - Length of data.y: 21
[2024-04-19 19:05:39,569][root][INFO] - Eval Returns: [-23.98907973 -23.95229683 -19.09983842 -14.64428332 -21.55820604]
[2024-04-19 19:05:39,574][root][INFO] - Eval Returns: mean=-20.649 std=3.503
[2024-04-19 19:05:39,574][root][INFO] - Eval ndata: 21.000
[2024-04-19 19:05:39,574][root][INFO] - Model MSE (current real MPC): 0.363
[2024-04-19 19:05:40,594][root][INFO] - Model MSE (random test set): 0.114
[2024-04-19 19:05:40,595][root][INFO] - Model MSE (GT MPC): 0.011
[2024-04-19 19:05:40,595][root][INFO] - Model Likelihood (random test set): -3.831
[2024-04-19 19:05:40,595][root][INFO] - Model Likelihood (GT MPC): -3.710
[2024-04-19 19:05:40,595][root][INFO] - *[TIME] [Evaluate the current MPC policy] Elapsed: 7.30 seconds
[2024-04-19 19:05:42,569][root][INFO] - x: [ 0.01926458 -0.02259171 -0.11914136  0.01117351  0.40129338]
[2024-04-19 19:05:42,569][root][INFO] - y: [-0.00225917  0.04127578  0.00889161  0.00251472]
[2024-04-19 19:05:42,569][root][INFO] - Reward: -0.019021942619692256
[2024-04-19 19:05:44,256][root][INFO] - --------------- Start iteration i=21 ---------------
[2024-04-19 19:05:44,256][root][INFO] - Length of data.x: 22
[2024-04-19 19:05:44,256][root][INFO] - Length of data.y: 22
[2024-04-19 19:05:44,419][root][INFO] - x: [ 0.01700541  0.01868407 -0.11024976  0.01368823  0.28814947]
[2024-04-19 19:05:44,420][root][INFO] - y: [ 0.00186841  0.0253345   0.01089276 -0.00950652]
[2024-04-19 19:05:44,420][root][INFO] - Reward: -0.00686159904044048
[2024-04-19 19:05:44,420][root][INFO] - --------------- Start iteration i=22 ---------------
[2024-04-19 19:05:44,420][root][INFO] - Length of data.x: 23
[2024-04-19 19:05:44,420][root][INFO] - Length of data.y: 23
[2024-04-19 19:05:44,579][root][INFO] - x: [ 0.01887382  0.04401857 -0.099357    0.00418171  0.15823183]
[2024-04-19 19:05:44,579][root][INFO] - y: [ 0.00440186  0.00700478  0.0033277  -0.02349042]
[2024-04-19 19:05:44,580][root][INFO] - Reward: -0.029183789971557794
[2024-04-19 19:05:44,580][root][INFO] - --------------- Start iteration i=23 ---------------
[2024-04-19 19:05:44,580][root][INFO] - Length of data.x: 24
[2024-04-19 19:05:44,580][root][INFO] - Length of data.y: 24
[2024-04-19 19:05:44,743][root][INFO] - x: [ 0.02327567  0.05102335 -0.0960293  -0.01930871  0.19792104]
[2024-04-19 19:05:44,743][root][INFO] - y: [ 0.00510233  0.01358153 -0.0153654  -0.01620994]
[2024-04-19 19:05:44,743][root][INFO] - Reward: -0.05760900440269512
[2024-04-19 19:05:44,743][root][INFO] - --------------- Start iteration i=24 ---------------
[2024-04-19 19:05:44,743][root][INFO] - Length of data.x: 25
[2024-04-19 19:05:44,743][root][INFO] - Length of data.y: 25
[2024-04-19 19:05:44,905][root][INFO] - x: [ 0.02837801  0.06460488 -0.11139469 -0.03551865  0.30711898]
[2024-04-19 19:05:44,905][root][INFO] - y: [ 0.00646049  0.02781563 -0.02826487 -0.00753889]
[2024-04-19 19:05:44,906][root][INFO] - Reward: -0.09133012072353042
[2024-04-19 19:05:44,906][root][INFO] - Explore episode complete with return -17.203034230007045, resetting
[2024-04-19 19:05:44,906][root][INFO] - Exploration Episode Rewards: [-0.9999900650568878, -0.9999910640771822, -0.9999901241519972, -0.9999942741455937, -0.999998407303957, -0.9999990959983424, -0.9999999574280584, -0.9999999957930534, -0.9999999998831053, -0.9999999910351128, -0.9995058775325122, -0.6257916214991028, -0.9950403794860628, -0.9999521725583299, -0.9999779303816513, -0.9981059554270546, -0.8790634864590352, -0.45113368067667403, -0.031165173781488087, -0.019328520573927976, -0.019021942619692256, -0.00686159904044048, -0.029183789971557794, -0.05760900440269512, -0.09133012072353042]
[2024-04-19 19:05:44,906][root][INFO] - --------------- Start iteration i=25 ---------------
[2024-04-19 19:05:44,906][root][INFO] - Length of data.x: 26
[2024-04-19 19:05:44,906][root][INFO] - Length of data.y: 26
[2024-04-19 19:05:45,067][root][INFO] - x: [ 1.70193570e-03 -6.59330355e-04  9.94909618e-01  2.95679844e-04
 -2.14824591e-01]
[2024-04-19 19:05:45,068][root][INFO] - y: [-6.59330355e-05 -3.52982008e-02  2.35294734e-04  3.68642717e-02]
[2024-04-19 19:05:45,068][root][INFO] - Reward: -0.9999901088170976
[2024-04-19 19:05:45,068][root][INFO] - --------------- Start iteration i=26 ---------------
[2024-04-19 19:05:45,068][root][INFO] - Length of data.x: 27
[2024-04-19 19:05:45,068][root][INFO] - Length of data.y: 27
[2024-04-19 19:05:45,229][root][INFO] - x: [ 0.001636   -0.03595753  0.99514491  0.03715995 -0.37660174]
[2024-04-19 19:05:45,229][root][INFO] - y: [-0.00359575 -0.06060279  0.02957097  0.06209374]
[2024-04-19 19:05:45,229][root][INFO] - Reward: -0.9999900735768975
[2024-04-19 19:05:45,229][root][INFO] - --------------- Start iteration i=27 ---------------
[2024-04-19 19:05:45,229][root][INFO] - Length of data.x: 28
[2024-04-19 19:05:45,229][root][INFO] - Length of data.y: 28
[2024-04-19 19:05:45,389][root][INFO] - x: [-0.00195975 -0.09656032 -0.97528411  0.0992537  -0.36517411]
[2024-04-19 19:05:45,390][root][INFO] - y: [-0.00965603 -0.05099575  0.07898365  0.04322455]
[2024-04-19 19:05:45,390][root][INFO] - Reward: -0.9999915543593603
[2024-04-19 19:05:45,390][root][INFO] - --------------- Start iteration i=28 ---------------
[2024-04-19 19:05:45,390][root][INFO] - Length of data.x: 29
[2024-04-19 19:05:45,390][root][INFO] - Length of data.y: 29
[2024-04-19 19:05:45,551][root][INFO] - x: [-0.01161578 -0.14755607 -0.89630047  0.14247824  0.26583483]
[2024-04-19 19:05:45,552][root][INFO] - y: [-0.01475561  0.06830744  0.11338068 -0.09614355]
[2024-04-19 19:05:45,552][root][INFO] - Reward: -0.9999958140644413
[2024-04-19 19:05:45,552][root][INFO] - --------------- Start iteration i=29 ---------------
[2024-04-19 19:05:45,552][root][INFO] - Length of data.x: 30
[2024-04-19 19:05:45,552][root][INFO] - Length of data.y: 30
[2024-04-19 19:05:45,713][root][INFO] - x: [-0.02637139 -0.07924863 -0.78291979  0.0463347  -0.1148605 ]
[2024-04-19 19:05:45,713][root][INFO] - y: [-0.00792486  0.01110495  0.03687201 -0.07051957]
[2024-04-19 19:05:45,714][root][INFO] - Reward: -0.9999979131770316
[2024-04-19 19:05:45,714][root][INFO] - --------------- Start iteration i=30 ---------------
[2024-04-19 19:05:45,714][root][INFO] - Length of data.x: 31
[2024-04-19 19:05:45,714][root][INFO] - Length of data.y: 31
[2024-04-19 19:05:52,649][root][INFO] - Eval Returns: [-17.33509605 -22.29065694 -16.81344069 -11.16934509 -13.24120827]
[2024-04-19 19:05:52,653][root][INFO] - Eval Returns: mean=-16.170 std=3.816
[2024-04-19 19:05:52,653][root][INFO] - Eval ndata: 31.000
[2024-04-19 19:05:52,654][root][INFO] - Model MSE (current real MPC): 0.326
[2024-04-19 19:05:53,676][root][INFO] - Model MSE (random test set): 0.121
[2024-04-19 19:05:53,676][root][INFO] - Model MSE (GT MPC): 0.013
[2024-04-19 19:05:53,676][root][INFO] - Model Likelihood (random test set): -3.858
[2024-04-19 19:05:53,676][root][INFO] - Model Likelihood (GT MPC): -3.720
[2024-04-19 19:05:53,677][root][INFO] - *[TIME] [Evaluate the current MPC policy] Elapsed: 7.80 seconds
[2024-04-19 19:05:55,352][root][INFO] - x: [-0.03429625 -0.06814368 -0.74604778 -0.02418488 -0.23107471]
[2024-04-19 19:05:55,353][root][INFO] - y: [-0.00681437 -0.00443818 -0.01924573 -0.06719575]
[2024-04-19 19:05:55,353][root][INFO] - Reward: -0.9999991925172748
[2024-04-19 19:05:56,283][root][INFO] - --------------- Start iteration i=31 ---------------
[2024-04-19 19:05:56,283][root][INFO] - Length of data.x: 32
[2024-04-19 19:05:56,283][root][INFO] - Length of data.y: 32
[2024-04-19 19:05:56,460][root][INFO] - x: [-0.04111062 -0.07258186 -0.76529351 -0.09138062  0.2531642 ]
[2024-04-19 19:05:56,460][root][INFO] - y: [-0.00725819  0.06247006 -0.07271845 -0.11226644]
[2024-04-19 19:05:56,460][root][INFO] - Reward: -0.9999996699694387
[2024-04-19 19:05:56,461][root][INFO] - --------------- Start iteration i=32 ---------------
[2024-04-19 19:05:56,461][root][INFO] - Length of data.x: 33
[2024-04-19 19:05:56,461][root][INFO] - Length of data.y: 33
[2024-04-19 19:05:56,634][root][INFO] - x: [-0.04836881 -0.0101118  -0.83801196 -0.20364706  0.34080122]
[2024-04-19 19:05:56,635][root][INFO] - y: [-0.00101118  0.09634573 -0.16205731 -0.1319817 ]
[2024-04-19 19:05:56,635][root][INFO] - Reward: -0.999998586812317
[2024-04-19 19:05:56,635][root][INFO] - --------------- Start iteration i=33 ---------------
[2024-04-19 19:05:56,635][root][INFO] - Length of data.x: 34
[2024-04-19 19:05:56,636][root][INFO] - Length of data.y: 34
[2024-04-19 19:05:56,804][root][INFO] - x: [-0.04937999  0.08623393  0.99993073 -0.33562876 -0.30654247]
[2024-04-19 19:05:56,804][root][INFO] - y: [ 0.00862339 -0.05047671 -0.26708509  0.05049833]
[2024-04-19 19:05:56,804][root][INFO] - Reward: -0.9996727661955134
[2024-04-19 19:05:56,805][root][INFO] - --------------- Start iteration i=34 ---------------
[2024-04-19 19:05:56,805][root][INFO] - Length of data.x: 35
[2024-04-19 19:05:56,805][root][INFO] - Length of data.y: 35
[2024-04-19 19:05:56,972][root][INFO] - x: [-0.04075659  0.03575722  0.73284563 -0.28513043  0.46700438]
[2024-04-19 19:05:56,972][root][INFO] - y: [ 0.00357572 -0.03444586 -0.22689977  0.09608702]
[2024-04-19 19:05:56,972][root][INFO] - Reward: -0.9667856391654063
[2024-04-19 19:05:56,973][root][INFO] - --------------- Start iteration i=35 ---------------
[2024-04-19 19:05:56,973][root][INFO] - Length of data.x: 36
[2024-04-19 19:05:56,973][root][INFO] - Length of data.y: 36
[2024-04-19 19:05:57,141][root][INFO] - x: [-0.03718087  0.00131137  0.50594587 -0.18904341 -0.42309357]
[2024-04-19 19:05:57,141][root][INFO] - y: [ 1.31136628e-04 -7.65181234e-02 -1.50436087e-01  9.96120090e-02]
[2024-04-19 19:05:57,142][root][INFO] - Reward: -0.6788340167199896
[2024-04-19 19:05:57,142][root][INFO] - --------------- Start iteration i=36 ---------------
[2024-04-19 19:05:57,142][root][INFO] - Length of data.x: 37
[2024-04-19 19:05:57,142][root][INFO] - Length of data.y: 37
[2024-04-19 19:05:57,309][root][INFO] - x: [-0.03704973 -0.07520676  0.35550978 -0.0894314   0.40331928]
[2024-04-19 19:05:57,309][root][INFO] - y: [-0.00752068  0.05265447 -0.07116731  0.11134439]
[2024-04-19 19:05:57,309][root][INFO] - Reward: -0.3328894376713314
[2024-04-19 19:05:57,310][root][INFO] - --------------- Start iteration i=37 ---------------
[2024-04-19 19:05:57,310][root][INFO] - Length of data.x: 38
[2024-04-19 19:05:57,310][root][INFO] - Length of data.y: 38
[2024-04-19 19:05:57,475][root][INFO] - x: [-0.04457041 -0.02255229  0.28434247  0.02191299 -0.21740417]
[2024-04-19 19:05:57,476][root][INFO] - y: [-0.00225523 -0.00455069  0.01743782  0.07365861]
[2024-04-19 19:05:57,476][root][INFO] - Reward: -0.3953584900347732
[2024-04-19 19:05:57,476][root][INFO] - --------------- Start iteration i=38 ---------------
[2024-04-19 19:05:57,476][root][INFO] - Length of data.x: 39
[2024-04-19 19:05:57,476][root][INFO] - Length of data.y: 39
[2024-04-19 19:05:57,643][root][INFO] - x: [-0.04682564 -0.02710298  0.30178029  0.0955716   0.5992583 ]
[2024-04-19 19:05:57,643][root][INFO] - y: [-0.0027103   0.08102385  0.07605353  0.12702433]
[2024-04-19 19:05:57,643][root][INFO] - Reward: -0.6854965205340864
[2024-04-19 19:05:57,644][root][INFO] - --------------- Start iteration i=39 ---------------
[2024-04-19 19:05:57,644][root][INFO] - Length of data.x: 40
[2024-04-19 19:05:57,644][root][INFO] - Length of data.y: 40
[2024-04-19 19:05:57,813][root][INFO] - x: [-0.04953594  0.05392087  0.37783382  0.22259593 -0.16609001]
[2024-04-19 19:05:57,813][root][INFO] - y: [ 0.00539209 -0.05006764  0.17713635  0.07230836]
[2024-04-19 19:05:57,813][root][INFO] - Reward: -0.9839803701574908
[2024-04-19 19:05:57,814][root][INFO] - --------------- Start iteration i=40 ---------------
[2024-04-19 19:05:57,814][root][INFO] - Length of data.x: 41
[2024-04-19 19:05:57,814][root][INFO] - Length of data.y: 41
[2024-04-19 19:05:58,722][root][INFO] - *[TIME] [Evaluate the current MPC policy] Elapsed: 0.74 seconds
