[2024-04-19 19:47:36,089][root][INFO] - Dumper dumping to /trajectory-information-rl/experiments/mpc_cartpole_2024-04-19/19-47-30/seed_1
[2024-04-19 19:47:36,094][root][INFO] - Start obs: None
[2024-04-19 19:47:49,954][root][INFO] - GT Returns: [-15.82026719 -11.41202771 -11.30542191 -12.02620071 -11.00016777]
[2024-04-19 19:47:49,955][root][INFO] - GT Returns: mean=-12.313 std=1.785
[2024-04-19 19:47:49,955][root][INFO] - Path Lengths: [36345, 36345, 36345, 36345, 36345]
[2024-04-19 19:47:49,955][root][INFO] - Path Lengths: mean=36345.000 std=0.000
[2024-04-19 19:47:50,016][root][INFO] - all_x.shape = (181725, 5)
[2024-04-19 19:47:50,021][root][INFO] - all_x.min(axis=0) = [-1.00300917 -1.47957665 -0.99998707 -0.87719784 -1.        ]
[2024-04-19 19:47:50,026][root][INFO] - all_x.max(axis=0) = [1.06379183 1.62124839 0.99998379 0.84830076 1.        ]
[2024-04-19 19:47:50,028][root][INFO] - all_x.mean(axis=0) = [-3.64332510e-03 -3.67914728e-05  1.24459326e-02  2.66792178e-02
  5.22403579e-04]
[2024-04-19 19:47:50,036][root][INFO] - all_x.var(axis=0) = [0.01269118 0.0547176  0.2491947  0.09411598 0.22545592]
[2024-04-19 19:47:50,071][root][INFO] - --------------- Start iteration i=0 ---------------
[2024-04-19 19:47:50,072][root][INFO] - Length of data.x: 1
[2024-04-19 19:47:50,072][root][INFO] - Length of data.y: 1
[2024-04-19 19:47:55,441][root][INFO] - Eval Returns: [-24.99997736 -24.99997987 -24.99997906 -24.99996624 -24.99997246]
[2024-04-19 19:47:55,447][root][INFO] - Eval Returns: mean=-25.000 std=0.000
[2024-04-19 19:47:55,447][root][INFO] - Eval ndata: 1.000
[2024-04-19 19:47:55,447][root][INFO] - Model MSE (current real MPC): 0.566
[2024-04-19 19:47:56,450][root][INFO] - Model MSE (random test set): 0.498
[2024-04-19 19:47:56,451][root][INFO] - Model MSE (GT MPC): 0.217
[2024-04-19 19:47:56,451][root][INFO] - Model Likelihood (random test set): -4.165
[2024-04-19 19:47:56,451][root][INFO] - Model Likelihood (GT MPC): -4.026
[2024-04-19 19:47:56,451][root][INFO] - *[TIME] [Evaluate the current MPC policy] Elapsed: 6.18 seconds
[2024-04-19 19:47:58,338][root][INFO] - x: [ 2.08007732e-03 -9.16573412e-04  9.95083701e-01 -1.12675498e-03
 -1.00000000e+00]
[2024-04-19 19:47:58,338][root][INFO] - y: [-9.16573412e-05 -1.60872357e-01 -8.96643844e-04  1.62370050e-01]
[2024-04-19 19:47:58,339][root][INFO] - Reward: -0.9999901268204343
[2024-04-19 19:47:59,911][root][INFO] - --------------- Start iteration i=1 ---------------
[2024-04-19 19:47:59,911][root][INFO] - Length of data.x: 2
[2024-04-19 19:47:59,911][root][INFO] - Length of data.y: 2
[2024-04-19 19:48:00,104][root][INFO] - x: [ 0.00198842 -0.16178893  0.99418706  0.1612433   1.        ]
[2024-04-19 19:48:00,105][root][INFO] - y: [-0.01617889  0.16076829  0.12831344 -0.15894801]
[2024-04-19 19:48:00,105][root][INFO] - Reward: -0.9999922762407095
[2024-04-19 19:48:00,105][root][INFO] - --------------- Start iteration i=2 ---------------
[2024-04-19 19:48:00,105][root][INFO] - Length of data.x: 3
[2024-04-19 19:48:00,105][root][INFO] - Length of data.y: 3
[2024-04-19 19:48:00,254][root][INFO] - x: [-0.01419047 -0.00102064 -0.8774995   0.00229528  1.        ]
[2024-04-19 19:48:00,254][root][INFO] - y: [-1.02063865e-04  1.66445779e-01  1.82653080e-03 -1.91137285e-01]
[2024-04-19 19:48:00,255][root][INFO] - Reward: -0.9999922823921972
[2024-04-19 19:48:00,255][root][INFO] - --------------- Start iteration i=3 ---------------
[2024-04-19 19:48:00,255][root][INFO] - Length of data.x: 4
[2024-04-19 19:48:00,255][root][INFO] - Length of data.y: 4
[2024-04-19 19:48:00,405][root][INFO] - x: [-0.01429254  0.16542514 -0.87567297 -0.188842    0.39166785]
[2024-04-19 19:48:00,405][root][INFO] - y: [ 0.01654251  0.09303748 -0.15027581 -0.12341825]
[2024-04-19 19:48:00,405][root][INFO] - Reward: -0.9999900953809113
[2024-04-19 19:48:00,406][root][INFO] - --------------- Start iteration i=4 ---------------
[2024-04-19 19:48:00,406][root][INFO] - Length of data.x: 5
[2024-04-19 19:48:00,406][root][INFO] - Length of data.y: 5
[2024-04-19 19:48:00,556][root][INFO] - x: [ 0.00224998  0.25846262  0.97405122 -0.31226025 -0.08919233]
[2024-04-19 19:48:00,556][root][INFO] - y: [ 0.02584626 -0.03495948 -0.24848901  0.04284007]
[2024-04-19 19:48:00,556][root][INFO] - Reward: -0.9999949086343678
[2024-04-19 19:48:00,556][root][INFO] - --------------- Start iteration i=5 ---------------
[2024-04-19 19:48:00,557][root][INFO] - Length of data.x: 6
[2024-04-19 19:48:00,557][root][INFO] - Length of data.y: 6
[2024-04-19 19:48:00,708][root][INFO] - x: [ 0.02809624  0.22350314  0.72556221 -0.26942018 -1.        ]
[2024-04-19 19:48:00,708][root][INFO] - y: [ 0.02235031 -0.20459274 -0.21439794  0.20770587]
[2024-04-19 19:48:00,708][root][INFO] - Reward: -0.9999973415029206
[2024-04-19 19:48:00,709][root][INFO] - --------------- Start iteration i=6 ---------------
[2024-04-19 19:48:00,709][root][INFO] - Length of data.x: 7
[2024-04-19 19:48:00,709][root][INFO] - Length of data.y: 7
[2024-04-19 19:48:00,860][root][INFO] - x: [ 0.05044655  0.0189104   0.51116427 -0.06171432  0.97401053]
[2024-04-19 19:48:00,860][root][INFO] - y: [ 0.00189104  0.09239565 -0.04911073  0.09489975]
[2024-04-19 19:48:00,860][root][INFO] - Reward: -0.9999952391415126
[2024-04-19 19:48:00,861][root][INFO] - --------------- Start iteration i=7 ---------------
[2024-04-19 19:48:00,861][root][INFO] - Length of data.x: 8
[2024-04-19 19:48:00,861][root][INFO] - Length of data.y: 8
[2024-04-19 19:48:01,012][root][INFO] - x: [ 0.05233759  0.11130605  0.46205353  0.03318543 -1.        ]
[2024-04-19 19:48:01,013][root][INFO] - y: [ 0.01113061 -0.09831108  0.02640815  0.08581076]
[2024-04-19 19:48:01,013][root][INFO] - Reward: -0.9999996490984671
[2024-04-19 19:48:01,013][root][INFO] - --------------- Start iteration i=8 ---------------
[2024-04-19 19:48:01,013][root][INFO] - Length of data.x: 9
[2024-04-19 19:48:01,013][root][INFO] - Length of data.y: 9
[2024-04-19 19:48:01,165][root][INFO] - x: [ 0.0634682   0.01299497  0.48846168  0.11899619 -0.21725582]
[2024-04-19 19:48:01,165][root][INFO] - y: [ 0.0012995  -0.03380481  0.09469423  0.09691033]
[2024-04-19 19:48:01,165][root][INFO] - Reward: -0.9999999388726232
[2024-04-19 19:48:01,166][root][INFO] - --------------- Start iteration i=9 ---------------
[2024-04-19 19:48:01,166][root][INFO] - Length of data.x: 10
[2024-04-19 19:48:01,166][root][INFO] - Length of data.y: 10
[2024-04-19 19:48:01,319][root][INFO] - x: [ 0.0647677  -0.02080984  0.58315591  0.21590652 -1.        ]
[2024-04-19 19:48:01,319][root][INFO] - y: [-0.00208098 -0.15507906  0.17181309  0.1349218 ]
[2024-04-19 19:48:01,319][root][INFO] - Reward: -0.9999999670438601
[2024-04-19 19:48:01,320][root][INFO] - --------------- Start iteration i=10 ---------------
[2024-04-19 19:48:01,320][root][INFO] - Length of data.x: 11
[2024-04-19 19:48:01,320][root][INFO] - Length of data.y: 11
[2024-04-19 19:48:07,243][root][INFO] - Eval Returns: [-24.88509258 -24.99997465 -24.93778602 -24.90256134 -24.23447365]
[2024-04-19 19:48:07,249][root][INFO] - Eval Returns: mean=-24.792 std=0.282
[2024-04-19 19:48:07,249][root][INFO] - Eval ndata: 11.000
[2024-04-19 19:48:07,249][root][INFO] - Model MSE (current real MPC): 0.690
[2024-04-19 19:48:08,309][root][INFO] - Model MSE (random test set): 0.195
[2024-04-19 19:48:08,309][root][INFO] - Model MSE (GT MPC): 0.084
[2024-04-19 19:48:08,309][root][INFO] - Model Likelihood (random test set): -3.823
[2024-04-19 19:48:08,309][root][INFO] - Model Likelihood (GT MPC): -3.740
[2024-04-19 19:48:08,309][root][INFO] - *[TIME] [Evaluate the current MPC policy] Elapsed: 6.84 seconds
[2024-04-19 19:48:10,792][root][INFO] - x: [ 0.06268671 -0.1758889   0.754969    0.35082832  1.        ]
[2024-04-19 19:48:10,792][root][INFO] - y: [-0.01758889  0.00377756  0.27918053  0.06563313]
[2024-04-19 19:48:10,793][root][INFO] - Reward: -0.9999967935263164
[2024-04-19 19:48:11,745][root][INFO] - --------------- Start iteration i=11 ---------------
[2024-04-19 19:48:11,745][root][INFO] - Length of data.x: 12
[2024-04-19 19:48:11,745][root][INFO] - Length of data.y: 12
[2024-04-19 19:48:11,988][root][INFO] - x: [ 0.04509782 -0.17211134 -0.96585047  0.41646145 -1.        ]
[2024-04-19 19:48:11,988][root][INFO] - y: [-0.01721113 -0.12227396  0.33140976  0.1110556 ]
[2024-04-19 19:48:11,988][root][INFO] - Reward: -0.9981661705963494
[2024-04-19 19:48:11,989][root][INFO] - --------------- Start iteration i=12 ---------------
[2024-04-19 19:48:11,989][root][INFO] - Length of data.x: 13
[2024-04-19 19:48:11,989][root][INFO] - Length of data.y: 13
[2024-04-19 19:48:12,299][root][INFO] - x: [ 0.02788669 -0.29438529 -0.63444071  0.52751705 -0.87099899]
[2024-04-19 19:48:12,299][root][INFO] - y: [-0.02943853  0.17883832  0.41978507 -0.1628785 ]
[2024-04-19 19:48:12,300][root][INFO] - Reward: -0.7422519226106365
[2024-04-19 19:48:12,300][root][INFO] - --------------- Start iteration i=13 ---------------
[2024-04-19 19:48:12,300][root][INFO] - Length of data.x: 14
[2024-04-19 19:48:12,300][root][INFO] - Length of data.y: 14
[2024-04-19 19:48:12,455][root][INFO] - x: [-0.00155184 -0.11554698 -0.21465564  0.36463855  1.        ]
[2024-04-19 19:48:12,456][root][INFO] - y: [-0.0115547   0.20880005  0.29017037  0.10177928]
[2024-04-19 19:48:12,456][root][INFO] - Reward: -0.003045914954929674
[2024-04-19 19:48:12,456][root][INFO] - --------------- Start iteration i=14 ---------------
[2024-04-19 19:48:12,456][root][INFO] - Length of data.x: 15
[2024-04-19 19:48:12,456][root][INFO] - Length of data.y: 15
[2024-04-19 19:48:12,612][root][INFO] - x: [-0.01310654  0.09325307  0.07551474  0.46641783  0.57557888]
[2024-04-19 19:48:12,612][root][INFO] - y: [0.00932531 0.02649156 0.37116382 0.04882826]
[2024-04-19 19:48:12,612][root][INFO] - Reward: -0.988358033222297
[2024-04-19 19:48:12,613][root][INFO] - --------------- Start iteration i=15 ---------------
[2024-04-19 19:48:12,613][root][INFO] - Length of data.x: 16
[2024-04-19 19:48:12,613][root][INFO] - Length of data.y: 16
[2024-04-19 19:48:12,769][root][INFO] - x: [-0.00378123  0.11974463  0.44667855  0.51524609 -0.54660504]
[2024-04-19 19:48:12,769][root][INFO] - y: [ 0.01197446 -0.29831612  0.41002014  0.04708625]
[2024-04-19 19:48:12,769][root][INFO] - Reward: -0.9999881365414175
[2024-04-19 19:48:12,770][root][INFO] - --------------- Start iteration i=16 ---------------
[2024-04-19 19:48:12,770][root][INFO] - Length of data.x: 17
[2024-04-19 19:48:12,770][root][INFO] - Length of data.y: 17
[2024-04-19 19:48:12,926][root][INFO] - x: [ 0.00819323 -0.17857149  0.85669869  0.56233233  0.92853315]
[2024-04-19 19:48:12,926][root][INFO] - y: [-0.01785715 -0.07009743  0.44749021  0.10584403]
[2024-04-19 19:48:12,926][root][INFO] - Reward: -0.9999506413943168
[2024-04-19 19:48:12,927][root][INFO] - --------------- Start iteration i=17 ---------------
[2024-04-19 19:48:12,927][root][INFO] - Length of data.x: 18
[2024-04-19 19:48:12,927][root][INFO] - Length of data.y: 18
[2024-04-19 19:48:13,083][root][INFO] - x: [-0.00966392 -0.24866892 -0.69581109  0.66817636  0.67857482]
[2024-04-19 19:48:13,084][root][INFO] - y: [-0.02486689  0.49082415  0.53171828 -0.36344635]
[2024-04-19 19:48:13,084][root][INFO] - Reward: -0.9644451786542816
[2024-04-19 19:48:13,084][root][INFO] - --------------- Start iteration i=18 ---------------
[2024-04-19 19:48:13,084][root][INFO] - Length of data.x: 19
[2024-04-19 19:48:13,084][root][INFO] - Length of data.y: 19
[2024-04-19 19:48:13,241][root][INFO] - x: [-0.03453081  0.24215523 -0.16409281  0.30473002 -0.84522772]
[2024-04-19 19:48:13,241][root][INFO] - y: [ 0.02421552 -0.08353413  0.24249664 -0.12108876]
[2024-04-19 19:48:13,242][root][INFO] - Reward: -0.01736289547262304
[2024-04-19 19:48:13,242][root][INFO] - --------------- Start iteration i=19 ---------------
[2024-04-19 19:48:13,242][root][INFO] - Length of data.x: 20
[2024-04-19 19:48:13,242][root][INFO] - Length of data.y: 20
[2024-04-19 19:48:13,400][root][INFO] - x: [-0.01031528  0.1586211   0.07840383  0.18364125  0.28310877]
[2024-04-19 19:48:13,400][root][INFO] - y: [0.01586211 0.04283007 0.14613718 0.06548144]
[2024-04-19 19:48:13,401][root][INFO] - Reward: -0.8252724336269206
[2024-04-19 19:48:13,401][root][INFO] - --------------- Start iteration i=20 ---------------
[2024-04-19 19:48:13,401][root][INFO] - Length of data.x: 21
[2024-04-19 19:48:13,401][root][INFO] - Length of data.y: 21
[2024-04-19 19:48:19,848][root][INFO] - Eval Returns: [-17.35403323 -16.82758499 -23.93344313 -16.7066599  -20.61522655]
[2024-04-19 19:48:19,853][root][INFO] - Eval Returns: mean=-19.087 std=2.814
[2024-04-19 19:48:19,853][root][INFO] - Eval ndata: 21.000
[2024-04-19 19:48:19,853][root][INFO] - Model MSE (current real MPC): 0.496
[2024-04-19 19:48:20,909][root][INFO] - Model MSE (random test set): 0.179
[2024-04-19 19:48:20,910][root][INFO] - Model MSE (GT MPC): 0.038
[2024-04-19 19:48:20,910][root][INFO] - Model Likelihood (random test set): -3.845
[2024-04-19 19:48:20,910][root][INFO] - Model Likelihood (GT MPC): -3.739
[2024-04-19 19:48:20,910][root][INFO] - *[TIME] [Evaluate the current MPC policy] Elapsed: 7.35 seconds
[2024-04-19 19:48:23,481][root][INFO] - x: [ 0.00554683  0.20145117  0.22454101  0.2491227  -0.1600815 ]
[2024-04-19 19:48:23,481][root][INFO] - y: [ 0.02014512 -0.04800244  0.1982457   0.02712174]
[2024-04-19 19:48:23,481][root][INFO] - Reward: -0.9993235925546173
[2024-04-19 19:48:24,512][root][INFO] - --------------- Start iteration i=21 ---------------
[2024-04-19 19:48:24,512][root][INFO] - Length of data.x: 22
[2024-04-19 19:48:24,512][root][INFO] - Length of data.y: 22
[2024-04-19 19:48:24,737][root][INFO] - x: [ 0.02569194  0.15344872  0.42278671  0.27624443 -0.54389153]
[2024-04-19 19:48:24,737][root][INFO] - y: [ 0.01534487 -0.11936686  0.21982851  0.06665286]
[2024-04-19 19:48:24,737][root][INFO] - Reward: -0.9999980605995306
[2024-04-19 19:48:24,738][root][INFO] - --------------- Start iteration i=22 ---------------
[2024-04-19 19:48:24,738][root][INFO] - Length of data.x: 23
[2024-04-19 19:48:24,738][root][INFO] - Length of data.y: 23
[2024-04-19 19:48:24,897][root][INFO] - x: [ 0.04103681  0.03408186  0.64261523  0.34289729 -0.40052984]
[2024-04-19 19:48:24,897][root][INFO] - y: [ 0.00340819 -0.16578884  0.27286921  0.16032687]
[2024-04-19 19:48:24,898][root][INFO] - Reward: -0.9999991833520026
[2024-04-19 19:48:24,898][root][INFO] - --------------- Start iteration i=23 ---------------
[2024-04-19 19:48:24,898][root][INFO] - Length of data.x: 24
[2024-04-19 19:48:24,898][root][INFO] - Length of data.y: 24
[2024-04-19 19:48:25,060][root][INFO] - x: [ 0.044445   -0.13170699  0.91548444  0.50322415  0.05008954]
[2024-04-19 19:48:25,060][root][INFO] - y: [-0.0131707  -0.10032836  0.40045338  0.12258095]
[2024-04-19 19:48:25,060][root][INFO] - Reward: -0.9992355932629338
[2024-04-19 19:48:25,061][root][INFO] - --------------- Start iteration i=24 ---------------
[2024-04-19 19:48:25,061][root][INFO] - Length of data.x: 25
[2024-04-19 19:48:25,061][root][INFO] - Length of data.y: 25
[2024-04-19 19:48:25,222][root][INFO] - x: [ 0.0312743  -0.23203534 -0.68406218  0.6258051  -0.50808268]
[2024-04-19 19:48:25,222][root][INFO] - y: [-0.02320353  0.31062759  0.49800028 -0.25201039]
[2024-04-19 19:48:25,222][root][INFO] - Reward: -0.44060388617568924
[2024-04-19 19:48:25,222][root][INFO] - Explore episode complete with return -21.977950261672866, resetting
[2024-04-19 19:48:25,222][root][INFO] - Exploration Episode Rewards: [-0.9999901268204343, -0.9999922762407095, -0.9999922823921972, -0.9999900953809113, -0.9999949086343678, -0.9999973415029206, -0.9999952391415126, -0.9999996490984671, -0.9999999388726232, -0.9999999670438601, -0.9999967935263164, -0.9981661705963494, -0.7422519226106365, -0.003045914954929674, -0.988358033222297, -0.9999881365414175, -0.9999506413943168, -0.9644451786542816, -0.01736289547262304, -0.8252724336269206, -0.9993235925546173, -0.9999980605995306, -0.9999991833520026, -0.9992355932629338, -0.44060388617568924]
[2024-04-19 19:48:25,223][root][INFO] - --------------- Start iteration i=25 ---------------
[2024-04-19 19:48:25,223][root][INFO] - Length of data.x: 26
[2024-04-19 19:48:25,223][root][INFO] - Length of data.y: 26
[2024-04-19 19:48:25,384][root][INFO] - x: [-3.48970019e-03  2.41364272e-03 -9.84436346e-01  9.23973655e-04
  1.53384767e-01]
[2024-04-19 19:48:25,384][root][INFO] - y: [ 0.00024136  0.02734025  0.00073528 -0.03210736]
[2024-04-19 19:48:25,384][root][INFO] - Reward: -0.9999902364316499
[2024-04-19 19:48:25,385][root][INFO] - --------------- Start iteration i=26 ---------------
[2024-04-19 19:48:25,385][root][INFO] - Length of data.x: 27
[2024-04-19 19:48:25,385][root][INFO] - Length of data.y: 27
[2024-04-19 19:48:25,547][root][INFO] - x: [-0.00324834  0.02975389 -0.98370107 -0.03118338  0.55674034]
[2024-04-19 19:48:25,547][root][INFO] - y: [ 0.00297539  0.091545   -0.02481497 -0.09645134]
[2024-04-19 19:48:25,547][root][INFO] - Reward: -0.9999900436189234
[2024-04-19 19:48:25,548][root][INFO] - --------------- Start iteration i=27 ---------------
[2024-04-19 19:48:25,548][root][INFO] - Length of data.x: 28
[2024-04-19 19:48:25,548][root][INFO] - Length of data.y: 28
[2024-04-19 19:48:25,710][root][INFO] - x: [-2.72946901e-04  1.21298889e-01  9.91483961e-01 -1.27634724e-01
 -4.40230109e-02]
[2024-04-19 19:48:25,710][root][INFO] - y: [ 0.01212989 -0.01120913 -0.10156857  0.01383228]
[2024-04-19 19:48:25,710][root][INFO] - Reward: -0.9999915155946874
[2024-04-19 19:48:25,711][root][INFO] - --------------- Start iteration i=28 ---------------
[2024-04-19 19:48:25,711][root][INFO] - Length of data.x: 29
[2024-04-19 19:48:25,711][root][INFO] - Length of data.y: 29
[2024-04-19 19:48:25,874][root][INFO] - x: [ 0.01185694  0.11008976  0.88991539 -0.11380244  0.0257194 ]
[2024-04-19 19:48:25,874][root][INFO] - y: [ 0.01100898 -0.02153742 -0.09056118  0.05355102]
[2024-04-19 19:48:25,874][root][INFO] - Reward: -0.9999945788393604
[2024-04-19 19:48:25,875][root][INFO] - --------------- Start iteration i=29 ---------------
[2024-04-19 19:48:25,875][root][INFO] - Length of data.x: 30
[2024-04-19 19:48:25,875][root][INFO] - Length of data.y: 30
[2024-04-19 19:48:26,037][root][INFO] - x: [ 0.02286592  0.08855234  0.79935422 -0.06025142  0.04039201]
[2024-04-19 19:48:26,037][root][INFO] - y: [ 0.00885523 -0.02169599 -0.04794659  0.07540823]
[2024-04-19 19:48:26,038][root][INFO] - Reward: -0.9999972382550499
[2024-04-19 19:48:26,038][root][INFO] - --------------- Start iteration i=30 ---------------
[2024-04-19 19:48:26,038][root][INFO] - Length of data.x: 31
[2024-04-19 19:48:26,039][root][INFO] - Length of data.y: 31
[2024-04-19 19:48:32,956][root][INFO] - Eval Returns: [-20.47972812 -24.36731605 -24.77051718 -14.77670359 -13.57093093]
[2024-04-19 19:48:32,961][root][INFO] - Eval Returns: mean=-19.593 std=4.687
[2024-04-19 19:48:32,961][root][INFO] - Eval ndata: 31.000
[2024-04-19 19:48:32,961][root][INFO] - Model MSE (current real MPC): 0.463
[2024-04-19 19:48:34,028][root][INFO] - Model MSE (random test set): 0.111
[2024-04-19 19:48:34,028][root][INFO] - Model MSE (GT MPC): 0.022
[2024-04-19 19:48:34,028][root][INFO] - Model Likelihood (random test set): -3.786
[2024-04-19 19:48:34,028][root][INFO] - Model Likelihood (GT MPC): -3.716
[2024-04-19 19:48:34,028][root][INFO] - *[TIME] [Evaluate the current MPC policy] Elapsed: 7.83 seconds
[2024-04-19 19:48:36,613][root][INFO] - x: [0.03172115 0.06685634 0.75140762 0.01515681 0.09882946]
[2024-04-19 19:48:36,613][root][INFO] - y: [ 0.00668563 -0.01153     0.01206141  0.07731917]
[2024-04-19 19:48:36,613][root][INFO] - Reward: -0.9999988504763462
[2024-04-19 19:48:37,675][root][INFO] - --------------- Start iteration i=31 ---------------
[2024-04-19 19:48:37,675][root][INFO] - Length of data.x: 32
[2024-04-19 19:48:37,675][root][INFO] - Length of data.y: 32
[2024-04-19 19:48:37,851][root][INFO] - x: [0.03840679 0.05532634 0.76346904 0.09247598 0.25407813]
[2024-04-19 19:48:37,851][root][INFO] - y: [0.00553263 0.00136033 0.07359011 0.06543681]
[2024-04-19 19:48:37,851][root][INFO] - Reward: -0.9999994383594971
[2024-04-19 19:48:37,852][root][INFO] - --------------- Start iteration i=32 ---------------
[2024-04-19 19:48:37,852][root][INFO] - Length of data.x: 33
[2024-04-19 19:48:37,852][root][INFO] - Length of data.y: 33
[2024-04-19 19:48:38,028][root][INFO] - x: [0.04393942 0.05668668 0.83705914 0.15791279 0.08379597]
[2024-04-19 19:48:38,028][root][INFO] - y: [ 0.00566867 -0.02708396  0.12566311  0.07171368]
[2024-04-19 19:48:38,028][root][INFO] - Reward: -0.999999173264076
[2024-04-19 19:48:38,029][root][INFO] - --------------- Start iteration i=33 ---------------
[2024-04-19 19:48:38,029][root][INFO] - Length of data.x: 34
[2024-04-19 19:48:38,029][root][INFO] - Length of data.y: 34
[2024-04-19 19:48:38,195][root][INFO] - x: [ 0.04960809  0.02960271  0.96272225  0.22962647 -0.16493714]
[2024-04-19 19:48:38,195][root][INFO] - y: [ 0.00296027 -0.04259377  0.18273108  0.05377632]
[2024-04-19 19:48:38,196][root][INFO] - Reward: -0.9999817824045621
[2024-04-19 19:48:38,196][root][INFO] - --------------- Start iteration i=34 ---------------
[2024-04-19 19:48:38,196][root][INFO] - Length of data.x: 35
[2024-04-19 19:48:38,197][root][INFO] - Length of data.y: 35
[2024-04-19 19:48:38,364][root][INFO] - x: [ 0.05256836 -0.01299105 -0.85454667  0.28340278 -0.22682811]
[2024-04-19 19:48:38,364][root][INFO] - y: [-0.00129911  0.03617551  0.22552495 -0.07579164]
[2024-04-19 19:48:38,364][root][INFO] - Reward: -0.9963429435904523
[2024-04-19 19:48:38,365][root][INFO] - --------------- Start iteration i=35 ---------------
[2024-04-19 19:48:38,365][root][INFO] - Length of data.x: 36
[2024-04-19 19:48:38,365][root][INFO] - Length of data.y: 36
[2024-04-19 19:48:38,532][root][INFO] - x: [ 0.05126925  0.02318446 -0.62902172  0.20761114  0.00957244]
[2024-04-19 19:48:38,532][root][INFO] - y: [ 0.00231845  0.05437456  0.16521183 -0.11168419]
[2024-04-19 19:48:38,532][root][INFO] - Reward: -0.8989996056599657
[2024-04-19 19:48:38,533][root][INFO] - --------------- Start iteration i=36 ---------------
[2024-04-19 19:48:38,533][root][INFO] - Length of data.x: 37
[2024-04-19 19:48:38,533][root][INFO] - Length of data.y: 37
[2024-04-19 19:48:38,698][root][INFO] - x: [ 0.0535877   0.07755901 -0.46380988  0.09592695 -0.32345197]
[2024-04-19 19:48:38,699][root][INFO] - y: [ 0.0077559  -0.02883969  0.07633631 -0.10083787]
[2024-04-19 19:48:38,699][root][INFO] - Reward: -0.7139296877142717
[2024-04-19 19:48:38,700][root][INFO] - --------------- Start iteration i=37 ---------------
[2024-04-19 19:48:38,700][root][INFO] - Length of data.x: 38
[2024-04-19 19:48:38,700][root][INFO] - Length of data.y: 38
[2024-04-19 19:48:38,865][root][INFO] - x: [ 0.0613436   0.04871933 -0.38747358 -0.00491092 -0.83485312]
[2024-04-19 19:48:38,865][root][INFO] - y: [ 0.00487193 -0.10042515 -0.00390799 -0.1268943 ]
[2024-04-19 19:48:38,866][root][INFO] - Reward: -0.7407147324744554
[2024-04-19 19:48:38,867][root][INFO] - --------------- Start iteration i=38 ---------------
[2024-04-19 19:48:38,867][root][INFO] - Length of data.x: 39
[2024-04-19 19:48:38,867][root][INFO] - Length of data.y: 39
[2024-04-19 19:48:39,033][root][INFO] - x: [ 0.06621553 -0.05170582 -0.39138157 -0.13180522  0.01207813]
[2024-04-19 19:48:39,033][root][INFO] - y: [-0.00517058  0.00569897 -0.10488735 -0.09063079]
[2024-04-19 19:48:39,033][root][INFO] - Reward: -0.9400206170878587
[2024-04-19 19:48:39,034][root][INFO] - --------------- Start iteration i=39 ---------------
[2024-04-19 19:48:39,034][root][INFO] - Length of data.x: 40
[2024-04-19 19:48:39,034][root][INFO] - Length of data.y: 40
[2024-04-19 19:48:39,201][root][INFO] - x: [ 0.06104495 -0.04600686 -0.49626892 -0.22243602 -0.03835378]
[2024-04-19 19:48:39,201][root][INFO] - y: [-0.00460069  0.04257747 -0.1770091  -0.09769414]
[2024-04-19 19:48:39,201][root][INFO] - Reward: -0.9987141346695935
[2024-04-19 19:48:39,202][root][INFO] - --------------- Start iteration i=40 ---------------
[2024-04-19 19:48:39,202][root][INFO] - Length of data.x: 41
[2024-04-19 19:48:39,202][root][INFO] - Length of data.y: 41
[2024-04-19 19:48:46,590][root][INFO] - Eval Returns: [-16.69192896 -20.3377204  -19.37819409 -19.92990015 -17.87031197]
[2024-04-19 19:48:46,595][root][INFO] - Eval Returns: mean=-18.842 std=1.362
[2024-04-19 19:48:46,595][root][INFO] - Eval ndata: 41.000
[2024-04-19 19:48:46,595][root][INFO] - Model MSE (current real MPC): 0.290
[2024-04-19 19:48:47,691][root][INFO] - Model MSE (random test set): 0.021
[2024-04-19 19:48:47,691][root][INFO] - Model MSE (GT MPC): 0.002
[2024-04-19 19:48:47,691][root][INFO] - Model Likelihood (random test set): -3.728
[2024-04-19 19:48:47,691][root][INFO] - Model Likelihood (GT MPC): -3.691
[2024-04-19 19:48:47,692][root][INFO] - *[TIME] [Evaluate the current MPC policy] Elapsed: 8.32 seconds
[2024-04-19 19:48:50,168][root][INFO] - x: [ 0.05644427 -0.00342939 -0.67327802 -0.32013015 -0.04845726]
[2024-04-19 19:48:50,168][root][INFO] - y: [-0.00034294  0.10417008 -0.25475169 -0.13795297]
[2024-04-19 19:48:50,169][root][INFO] - Reward: -0.9999968993402527
[2024-04-19 19:48:51,265][root][INFO] - --------------- Start iteration i=41 ---------------
[2024-04-19 19:48:51,265][root][INFO] - Length of data.x: 42
[2024-04-19 19:48:51,265][root][INFO] - Length of data.y: 42
[2024-04-19 19:48:51,446][root][INFO] - x: [ 0.05610133  0.10074069 -0.92802971 -0.45808313 -0.26092129]
[2024-04-19 19:48:51,447][root][INFO] - y: [ 0.01007407  0.03890383 -0.36453126 -0.05992831]
[2024-04-19 19:48:51,447][root][INFO] - Reward: -0.9999999815434961
[2024-04-19 19:48:51,448][root][INFO] - --------------- Start iteration i=42 ---------------
[2024-04-19 19:48:51,448][root][INFO] - Length of data.x: 43
[2024-04-19 19:48:51,448][root][INFO] - Length of data.y: 43
[2024-04-19 19:48:51,615][root][INFO] - x: [ 0.06617539  0.13964452  0.70743903 -0.51801144 -0.46624072]
[2024-04-19 19:48:51,615][root][INFO] - y: [ 0.01396445 -0.30832238 -0.41222074  0.26508141]
[2024-04-19 19:48:51,615][root][INFO] - Reward: -0.9999987571817206
[2024-04-19 19:48:51,616][root][INFO] - --------------- Start iteration i=43 ---------------
[2024-04-19 19:48:51,616][root][INFO] - Length of data.x: 44
[2024-04-19 19:48:51,616][root][INFO] - Length of data.y: 44
[2024-04-19 19:48:51,786][root][INFO] - x: [ 0.08013985 -0.16867786  0.29521829 -0.25293003  0.09464757]
[2024-04-19 19:48:51,786][root][INFO] - y: [-0.01686779 -0.02214888 -0.20127548  0.06528291]
[2024-04-19 19:48:51,786][root][INFO] - Reward: -0.9945843508767458
[2024-04-19 19:48:51,787][root][INFO] - --------------- Start iteration i=44 ---------------
[2024-04-19 19:48:51,787][root][INFO] - Length of data.x: 45
[2024-04-19 19:48:51,787][root][INFO] - Length of data.y: 45
[2024-04-19 19:48:51,955][root][INFO] - x: [ 0.06327206 -0.19082674  0.09394281 -0.18764712  0.66582722]
[2024-04-19 19:48:51,956][root][INFO] - y: [-0.01908267  0.1052758  -0.14932495  0.12928699]
[2024-04-19 19:48:51,956][root][INFO] - Reward: -0.5993849637863575
[2024-04-19 19:48:51,957][root][INFO] - --------------- Start iteration i=45 ---------------
[2024-04-19 19:48:51,957][root][INFO] - Length of data.x: 46
[2024-04-19 19:48:51,957][root][INFO] - Length of data.y: 46
[2024-04-19 19:48:52,126][root][INFO] - x: [ 0.04418939 -0.08555094 -0.05538214 -0.05836013  0.15335794]
[2024-04-19 19:48:52,126][root][INFO] - y: [-0.00855509  0.01644899 -0.04644155 -0.0007989 ]
[2024-04-19 19:48:52,126][root][INFO] - Reward: -0.20729831627771245
[2024-04-19 19:48:52,127][root][INFO] - --------------- Start iteration i=46 ---------------
[2024-04-19 19:48:52,127][root][INFO] - Length of data.x: 47
[2024-04-19 19:48:52,127][root][INFO] - Length of data.y: 47
[2024-04-19 19:48:52,296][root][INFO] - x: [ 0.03563429 -0.06910195 -0.10182369 -0.05915903  0.7513778 ]
[2024-04-19 19:48:52,297][root][INFO] - y: [-0.0069102   0.09948616 -0.0470773   0.06355926]
[2024-04-19 19:48:52,297][root][INFO] - Reward: -0.03484732403489588
[2024-04-19 19:48:52,298][root][INFO] - --------------- Start iteration i=47 ---------------
[2024-04-19 19:48:52,298][root][INFO] - Length of data.x: 48
[2024-04-19 19:48:52,298][root][INFO] - Length of data.y: 48
[2024-04-19 19:48:52,467][root][INFO] - x: [ 0.0287241   0.03038421 -0.14890099  0.00440023  0.36688019]
[2024-04-19 19:48:52,467][root][INFO] - y: [ 0.00303842  0.03076161  0.00350159 -0.01682262]
[2024-04-19 19:48:52,467][root][INFO] - Reward: -0.05136661804121756
[2024-04-19 19:48:52,468][root][INFO] - --------------- Start iteration i=48 ---------------
[2024-04-19 19:48:52,468][root][INFO] - Length of data.x: 49
[2024-04-19 19:48:52,468][root][INFO] - Length of data.y: 49
[2024-04-19 19:48:52,637][root][INFO] - x: [ 0.03176252  0.06114581 -0.1453994  -0.0124224   0.14706473]
[2024-04-19 19:48:52,637][root][INFO] - y: [ 0.00611458 -0.00059914 -0.00988544 -0.04385032]
[2024-04-19 19:48:52,637][root][INFO] - Reward: -0.10890275383737358
[2024-04-19 19:48:52,638][root][INFO] - --------------- Start iteration i=49 ---------------
[2024-04-19 19:48:52,638][root][INFO] - Length of data.x: 50
[2024-04-19 19:48:52,638][root][INFO] - Length of data.y: 50
[2024-04-19 19:48:52,808][root][INFO] - x: [ 0.0378771   0.06054667 -0.15528484 -0.05627272  0.75883345]
[2024-04-19 19:48:52,808][root][INFO] - y: [ 0.00605467  0.08682979 -0.04478045  0.03067249]
[2024-04-19 19:48:52,808][root][INFO] - Reward: -0.1521930135473445
[2024-04-19 19:48:52,808][root][INFO] - Explore episode complete with return -19.437237556907863, resetting
[2024-04-19 19:48:52,808][root][INFO] - Exploration Episode Rewards: [-0.9999902364316499, -0.9999900436189234, -0.9999915155946874, -0.9999945788393604, -0.9999972382550499, -0.9999988504763462, -0.9999994383594971, -0.999999173264076, -0.9999817824045621, -0.9963429435904523, -0.8989996056599657, -0.7139296877142717, -0.7407147324744554, -0.9400206170878587, -0.9987141346695935, -0.9999968993402527, -0.9999999815434961, -0.9999987571817206, -0.9945843508767458, -0.5993849637863575, -0.20729831627771245, -0.03484732403489588, -0.05136661804121756, -0.10890275383737358, -0.1521930135473445]
[2024-04-19 19:48:52,810][root][INFO] - --------------- Start iteration i=50 ---------------
[2024-04-19 19:48:52,810][root][INFO] - Length of data.x: 51
[2024-04-19 19:48:52,810][root][INFO] - Length of data.y: 51
[2024-04-19 19:49:00,679][root][INFO] - Eval Returns: [-16.23462692 -16.20712244 -14.44318087 -17.4009962  -15.52529498]
[2024-04-19 19:49:00,684][root][INFO] - Eval Returns: mean=-15.962 std=0.970
[2024-04-19 19:49:00,684][root][INFO] - Eval ndata: 51.000
[2024-04-19 19:49:00,685][root][INFO] - Model MSE (current real MPC): 0.448
[2024-04-19 19:49:01,775][root][INFO] - Model MSE (random test set): 0.008
[2024-04-19 19:49:01,775][root][INFO] - Model MSE (GT MPC): 0.000
[2024-04-19 19:49:01,775][root][INFO] - Model Likelihood (random test set): -3.708
[2024-04-19 19:49:01,775][root][INFO] - Model Likelihood (GT MPC): -3.683
[2024-04-19 19:49:01,776][root][INFO] - *[TIME] [Evaluate the current MPC policy] Elapsed: 8.80 seconds
[2024-04-19 19:49:04,268][root][INFO] - x: [-5.55450690e-04  2.25153834e-03 -9.95630851e-01  6.22221705e-04
  4.15062869e-01]
[2024-04-19 19:49:04,269][root][INFO] - y: [ 0.00022515  0.06717523  0.00049515 -0.06851701]
[2024-04-19 19:49:04,269][root][INFO] - Reward: -0.9999900694939996
[2024-04-19 19:49:05,249][root][INFO] - --------------- Start iteration i=51 ---------------
[2024-04-19 19:49:05,249][root][INFO] - Length of data.x: 52
[2024-04-19 19:49:05,250][root][INFO] - Length of data.y: 52
[2024-04-19 19:49:05,444][root][INFO] - x: [-3.30296856e-04  6.94267729e-02 -9.95135702e-01 -6.78947899e-02
  2.44229316e-01]
[2024-04-19 19:49:05,444][root][INFO] - y: [ 0.00694268  0.03896648 -0.054029   -0.04046278]
[2024-04-19 19:49:05,444][root][INFO] - Reward: -0.9999906866826134
[2024-04-19 19:49:05,445][root][INFO] - --------------- Start iteration i=52 ---------------
[2024-04-19 19:49:05,445][root][INFO] - Length of data.x: 53
[2024-04-19 19:49:05,445][root][INFO] - Length of data.y: 53
[2024-04-19 19:49:05,619][root][INFO] - x: [ 0.00661238  0.10839326  0.9508353  -0.10835757  0.11336045]
[2024-04-19 19:49:05,619][root][INFO] - y: [ 0.01083933  0.00467093 -0.08622828  0.0104922 ]
[2024-04-19 19:49:05,619][root][INFO] - Reward: -0.999993487069948
[2024-04-19 19:49:05,621][root][INFO] - --------------- Start iteration i=53 ---------------
[2024-04-19 19:49:05,621][root][INFO] - Length of data.x: 54
[2024-04-19 19:49:05,621][root][INFO] - Length of data.y: 54
[2024-04-19 19:49:05,792][root][INFO] - x: [ 0.01745171  0.11306419  0.86460701 -0.09786537  0.17532399]
[2024-04-19 19:49:05,792][root][INFO] - y: [ 0.01130642 -0.00166198 -0.07787885  0.04203526]
[2024-04-19 19:49:05,792][root][INFO] - Reward: -0.9999967950714378
[2024-04-19 19:49:05,794][root][INFO] - --------------- Start iteration i=54 ---------------
[2024-04-19 19:49:05,794][root][INFO] - Length of data.x: 55
[2024-04-19 19:49:05,794][root][INFO] - Length of data.y: 55
[2024-04-19 19:49:05,966][root][INFO] - x: [ 0.02875812  0.11140221  0.78672817 -0.05583011 -0.05671806]
[2024-04-19 19:49:05,966][root][INFO] - y: [ 0.01114022 -0.0344652  -0.04442822  0.08799624]
[2024-04-19 19:49:05,966][root][INFO] - Reward: -0.9999989636796799
[2024-04-19 19:49:05,967][root][INFO] - --------------- Start iteration i=55 ---------------
[2024-04-19 19:49:05,967][root][INFO] - Length of data.x: 56
[2024-04-19 19:49:05,967][root][INFO] - Length of data.y: 56
[2024-04-19 19:49:06,139][root][INFO] - x: [ 0.03989835  0.07693701  0.74229994  0.03216613 -0.31235898]
[2024-04-19 19:49:06,140][root][INFO] - y: [ 0.0076937  -0.06219627  0.02559701  0.11399994]
[2024-04-19 19:49:06,140][root][INFO] - Reward: -0.999999665752054
[2024-04-19 19:49:06,141][root][INFO] - --------------- Start iteration i=56 ---------------
[2024-04-19 19:49:06,141][root][INFO] - Length of data.x: 57
[2024-04-19 19:49:06,141][root][INFO] - Length of data.y: 57
[2024-04-19 19:49:06,315][root][INFO] - x: [ 0.04759205  0.01474074  0.76789696  0.14616607 -0.22947037]
[2024-04-19 19:49:06,315][root][INFO] - y: [ 0.00147407 -0.06915723  0.11631536  0.11699844]
[2024-04-19 19:49:06,315][root][INFO] - Reward: -0.9999996052382355
[2024-04-19 19:49:06,316][root][INFO] - --------------- Start iteration i=57 ---------------
[2024-04-19 19:49:06,316][root][INFO] - Length of data.x: 58
[2024-04-19 19:49:06,316][root][INFO] - Length of data.y: 58
[2024-04-19 19:49:06,490][root][INFO] - x: [ 0.04906612 -0.05441649  0.88421231  0.26316451 -0.30147068]
[2024-04-19 19:49:06,490][root][INFO] - y: [-0.00544165 -0.09658128  0.20941983  0.1252002 ]
[2024-04-19 19:49:06,490][root][INFO] - Reward: -0.9999906566336018
[2024-04-19 19:49:06,492][root][INFO] - --------------- Start iteration i=58 ---------------
[2024-04-19 19:49:06,492][root][INFO] - Length of data.x: 59
[2024-04-19 19:49:06,492][root][INFO] - Length of data.y: 59
[2024-04-19 19:49:06,666][root][INFO] - x: [ 0.04362447 -0.15099778 -0.90636785  0.38836471 -0.19484071]
[2024-04-19 19:49:06,666][root][INFO] - y: [-0.01509978  0.0506314   0.30905107 -0.07692801]
[2024-04-19 19:49:06,666][root][INFO] - Reward: -0.99604679481392
[2024-04-19 19:49:06,668][root][INFO] - --------------- Start iteration i=59 ---------------
[2024-04-19 19:49:06,668][root][INFO] - Length of data.x: 60
[2024-04-19 19:49:06,668][root][INFO] - Length of data.y: 60
[2024-04-19 19:49:06,842][root][INFO] - x: [ 0.02852469 -0.10036638 -0.59731679  0.3114367  -0.19158408]
[2024-04-19 19:49:06,842][root][INFO] - y: [-0.01003664  0.08191204  0.24783365 -0.11830079]
[2024-04-19 19:49:06,842][root][INFO] - Reward: -0.8395915527518258
[2024-04-19 19:49:06,844][root][INFO] - --------------- Start iteration i=60 ---------------
[2024-04-19 19:49:06,844][root][INFO] - Length of data.x: 61
[2024-04-19 19:49:06,844][root][INFO] - Length of data.y: 61
[2024-04-19 19:49:15,224][root][INFO] - Eval Returns: [-16.09965102 -15.69317477 -11.32232778 -13.53849963 -12.04496392]
[2024-04-19 19:49:15,229][root][INFO] - Eval Returns: mean=-13.740 std=1.905
[2024-04-19 19:49:15,229][root][INFO] - Eval ndata: 61.000
[2024-04-19 19:49:15,229][root][INFO] - Model MSE (current real MPC): 0.320
[2024-04-19 19:49:16,342][root][INFO] - Model MSE (random test set): 0.008
[2024-04-19 19:49:16,343][root][INFO] - Model MSE (GT MPC): 0.000
[2024-04-19 19:49:16,343][root][INFO] - Model Likelihood (random test set): -3.707
[2024-04-19 19:49:16,343][root][INFO] - Model Likelihood (GT MPC): -3.683
[2024-04-19 19:49:16,343][root][INFO] - *[TIME] [Evaluate the current MPC policy] Elapsed: 9.32 seconds
[2024-04-19 19:49:18,957][root][INFO] - x: [ 0.01848806 -0.01845434 -0.34948313  0.19313591 -0.04404921]
[2024-04-19 19:49:18,957][root][INFO] - y: [-0.00184543  0.01299185  0.1536928  -0.08150732]
[2024-04-19 19:49:18,958][root][INFO] - Reward: -0.29907352888420147
[2024-04-19 19:49:20,081][root][INFO] - --------------- Start iteration i=61 ---------------
[2024-04-19 19:49:20,081][root][INFO] - Length of data.x: 62
[2024-04-19 19:49:20,081][root][INFO] - Length of data.y: 62
[2024-04-19 19:49:20,285][root][INFO] - x: [ 0.01664262 -0.00546249 -0.19579033  0.1116286   0.1022579 ]
[2024-04-19 19:49:20,286][root][INFO] - y: [-0.00054625 -0.00044449  0.08883129 -0.05702781]
[2024-04-19 19:49:20,286][root][INFO] - Reward: -0.019690399268160075
[2024-04-19 19:49:20,287][root][INFO] - --------------- Start iteration i=62 ---------------
[2024-04-19 19:49:20,287][root][INFO] - Length of data.x: 63
[2024-04-19 19:49:20,287][root][INFO] - Length of data.y: 63
[2024-04-19 19:49:20,474][root][INFO] - x: [ 0.01609637 -0.00590698 -0.10695905  0.05460079  0.04528959]
[2024-04-19 19:49:20,474][root][INFO] - y: [-0.0005907  -0.00894264  0.04344996 -0.04082236]
[2024-04-19 19:49:20,474][root][INFO] - Reward: -0.011514087033031584
[2024-04-19 19:49:20,475][root][INFO] - --------------- Start iteration i=63 ---------------
[2024-04-19 19:49:20,475][root][INFO] - Length of data.x: 64
[2024-04-19 19:49:20,475][root][INFO] - Length of data.y: 64
[2024-04-19 19:49:20,652][root][INFO] - x: [ 0.01550567 -0.01484963 -0.06350909  0.01377842  0.18838897]
[2024-04-19 19:49:20,652][root][INFO] - y: [-0.00148496  0.0185528   0.01096453 -0.00127833]
[2024-04-19 19:49:20,652][root][INFO] - Reward: -0.014281850065341994
[2024-04-19 19:49:20,654][root][INFO] - --------------- Start iteration i=64 ---------------
[2024-04-19 19:49:20,654][root][INFO] - Length of data.x: 65
[2024-04-19 19:49:20,654][root][INFO] - Length of data.y: 65
[2024-04-19 19:49:20,831][root][INFO] - x: [ 0.01402071  0.00370318 -0.05254456  0.01250009  0.13452622]
[2024-04-19 19:49:20,831][root][INFO] - y: [ 0.00037032  0.01176248  0.00994726 -0.00453411]
[2024-04-19 19:49:20,832][root][INFO] - Reward: -0.032317003787182164
[2024-04-19 19:49:20,833][root][INFO] - --------------- Start iteration i=65 ---------------
[2024-04-19 19:49:20,833][root][INFO] - Length of data.x: 66
[2024-04-19 19:49:20,833][root][INFO] - Length of data.y: 66
[2024-04-19 19:49:21,011][root][INFO] - x: [ 0.01439103  0.01546566 -0.0425973   0.00796598 -0.10993506]
[2024-04-19 19:49:21,011][root][INFO] - y: [ 0.00154657 -0.02534471  0.00633913 -0.03822036]
[2024-04-19 19:49:21,011][root][INFO] - Reward: -0.06445812797363681
[2024-04-19 19:49:21,013][root][INFO] - --------------- Start iteration i=66 ---------------
[2024-04-19 19:49:21,013][root][INFO] - Length of data.x: 67
[2024-04-19 19:49:21,013][root][INFO] - Length of data.y: 67
[2024-04-19 19:49:21,192][root][INFO] - x: [ 0.0159376  -0.00987905 -0.03625816 -0.03025438  0.20685921]
[2024-04-19 19:49:21,192][root][INFO] - y: [-0.0009879   0.02655221 -0.02407569  0.01521851]
[2024-04-19 19:49:21,193][root][INFO] - Reward: -0.011486208325004799
[2024-04-19 19:49:21,194][root][INFO] - --------------- Start iteration i=67 ---------------
[2024-04-19 19:49:21,194][root][INFO] - Length of data.x: 68
[2024-04-19 19:49:21,194][root][INFO] - Length of data.y: 68
[2024-04-19 19:49:21,373][root][INFO] - x: [ 0.01494969  0.01667316 -0.06033385 -0.01503586  0.16011511]
[2024-04-19 19:49:21,373][root][INFO] - y: [ 0.00166732  0.01421049 -0.01196517 -0.004546  ]
[2024-04-19 19:49:21,374][root][INFO] - Reward: -0.009570818688516392
[2024-04-19 19:49:21,375][root][INFO] - --------------- Start iteration i=68 ---------------
[2024-04-19 19:49:21,375][root][INFO] - Length of data.x: 69
[2024-04-19 19:49:21,375][root][INFO] - Length of data.y: 69
[2024-04-19 19:49:21,555][root][INFO] - x: [ 0.01661701  0.03088365 -0.07229902 -0.01958187  0.19436039]
[2024-04-19 19:49:21,556][root][INFO] - y: [ 0.00308836  0.01728012 -0.01558277 -0.00527697]
[2024-04-19 19:49:21,556][root][INFO] - Reward: -0.013021426912170453
[2024-04-19 19:49:21,557][root][INFO] - --------------- Start iteration i=69 ---------------
[2024-04-19 19:49:21,557][root][INFO] - Length of data.x: 70
[2024-04-19 19:49:21,557][root][INFO] - Length of data.y: 70
[2024-04-19 19:49:21,737][root][INFO] - x: [ 0.01970537  0.04816376 -0.08788179 -0.02485884  0.21493301]
[2024-04-19 19:49:21,737][root][INFO] - y: [ 0.00481638  0.01763221 -0.01978205 -0.00980431]
[2024-04-19 19:49:21,738][root][INFO] - Reward: -0.02592245008558025
[2024-04-19 19:49:21,739][root][INFO] - --------------- Start iteration i=70 ---------------
[2024-04-19 19:49:21,739][root][INFO] - Length of data.x: 71
[2024-04-19 19:49:21,739][root][INFO] - Length of data.y: 71
[2024-04-19 19:49:30,874][root][INFO] - Eval Returns: [-13.86507341 -16.80082589 -16.8978593  -18.0850942  -16.89010645]
[2024-04-19 19:49:30,879][root][INFO] - Eval Returns: mean=-16.508 std=1.404
[2024-04-19 19:49:30,879][root][INFO] - Eval ndata: 71.000
[2024-04-19 19:49:30,879][root][INFO] - Model MSE (current real MPC): 0.384
[2024-04-19 19:49:31,990][root][INFO] - Model MSE (random test set): 0.006
[2024-04-19 19:49:31,990][root][INFO] - Model MSE (GT MPC): 0.000
[2024-04-19 19:49:31,990][root][INFO] - Model Likelihood (random test set): -3.702
[2024-04-19 19:49:31,990][root][INFO] - Model Likelihood (GT MPC): -3.682
[2024-04-19 19:49:31,990][root][INFO] - *[TIME] [Evaluate the current MPC policy] Elapsed: 10.07 seconds
[2024-04-19 19:49:34,532][root][INFO] - x: [ 0.02452175  0.06579597 -0.10766384 -0.03466315  0.25550785]
[2024-04-19 19:49:34,532][root][INFO] - y: [ 0.0065796   0.02062097 -0.02758408 -0.01313242]
[2024-04-19 19:49:34,532][root][INFO] - Reward: -0.053714017128134284
[2024-04-19 19:49:35,480][root][INFO] - --------------- Start iteration i=71 ---------------
[2024-04-19 19:49:35,481][root][INFO] - Length of data.x: 72
[2024-04-19 19:49:35,481][root][INFO] - Length of data.y: 72
[2024-04-19 19:49:35,670][root][INFO] - x: [ 0.03110135  0.08641694 -0.13524792 -0.04779558  0.16849908]
[2024-04-19 19:49:35,670][root][INFO] - y: [ 0.00864169  0.00441137 -0.03803454 -0.03646125]
[2024-04-19 19:49:35,670][root][INFO] - Reward: -0.1133537518710177
[2024-04-19 19:49:35,672][root][INFO] - --------------- Start iteration i=72 ---------------
[2024-04-19 19:49:35,672][root][INFO] - Length of data.x: 73
[2024-04-19 19:49:35,672][root][INFO] - Length of data.y: 73
[2024-04-19 19:49:35,853][root][INFO] - x: [ 0.03974304  0.09082831 -0.17328246 -0.08425683 -0.10410471]
[2024-04-19 19:49:35,854][root][INFO] - y: [ 0.00908283 -0.03333397 -0.06704951 -0.07937224]
[2024-04-19 19:49:35,854][root][INFO] - Reward: -0.22910199178314072
[2024-04-19 19:49:35,855][root][INFO] - --------------- Start iteration i=73 ---------------
[2024-04-19 19:49:35,855][root][INFO] - Length of data.x: 74
[2024-04-19 19:49:35,855][root][INFO] - Length of data.y: 74
[2024-04-19 19:49:36,038][root][INFO] - x: [ 0.04882587  0.05749434 -0.24033197 -0.16362908 -0.51204348]
[2024-04-19 19:49:36,038][root][INFO] - y: [ 0.00574943 -0.06610259 -0.13021199 -0.11543663]
[2024-04-19 19:49:36,038][root][INFO] - Reward: -0.6508863026606193
[2024-04-19 19:49:36,040][root][INFO] - --------------- Start iteration i=74 ---------------
[2024-04-19 19:49:36,040][root][INFO] - Length of data.x: 75
[2024-04-19 19:49:36,040][root][INFO] - Length of data.y: 75
[2024-04-19 19:49:36,222][root][INFO] - x: [ 0.0545753  -0.00860825 -0.37054396 -0.2790657  -0.5617434 ]
[2024-04-19 19:49:36,222][root][INFO] - y: [-0.00086082 -0.00256266 -0.22207361 -0.09120372]
[2024-04-19 19:49:36,223][root][INFO] - Reward: -0.9916103980774256
[2024-04-19 19:49:36,223][root][INFO] - Explore episode complete with return -12.37560063973048, resetting
[2024-04-19 19:49:36,223][root][INFO] - Exploration Episode Rewards: [-0.9999900694939996, -0.9999906866826134, -0.999993487069948, -0.9999967950714378, -0.9999989636796799, -0.999999665752054, -0.9999996052382355, -0.9999906566336018, -0.99604679481392, -0.8395915527518258, -0.29907352888420147, -0.019690399268160075, -0.011514087033031584, -0.014281850065341994, -0.032317003787182164, -0.06445812797363681, -0.011486208325004799, -0.009570818688516392, -0.013021426912170453, -0.02592245008558025, -0.053714017128134284, -0.1133537518710177, -0.22910199178314072, -0.6508863026606193, -0.9916103980774256]
[2024-04-19 19:49:36,224][root][INFO] - --------------- Start iteration i=75 ---------------
[2024-04-19 19:49:36,224][root][INFO] - Length of data.x: 76
[2024-04-19 19:49:36,224][root][INFO] - Length of data.y: 76
[2024-04-19 19:49:36,407][root][INFO] - x: [-7.76065026e-04 -1.36503061e-03  9.95678933e-01  3.09491379e-04
 -1.95914990e-01]
[2024-04-19 19:49:36,407][root][INFO] - y: [-0.0001365  -0.0321209   0.00024629  0.03345121]
[2024-04-19 19:49:36,407][root][INFO] - Reward: -0.9999900612810226
[2024-04-19 19:49:36,409][root][INFO] - --------------- Start iteration i=76 ---------------
[2024-04-19 19:49:36,409][root][INFO] - Length of data.x: 77
[2024-04-19 19:49:36,409][root][INFO] - Length of data.y: 77
[2024-04-19 19:49:36,592][root][INFO] - x: [-9.12568087e-04 -3.34859291e-02  9.95925219e-01  3.37607042e-02
 -4.66442461e-01]
[2024-04-19 19:49:36,593][root][INFO] - y: [-0.00334859 -0.07486386  0.02686594  0.07611503]
[2024-04-19 19:49:36,593][root][INFO] - Reward: -0.9999903546275151
[2024-04-19 19:49:36,594][root][INFO] - --------------- Start iteration i=77 ---------------
[2024-04-19 19:49:36,594][root][INFO] - Length of data.x: 78
[2024-04-19 19:49:36,594][root][INFO] - Length of data.y: 78
[2024-04-19 19:49:36,778][root][INFO] - x: [-0.00426116 -0.10834979 -0.97720884  0.10987573 -0.14087764]
[2024-04-19 19:49:36,778][root][INFO] - y: [-0.01083498 -0.01525997  0.0874364   0.00819546]
[2024-04-19 19:49:36,778][root][INFO] - Reward: -0.9999928776588289
[2024-04-19 19:49:36,780][root][INFO] - --------------- Start iteration i=78 ---------------
[2024-04-19 19:49:36,780][root][INFO] - Length of data.x: 79
[2024-04-19 19:49:36,780][root][INFO] - Length of data.y: 79
[2024-04-19 19:49:36,963][root][INFO] - x: [-0.01509614 -0.12360976 -0.88977244  0.11807119 -0.1576161 ]
[2024-04-19 19:49:36,963][root][INFO] - y: [-0.01236098  0.00249528  0.09395814 -0.03567747]
[2024-04-19 19:49:36,964][root][INFO] - Reward: -0.9999964740752482
[2024-04-19 19:49:36,965][root][INFO] - --------------- Start iteration i=79 ---------------
[2024-04-19 19:49:36,965][root][INFO] - Length of data.x: 80
[2024-04-19 19:49:36,965][root][INFO] - Length of data.y: 80
[2024-04-19 19:49:37,149][root][INFO] - x: [-0.02745712 -0.12111448 -0.7958143   0.08239372  0.12374352]
[2024-04-19 19:49:37,149][root][INFO] - y: [-0.01211145  0.04616112  0.06556689 -0.0957454 ]
[2024-04-19 19:49:37,150][root][INFO] - Reward: -0.9999988462029902
[2024-04-19 19:49:37,151][root][INFO] - --------------- Start iteration i=80 ---------------
[2024-04-19 19:49:37,151][root][INFO] - Length of data.x: 81
[2024-04-19 19:49:37,151][root][INFO] - Length of data.y: 81
[2024-04-19 19:49:46,519][root][INFO] - Eval Returns: [-16.29094559 -15.54615975 -15.15398331 -13.75667802 -10.43353881]
[2024-04-19 19:49:46,524][root][INFO] - Eval Returns: mean=-14.236 std=2.072
[2024-04-19 19:49:46,524][root][INFO] - Eval ndata: 81.000
[2024-04-19 19:49:46,524][root][INFO] - Model MSE (current real MPC): 0.352
[2024-04-19 19:49:47,653][root][INFO] - Model MSE (random test set): 0.005
[2024-04-19 19:49:47,654][root][INFO] - Model MSE (GT MPC): 0.000
[2024-04-19 19:49:47,654][root][INFO] - Model Likelihood (random test set): -3.700
[2024-04-19 19:49:47,654][root][INFO] - Model Likelihood (GT MPC): -3.682
[2024-04-19 19:49:47,654][root][INFO] - *[TIME] [Evaluate the current MPC policy] Elapsed: 10.32 seconds
[2024-04-19 19:49:50,209][root][INFO] - x: [-0.03956856 -0.07495336 -0.73024741 -0.01335168  0.18148066]
[2024-04-19 19:49:50,209][root][INFO] - y: [-0.00749534  0.04462515 -0.01062494 -0.10314761]
[2024-04-19 19:49:50,209][root][INFO] - Reward: -0.9999996155991709
[2024-04-19 19:49:51,154][root][INFO] - --------------- Start iteration i=81 ---------------
[2024-04-19 19:49:51,154][root][INFO] - Length of data.x: 82
[2024-04-19 19:49:51,154][root][INFO] - Length of data.y: 82
[2024-04-19 19:49:51,369][root][INFO] - x: [-0.0470639  -0.03032822 -0.74087235 -0.1164993  -0.15626177]
[2024-04-19 19:49:51,369][root][INFO] - y: [-0.00303282  0.01495383 -0.09270727 -0.08166677]
[2024-04-19 19:49:51,369][root][INFO] - Reward: -0.9999997392491761
[2024-04-19 19:49:51,371][root][INFO] - --------------- Start iteration i=82 ---------------
[2024-04-19 19:49:51,371][root][INFO] - Length of data.x: 83
[2024-04-19 19:49:51,371][root][INFO] - Length of data.y: 83
[2024-04-19 19:49:51,567][root][INFO] - x: [-0.05009672 -0.01537438 -0.83357962 -0.19816607  0.3198291 ]
[2024-04-19 19:49:51,567][root][INFO] - y: [-0.00153744  0.09248611 -0.15769567 -0.12916534]
[2024-04-19 19:49:51,567][root][INFO] - Reward: -0.9999989706327368
[2024-04-19 19:49:51,569][root][INFO] - --------------- Start iteration i=83 ---------------
[2024-04-19 19:49:51,569][root][INFO] - Length of data.x: 84
[2024-04-19 19:49:51,569][root][INFO] - Length of data.y: 84
[2024-04-19 19:49:51,755][root][INFO] - x: [-0.05163416  0.07711173 -0.99127529 -0.32733141  0.46590319]
[2024-04-19 19:49:51,756][root][INFO] - y: [ 0.00771117  0.07929436 -0.26048227 -0.08195609]
[2024-04-19 19:49:51,756][root][INFO] - Reward: -0.9997649577277197
[2024-04-19 19:49:51,757][root][INFO] - --------------- Start iteration i=84 ---------------
[2024-04-19 19:49:51,758][root][INFO] - Length of data.x: 85
[2024-04-19 19:49:51,758][root][INFO] - Length of data.y: 85
[2024-04-19 19:49:51,944][root][INFO] - x: [-0.04392299  0.15640609  0.74824244 -0.4092875   0.30972917]
[2024-04-19 19:49:51,944][root][INFO] - y: [ 0.01564061 -0.12357769 -0.32570091  0.156719  ]
[2024-04-19 19:49:51,944][root][INFO] - Reward: -0.9071648976342339
[2024-04-19 19:49:51,946][root][INFO] - --------------- Start iteration i=85 ---------------
[2024-04-19 19:49:51,946][root][INFO] - Length of data.x: 86
[2024-04-19 19:49:51,946][root][INFO] - Length of data.y: 86
[2024-04-19 19:49:52,132][root][INFO] - x: [-0.02828238  0.0328284   0.42254153 -0.2525685   0.27037614]
[2024-04-19 19:49:52,132][root][INFO] - y: [ 0.00328284 -0.02322676 -0.20098779  0.08971032]
[2024-04-19 19:49:52,132][root][INFO] - Reward: -0.25992318494270317
[2024-04-19 19:49:52,134][root][INFO] - --------------- Start iteration i=86 ---------------
[2024-04-19 19:49:52,134][root][INFO] - Length of data.x: 87
[2024-04-19 19:49:52,134][root][INFO] - Length of data.y: 87
[2024-04-19 19:49:52,320][root][INFO] - x: [-0.02499954  0.00960164  0.22155374 -0.16285818  0.18734364]
[2024-04-19 19:49:52,321][root][INFO] - y: [ 0.00096016  0.02671395 -0.12959852  0.08346368]
[2024-04-19 19:49:52,321][root][INFO] - Reward: -0.04261189356907058
[2024-04-19 19:49:52,322][root][INFO] - --------------- Start iteration i=87 ---------------
[2024-04-19 19:49:52,322][root][INFO] - Length of data.x: 88
[2024-04-19 19:49:52,323][root][INFO] - Length of data.y: 88
[2024-04-19 19:49:52,512][root][INFO] - x: [-0.02403938  0.03631559  0.09195522 -0.07939449 -0.06567859]
[2024-04-19 19:49:52,513][root][INFO] - y: [ 0.00363156  0.00219945 -0.06318018  0.03008394]
[2024-04-19 19:49:52,513][root][INFO] - Reward: -0.16459430518994067
[2024-04-19 19:49:52,514][root][INFO] - --------------- Start iteration i=88 ---------------
[2024-04-19 19:49:52,514][root][INFO] - Length of data.x: 89
[2024-04-19 19:49:52,514][root][INFO] - Length of data.y: 89
[2024-04-19 19:49:52,703][root][INFO] - x: [-0.02040782  0.03851504  0.02877504 -0.04931056  0.23936024]
[2024-04-19 19:49:52,703][root][INFO] - y: [ 0.0038515   0.04244196 -0.03924013  0.05113379]
[2024-04-19 19:49:52,703][root][INFO] - Reward: -0.24016000782575575
[2024-04-19 19:49:52,705][root][INFO] - --------------- Start iteration i=89 ---------------
[2024-04-19 19:49:52,705][root][INFO] - Length of data.x: 90
[2024-04-19 19:49:52,705][root][INFO] - Length of data.y: 90
[2024-04-19 19:49:52,893][root][INFO] - x: [-0.01655631  0.080957   -0.01046509  0.00182323 -0.14148568]
[2024-04-19 19:49:52,893][root][INFO] - y: [ 0.0080957  -0.02585182  0.00145088 -0.02906579]
[2024-04-19 19:49:52,893][root][INFO] - Reward: -0.07925592603749276
[2024-04-19 19:49:52,895][root][INFO] - --------------- Start iteration i=90 ---------------
[2024-04-19 19:49:52,895][root][INFO] - Length of data.x: 91
[2024-04-19 19:49:52,895][root][INFO] - Length of data.y: 91
[2024-04-19 19:50:02,775][root][INFO] - Eval Returns: [-13.81762637 -14.24217963 -13.10981862 -15.16943747 -15.71085042]
[2024-04-19 19:50:02,780][root][INFO] - Eval Returns: mean=-14.410 std=0.932
[2024-04-19 19:50:02,780][root][INFO] - Eval ndata: 91.000
[2024-04-19 19:50:02,780][root][INFO] - Model MSE (current real MPC): 0.288
[2024-04-19 19:50:03,908][root][INFO] - Model MSE (random test set): 0.005
[2024-04-19 19:50:03,909][root][INFO] - Model MSE (GT MPC): 0.000
[2024-04-19 19:50:03,909][root][INFO] - Model Likelihood (random test set): -3.700
[2024-04-19 19:50:03,909][root][INFO] - Model Likelihood (GT MPC): -3.681
[2024-04-19 19:50:03,909][root][INFO] - *[TIME] [Evaluate the current MPC policy] Elapsed: 10.83 seconds
[2024-04-19 19:50:06,621][root][INFO] - x: [-0.00846061  0.05510519 -0.0090142  -0.02724255  0.17444647]
[2024-04-19 19:50:06,621][root][INFO] - y: [ 0.00551052  0.0253814  -0.02167895  0.02259068]
[2024-04-19 19:50:06,621][root][INFO] - Reward: -0.059163310084750065
[2024-04-19 19:50:07,509][root][INFO] - --------------- Start iteration i=91 ---------------
[2024-04-19 19:50:07,509][root][INFO] - Length of data.x: 92
[2024-04-19 19:50:07,509][root][INFO] - Length of data.y: 92
[2024-04-19 19:50:07,719][root][INFO] - x: [-0.00295009  0.08048659 -0.03069316 -0.00465187  0.03910095]
[2024-04-19 19:50:07,719][root][INFO] - y: [ 0.00804866 -0.00067101 -0.00370185 -0.01012219]
[2024-04-19 19:50:07,719][root][INFO] - Reward: -0.001602861604280692
[2024-04-19 19:50:07,721][root][INFO] - --------------- Start iteration i=92 ---------------
[2024-04-19 19:50:07,721][root][INFO] - Length of data.x: 93
[2024-04-19 19:50:07,721][root][INFO] - Length of data.y: 93
[2024-04-19 19:50:07,914][root][INFO] - x: [ 0.00509857  0.07981558 -0.03439501 -0.01477406 -0.06210446]
[2024-04-19 19:50:07,914][root][INFO] - y: [ 0.00798156 -0.01737437 -0.01175684 -0.0278634 ]
[2024-04-19 19:50:07,915][root][INFO] - Reward: -0.015758276777141922
[2024-04-19 19:50:07,916][root][INFO] - --------------- Start iteration i=93 ---------------
[2024-04-19 19:50:07,916][root][INFO] - Length of data.x: 94
[2024-04-19 19:50:07,916][root][INFO] - Length of data.y: 94
[2024-04-19 19:50:08,108][root][INFO] - x: [ 0.01308012  0.06244121 -0.04615184 -0.04263747  0.11585798]
[2024-04-19 19:50:08,109][root][INFO] - y: [ 0.00624412  0.00939099 -0.03392984 -0.00489575]
[2024-04-19 19:50:08,109][root][INFO] - Reward: -0.01809180220459794
[2024-04-19 19:50:08,110][root][INFO] - --------------- Start iteration i=94 ---------------
[2024-04-19 19:50:08,110][root][INFO] - Length of data.x: 95
[2024-04-19 19:50:08,110][root][INFO] - Length of data.y: 95
[2024-04-19 19:50:08,303][root][INFO] - x: [ 0.01932425  0.07183221 -0.08008169 -0.04753321  0.09003755]
[2024-04-19 19:50:08,303][root][INFO] - y: [ 0.00718322 -0.00010155 -0.03782576 -0.02454409]
[2024-04-19 19:50:08,303][root][INFO] - Reward: -0.031088568408363493
[2024-04-19 19:50:08,305][root][INFO] - --------------- Start iteration i=95 ---------------
[2024-04-19 19:50:08,305][root][INFO] - Length of data.x: 96
[2024-04-19 19:50:08,305][root][INFO] - Length of data.y: 96
[2024-04-19 19:50:08,497][root][INFO] - x: [ 0.02650747  0.07173065 -0.11790744 -0.07207731  0.38463244]
[2024-04-19 19:50:08,497][root][INFO] - y: [ 0.00717307  0.0401731  -0.05735734  0.00189962]
[2024-04-19 19:50:08,498][root][INFO] - Reward: -0.06489531597931109
[2024-04-19 19:50:08,499][root][INFO] - --------------- Start iteration i=96 ---------------
[2024-04-19 19:50:08,499][root][INFO] - Length of data.x: 97
[2024-04-19 19:50:08,499][root][INFO] - Length of data.y: 97
[2024-04-19 19:50:08,693][root][INFO] - x: [ 0.03368053  0.11190375 -0.17526479 -0.07017768 -0.26968373]
[2024-04-19 19:50:08,693][root][INFO] - y: [ 0.01119038 -0.05784508 -0.05584567 -0.10067485]
[2024-04-19 19:50:08,693][root][INFO] - Reward: -0.18410270264688622
[2024-04-19 19:50:08,695][root][INFO] - --------------- Start iteration i=97 ---------------
[2024-04-19 19:50:08,695][root][INFO] - Length of data.x: 98
[2024-04-19 19:50:08,695][root][INFO] - Length of data.y: 98
[2024-04-19 19:50:08,889][root][INFO] - x: [ 0.04487091  0.05405867 -0.23111046 -0.17085253 -0.27097601]
[2024-04-19 19:50:08,889][root][INFO] - y: [ 0.00540587 -0.03511596 -0.13596023 -0.09145707]
[2024-04-19 19:50:08,890][root][INFO] - Reward: -0.6445242772029862
[2024-04-19 19:50:08,891][root][INFO] - --------------- Start iteration i=98 ---------------
[2024-04-19 19:50:08,891][root][INFO] - Length of data.x: 99
[2024-04-19 19:50:08,891][root][INFO] - Length of data.y: 99
[2024-04-19 19:50:09,086][root][INFO] - x: [ 0.05027677  0.01894271 -0.36707069 -0.2623096  -0.82141151]
[2024-04-19 19:50:09,086][root][INFO] - y: [ 0.00189427 -0.03945381 -0.20873952 -0.10576233]
[2024-04-19 19:50:09,087][root][INFO] - Reward: -0.988077119487928
[2024-04-19 19:50:09,088][root][INFO] - --------------- Start iteration i=99 ---------------
[2024-04-19 19:50:09,088][root][INFO] - Length of data.x: 100
[2024-04-19 19:50:09,088][root][INFO] - Length of data.y: 100
[2024-04-19 19:50:09,284][root][INFO] - x: [ 0.05217104 -0.0205111  -0.57581021 -0.36807194 -0.9976262 ]
[2024-04-19 19:50:09,284][root][INFO] - y: [-0.00205111  0.0329982  -0.29290258 -0.10321298]
[2024-04-19 19:50:09,284][root][INFO] - Reward: -0.9999851548945724
[2024-04-19 19:50:09,284][root][INFO] - Explore episode complete with return -13.700731501544425, resetting
[2024-04-19 19:50:09,284][root][INFO] - Exploration Episode Rewards: [-0.9999900612810226, -0.9999903546275151, -0.9999928776588289, -0.9999964740752482, -0.9999988462029902, -0.9999996155991709, -0.9999997392491761, -0.9999989706327368, -0.9997649577277197, -0.9071648976342339, -0.25992318494270317, -0.04261189356907058, -0.16459430518994067, -0.24016000782575575, -0.07925592603749276, -0.059163310084750065, -0.001602861604280692, -0.015758276777141922, -0.01809180220459794, -0.031088568408363493, -0.06489531597931109, -0.18410270264688622, -0.6445242772029862, -0.988077119487928, -0.9999851548945724]
[2024-04-19 19:50:09,286][root][INFO] - --------------- Start iteration i=100 ---------------
[2024-04-19 19:50:09,286][root][INFO] - Length of data.x: 101
[2024-04-19 19:50:09,286][root][INFO] - Length of data.y: 101
[2024-04-19 19:50:19,751][root][INFO] - Eval Returns: [-11.25501996 -15.7354689  -12.73588899 -15.87185219 -18.81210957]
[2024-04-19 19:50:19,756][root][INFO] - Eval Returns: mean=-14.882 std=2.643
[2024-04-19 19:50:19,756][root][INFO] - Eval ndata: 101.000
[2024-04-19 19:50:19,756][root][INFO] - Model MSE (current real MPC): 0.352
[2024-04-19 19:50:20,917][root][INFO] - Model MSE (random test set): 0.004
[2024-04-19 19:50:20,917][root][INFO] - Model MSE (GT MPC): 0.000
[2024-04-19 19:50:20,917][root][INFO] - Model Likelihood (random test set): -3.699
[2024-04-19 19:50:20,917][root][INFO] - Model Likelihood (GT MPC): -3.681
[2024-04-19 19:50:20,917][root][INFO] - *[TIME] [Evaluate the current MPC policy] Elapsed: 11.44 seconds
[2024-04-19 19:50:23,224][root][INFO] - x: [ 1.28928385e-04  2.57511032e-03 -9.97477203e-01 -1.65497112e-04
 -5.06112960e-01]
[2024-04-19 19:50:23,224][root][INFO] - y: [ 0.00025751 -0.08054913 -0.0001317   0.07976807]
[2024-04-19 19:50:23,224][root][INFO] - Reward: -0.9999900672986678
[2024-04-19 19:50:24,112][root][INFO] - --------------- Start iteration i=101 ---------------
[2024-04-19 19:50:24,112][root][INFO] - Length of data.x: 102
[2024-04-19 19:50:24,112][root][INFO] - Length of data.y: 102
[2024-04-19 19:50:24,322][root][INFO] - x: [ 3.86439417e-04 -7.79740211e-02 -9.97608901e-01  7.96025686e-02
 -2.00531475e-01]
[2024-04-19 19:50:24,323][root][INFO] - y: [-0.0077974  -0.03032227  0.06334576  0.02958351]
[2024-04-19 19:50:24,323][root][INFO] - Reward: -0.9999907179388796
[2024-04-19 19:50:24,325][root][INFO] - --------------- Start iteration i=102 ---------------
[2024-04-19 19:50:24,325][root][INFO] - Length of data.x: 103
[2024-04-19 19:50:24,325][root][INFO] - Length of data.y: 103
[2024-04-19 19:50:24,525][root][INFO] - x: [-0.00741096 -0.10829629 -0.93426314  0.10918608 -0.17987849]
[2024-04-19 19:50:24,525][root][INFO] - y: [-0.01082963 -0.01127141  0.08688759 -0.0091046 ]
[2024-04-19 19:50:24,525][root][INFO] - Reward: -0.9999935048458886
[2024-04-19 19:50:24,527][root][INFO] - --------------- Start iteration i=103 ---------------
[2024-04-19 19:50:24,527][root][INFO] - Length of data.x: 104
[2024-04-19 19:50:24,527][root][INFO] - Length of data.y: 104
[2024-04-19 19:50:24,727][root][INFO] - x: [-0.01824059 -0.1195677  -0.84737555  0.10008148 -0.10960691]
[2024-04-19 19:50:24,728][root][INFO] - y: [-0.01195677  0.01367671  0.07964238 -0.05743635]
[2024-04-19 19:50:24,728][root][INFO] - Reward: -0.9999969956517876
[2024-04-19 19:50:24,730][root][INFO] - --------------- Start iteration i=104 ---------------
[2024-04-19 19:50:24,730][root][INFO] - Length of data.x: 105
[2024-04-19 19:50:24,730][root][INFO] - Length of data.y: 105
[2024-04-19 19:50:24,928][root][INFO] - x: [-0.03019736 -0.10589099 -0.76773317  0.04264513 -0.02804127]
[2024-04-19 19:50:24,928][root][INFO] - y: [-0.0105891   0.02234528  0.03393594 -0.08211964]
[2024-04-19 19:50:24,928][root][INFO] - Reward: -0.9999990408458986
[2024-04-19 19:50:24,930][root][INFO] - --------------- Start iteration i=105 ---------------
[2024-04-19 19:50:24,930][root][INFO] - Length of data.x: 106
[2024-04-19 19:50:24,930][root][INFO] - Length of data.y: 106
[2024-04-19 19:50:25,129][root][INFO] - x: [-0.04078646 -0.08354571 -0.73379723 -0.03947452 -0.00996581]
[2024-04-19 19:50:25,130][root][INFO] - y: [-0.00835457  0.02313762 -0.03141285 -0.08838821]
[2024-04-19 19:50:25,130][root][INFO] - Reward: -0.9999997306795549
[2024-04-19 19:50:25,131][root][INFO] - --------------- Start iteration i=106 ---------------
[2024-04-19 19:50:25,131][root][INFO] - Length of data.x: 107
[2024-04-19 19:50:25,132][root][INFO] - Length of data.y: 107
[2024-04-19 19:50:25,330][root][INFO] - x: [-0.04914103 -0.06040808 -0.76521008 -0.12786272  0.43308841]
[2024-04-19 19:50:25,331][root][INFO] - y: [-0.00604081  0.09130183 -0.10175    -0.13361211]
[2024-04-19 19:50:25,331][root][INFO] - Reward: -0.9999998338576416
[2024-04-19 19:50:25,333][root][INFO] - --------------- Start iteration i=107 ---------------
[2024-04-19 19:50:25,333][root][INFO] - Length of data.x: 108
[2024-04-19 19:50:25,333][root][INFO] - Length of data.y: 108
[2024-04-19 19:50:25,532][root][INFO] - x: [-0.05518184  0.03089374 -0.86696009 -0.26147484  0.28861188]
[2024-04-19 19:50:25,532][root][INFO] - y: [ 0.00308937  0.09934604 -0.20807523 -0.13065326]
[2024-04-19 19:50:25,532][root][INFO] - Reward: -0.9999957288008213
[2024-04-19 19:50:25,534][root][INFO] - --------------- Start iteration i=108 ---------------
[2024-04-19 19:50:25,534][root][INFO] - Length of data.x: 109
[2024-04-19 19:50:25,534][root][INFO] - Length of data.y: 109
[2024-04-19 19:50:25,733][root][INFO] - x: [-0.05209247  0.13023978  0.92496468 -0.3921281   0.2778522 ]
[2024-04-19 19:50:25,733][root][INFO] - y: [ 0.01302398 -0.02408841 -0.31204588  0.04635736]
[2024-04-19 19:50:25,733][root][INFO] - Reward: -0.9957666591517956
[2024-04-19 19:50:25,735][root][INFO] - --------------- Start iteration i=109 ---------------
[2024-04-19 19:50:25,735][root][INFO] - Length of data.x: 110
[2024-04-19 19:50:25,735][root][INFO] - Length of data.y: 110
[2024-04-19 19:50:25,935][root][INFO] - x: [-0.03906849  0.10615137  0.6129188  -0.34577074  0.14602606]
[2024-04-19 19:50:25,935][root][INFO] - y: [ 0.01061514 -0.10846734 -0.27515583  0.12976174]
[2024-04-19 19:50:25,935][root][INFO] - Reward: -0.7027025943102696
[2024-04-19 19:50:25,937][root][INFO] - --------------- Start iteration i=110 ---------------
[2024-04-19 19:50:25,937][root][INFO] - Length of data.x: 111
[2024-04-19 19:50:25,937][root][INFO] - Length of data.y: 111
[2024-04-19 19:50:37,019][root][INFO] - Eval Returns: [-10.46953808 -11.60133076 -13.41022044 -14.63520776 -13.41667703]
[2024-04-19 19:50:37,024][root][INFO] - Eval Returns: mean=-12.707 std=1.480
[2024-04-19 19:50:37,024][root][INFO] - Eval ndata: 111.000
[2024-04-19 19:50:37,024][root][INFO] - Model MSE (current real MPC): 0.256
[2024-04-19 19:50:38,186][root][INFO] - Model MSE (random test set): 0.004
[2024-04-19 19:50:38,186][root][INFO] - Model MSE (GT MPC): 0.000
[2024-04-19 19:50:38,186][root][INFO] - Model Likelihood (random test set): -3.699
[2024-04-19 19:50:38,186][root][INFO] - Model Likelihood (GT MPC): -3.681
[2024-04-19 19:50:38,186][root][INFO] - *[TIME] [Evaluate the current MPC policy] Elapsed: 12.05 seconds
[2024-04-19 19:50:40,359][root][INFO] - x: [-0.02845335 -0.00231596  0.33776297 -0.216009    0.19914719]
[2024-04-19 19:50:40,359][root][INFO] - y: [-0.0002316  -0.00281375 -0.17189464  0.08434585]
[2024-04-19 19:50:40,359][root][INFO] - Reward: -0.050533520203992155
[2024-04-19 19:50:41,318][root][INFO] - --------------- Start iteration i=111 ---------------
[2024-04-19 19:50:41,318][root][INFO] - Length of data.x: 112
[2024-04-19 19:50:41,318][root][INFO] - Length of data.y: 112
[2024-04-19 19:50:41,534][root][INFO] - x: [-0.02868495 -0.00512971  0.16586833 -0.13166315  0.12695773]
[2024-04-19 19:50:41,535][root][INFO] - y: [-0.00051297  0.02863183 -0.10477429  0.07371824]
[2024-04-19 19:50:41,535][root][INFO] - Reward: -0.2236046412955921
[2024-04-19 19:50:41,537][root][INFO] - --------------- Start iteration i=112 ---------------
[2024-04-19 19:50:41,537][root][INFO] - Length of data.x: 113
[2024-04-19 19:50:41,537][root][INFO] - Length of data.y: 113
[2024-04-19 19:50:41,743][root][INFO] - x: [-0.02919792  0.02350212  0.06109404 -0.05794491  0.07584793]
[2024-04-19 19:50:41,743][root][INFO] - y: [ 0.00235021  0.02136541 -0.04611113  0.03970535]
[2024-04-19 19:50:41,744][root][INFO] - Reward: -0.3698178231400203
[2024-04-19 19:50:41,746][root][INFO] - --------------- Start iteration i=113 ---------------
[2024-04-19 19:50:41,746][root][INFO] - Length of data.x: 114
[2024-04-19 19:50:41,746][root][INFO] - Length of data.y: 114
[2024-04-19 19:50:41,950][root][INFO] - x: [-0.02684771  0.04486753  0.0149829  -0.01823957  0.18163928]
[2024-04-19 19:50:41,950][root][INFO] - y: [ 0.00448675  0.03104896 -0.0145146   0.03563515]
[2024-04-19 19:50:41,950][root][INFO] - Reward: -0.32757033702003513
[2024-04-19 19:50:41,952][root][INFO] - --------------- Start iteration i=114 ---------------
[2024-04-19 19:50:41,952][root][INFO] - Length of data.x: 115
[2024-04-19 19:50:41,952][root][INFO] - Length of data.y: 115
[2024-04-19 19:50:42,156][root][INFO] - x: [-0.02236095  0.07591649  0.00046831  0.01739558 -0.15228969]
[2024-04-19 19:50:42,156][root][INFO] - y: [ 0.00759165 -0.02549497  0.01384298 -0.02535046]
[2024-04-19 19:50:42,156][root][INFO] - Reward: -0.11005987554290642
[2024-04-19 19:50:42,158][root][INFO] - --------------- Start iteration i=115 ---------------
[2024-04-19 19:50:42,158][root][INFO] - Length of data.x: 116
[2024-04-19 19:50:42,158][root][INFO] - Length of data.y: 116
[2024-04-19 19:50:42,363][root][INFO] - x: [-0.0147693   0.05042152  0.01431128 -0.00795488 -0.04738206]
[2024-04-19 19:50:42,363][root][INFO] - y: [ 0.00504215 -0.0057397  -0.0063303  -0.0013203 ]
[2024-04-19 19:50:42,363][root][INFO] - Reward: -0.05265651266268001
[2024-04-19 19:50:42,365][root][INFO] - --------------- Start iteration i=116 ---------------
[2024-04-19 19:50:42,365][root][INFO] - Length of data.x: 117
[2024-04-19 19:50:42,365][root][INFO] - Length of data.y: 117
[2024-04-19 19:50:42,573][root][INFO] - x: [-0.00972715  0.04468183  0.00798098 -0.00927518 -0.06696974]
[2024-04-19 19:50:42,573][root][INFO] - y: [ 0.00446818 -0.00995287 -0.00738096 -0.00748783]
[2024-04-19 19:50:42,573][root][INFO] - Reward: -0.020961146223085758
[2024-04-19 19:50:42,575][root][INFO] - --------------- Start iteration i=117 ---------------
[2024-04-19 19:50:42,576][root][INFO] - Length of data.x: 118
[2024-04-19 19:50:42,576][root][INFO] - Length of data.y: 118
[2024-04-19 19:50:42,781][root][INFO] - x: [-0.00525897  0.03472896  0.00060002 -0.01676301  0.03199017]
[2024-04-19 19:50:42,781][root][INFO] - y: [ 0.0034729   0.00467303 -0.01333959  0.00485813]
[2024-04-19 19:50:42,781][root][INFO] - Reward: -0.013927258248982666
[2024-04-19 19:50:42,783][root][INFO] - --------------- Start iteration i=118 ---------------
[2024-04-19 19:50:42,783][root][INFO] - Length of data.x: 119
[2024-04-19 19:50:42,783][root][INFO] - Length of data.y: 119
[2024-04-19 19:50:42,989][root][INFO] - x: [-0.00178607  0.03940198 -0.01273957 -0.01190488 -0.02458799]
[2024-04-19 19:50:42,989][root][INFO] - y: [ 0.0039402  -0.00690498 -0.00947361 -0.01082861]
[2024-04-19 19:50:42,990][root][INFO] - Reward: -0.0033068665040093537
[2024-04-19 19:50:42,992][root][INFO] - --------------- Start iteration i=119 ---------------
[2024-04-19 19:50:42,992][root][INFO] - Length of data.x: 120
[2024-04-19 19:50:42,992][root][INFO] - Length of data.y: 120
[2024-04-19 19:50:43,198][root][INFO] - x: [ 0.00215413  0.032497   -0.02221318 -0.02273349  0.05164812]
[2024-04-19 19:50:43,198][root][INFO] - y: [ 0.0032497   0.00368866 -0.01809075 -0.00316761]
[2024-04-19 19:50:43,198][root][INFO] - Reward: -0.003954258274366351
[2024-04-19 19:50:43,200][root][INFO] - --------------- Start iteration i=120 ---------------
[2024-04-19 19:50:43,200][root][INFO] - Length of data.x: 121
[2024-04-19 19:50:43,200][root][INFO] - Length of data.y: 121
[2024-04-19 19:50:54,760][root][INFO] - Eval Returns: [-14.43490543 -16.88691474 -13.9653499  -11.0962341  -10.50907842]
[2024-04-19 19:50:54,765][root][INFO] - Eval Returns: mean=-13.378 std=2.333
[2024-04-19 19:50:54,765][root][INFO] - Eval ndata: 121.000
[2024-04-19 19:50:54,765][root][INFO] - Model MSE (current real MPC): 0.320
[2024-04-19 19:50:55,931][root][INFO] - Model MSE (random test set): 0.004
[2024-04-19 19:50:55,931][root][INFO] - Model MSE (GT MPC): 0.000
[2024-04-19 19:50:55,932][root][INFO] - Model Likelihood (random test set): -3.699
[2024-04-19 19:50:55,932][root][INFO] - Model Likelihood (GT MPC): -3.681
[2024-04-19 19:50:55,932][root][INFO] - *[TIME] [Evaluate the current MPC policy] Elapsed: 12.52 seconds
[2024-04-19 19:50:58,009][root][INFO] - x: [ 0.00540383  0.03618567 -0.04030393 -0.0259011   0.25680677]
[2024-04-19 19:50:58,010][root][INFO] - y: [ 0.00361857  0.03294113 -0.02061146  0.02027669]
[2024-04-19 19:50:58,010][root][INFO] - Reward: -0.005513932305847291
[2024-04-19 19:50:59,097][root][INFO] - --------------- Start iteration i=121 ---------------
[2024-04-19 19:50:59,097][root][INFO] - Length of data.x: 122
[2024-04-19 19:50:59,097][root][INFO] - Length of data.y: 122
[2024-04-19 19:50:59,308][root][INFO] - x: [ 0.00902239  0.0691268  -0.06091539 -0.00562441  0.17265159]
[2024-04-19 19:50:59,309][root][INFO] - y: [ 0.00691268  0.01519511 -0.00447577 -0.00376044]
[2024-04-19 19:50:59,309][root][INFO] - Reward: -0.012125532475996015
[2024-04-19 19:50:59,311][root][INFO] - --------------- Start iteration i=122 ---------------
[2024-04-19 19:50:59,311][root][INFO] - Length of data.x: 123
[2024-04-19 19:50:59,311][root][INFO] - Length of data.y: 123
[2024-04-19 19:50:59,519][root][INFO] - x: [ 0.01593507  0.08432191 -0.06539116 -0.00938485  0.12023909]
[2024-04-19 19:50:59,519][root][INFO] - y: [ 0.00843219  0.00599987 -0.00746824 -0.01415814]
[2024-04-19 19:50:59,519][root][INFO] - Reward: -0.09013992748768074
[2024-04-19 19:50:59,521][root][INFO] - --------------- Start iteration i=123 ---------------
[2024-04-19 19:50:59,521][root][INFO] - Length of data.x: 124
[2024-04-19 19:50:59,521][root][INFO] - Length of data.y: 124
[2024-04-19 19:50:59,731][root][INFO] - x: [ 0.02436726  0.09032178 -0.0728594  -0.02354299  0.03386962]
[2024-04-19 19:50:59,731][root][INFO] - y: [ 0.00903218 -0.00859225 -0.01873493 -0.03064981]
[2024-04-19 19:50:59,731][root][INFO] - Reward: -0.19691305344088916
[2024-04-19 19:50:59,733][root][INFO] - --------------- Start iteration i=124 ---------------
[2024-04-19 19:50:59,733][root][INFO] - Length of data.x: 125
[2024-04-19 19:50:59,733][root][INFO] - Length of data.y: 125
[2024-04-19 19:50:59,942][root][INFO] - x: [ 0.03339944  0.08172953 -0.09159433 -0.0541928   0.05278602]
[2024-04-19 19:50:59,943][root][INFO] - y: [ 0.00817295 -0.00729309 -0.0431253  -0.03486211]
[2024-04-19 19:50:59,943][root][INFO] - Reward: -0.22253315986761024
[2024-04-19 19:50:59,943][root][INFO] - Explore episode complete with return -11.4020527180749, resetting
[2024-04-19 19:50:59,943][root][INFO] - Exploration Episode Rewards: [-0.9999900672986678, -0.9999907179388796, -0.9999935048458886, -0.9999969956517876, -0.9999990408458986, -0.9999997306795549, -0.9999998338576416, -0.9999957288008213, -0.9957666591517956, -0.7027025943102696, -0.050533520203992155, -0.2236046412955921, -0.3698178231400203, -0.32757033702003513, -0.11005987554290642, -0.05265651266268001, -0.020961146223085758, -0.013927258248982666, -0.0033068665040093537, -0.003954258274366351, -0.005513932305847291, -0.012125532475996015, -0.09013992748768074, -0.19691305344088916, -0.22253315986761024]
[2024-04-19 19:50:59,945][root][INFO] - --------------- Start iteration i=125 ---------------
[2024-04-19 19:50:59,945][root][INFO] - Length of data.x: 126
[2024-04-19 19:50:59,945][root][INFO] - Length of data.y: 126
[2024-04-19 19:51:00,155][root][INFO] - x: [-4.17659132e-03 -8.48227006e-04 -9.97269299e-01  3.58158890e-04
  5.76278039e-01]
[2024-04-19 19:51:00,156][root][INFO] - y: [-8.48227006e-05  9.27195470e-02  2.85014019e-04 -9.35588044e-02]
[2024-04-19 19:51:00,156][root][INFO] - Reward: -0.9999902490504294
[2024-04-19 19:51:00,158][root][INFO] - --------------- Start iteration i=126 ---------------
[2024-04-19 19:51:00,158][root][INFO] - Length of data.x: 127
[2024-04-19 19:51:00,158][root][INFO] - Length of data.y: 127
[2024-04-19 19:51:00,368][root][INFO] - x: [-0.00426141  0.09187132 -0.99698429 -0.09320065  0.1735447 ]
[2024-04-19 19:51:00,368][root][INFO] - y: [ 0.00918713  0.02697756 -0.07416678 -0.02790695]
[2024-04-19 19:51:00,369][root][INFO] - Reward: -0.9999898793187858
[2024-04-19 19:51:00,371][root][INFO] - --------------- Start iteration i=127 ---------------
[2024-04-19 19:51:00,371][root][INFO] - Length of data.x: 128
[2024-04-19 19:51:00,371][root][INFO] - Length of data.y: 128
[2024-04-19 19:51:00,581][root][INFO] - x: [ 0.00492572  0.11884888  0.92884894 -0.12110759  0.08598904]
[2024-04-19 19:51:00,581][root][INFO] - y: [ 0.01188489 -0.00559146 -0.09637444  0.02722065]
[2024-04-19 19:51:00,581][root][INFO] - Reward: -0.9999923229002653
[2024-04-19 19:51:00,584][root][INFO] - --------------- Start iteration i=128 ---------------
[2024-04-19 19:51:00,584][root][INFO] - Length of data.x: 129
[2024-04-19 19:51:00,584][root][INFO] - Length of data.y: 129
[2024-04-19 19:51:00,794][root][INFO] - x: [ 0.01681061  0.11325743  0.8324745  -0.09388694  0.20439615]
[2024-04-19 19:51:00,794][root][INFO] - y: [ 0.01132574 -0.00116639 -0.07471291  0.050338  ]
[2024-04-19 19:51:00,795][root][INFO] - Reward: -0.9999959918105013
[2024-04-19 19:51:00,797][root][INFO] - --------------- Start iteration i=129 ---------------
[2024-04-19 19:51:00,797][root][INFO] - Length of data.x: 130
[2024-04-19 19:51:00,797][root][INFO] - Length of data.y: 130
[2024-04-19 19:51:01,008][root][INFO] - x: [ 0.02813635  0.11209104  0.75776159 -0.04354894 -0.05846781]
[2024-04-19 19:51:01,008][root][INFO] - y: [ 0.0112091  -0.03309162 -0.03465517  0.09168721]
[2024-04-19 19:51:01,008][root][INFO] - Reward: -0.9999987593398261
[2024-04-19 19:51:01,010][root][INFO] - --------------- Start iteration i=130 ---------------
[2024-04-19 19:51:01,010][root][INFO] - Length of data.x: 131
[2024-04-19 19:51:01,010][root][INFO] - Length of data.y: 131
[2024-04-19 19:51:13,139][root][INFO] - Eval Returns: [-14.62372845 -11.47390661 -12.68127926 -16.29718596 -10.91219396]
[2024-04-19 19:51:13,145][root][INFO] - Eval Returns: mean=-13.198 std=2.005
[2024-04-19 19:51:13,145][root][INFO] - Eval ndata: 131.000
[2024-04-19 19:51:13,145][root][INFO] - Model MSE (current real MPC): 0.256
[2024-04-19 19:51:14,318][root][INFO] - Model MSE (random test set): 0.004
[2024-04-19 19:51:14,318][root][INFO] - Model MSE (GT MPC): 0.000
[2024-04-19 19:51:14,318][root][INFO] - Model Likelihood (random test set): -3.699
[2024-04-19 19:51:14,318][root][INFO] - Model Likelihood (GT MPC): -3.681
[2024-04-19 19:51:14,318][root][INFO] - *[TIME] [Evaluate the current MPC policy] Elapsed: 13.10 seconds
