[2024-04-24 17:51:21,617][root][INFO] - Dumper dumping to /tirl/experiments/mpc_frozencartpole_newhypers_initdata_gpforgetting_2024-04-24/17-51-14/seed_1
[2024-04-24 17:51:21,625][root][INFO] - Start obs: None
[2024-04-24 17:51:45,049][root][INFO] - GT Returns: [ -9.94024475 -12.0300223  -14.33959444 -12.77223183 -11.17074916]
[2024-04-24 17:51:45,049][root][INFO] - GT Returns: mean=-12.051 std=1.482
[2024-04-24 17:51:45,049][root][INFO] - Path Lengths: [36345, 36345, 36345, 36345, 36345]
[2024-04-24 17:51:45,049][root][INFO] - Path Lengths: mean=36345.000 std=0.000
[2024-04-24 17:51:45,143][root][INFO] - all_x.shape = (181725, 5)
[2024-04-24 17:51:45,148][root][INFO] - all_x.min(axis=0) = [-0.53556887 -0.85792635 -0.99997631 -0.81252505 -1.        ]
[2024-04-24 17:51:45,154][root][INFO] - all_x.max(axis=0) = [0.85876162 1.21326709 0.99998895 0.84926566 1.        ]
[2024-04-24 17:51:45,158][root][INFO] - all_x.mean(axis=0) = [-0.01549551  0.00790957  0.0264585   0.05004594  0.04726868]
[2024-04-24 17:51:45,167][root][INFO] - all_x.var(axis=0) = [0.00580669 0.02809841 0.25227739 0.07622708 0.24935917]
[2024-04-24 17:51:45,254][root][INFO] - --------------- Start iteration i=0 ---------------
[2024-04-24 17:51:45,255][root][INFO] - Length of data.x: 301
[2024-04-24 17:51:45,255][root][INFO] - Length of data.y: 301
[2024-04-24 17:52:23,648][root][INFO] - Eval Returns: [-23.00956395 -17.42901054 -14.80069669 -19.86000576 -15.23993552]
[2024-04-24 17:52:23,664][root][INFO] - Eval Returns: mean=-18.068 std=3.057
[2024-04-24 17:52:23,665][root][INFO] - Eval ndata: 301.000
[2024-04-24 17:52:23,665][root][INFO] - Model MSE (current real MPC): 0.482
[2024-04-24 17:52:25,905][root][INFO] - Model MSE (random test set): 0.258
[2024-04-24 17:52:25,905][root][INFO] - Model MSE (GT MPC): 0.008
[2024-04-24 17:52:25,905][root][INFO] - Model Likelihood (random test set): -3.823
[2024-04-24 17:52:25,905][root][INFO] - Model Likelihood (GT MPC): -3.737
[2024-04-24 17:52:25,905][root][INFO] - *[TIME] [Evaluate the current MPC policy] Elapsed: 40.17 seconds
[2024-04-24 17:52:29,369][root][INFO] - x: [-3.49053426e-04  1.95428133e-03  9.89924417e-01 -7.17612452e-04
 -1.15169497e-01]
[2024-04-24 17:52:29,369][root][INFO] - y: [ 0.00019543 -0.0111021  -0.00057106  0.01420463]
[2024-04-24 17:52:29,369][root][INFO] - Reward: -0.9999900337236495
[2024-04-24 17:52:32,666][root][INFO] - --------------- Start iteration i=1 ---------------
[2024-04-24 17:52:32,666][root][INFO] - Length of data.x: 302
[2024-04-24 17:52:32,666][root][INFO] - Length of data.y: 302
[2024-04-24 17:52:33,121][root][INFO] - x: [-1.53625293e-04 -9.14781745e-03  9.89353359e-01  1.34870131e-02
  3.16111049e-01]
[2024-04-24 17:52:33,121][root][INFO] - y: [-0.00091478  0.02344099  0.01073263 -0.02014371]
[2024-04-24 17:52:33,122][root][INFO] - Reward: -0.9999900798344588
[2024-04-24 17:52:33,125][root][INFO] - --------------- Start iteration i=2 ---------------
[2024-04-24 17:52:33,125][root][INFO] - Length of data.x: 303
[2024-04-24 17:52:33,125][root][INFO] - Length of data.y: 303
[2024-04-24 17:52:33,589][root][INFO] - x: [-0.00106841  0.01429318 -0.99991401 -0.0066567   0.16831899]
[2024-04-24 17:52:33,590][root][INFO] - y: [ 0.00142932  0.01325291 -0.00529724 -0.01327969]
[2024-04-24 17:52:33,590][root][INFO] - Reward: -0.999990069496292
[2024-04-24 17:52:33,593][root][INFO] - --------------- Start iteration i=3 ---------------
[2024-04-24 17:52:33,593][root][INFO] - Length of data.x: 304
[2024-04-24 17:52:33,593][root][INFO] - Length of data.y: 304
[2024-04-24 17:52:34,088][root][INFO] - x: [ 3.60910573e-04  2.75460889e-02  9.94788755e-01 -1.99363880e-02
 -3.45915838e-01]
[2024-04-24 17:52:34,088][root][INFO] - y: [ 0.00275461 -0.0567525  -0.01586489  0.05835276]
[2024-04-24 17:52:34,089][root][INFO] - Reward: -0.999990217665425
[2024-04-24 17:52:34,092][root][INFO] - --------------- Start iteration i=4 ---------------
[2024-04-24 17:52:34,092][root][INFO] - Length of data.x: 305
[2024-04-24 17:52:34,092][root][INFO] - Length of data.y: 305
[2024-04-24 17:52:34,594][root][INFO] - x: [ 0.00311552 -0.02920641  0.97892387  0.03841637 -0.51116553]
[2024-04-24 17:52:34,595][root][INFO] - y: [-0.00292064 -0.08513203  0.0305708   0.09144304]
[2024-04-24 17:52:34,595][root][INFO] - Reward: -0.9999900397631656
[2024-04-24 17:52:34,599][root][INFO] - --------------- Start iteration i=5 ---------------
[2024-04-24 17:52:34,599][root][INFO] - Length of data.x: 306
[2024-04-24 17:52:34,599][root][INFO] - Length of data.y: 306
[2024-04-24 17:52:35,087][root][INFO] - x: [ 1.94878778e-04 -1.14338438e-01 -9.90505333e-01  1.29859411e-01
 -3.27626159e-01]
[2024-04-24 17:52:35,088][root][INFO] - y: [-0.01143384 -0.04805406  0.10333892  0.04510372]
[2024-04-24 17:52:35,088][root][INFO] - Reward: -0.9999911707408389
[2024-04-24 17:52:35,092][root][INFO] - --------------- Start iteration i=6 ---------------
[2024-04-24 17:52:35,092][root][INFO] - Length of data.x: 307
[2024-04-24 17:52:35,092][root][INFO] - Length of data.y: 307
[2024-04-24 17:52:35,592][root][INFO] - x: [-0.01123897 -0.1623925  -0.88716641  0.17496313  0.559066  ]
[2024-04-24 17:52:35,592][root][INFO] - y: [-0.01623925  0.07688383  0.13923135 -0.10618919]
[2024-04-24 17:52:35,592][root][INFO] - Reward: -0.9999953924274653
[2024-04-24 17:52:35,597][root][INFO] - --------------- Start iteration i=7 ---------------
[2024-04-24 17:52:35,597][root][INFO] - Length of data.x: 308
[2024-04-24 17:52:35,597][root][INFO] - Length of data.y: 308
[2024-04-24 17:52:36,106][root][INFO] - x: [-0.02747821 -0.08550867 -0.74793506  0.06877395  0.05271452]
[2024-04-24 17:52:36,107][root][INFO] - y: [-0.00855087  0.03074794  0.05472861 -0.09148754]
[2024-04-24 17:52:36,107][root][INFO] - Reward: -0.9999975633010829
[2024-04-24 17:52:36,111][root][INFO] - --------------- Start iteration i=8 ---------------
[2024-04-24 17:52:36,112][root][INFO] - Length of data.x: 309
[2024-04-24 17:52:36,112][root][INFO] - Length of data.y: 309
[2024-04-24 17:52:36,646][root][INFO] - x: [-0.03602908 -0.05476073 -0.69320645 -0.0227136  -0.1418813 ]
[2024-04-24 17:52:36,647][root][INFO] - y: [-0.00547607  0.01264624 -0.01807492 -0.08787251]
[2024-04-24 17:52:36,647][root][INFO] - Reward: -0.9999990097300436
[2024-04-24 17:52:36,652][root][INFO] - --------------- Start iteration i=9 ---------------
[2024-04-24 17:52:36,652][root][INFO] - Length of data.x: 310
[2024-04-24 17:52:36,652][root][INFO] - Length of data.y: 310
[2024-04-24 17:52:37,157][root][INFO] - x: [-0.04150516 -0.04211449 -0.71128137 -0.1105861   0.1973804 ]
[2024-04-24 17:52:37,158][root][INFO] - y: [-0.00421145  0.04336327 -0.0880017  -0.10406572]
[2024-04-24 17:52:37,158][root][INFO] - Reward: -0.999999575335379
[2024-04-24 17:52:37,162][root][INFO] - --------------- Start iteration i=10 ---------------
[2024-04-24 17:52:37,162][root][INFO] - Length of data.x: 311
[2024-04-24 17:52:37,162][root][INFO] - Length of data.y: 311
[2024-04-24 17:53:16,702][root][INFO] - Eval Returns: [-11.54865531 -20.11710052 -22.39731667 -19.21266767 -22.17508159]
[2024-04-24 17:53:16,712][root][INFO] - Eval Returns: mean=-19.090 std=3.960
[2024-04-24 17:53:16,712][root][INFO] - Eval ndata: 311.000
[2024-04-24 17:53:16,713][root][INFO] - Model MSE (current real MPC): 0.515
[2024-04-24 17:53:18,446][root][INFO] - Model MSE (random test set): 0.268
[2024-04-24 17:53:18,446][root][INFO] - Model MSE (GT MPC): 0.011
[2024-04-24 17:53:18,446][root][INFO] - Model Likelihood (random test set): -3.832
[2024-04-24 17:53:18,446][root][INFO] - Model Likelihood (GT MPC): -3.745
[2024-04-24 17:53:18,446][root][INFO] - *[TIME] [Evaluate the current MPC policy] Elapsed: 40.75 seconds
