[2024-04-23 22:31:31,680][root][INFO] - Dumper dumping to /tirl/experiments/mpc_frozencartpole_initdata_gpforgetting_2024-04-23/22-31-15/seed_2
[2024-04-23 22:31:31,696][root][INFO] - Start obs: None
[2024-04-23 22:31:57,304][root][INFO] - GT Returns: [-12.00114643 -12.48139872 -10.37155109 -13.21954476 -11.27254463]
[2024-04-23 22:31:57,304][root][INFO] - GT Returns: mean=-11.869 std=0.981
[2024-04-23 22:31:57,305][root][INFO] - Path Lengths: [36345, 36345, 36345, 36345, 36345]
[2024-04-23 22:31:57,305][root][INFO] - Path Lengths: mean=36345.000 std=0.000
[2024-04-23 22:31:57,360][root][INFO] - all_x.shape = (181725, 5)
[2024-04-23 22:31:57,365][root][INFO] - all_x.min(axis=0) = [-0.626408   -0.92920087 -0.99995402 -0.80908043 -1.        ]
[2024-04-23 22:31:57,370][root][INFO] - all_x.max(axis=0) = [0.83542769 1.24218517 0.99996515 0.9003824  1.        ]
[2024-04-23 22:31:57,373][root][INFO] - all_x.mean(axis=0) = [-0.01575554 -0.01521881  0.04471468  0.06656128 -0.01057937]
[2024-04-23 22:31:57,382][root][INFO] - all_x.var(axis=0) = [0.00652122 0.03027892 0.24502335 0.07600758 0.24913523]
[2024-04-23 22:31:57,426][root][INFO] - --------------- Start iteration i=0 ---------------
[2024-04-23 22:31:57,426][root][INFO] - Length of data.x: 301
[2024-04-23 22:31:57,426][root][INFO] - Length of data.y: 301
[2024-04-23 22:32:23,705][root][INFO] - Eval Returns: [-12.55457957 -11.54077937 -20.02350411 -15.16203149 -12.25594231]
[2024-04-23 22:32:23,715][root][INFO] - Eval Returns: mean=-14.307 std=3.109
[2024-04-23 22:32:23,716][root][INFO] - Eval ndata: 301.000
[2024-04-23 22:32:23,716][root][INFO] - Model MSE (current real MPC): 0.289
[2024-04-23 22:32:25,142][root][INFO] - Model MSE (random test set): 0.004
[2024-04-23 22:32:25,143][root][INFO] - Model MSE (GT MPC): 0.002
[2024-04-23 22:32:25,143][root][INFO] - Model Likelihood (random test set): -3.731
[2024-04-23 22:32:25,143][root][INFO] - Model Likelihood (GT MPC): -3.801
[2024-04-23 22:32:25,144][root][INFO] - *[TIME] [Evaluate the current MPC policy] Elapsed: 27.27 seconds
