[2024-04-24 23:39:01,694][root][INFO] - Dumper dumping to /tirl/experiments/mpc_pendulum_2024-04-24/23-38-55/seed_2
[2024-04-24 23:39:01,702][root][INFO] - Start obs: None
[2024-04-24 23:39:24,840][root][INFO] - GT Returns: [-113.44133649 -122.89649044 -115.44548633 -123.37541935 -240.73059401]
[2024-04-24 23:39:24,841][root][INFO] - GT Returns: mean=-143.178 std=48.935
[2024-04-24 23:39:24,841][root][INFO] - Path Lengths: [39420, 39420, 39420, 39420, 39420]
[2024-04-24 23:39:24,841][root][INFO] - Path Lengths: mean=39420.000 std=0.000
[2024-04-24 23:39:24,944][root][INFO] - all_x.shape = (197100, 3)
[2024-04-24 23:39:24,950][root][INFO] - all_x.min(axis=0) = [-0.99996892 -1.         -1.        ]
[2024-04-24 23:39:24,956][root][INFO] - all_x.max(axis=0) = [0.99987774 1.         1.        ]
[2024-04-24 23:39:24,960][root][INFO] - all_x.mean(axis=0) = [ 0.01189836 -0.03805164 -0.01121838]
[2024-04-24 23:39:24,971][root][INFO] - all_x.var(axis=0) = [0.08369849 0.09821418 0.24317193]
[2024-04-24 23:39:25,046][root][INFO] - --------------- Start iteration i=0 ---------------
[2024-04-24 23:39:25,046][root][INFO] - Length of data.x: 1
[2024-04-24 23:39:25,046][root][INFO] - Length of data.y: 1
[2024-04-24 23:39:54,853][root][INFO] - Eval Returns: [-1377.67485733 -1477.11527216 -1363.33966058 -1411.6714881
 -1513.31533841]
[2024-04-24 23:39:54,896][root][INFO] - Eval Returns: mean=-1428.623 std=57.740
[2024-04-24 23:39:54,896][root][INFO] - Eval ndata: 1.000
[2024-04-24 23:39:54,897][root][INFO] - Model MSE (current real MPC): 0.214
[2024-04-24 23:39:55,403][root][INFO] - Model MSE (random test set): 0.024
[2024-04-24 23:39:55,403][root][INFO] - Model MSE (GT MPC): 0.018
[2024-04-24 23:39:55,403][root][INFO] - Model Likelihood (random test set): -1.929
[2024-04-24 23:39:55,403][root][INFO] - Model Likelihood (GT MPC): -1.948
[2024-04-24 23:39:55,404][root][INFO] - *[TIME] [Evaluate the current MPC policy] Elapsed: 30.24 seconds
[2024-04-24 23:39:56,633][root][INFO] - x: [-0.10830471  0.05186374 -0.92394962]
[2024-04-24 23:39:56,633][root][INFO] - y: [-0.00179155 -0.06593456]
[2024-04-24 23:39:56,633][root][INFO] - Reward: -0.12431318944983667
[2024-04-24 23:40:00,039][root][INFO] - --------------- Start iteration i=1 ---------------
[2024-04-24 23:40:00,039][root][INFO] - Length of data.x: 2
[2024-04-24 23:40:00,039][root][INFO] - Length of data.y: 2
[2024-04-24 23:40:00,141][root][INFO] - x: [-0.11009627 -0.01407082  1.        ]
[2024-04-24 23:40:00,141][root][INFO] - y: [-0.00106369  0.00571664]
[2024-04-24 23:40:00,141][root][INFO] - Reward: -0.12640078971289576
[2024-04-24 23:40:00,142][root][INFO] - --------------- Start iteration i=2 ---------------
[2024-04-24 23:40:00,142][root][INFO] - Length of data.x: 3
[2024-04-24 23:40:00,142][root][INFO] - Length of data.y: 3
[2024-04-24 23:40:00,246][root][INFO] - x: [-0.11115995 -0.00835417  0.53192824]
[2024-04-24 23:40:00,246][root][INFO] - y: [-0.0026082 -0.0121306]
[2024-04-24 23:40:00,246][root][INFO] - Reward: -0.1315615979135256
[2024-04-24 23:40:00,247][root][INFO] - --------------- Start iteration i=3 ---------------
[2024-04-24 23:40:00,247][root][INFO] - Length of data.x: 4
[2024-04-24 23:40:00,247][root][INFO] - Length of data.y: 4
[2024-04-24 23:40:00,349][root][INFO] - x: [-0.11376815 -0.02048477  0.90025394]
[2024-04-24 23:40:00,349][root][INFO] - y: [-0.00248586  0.00096089]
[2024-04-24 23:40:00,349][root][INFO] - Reward: -0.1390690588458327
[2024-04-24 23:40:00,350][root][INFO] - --------------- Start iteration i=4 ---------------
[2024-04-24 23:40:00,350][root][INFO] - Length of data.x: 5
[2024-04-24 23:40:00,350][root][INFO] - Length of data.y: 5
[2024-04-24 23:40:00,451][root][INFO] - x: [-0.11625401 -0.01952388  1.        ]
[2024-04-24 23:40:00,451][root][INFO] - y: [-0.00197446  0.0040165 ]
[2024-04-24 23:40:00,451][root][INFO] - Reward: -0.14349612818196297
[2024-04-24 23:40:00,452][root][INFO] - --------------- Start iteration i=5 ---------------
[2024-04-24 23:40:00,452][root][INFO] - Length of data.x: 6
[2024-04-24 23:40:00,452][root][INFO] - Length of data.y: 6
[2024-04-24 23:40:31,781][root][INFO] - Eval Returns: [-1109.63461794 -1094.02252971 -1034.20849131  -920.1680795
 -1021.12802574]
[2024-04-24 23:40:31,822][root][INFO] - Eval Returns: mean=-1035.832 std=66.978
[2024-04-24 23:40:31,823][root][INFO] - Eval ndata: 6.000
[2024-04-24 23:40:31,824][root][INFO] - Model MSE (current real MPC): 0.168
[2024-04-24 23:40:32,295][root][INFO] - Model MSE (random test set): 0.003
[2024-04-24 23:40:32,295][root][INFO] - Model MSE (GT MPC): 0.002
[2024-04-24 23:40:32,295][root][INFO] - Model Likelihood (random test set): -1.854
[2024-04-24 23:40:32,295][root][INFO] - Model Likelihood (GT MPC): -1.854
[2024-04-24 23:40:32,295][root][INFO] - *[TIME] [Evaluate the current MPC policy] Elapsed: 31.74 seconds
[2024-04-24 23:40:36,716][root][INFO] - x: [-0.11822847 -0.01550739  0.73288927]
[2024-04-24 23:40:36,716][root][INFO] - y: [-0.0028075  -0.00654268]
[2024-04-24 23:40:36,717][root][INFO] - Reward: -0.14984704602038215
[2024-04-24 23:40:38,854][root][INFO] - --------------- Start iteration i=6 ---------------
[2024-04-24 23:40:38,854][root][INFO] - Length of data.x: 7
[2024-04-24 23:40:38,854][root][INFO] - Length of data.y: 7
[2024-04-24 23:40:38,966][root][INFO] - x: [-0.12103598 -0.02205007  1.        ]
[2024-04-24 23:40:38,967][root][INFO] - y: [-0.00246311  0.00270481]
[2024-04-24 23:40:38,967][root][INFO] - Reward: -0.1569265918491102
[2024-04-24 23:40:38,968][root][INFO] - --------------- Start iteration i=7 ---------------
[2024-04-24 23:40:38,968][root][INFO] - Length of data.x: 8
[2024-04-24 23:40:38,968][root][INFO] - Length of data.y: 8
[2024-04-24 23:40:39,072][root][INFO] - x: [-0.12349909 -0.01934525  1.        ]
[2024-04-24 23:40:39,072][root][INFO] - y: [-0.00220436  0.00203223]
[2024-04-24 23:40:39,072][root][INFO] - Reward: -0.16187150185851915
[2024-04-24 23:40:39,073][root][INFO] - --------------- Start iteration i=8 ---------------
[2024-04-24 23:40:39,073][root][INFO] - Length of data.x: 9
[2024-04-24 23:40:39,073][root][INFO] - Length of data.y: 9
[2024-04-24 23:40:39,177][root][INFO] - x: [-0.12570345 -0.01731302  0.97300346]
[2024-04-24 23:40:39,177][root][INFO] - y: [-0.00215092  0.00041973]
[2024-04-24 23:40:39,177][root][INFO] - Reward: -0.16694926950468023
[2024-04-24 23:40:39,178][root][INFO] - --------------- Start iteration i=9 ---------------
[2024-04-24 23:40:39,178][root][INFO] - Length of data.x: 10
[2024-04-24 23:40:39,178][root][INFO] - Length of data.y: 10
[2024-04-24 23:40:39,279][root][INFO] - x: [-0.12785437 -0.01689329  0.43115076]
[2024-04-24 23:40:39,279][root][INFO] - y: [-0.00475898 -0.02048366]
[2024-04-24 23:40:39,280][root][INFO] - Reward: -0.1832544451471595
[2024-04-24 23:40:39,281][root][INFO] - --------------- Start iteration i=10 ---------------
[2024-04-24 23:40:39,281][root][INFO] - Length of data.x: 11
[2024-04-24 23:40:39,281][root][INFO] - Length of data.y: 11
[2024-04-24 23:41:13,094][root][INFO] - Eval Returns: [-1001.29977687 -1127.10267635 -1128.43932566  -912.41837184
 -1114.46668519]
[2024-04-24 23:41:13,158][root][INFO] - Eval Returns: mean=-1056.745 std=86.402
[2024-04-24 23:41:13,158][root][INFO] - Eval ndata: 11.000
[2024-04-24 23:41:13,160][root][INFO] - Model MSE (current real MPC): 0.169
[2024-04-24 23:41:13,695][root][INFO] - Model MSE (random test set): 0.003
[2024-04-24 23:41:13,696][root][INFO] - Model MSE (GT MPC): 0.002
[2024-04-24 23:41:13,696][root][INFO] - Model Likelihood (random test set): -1.852
[2024-04-24 23:41:13,696][root][INFO] - Model Likelihood (GT MPC): -1.853
[2024-04-24 23:41:13,696][root][INFO] - *[TIME] [Evaluate the current MPC policy] Elapsed: 34.31 seconds
[2024-04-24 23:41:17,779][root][INFO] - x: [-0.13261335 -0.03737695  1.        ]
[2024-04-24 23:41:17,780][root][INFO] - y: [-0.00481472 -0.00043775]
[2024-04-24 23:41:17,780][root][INFO] - Reward: -0.19955372766857218
[2024-04-24 23:41:19,794][root][INFO] - --------------- Start iteration i=11 ---------------
[2024-04-24 23:41:19,794][root][INFO] - Length of data.x: 12
[2024-04-24 23:41:19,794][root][INFO] - Length of data.y: 12
[2024-04-24 23:41:20,195][root][INFO] - x: [-0.13742807 -0.03781469  0.6591485 ]
[2024-04-24 23:41:20,196][root][INFO] - y: [-0.00666245 -0.01451204]
[2024-04-24 23:41:20,196][root][INFO] - Reward: -0.22417516319362318
[2024-04-24 23:41:20,197][root][INFO] - --------------- Start iteration i=12 ---------------
[2024-04-24 23:41:20,197][root][INFO] - Length of data.x: 13
[2024-04-24 23:41:20,197][root][INFO] - Length of data.y: 13
[2024-04-24 23:41:20,307][root][INFO] - x: [-0.14409052 -0.05232674  1.        ]
[2024-04-24 23:41:20,308][root][INFO] - y: [-0.00710854 -0.00350358]
[2024-04-24 23:41:20,308][root][INFO] - Reward: -0.24957950960019928
[2024-04-24 23:41:20,309][root][INFO] - --------------- Start iteration i=13 ---------------
[2024-04-24 23:41:20,309][root][INFO] - Length of data.x: 14
[2024-04-24 23:41:20,309][root][INFO] - Length of data.y: 14
[2024-04-24 23:41:20,423][root][INFO] - x: [-0.15119905 -0.05583032  0.92077134]
[2024-04-24 23:41:20,423][root][INFO] - y: [-0.00817131 -0.00834704]
[2024-04-24 23:41:20,423][root][INFO] - Reward: -0.28042842025582193
[2024-04-24 23:41:20,424][root][INFO] - --------------- Start iteration i=14 ---------------
[2024-04-24 23:41:20,424][root][INFO] - Length of data.x: 15
[2024-04-24 23:41:20,424][root][INFO] - Length of data.y: 15
[2024-04-24 23:41:20,524][root][INFO] - x: [-0.15937037 -0.06417736  1.        ]
[2024-04-24 23:41:20,525][root][INFO] - y: [-0.00912648 -0.00750182]
[2024-04-24 23:41:20,525][root][INFO] - Reward: -0.31709237631857295
[2024-04-24 23:41:20,526][root][INFO] - --------------- Start iteration i=15 ---------------
[2024-04-24 23:41:20,526][root][INFO] - Length of data.x: 16
[2024-04-24 23:41:20,526][root][INFO] - Length of data.y: 16
[2024-04-24 23:41:51,544][root][INFO] - Eval Returns: [-947.58157296 -827.71725033 -507.320508   -623.6192565  -505.3372432 ]
[2024-04-24 23:41:51,590][root][INFO] - Eval Returns: mean=-682.315 std=177.143
[2024-04-24 23:41:51,590][root][INFO] - Eval ndata: 16.000
[2024-04-24 23:41:51,592][root][INFO] - Model MSE (current real MPC): 0.112
[2024-04-24 23:41:52,089][root][INFO] - Model MSE (random test set): 0.001
[2024-04-24 23:41:52,089][root][INFO] - Model MSE (GT MPC): 0.001
[2024-04-24 23:41:52,089][root][INFO] - Model Likelihood (random test set): -1.846
[2024-04-24 23:41:52,089][root][INFO] - Model Likelihood (GT MPC): -1.845
[2024-04-24 23:41:52,090][root][INFO] - *[TIME] [Evaluate the current MPC policy] Elapsed: 31.46 seconds
