[2024-04-25 15:55:56,490][root][INFO] - Dumper dumping to /tirl/experiments/mpc_frozencartpole_newhypers_initdata_gpforgetting_2024-04-25/15-55-50/seed_3
[2024-04-25 15:55:56,496][root][INFO] - Start obs: None
[2024-04-25 15:56:15,019][root][INFO] - GT Returns: [-10.67009336 -11.81221204 -12.4422845  -12.09169464 -11.72405797]
[2024-04-25 15:56:15,019][root][INFO] - GT Returns: mean=-11.748 std=0.594
[2024-04-25 15:56:15,019][root][INFO] - Path Lengths: [36345, 36345, 36345, 36345, 36345]
[2024-04-25 15:56:15,019][root][INFO] - Path Lengths: mean=36345.000 std=0.000
[2024-04-25 15:56:15,084][root][INFO] - all_x.shape = (181725, 5)
[2024-04-25 15:56:15,089][root][INFO] - all_x.min(axis=0) = [-0.57427722 -0.88323598 -0.99999886 -0.83551004 -1.        ]
[2024-04-25 15:56:15,094][root][INFO] - all_x.max(axis=0) = [0.90305249 1.33217584 0.99993297 0.86468775 1.        ]
[2024-04-25 15:56:15,097][root][INFO] - all_x.mean(axis=0) = [-0.00475231  0.00347544  0.00309867 -0.01766096  0.00326215]
[2024-04-25 15:56:15,105][root][INFO] - all_x.var(axis=0) = [0.00656707 0.03025644 0.24316812 0.07445349 0.23054511]
[2024-04-25 15:56:15,167][root][INFO] - --------------- Start iteration i=0 ---------------
[2024-04-25 15:56:15,168][root][INFO] - Length of data.x: 301
[2024-04-25 15:56:15,168][root][INFO] - Length of data.y: 301
[2024-04-25 15:56:43,158][root][INFO] - Eval Returns: [-21.0324773  -21.08674248 -15.86577582 -21.82571563 -23.27833161]
[2024-04-25 15:56:43,171][root][INFO] - Eval Returns: mean=-20.618 std=2.510
[2024-04-25 15:56:43,171][root][INFO] - Eval ndata: 301.000
[2024-04-25 15:56:43,171][root][INFO] - Model MSE (current real MPC): 0.521
[2024-04-25 15:56:44,966][root][INFO] - Model MSE (random test set): 0.466
[2024-04-25 15:56:44,966][root][INFO] - Model MSE (GT MPC): 0.012
[2024-04-25 15:56:44,966][root][INFO] - Model Likelihood (random test set): -3.927
[2024-04-25 15:56:44,966][root][INFO] - Model Likelihood (GT MPC): -3.749
[2024-04-25 15:56:44,966][root][INFO] - *[TIME] [Evaluate the current MPC policy] Elapsed: 29.47 seconds
[2024-04-25 15:56:58,350][root][INFO] - x: [-1.68485650e-03 -2.10867656e-03 -9.95539130e-01 -9.49008563e-04
 -4.15893485e-01]
[2024-04-25 15:56:58,350][root][INFO] - y: [-0.00021087 -0.03240814 -0.0007552   0.03102856]
[2024-04-25 15:56:58,351][root][INFO] - Reward: -0.9999901161021794
[2024-04-25 15:57:01,487][root][INFO] - --------------- Start iteration i=1 ---------------
[2024-04-25 15:57:01,487][root][INFO] - Length of data.x: 277
[2024-04-25 15:57:01,487][root][INFO] - Length of data.y: 277
[2024-04-25 15:57:12,215][root][INFO] - x: [-0.00189572 -0.03451682 -0.99629433  0.03007955  0.39647665]
[2024-04-25 15:57:12,215][root][INFO] - y: [-0.00345168  0.03296954  0.02393656 -0.03411074]
[2024-04-25 15:57:12,216][root][INFO] - Reward: -0.9999905140068962
[2024-04-25 15:57:12,218][root][INFO] - --------------- Start iteration i=2 ---------------
[2024-04-25 15:57:12,218][root][INFO] - Length of data.x: 253
[2024-04-25 15:57:12,218][root][INFO] - Length of data.y: 253
[2024-04-25 15:57:19,774][root][INFO] - x: [-0.00534741 -0.00154728 -0.97235776 -0.00403119  0.45167026]
[2024-04-25 15:57:19,775][root][INFO] - y: [-0.00015473  0.04106624 -0.00320792 -0.04942876]
[2024-04-25 15:57:19,775][root][INFO] - Reward: -0.9999905336155047
[2024-04-25 15:57:19,777][root][INFO] - --------------- Start iteration i=3 ---------------
[2024-04-25 15:57:19,777][root][INFO] - Length of data.x: 229
[2024-04-25 15:57:19,777][root][INFO] - Length of data.y: 229
[2024-04-25 15:57:26,993][root][INFO] - x: [-0.00550213  0.03951896 -0.97556569 -0.05345995  1.        ]
[2024-04-25 15:57:26,993][root][INFO] - y: [ 0.0039519   0.08390563 -0.04254211 -0.09118946]
[2024-04-25 15:57:26,994][root][INFO] - Reward: -0.9999899117803106
[2024-04-25 15:57:26,995][root][INFO] - --------------- Start iteration i=4 ---------------
[2024-04-25 15:57:26,995][root][INFO] - Length of data.x: 205
[2024-04-25 15:57:26,996][root][INFO] - Length of data.y: 205
[2024-04-25 15:57:35,186][root][INFO] - x: [-0.00155024  0.12342459  0.9818922  -0.14464942  0.29733327]
[2024-04-25 15:57:35,187][root][INFO] - y: [ 0.01234246  0.01665032 -0.11510844 -0.01103981]
[2024-04-25 15:57:35,187][root][INFO] - Reward: -0.99999023894888
[2024-04-25 15:57:35,189][root][INFO] - --------------- Start iteration i=5 ---------------
[2024-04-25 15:57:35,189][root][INFO] - Length of data.x: 181
[2024-04-25 15:57:35,189][root][INFO] - Length of data.y: 181
[2024-04-25 15:57:40,608][root][INFO] - x: [ 0.01079222  0.14007491  0.86678376 -0.15568923  0.22553789]
[2024-04-25 15:57:40,608][root][INFO] - y: [ 0.01400749 -0.00255667 -0.12389365  0.04224475]
[2024-04-25 15:57:40,609][root][INFO] - Reward: -0.9999935640263131
[2024-04-25 15:57:40,610][root][INFO] - --------------- Start iteration i=6 ---------------
[2024-04-25 15:57:40,610][root][INFO] - Length of data.x: 157
[2024-04-25 15:57:40,611][root][INFO] - Length of data.y: 157
[2024-04-25 15:57:45,668][root][INFO] - x: [ 0.02479971  0.13751823  0.74289011 -0.11344448 -0.637218  ]
[2024-04-25 15:57:45,668][root][INFO] - y: [ 0.01375182 -0.1123327  -0.09027632  0.14860874]
[2024-04-25 15:57:45,668][root][INFO] - Reward: -0.9999974760133187
[2024-04-25 15:57:45,670][root][INFO] - --------------- Start iteration i=7 ---------------
[2024-04-25 15:57:45,671][root][INFO] - Length of data.x: 133
[2024-04-25 15:57:45,671][root][INFO] - Length of data.y: 133
[2024-04-25 15:57:50,566][root][INFO] - x: [ 0.03855153  0.02518554  0.65261379  0.03516426 -0.56475601]
[2024-04-25 15:57:50,567][root][INFO] - y: [ 0.00251855 -0.07914298  0.02798285  0.12363576]
[2024-04-25 15:57:50,567][root][INFO] - Reward: -0.9999986693723879
[2024-04-25 15:57:50,568][root][INFO] - --------------- Start iteration i=8 ---------------
[2024-04-25 15:57:50,568][root][INFO] - Length of data.x: 109
[2024-04-25 15:57:50,568][root][INFO] - Length of data.y: 109
[2024-04-25 15:57:54,320][root][INFO] - x: [ 0.04107009 -0.05395744  0.68059664  0.15880002 -0.71781201]
[2024-04-25 15:57:54,321][root][INFO] - y: [-0.00539574 -0.12096959  0.12636914  0.14782423]
[2024-04-25 15:57:54,321][root][INFO] - Reward: -0.9999985772700616
[2024-04-25 15:57:54,323][root][INFO] - --------------- Start iteration i=9 ---------------
[2024-04-25 15:57:54,323][root][INFO] - Length of data.x: 85
[2024-04-25 15:57:54,323][root][INFO] - Length of data.y: 85
[2024-04-25 15:57:58,780][root][INFO] - x: [ 0.03567435 -0.17492703  0.80696579  0.30662425 -0.35752796]
[2024-04-25 15:57:58,780][root][INFO] - y: [-0.0174927  -0.13589109  0.24400402  0.16762797]
[2024-04-25 15:57:58,781][root][INFO] - Reward: -0.9999891621586663
[2024-04-25 15:57:58,782][root][INFO] - --------------- Start iteration i=10 ---------------
[2024-04-25 15:57:58,782][root][INFO] - Length of data.x: 61
[2024-04-25 15:57:58,782][root][INFO] - Length of data.y: 61
[2024-04-25 15:58:13,283][root][INFO] - Eval Returns: [-20.44486606 -24.93207453 -23.45425911 -24.91322463 -22.67508605]
[2024-04-25 15:58:13,294][root][INFO] - Eval Returns: mean=-23.284 std=1.663
[2024-04-25 15:58:13,295][root][INFO] - Eval ndata: 61.000
[2024-04-25 15:58:13,295][root][INFO] - Model MSE (current real MPC): 0.648
[2024-04-25 15:58:14,568][root][INFO] - Model MSE (random test set): 0.246
[2024-04-25 15:58:14,568][root][INFO] - Model MSE (GT MPC): 0.025
[2024-04-25 15:58:14,568][root][INFO] - Model Likelihood (random test set): -3.766
[2024-04-25 15:58:14,568][root][INFO] - Model Likelihood (GT MPC): -3.705
[2024-04-25 15:58:14,569][root][INFO] - *[TIME] [Evaluate the current MPC policy] Elapsed: 15.63 seconds
[2024-04-25 15:58:22,834][root][INFO] - x: [ 0.01818164 -0.31081812 -0.94903019  0.47425222  0.26957584]
[2024-04-25 15:58:22,834][root][INFO] - y: [-0.03108181  0.10950176  0.37739823 -0.12375841]
[2024-04-25 15:58:22,834][root][INFO] - Reward: -0.9997718763202854
[2024-04-25 15:58:24,459][root][INFO] - --------------- Start iteration i=11 ---------------
[2024-04-25 15:58:24,459][root][INFO] - Length of data.x: 37
[2024-04-25 15:58:24,459][root][INFO] - Length of data.y: 37
[2024-04-25 15:58:27,346][root][INFO] - x: [-0.01290017 -0.20131635 -0.57163197  0.3504938   0.66503918]
[2024-04-25 15:58:27,346][root][INFO] - y: [-0.02013164  0.15849885  0.27891433 -0.13109179]
[2024-04-25 15:58:27,347][root][INFO] - Reward: -0.9965301437062313
[2024-04-25 15:58:27,348][root][INFO] - --------------- Start iteration i=12 ---------------
[2024-04-25 15:58:27,348][root][INFO] - Length of data.x: 13
[2024-04-25 15:58:27,348][root][INFO] - Length of data.y: 13
[2024-04-25 15:58:28,709][root][INFO] - x: [-0.03303181 -0.04281751 -0.29271763  0.21940201 -0.31667258]
[2024-04-25 15:58:28,710][root][INFO] - y: [-0.00428175  0.00317175  0.17459472 -0.07618169]
[2024-04-25 15:58:28,710][root][INFO] - Reward: -0.9394879276855653
[2024-04-25 15:58:28,711][root][INFO] - --------------- Start iteration i=13 ---------------
[2024-04-25 15:58:28,711][root][INFO] - Length of data.x: 2
[2024-04-25 15:58:28,711][root][INFO] - Length of data.y: 2
[2024-04-25 15:58:29,091][root][INFO] - x: [-0.03731356 -0.03964576 -0.11812292  0.14322033  0.13068102]
[2024-04-25 15:58:29,092][root][INFO] - y: [-0.00396458  0.00216362  0.11397121 -0.03359441]
[2024-04-25 15:58:29,092][root][INFO] - Reward: -0.7571426789558084
[2024-04-25 15:58:29,093][root][INFO] - --------------- Start iteration i=14 ---------------
[2024-04-25 15:58:29,093][root][INFO] - Length of data.x: 2
[2024-04-25 15:58:29,093][root][INFO] - Length of data.y: 2
[2024-04-25 15:58:29,460][root][INFO] - x: [-0.04127813 -0.03748214 -0.00415171  0.10962592 -0.0423689 ]
[2024-04-25 15:58:29,461][root][INFO] - y: [-0.00374821 -0.00332275  0.0872376  -0.00460325]
[2024-04-25 15:58:29,461][root][INFO] - Reward: -0.5041595751023131
[2024-04-25 15:58:29,462][root][INFO] - --------------- Start iteration i=15 ---------------
[2024-04-25 15:58:29,462][root][INFO] - Length of data.x: 2
[2024-04-25 15:58:29,462][root][INFO] - Length of data.y: 2
[2024-04-25 15:58:29,831][root][INFO] - x: [-0.04502635 -0.04080488  0.0830859   0.10502267 -0.07526426]
[2024-04-25 15:58:29,832][root][INFO] - y: [-0.00408049  0.00485827  0.08357445  0.03003597]
[2024-04-25 15:58:29,832][root][INFO] - Reward: -0.29091149748338885
[2024-04-25 15:58:29,833][root][INFO] - --------------- Start iteration i=16 ---------------
[2024-04-25 15:58:29,833][root][INFO] - Length of data.x: 2
[2024-04-25 15:58:29,833][root][INFO] - Length of data.y: 2
[2024-04-25 15:58:30,113][root][INFO] - x: [-0.04910683 -0.03594662  0.16666035  0.13505864 -1.        ]
[2024-04-25 15:58:30,113][root][INFO] - y: [-0.00359466 -0.05877662  0.10747634 -0.00180436]
[2024-04-25 15:58:30,114][root][INFO] - Reward: -0.323648211634722
[2024-04-25 15:58:30,115][root][INFO] - --------------- Start iteration i=17 ---------------
[2024-04-25 15:58:30,115][root][INFO] - Length of data.x: 2
[2024-04-25 15:58:30,115][root][INFO] - Length of data.y: 2
[2024-04-25 15:58:30,387][root][INFO] - x: [-0.0527015  -0.09472323  0.27413669  0.13325428  0.9770852 ]
[2024-04-25 15:58:30,387][root][INFO] - y: [-0.00947232  0.06585621  0.10604047  0.11740446]
[2024-04-25 15:58:30,388][root][INFO] - Reward: -0.6940339351303606
[2024-04-25 15:58:30,388][root][INFO] - --------------- Start iteration i=18 ---------------
[2024-04-25 15:58:30,388][root][INFO] - Length of data.x: 2
[2024-04-25 15:58:30,388][root][INFO] - Length of data.y: 2
[2024-04-25 15:58:30,670][root][INFO] - x: [-0.06217382 -0.02886702  0.38017716  0.25065874 -1.        ]
[2024-04-25 15:58:30,670][root][INFO] - y: [-0.0028867  -0.09680638  0.19946805  0.05573733]
[2024-04-25 15:58:30,671][root][INFO] - Reward: -0.9891241136130399
[2024-04-25 15:58:30,671][root][INFO] - --------------- Start iteration i=19 ---------------
[2024-04-25 15:58:30,672][root][INFO] - Length of data.x: 2
[2024-04-25 15:58:30,672][root][INFO] - Length of data.y: 2
[2024-04-25 15:58:30,945][root][INFO] - x: [-0.06506052 -0.1256734   0.57964521  0.30639607  1.        ]
[2024-04-25 15:58:30,945][root][INFO] - y: [-0.01256734 -0.04385632  0.24382244  0.10600127]
[2024-04-25 15:58:30,946][root][INFO] - Reward: -0.999990394400851
[2024-04-25 15:58:30,946][root][INFO] - --------------- Start iteration i=20 ---------------
[2024-04-25 15:58:30,947][root][INFO] - Length of data.x: 2
[2024-04-25 15:58:30,947][root][INFO] - Length of data.y: 2
[2024-04-25 15:58:37,165][root][INFO] - Eval Returns: [-24.99997053 -24.99997291 -24.9999743  -24.99997413 -24.99997827]
[2024-04-25 15:58:37,175][root][INFO] - Eval Returns: mean=-25.000 std=0.000
[2024-04-25 15:58:37,175][root][INFO] - Eval ndata: 2.000
[2024-04-25 15:58:37,175][root][INFO] - Model MSE (current real MPC): 0.446
[2024-04-25 15:58:38,303][root][INFO] - Model MSE (random test set): 0.366
[2024-04-25 15:58:38,303][root][INFO] - Model MSE (GT MPC): 0.101
[2024-04-25 15:58:38,303][root][INFO] - Model Likelihood (random test set): -3.727
[2024-04-25 15:58:38,303][root][INFO] - Model Likelihood (GT MPC): -3.687
[2024-04-25 15:58:38,304][root][INFO] - *[TIME] [Evaluate the current MPC policy] Elapsed: 7.23 seconds
[2024-04-25 15:58:42,833][root][INFO] - x: [-0.07762786 -0.16952972  0.82346766  0.41239734 -1.        ]
[2024-04-25 15:58:42,834][root][INFO] - y: [-0.01695297 -0.20405241  0.32817564  0.2251798 ]
[2024-04-25 15:58:42,834][root][INFO] - Reward: -0.9999999997713671
[2024-04-25 15:58:44,753][root][INFO] - --------------- Start iteration i=21 ---------------
[2024-04-25 15:58:44,753][root][INFO] - Length of data.x: 3
[2024-04-25 15:58:44,753][root][INFO] - Length of data.y: 3
[2024-04-25 15:58:44,927][root][INFO] - x: [-0.09458083 -0.37358213 -0.8483567   0.63757714 -0.06540499]
[2024-04-25 15:58:44,928][root][INFO] - y: [-0.03735821  0.27027833  0.50736817 -0.28521599]
[2024-04-25 15:58:44,928][root][INFO] - Reward: -0.9999999999993393
[2024-04-25 15:58:44,929][root][INFO] - --------------- Start iteration i=22 ---------------
[2024-04-25 15:58:44,929][root][INFO] - Length of data.x: 4
[2024-04-25 15:58:44,929][root][INFO] - Length of data.y: 4
[2024-04-25 15:58:45,054][root][INFO] - x: [-0.13193905 -0.1033038  -0.34098853  0.35236115 -0.98708756]
[2024-04-25 15:58:45,055][root][INFO] - y: [-0.01033038  0.04198092  0.28040032 -0.06608963]
[2024-04-25 15:58:45,055][root][INFO] - Reward: -0.999999993686115
[2024-04-25 15:58:45,056][root][INFO] - --------------- Start iteration i=23 ---------------
[2024-04-25 15:58:45,056][root][INFO] - Length of data.x: 5
[2024-04-25 15:58:45,056][root][INFO] - Length of data.y: 5
[2024-04-25 15:58:45,177][root][INFO] - x: [-0.14226943 -0.06132287 -0.06058821  0.28627152 -1.        ]
[2024-04-25 15:58:45,178][root][INFO] - y: [-0.00613229 -0.06530506  0.22780782 -0.08270465]
[2024-04-25 15:58:45,178][root][INFO] - Reward: -0.9999869986683448
[2024-04-25 15:58:45,179][root][INFO] - --------------- Start iteration i=24 ---------------
[2024-04-25 15:58:45,179][root][INFO] - Length of data.x: 6
[2024-04-25 15:58:45,179][root][INFO] - Length of data.y: 6
[2024-04-25 15:58:45,308][root][INFO] - x: [-0.14840171 -0.12662793  0.16721962  0.20356687 -1.        ]
[2024-04-25 15:58:45,308][root][INFO] - y: [-0.01266279 -0.07262372  0.1619935  -0.0135832 ]
[2024-04-25 15:58:45,309][root][INFO] - Reward: -0.9999656749760705
[2024-04-25 15:58:45,309][root][INFO] - Explore episode complete with return -22.49468178442832, resetting
[2024-04-25 15:58:45,309][root][INFO] - Exploration Episode Rewards: [-0.9999901161021794, -0.9999905140068962, -0.9999905336155047, -0.9999899117803106, -0.99999023894888, -0.9999935640263131, -0.9999974760133187, -0.9999986693723879, -0.9999985772700616, -0.9999891621586663, -0.9997718763202854, -0.9965301437062313, -0.9394879276855653, -0.7571426789558084, -0.5041595751023131, -0.29091149748338885, -0.323648211634722, -0.6940339351303606, -0.9891241136130399, -0.999990394400851, -0.9999999997713671, -0.9999999999993393, -0.999999993686115, -0.9999869986683448, -0.9999656749760705]
[2024-04-25 15:58:45,310][root][INFO] - --------------- Start iteration i=25 ---------------
[2024-04-25 15:58:45,310][root][INFO] - Length of data.x: 7
[2024-04-25 15:58:45,310][root][INFO] - Length of data.y: 7
[2024-04-25 15:58:45,435][root][INFO] - x: [-0.00110574  0.00415613  0.98594233 -0.00166652  0.05902293]
[2024-04-25 15:58:45,436][root][INFO] - y: [ 0.00041561  0.00205387 -0.00132618  0.00228382]
[2024-04-25 15:58:45,436][root][INFO] - Reward: -0.9999899752522498
[2024-04-25 15:58:45,437][root][INFO] - --------------- Start iteration i=26 ---------------
[2024-04-25 15:58:45,437][root][INFO] - Length of data.x: 8
[2024-04-25 15:58:45,437][root][INFO] - Length of data.y: 8
[2024-04-25 15:58:45,564][root][INFO] - x: [-6.90127664e-04  6.21000735e-03  9.84616151e-01  6.17293682e-04
 -5.90286519e-01]
[2024-04-25 15:58:45,565][root][INFO] - y: [ 0.000621   -0.05009546  0.00049123  0.05478134]
[2024-04-25 15:58:45,565][root][INFO] - Reward: -0.999990004640737
[2024-04-25 15:58:45,566][root][INFO] - --------------- Start iteration i=27 ---------------
[2024-04-25 15:58:45,566][root][INFO] - Length of data.x: 9
[2024-04-25 15:58:45,566][root][INFO] - Length of data.y: 9
[2024-04-25 15:58:45,695][root][INFO] - x: [-6.91269294e-05 -4.38854477e-02  9.85107379e-01  5.53986308e-02
 -9.76760819e-01]
[2024-04-25 15:58:45,696][root][INFO] - y: [-0.00438854 -0.0803014   0.04408487  0.08480653]
[2024-04-25 15:58:45,696][root][INFO] - Reward: -0.9999903724478728
[2024-04-25 15:58:45,697][root][INFO] - --------------- Start iteration i=28 ---------------
[2024-04-25 15:58:45,697][root][INFO] - Length of data.x: 10
[2024-04-25 15:58:45,697][root][INFO] - Length of data.y: 10
[2024-04-25 15:58:45,831][root][INFO] - x: [-0.00445767 -0.12418685 -0.97080776  0.14020516 -0.99579349]
[2024-04-25 15:58:45,831][root][INFO] - y: [-0.01241868 -0.06925404  0.11157181  0.05996943]
[2024-04-25 15:58:45,831][root][INFO] - Reward: -0.999993121318822
[2024-04-25 15:58:45,832][root][INFO] - --------------- Start iteration i=29 ---------------
[2024-04-25 15:58:45,832][root][INFO] - Length of data.x: 11
[2024-04-25 15:58:45,832][root][INFO] - Length of data.y: 11
[2024-04-25 15:58:45,961][root][INFO] - x: [-0.01687636 -0.19344089 -0.85923595  0.20017459 -1.        ]
[2024-04-25 15:58:45,961][root][INFO] - y: [-0.01934409 -0.02558254  0.159294   -0.01890334]
[2024-04-25 15:58:45,961][root][INFO] - Reward: -0.9999977571909102
[2024-04-25 15:58:45,962][root][INFO] - --------------- Start iteration i=30 ---------------
[2024-04-25 15:58:45,962][root][INFO] - Length of data.x: 12
[2024-04-25 15:58:45,962][root][INFO] - Length of data.y: 12
[2024-04-25 15:58:52,659][root][INFO] - Eval Returns: [-24.99822212 -24.97853862 -23.94706977 -24.9642687  -21.78803547]
[2024-04-25 15:58:52,667][root][INFO] - Eval Returns: mean=-24.135 std=1.240
[2024-04-25 15:58:52,667][root][INFO] - Eval ndata: 12.000
[2024-04-25 15:58:52,667][root][INFO] - Model MSE (current real MPC): 0.590
[2024-04-25 15:58:53,793][root][INFO] - Model MSE (random test set): 0.280
[2024-04-25 15:58:53,794][root][INFO] - Model MSE (GT MPC): 0.079
[2024-04-25 15:58:53,794][root][INFO] - Model Likelihood (random test set): -3.733
[2024-04-25 15:58:53,794][root][INFO] - Model Likelihood (GT MPC): -3.694
[2024-04-25 15:58:53,794][root][INFO] - *[TIME] [Evaluate the current MPC policy] Elapsed: 7.70 seconds
[2024-04-25 15:58:56,810][root][INFO] - x: [-0.03622045 -0.21902342 -0.69994194  0.18127124  1.        ]
[2024-04-25 15:58:56,811][root][INFO] - y: [-0.02190234  0.10870112  0.14425119 -0.14333282]
[2024-04-25 15:58:56,811][root][INFO] - Reward: -0.999999681559098
[2024-04-25 15:58:58,137][root][INFO] - --------------- Start iteration i=31 ---------------
[2024-04-25 15:58:58,138][root][INFO] - Length of data.x: 13
[2024-04-25 15:58:58,138][root][INFO] - Length of data.y: 13
[2024-04-25 15:58:58,336][root][INFO] - x: [-0.05812279 -0.1103223  -0.55569075  0.03793842  0.93164322]
[2024-04-25 15:58:58,336][root][INFO] - y: [-0.01103223  0.05596208  0.03019046 -0.10644194]
[2024-04-25 15:58:58,336][root][INFO] - Reward: -0.999999942095142
[2024-04-25 15:58:58,338][root][INFO] - --------------- Start iteration i=32 ---------------
[2024-04-25 15:58:58,338][root][INFO] - Length of data.x: 14
[2024-04-25 15:58:58,338][root][INFO] - Length of data.y: 14
[2024-04-25 15:58:58,536][root][INFO] - x: [-0.06915502 -0.05436021 -0.52550029 -0.06850351  0.47150287]
[2024-04-25 15:58:58,537][root][INFO] - y: [-0.00543602  0.03151721 -0.05451341 -0.10040721]
[2024-04-25 15:58:58,537][root][INFO] - Reward: -0.9999999914679997
[2024-04-25 15:58:58,538][root][INFO] - --------------- Start iteration i=33 ---------------
[2024-04-25 15:58:58,538][root][INFO] - Length of data.x: 15
[2024-04-25 15:58:58,538][root][INFO] - Length of data.y: 15
[2024-04-25 15:58:58,739][root][INFO] - x: [-0.07459104 -0.022843   -0.5800137  -0.16891073  0.93813999]
[2024-04-25 15:58:58,740][root][INFO] - y: [-0.0022843   0.08385966 -0.13441499 -0.11597228]
[2024-04-25 15:58:58,740][root][INFO] - Reward: -0.999999997603011
[2024-04-25 15:58:58,741][root][INFO] - --------------- Start iteration i=34 ---------------
[2024-04-25 15:58:58,741][root][INFO] - Length of data.x: 16
[2024-04-25 15:58:58,741][root][INFO] - Length of data.y: 16
[2024-04-25 15:58:58,942][root][INFO] - x: [-0.07687534  0.06101666 -0.71442869 -0.284883    0.62311573]
[2024-04-25 15:58:58,943][root][INFO] - y: [ 0.00610167  0.1264143  -0.22670287 -0.15561069]
[2024-04-25 15:58:58,943][root][INFO] - Reward: -0.9999999428910965
[2024-04-25 15:58:58,944][root][INFO] - --------------- Start iteration i=35 ---------------
[2024-04-25 15:58:58,944][root][INFO] - Length of data.x: 17
[2024-04-25 15:58:58,944][root][INFO] - Length of data.y: 17
[2024-04-25 15:58:59,148][root][INFO] - x: [-0.07077367  0.18743096 -0.94113157 -0.44049369 -0.77573689]
[2024-04-25 15:58:59,148][root][INFO] - y: [ 0.0187431  -0.00086845 -0.35053403 -0.01720441]
[2024-04-25 15:58:59,149][root][INFO] - Reward: -0.9994297718055248
[2024-04-25 15:58:59,150][root][INFO] - --------------- Start iteration i=36 ---------------
[2024-04-25 15:58:59,150][root][INFO] - Length of data.x: 18
[2024-04-25 15:58:59,150][root][INFO] - Length of data.y: 18
[2024-04-25 15:58:59,352][root][INFO] - x: [-0.05203058  0.18656251  0.70833441 -0.4576981   1.        ]
[2024-04-25 15:58:59,353][root][INFO] - y: [ 0.01865625 -0.14571054 -0.36422487  0.16661034]
[2024-04-25 15:58:59,353][root][INFO] - Reward: -0.6718370268447105
[2024-04-25 15:58:59,354][root][INFO] - --------------- Start iteration i=37 ---------------
[2024-04-25 15:58:59,355][root][INFO] - Length of data.x: 19
[2024-04-25 15:58:59,355][root][INFO] - Length of data.y: 19
[2024-04-25 15:58:59,558][root][INFO] - x: [-0.03337433  0.04085197  0.34410954 -0.29108776  0.56146385]
[2024-04-25 15:58:59,559][root][INFO] - y: [ 0.0040852  -0.02960437 -0.23164046  0.07273093]
[2024-04-25 15:58:59,559][root][INFO] - Reward: -0.06682856156044814
[2024-04-25 15:58:59,560][root][INFO] - --------------- Start iteration i=38 ---------------
[2024-04-25 15:58:59,561][root][INFO] - Length of data.x: 20
[2024-04-25 15:58:59,561][root][INFO] - Length of data.y: 20
[2024-04-25 15:58:59,777][root][INFO] - x: [-0.02928913  0.0112476   0.11246908 -0.21835682  0.67838661]
[2024-04-25 15:58:59,778][root][INFO] - y: [ 0.00112476  0.04522292 -0.17376298  0.07640899]
[2024-04-25 15:58:59,778][root][INFO] - Reward: -0.7159127283093785
[2024-04-25 15:58:59,779][root][INFO] - --------------- Start iteration i=39 ---------------
[2024-04-25 15:58:59,780][root][INFO] - Length of data.x: 21
[2024-04-25 15:58:59,780][root][INFO] - Length of data.y: 21
[2024-04-25 15:59:00,003][root][INFO] - x: [-0.02816437  0.05647052 -0.0612939  -0.14194783 -0.61869396]
[2024-04-25 15:59:00,004][root][INFO] - y: [ 0.00564705 -0.05448505 -0.11295859 -0.07227081]
[2024-04-25 15:59:00,004][root][INFO] - Reward: -0.9067521451753906
[2024-04-25 15:59:00,005][root][INFO] - --------------- Start iteration i=40 ---------------
[2024-04-25 15:59:00,006][root][INFO] - Length of data.x: 22
[2024-04-25 15:59:00,006][root][INFO] - Length of data.y: 22
[2024-04-25 15:59:07,800][root][INFO] - Eval Returns: [-24.99994429 -24.99995284 -24.99997585 -24.96260733 -20.5314159 ]
[2024-04-25 15:59:07,808][root][INFO] - Eval Returns: mean=-24.099 std=1.784
[2024-04-25 15:59:07,808][root][INFO] - Eval ndata: 22.000
[2024-04-25 15:59:07,809][root][INFO] - Model MSE (current real MPC): 0.705
[2024-04-25 15:59:08,908][root][INFO] - Model MSE (random test set): 0.210
[2024-04-25 15:59:08,909][root][INFO] - Model MSE (GT MPC): 0.019
[2024-04-25 15:59:08,909][root][INFO] - Model Likelihood (random test set): -3.736
[2024-04-25 15:59:08,909][root][INFO] - Model Likelihood (GT MPC): -3.690
[2024-04-25 15:59:08,909][root][INFO] - *[TIME] [Evaluate the current MPC policy] Elapsed: 8.66 seconds
[2024-04-25 15:59:12,710][root][INFO] - x: [-0.02251732  0.00198546 -0.17425249 -0.21421864 -1.        ]
[2024-04-25 15:59:12,711][root][INFO] - y: [ 0.00019855 -0.0605478  -0.17046992 -0.1028122 ]
[2024-04-25 15:59:12,711][root][INFO] - Reward: -0.9952588032471312
[2024-04-25 15:59:14,489][root][INFO] - --------------- Start iteration i=41 ---------------
[2024-04-25 15:59:14,489][root][INFO] - Length of data.x: 23
[2024-04-25 15:59:14,490][root][INFO] - Length of data.y: 23
[2024-04-25 15:59:14,714][root][INFO] - x: [-0.02231877 -0.05856233 -0.34472241 -0.31703084 -0.73786857]
[2024-04-25 15:59:14,715][root][INFO] - y: [-0.00585623  0.03452562 -0.25228533 -0.07056344]
[2024-04-25 15:59:14,715][root][INFO] - Reward: -0.9999775356868658
[2024-04-25 15:59:14,716][root][INFO] - --------------- Start iteration i=42 ---------------
[2024-04-25 15:59:14,716][root][INFO] - Length of data.x: 24
[2024-04-25 15:59:14,717][root][INFO] - Length of data.y: 24
[2024-04-25 15:59:14,944][root][INFO] - x: [-0.028175   -0.02403671 -0.59700774 -0.38759429 -1.        ]
[2024-04-25 15:59:14,944][root][INFO] - y: [-0.00240367  0.09845526 -0.30843798 -0.12321757]
[2024-04-25 15:59:14,944][root][INFO] - Reward: -0.9999974387679298
[2024-04-25 15:59:14,946][root][INFO] - --------------- Start iteration i=43 ---------------
[2024-04-25 15:59:14,946][root][INFO] - Length of data.x: 25
[2024-04-25 15:59:14,946][root][INFO] - Length of data.y: 25
[2024-04-25 15:59:15,169][root][INFO] - x: [-0.03057868  0.07441854 -0.90544572 -0.51081186 -0.25115698]
[2024-04-25 15:59:15,169][root][INFO] - y: [ 0.00744185  0.10440295 -0.40649149 -0.12857394]
[2024-04-25 15:59:15,170][root][INFO] - Reward: -0.9994750278074666
[2024-04-25 15:59:15,171][root][INFO] - --------------- Start iteration i=44 ---------------
[2024-04-25 15:59:15,171][root][INFO] - Length of data.x: 26
[2024-04-25 15:59:15,171][root][INFO] - Length of data.y: 26
[2024-04-25 15:59:15,400][root][INFO] - x: [-0.02313682  0.17882149  0.68806279 -0.6393858   0.66273519]
[2024-04-25 15:59:15,401][root][INFO] - y: [ 0.01788215 -0.34401127 -0.50880747  0.27318117]
[2024-04-25 15:59:15,401][root][INFO] - Reward: -0.473893796471364
[2024-04-25 15:59:15,402][root][INFO] - --------------- Start iteration i=45 ---------------
[2024-04-25 15:59:15,402][root][INFO] - Length of data.x: 27
[2024-04-25 15:59:15,403][root][INFO] - Length of data.y: 27
[2024-04-25 15:59:15,634][root][INFO] - x: [-0.00525467 -0.16518978  0.17925533 -0.36620463 -0.37818868]
[2024-04-25 15:59:15,635][root][INFO] - y: [-0.01651898 -0.09257355 -0.29141662 -0.02585425]
[2024-04-25 15:59:15,635][root][INFO] - Reward: -0.7664976388692736
[2024-04-25 15:59:15,637][root][INFO] - --------------- Start iteration i=46 ---------------
[2024-04-25 15:59:15,637][root][INFO] - Length of data.x: 28
[2024-04-25 15:59:15,637][root][INFO] - Length of data.y: 28
[2024-04-25 15:59:15,865][root][INFO] - x: [-0.02177365 -0.25776333 -0.11216129 -0.39205888  1.        ]
[2024-04-25 15:59:15,866][root][INFO] - y: [-0.02577633  0.13496626 -0.31199079  0.09278321]
[2024-04-25 15:59:15,866][root][INFO] - Reward: -0.9999761815943065
[2024-04-25 15:59:15,868][root][INFO] - --------------- Start iteration i=47 ---------------
[2024-04-25 15:59:15,868][root][INFO] - Length of data.x: 29
[2024-04-25 15:59:15,868][root][INFO] - Length of data.y: 29
[2024-04-25 15:59:16,096][root][INFO] - x: [-0.04754998 -0.12279707 -0.42415208 -0.29927567  0.21698616]
[2024-04-25 15:59:16,097][root][INFO] - y: [-0.01227971  0.08704491 -0.2381562  -0.07487958]
[2024-04-25 15:59:16,097][root][INFO] - Reward: -0.9999999281081056
[2024-04-25 15:59:16,098][root][INFO] - --------------- Start iteration i=48 ---------------
[2024-04-25 15:59:16,099][root][INFO] - Length of data.x: 30
[2024-04-25 15:59:16,099][root][INFO] - Length of data.y: 30
[2024-04-25 15:59:16,330][root][INFO] - x: [-0.05982969 -0.03575216 -0.66230828 -0.37415525 -0.39610444]
[2024-04-25 15:59:16,330][root][INFO] - y: [-0.00357522  0.12165584 -0.29774353 -0.14508758]
[2024-04-25 15:59:16,331][root][INFO] - Reward: -0.9999998054859032
[2024-04-25 15:59:16,333][root][INFO] - --------------- Start iteration i=49 ---------------
[2024-04-25 15:59:16,333][root][INFO] - Length of data.x: 31
[2024-04-25 15:59:16,333][root][INFO] - Length of data.y: 31
[2024-04-25 15:59:16,569][root][INFO] - x: [-0.06340491  0.08590368 -0.96005181 -0.51924283  0.37165523]
[2024-04-25 15:59:16,569][root][INFO] - y: [ 0.00859037  0.08549436 -0.41320065 -0.09711403]
[2024-04-25 15:59:16,569][root][INFO] - Reward: -0.9960994120537012
[2024-04-25 15:59:16,569][root][INFO] - Explore episode complete with return -22.59189658825444, resetting
[2024-04-25 15:59:16,570][root][INFO] - Exploration Episode Rewards: [-0.9999899752522498, -0.999990004640737, -0.9999903724478728, -0.999993121318822, -0.9999977571909102, -0.999999681559098, -0.999999942095142, -0.9999999914679997, -0.999999997603011, -0.9999999428910965, -0.9994297718055248, -0.6718370268447105, -0.06682856156044814, -0.7159127283093785, -0.9067521451753906, -0.9952588032471312, -0.9999775356868658, -0.9999974387679298, -0.9994750278074666, -0.473893796471364, -0.7664976388692736, -0.9999761815943065, -0.9999999281081056, -0.9999998054859032, -0.9960994120537012]
[2024-04-25 15:59:16,571][root][INFO] - --------------- Start iteration i=50 ---------------
[2024-04-25 15:59:16,571][root][INFO] - Length of data.x: 32
[2024-04-25 15:59:16,571][root][INFO] - Length of data.y: 32
[2024-04-25 15:59:25,566][root][INFO] - Eval Returns: [-24.82633353 -21.09732896 -23.95944844 -23.91255999 -23.13734426]
[2024-04-25 15:59:25,575][root][INFO] - Eval Returns: mean=-23.387 std=1.263
[2024-04-25 15:59:25,575][root][INFO] - Eval ndata: 32.000
[2024-04-25 15:59:25,575][root][INFO] - Model MSE (current real MPC): 0.661
[2024-04-25 15:59:26,707][root][INFO] - Model MSE (random test set): 0.191
[2024-04-25 15:59:26,708][root][INFO] - Model MSE (GT MPC): 0.015
[2024-04-25 15:59:26,708][root][INFO] - Model Likelihood (random test set): -3.735
[2024-04-25 15:59:26,708][root][INFO] - Model Likelihood (GT MPC): -3.691
[2024-04-25 15:59:26,708][root][INFO] - *[TIME] [Evaluate the current MPC policy] Elapsed: 9.91 seconds
[2024-04-25 15:59:32,755][root][INFO] - x: [ 2.97814167e-03  2.56247189e-04  9.97329464e-01 -3.60383309e-04
  1.00000000e+00]
[2024-04-25 15:59:32,755][root][INFO] - y: [ 2.56247189e-05  1.59494710e-01 -2.86784156e-04 -1.58664982e-01]
[2024-04-25 15:59:32,756][root][INFO] - Reward: -0.9999901658460402
[2024-04-25 15:59:34,237][root][INFO] - --------------- Start iteration i=51 ---------------
[2024-04-25 15:59:34,237][root][INFO] - Length of data.x: 17
[2024-04-25 15:59:34,237][root][INFO] - Length of data.y: 17
[2024-04-25 15:59:35,036][root][INFO] - x: [ 0.00300377  0.15975096  0.99704268 -0.15902537  0.71513555]
[2024-04-25 15:59:35,037][root][INFO] - y: [ 0.0159751   0.11095988 -0.12654847 -0.1100425 ]
[2024-04-25 15:59:35,037][root][INFO] - Reward: -0.999994207596421
[2024-04-25 15:59:35,039][root][INFO] - --------------- Start iteration i=52 ---------------
[2024-04-25 15:59:35,039][root][INFO] - Length of data.x: 14
[2024-04-25 15:59:35,039][root][INFO] - Length of data.y: 14
[2024-04-25 15:59:36,026][root][INFO] - x: [ 0.01897886  0.27071083  0.87049421 -0.26906787  0.38534039]
[2024-04-25 15:59:36,027][root][INFO] - y: [ 0.02707108 -0.00645719 -0.21411758  0.04479023]
[2024-04-25 15:59:36,027][root][INFO] - Reward: -0.9999992260065697
[2024-04-25 15:59:36,029][root][INFO] - --------------- Start iteration i=53 ---------------
[2024-04-25 15:59:36,029][root][INFO] - Length of data.x: 9
[2024-04-25 15:59:36,029][root][INFO] - Length of data.y: 9
[2024-04-25 15:59:36,668][root][INFO] - x: [ 0.04604995  0.26425364  0.65637663 -0.22427764 -1.        ]
[2024-04-25 15:59:36,669][root][INFO] - y: [ 0.02642536 -0.17406629 -0.17847462  0.16870141]
[2024-04-25 15:59:36,670][root][INFO] - Reward: -0.9999999319786705
[2024-04-25 15:59:36,671][root][INFO] - --------------- Start iteration i=54 ---------------
[2024-04-25 15:59:36,671][root][INFO] - Length of data.x: 7
[2024-04-25 15:59:36,671][root][INFO] - Length of data.y: 7
[2024-04-25 15:59:37,409][root][INFO] - x: [ 0.07247531  0.09018735  0.47790201 -0.05557622 -1.        ]
[2024-04-25 15:59:37,409][root][INFO] - y: [ 0.00901874 -0.10142526 -0.04422619  0.09092775]
[2024-04-25 15:59:37,409][root][INFO] - Reward: -0.9999999757711175
[2024-04-25 15:59:37,411][root][INFO] - --------------- Start iteration i=55 ---------------
[2024-04-25 15:59:37,411][root][INFO] - Length of data.x: 5
[2024-04-25 15:59:37,411][root][INFO] - Length of data.y: 5
[2024-04-25 15:59:38,153][root][INFO] - x: [ 0.08149405 -0.0112379   0.43367583  0.03535152 -0.14906469]
[2024-04-25 15:59:38,153][root][INFO] - y: [-0.00112379 -0.00862593  0.02813187  0.09429162]
[2024-04-25 15:59:38,154][root][INFO] - Reward: -0.9999999831364822
[2024-04-25 15:59:38,155][root][INFO] - --------------- Start iteration i=56 ---------------
[2024-04-25 15:59:38,155][root][INFO] - Length of data.x: 3
[2024-04-25 15:59:38,156][root][INFO] - Length of data.y: 3
[2024-04-25 15:59:38,551][root][INFO] - x: [ 0.08037025 -0.01986383  0.4618077   0.12964315  0.11463029]
[2024-04-25 15:59:38,552][root][INFO] - y: [-0.00198638  0.00039639  0.10316682  0.09754142]
[2024-04-25 15:59:38,552][root][INFO] - Reward: -0.9999999954650467
[2024-04-25 15:59:38,553][root][INFO] - --------------- Start iteration i=57 ---------------
[2024-04-25 15:59:38,553][root][INFO] - Length of data.x: 3
[2024-04-25 15:59:38,553][root][INFO] - Length of data.y: 3
[2024-04-25 15:59:38,847][root][INFO] - x: [ 0.07838387 -0.01946744  0.56497452  0.22718457 -0.88757205]
[2024-04-25 15:59:38,847][root][INFO] - y: [-0.00194674 -0.14549668  0.18078788  0.12565457]
[2024-04-25 15:59:38,847][root][INFO] - Reward: -0.9999999972448721
[2024-04-25 15:59:38,849][root][INFO] - --------------- Start iteration i=58 ---------------
[2024-04-25 15:59:38,849][root][INFO] - Length of data.x: 3
[2024-04-25 15:59:38,849][root][INFO] - Length of data.y: 3
[2024-04-25 15:59:39,161][root][INFO] - x: [ 0.07643713 -0.16496412  0.7457624   0.35283914  0.31924641]
[2024-04-25 15:59:39,161][root][INFO] - y: [-0.01649641 -0.0837351   0.28078069  0.12877232]
[2024-04-25 15:59:39,161][root][INFO] - Reward: -0.9999990764119544
[2024-04-25 15:59:39,163][root][INFO] - --------------- Start iteration i=59 ---------------
[2024-04-25 15:59:39,163][root][INFO] - Length of data.x: 3
[2024-04-25 15:59:39,163][root][INFO] - Length of data.y: 3
[2024-04-25 15:59:39,476][root][INFO] - x: [ 0.05994072 -0.24869922 -0.97345691  0.48161146 -0.85041325]
[2024-04-25 15:59:39,477][root][INFO] - y: [-0.02486992 -0.09780937  0.38325453  0.08929007]
[2024-04-25 15:59:39,477][root][INFO] - Reward: -0.994035610743787
[2024-04-25 15:59:39,478][root][INFO] - --------------- Start iteration i=60 ---------------
[2024-04-25 15:59:39,478][root][INFO] - Length of data.x: 3
[2024-04-25 15:59:39,479][root][INFO] - Length of data.y: 3
[2024-04-25 15:59:45,792][root][INFO] - Eval Returns: [-24.9999217  -24.99995806 -21.75158714 -22.59910077 -23.60171179]
[2024-04-25 15:59:45,800][root][INFO] - Eval Returns: mean=-23.590 std=1.291
[2024-04-25 15:59:45,800][root][INFO] - Eval ndata: 3.000
[2024-04-25 15:59:45,800][root][INFO] - Model MSE (current real MPC): 0.548
[2024-04-25 15:59:46,922][root][INFO] - Model MSE (random test set): 0.323
[2024-04-25 15:59:46,923][root][INFO] - Model MSE (GT MPC): 0.092
[2024-04-25 15:59:46,923][root][INFO] - Model Likelihood (random test set): -3.727
[2024-04-25 15:59:46,923][root][INFO] - Model Likelihood (GT MPC): -3.689
[2024-04-25 15:59:46,923][root][INFO] - *[TIME] [Evaluate the current MPC policy] Elapsed: 7.31 seconds
[2024-04-25 15:59:51,042][root][INFO] - x: [ 0.03507079 -0.34650859 -0.59020237  0.57090153  0.68443934]
[2024-04-25 15:59:51,042][root][INFO] - y: [-0.03465086  0.38649652  0.45430937 -0.20234793]
[2024-04-25 15:59:51,042][root][INFO] - Reward: -0.39373323716102304
[2024-04-25 15:59:53,124][root][INFO] - --------------- Start iteration i=61 ---------------
[2024-04-25 15:59:53,124][root][INFO] - Length of data.x: 4
[2024-04-25 15:59:53,124][root][INFO] - Length of data.y: 4
[2024-04-25 15:59:53,339][root][INFO] - x: [ 4.19934731e-04  3.99879337e-02 -1.35893004e-01  3.68553603e-01
  9.37104408e-01]
[2024-04-25 15:59:53,340][root][INFO] - y: [0.00399879 0.19173151 0.29328588 0.13386111]
[2024-04-25 15:59:53,340][root][INFO] - Reward: -0.5962023794565956
[2024-04-25 15:59:53,342][root][INFO] - --------------- Start iteration i=62 ---------------
[2024-04-25 15:59:53,342][root][INFO] - Length of data.x: 5
[2024-04-25 15:59:53,342][root][INFO] - Length of data.y: 5
[2024-04-25 15:59:53,548][root][INFO] - x: [0.00441873 0.23171944 0.15739287 0.50241471 0.90481961]
[2024-04-25 15:59:53,549][root][INFO] - y: [ 0.02317194 -0.01233994  0.39980925  0.03573987]
[2024-04-25 15:59:53,549][root][INFO] - Reward: -0.9999548076309893
[2024-04-25 15:59:53,550][root][INFO] - --------------- Start iteration i=63 ---------------
[2024-04-25 15:59:53,551][root][INFO] - Length of data.x: 6
[2024-04-25 15:59:53,551][root][INFO] - Length of data.y: 6
[2024-04-25 15:59:53,754][root][INFO] - x: [0.02759067 0.2193795  0.55720212 0.53815458 0.59210206]
[2024-04-25 15:59:53,755][root][INFO] - y: [ 0.02193795 -0.21922349  0.42825016  0.13580236]
[2024-04-25 15:59:53,755][root][INFO] - Reward: -0.9999988704541866
[2024-04-25 15:59:53,757][root][INFO] - --------------- Start iteration i=64 ---------------
[2024-04-25 15:59:53,757][root][INFO] - Length of data.x: 7
[2024-04-25 15:59:53,757][root][INFO] - Length of data.y: 7
[2024-04-25 15:59:53,963][root][INFO] - x: [4.95286227e-02 1.56014701e-04 9.85452272e-01 6.73956943e-01
 5.92342846e-01]
[2024-04-25 15:59:53,963][root][INFO] - y: [ 1.56014701e-05  6.08773167e-02  5.36318328e-01 -5.63270206e-02]
[2024-04-25 15:59:53,963][root][INFO] - Reward: -0.9245984631643229
[2024-04-25 15:59:53,965][root][INFO] - --------------- Start iteration i=65 ---------------
[2024-04-25 15:59:53,965][root][INFO] - Length of data.x: 8
[2024-04-25 15:59:53,965][root][INFO] - Length of data.y: 8
[2024-04-25 15:59:54,177][root][INFO] - x: [ 0.04954422  0.06103333 -0.4782294   0.61762992  0.62092989]
[2024-04-25 15:59:54,177][root][INFO] - y: [ 0.00610333  0.41649022  0.49149467 -0.06950652]
[2024-04-25 15:59:54,177][root][INFO] - Reward: -0.9331221045321982
[2024-04-25 15:59:54,179][root][INFO] - --------------- Start iteration i=66 ---------------
[2024-04-25 15:59:54,179][root][INFO] - Length of data.x: 9
[2024-04-25 15:59:54,179][root][INFO] - Length of data.y: 9
[2024-04-25 15:59:54,387][root][INFO] - x: [ 0.05564756  0.47752355  0.01326527  0.5481234  -0.82881803]
[2024-04-25 15:59:54,387][root][INFO] - y: [ 0.04775236 -0.15641112  0.4361831  -0.15218411]
[2024-04-25 15:59:54,387][root][INFO] - Reward: -0.9999999999162998
[2024-04-25 15:59:54,389][root][INFO] - --------------- Start iteration i=67 ---------------
[2024-04-25 15:59:54,389][root][INFO] - Length of data.x: 10
[2024-04-25 15:59:54,389][root][INFO] - Length of data.y: 10
[2024-04-25 15:59:54,598][root][INFO] - x: [ 0.10339991  0.32111243  0.44944837  0.39593929 -0.1656898 ]
[2024-04-25 15:59:54,598][root][INFO] - y: [ 0.03211124 -0.16065681  0.31507873  0.07155681]
[2024-04-25 15:59:54,599][root][INFO] - Reward: -0.9999999999999971
[2024-04-25 15:59:54,600][root][INFO] - --------------- Start iteration i=68 ---------------
[2024-04-25 15:59:54,601][root][INFO] - Length of data.x: 11
[2024-04-25 15:59:54,601][root][INFO] - Length of data.y: 11
[2024-04-25 15:59:54,808][root][INFO] - x: [ 0.13551116  0.16045562  0.7645271   0.4674961  -1.        ]
[2024-04-25 15:59:54,809][root][INFO] - y: [ 0.01604556 -0.32443803  0.37202188  0.30583717]
[2024-04-25 15:59:54,809][root][INFO] - Reward: -0.9999999999256205
[2024-04-25 15:59:54,811][root][INFO] - --------------- Start iteration i=69 ---------------
[2024-04-25 15:59:54,811][root][INFO] - Length of data.x: 12
[2024-04-25 15:59:54,811][root][INFO] - Length of data.y: 12
[2024-04-25 15:59:55,022][root][INFO] - x: [ 0.15155672 -0.16398241 -0.86345103  0.77333327 -0.90549579]
[2024-04-25 15:59:55,023][root][INFO] - y: [-0.01639824  0.22935448  0.61539956 -0.2494184 ]
[2024-04-25 15:59:55,023][root][INFO] - Reward: -0.9992213407363015
[2024-04-25 15:59:55,025][root][INFO] - --------------- Start iteration i=70 ---------------
[2024-04-25 15:59:55,025][root][INFO] - Length of data.x: 13
[2024-04-25 15:59:55,025][root][INFO] - Length of data.y: 13
[2024-04-25 16:00:02,719][root][INFO] - Eval Returns: [-22.66964632 -24.48170368 -23.62029328 -24.24101687 -23.04618621]
[2024-04-25 16:00:02,728][root][INFO] - Eval Returns: mean=-23.612 std=0.687
[2024-04-25 16:00:02,728][root][INFO] - Eval ndata: 13.000
[2024-04-25 16:00:02,728][root][INFO] - Model MSE (current real MPC): 0.607
[2024-04-25 16:00:03,870][root][INFO] - Model MSE (random test set): 0.270
[2024-04-25 16:00:03,870][root][INFO] - Model MSE (GT MPC): 0.131
[2024-04-25 16:00:03,870][root][INFO] - Model Likelihood (random test set): -3.737
[2024-04-25 16:00:03,871][root][INFO] - Model Likelihood (GT MPC): -3.720
[2024-04-25 16:00:03,871][root][INFO] - *[TIME] [Evaluate the current MPC policy] Elapsed: 8.63 seconds
[2024-04-25 16:00:08,094][root][INFO] - x: [ 0.13515848  0.06537206 -0.24805146  0.52391487 -0.95279654]
[2024-04-25 16:00:08,094][root][INFO] - y: [ 0.00653721  0.08207667  0.41691854 -0.01062029]
[2024-04-25 16:00:08,095][root][INFO] - Reward: -0.9999999999508682
[2024-04-25 16:00:09,794][root][INFO] - --------------- Start iteration i=71 ---------------
[2024-04-25 16:00:09,794][root][INFO] - Length of data.x: 14
[2024-04-25 16:00:09,794][root][INFO] - Length of data.y: 14
[2024-04-25 16:00:10,007][root][INFO] - x: [ 0.14169568  0.14744874  0.16886708  0.51329459 -0.90685298]
[2024-04-25 16:00:10,008][root][INFO] - y: [ 0.01474487 -0.27886986  0.40846718 -0.19085211]
[2024-04-25 16:00:10,008][root][INFO] - Reward: -1.0
[2024-04-25 16:00:10,010][root][INFO] - --------------- Start iteration i=72 ---------------
[2024-04-25 16:00:10,010][root][INFO] - Length of data.x: 15
[2024-04-25 16:00:10,010][root][INFO] - Length of data.y: 15
[2024-04-25 16:00:10,216][root][INFO] - x: [ 0.15644056 -0.13142112  0.57733426  0.32244247 -0.53253309]
[2024-04-25 16:00:10,216][root][INFO] - y: [-0.01314211 -0.15858817  0.25659177  0.13346737]
[2024-04-25 16:00:10,217][root][INFO] - Reward: -0.9999999999999983
[2024-04-25 16:00:10,218][root][INFO] - --------------- Start iteration i=73 ---------------
[2024-04-25 16:00:10,219][root][INFO] - Length of data.x: 16
[2024-04-25 16:00:10,219][root][INFO] - Length of data.y: 16
[2024-04-25 16:00:10,423][root][INFO] - x: [ 0.14329844 -0.29000929  0.83392604  0.45590984 -0.60569359]
[2024-04-25 16:00:10,424][root][INFO] - y: [-0.02900093 -0.23769244  0.36280182  0.25501012]
[2024-04-25 16:00:10,424][root][INFO] - Reward: -0.9999995191400229
[2024-04-25 16:00:10,425][root][INFO] - --------------- Start iteration i=74 ---------------
[2024-04-25 16:00:10,425][root][INFO] - Length of data.x: 17
[2024-04-25 16:00:10,426][root][INFO] - Length of data.y: 17
[2024-04-25 16:00:10,630][root][INFO] - x: [ 0.11429751 -0.52770173 -0.80327215  0.71091996 -0.0341283 ]
[2024-04-25 16:00:10,630][root][INFO] - y: [-0.05277017  0.39126646  0.56573258 -0.37578909]
[2024-04-25 16:00:10,630][root][INFO] - Reward: -0.4226572827742946
[2024-04-25 16:00:10,631][root][INFO] - Explore episode complete with return -23.263506175043677, resetting
[2024-04-25 16:00:10,631][root][INFO] - Exploration Episode Rewards: [-0.9999901658460402, -0.999994207596421, -0.9999992260065697, -0.9999999319786705, -0.9999999757711175, -0.9999999831364822, -0.9999999954650467, -0.9999999972448721, -0.9999990764119544, -0.994035610743787, -0.39373323716102304, -0.5962023794565956, -0.9999548076309893, -0.9999988704541866, -0.9245984631643229, -0.9331221045321982, -0.9999999999162998, -0.9999999999999971, -0.9999999999256205, -0.9992213407363015, -0.9999999999508682, -1.0, -0.9999999999999983, -0.9999995191400229, -0.4226572827742946]
[2024-04-25 16:00:10,633][root][INFO] - --------------- Start iteration i=75 ---------------
[2024-04-25 16:00:10,633][root][INFO] - Length of data.x: 18
[2024-04-25 16:00:10,633][root][INFO] - Length of data.y: 18
[2024-04-25 16:00:10,836][root][INFO] - x: [ 2.82438204e-03 -1.32541852e-03  9.98078057e-01  3.83029405e-04
 -4.71394831e-01]
[2024-04-25 16:00:10,837][root][INFO] - y: [-0.00013254 -0.07575621  0.00030481  0.076348  ]
[2024-04-25 16:00:10,837][root][INFO] - Reward: -0.9999901401134981
[2024-04-25 16:00:10,839][root][INFO] - --------------- Start iteration i=76 ---------------
[2024-04-25 16:00:10,839][root][INFO] - Length of data.x: 19
[2024-04-25 16:00:10,839][root][INFO] - Length of data.y: 19
[2024-04-25 16:00:11,047][root][INFO] - x: [ 0.00269184 -0.07708162  0.99838286  0.07673103 -0.00354325]
[2024-04-25 16:00:11,047][root][INFO] - y: [-0.00770816  0.00032201  0.06106066  0.00017713]
[2024-04-25 16:00:11,047][root][INFO] - Reward: -0.9999901633141637
[2024-04-25 16:00:11,049][root][INFO] - --------------- Start iteration i=77 ---------------
[2024-04-25 16:00:11,049][root][INFO] - Length of data.x: 20
[2024-04-25 16:00:11,049][root][INFO] - Length of data.y: 20
[2024-04-25 16:00:11,256][root][INFO] - x: [-0.00501632 -0.07675961 -0.94055648  0.07690816 -0.78103299]
[2024-04-25 16:00:11,257][root][INFO] - y: [-0.00767596 -0.0478679   0.06120162  0.0288032 ]
[2024-04-25 16:00:11,257][root][INFO] - Reward: -0.9999916305047757
[2024-04-25 16:00:11,259][root][INFO] - --------------- Start iteration i=78 ---------------
[2024-04-25 16:00:11,259][root][INFO] - Length of data.x: 21
[2024-04-25 16:00:11,259][root][INFO] - Length of data.y: 21
[2024-04-25 16:00:11,485][root][INFO] - x: [-0.01269228 -0.12462751 -0.87935486  0.10571136 -0.62855766]
[2024-04-25 16:00:11,486][root][INFO] - y: [-0.01246275 -0.02017715  0.0841225  -0.01758988]
[2024-04-25 16:00:11,486][root][INFO] - Reward: -0.9999955537934203
[2024-04-25 16:00:11,488][root][INFO] - --------------- Start iteration i=79 ---------------
[2024-04-25 16:00:11,488][root][INFO] - Length of data.x: 22
[2024-04-25 16:00:11,488][root][INFO] - Length of data.y: 22
[2024-04-25 16:00:11,707][root][INFO] - x: [-0.02515504 -0.14480467 -0.79523236  0.08812148 -0.19011013]
[2024-04-25 16:00:11,708][root][INFO] - y: [-0.01448047  0.01840085  0.0701249  -0.073627  ]
[2024-04-25 16:00:11,708][root][INFO] - Reward: -0.9999988218799205
[2024-04-25 16:00:11,710][root][INFO] - --------------- Start iteration i=80 ---------------
[2024-04-25 16:00:11,710][root][INFO] - Length of data.x: 23
[2024-04-25 16:00:11,710][root][INFO] - Length of data.y: 23
[2024-04-25 16:00:19,514][root][INFO] - Eval Returns: [-24.7184697  -22.06320835 -24.99994776 -24.9999415  -24.75092531]
[2024-04-25 16:00:19,521][root][INFO] - Eval Returns: mean=-24.306 std=1.128
[2024-04-25 16:00:19,521][root][INFO] - Eval ndata: 23.000
[2024-04-25 16:00:19,521][root][INFO] - Model MSE (current real MPC): 0.498
[2024-04-25 16:00:20,554][root][INFO] - Model MSE (random test set): 0.259
[2024-04-25 16:00:20,554][root][INFO] - Model MSE (GT MPC): 0.092
[2024-04-25 16:00:20,554][root][INFO] - Model Likelihood (random test set): -3.747
[2024-04-25 16:00:20,554][root][INFO] - Model Likelihood (GT MPC): -3.733
[2024-04-25 16:00:20,554][root][INFO] - *[TIME] [Evaluate the current MPC policy] Elapsed: 8.64 seconds
[2024-04-25 16:00:24,943][root][INFO] - x: [-0.0396355  -0.12640381 -0.72510746  0.01449448 -0.24244999]
[2024-04-25 16:00:24,944][root][INFO] - y: [-0.01264038  0.00888552  0.01153435 -0.0804234 ]
[2024-04-25 16:00:24,944][root][INFO] - Reward: -0.9999998065074482
[2024-04-25 16:00:26,899][root][INFO] - --------------- Start iteration i=81 ---------------
[2024-04-25 16:00:26,899][root][INFO] - Length of data.x: 24
[2024-04-25 16:00:26,900][root][INFO] - Length of data.y: 24
[2024-04-25 16:00:27,133][root][INFO] - x: [-0.05227588 -0.11751829 -0.7135731  -0.06592892  1.        ]
[2024-04-25 16:00:27,133][root][INFO] - y: [-0.01175183  0.08455628 -0.05246461 -0.12948457]
[2024-04-25 16:00:27,134][root][INFO] - Reward: -0.9999999731893402
[2024-04-25 16:00:27,136][root][INFO] - --------------- Start iteration i=82 ---------------
[2024-04-25 16:00:27,136][root][INFO] - Length of data.x: 25
[2024-04-25 16:00:27,136][root][INFO] - Length of data.y: 25
[2024-04-25 16:00:27,724][root][INFO] - x: [-0.06402771 -0.03296201 -0.76603771 -0.19541349 -0.61236488]
[2024-04-25 16:00:27,725][root][INFO] - y: [-0.0032962   0.01516783 -0.15550524 -0.07710464]
[2024-04-25 16:00:27,725][root][INFO] - Reward: -0.9999999350000403
[2024-04-25 16:00:27,728][root][INFO] - --------------- Start iteration i=83 ---------------
[2024-04-25 16:00:27,728][root][INFO] - Length of data.x: 26
[2024-04-25 16:00:27,728][root][INFO] - Length of data.y: 26
[2024-04-25 16:00:27,952][root][INFO] - x: [-0.06732391 -0.01779418 -0.92154295 -0.27251812  0.99385338]
[2024-04-25 16:00:27,952][root][INFO] - y: [-0.00177942  0.11674525 -0.21686321 -0.13717705]
[2024-04-25 16:00:27,952][root][INFO] - Reward: -0.9999939152327143
[2024-04-25 16:00:27,955][root][INFO] - --------------- Start iteration i=84 ---------------
[2024-04-25 16:00:27,955][root][INFO] - Length of data.x: 27
[2024-04-25 16:00:27,955][root][INFO] - Length of data.y: 27
[2024-04-25 16:00:28,187][root][INFO] - x: [-0.06910333  0.09895107  0.86159384 -0.40969518 -1.        ]
[2024-04-25 16:00:28,187][root][INFO] - y: [ 0.00989511 -0.18993088 -0.32602533  0.21362348]
[2024-04-25 16:00:28,188][root][INFO] - Reward: -0.9715109628930648
[2024-04-25 16:00:28,189][root][INFO] - --------------- Start iteration i=85 ---------------
[2024-04-25 16:00:28,190][root][INFO] - Length of data.x: 28
[2024-04-25 16:00:28,190][root][INFO] - Length of data.y: 28
[2024-04-25 16:00:28,417][root][INFO] - x: [-0.05920822 -0.09097981  0.53556852 -0.19607169 -0.50139143]
[2024-04-25 16:00:28,417][root][INFO] - y: [-0.00909798 -0.06435711 -0.15602902  0.10476391]
[2024-04-25 16:00:28,418][root][INFO] - Reward: -0.7194576456023966
[2024-04-25 16:00:28,420][root][INFO] - --------------- Start iteration i=86 ---------------
[2024-04-25 16:00:28,420][root][INFO] - Length of data.x: 29
[2024-04-25 16:00:28,420][root][INFO] - Length of data.y: 29
[2024-04-25 16:00:28,651][root][INFO] - x: [-0.06830621 -0.15533692  0.3795395  -0.09130778  0.68258231]
[2024-04-25 16:00:28,652][root][INFO] - y: [-0.01553369  0.04327794 -0.07266048  0.10724153]
[2024-04-25 16:00:28,652][root][INFO] - Reward: -0.7739410315871582
[2024-04-25 16:00:28,654][root][INFO] - --------------- Start iteration i=87 ---------------
[2024-04-25 16:00:28,654][root][INFO] - Length of data.x: 30
[2024-04-25 16:00:28,655][root][INFO] - Length of data.y: 30
[2024-04-25 16:00:28,887][root][INFO] - x: [-0.0838399  -0.11205898  0.30687902  0.01593375  0.66364798]
[2024-04-25 16:00:28,888][root][INFO] - y: [-0.0112059   0.05848661  0.01267969  0.11402127]
[2024-04-25 16:00:28,888][root][INFO] - Reward: -0.8888265617070826
[2024-04-25 16:00:28,890][root][INFO] - --------------- Start iteration i=88 ---------------
[2024-04-25 16:00:28,890][root][INFO] - Length of data.x: 31
[2024-04-25 16:00:28,890][root][INFO] - Length of data.y: 31
[2024-04-25 16:00:29,124][root][INFO] - x: [-0.0950458  -0.05357237  0.31955871  0.12995502  0.04752025]
[2024-04-25 16:00:29,124][root][INFO] - y: [-0.00535724  0.00699353  0.10341501  0.08659544]
[2024-04-25 16:00:29,124][root][INFO] - Reward: -0.9543376126659948
[2024-04-25 16:00:29,127][root][INFO] - --------------- Start iteration i=89 ---------------
[2024-04-25 16:00:29,127][root][INFO] - Length of data.x: 32
[2024-04-25 16:00:29,127][root][INFO] - Length of data.y: 32
[2024-04-25 16:00:29,377][root][INFO] - x: [-0.10040303 -0.04657885  0.42297371  0.21655046 -0.07961682]
[2024-04-25 16:00:29,377][root][INFO] - y: [-0.00465788 -0.03845818  0.17232552  0.08612304]
[2024-04-25 16:00:29,377][root][INFO] - Reward: -0.9987084089638939
[2024-04-25 16:00:29,380][root][INFO] - --------------- Start iteration i=90 ---------------
[2024-04-25 16:00:29,380][root][INFO] - Length of data.x: 33
[2024-04-25 16:00:29,380][root][INFO] - Length of data.y: 33
[2024-04-25 16:00:37,693][root][INFO] - Eval Returns: [-23.84056987 -23.84207788 -22.01893063 -22.57076552 -24.41683467]
[2024-04-25 16:00:37,702][root][INFO] - Eval Returns: mean=-23.338 std=0.894
[2024-04-25 16:00:37,702][root][INFO] - Eval ndata: 33.000
[2024-04-25 16:00:37,702][root][INFO] - Model MSE (current real MPC): 0.683
[2024-04-25 16:00:38,886][root][INFO] - Model MSE (random test set): 0.273
[2024-04-25 16:00:38,886][root][INFO] - Model MSE (GT MPC): 0.034
[2024-04-25 16:00:38,886][root][INFO] - Model Likelihood (random test set): -3.767
[2024-04-25 16:00:38,886][root][INFO] - Model Likelihood (GT MPC): -3.715
[2024-04-25 16:00:38,886][root][INFO] - *[TIME] [Evaluate the current MPC policy] Elapsed: 9.28 seconds
[2024-04-25 16:00:44,956][root][INFO] - x: [-0.10506092 -0.08503703  0.59529924  0.30267351  0.10720124]
[2024-04-25 16:00:44,957][root][INFO] - y: [-0.0085037  -0.08914037  0.24086012  0.12012255]
[2024-04-25 16:00:44,957][root][INFO] - Reward: -0.9999998517146532
