[2024-04-23 17:33:45,718][root][INFO] - Dumper dumping to /tirl/experiments/mpc_frozencartpole_2024-04-23/17-33-29/seed_3
[2024-04-23 17:33:45,734][root][INFO] - Start obs: None
[2024-04-23 17:34:12,729][root][INFO] - GT Returns: [-11.58220521 -12.94740045 -14.67794207 -10.67660907 -14.97363959]
[2024-04-23 17:34:12,729][root][INFO] - GT Returns: mean=-12.972 std=1.680
[2024-04-23 17:34:12,729][root][INFO] - Path Lengths: [36345, 36345, 36345, 36345, 36345]
[2024-04-23 17:34:12,730][root][INFO] - Path Lengths: mean=36345.000 std=0.000
[2024-04-23 17:34:12,787][root][INFO] - all_x.shape = (181725, 5)
[2024-04-23 17:34:12,792][root][INFO] - all_x.min(axis=0) = [-0.59653214 -0.9220875  -0.99999475 -0.82051992 -1.        ]
[2024-04-23 17:34:12,797][root][INFO] - all_x.max(axis=0) = [0.9363745  1.57092288 0.99999039 0.90347867 1.        ]
[2024-04-23 17:34:12,800][root][INFO] - all_x.mean(axis=0) = [-0.0091029  -0.00377744  0.01835189  0.02911722  0.00433416]
[2024-04-23 17:34:12,808][root][INFO] - all_x.var(axis=0) = [0.00753074 0.03286408 0.24513712 0.08195118 0.25557331]
[2024-04-23 17:34:12,849][root][INFO] - --------------- Start iteration i=0 ---------------
[2024-04-23 17:34:12,849][root][INFO] - Length of data.x: 301
[2024-04-23 17:34:12,849][root][INFO] - Length of data.y: 301
[2024-04-23 17:34:40,315][root][INFO] - Eval Returns: [-17.43605762 -21.24453197 -20.1581072  -18.6102666  -11.57425246]
[2024-04-23 17:34:40,323][root][INFO] - Eval Returns: mean=-17.805 std=3.376
[2024-04-23 17:34:40,324][root][INFO] - Eval ndata: 301.000
[2024-04-23 17:34:40,324][root][INFO] - Model MSE (current real MPC): 0.481
[2024-04-23 17:34:41,837][root][INFO] - Model MSE (random test set): 0.002
[2024-04-23 17:34:41,837][root][INFO] - Model MSE (GT MPC): 0.001
[2024-04-23 17:34:41,837][root][INFO] - Model Likelihood (random test set): -3.729
[2024-04-23 17:34:41,838][root][INFO] - Model Likelihood (GT MPC): -3.812
[2024-04-23 17:34:41,838][root][INFO] - *[TIME] [Evaluate the current MPC policy] Elapsed: 28.50 seconds
