[2024-04-19 19:42:11,404][root][INFO] - Dumper dumping to /trajectory-information-rl/experiments/mpc_frozencartpole_2024-04-19/19-42-05/seed_3
[2024-04-19 19:42:11,408][root][INFO] - Start obs: None
[2024-04-19 19:42:25,081][root][INFO] - GT Returns: [-11.82505285 -11.93846753 -10.27118599 -12.13509421 -10.47789683]
[2024-04-19 19:42:25,081][root][INFO] - GT Returns: mean=-11.330 std=0.789
[2024-04-19 19:42:25,081][root][INFO] - Path Lengths: [36345, 36345, 36345, 36345, 36345]
[2024-04-19 19:42:25,081][root][INFO] - Path Lengths: mean=36345.000 std=0.000
[2024-04-19 19:42:25,145][root][INFO] - all_x.shape = (181725, 5)
[2024-04-19 19:42:25,150][root][INFO] - all_x.min(axis=0) = [-0.55553187 -0.86653775 -0.99999408 -0.79360657 -1.        ]
[2024-04-19 19:42:25,155][root][INFO] - all_x.max(axis=0) = [0.92361475 1.44091231 0.99997743 0.84306385 1.        ]
[2024-04-19 19:42:25,157][root][INFO] - all_x.mean(axis=0) = [-0.01680622 -0.00876751  0.03946001  0.06175305  0.00951618]
[2024-04-19 19:42:25,165][root][INFO] - all_x.var(axis=0) = [0.0059665  0.02836199 0.23900766 0.07413839 0.23000889]
[2024-04-19 19:42:25,200][root][INFO] - --------------- Start iteration i=0 ---------------
[2024-04-19 19:42:25,200][root][INFO] - Length of data.x: 32
[2024-04-19 19:42:25,200][root][INFO] - Length of data.y: 32
[2024-04-19 19:42:32,264][root][INFO] - Eval Returns: [-21.90354492 -24.33810882 -23.75194894 -24.15471841 -23.43771782]
[2024-04-19 19:42:32,269][root][INFO] - Eval Returns: mean=-23.517 std=0.866
[2024-04-19 19:42:32,269][root][INFO] - Eval ndata: 32.000
[2024-04-19 19:42:32,269][root][INFO] - Model MSE (current real MPC): 0.458
[2024-04-19 19:42:33,346][root][INFO] - Model MSE (random test set): 0.149
[2024-04-19 19:42:33,346][root][INFO] - Model MSE (GT MPC): 0.036
[2024-04-19 19:42:33,346][root][INFO] - Model Likelihood (random test set): -3.896
[2024-04-19 19:42:33,346][root][INFO] - Model Likelihood (GT MPC): -3.768
[2024-04-19 19:42:33,346][root][INFO] - *[TIME] [Evaluate the current MPC policy] Elapsed: 7.94 seconds
[2024-04-19 19:42:35,256][root][INFO] - x: [ 6.32437554e-05 -1.21527737e-03 -9.98523004e-01 -3.58408891e-04
  6.97607356e-01]
[2024-04-19 19:42:35,257][root][INFO] - y: [-0.00012153  0.11190872 -0.00028521 -0.11236342]
[2024-04-19 19:42:35,257][root][INFO] - Reward: -0.9999900703294109
[2024-04-19 19:42:36,704][root][INFO] - --------------- Start iteration i=1 ---------------
[2024-04-19 19:42:36,705][root][INFO] - Length of data.x: 33
[2024-04-19 19:42:36,705][root][INFO] - Length of data.y: 33
[2024-04-19 19:42:36,881][root][INFO] - x: [-5.82839812e-05  1.10693439e-01 -9.98808217e-01 -1.12721826e-01
  6.29936438e-02]
[2024-04-19 19:42:36,881][root][INFO] - y: [ 0.01106934  0.00356052 -0.08970125 -0.00392842]
[2024-04-19 19:42:36,881][root][INFO] - Reward: -0.9999915884405262
[2024-04-19 19:42:36,882][root][INFO] - --------------- Start iteration i=2 ---------------
[2024-04-19 19:42:36,882][root][INFO] - Length of data.x: 34
[2024-04-19 19:42:36,882][root][INFO] - Length of data.y: 34
[2024-04-19 19:42:37,049][root][INFO] - x: [ 0.01101106  0.11425396  0.91149053 -0.11665024  0.56590578]
[2024-04-19 19:42:37,050][root][INFO] - y: [ 0.0114254   0.06464001 -0.09282739 -0.03520185]
[2024-04-19 19:42:37,050][root][INFO] - Reward: -0.9999948410709787
[2024-04-19 19:42:37,050][root][INFO] - --------------- Start iteration i=3 ---------------
[2024-04-19 19:42:37,050][root][INFO] - Length of data.x: 35
[2024-04-19 19:42:37,050][root][INFO] - Length of data.y: 35
[2024-04-19 19:42:37,215][root][INFO] - x: [ 0.02243646  0.17889398  0.81866314 -0.1518521  -0.63788811]
[2024-04-19 19:42:37,216][root][INFO] - y: [ 0.0178894  -0.1279987  -0.12084016  0.16074986]
[2024-04-19 19:42:37,216][root][INFO] - Reward: -0.9999987115246944
[2024-04-19 19:42:37,217][root][INFO] - --------------- Start iteration i=4 ---------------
[2024-04-19 19:42:37,217][root][INFO] - Length of data.x: 36
[2024-04-19 19:42:37,217][root][INFO] - Length of data.y: 36
[2024-04-19 19:42:37,382][root][INFO] - x: [ 0.04032585  0.05089528  0.69782299  0.00889776 -0.38492362]
[2024-04-19 19:42:37,382][root][INFO] - y: [ 0.00508953 -0.06472118  0.00708062  0.11752154]
[2024-04-19 19:42:37,382][root][INFO] - Reward: -0.9999994165962793
[2024-04-19 19:42:37,383][root][INFO] - --------------- Start iteration i=5 ---------------
[2024-04-19 19:42:37,383][root][INFO] - Length of data.x: 37
[2024-04-19 19:42:37,383][root][INFO] - Length of data.y: 37
[2024-04-19 19:42:37,549][root][INFO] - x: [ 0.04541538 -0.0138259   0.7049036   0.1264193  -0.5646262 ]
[2024-04-19 19:42:37,549][root][INFO] - y: [-0.00138259 -0.09941611  0.10060136  0.13821421]
[2024-04-19 19:42:37,549][root][INFO] - Reward: -0.9999994719332118
[2024-04-19 19:42:37,550][root][INFO] - --------------- Start iteration i=6 ---------------
[2024-04-19 19:42:37,550][root][INFO] - Length of data.x: 38
[2024-04-19 19:42:37,550][root][INFO] - Length of data.y: 38
[2024-04-19 19:42:37,716][root][INFO] - x: [ 0.04403279 -0.11324201  0.80550497  0.26463351 -0.52142885]
[2024-04-19 19:42:37,716][root][INFO] - y: [-0.0113242  -0.14160455  0.21058883  0.17232074]
[2024-04-19 19:42:37,717][root][INFO] - Reward: -0.9999950187007525
[2024-04-19 19:42:37,717][root][INFO] - --------------- Start iteration i=7 ---------------
[2024-04-19 19:42:37,717][root][INFO] - Length of data.x: 39
[2024-04-19 19:42:37,717][root][INFO] - Length of data.y: 39
[2024-04-19 19:42:37,884][root][INFO] - x: [ 0.03270859 -0.25484656 -0.9839062   0.43695425 -0.3935038 ]
[2024-04-19 19:42:37,885][root][INFO] - y: [-0.02548466 -0.04137094  0.34771742  0.03635493]
[2024-04-19 19:42:37,885][root][INFO] - Reward: -0.9994794712303109
[2024-04-19 19:42:37,885][root][INFO] - --------------- Start iteration i=8 ---------------
[2024-04-19 19:42:37,885][root][INFO] - Length of data.x: 40
[2024-04-19 19:42:37,885][root][INFO] - Length of data.y: 40
[2024-04-19 19:42:38,053][root][INFO] - x: [ 0.00722393 -0.2962175  -0.63618878  0.47330918 -0.34638992]
[2024-04-19 19:42:38,053][root][INFO] - y: [-0.02962175  0.1852752   0.37664778 -0.16622156]
[2024-04-19 19:42:38,053][root][INFO] - Reward: -0.9771220404836879
[2024-04-19 19:42:38,054][root][INFO] - --------------- Start iteration i=9 ---------------
[2024-04-19 19:42:38,054][root][INFO] - Length of data.x: 41
[2024-04-19 19:42:38,054][root][INFO] - Length of data.y: 41
[2024-04-19 19:42:38,222][root][INFO] - x: [-0.02239782 -0.1109423  -0.259541    0.30708762 -0.65056   ]
[2024-04-19 19:42:38,222][root][INFO] - y: [-0.01109423  0.01767796  0.24437276 -0.05936769]
[2024-04-19 19:42:38,223][root][INFO] - Reward: -0.6525269017152562
[2024-04-19 19:42:38,223][root][INFO] - --------------- Start iteration i=10 ---------------
[2024-04-19 19:42:38,223][root][INFO] - Length of data.x: 42
[2024-04-19 19:42:38,223][root][INFO] - Length of data.y: 42
[2024-04-19 19:42:45,711][root][INFO] - Eval Returns: [-20.50417046 -24.30064392 -24.34897674 -21.35952742 -23.89319593]
[2024-04-19 19:42:45,716][root][INFO] - Eval Returns: mean=-22.881 std=1.622
[2024-04-19 19:42:45,716][root][INFO] - Eval ndata: 42.000
[2024-04-19 19:42:45,716][root][INFO] - Model MSE (current real MPC): 0.396
[2024-04-19 19:42:46,808][root][INFO] - Model MSE (random test set): 0.078
[2024-04-19 19:42:46,808][root][INFO] - Model MSE (GT MPC): 0.015
[2024-04-19 19:42:46,808][root][INFO] - Model Likelihood (random test set): -3.850
[2024-04-19 19:42:46,808][root][INFO] - Model Likelihood (GT MPC): -3.746
[2024-04-19 19:42:46,808][root][INFO] - *[TIME] [Evaluate the current MPC policy] Elapsed: 8.42 seconds
[2024-04-19 19:42:49,444][root][INFO] - x: [-0.03349205 -0.09326435 -0.01516824  0.24771992 -1.        ]
[2024-04-19 19:42:49,444][root][INFO] - y: [-0.00932643 -0.07682198  0.19712941 -0.08141247]
[2024-04-19 19:42:49,444][root][INFO] - Reward: -0.1466791780943657
[2024-04-19 19:42:50,448][root][INFO] - --------------- Start iteration i=11 ---------------
[2024-04-19 19:42:50,448][root][INFO] - Length of data.x: 43
[2024-04-19 19:42:50,448][root][INFO] - Length of data.y: 43
[2024-04-19 19:42:50,632][root][INFO] - x: [-0.04281848 -0.17008632  0.18196117  0.16630745  1.        ]
[2024-04-19 19:42:50,633][root][INFO] - y: [-0.01700863  0.07407557  0.13234337  0.11542635]
[2024-04-19 19:42:50,633][root][INFO] - Reward: -0.48162980977148206
[2024-04-19 19:42:50,634][root][INFO] - --------------- Start iteration i=12 ---------------
[2024-04-19 19:42:50,634][root][INFO] - Length of data.x: 44
[2024-04-19 19:42:50,634][root][INFO] - Length of data.y: 44
[2024-04-19 19:42:50,968][root][INFO] - x: [-0.05982711 -0.09601076  0.31430454  0.2817338   1.        ]
[2024-04-19 19:42:50,968][root][INFO] - y: [-0.00960108  0.00652724  0.22419682  0.08555377]
[2024-04-19 19:42:50,968][root][INFO] - Reward: -0.9751477489634485
[2024-04-19 19:42:50,969][root][INFO] - --------------- Start iteration i=13 ---------------
[2024-04-19 19:42:50,969][root][INFO] - Length of data.x: 45
[2024-04-19 19:42:50,969][root][INFO] - Length of data.y: 45
[2024-04-19 19:42:51,138][root][INFO] - x: [-0.06942819 -0.08948352  0.53850136  0.36728757  0.44340134]
[2024-04-19 19:42:51,138][root][INFO] - y: [-0.00894835 -0.10747761  0.2922784   0.11045074]
[2024-04-19 19:42:51,138][root][INFO] - Reward: -0.9999926814717479
[2024-04-19 19:42:51,139][root][INFO] - --------------- Start iteration i=14 ---------------
[2024-04-19 19:42:51,139][root][INFO] - Length of data.x: 46
[2024-04-19 19:42:51,139][root][INFO] - Length of data.y: 46
[2024-04-19 19:42:51,307][root][INFO] - x: [-0.07837654 -0.19696113  0.83077976  0.47773831  0.79583866]
[2024-04-19 19:42:51,308][root][INFO] - y: [-0.01969611 -0.11477909  0.38017238  0.14871874]
[2024-04-19 19:42:51,308][root][INFO] - Reward: -0.999999999953336
[2024-04-19 19:42:51,309][root][INFO] - --------------- Start iteration i=15 ---------------
[2024-04-19 19:42:51,309][root][INFO] - Length of data.x: 47
[2024-04-19 19:42:51,309][root][INFO] - Length of data.y: 47
[2024-04-19 19:42:51,477][root][INFO] - x: [-0.09807265 -0.31174022 -0.78904787  0.62645705  0.15357284]
[2024-04-19 19:42:51,477][root][INFO] - y: [-0.03117402  0.33251772  0.49851908 -0.3225488 ]
[2024-04-19 19:42:51,477][root][INFO] - Reward: -0.9999999999908529
[2024-04-19 19:42:51,478][root][INFO] - --------------- Start iteration i=16 ---------------
[2024-04-19 19:42:51,478][root][INFO] - Length of data.x: 48
[2024-04-19 19:42:51,478][root][INFO] - Length of data.y: 48
[2024-04-19 19:42:51,646][root][INFO] - x: [-0.12924668  0.0207775  -0.29052878  0.30390825 -0.09418827]
[2024-04-19 19:42:51,646][root][INFO] - y: [ 0.00207775  0.0532373   0.2418427  -0.04513343]
[2024-04-19 19:42:51,646][root][INFO] - Reward: -0.9999996498094856
[2024-04-19 19:42:51,647][root][INFO] - --------------- Start iteration i=17 ---------------
[2024-04-19 19:42:51,647][root][INFO] - Length of data.x: 49
[2024-04-19 19:42:51,647][root][INFO] - Length of data.y: 49
[2024-04-19 19:42:51,817][root][INFO] - x: [-0.12716893  0.0740148  -0.04868608  0.25877482 -0.20241004]
[2024-04-19 19:42:51,817][root][INFO] - y: [ 0.00740148 -0.01079506  0.20592662 -0.0256304 ]
[2024-04-19 19:42:51,818][root][INFO] - Reward: -0.9987843894954066
[2024-04-19 19:42:51,818][root][INFO] - --------------- Start iteration i=18 ---------------
[2024-04-19 19:42:51,818][root][INFO] - Length of data.x: 50
[2024-04-19 19:42:51,818][root][INFO] - Length of data.y: 50
[2024-04-19 19:42:51,989][root][INFO] - x: [-0.11976745  0.06321973  0.15724054  0.23314442  0.26694409]
[2024-04-19 19:42:51,989][root][INFO] - y: [0.00632197 0.00553523 0.18553058 0.0514339 ]
[2024-04-19 19:42:51,989][root][INFO] - Reward: -0.9761526427005778
[2024-04-19 19:42:51,990][root][INFO] - --------------- Start iteration i=19 ---------------
[2024-04-19 19:42:51,990][root][INFO] - Length of data.x: 51
[2024-04-19 19:42:51,990][root][INFO] - Length of data.y: 51
[2024-04-19 19:42:52,161][root][INFO] - x: [-0.11344547  0.06875496  0.34277112  0.28457831  0.64823279]
[2024-04-19 19:42:52,161][root][INFO] - y: [ 0.0068755  -0.02156993  0.22646041  0.0762354 ]
[2024-04-19 19:42:52,161][root][INFO] - Reward: -0.9977547968245318
[2024-04-19 19:42:52,162][root][INFO] - --------------- Start iteration i=20 ---------------
[2024-04-19 19:42:52,162][root][INFO] - Length of data.x: 52
[2024-04-19 19:42:52,162][root][INFO] - Length of data.y: 52
[2024-04-19 19:43:00,082][root][INFO] - Eval Returns: [-20.76163547 -21.18131209 -21.23497643 -14.94122644 -22.87508114]
[2024-04-19 19:43:00,086][root][INFO] - Eval Returns: mean=-20.199 std=2.726
[2024-04-19 19:43:00,086][root][INFO] - Eval ndata: 52.000
[2024-04-19 19:43:00,087][root][INFO] - Model MSE (current real MPC): 0.453
[2024-04-19 19:43:01,182][root][INFO] - Model MSE (random test set): 0.036
[2024-04-19 19:43:01,182][root][INFO] - Model MSE (GT MPC): 0.002
[2024-04-19 19:43:01,182][root][INFO] - Model Likelihood (random test set): -3.804
[2024-04-19 19:43:01,182][root][INFO] - Model Likelihood (GT MPC): -3.710
[2024-04-19 19:43:01,183][root][INFO] - *[TIME] [Evaluate the current MPC policy] Elapsed: 8.85 seconds
[2024-04-19 19:43:04,048][root][INFO] - x: [-0.10656998  0.04718503  0.56923153  0.36081371  0.89632063]
[2024-04-19 19:43:04,048][root][INFO] - y: [ 0.0047185  -0.08405713  0.28712666  0.11402477]
[2024-04-19 19:43:04,048][root][INFO] - Reward: -0.9999996873718952
[2024-04-19 19:43:04,999][root][INFO] - --------------- Start iteration i=21 ---------------
[2024-04-19 19:43:04,999][root][INFO] - Length of data.x: 53
[2024-04-19 19:43:04,999][root][INFO] - Length of data.y: 53
[2024-04-19 19:43:05,187][root][INFO] - x: [-0.10185147 -0.03687209  0.85635819  0.47483848  0.6725865 ]
[2024-04-19 19:43:05,187][root][INFO] - y: [-0.00368721 -0.10431645  0.37786476  0.13669946]
[2024-04-19 19:43:05,187][root][INFO] - Reward: -0.99999999999338
[2024-04-19 19:43:05,188][root][INFO] - --------------- Start iteration i=22 ---------------
[2024-04-19 19:43:05,188][root][INFO] - Length of data.x: 54
[2024-04-19 19:43:05,188][root][INFO] - Length of data.y: 54
[2024-04-19 19:43:05,370][root][INFO] - x: [-0.10553868 -0.14118854 -0.76577704  0.61153795  0.22154664]
[2024-04-19 19:43:05,370][root][INFO] - y: [-0.01411885  0.335212    0.48664683 -0.31439524]
[2024-04-19 19:43:05,370][root][INFO] - Reward: -0.9999999998056959
[2024-04-19 19:43:05,371][root][INFO] - --------------- Start iteration i=23 ---------------
[2024-04-19 19:43:05,371][root][INFO] - Length of data.x: 55
[2024-04-19 19:43:05,371][root][INFO] - Length of data.y: 55
[2024-04-19 19:43:05,555][root][INFO] - x: [-0.11965754  0.19402346 -0.27913021  0.29714271 -0.81289763]
[2024-04-19 19:43:05,555][root][INFO] - y: [ 0.01940235  0.00347856  0.23645884 -0.0732684 ]
[2024-04-19 19:43:05,555][root][INFO] - Reward: -0.9999155137769942
[2024-04-19 19:43:05,556][root][INFO] - --------------- Start iteration i=24 ---------------
[2024-04-19 19:43:05,556][root][INFO] - Length of data.x: 56
[2024-04-19 19:43:05,556][root][INFO] - Length of data.y: 56
[2024-04-19 19:43:05,734][root][INFO] - x: [-0.10025519  0.19750202 -0.04267137  0.22387431 -0.00270395]
[2024-04-19 19:43:05,734][root][INFO] - y: [ 0.0197502  -0.00112052  0.17815366 -0.01423536]
[2024-04-19 19:43:05,734][root][INFO] - Reward: -0.9185454458360477
[2024-04-19 19:43:05,734][root][INFO] - Explore episode complete with return -23.12369907588435, resetting
[2024-04-19 19:43:05,734][root][INFO] - Exploration Episode Rewards: [-0.9999900703294109, -0.9999915884405262, -0.9999948410709787, -0.9999987115246944, -0.9999994165962793, -0.9999994719332118, -0.9999950187007525, -0.9994794712303109, -0.9771220404836879, -0.6525269017152562, -0.1466791780943657, -0.48162980977148206, -0.9751477489634485, -0.9999926814717479, -0.999999999953336, -0.9999999999908529, -0.9999996498094856, -0.9987843894954066, -0.9761526427005778, -0.9977547968245318, -0.9999996873718952, -0.99999999999338, -0.9999999998056959, -0.9999155137769942, -0.9185454458360477]
[2024-04-19 19:43:05,735][root][INFO] - --------------- Start iteration i=25 ---------------
[2024-04-19 19:43:05,735][root][INFO] - Length of data.x: 57
[2024-04-19 19:43:05,735][root][INFO] - Length of data.y: 57
[2024-04-19 19:43:05,911][root][INFO] - x: [ 3.18137957e-03  9.44618997e-04  9.99830748e-01 -1.07862770e-03
 -2.73271555e-01]
[2024-04-19 19:43:05,911][root][INFO] - y: [ 9.44618997e-05 -4.37700344e-02 -8.58345344e-04  4.38224920e-02]
[2024-04-19 19:43:05,911][root][INFO] - Reward: -0.9999901650764369
[2024-04-19 19:43:05,912][root][INFO] - --------------- Start iteration i=26 ---------------
[2024-04-19 19:43:05,912][root][INFO] - Length of data.x: 58
[2024-04-19 19:43:05,912][root][INFO] - Length of data.y: 58
[2024-04-19 19:43:06,087][root][INFO] - x: [ 0.00327584 -0.04282542  0.9989724   0.04274386  0.06061811]
[2024-04-19 19:43:06,088][root][INFO] - y: [-0.00428254  0.01018483  0.03401451 -0.00986751]
[2024-04-19 19:43:06,088][root][INFO] - Reward: -0.9999898689426074
[2024-04-19 19:43:06,089][root][INFO] - --------------- Start iteration i=27 ---------------
[2024-04-19 19:43:06,089][root][INFO] - Length of data.x: 59
[2024-04-19 19:43:06,089][root][INFO] - Length of data.y: 59
[2024-04-19 19:43:06,264][root][INFO] - x: [-0.0010067  -0.03264059 -0.96701308  0.03287636 -0.74596518]
[2024-04-19 19:43:06,264][root][INFO] - y: [-0.00326406 -0.0525871   0.02616219  0.04214632]
[2024-04-19 19:43:06,264][root][INFO] - Reward: -0.9999899825061859
[2024-04-19 19:43:06,265][root][INFO] - --------------- Start iteration i=28 ---------------
[2024-04-19 19:43:06,265][root][INFO] - Length of data.x: 60
[2024-04-19 19:43:06,265][root][INFO] - Length of data.y: 60
[2024-04-19 19:43:06,441][root][INFO] - x: [-0.00427076 -0.08522769 -0.94085089  0.07502268 -0.32625475]
[2024-04-19 19:43:06,442][root][INFO] - y: [-0.00852277 -0.01222798  0.0597012  -0.00612569]
[2024-04-19 19:43:06,442][root][INFO] - Reward: -0.9999917233215546
[2024-04-19 19:43:06,443][root][INFO] - --------------- Start iteration i=29 ---------------
[2024-04-19 19:43:06,443][root][INFO] - Length of data.x: 61
[2024-04-19 19:43:06,443][root][INFO] - Length of data.y: 61
[2024-04-19 19:43:06,620][root][INFO] - x: [-0.01279353 -0.09745567 -0.88114969  0.06889698 -0.36664248]
[2024-04-19 19:43:06,620][root][INFO] - y: [-0.00974557 -0.00478195  0.05482652 -0.03136755]
[2024-04-19 19:43:06,620][root][INFO] - Reward: -0.9999950343219689
[2024-04-19 19:43:06,621][root][INFO] - --------------- Start iteration i=30 ---------------
[2024-04-19 19:43:06,621][root][INFO] - Length of data.x: 62
[2024-04-19 19:43:06,621][root][INFO] - Length of data.y: 62
[2024-04-19 19:43:15,091][root][INFO] - Eval Returns: [-20.94736608 -22.32553726 -21.65674069 -21.86751851 -18.5565347 ]
[2024-04-19 19:43:15,096][root][INFO] - Eval Returns: mean=-21.071 std=1.333
[2024-04-19 19:43:15,096][root][INFO] - Eval ndata: 62.000
[2024-04-19 19:43:15,096][root][INFO] - Model MSE (current real MPC): 0.513
[2024-04-19 19:43:16,216][root][INFO] - Model MSE (random test set): 0.040
[2024-04-19 19:43:16,216][root][INFO] - Model MSE (GT MPC): 0.002
[2024-04-19 19:43:16,216][root][INFO] - Model Likelihood (random test set): -3.826
[2024-04-19 19:43:16,216][root][INFO] - Model Likelihood (GT MPC): -3.712
[2024-04-19 19:43:16,216][root][INFO] - *[TIME] [Evaluate the current MPC policy] Elapsed: 9.42 seconds
[2024-04-19 19:43:19,044][root][INFO] - x: [-0.02253909 -0.10223762 -0.82632317  0.03752943 -0.36872046]
[2024-04-19 19:43:19,044][root][INFO] - y: [-0.01022376 -0.00054102  0.029865   -0.05049858]
[2024-04-19 19:43:19,045][root][INFO] - Reward: -0.9999979904918803
[2024-04-19 19:43:19,993][root][INFO] - --------------- Start iteration i=31 ---------------
[2024-04-19 19:43:19,993][root][INFO] - Length of data.x: 63
[2024-04-19 19:43:19,993][root][INFO] - Length of data.y: 63
[2024-04-19 19:43:20,183][root][INFO] - x: [-0.03276286 -0.10277864 -0.79645818 -0.01296914  0.05271077]
[2024-04-19 19:43:20,183][root][INFO] - y: [-0.01027786  0.0282002  -0.01032052 -0.08122963]
[2024-04-19 19:43:20,183][root][INFO] - Reward: -0.9999994021473754
[2024-04-19 19:43:20,184][root][INFO] - --------------- Start iteration i=32 ---------------
[2024-04-19 19:43:20,184][root][INFO] - Length of data.x: 64
[2024-04-19 19:43:20,184][root][INFO] - Length of data.y: 64
[2024-04-19 19:43:20,366][root][INFO] - x: [-0.04304072 -0.07457844 -0.8067787  -0.09419877 -0.00672999]
[2024-04-19 19:43:20,367][root][INFO] - y: [-0.00745784  0.02999622 -0.07496106 -0.08065321]
[2024-04-19 19:43:20,367][root][INFO] - Reward: -0.9999996709532182
[2024-04-19 19:43:20,368][root][INFO] - --------------- Start iteration i=33 ---------------
[2024-04-19 19:43:20,368][root][INFO] - Length of data.x: 65
[2024-04-19 19:43:20,368][root][INFO] - Length of data.y: 65
[2024-04-19 19:43:20,551][root][INFO] - x: [-0.05049856 -0.04458222 -0.88173976 -0.17485198  0.22423227]
[2024-04-19 19:43:20,552][root][INFO] - y: [-0.00445822  0.05118415 -0.1391429  -0.08334252]
[2024-04-19 19:43:20,552][root][INFO] - Reward: -0.9999987318110328
[2024-04-19 19:43:20,553][root][INFO] - --------------- Start iteration i=34 ---------------
[2024-04-19 19:43:20,553][root][INFO] - Length of data.x: 66
[2024-04-19 19:43:20,553][root][INFO] - Length of data.y: 66
[2024-04-19 19:43:20,736][root][INFO] - x: [-0.05495679  0.00660193  0.97911734 -0.2581945   0.53149369]
[2024-04-19 19:43:20,736][root][INFO] - y: [ 0.00066019  0.03192124 -0.20546482 -0.02541455]
[2024-04-19 19:43:20,736][root][INFO] - Reward: -0.9998861428020651
[2024-04-19 19:43:20,737][root][INFO] - --------------- Start iteration i=35 ---------------
[2024-04-19 19:43:20,737][root][INFO] - Length of data.x: 67
[2024-04-19 19:43:20,737][root][INFO] - Length of data.y: 67
[2024-04-19 19:43:20,919][root][INFO] - x: [-0.05429659  0.03852317  0.77365252 -0.28360905  0.36160192]
[2024-04-19 19:43:20,920][root][INFO] - y: [ 0.00385232 -0.06337146 -0.22568909  0.11210477]
[2024-04-19 19:43:20,920][root][INFO] - Reward: -0.9791949122656336
[2024-04-19 19:43:20,921][root][INFO] - --------------- Start iteration i=36 ---------------
[2024-04-19 19:43:20,921][root][INFO] - Length of data.x: 68
[2024-04-19 19:43:20,921][root][INFO] - Length of data.y: 68
[2024-04-19 19:43:21,103][root][INFO] - x: [-0.05044428 -0.02484828  0.54796343 -0.17150428  0.39058019]
[2024-04-19 19:43:21,103][root][INFO] - y: [-0.00248483 -0.01306097 -0.13647888  0.09904791]
[2024-04-19 19:43:21,103][root][INFO] - Reward: -0.7843322973700273
[2024-04-19 19:43:21,104][root][INFO] - --------------- Start iteration i=37 ---------------
[2024-04-19 19:43:21,104][root][INFO] - Length of data.x: 69
[2024-04-19 19:43:21,104][root][INFO] - Length of data.y: 69
[2024-04-19 19:43:21,286][root][INFO] - x: [-0.05292911 -0.03790926  0.41148455 -0.07245637 -0.4276461 ]
[2024-04-19 19:43:21,286][root][INFO] - y: [-0.00379093 -0.01648117 -0.057659    0.08990331]
[2024-04-19 19:43:21,287][root][INFO] - Reward: -0.5932720880360689
[2024-04-19 19:43:21,288][root][INFO] - --------------- Start iteration i=38 ---------------
[2024-04-19 19:43:21,288][root][INFO] - Length of data.x: 70
[2024-04-19 19:43:21,288][root][INFO] - Length of data.y: 70
[2024-04-19 19:43:21,469][root][INFO] - x: [-0.05672003 -0.05439042  0.35382555  0.01744693  0.1640144 ]
[2024-04-19 19:43:21,470][root][INFO] - y: [-0.00543904  0.02495937  0.01388384  0.09908952]
[2024-04-19 19:43:21,470][root][INFO] - Reward: -0.6556682393711242
[2024-04-19 19:43:21,471][root][INFO] - --------------- Start iteration i=39 ---------------
[2024-04-19 19:43:21,471][root][INFO] - Length of data.x: 71
[2024-04-19 19:43:21,471][root][INFO] - Length of data.y: 71
[2024-04-19 19:43:21,653][root][INFO] - x: [-0.06215907 -0.02943106  0.36770939  0.11653645  0.95276602]
[2024-04-19 19:43:21,653][root][INFO] - y: [-0.00294311  0.05313469  0.09273684  0.11129323]
[2024-04-19 19:43:21,654][root][INFO] - Reward: -0.8930187750108144
[2024-04-19 19:43:21,655][root][INFO] - --------------- Start iteration i=40 ---------------
[2024-04-19 19:43:21,655][root][INFO] - Length of data.x: 72
[2024-04-19 19:43:21,655][root][INFO] - Length of data.y: 72
[2024-04-19 19:43:30,655][root][INFO] - Eval Returns: [-21.34139882 -15.12463936 -19.81469567 -12.74361912 -18.72767231]
[2024-04-19 19:43:30,661][root][INFO] - Eval Returns: mean=-17.550 std=3.158
[2024-04-19 19:43:30,661][root][INFO] - Eval ndata: 72.000
[2024-04-19 19:43:30,661][root][INFO] - Model MSE (current real MPC): 0.352
[2024-04-19 19:43:31,803][root][INFO] - Model MSE (random test set): 0.028
[2024-04-19 19:43:31,803][root][INFO] - Model MSE (GT MPC): 0.001
[2024-04-19 19:43:31,803][root][INFO] - Model Likelihood (random test set): -3.807
[2024-04-19 19:43:31,803][root][INFO] - Model Likelihood (GT MPC): -3.704
[2024-04-19 19:43:31,803][root][INFO] - *[TIME] [Evaluate the current MPC policy] Elapsed: 9.97 seconds
[2024-04-19 19:43:34,297][root][INFO] - x: [-0.06510218  0.02370363  0.46044622  0.22782968  0.48729912]
[2024-04-19 19:43:34,297][root][INFO] - y: [ 0.00237036 -0.01974379  0.18130125  0.09499569]
[2024-04-19 19:43:34,298][root][INFO] - Reward: -0.997405433089417
[2024-04-19 19:43:35,287][root][INFO] - --------------- Start iteration i=41 ---------------
[2024-04-19 19:43:35,287][root][INFO] - Length of data.x: 73
[2024-04-19 19:43:35,287][root][INFO] - Length of data.y: 73
[2024-04-19 19:43:35,483][root][INFO] - x: [-0.06273182  0.00395984  0.64174747  0.32282537  0.92757185]
[2024-04-19 19:43:35,483][root][INFO] - y: [ 0.00039598 -0.06034933  0.25689648  0.114618  ]
[2024-04-19 19:43:35,483][root][INFO] - Reward: -0.9999961428410175
[2024-04-19 19:43:35,484][root][INFO] - --------------- Start iteration i=42 ---------------
[2024-04-19 19:43:35,484][root][INFO] - Length of data.x: 74
[2024-04-19 19:43:35,484][root][INFO] - Length of data.y: 74
[2024-04-19 19:43:35,680][root][INFO] - x: [-0.06233583 -0.05638948  0.89864395  0.43744338  0.82634304]
[2024-04-19 19:43:35,680][root][INFO] - y: [-0.00563895 -0.03812831  0.34810666  0.0669549 ]
[2024-04-19 19:43:35,680][root][INFO] - Reward: -0.9999999867291403
[2024-04-19 19:43:35,681][root][INFO] - --------------- Start iteration i=43 ---------------
[2024-04-19 19:43:35,681][root][INFO] - Length of data.x: 75
[2024-04-19 19:43:35,681][root][INFO] - Length of data.y: 75
[2024-04-19 19:43:35,868][root][INFO] - x: [-0.06797478 -0.09451779 -0.75324939  0.50439828  0.32250412]
[2024-04-19 19:43:35,868][root][INFO] - y: [-0.00945178  0.25029351  0.40138772 -0.24750693]
[2024-04-19 19:43:35,868][root][INFO] - Reward: -0.9999995497194607
[2024-04-19 19:43:35,869][root][INFO] - --------------- Start iteration i=44 ---------------
[2024-04-19 19:43:35,869][root][INFO] - Length of data.x: 76
[2024-04-19 19:43:35,869][root][INFO] - Length of data.y: 76
[2024-04-19 19:43:36,052][root][INFO] - x: [-0.07742656  0.15577572 -0.35186167  0.25689135 -0.67140607]
[2024-04-19 19:43:36,053][root][INFO] - y: [ 0.01557757  0.00583263  0.20442781 -0.08513852]
[2024-04-19 19:43:36,053][root][INFO] - Reward: -0.9981999775631674
[2024-04-19 19:43:36,054][root][INFO] - --------------- Start iteration i=45 ---------------
[2024-04-19 19:43:36,054][root][INFO] - Length of data.x: 77
[2024-04-19 19:43:36,054][root][INFO] - Length of data.y: 77
[2024-04-19 19:43:36,239][root][INFO] - x: [-0.06184899  0.16160835 -0.14743386  0.17175283 -0.38505268]
[2024-04-19 19:43:36,240][root][INFO] - y: [ 0.01616084 -0.03319542  0.13667667 -0.07357289]
[2024-04-19 19:43:36,240][root][INFO] - Reward: -0.8382028886833799
[2024-04-19 19:43:36,241][root][INFO] - --------------- Start iteration i=46 ---------------
[2024-04-19 19:43:36,241][root][INFO] - Length of data.x: 78
[2024-04-19 19:43:36,241][root][INFO] - Length of data.y: 78
[2024-04-19 19:43:36,424][root][INFO] - x: [-0.04568815  0.12841293 -0.01075719  0.09817994 -0.77687305]
[2024-04-19 19:43:36,424][root][INFO] - y: [ 0.01284129 -0.0656606   0.07812918 -0.06894111]
[2024-04-19 19:43:36,424][root][INFO] - Reward: -0.2805225209806975
[2024-04-19 19:43:36,425][root][INFO] - --------------- Start iteration i=47 ---------------
[2024-04-19 19:43:36,425][root][INFO] - Length of data.x: 79
[2024-04-19 19:43:36,426][root][INFO] - Length of data.y: 79
[2024-04-19 19:43:36,609][root][INFO] - x: [-0.03284686  0.06275233  0.06737198  0.02923883 -0.53241499]
[2024-04-19 19:43:36,609][root][INFO] - y: [ 0.00627523 -0.0309456   0.02326754 -0.00962533]
[2024-04-19 19:43:36,609][root][INFO] - Reward: -0.07706603731260409
[2024-04-19 19:43:36,610][root][INFO] - --------------- Start iteration i=48 ---------------
[2024-04-19 19:43:36,610][root][INFO] - Length of data.x: 80
[2024-04-19 19:43:36,610][root][INFO] - Length of data.y: 80
[2024-04-19 19:43:36,794][root][INFO] - x: [-0.02657163  0.03180673  0.09063952  0.01961349 -0.531608  ]
[2024-04-19 19:43:36,794][root][INFO] - y: [ 0.00318067 -0.02607953  0.01560793  0.00255697]
[2024-04-19 19:43:36,794][root][INFO] - Reward: -0.019727391791190985
[2024-04-19 19:43:36,795][root][INFO] - --------------- Start iteration i=49 ---------------
[2024-04-19 19:43:36,795][root][INFO] - Length of data.x: 81
[2024-04-19 19:43:36,795][root][INFO] - Length of data.y: 81
[2024-04-19 19:43:36,981][root][INFO] - x: [-0.02339095  0.0057272   0.10624746  0.02217047 -0.68835367]
[2024-04-19 19:43:36,981][root][INFO] - y: [ 0.00057272 -0.03491478  0.01764271 -0.00081527]
[2024-04-19 19:43:36,981][root][INFO] - Reward: -0.015983078788233906
[2024-04-19 19:43:36,981][root][INFO] - Explore episode complete with return -20.132428031926302, resetting
[2024-04-19 19:43:36,981][root][INFO] - Exploration Episode Rewards: [-0.9999901650764369, -0.9999898689426074, -0.9999899825061859, -0.9999917233215546, -0.9999950343219689, -0.9999979904918803, -0.9999994021473754, -0.9999996709532182, -0.9999987318110328, -0.9998861428020651, -0.9791949122656336, -0.7843322973700273, -0.5932720880360689, -0.6556682393711242, -0.8930187750108144, -0.997405433089417, -0.9999961428410175, -0.9999999867291403, -0.9999995497194607, -0.9981999775631674, -0.8382028886833799, -0.2805225209806975, -0.07706603731260409, -0.019727391791190985, -0.015983078788233906]
[2024-04-19 19:43:36,982][root][INFO] - --------------- Start iteration i=50 ---------------
[2024-04-19 19:43:36,983][root][INFO] - Length of data.x: 82
[2024-04-19 19:43:36,983][root][INFO] - Length of data.y: 82
[2024-04-19 19:43:46,513][root][INFO] - Eval Returns: [-15.95309751 -17.43722402 -10.45766828 -16.15097008 -18.1289757 ]
[2024-04-19 19:43:46,518][root][INFO] - Eval Returns: mean=-15.626 std=2.707
[2024-04-19 19:43:46,518][root][INFO] - Eval ndata: 82.000
[2024-04-19 19:43:46,518][root][INFO] - Model MSE (current real MPC): 0.385
[2024-04-19 19:43:47,651][root][INFO] - Model MSE (random test set): 0.028
[2024-04-19 19:43:47,651][root][INFO] - Model MSE (GT MPC): 0.001
[2024-04-19 19:43:47,651][root][INFO] - Model Likelihood (random test set): -3.817
[2024-04-19 19:43:47,652][root][INFO] - Model Likelihood (GT MPC): -3.709
[2024-04-19 19:43:47,652][root][INFO] - *[TIME] [Evaluate the current MPC policy] Elapsed: 10.48 seconds
[2024-04-19 19:43:50,150][root][INFO] - x: [-4.81731553e-04  6.15335241e-04 -9.93200070e-01  8.50621572e-04
  3.63951941e-01]
[2024-04-19 19:43:50,151][root][INFO] - y: [ 6.15335241e-05  3.03564706e-02  6.76903686e-04 -3.24474384e-02]
[2024-04-19 19:43:50,151][root][INFO] - Reward: -0.9999900655248921
[2024-04-19 19:43:51,018][root][INFO] - --------------- Start iteration i=51 ---------------
[2024-04-19 19:43:51,018][root][INFO] - Length of data.x: 83
[2024-04-19 19:43:51,018][root][INFO] - Length of data.y: 83
[2024-04-19 19:43:51,233][root][INFO] - x: [-4.20198029e-04  3.09718058e-02 -9.92523166e-01 -3.15968169e-02
  4.22904573e-01]
[2024-04-19 19:43:51,233][root][INFO] - y: [ 0.00309718  0.03474411 -0.02514397 -0.0370412 ]
[2024-04-19 19:43:51,233][root][INFO] - Reward: -0.9999901802946929
[2024-04-19 19:43:51,235][root][INFO] - --------------- Start iteration i=52 ---------------
[2024-04-19 19:43:51,235][root][INFO] - Length of data.x: 84
[2024-04-19 19:43:51,235][root][INFO] - Length of data.y: 84
[2024-04-19 19:43:51,436][root][INFO] - x: [ 0.00267698  0.06571592  0.98233287 -0.06863801  0.26039168]
[2024-04-19 19:43:51,436][root][INFO] - y: [ 0.00657159  0.03688739 -0.05462044 -0.03138275]
[2024-04-19 19:43:51,436][root][INFO] - Reward: -0.9999911971645404
[2024-04-19 19:43:51,437][root][INFO] - --------------- Start iteration i=53 ---------------
[2024-04-19 19:43:51,437][root][INFO] - Length of data.x: 85
[2024-04-19 19:43:51,437][root][INFO] - Length of data.y: 85
[2024-04-19 19:43:51,624][root][INFO] - x: [ 0.00924857  0.10260331  0.92771243 -0.10002076  0.15321682]
[2024-04-19 19:43:51,624][root][INFO] - y: [ 0.01026033  0.00637502 -0.07959406  0.01589873]
[2024-04-19 19:43:51,624][root][INFO] - Reward: -0.9999941039832413
[2024-04-19 19:43:51,625][root][INFO] - --------------- Start iteration i=54 ---------------
[2024-04-19 19:43:51,625][root][INFO] - Length of data.x: 86
[2024-04-19 19:43:51,625][root][INFO] - Length of data.y: 86
[2024-04-19 19:43:51,812][root][INFO] - x: [ 0.0195089   0.10897833  0.84811837 -0.08412203  0.32900304]
[2024-04-19 19:43:51,813][root][INFO] - y: [ 0.01089783  0.01951558 -0.06694224  0.02776268]
[2024-04-19 19:43:51,813][root][INFO] - Reward: -0.9999972494024394
[2024-04-19 19:43:51,814][root][INFO] - --------------- Start iteration i=55 ---------------
[2024-04-19 19:43:51,814][root][INFO] - Length of data.x: 87
[2024-04-19 19:43:51,814][root][INFO] - Length of data.y: 87
[2024-04-19 19:43:52,002][root][INFO] - x: [ 0.03040674  0.1284939   0.78117613 -0.05635934 -0.24997021]
[2024-04-19 19:43:52,002][root][INFO] - y: [ 0.01284939 -0.05957683 -0.04484938  0.10835985]
[2024-04-19 19:43:52,002][root][INFO] - Reward: -0.9999993265519859
[2024-04-19 19:43:52,004][root][INFO] - --------------- Start iteration i=56 ---------------
[2024-04-19 19:43:52,004][root][INFO] - Length of data.x: 88
[2024-04-19 19:43:52,004][root][INFO] - Length of data.y: 88
[2024-04-19 19:43:52,193][root][INFO] - x: [ 0.04325613  0.06891707  0.73632676  0.05200051 -0.09912718]
[2024-04-19 19:43:52,193][root][INFO] - y: [ 0.00689171 -0.03718893  0.04138072  0.09749879]
[2024-04-19 19:43:52,193][root][INFO] - Reward: -0.9999997685171171
[2024-04-19 19:43:52,195][root][INFO] - --------------- Start iteration i=57 ---------------
[2024-04-19 19:43:52,195][root][INFO] - Length of data.x: 89
[2024-04-19 19:43:52,195][root][INFO] - Length of data.y: 89
[2024-04-19 19:43:52,383][root][INFO] - x: [ 0.05014783  0.03172814  0.77770748  0.1494993  -0.1292055 ]
[2024-04-19 19:43:52,383][root][INFO] - y: [ 0.00317281 -0.05749064  0.11896786  0.10717065]
[2024-04-19 19:43:52,384][root][INFO] - Reward: -0.9999997303732561
[2024-04-19 19:43:52,385][root][INFO] - --------------- Start iteration i=58 ---------------
[2024-04-19 19:43:52,385][root][INFO] - Length of data.x: 90
[2024-04-19 19:43:52,385][root][INFO] - Length of data.y: 90
[2024-04-19 19:43:52,577][root][INFO] - x: [ 0.05332065 -0.0257625   0.89667534  0.25666996 -0.35855969]
[2024-04-19 19:43:52,577][root][INFO] - y: [-0.00257625 -0.100171    0.20425163  0.12625919]
[2024-04-19 19:43:52,577][root][INFO] - Reward: -0.9999922978345497
[2024-04-19 19:43:52,579][root][INFO] - --------------- Start iteration i=59 ---------------
[2024-04-19 19:43:52,579][root][INFO] - Length of data.x: 91
[2024-04-19 19:43:52,579][root][INFO] - Length of data.y: 91
[2024-04-19 19:43:52,770][root][INFO] - x: [ 0.0507444  -0.1259335  -0.89907303  0.38292914 -0.16447598]
[2024-04-19 19:43:52,770][root][INFO] - y: [-0.01259335  0.05832968  0.30472558 -0.08603958]
[2024-04-19 19:43:52,770][root][INFO] - Reward: -0.9939274810007155
[2024-04-19 19:43:52,771][root][INFO] - --------------- Start iteration i=60 ---------------
[2024-04-19 19:43:52,772][root][INFO] - Length of data.x: 92
[2024-04-19 19:43:52,772][root][INFO] - Length of data.y: 92
[2024-04-19 19:43:55,674][root][INFO] - *[TIME] [Evaluate the current MPC policy] Elapsed: 2.71 seconds
