[2024-04-23 17:31:42,680][root][INFO] - Dumper dumping to /tirl/experiments/mpc_frozencartpole_2024-04-23/17-31-26/seed_1
[2024-04-23 17:31:42,696][root][INFO] - Start obs: None
[2024-04-23 17:32:09,529][root][INFO] - GT Returns: [-11.64937952 -10.59744011 -12.49388015 -11.10807065 -10.31444613]
[2024-04-23 17:32:09,530][root][INFO] - GT Returns: mean=-11.233 std=0.778
[2024-04-23 17:32:09,530][root][INFO] - Path Lengths: [36345, 36345, 36345, 36345, 36345]
[2024-04-23 17:32:09,531][root][INFO] - Path Lengths: mean=36345.000 std=0.000
[2024-04-23 17:32:09,622][root][INFO] - all_x.shape = (181725, 5)
[2024-04-23 17:32:09,628][root][INFO] - all_x.min(axis=0) = [-0.59938586 -0.88390604 -0.99997536 -0.78672629 -1.        ]
[2024-04-23 17:32:09,634][root][INFO] - all_x.max(axis=0) = [0.99455469 1.46281539 0.99996488 0.85865453 1.        ]
[2024-04-23 17:32:09,638][root][INFO] - all_x.mean(axis=0) = [-0.01547404 -0.00629772  0.02210072  0.02318578 -0.0038386 ]
[2024-04-23 17:32:09,649][root][INFO] - all_x.var(axis=0) = [0.00577227 0.02813268 0.23179805 0.07235481 0.24073372]
[2024-04-23 17:32:09,702][root][INFO] - --------------- Start iteration i=0 ---------------
[2024-04-23 17:32:09,702][root][INFO] - Length of data.x: 301
[2024-04-23 17:32:09,703][root][INFO] - Length of data.y: 301
[2024-04-23 17:32:36,759][root][INFO] - Eval Returns: [-11.05037501 -12.8813281  -13.77952494 -19.4338038  -14.50864225]
[2024-04-23 17:32:36,766][root][INFO] - Eval Returns: mean=-14.331 std=2.801
[2024-04-23 17:32:36,767][root][INFO] - Eval ndata: 301.000
[2024-04-23 17:32:36,767][root][INFO] - Model MSE (current real MPC): 0.321
[2024-04-23 17:32:38,203][root][INFO] - Model MSE (random test set): 0.003
[2024-04-23 17:32:38,204][root][INFO] - Model MSE (GT MPC): 0.001
[2024-04-23 17:32:38,204][root][INFO] - Model Likelihood (random test set): -3.726
[2024-04-23 17:32:38,204][root][INFO] - Model Likelihood (GT MPC): -3.796
[2024-04-23 17:32:38,205][root][INFO] - *[TIME] [Evaluate the current MPC policy] Elapsed: 28.01 seconds
