[2024-04-19 19:42:11,270][root][INFO] - Dumper dumping to /trajectory-information-rl/experiments/mpc_frozencartpole_2024-04-19/19-42-05/seed_1
[2024-04-19 19:42:11,275][root][INFO] - Start obs: None
[2024-04-19 19:42:25,115][root][INFO] - GT Returns: [-11.66323378 -11.62441982 -10.72724205 -11.82887822 -12.79372169]
[2024-04-19 19:42:25,115][root][INFO] - GT Returns: mean=-11.727 std=0.658
[2024-04-19 19:42:25,115][root][INFO] - Path Lengths: [36345, 36345, 36345, 36345, 36345]
[2024-04-19 19:42:25,115][root][INFO] - Path Lengths: mean=36345.000 std=0.000
[2024-04-19 19:42:25,178][root][INFO] - all_x.shape = (181725, 5)
[2024-04-19 19:42:25,183][root][INFO] - all_x.min(axis=0) = [-0.58160844 -0.90651772 -0.99996502 -0.80677526 -1.        ]
[2024-04-19 19:42:25,187][root][INFO] - all_x.max(axis=0) = [0.85066819 1.25431758 0.9999998  0.88853734 1.        ]
[2024-04-19 19:42:25,190][root][INFO] - all_x.mean(axis=0) = [-0.01465007 -0.00703751  0.01442697  0.02179577 -0.00116056]
[2024-04-19 19:42:25,198][root][INFO] - all_x.var(axis=0) = [0.00609572 0.02856353 0.24757096 0.07337599 0.24112627]
[2024-04-19 19:42:25,233][root][INFO] - --------------- Start iteration i=0 ---------------
[2024-04-19 19:42:25,233][root][INFO] - Length of data.x: 32
[2024-04-19 19:42:25,233][root][INFO] - Length of data.y: 32
[2024-04-19 19:42:32,287][root][INFO] - Eval Returns: [-14.37415629 -20.06676151 -23.39416119 -23.94514954 -15.21547063]
[2024-04-19 19:42:32,292][root][INFO] - Eval Returns: mean=-19.399 std=3.996
[2024-04-19 19:42:32,292][root][INFO] - Eval ndata: 32.000
[2024-04-19 19:42:32,292][root][INFO] - Model MSE (current real MPC): 0.461
[2024-04-19 19:42:33,358][root][INFO] - Model MSE (random test set): 0.154
[2024-04-19 19:42:33,359][root][INFO] - Model MSE (GT MPC): 0.022
[2024-04-19 19:42:33,359][root][INFO] - Model Likelihood (random test set): -3.907
[2024-04-19 19:42:33,359][root][INFO] - Model Likelihood (GT MPC): -3.776
[2024-04-19 19:42:33,359][root][INFO] - *[TIME] [Evaluate the current MPC policy] Elapsed: 7.92 seconds
[2024-04-19 19:42:35,254][root][INFO] - x: [-2.28817096e-03  1.17081042e-03 -9.91142506e-01 -6.22021560e-04
 -2.44394007e-01]
[2024-04-19 19:42:35,255][root][INFO] - y: [ 0.00011708 -0.01792306 -0.00049499  0.01518365]
[2024-04-19 19:42:35,255][root][INFO] - Reward: -0.9999901423072073
[2024-04-19 19:42:36,777][root][INFO] - --------------- Start iteration i=1 ---------------
[2024-04-19 19:42:36,777][root][INFO] - Length of data.x: 33
[2024-04-19 19:42:36,777][root][INFO] - Length of data.y: 33
[2024-04-19 19:42:36,952][root][INFO] - x: [-0.00217109 -0.01675225 -0.99163749  0.01456163 -1.        ]
[2024-04-19 19:42:36,952][root][INFO] - y: [-0.00167523 -0.07814389  0.01158779  0.0755371 ]
[2024-04-19 19:42:36,953][root][INFO] - Reward: -0.9999903026054691
[2024-04-19 19:42:36,953][root][INFO] - --------------- Start iteration i=2 ---------------
[2024-04-19 19:42:36,953][root][INFO] - Length of data.x: 34
[2024-04-19 19:42:36,953][root][INFO] - Length of data.y: 34
[2024-04-19 19:42:37,128][root][INFO] - x: [-0.00384632 -0.09489614 -0.98004971  0.09009873 -0.59278998]
[2024-04-19 19:42:37,128][root][INFO] - y: [-0.00948961 -0.04136145  0.07169835  0.03512926]
[2024-04-19 19:42:37,128][root][INFO] - Reward: -0.999992410249937
[2024-04-19 19:42:37,129][root][INFO] - --------------- Start iteration i=3 ---------------
[2024-04-19 19:42:37,129][root][INFO] - Length of data.x: 35
[2024-04-19 19:42:37,129][root][INFO] - Length of data.y: 35
[2024-04-19 19:42:37,294][root][INFO] - x: [-0.01333593 -0.13625759 -0.90835136  0.12522799 -0.28632237]
[2024-04-19 19:42:37,294][root][INFO] - y: [-0.01362576  0.00190427  0.09965335 -0.02971108]
[2024-04-19 19:42:37,294][root][INFO] - Reward: -0.9999964757478256
[2024-04-19 19:42:37,295][root][INFO] - --------------- Start iteration i=4 ---------------
[2024-04-19 19:42:37,295][root][INFO] - Length of data.x: 36
[2024-04-19 19:42:37,295][root][INFO] - Length of data.y: 36
[2024-04-19 19:42:37,460][root][INFO] - x: [-0.02696169 -0.13435332 -0.808698    0.09551692  0.3883557 ]
[2024-04-19 19:42:37,460][root][INFO] - y: [-0.01343533  0.05741973  0.07601001 -0.10288677]
[2024-04-19 19:42:37,460][root][INFO] - Reward: -0.9999989826341951
[2024-04-19 19:42:37,461][root][INFO] - --------------- Start iteration i=5 ---------------
[2024-04-19 19:42:37,461][root][INFO] - Length of data.x: 37
[2024-04-19 19:42:37,461][root][INFO] - Length of data.y: 37
[2024-04-19 19:42:37,628][root][INFO] - x: [-0.04039702 -0.07693359 -0.73268799 -0.00736985  0.39582758]
[2024-04-19 19:42:37,628][root][INFO] - y: [-0.00769336  0.04670953 -0.00586475 -0.10429428]
[2024-04-19 19:42:37,628][root][INFO] - Reward: -0.9999996665430227
[2024-04-19 19:42:37,629][root][INFO] - --------------- Start iteration i=6 ---------------
[2024-04-19 19:42:37,629][root][INFO] - Length of data.x: 38
[2024-04-19 19:42:37,629][root][INFO] - Length of data.y: 38
[2024-04-19 19:42:37,795][root][INFO] - x: [-0.04809038 -0.03022406 -0.73855274 -0.11166413  0.42552244]
[2024-04-19 19:42:37,795][root][INFO] - y: [-0.00302241  0.05871956 -0.08885957 -0.11189094]
[2024-04-19 19:42:37,795][root][INFO] - Reward: -0.9999997769613704
[2024-04-19 19:42:37,796][root][INFO] - --------------- Start iteration i=7 ---------------
[2024-04-19 19:42:37,796][root][INFO] - Length of data.x: 39
[2024-04-19 19:42:37,796][root][INFO] - Length of data.y: 39
[2024-04-19 19:42:37,983][root][INFO] - x: [-0.05111279  0.0284955  -0.82741231 -0.22355507  0.3095915 ]
[2024-04-19 19:42:37,984][root][INFO] - y: [ 0.00284955  0.07677279 -0.17789961 -0.11643513]
[2024-04-19 19:42:37,984][root][INFO] - Reward: -0.9999983344283488
[2024-04-19 19:42:37,984][root][INFO] - --------------- Start iteration i=8 ---------------
[2024-04-19 19:42:37,985][root][INFO] - Length of data.x: 40
[2024-04-19 19:42:37,985][root][INFO] - Length of data.y: 40
[2024-04-19 19:42:38,152][root][INFO] - x: [-0.04826324  0.10526829  0.99468808 -0.3399902  -0.05593749]
[2024-04-19 19:42:38,153][root][INFO] - y: [ 0.01052683 -0.01003465 -0.27055582  0.01167217]
[2024-04-19 19:42:38,153][root][INFO] - Reward: -0.9996168028763067
[2024-04-19 19:42:38,153][root][INFO] - --------------- Start iteration i=9 ---------------
[2024-04-19 19:42:38,154][root][INFO] - Length of data.x: 41
[2024-04-19 19:42:38,154][root][INFO] - Length of data.y: 41
[2024-04-19 19:42:38,322][root][INFO] - x: [-0.03773641  0.09523364  0.72413226 -0.32831803  0.17043066]
[2024-04-19 19:42:38,323][root][INFO] - y: [ 0.00952336 -0.1039611  -0.26126739  0.142147  ]
[2024-04-19 19:42:38,323][root][INFO] - Reward: -0.9519865677672324
[2024-04-19 19:42:38,323][root][INFO] - --------------- Start iteration i=10 ---------------
[2024-04-19 19:42:38,323][root][INFO] - Length of data.x: 42
[2024-04-19 19:42:38,324][root][INFO] - Length of data.y: 42
[2024-04-19 19:42:45,776][root][INFO] - Eval Returns: [-23.2921554  -22.39913311 -20.28670268 -20.15370548 -21.14730615]
[2024-04-19 19:42:45,780][root][INFO] - Eval Returns: mean=-21.456 std=1.218
[2024-04-19 19:42:45,781][root][INFO] - Eval ndata: 42.000
[2024-04-19 19:42:45,781][root][INFO] - Model MSE (current real MPC): 0.534
[2024-04-19 19:42:46,891][root][INFO] - Model MSE (random test set): 0.130
[2024-04-19 19:42:46,891][root][INFO] - Model MSE (GT MPC): 0.010
[2024-04-19 19:42:46,892][root][INFO] - Model Likelihood (random test set): -3.837
[2024-04-19 19:42:46,892][root][INFO] - Model Likelihood (GT MPC): -3.721
[2024-04-19 19:42:46,892][root][INFO] - *[TIME] [Evaluate the current MPC policy] Elapsed: 8.40 seconds
[2024-04-19 19:42:49,535][root][INFO] - x: [-0.02821304 -0.00872746  0.46286487 -0.18617103  0.04726886]
[2024-04-19 19:42:49,535][root][INFO] - y: [-0.00087275 -0.02569508 -0.14815032  0.09454156]
[2024-04-19 19:42:49,535][root][INFO] - Reward: -0.6084730517559568
[2024-04-19 19:42:50,490][root][INFO] - --------------- Start iteration i=11 ---------------
[2024-04-19 19:42:50,491][root][INFO] - Length of data.x: 43
[2024-04-19 19:42:50,491][root][INFO] - Length of data.y: 43
[2024-04-19 19:42:50,681][root][INFO] - x: [-0.02908579 -0.03442254  0.31471455 -0.09162946  0.00686581]
[2024-04-19 19:42:50,682][root][INFO] - y: [-0.00344225  0.01243305 -0.07291647  0.08886321]
[2024-04-19 19:42:50,682][root][INFO] - Reward: -0.2438264123880779
[2024-04-19 19:42:50,683][root][INFO] - --------------- Start iteration i=12 ---------------
[2024-04-19 19:42:50,683][root][INFO] - Length of data.x: 44
[2024-04-19 19:42:50,683][root][INFO] - Length of data.y: 44
[2024-04-19 19:42:51,008][root][INFO] - x: [-0.03252804 -0.0219895   0.24179808 -0.00276626  0.02133973]
[2024-04-19 19:42:51,008][root][INFO] - y: [-0.00219895  0.02450048 -0.00220132  0.08539084]
[2024-04-19 19:42:51,008][root][INFO] - Reward: -0.21483597774630214
[2024-04-19 19:42:51,009][root][INFO] - --------------- Start iteration i=13 ---------------
[2024-04-19 19:42:51,009][root][INFO] - Length of data.x: 45
[2024-04-19 19:42:51,009][root][INFO] - Length of data.y: 45
[2024-04-19 19:42:51,177][root][INFO] - x: [-0.03472699  0.00251098  0.23959676  0.08262459  0.09853999]
[2024-04-19 19:42:51,178][root][INFO] - y: [0.0002511  0.02361727 0.06575061 0.08436847]
[2024-04-19 19:42:51,178][root][INFO] - Reward: -0.5004703717478747
[2024-04-19 19:42:51,178][root][INFO] - --------------- Start iteration i=14 ---------------
[2024-04-19 19:42:51,179][root][INFO] - Length of data.x: 46
[2024-04-19 19:42:51,179][root][INFO] - Length of data.y: 46
[2024-04-19 19:42:51,346][root][INFO] - x: [-0.0344759   0.02612825  0.30534737  0.16699306  0.12495707]
[2024-04-19 19:42:51,346][root][INFO] - y: [0.00261283 0.0021577  0.13288896 0.08164259]
[2024-04-19 19:42:51,347][root][INFO] - Reward: -0.9145733810311047
[2024-04-19 19:42:51,347][root][INFO] - --------------- Start iteration i=15 ---------------
[2024-04-19 19:42:51,347][root][INFO] - Length of data.x: 47
[2024-04-19 19:42:51,347][root][INFO] - Length of data.y: 47
[2024-04-19 19:42:51,515][root][INFO] - x: [-0.03186307  0.02828595  0.43823633  0.24863565  0.47758875]
[2024-04-19 19:42:51,515][root][INFO] - y: [ 0.00282859 -0.02667628  0.19785812  0.09121338]
[2024-04-19 19:42:51,515][root][INFO] - Reward: -0.998138448168604
[2024-04-19 19:42:51,516][root][INFO] - --------------- Start iteration i=16 ---------------
[2024-04-19 19:42:51,516][root][INFO] - Length of data.x: 48
[2024-04-19 19:42:51,516][root][INFO] - Length of data.y: 48
[2024-04-19 19:42:51,683][root][INFO] - x: [-0.02903447  0.00160967  0.63609445  0.33984903  0.00712905]
[2024-04-19 19:42:51,683][root][INFO] - y: [ 1.60967153e-04 -1.19811000e-01  2.70443481e-01  1.39039325e-01]
[2024-04-19 19:42:51,684][root][INFO] - Reward: -0.9999854539687713
[2024-04-19 19:42:51,684][root][INFO] - --------------- Start iteration i=17 ---------------
[2024-04-19 19:42:51,684][root][INFO] - Length of data.x: 49
[2024-04-19 19:42:51,685][root][INFO] - Length of data.y: 49
[2024-04-19 19:42:51,853][root][INFO] - x: [-0.02887351 -0.11820133  0.90653794  0.47888835  0.05984458]
[2024-04-19 19:42:51,853][root][INFO] - y: [-0.01182013 -0.10397939  0.38108755  0.12795042]
[2024-04-19 19:42:51,854][root][INFO] - Reward: -0.9999988973958778
[2024-04-19 19:42:51,854][root][INFO] - --------------- Start iteration i=18 ---------------
[2024-04-19 19:42:51,854][root][INFO] - Length of data.x: 50
[2024-04-19 19:42:51,855][root][INFO] - Length of data.y: 50
[2024-04-19 19:42:52,023][root][INFO] - x: [-0.04069364 -0.22218072 -0.71237452  0.60683877 -0.56603001]
[2024-04-19 19:42:52,024][root][INFO] - y: [-0.02221807  0.30712445  0.48290734 -0.26718555]
[2024-04-19 19:42:52,024][root][INFO] - Reward: -0.999813244856114
[2024-04-19 19:42:52,024][root][INFO] - --------------- Start iteration i=19 ---------------
[2024-04-19 19:42:52,025][root][INFO] - Length of data.x: 51
[2024-04-19 19:42:52,025][root][INFO] - Length of data.y: 51
[2024-04-19 19:42:52,194][root][INFO] - x: [-0.06291171  0.08494373 -0.22946717  0.33965322  0.91452127]
[2024-04-19 19:42:52,194][root][INFO] - y: [0.00849437 0.12431201 0.27028767 0.02856795]
[2024-04-19 19:42:52,195][root][INFO] - Reward: -0.8259113652702896
[2024-04-19 19:42:52,195][root][INFO] - --------------- Start iteration i=20 ---------------
[2024-04-19 19:42:52,195][root][INFO] - Length of data.x: 52
[2024-04-19 19:42:52,195][root][INFO] - Length of data.y: 52
[2024-04-19 19:43:00,088][root][INFO] - Eval Returns: [-10.8035535  -13.78563601 -11.81989811 -14.68101547 -20.88047663]
[2024-04-19 19:43:00,093][root][INFO] - Eval Returns: mean=-14.394 std=3.523
[2024-04-19 19:43:00,093][root][INFO] - Eval ndata: 52.000
[2024-04-19 19:43:00,093][root][INFO] - Model MSE (current real MPC): 0.354
[2024-04-19 19:43:01,212][root][INFO] - Model MSE (random test set): 0.063
[2024-04-19 19:43:01,212][root][INFO] - Model MSE (GT MPC): 0.004
[2024-04-19 19:43:01,212][root][INFO] - Model Likelihood (random test set): -3.786
[2024-04-19 19:43:01,212][root][INFO] - Model Likelihood (GT MPC): -3.710
[2024-04-19 19:43:01,212][root][INFO] - *[TIME] [Evaluate the current MPC policy] Elapsed: 8.85 seconds
[2024-04-19 19:43:04,070][root][INFO] - x: [-0.05441734  0.20925574  0.04082049  0.36822118  0.38700589]
[2024-04-19 19:43:04,071][root][INFO] - y: [0.02092557 0.00898728 0.29302134 0.02147228]
[2024-04-19 19:43:04,071][root][INFO] - Reward: -0.6314985365524262
[2024-04-19 19:43:05,052][root][INFO] - --------------- Start iteration i=21 ---------------
[2024-04-19 19:43:05,052][root][INFO] - Length of data.x: 53
[2024-04-19 19:43:05,052][root][INFO] - Length of data.y: 53
[2024-04-19 19:43:05,246][root][INFO] - x: [-0.03349177  0.21824302  0.33384183  0.38969346  0.30767734]
[2024-04-19 19:43:05,246][root][INFO] - y: [ 0.0218243  -0.10398647  0.31010845  0.0332726 ]
[2024-04-19 19:43:05,246][root][INFO] - Reward: -0.9993753961497538
[2024-04-19 19:43:05,247][root][INFO] - --------------- Start iteration i=22 ---------------
[2024-04-19 19:43:05,247][root][INFO] - Length of data.x: 54
[2024-04-19 19:43:05,247][root][INFO] - Length of data.y: 54
[2024-04-19 19:43:05,421][root][INFO] - x: [-0.01166746  0.11425655  0.64395028  0.42296606 -0.4681478 ]
[2024-04-19 19:43:05,421][root][INFO] - y: [ 0.01142565 -0.20452802  0.33658596  0.17770176]
[2024-04-19 19:43:05,421][root][INFO] - Reward: -0.9999899492407139
[2024-04-19 19:43:05,422][root][INFO] - --------------- Start iteration i=23 ---------------
[2024-04-19 19:43:05,422][root][INFO] - Length of data.x: 55
[2024-04-19 19:43:05,422][root][INFO] - Length of data.y: 55
[2024-04-19 19:43:05,595][root][INFO] - x: [-2.41808836e-04 -9.02714710e-02  9.80536245e-01  6.00667812e-01
 -7.13723778e-01]
[2024-04-19 19:43:05,595][root][INFO] - y: [-0.00902715 -0.09211486  0.47799664  0.09794385]
[2024-04-19 19:43:05,595][root][INFO] - Reward: -0.999423913991437
[2024-04-19 19:43:05,596][root][INFO] - --------------- Start iteration i=24 ---------------
[2024-04-19 19:43:05,596][root][INFO] - Length of data.x: 56
[2024-04-19 19:43:05,596][root][INFO] - Length of data.y: 56
[2024-04-19 19:43:05,770][root][INFO] - x: [-0.00926896 -0.18238634 -0.54146711  0.69861166 -0.84819005]
[2024-04-19 19:43:05,770][root][INFO] - y: [-0.01823863  0.42049605  0.55593795 -0.15199172]
[2024-04-19 19:43:05,770][root][INFO] - Reward: -0.3881543379162681
[2024-04-19 19:43:05,770][root][INFO] - Explore episode complete with return -21.27603820030049, resetting
[2024-04-19 19:43:05,770][root][INFO] - Exploration Episode Rewards: [-0.9999901423072073, -0.9999903026054691, -0.999992410249937, -0.9999964757478256, -0.9999989826341951, -0.9999996665430227, -0.9999997769613704, -0.9999983344283488, -0.9996168028763067, -0.9519865677672324, -0.6084730517559568, -0.2438264123880779, -0.21483597774630214, -0.5004703717478747, -0.9145733810311047, -0.998138448168604, -0.9999854539687713, -0.9999988973958778, -0.999813244856114, -0.8259113652702896, -0.6314985365524262, -0.9993753961497538, -0.9999899492407139, -0.999423913991437, -0.3881543379162681]
[2024-04-19 19:43:05,772][root][INFO] - --------------- Start iteration i=25 ---------------
[2024-04-19 19:43:05,772][root][INFO] - Length of data.x: 57
[2024-04-19 19:43:05,772][root][INFO] - Length of data.y: 57
[2024-04-19 19:43:05,946][root][INFO] - x: [ 1.01020139e-03  4.45399459e-04  9.96795395e-01 -9.55994228e-04
 -3.18018751e-01]
[2024-04-19 19:43:05,946][root][INFO] - y: [ 4.45399459e-05 -5.14802979e-02 -7.60756648e-04  5.24665539e-02]
[2024-04-19 19:43:05,946][root][INFO] - Reward: -0.9999900874058566
[2024-04-19 19:43:05,947][root][INFO] - --------------- Start iteration i=26 ---------------
[2024-04-19 19:43:05,947][root][INFO] - Length of data.x: 58
[2024-04-19 19:43:05,947][root][INFO] - Length of data.y: 58
[2024-04-19 19:43:06,121][root][INFO] - x: [ 0.00105474 -0.0510349   0.99603464  0.05151056 -0.63272623]
[2024-04-19 19:43:06,121][root][INFO] - y: [-0.00510349 -0.10119387  0.04099083  0.10240957]
[2024-04-19 19:43:06,122][root][INFO] - Reward: -0.9999902602916557
[2024-04-19 19:43:06,122][root][INFO] - --------------- Start iteration i=27 ---------------
[2024-04-19 19:43:06,123][root][INFO] - Length of data.x: 59
[2024-04-19 19:43:06,123][root][INFO] - Length of data.y: 59
[2024-04-19 19:43:06,296][root][INFO] - x: [-0.00404875 -0.15222877 -0.96297453  0.15392013 -0.00882895]
[2024-04-19 19:43:06,296][root][INFO] - y: [-0.01522288  0.01254437  0.12248584 -0.02385662]
[2024-04-19 19:43:06,296][root][INFO] - Reward: -0.9999938415509685
[2024-04-19 19:43:06,297][root][INFO] - --------------- Start iteration i=28 ---------------
[2024-04-19 19:43:06,297][root][INFO] - Length of data.x: 60
[2024-04-19 19:43:06,297][root][INFO] - Length of data.y: 60
[2024-04-19 19:43:06,472][root][INFO] - x: [-0.01927163 -0.1396844  -0.84048868  0.13006351  0.11841272]
[2024-04-19 19:43:06,473][root][INFO] - y: [-0.01396844  0.04279724  0.10350133 -0.0847113 ]
[2024-04-19 19:43:06,473][root][INFO] - Reward: -0.9999974862514991
[2024-04-19 19:43:06,474][root][INFO] - --------------- Start iteration i=29 ---------------
[2024-04-19 19:43:06,474][root][INFO] - Length of data.x: 61
[2024-04-19 19:43:06,474][root][INFO] - Length of data.y: 61
[2024-04-19 19:43:06,649][root][INFO] - x: [-0.03324007 -0.09688716 -0.73698735  0.04535221  0.27790053]
[2024-04-19 19:43:06,650][root][INFO] - y: [-0.00968872  0.04183666  0.03609017 -0.10056704]
[2024-04-19 19:43:06,650][root][INFO] - Reward: -0.9999991348079559
[2024-04-19 19:43:06,651][root][INFO] - --------------- Start iteration i=30 ---------------
[2024-04-19 19:43:06,651][root][INFO] - Length of data.x: 62
[2024-04-19 19:43:06,651][root][INFO] - Length of data.y: 62
[2024-04-19 19:43:15,078][root][INFO] - Eval Returns: [-14.65780199 -17.34251599 -19.61376981 -17.41207028 -18.63560524]
[2024-04-19 19:43:15,083][root][INFO] - Eval Returns: mean=-17.532 std=1.665
[2024-04-19 19:43:15,083][root][INFO] - Eval ndata: 62.000
[2024-04-19 19:43:15,083][root][INFO] - Model MSE (current real MPC): 0.417
[2024-04-19 19:43:16,197][root][INFO] - Model MSE (random test set): 0.042
[2024-04-19 19:43:16,197][root][INFO] - Model MSE (GT MPC): 0.003
[2024-04-19 19:43:16,197][root][INFO] - Model Likelihood (random test set): -3.763
[2024-04-19 19:43:16,198][root][INFO] - Model Likelihood (GT MPC): -3.709
[2024-04-19 19:43:16,198][root][INFO] - *[TIME] [Evaluate the current MPC policy] Elapsed: 9.37 seconds
[2024-04-19 19:43:18,971][root][INFO] - x: [-0.04292878 -0.05505049 -0.70089718 -0.05521484  0.33717148]
[2024-04-19 19:43:18,972][root][INFO] - y: [-0.00550505  0.04285509 -0.04393861 -0.10456972]
[2024-04-19 19:43:18,972][root][INFO] - Reward: -0.9999996890685834
[2024-04-19 19:43:19,970][root][INFO] - --------------- Start iteration i=31 ---------------
[2024-04-19 19:43:19,970][root][INFO] - Length of data.x: 63
[2024-04-19 19:43:19,970][root][INFO] - Length of data.y: 63
[2024-04-19 19:43:20,167][root][INFO] - x: [-0.04843383 -0.0121954  -0.74483579 -0.15978455  0.12314442]
[2024-04-19 19:43:20,168][root][INFO] - y: [-0.00121954  0.05116063 -0.12715261 -0.10613968]
[2024-04-19 19:43:20,168][root][INFO] - Reward: -0.9999996614363591
[2024-04-19 19:43:20,169][root][INFO] - --------------- Start iteration i=32 ---------------
[2024-04-19 19:43:20,169][root][INFO] - Length of data.x: 64
[2024-04-19 19:43:20,169][root][INFO] - Length of data.y: 64
[2024-04-19 19:43:20,351][root][INFO] - x: [-0.04965337  0.03896522 -0.8719884  -0.26592424  0.30047476]
[2024-04-19 19:43:20,351][root][INFO] - y: [ 0.00389652  0.07890187 -0.21161595 -0.11104321]
[2024-04-19 19:43:20,351][root][INFO] - Reward: -0.9999929104152974
[2024-04-19 19:43:20,353][root][INFO] - --------------- Start iteration i=33 ---------------
[2024-04-19 19:43:20,353][root][INFO] - Length of data.x: 65
[2024-04-19 19:43:20,353][root][INFO] - Length of data.y: 65
[2024-04-19 19:43:20,535][root][INFO] - x: [-0.04575685  0.11786709  0.91639564 -0.37696745  0.42128273]
[2024-04-19 19:43:20,536][root][INFO] - y: [ 0.01178671 -0.03681255 -0.2999814   0.06104704]
[2024-04-19 19:43:20,536][root][INFO] - Reward: -0.9966461431337174
[2024-04-19 19:43:20,537][root][INFO] - --------------- Start iteration i=34 ---------------
[2024-04-19 19:43:20,537][root][INFO] - Length of data.x: 66
[2024-04-19 19:43:20,537][root][INFO] - Length of data.y: 66
[2024-04-19 19:43:20,728][root][INFO] - x: [-0.03397014  0.08105455  0.61641424 -0.3159204   0.73435378]
[2024-04-19 19:43:20,729][root][INFO] - y: [ 0.00810545 -0.06698381 -0.25140167  0.11566068]
[2024-04-19 19:43:20,729][root][INFO] - Reward: -0.8102414322145399
[2024-04-19 19:43:20,730][root][INFO] - --------------- Start iteration i=35 ---------------
[2024-04-19 19:43:20,730][root][INFO] - Length of data.x: 67
[2024-04-19 19:43:20,730][root][INFO] - Length of data.y: 67
[2024-04-19 19:43:20,913][root][INFO] - x: [-0.02586468  0.01407074  0.36501257 -0.20025972 -0.27565447]
[2024-04-19 19:43:20,914][root][INFO] - y: [ 0.00140707 -0.03671088 -0.15936175  0.0743956 ]
[2024-04-19 19:43:20,914][root][INFO] - Reward: -0.20216625361020235
[2024-04-19 19:43:20,915][root][INFO] - --------------- Start iteration i=36 ---------------
[2024-04-19 19:43:20,915][root][INFO] - Length of data.x: 68
[2024-04-19 19:43:20,915][root][INFO] - Length of data.y: 68
[2024-04-19 19:43:21,097][root][INFO] - x: [-0.02445761 -0.02264014  0.20565082 -0.12586412  0.154669  ]
[2024-04-19 19:43:21,097][root][INFO] - y: [-0.00226401  0.02197404 -0.10015957  0.07666696]
[2024-04-19 19:43:21,097][root][INFO] - Reward: -0.048759573593549654
[2024-04-19 19:43:21,098][root][INFO] - --------------- Start iteration i=37 ---------------
[2024-04-19 19:43:21,098][root][INFO] - Length of data.x: 69
[2024-04-19 19:43:21,098][root][INFO] - Length of data.y: 69
[2024-04-19 19:43:21,281][root][INFO] - x: [-0.02672162 -0.0006661   0.10549126 -0.04919716 -0.00414802]
[2024-04-19 19:43:21,281][root][INFO] - y: [-6.66098422e-05  1.56325076e-02 -3.91498862e-02  4.67338676e-02]
[2024-04-19 19:43:21,281][root][INFO] - Reward: -0.15348495555825703
[2024-04-19 19:43:21,282][root][INFO] - --------------- Start iteration i=38 ---------------
[2024-04-19 19:43:21,282][root][INFO] - Length of data.x: 70
[2024-04-19 19:43:21,282][root][INFO] - Length of data.y: 70
[2024-04-19 19:43:21,467][root][INFO] - x: [-0.02678823  0.01496641  0.06634137 -0.00246329 -0.50677896]
[2024-04-19 19:43:21,467][root][INFO] - y: [ 0.00149664 -0.02813356 -0.00196023 -0.007206  ]
[2024-04-19 19:43:21,467][root][INFO] - Reward: -0.13186278162175347
[2024-04-19 19:43:21,468][root][INFO] - --------------- Start iteration i=39 ---------------
[2024-04-19 19:43:21,468][root][INFO] - Length of data.x: 71
[2024-04-19 19:43:21,468][root][INFO] - Length of data.y: 71
[2024-04-19 19:43:21,652][root][INFO] - x: [-0.02529159 -0.01316715  0.06438115 -0.00966929 -0.11266037]
[2024-04-19 19:43:21,652][root][INFO] - y: [-0.00131672  0.00269907 -0.00769458  0.02237076]
[2024-04-19 19:43:21,652][root][INFO] - Reward: -0.18535019870313352
[2024-04-19 19:43:21,654][root][INFO] - --------------- Start iteration i=40 ---------------
[2024-04-19 19:43:21,654][root][INFO] - Length of data.x: 72
[2024-04-19 19:43:21,654][root][INFO] - Length of data.y: 72
[2024-04-19 19:43:30,648][root][INFO] - Eval Returns: [-11.61467849 -12.52050665 -14.51461045 -13.56261074 -14.57512111]
[2024-04-19 19:43:30,653][root][INFO] - Eval Returns: mean=-13.358 std=1.149
[2024-04-19 19:43:30,653][root][INFO] - Eval ndata: 72.000
[2024-04-19 19:43:30,653][root][INFO] - Model MSE (current real MPC): 0.257
[2024-04-19 19:43:31,803][root][INFO] - Model MSE (random test set): 0.040
[2024-04-19 19:43:31,804][root][INFO] - Model MSE (GT MPC): 0.003
[2024-04-19 19:43:31,804][root][INFO] - Model Likelihood (random test set): -3.772
[2024-04-19 19:43:31,804][root][INFO] - Model Likelihood (GT MPC): -3.712
[2024-04-19 19:43:31,804][root][INFO] - *[TIME] [Evaluate the current MPC policy] Elapsed: 9.97 seconds
[2024-04-19 19:43:34,271][root][INFO] - x: [-0.02660831 -0.01046808  0.05668656  0.01270147 -0.42968482]
[2024-04-19 19:43:34,271][root][INFO] - y: [-0.00104681 -0.02353467  0.01010752 -0.00576671]
[2024-04-19 19:43:34,271][root][INFO] - Reward: -0.16903856276635065
[2024-04-19 19:43:35,354][root][INFO] - --------------- Start iteration i=41 ---------------
[2024-04-19 19:43:35,354][root][INFO] - Length of data.x: 73
[2024-04-19 19:43:35,354][root][INFO] - Length of data.y: 73
[2024-04-19 19:43:35,549][root][INFO] - x: [-0.02765512 -0.03400275  0.06679408  0.00693476 -0.34025891]
[2024-04-19 19:43:35,549][root][INFO] - y: [-0.00340027 -0.01431502  0.00551851  0.00645435]
[2024-04-19 19:43:35,549][root][INFO] - Reward: -0.21969579944778106
[2024-04-19 19:43:35,551][root][INFO] - --------------- Start iteration i=42 ---------------
[2024-04-19 19:43:35,551][root][INFO] - Length of data.x: 74
[2024-04-19 19:43:35,551][root][INFO] - Length of data.y: 74
[2024-04-19 19:43:35,736][root][INFO] - x: [-0.03105539 -0.04831777  0.07231259  0.01338911 -0.23105296]
[2024-04-19 19:43:35,736][root][INFO] - y: [-0.00483178 -0.00469925  0.01065472  0.01753883]
[2024-04-19 19:43:35,736][root][INFO] - Reward: -0.28610552924323696
[2024-04-19 19:43:35,737][root][INFO] - --------------- Start iteration i=43 ---------------
[2024-04-19 19:43:35,737][root][INFO] - Length of data.x: 75
[2024-04-19 19:43:35,737][root][INFO] - Length of data.y: 75
[2024-04-19 19:43:35,923][root][INFO] - x: [-0.03588717 -0.05301702  0.08296731  0.03092794 -0.12667697]
[2024-04-19 19:43:35,923][root][INFO] - y: [-0.0053017   0.00482343  0.02461169  0.02996743]
[2024-04-19 19:43:35,923][root][INFO] - Reward: -0.31063414321393623
[2024-04-19 19:43:35,924][root][INFO] - --------------- Start iteration i=44 ---------------
[2024-04-19 19:43:35,925][root][INFO] - Length of data.x: 76
[2024-04-19 19:43:35,925][root][INFO] - Length of data.y: 76
[2024-04-19 19:43:36,109][root][INFO] - x: [-0.04118887 -0.04819359  0.10757901  0.06089537 -0.02501709]
[2024-04-19 19:43:36,109][root][INFO] - y: [-0.00481936  0.01440617  0.04845903  0.04615156]
[2024-04-19 19:43:36,109][root][INFO] - Reward: -0.25343057698946025
[2024-04-19 19:43:36,110][root][INFO] - --------------- Start iteration i=45 ---------------
[2024-04-19 19:43:36,111][root][INFO] - Length of data.x: 77
[2024-04-19 19:43:36,111][root][INFO] - Length of data.y: 77
[2024-04-19 19:43:36,296][root][INFO] - x: [-0.04600823 -0.03378743  0.15603804  0.10704693  0.45038569]
[2024-04-19 19:43:36,297][root][INFO] - y: [-0.00337874  0.0467364   0.08518531  0.08746594]
[2024-04-19 19:43:36,297][root][INFO] - Reward: -0.23569226680301136
[2024-04-19 19:43:36,298][root][INFO] - --------------- Start iteration i=46 ---------------
[2024-04-19 19:43:36,298][root][INFO] - Length of data.x: 78
[2024-04-19 19:43:36,298][root][INFO] - Length of data.y: 78
[2024-04-19 19:43:36,480][root][INFO] - x: [-0.04938697  0.01294897  0.24122334  0.19451286  0.26411273]
[2024-04-19 19:43:36,481][root][INFO] - y: [0.0012949  0.00882638 0.15478854 0.07390799]
[2024-04-19 19:43:36,481][root][INFO] - Reward: -0.7507220615551002
[2024-04-19 19:43:36,482][root][INFO] - --------------- Start iteration i=47 ---------------
[2024-04-19 19:43:36,482][root][INFO] - Length of data.x: 79
[2024-04-19 19:43:36,482][root][INFO] - Length of data.y: 79
[2024-04-19 19:43:36,665][root][INFO] - x: [-0.04809207  0.02177535  0.39601189  0.26842086  0.48427508]
[2024-04-19 19:43:36,665][root][INFO] - y: [ 0.00217753 -0.02994196  0.2136027   0.08339755]
[2024-04-19 19:43:36,665][root][INFO] - Reward: -0.994710636013386
[2024-04-19 19:43:36,666][root][INFO] - --------------- Start iteration i=48 ---------------
[2024-04-19 19:43:36,667][root][INFO] - Length of data.x: 80
[2024-04-19 19:43:36,667][root][INFO] - Length of data.y: 80
[2024-04-19 19:43:36,850][root][INFO] - x: [-0.04591454 -0.00816661  0.60961459  0.3518184   0.69832082]
[2024-04-19 19:43:36,850][root][INFO] - y: [-0.00081666 -0.08976863  0.27996842  0.12274037]
[2024-04-19 19:43:36,850][root][INFO] - Reward: -0.9999887907362555
[2024-04-19 19:43:36,851][root][INFO] - --------------- Start iteration i=49 ---------------
[2024-04-19 19:43:36,851][root][INFO] - Length of data.x: 81
[2024-04-19 19:43:36,851][root][INFO] - Length of data.y: 81
[2024-04-19 19:43:37,039][root][INFO] - x: [-0.0467312  -0.09793524  0.88958301  0.47455878  0.90004019]
[2024-04-19 19:43:37,039][root][INFO] - y: [-0.00979352 -0.05621512  0.37764218  0.08625198]
[2024-04-19 19:43:37,039][root][INFO] - Reward: -0.9999999080164729
[2024-04-19 19:43:37,039][root][INFO] - Explore episode complete with return -15.74849268444832, resetting
[2024-04-19 19:43:37,039][root][INFO] - Exploration Episode Rewards: [-0.9999900874058566, -0.9999902602916557, -0.9999938415509685, -0.9999974862514991, -0.9999991348079559, -0.9999996890685834, -0.9999996614363591, -0.9999929104152974, -0.9966461431337174, -0.8102414322145399, -0.20216625361020235, -0.048759573593549654, -0.15348495555825703, -0.13186278162175347, -0.18535019870313352, -0.16903856276635065, -0.21969579944778106, -0.28610552924323696, -0.31063414321393623, -0.25343057698946025, -0.23569226680301136, -0.7507220615551002, -0.994710636013386, -0.9999887907362555, -0.9999999080164729]
[2024-04-19 19:43:37,040][root][INFO] - --------------- Start iteration i=50 ---------------
[2024-04-19 19:43:37,041][root][INFO] - Length of data.x: 82
[2024-04-19 19:43:37,041][root][INFO] - Length of data.y: 82
[2024-04-19 19:43:46,542][root][INFO] - Eval Returns: [-16.66561686 -10.51178475 -14.30972392 -13.96698393 -15.43777242]
[2024-04-19 19:43:46,547][root][INFO] - Eval Returns: mean=-14.178 std=2.063
[2024-04-19 19:43:46,547][root][INFO] - Eval ndata: 82.000
[2024-04-19 19:43:46,547][root][INFO] - Model MSE (current real MPC): 0.320
[2024-04-19 19:43:47,663][root][INFO] - Model MSE (random test set): 0.045
[2024-04-19 19:43:47,663][root][INFO] - Model MSE (GT MPC): 0.003
[2024-04-19 19:43:47,664][root][INFO] - Model Likelihood (random test set): -3.777
[2024-04-19 19:43:47,664][root][INFO] - Model Likelihood (GT MPC): -3.712
[2024-04-19 19:43:47,664][root][INFO] - *[TIME] [Evaluate the current MPC policy] Elapsed: 10.44 seconds
[2024-04-19 19:43:50,119][root][INFO] - x: [-6.91654422e-04  2.04914119e-03  9.93825832e-01 -8.37251337e-05
 -2.00773465e-01]
[2024-04-19 19:43:50,120][root][INFO] - y: [ 2.04914119e-04 -1.72334894e-02 -6.66263982e-05  1.91351328e-02]
[2024-04-19 19:43:50,120][root][INFO] - Reward: -0.9999900522685728
[2024-04-19 19:43:50,942][root][INFO] - --------------- Start iteration i=51 ---------------
[2024-04-19 19:43:50,942][root][INFO] - Length of data.x: 83
[2024-04-19 19:43:50,942][root][INFO] - Length of data.y: 83
[2024-04-19 19:43:51,141][root][INFO] - x: [-4.86740303e-04 -1.51843482e-02  9.93759205e-01  1.90514077e-02
 -8.34462091e-01]
[2024-04-19 19:43:51,141][root][INFO] - y: [-0.00151843 -0.06766412  0.01516064  0.06957655]
[2024-04-19 19:43:51,141][root][INFO] - Reward: -0.9999901333363808
[2024-04-19 19:43:51,143][root][INFO] - --------------- Start iteration i=52 ---------------
[2024-04-19 19:43:51,143][root][INFO] - Length of data.x: 84
[2024-04-19 19:43:51,143][root][INFO] - Length of data.y: 84
[2024-04-19 19:43:51,336][root][INFO] - x: [-0.00200518 -0.08284847 -0.99108015  0.08862796 -0.57120513]
[2024-04-19 19:43:51,336][root][INFO] - y: [-0.00828485 -0.04237034  0.07052795  0.03960201]
[2024-04-19 19:43:51,336][root][INFO] - Reward: -0.9999914555474799
[2024-04-19 19:43:51,338][root][INFO] - --------------- Start iteration i=53 ---------------
[2024-04-19 19:43:51,338][root][INFO] - Length of data.x: 85
[2024-04-19 19:43:51,338][root][INFO] - Length of data.y: 85
[2024-04-19 19:43:51,525][root][INFO] - x: [-0.01029002 -0.12521882 -0.92055221  0.12822997 -0.22577788]
[2024-04-19 19:43:51,526][root][INFO] - y: [-0.01252188  0.0039905   0.10204225 -0.02812337]
[2024-04-19 19:43:51,526][root][INFO] - Reward: -0.9999950056556902
[2024-04-19 19:43:51,527][root][INFO] - --------------- Start iteration i=54 ---------------
[2024-04-19 19:43:51,527][root][INFO] - Length of data.x: 86
[2024-04-19 19:43:51,527][root][INFO] - Length of data.y: 86
[2024-04-19 19:43:51,715][root][INFO] - x: [-0.0228119  -0.12122832 -0.81850996  0.1001066   0.26726108]
[2024-04-19 19:43:51,715][root][INFO] - y: [-0.01212283  0.04954567  0.07966237 -0.09471391]
[2024-04-19 19:43:51,716][root][INFO] - Reward: -0.9999979895902262
[2024-04-19 19:43:51,717][root][INFO] - --------------- Start iteration i=55 ---------------
[2024-04-19 19:43:51,717][root][INFO] - Length of data.x: 87
[2024-04-19 19:43:51,717][root][INFO] - Length of data.y: 87
[2024-04-19 19:43:51,905][root][INFO] - x: [-0.03493474 -0.07168265 -0.73884759  0.00539269  0.55223989]
[2024-04-19 19:43:51,905][root][INFO] - y: [-0.00716827  0.05658243  0.00429137 -0.11041143]
[2024-04-19 19:43:51,906][root][INFO] - Reward: -0.9999992026975785
[2024-04-19 19:43:51,907][root][INFO] - --------------- Start iteration i=56 ---------------
[2024-04-19 19:43:51,907][root][INFO] - Length of data.x: 88
[2024-04-19 19:43:51,907][root][INFO] - Length of data.y: 88
[2024-04-19 19:43:52,096][root][INFO] - x: [-0.042103   -0.01510022 -0.73455622 -0.10501874  0.59816641]
[2024-04-19 19:43:52,096][root][INFO] - y: [-0.00151002  0.06746681 -0.08357132 -0.11806027]
[2024-04-19 19:43:52,096][root][INFO] - Reward: -0.9999994375420567
[2024-04-19 19:43:52,098][root][INFO] - --------------- Start iteration i=57 ---------------
[2024-04-19 19:43:52,098][root][INFO] - Length of data.x: 89
[2024-04-19 19:43:52,098][root][INFO] - Length of data.y: 89
[2024-04-19 19:43:52,288][root][INFO] - x: [-0.04361302  0.05236659 -0.81812755 -0.22307901  0.47333856]
[2024-04-19 19:43:52,288][root][INFO] - y: [ 0.00523666  0.08864449 -0.17752078 -0.1276694 ]
[2024-04-19 19:43:52,288][root][INFO] - Reward: -0.9999970919623364
[2024-04-19 19:43:52,289][root][INFO] - --------------- Start iteration i=58 ---------------
[2024-04-19 19:43:52,289][root][INFO] - Length of data.x: 90
[2024-04-19 19:43:52,289][root][INFO] - Length of data.y: 90
[2024-04-19 19:43:52,480][root][INFO] - x: [-0.03837636  0.14101108 -0.99564832 -0.35074841  0.49282036]
[2024-04-19 19:43:52,480][root][INFO] - y: [ 0.01410111  0.04049369 -0.27911694 -0.04183262]
[2024-04-19 19:43:52,480][root][INFO] - Reward: -0.9997265843031649
[2024-04-19 19:43:52,481][root][INFO] - --------------- Start iteration i=59 ---------------
[2024-04-19 19:43:52,481][root][INFO] - Length of data.x: 91
[2024-04-19 19:43:52,482][root][INFO] - Length of data.y: 91
[2024-04-19 19:43:52,672][root][INFO] - x: [-0.02427526  0.18150477  0.72523474 -0.39258103  0.23806287]
[2024-04-19 19:43:52,672][root][INFO] - y: [ 0.01815048 -0.14009943 -0.31240631  0.16569058]
[2024-04-19 19:43:52,672][root][INFO] - Reward: -0.9744255340073471
[2024-04-19 19:43:52,673][root][INFO] - --------------- Start iteration i=60 ---------------
[2024-04-19 19:43:52,674][root][INFO] - Length of data.x: 92
[2024-04-19 19:43:52,674][root][INFO] - Length of data.y: 92
[2024-04-19 19:43:55,674][root][INFO] - *[TIME] [Evaluate the current MPC policy] Elapsed: 2.81 seconds
