[2024-04-19 19:02:00,713][root][INFO] - Dumper dumping to /trajectory-information-rl/experiments/mpc_cartpole_2024-04-19/19-01-55/seed_2
[2024-04-19 19:02:00,718][root][INFO] - Start obs: None
[2024-04-19 19:02:14,747][root][INFO] - GT Returns: [-12.19577046 -11.6732282  -13.94054165 -10.68939997 -11.60006622]
[2024-04-19 19:02:14,747][root][INFO] - GT Returns: mean=-12.020 std=1.076
[2024-04-19 19:02:14,747][root][INFO] - Path Lengths: [36345, 36345, 36345, 36345, 36345]
[2024-04-19 19:02:14,747][root][INFO] - Path Lengths: mean=36345.000 std=0.000
[2024-04-19 19:02:14,809][root][INFO] - all_x.shape = (181725, 5)
[2024-04-19 19:02:14,814][root][INFO] - all_x.min(axis=0) = [-1.02429528 -1.56247893 -0.99999761 -0.88286796 -1.        ]
[2024-04-19 19:02:14,818][root][INFO] - all_x.max(axis=0) = [0.96150553 1.51757398 0.99999918 0.8767527  1.        ]
[2024-04-19 19:02:14,821][root][INFO] - all_x.mean(axis=0) = [-0.00024672  0.01314447 -0.02352872 -0.03514242  0.01666741]
[2024-04-19 19:02:14,828][root][INFO] - all_x.var(axis=0) = [0.01235899 0.05251655 0.26226088 0.08611748 0.21296015]
[2024-04-19 19:02:14,862][root][INFO] - --------------- Start iteration i=0 ---------------
[2024-04-19 19:02:14,862][root][INFO] - Length of data.x: 1
[2024-04-19 19:02:14,862][root][INFO] - Length of data.y: 1
[2024-04-19 19:02:20,207][root][INFO] - Eval Returns: [-24.99976007 -24.99997678 -22.29895648 -24.99998291 -24.99995933]
[2024-04-19 19:02:20,211][root][INFO] - Eval Returns: mean=-24.460 std=1.080
[2024-04-19 19:02:20,211][root][INFO] - Eval ndata: 1.000
[2024-04-19 19:02:20,211][root][INFO] - Model MSE (current real MPC): 0.472
[2024-04-19 19:02:21,205][root][INFO] - Model MSE (random test set): 0.380
[2024-04-19 19:02:21,205][root][INFO] - Model MSE (GT MPC): 0.093
[2024-04-19 19:02:21,205][root][INFO] - Model Likelihood (random test set): -4.125
[2024-04-19 19:02:21,205][root][INFO] - Model Likelihood (GT MPC): -3.925
[2024-04-19 19:02:21,205][root][INFO] - *[TIME] [Evaluate the current MPC policy] Elapsed: 6.15 seconds
[2024-04-19 19:02:22,895][root][INFO] - x: [-1.44373738e-03 -2.20513028e-03 -9.96966038e-01  2.58503500e-04
 -2.00207870e-01]
[2024-04-19 19:02:22,895][root][INFO] - y: [-0.00022051 -0.03143455  0.00020571  0.0304969 ]
[2024-04-19 19:02:22,896][root][INFO] - Reward: -0.9999901056212132
[2024-04-19 19:02:24,489][root][INFO] - --------------- Start iteration i=1 ---------------
[2024-04-19 19:02:24,489][root][INFO] - Length of data.x: 2
[2024-04-19 19:02:24,489][root][INFO] - Length of data.y: 2
[2024-04-19 19:02:24,656][root][INFO] - x: [-0.00166425 -0.03363968 -0.99676033  0.0307554   1.        ]
[2024-04-19 19:02:24,656][root][INFO] - y: [-0.00336397  0.16114244  0.02447439 -0.16213377]
[2024-04-19 19:02:24,656][root][INFO] - Reward: -0.9999904634881742
[2024-04-19 19:02:24,657][root][INFO] - --------------- Start iteration i=2 ---------------
[2024-04-19 19:02:24,657][root][INFO] - Length of data.x: 3
[2024-04-19 19:02:24,657][root][INFO] - Length of data.y: 3
[2024-04-19 19:02:24,806][root][INFO] - x: [-0.00502822  0.12750276 -0.97228594 -0.13137837 -0.91294583]
[2024-04-19 19:02:24,806][root][INFO] - y: [ 0.01275028 -0.14012004 -0.10454767  0.13104989]
[2024-04-19 19:02:24,806][root][INFO] - Reward: -0.9999906292859376
[2024-04-19 19:02:24,806][root][INFO] - --------------- Start iteration i=3 ---------------
[2024-04-19 19:02:24,806][root][INFO] - Length of data.x: 4
[2024-04-19 19:02:24,806][root][INFO] - Length of data.y: 4
[2024-04-19 19:02:24,955][root][INFO] - x: [ 7.72205683e-03 -1.26172804e-02  9.23166395e-01 -3.28474577e-04
  9.43687348e-01]
[2024-04-19 19:02:24,956][root][INFO] - y: [-0.00126173  0.13295711 -0.00026139 -0.10562826]
[2024-04-19 19:02:24,956][root][INFO] - Reward: -0.9999902086691157
[2024-04-19 19:02:24,956][root][INFO] - --------------- Start iteration i=4 ---------------
[2024-04-19 19:02:24,956][root][INFO] - Length of data.x: 5
[2024-04-19 19:02:24,956][root][INFO] - Length of data.y: 5
[2024-04-19 19:02:30,518][root][INFO] - Eval Returns: [-24.9999791  -24.99997759 -24.99998236 -24.99998183 -24.99997743]
[2024-04-19 19:02:30,522][root][INFO] - Eval Returns: mean=-25.000 std=0.000
[2024-04-19 19:02:30,522][root][INFO] - Eval ndata: 5.000
[2024-04-19 19:02:30,522][root][INFO] - Model MSE (current real MPC): 0.886
[2024-04-19 19:02:31,577][root][INFO] - Model MSE (random test set): 0.326
[2024-04-19 19:02:31,577][root][INFO] - Model MSE (GT MPC): 0.168
[2024-04-19 19:02:31,577][root][INFO] - Model Likelihood (random test set): -3.792
[2024-04-19 19:02:31,577][root][INFO] - Model Likelihood (GT MPC): -3.743
[2024-04-19 19:02:31,577][root][INFO] - *[TIME] [Evaluate the current MPC policy] Elapsed: 6.47 seconds
[2024-04-19 19:02:33,741][root][INFO] - x: [ 0.00646033  0.12033983  0.922905   -0.10595674 -1.        ]
[2024-04-19 19:02:33,741][root][INFO] - y: [ 0.01203398 -0.17368868 -0.08431776  0.19217155]
[2024-04-19 19:02:33,741][root][INFO] - Reward: -0.9999934169886295
