[2024-04-23 22:41:40,894][root][INFO] - Dumper dumping to /tirl/experiments/mpc_cartpole_2024-04-23/22-41-36/seed_3
[2024-04-23 22:41:40,898][root][INFO] - Start obs: None
[2024-04-23 22:41:56,709][root][INFO] - GT Returns: [-14.10910241 -10.95409512 -13.10727541 -12.42298232 -12.55888791]
[2024-04-23 22:41:56,709][root][INFO] - GT Returns: mean=-12.630 std=1.027
[2024-04-23 22:41:56,709][root][INFO] - Path Lengths: [36345, 36345, 36345, 36345, 36345]
[2024-04-23 22:41:56,709][root][INFO] - Path Lengths: mean=36345.000 std=0.000
[2024-04-23 22:41:56,764][root][INFO] - all_x.shape = (181725, 5)
[2024-04-23 22:41:56,769][root][INFO] - all_x.min(axis=0) = [-1.00879349 -1.52037097 -0.99999042 -0.90797929 -1.        ]
[2024-04-23 22:41:56,774][root][INFO] - all_x.max(axis=0) = [1.01508669 1.59223654 0.99999601 0.86266598 1.        ]
[2024-04-23 22:41:56,777][root][INFO] - all_x.mean(axis=0) = [ 0.01021405  0.00835729 -0.01520259 -0.02298433  0.00898824]
[2024-04-23 22:41:56,784][root][INFO] - all_x.var(axis=0) = [0.01201698 0.05077223 0.25204073 0.09036376 0.21218267]
[2024-04-23 22:41:56,820][root][INFO] - --------------- Start iteration i=0 ---------------
[2024-04-23 22:41:56,820][root][INFO] - Length of data.x: 1
[2024-04-23 22:41:56,820][root][INFO] - Length of data.y: 1
[2024-04-23 22:42:02,372][root][INFO] - Eval Returns: [-24.99998108 -24.9999833  -24.99998294 -24.99998415 -24.99963521]
[2024-04-23 22:42:02,379][root][INFO] - Eval Returns: mean=-25.000 std=0.000
[2024-04-23 22:42:02,380][root][INFO] - Eval ndata: 1.000
[2024-04-23 22:42:02,380][root][INFO] - Model MSE (current real MPC): 0.398
[2024-04-23 22:42:03,455][root][INFO] - Model MSE (random test set): 0.364
[2024-04-23 22:42:03,455][root][INFO] - Model MSE (GT MPC): 0.094
[2024-04-23 22:42:03,455][root][INFO] - Model Likelihood (random test set): -4.106
[2024-04-23 22:42:03,455][root][INFO] - Model Likelihood (GT MPC): -3.892
[2024-04-23 22:42:03,455][root][INFO] - *[TIME] [Evaluate the current MPC policy] Elapsed: 6.52 seconds
[2024-04-23 22:42:06,379][root][INFO] - x: [-8.31797768e-05  2.07872407e-03 -9.93820270e-01 -4.79204044e-04
 -9.54381486e-01]
[2024-04-23 22:42:06,379][root][INFO] - y: [ 0.00020787 -0.15155627 -0.00038134  0.1496211 ]
[2024-04-23 22:42:06,380][root][INFO] - Reward: -0.9999900589554496
[2024-04-23 22:42:09,288][root][INFO] - --------------- Start iteration i=1 ---------------
[2024-04-23 22:42:09,288][root][INFO] - Length of data.x: 2
[2024-04-23 22:42:09,288][root][INFO] - Length of data.y: 2
[2024-04-23 22:42:09,397][root][INFO] - x: [ 1.24692630e-04 -1.49477543e-01 -9.94201609e-01  1.49141893e-01
  1.00000000e+00]
[2024-04-23 22:42:09,398][root][INFO] - y: [-0.01494775  0.16404002  0.11868344 -0.16580177]
[2024-04-23 22:42:09,398][root][INFO] - Reward: -0.9999925203671011
[2024-04-23 22:42:09,398][root][INFO] - --------------- Start iteration i=2 ---------------
[2024-04-23 22:42:09,398][root][INFO] - Length of data.x: 3
[2024-04-23 22:42:09,398][root][INFO] - Length of data.y: 3
[2024-04-23 22:42:09,503][root][INFO] - x: [-0.01482306  0.01456247 -0.87551817 -0.01665988  0.93091068]
[2024-04-23 22:42:09,503][root][INFO] - y: [ 0.00145625  0.15603215 -0.01325752 -0.18168376]
[2024-04-23 22:42:09,503][root][INFO] - Reward: -0.9999921435687196
[2024-04-23 22:42:09,504][root][INFO] - --------------- Start iteration i=3 ---------------
[2024-04-23 22:42:09,504][root][INFO] - Length of data.x: 4
[2024-04-23 22:42:09,504][root][INFO] - Length of data.y: 4
[2024-04-23 22:42:09,610][root][INFO] - x: [-0.01336681  0.17059462 -0.88877569 -0.19834364  1.        ]
[2024-04-23 22:42:09,611][root][INFO] - y: [ 0.01705946  0.18351973 -0.15783698 -0.20604906]
[2024-04-23 22:42:09,611][root][INFO] - Reward: -0.9999900802687306
[2024-04-23 22:42:09,611][root][INFO] - --------------- Start iteration i=4 ---------------
[2024-04-23 22:42:09,611][root][INFO] - Length of data.x: 5
[2024-04-23 22:42:09,611][root][INFO] - Length of data.y: 5
[2024-04-23 22:42:09,718][root][INFO] - x: [ 0.00369265  0.35411435  0.95338733 -0.4043927  -1.        ]
[2024-04-23 22:42:09,719][root][INFO] - y: [ 0.03541144 -0.20731638 -0.32180575  0.21942653]
[2024-04-23 22:42:09,719][root][INFO] - Reward: -0.9999970535219546
[2024-04-23 22:42:09,719][root][INFO] - --------------- Start iteration i=5 ---------------
[2024-04-23 22:42:09,719][root][INFO] - Length of data.x: 6
[2024-04-23 22:42:09,719][root][INFO] - Length of data.y: 6
[2024-04-23 22:42:09,827][root][INFO] - x: [ 0.03910408  0.14679797  0.63158159 -0.18496617 -1.        ]
[2024-04-23 22:42:09,827][root][INFO] - y: [ 0.0146798  -0.15368712 -0.14719152  0.15166503]
[2024-04-23 22:42:09,827][root][INFO] - Reward: -0.9999976210342935
[2024-04-23 22:42:09,828][root][INFO] - --------------- Start iteration i=6 ---------------
[2024-04-23 22:42:09,828][root][INFO] - Length of data.x: 7
[2024-04-23 22:42:09,828][root][INFO] - Length of data.y: 7
[2024-04-23 22:42:09,937][root][INFO] - x: [ 0.05378388 -0.00688916  0.48439006 -0.03330114 -0.93396024]
[2024-04-23 22:42:09,937][root][INFO] - y: [-0.00068892 -0.09264598 -0.02650023  0.09354028]
[2024-04-23 22:42:09,937][root][INFO] - Reward: -0.9999954847235907
[2024-04-23 22:42:09,937][root][INFO] - --------------- Start iteration i=7 ---------------
[2024-04-23 22:42:09,937][root][INFO] - Length of data.x: 8
[2024-04-23 22:42:09,937][root][INFO] - Length of data.y: 8
[2024-04-23 22:42:10,044][root][INFO] - x: [ 0.05309496 -0.09953513  0.45788984  0.06023914  0.44266319]
[2024-04-23 22:42:10,044][root][INFO] - y: [-0.00995351  0.04701127  0.04793682  0.10354311]
[2024-04-23 22:42:10,044][root][INFO] - Reward: -0.9999898217439537
[2024-04-23 22:42:10,045][root][INFO] - --------------- Start iteration i=8 ---------------
[2024-04-23 22:42:10,045][root][INFO] - Length of data.x: 9
[2024-04-23 22:42:10,045][root][INFO] - Length of data.y: 9
[2024-04-23 22:42:10,151][root][INFO] - x: [ 0.04314145 -0.05252386  0.50582666  0.16378225 -0.73701708]
[2024-04-23 22:42:10,151][root][INFO] - y: [-0.00525239 -0.09900666  0.13033388  0.09999564]
[2024-04-23 22:42:10,151][root][INFO] - Reward: -0.9999966532455183
[2024-04-23 22:42:10,152][root][INFO] - --------------- Start iteration i=9 ---------------
[2024-04-23 22:42:10,152][root][INFO] - Length of data.x: 10
[2024-04-23 22:42:10,152][root][INFO] - Length of data.y: 10
[2024-04-23 22:42:10,259][root][INFO] - x: [ 0.03788907 -0.15153052  0.63616054  0.26377789  1.        ]
[2024-04-23 22:42:10,259][root][INFO] - y: [-0.01515305  0.03021248  0.20990794  0.0768188 ]
[2024-04-23 22:42:10,260][root][INFO] - Reward: -0.9999953928344241
[2024-04-23 22:42:10,260][root][INFO] - --------------- Start iteration i=10 ---------------
[2024-04-23 22:42:10,260][root][INFO] - Length of data.x: 11
[2024-04-23 22:42:10,260][root][INFO] - Length of data.y: 11
[2024-04-23 22:42:16,172][root][INFO] - Eval Returns: [-23.73988186 -24.66219446 -24.66270912 -22.52748228 -22.35296459]
[2024-04-23 22:42:16,179][root][INFO] - Eval Returns: mean=-23.589 std=0.998
[2024-04-23 22:42:16,180][root][INFO] - Eval ndata: 11.000
[2024-04-23 22:42:16,180][root][INFO] - Model MSE (current real MPC): 0.588
[2024-04-23 22:42:17,312][root][INFO] - Model MSE (random test set): 0.240
[2024-04-23 22:42:17,312][root][INFO] - Model MSE (GT MPC): 0.133
[2024-04-23 22:42:17,312][root][INFO] - Model Likelihood (random test set): -3.849
[2024-04-23 22:42:17,312][root][INFO] - Model Likelihood (GT MPC): -3.770
[2024-04-23 22:42:17,312][root][INFO] - *[TIME] [Evaluate the current MPC policy] Elapsed: 6.94 seconds
[2024-04-23 22:42:23,150][root][INFO] - x: [ 0.02273601 -0.12131804  0.84606848  0.34059669  0.09778321]
[2024-04-23 22:42:23,150][root][INFO] - y: [-0.0121318  -0.07752004  0.27103845  0.11429017]
[2024-04-23 22:42:23,150][root][INFO] - Reward: -0.9999807573523282
[2024-04-23 22:42:25,656][root][INFO] - --------------- Start iteration i=11 ---------------
[2024-04-23 22:42:25,656][root][INFO] - Length of data.x: 12
[2024-04-23 22:42:25,656][root][INFO] - Length of data.y: 12
[2024-04-23 22:42:25,772][root][INFO] - x: [ 0.01060421 -0.19883808 -0.88289307  0.45488685  0.57616446]
[2024-04-23 22:42:25,772][root][INFO] - y: [-0.01988381  0.21044052  0.36198775 -0.23167719]
[2024-04-23 22:42:25,772][root][INFO] - Reward: -0.9991714423374205
[2024-04-23 22:42:25,773][root][INFO] - --------------- Start iteration i=12 ---------------
[2024-04-23 22:42:25,773][root][INFO] - Length of data.x: 13
[2024-04-23 22:42:25,773][root][INFO] - Length of data.y: 13
[2024-04-23 22:42:25,907][root][INFO] - x: [-0.0092796   0.01160244 -0.52090532  0.22320966 -0.54702678]
[2024-04-23 22:42:25,907][root][INFO] - y: [ 0.00116024 -0.00580861  0.17762475 -0.0976071 ]
[2024-04-23 22:42:25,907][root][INFO] - Reward: -0.9771059606078067
[2024-04-23 22:42:25,908][root][INFO] - --------------- Start iteration i=13 ---------------
[2024-04-23 22:42:25,908][root][INFO] - Length of data.x: 14
[2024-04-23 22:42:25,908][root][INFO] - Length of data.y: 14
[2024-04-23 22:42:26,018][root][INFO] - x: [-0.00811936  0.00579383 -0.34328057  0.12560257 -0.37433003]
[2024-04-23 22:42:26,019][root][INFO] - y: [ 0.00057938 -0.0434368   0.09995143 -0.10706874]
[2024-04-23 22:42:26,019][root][INFO] - Reward: -0.8834085134466061
[2024-04-23 22:42:26,019][root][INFO] - --------------- Start iteration i=14 ---------------
[2024-04-23 22:42:26,019][root][INFO] - Length of data.x: 15
[2024-04-23 22:42:26,019][root][INFO] - Length of data.y: 15
[2024-04-23 22:42:26,129][root][INFO] - x: [-0.00753997 -0.03764297 -0.24332914  0.01853383 -1.        ]
[2024-04-23 22:42:26,129][root][INFO] - y: [-0.0037643  -0.14639658  0.01474877 -0.17363211]
[2024-04-23 22:42:26,129][root][INFO] - Reward: -0.893399394503108
[2024-04-23 22:42:26,130][root][INFO] - --------------- Start iteration i=15 ---------------
[2024-04-23 22:42:26,130][root][INFO] - Length of data.x: 16
[2024-04-23 22:42:26,130][root][INFO] - Length of data.y: 16
[2024-04-23 22:42:26,239][root][INFO] - x: [-0.01130427 -0.18403956 -0.22858038 -0.15509828  0.81181181]
[2024-04-23 22:42:26,240][root][INFO] - y: [-0.01840396  0.10111735 -0.12342339  0.01153514]
[2024-04-23 22:42:26,240][root][INFO] - Reward: -0.9983918526721209
[2024-04-23 22:42:26,240][root][INFO] - --------------- Start iteration i=16 ---------------
[2024-04-23 22:42:26,240][root][INFO] - Length of data.x: 17
[2024-04-23 22:42:26,240][root][INFO] - Length of data.y: 17
[2024-04-23 22:42:26,360][root][INFO] - x: [-0.02970823 -0.08292221 -0.35200377 -0.14356314  1.        ]
[2024-04-23 22:42:26,360][root][INFO] - y: [-0.00829222  0.11176784 -0.11424401 -0.03766198]
[2024-04-23 22:42:26,360][root][INFO] - Reward: -0.9999514614158813
[2024-04-23 22:42:26,361][root][INFO] - --------------- Start iteration i=17 ---------------
[2024-04-23 22:42:26,361][root][INFO] - Length of data.x: 18
[2024-04-23 22:42:26,361][root][INFO] - Length of data.y: 18
[2024-04-23 22:42:26,473][root][INFO] - x: [-0.03800045  0.02884563 -0.46624777 -0.18122512 -0.93431656]
[2024-04-23 22:42:26,473][root][INFO] - y: [ 0.00288456 -0.06726131 -0.14421448 -0.10476727]
[2024-04-23 22:42:26,473][root][INFO] - Reward: -0.9999930422692195
[2024-04-23 22:42:26,474][root][INFO] - --------------- Start iteration i=18 ---------------
[2024-04-23 22:42:26,474][root][INFO] - Length of data.x: 19
[2024-04-23 22:42:26,474][root][INFO] - Length of data.y: 19
[2024-04-23 22:42:26,585][root][INFO] - x: [-0.03511588 -0.03841568 -0.61046226 -0.28599239  0.07418759]
[2024-04-23 22:42:26,585][root][INFO] - y: [-0.00384157  0.09584673 -0.2275857  -0.12494385]
[2024-04-23 22:42:26,585][root][INFO] - Reward: -0.9999990107751182
[2024-04-23 22:42:26,586][root][INFO] - --------------- Start iteration i=19 ---------------
[2024-04-23 22:42:26,586][root][INFO] - Length of data.x: 20
[2024-04-23 22:42:26,586][root][INFO] - Length of data.y: 20
[2024-04-23 22:42:26,697][root][INFO] - x: [-0.03895745  0.05743105 -0.83804795 -0.41093624 -0.38773558]
[2024-04-23 22:42:26,698][root][INFO] - y: [ 0.0057431   0.07484264 -0.32701293 -0.11319791]
[2024-04-23 22:42:26,698][root][INFO] - Reward: -0.9999574561783422
[2024-04-23 22:42:26,698][root][INFO] - --------------- Start iteration i=20 ---------------
[2024-04-23 22:42:26,698][root][INFO] - Length of data.x: 21
[2024-04-23 22:42:26,698][root][INFO] - Length of data.y: 21
[2024-04-23 22:42:33,146][root][INFO] - Eval Returns: [-22.08280206 -23.20232294 -20.60688476 -21.91989342 -21.66066432]
[2024-04-23 22:42:33,155][root][INFO] - Eval Returns: mean=-21.895 std=0.832
[2024-04-23 22:42:33,155][root][INFO] - Eval ndata: 21.000
[2024-04-23 22:42:33,155][root][INFO] - Model MSE (current real MPC): 0.533
[2024-04-23 22:42:34,230][root][INFO] - Model MSE (random test set): 0.102
[2024-04-23 22:42:34,231][root][INFO] - Model MSE (GT MPC): 0.017
[2024-04-23 22:42:34,231][root][INFO] - Model Likelihood (random test set): -3.813
[2024-04-23 22:42:34,231][root][INFO] - Model Likelihood (GT MPC): -3.720
[2024-04-23 22:42:34,231][root][INFO] - *[TIME] [Evaluate the current MPC policy] Elapsed: 7.42 seconds
[2024-04-23 22:42:39,537][root][INFO] - x: [-0.03321435  0.13227369  0.83493911 -0.52413415 -0.43639855]
[2024-04-23 22:42:39,537][root][INFO] - y: [ 0.01322737 -0.2628046  -0.41709304  0.27692571]
[2024-04-23 22:42:39,537][root][INFO] - Reward: -0.9363405817718821
[2024-04-23 22:42:41,527][root][INFO] - --------------- Start iteration i=21 ---------------
[2024-04-23 22:42:41,528][root][INFO] - Length of data.x: 22
[2024-04-23 22:42:41,528][root][INFO] - Length of data.y: 22
[2024-04-23 22:42:41,646][root][INFO] - x: [-0.01998698 -0.13053092  0.41784608 -0.24720843  0.84083631]
[2024-04-23 22:42:41,646][root][INFO] - y: [-0.01305309  0.04006063 -0.19672238  0.10517246]
[2024-04-23 22:42:41,646][root][INFO] - Reward: -0.16282551779437726
[2024-04-23 22:42:41,647][root][INFO] - --------------- Start iteration i=22 ---------------
[2024-04-23 22:42:41,647][root][INFO] - Length of data.x: 23
[2024-04-23 22:42:41,647][root][INFO] - Length of data.y: 23
[2024-04-23 22:42:41,762][root][INFO] - x: [-0.03304007 -0.09047028  0.2211237  -0.14203597  0.93157799]
[2024-04-23 22:42:41,762][root][INFO] - y: [-0.00904703  0.12850884 -0.11302873  0.16158973]
[2024-04-23 22:42:41,762][root][INFO] - Reward: -0.32978611733634433
[2024-04-23 22:42:41,763][root][INFO] - --------------- Start iteration i=23 ---------------
[2024-04-23 22:42:41,763][root][INFO] - Length of data.x: 24
[2024-04-23 22:42:41,763][root][INFO] - Length of data.y: 24
[2024-04-23 22:42:41,877][root][INFO] - x: [-0.0420871   0.03803856  0.10809497  0.01955376 -0.16148971]
[2024-04-23 22:42:41,877][root][INFO] - y: [ 0.00380386 -0.00762494  0.0155604   0.025521  ]
[2024-04-23 22:42:41,877][root][INFO] - Reward: -0.1890887652443467
[2024-04-23 22:42:41,878][root][INFO] - --------------- Start iteration i=24 ---------------
[2024-04-23 22:42:41,878][root][INFO] - Length of data.x: 25
[2024-04-23 22:42:41,878][root][INFO] - Length of data.y: 25
[2024-04-23 22:42:41,991][root][INFO] - x: [-0.03828324  0.03041362  0.12365537  0.04507475 -0.18495848]
[2024-04-23 22:42:41,991][root][INFO] - y: [ 0.00304136 -0.00974117  0.03586938  0.02818057]
[2024-04-23 22:42:41,991][root][INFO] - Reward: -0.0736264097832755
[2024-04-23 22:42:41,992][root][INFO] - Explore episode complete with return -21.442963113751915, resetting
[2024-04-23 22:42:41,992][root][INFO] - Exploration Episode Rewards: [-0.9999900589554496, -0.9999925203671011, -0.9999921435687196, -0.9999900802687306, -0.9999970535219546, -0.9999976210342935, -0.9999954847235907, -0.9999898217439537, -0.9999966532455183, -0.9999953928344241, -0.9999807573523282, -0.9991714423374205, -0.9771059606078067, -0.8834085134466061, -0.893399394503108, -0.9983918526721209, -0.9999514614158813, -0.9999930422692195, -0.9999990107751182, -0.9999574561783422, -0.9363405817718821, -0.16282551779437726, -0.32978611733634433, -0.1890887652443467, -0.0736264097832755]
[2024-04-23 22:42:41,992][root][INFO] - --------------- Start iteration i=25 ---------------
[2024-04-23 22:42:41,992][root][INFO] - Length of data.x: 26
[2024-04-23 22:42:41,992][root][INFO] - Length of data.y: 26
[2024-04-23 22:42:42,107][root][INFO] - x: [-2.46163523e-04 -1.67775933e-03 -9.95682425e-01  1.80991133e-04
  6.01413764e-01]
[2024-04-23 22:42:42,107][root][INFO] - y: [-0.00016778  0.09704158  0.00014403 -0.09836484]
[2024-04-23 22:42:42,107][root][INFO] - Reward: -0.9999900717679949
[2024-04-23 22:42:42,108][root][INFO] - --------------- Start iteration i=26 ---------------
[2024-04-23 22:42:42,108][root][INFO] - Length of data.x: 27
[2024-04-23 22:42:42,108][root][INFO] - Length of data.y: 27
[2024-04-23 22:42:42,223][root][INFO] - x: [-4.13939457e-04  9.53638171e-02 -9.95538397e-01 -9.81838530e-02
  3.79849958e-01]
[2024-04-23 22:42:42,223][root][INFO] - y: [ 0.00953638  0.06027167 -0.07813229 -0.06164238]
[2024-04-23 22:42:42,223][root][INFO] - Reward: -0.9999911392062115
[2024-04-23 22:42:42,224][root][INFO] - --------------- Start iteration i=27 ---------------
[2024-04-23 22:42:42,224][root][INFO] - Length of data.x: 28
[2024-04-23 22:42:42,224][root][INFO] - Length of data.y: 28
[2024-04-23 22:42:42,338][root][INFO] - x: [ 0.00912244  0.15563549  0.92632931 -0.15982623  0.02906668]
[2024-04-23 22:42:42,339][root][INFO] - y: [ 0.01556355 -0.01917827 -0.12718577  0.04119249]
[2024-04-23 22:42:42,339][root][INFO] - Reward: -0.9999954320520147
[2024-04-23 22:42:42,340][root][INFO] - --------------- Start iteration i=28 ---------------
[2024-04-23 22:42:42,340][root][INFO] - Length of data.x: 29
[2024-04-23 22:42:42,340][root][INFO] - Length of data.y: 29
[2024-04-23 22:42:42,455][root][INFO] - x: [ 0.02468599  0.13645722  0.79914354 -0.11863374 -0.50961507]
[2024-04-23 22:42:42,455][root][INFO] - y: [ 0.01364572 -0.10277941 -0.09440581  0.14092154]
[2024-04-23 22:42:42,456][root][INFO] - Reward: -0.9999983824705521
[2024-04-23 22:42:42,456][root][INFO] - --------------- Start iteration i=29 ---------------
[2024-04-23 22:42:42,456][root][INFO] - Length of data.x: 30
[2024-04-23 22:42:42,456][root][INFO] - Length of data.y: 30
[2024-04-23 22:42:42,573][root][INFO] - x: [0.03833171 0.03367781 0.70473773 0.0222878  0.21085857]
[2024-04-23 22:42:42,573][root][INFO] - y: [0.00336778 0.00312508 0.01773608 0.07670339]
[2024-04-23 22:42:42,574][root][INFO] - Reward: -0.9999991006333562
[2024-04-23 22:42:42,574][root][INFO] - --------------- Start iteration i=30 ---------------
[2024-04-23 22:42:42,574][root][INFO] - Length of data.x: 31
[2024-04-23 22:42:42,574][root][INFO] - Length of data.y: 31
[2024-04-23 22:42:49,467][root][INFO] - Eval Returns: [-15.96656837 -17.11775224 -17.66125922 -18.17001544 -18.36258611]
[2024-04-23 22:42:49,476][root][INFO] - Eval Returns: mean=-17.456 std=0.861
[2024-04-23 22:42:49,476][root][INFO] - Eval ndata: 31.000
[2024-04-23 22:42:49,476][root][INFO] - Model MSE (current real MPC): 0.353
[2024-04-23 22:42:50,535][root][INFO] - Model MSE (random test set): 0.029
[2024-04-23 22:42:50,535][root][INFO] - Model MSE (GT MPC): 0.003
[2024-04-23 22:42:50,535][root][INFO] - Model Likelihood (random test set): -3.737
[2024-04-23 22:42:50,535][root][INFO] - Model Likelihood (GT MPC): -3.696
[2024-04-23 22:42:50,535][root][INFO] - *[TIME] [Evaluate the current MPC policy] Elapsed: 7.84 seconds
[2024-04-23 22:42:55,351][root][INFO] - x: [ 0.04169949  0.0368029   0.72247381  0.09899119 -0.58296274]
[2024-04-23 22:42:55,351][root][INFO] - y: [ 0.00368029 -0.09924022  0.07877475  0.13902608]
[2024-04-23 22:42:55,351][root][INFO] - Reward: -0.9999995560085426
[2024-04-23 22:42:57,382][root][INFO] - --------------- Start iteration i=31 ---------------
[2024-04-23 22:42:57,382][root][INFO] - Length of data.x: 32
[2024-04-23 22:42:57,382][root][INFO] - Length of data.y: 32
[2024-04-23 22:42:57,505][root][INFO] - x: [ 0.04537978 -0.06243732  0.80124856  0.23801727 -0.57469714]
[2024-04-23 22:42:57,505][root][INFO] - y: [-0.00624373 -0.13989132  0.18940828  0.17090456]
[2024-04-23 22:42:57,505][root][INFO] - Reward: -0.9999973819877936
[2024-04-23 22:42:57,506][root][INFO] - --------------- Start iteration i=32 ---------------
[2024-04-23 22:42:57,506][root][INFO] - Length of data.x: 33
[2024-04-23 22:42:57,506][root][INFO] - Length of data.y: 33
[2024-04-23 22:42:57,623][root][INFO] - x: [ 0.03913605 -0.20232865  0.99065684  0.40892183  0.65687915]
[2024-04-23 22:42:57,623][root][INFO] - y: [-0.02023286  0.09919615  0.32540991 -0.09627117]
[2024-04-23 22:42:57,623][root][INFO] - Reward: -0.9995343139869102
[2024-04-23 22:42:57,624][root][INFO] - --------------- Start iteration i=33 ---------------
[2024-04-23 22:42:57,624][root][INFO] - Length of data.x: 34
[2024-04-23 22:42:57,624][root][INFO] - Length of data.y: 34
[2024-04-23 22:42:57,744][root][INFO] - x: [ 0.01890319 -0.1031325  -0.68393325  0.31265065 -0.75230613]
[2024-04-23 22:42:57,744][root][INFO] - y: [-0.01031325  0.02185743  0.24879969 -0.0941955 ]
[2024-04-23 22:42:57,744][root][INFO] - Reward: -0.9786299527874226
[2024-04-23 22:42:57,745][root][INFO] - --------------- Start iteration i=34 ---------------
[2024-04-23 22:42:57,745][root][INFO] - Length of data.x: 35
[2024-04-23 22:42:57,745][root][INFO] - Length of data.y: 35
[2024-04-23 22:42:57,865][root][INFO] - x: [ 0.00858994 -0.08127507 -0.43513356  0.21845515  0.3661185 ]
[2024-04-23 22:42:57,865][root][INFO] - y: [-0.00812751  0.07509382  0.17384122 -0.08097071]
[2024-04-23 22:42:57,865][root][INFO] - Reward: -0.8349938085068331
[2024-04-23 22:42:57,866][root][INFO] - --------------- Start iteration i=35 ---------------
[2024-04-23 22:42:57,866][root][INFO] - Length of data.x: 36
[2024-04-23 22:42:57,866][root][INFO] - Length of data.y: 36
[2024-04-23 22:42:57,985][root][INFO] - x: [ 0.00046243 -0.00618125 -0.26129234  0.13748444  0.41261732]
[2024-04-23 22:42:57,985][root][INFO] - y: [-0.00061812  0.0435028   0.10940673 -0.04220627]
[2024-04-23 22:42:57,985][root][INFO] - Reward: -0.47809296635193954
[2024-04-23 22:42:57,986][root][INFO] - --------------- Start iteration i=36 ---------------
[2024-04-23 22:42:57,986][root][INFO] - Length of data.x: 37
[2024-04-23 22:42:57,986][root][INFO] - Length of data.y: 37
[2024-04-23 22:42:58,105][root][INFO] - x: [-0.00015569  0.03732155 -0.1518856   0.09527817  0.0202994 ]
[2024-04-23 22:42:58,106][root][INFO] - y: [ 0.00373215 -0.01343271  0.07582002 -0.05703166]
[2024-04-23 22:42:58,106][root][INFO] - Reward: -0.08848416112066693
[2024-04-23 22:42:58,107][root][INFO] - --------------- Start iteration i=37 ---------------
[2024-04-23 22:42:58,107][root][INFO] - Length of data.x: 38
[2024-04-23 22:42:58,107][root][INFO] - Length of data.y: 38
[2024-04-23 22:42:58,226][root][INFO] - x: [ 0.00357646  0.02388884 -0.07606558  0.03824651 -0.03384691]
[2024-04-23 22:42:58,226][root][INFO] - y: [ 0.00238888 -0.01821601  0.03043563 -0.04094221]
[2024-04-23 22:42:58,226][root][INFO] - Reward: -0.005720663104568646
[2024-04-23 22:42:58,227][root][INFO] - --------------- Start iteration i=38 ---------------
[2024-04-23 22:42:58,227][root][INFO] - Length of data.x: 39
[2024-04-23 22:42:58,227][root][INFO] - Length of data.y: 39
[2024-04-23 22:42:58,347][root][INFO] - x: [ 0.00596534  0.00567283 -0.04562995 -0.00269569  0.08995868]
[2024-04-23 22:42:58,347][root][INFO] - y: [ 0.00056728  0.00590094 -0.00214517 -0.00818845]
[2024-04-23 22:42:58,348][root][INFO] - Reward: -0.005109840600493132
[2024-04-23 22:42:58,348][root][INFO] - --------------- Start iteration i=39 ---------------
[2024-04-23 22:42:58,348][root][INFO] - Length of data.x: 40
[2024-04-23 22:42:58,348][root][INFO] - Length of data.y: 40
[2024-04-23 22:42:58,468][root][INFO] - x: [ 0.00653263  0.01157377 -0.04777512 -0.01088415  0.26908889]
[2024-04-23 22:42:58,469][root][INFO] - y: [ 0.00115738  0.03373202 -0.00866134  0.01866924]
[2024-04-23 22:42:58,469][root][INFO] - Reward: -0.007373053742264157
[2024-04-23 22:42:58,470][root][INFO] - --------------- Start iteration i=40 ---------------
[2024-04-23 22:42:58,470][root][INFO] - Length of data.x: 41
[2024-04-23 22:42:58,470][root][INFO] - Length of data.y: 41
[2024-04-23 22:43:05,761][root][INFO] - Eval Returns: [-15.85183806 -17.61985676 -14.24845472 -16.19600628 -15.88837274]
[2024-04-23 22:43:05,768][root][INFO] - Eval Returns: mean=-15.961 std=1.073
[2024-04-23 22:43:05,768][root][INFO] - Eval ndata: 41.000
[2024-04-23 22:43:05,768][root][INFO] - Model MSE (current real MPC): 0.353
[2024-04-23 22:43:06,877][root][INFO] - Model MSE (random test set): 0.021
[2024-04-23 22:43:06,877][root][INFO] - Model MSE (GT MPC): 0.002
[2024-04-23 22:43:06,877][root][INFO] - Model Likelihood (random test set): -3.731
[2024-04-23 22:43:06,877][root][INFO] - Model Likelihood (GT MPC): -3.693
[2024-04-23 22:43:06,877][root][INFO] - *[TIME] [Evaluate the current MPC policy] Elapsed: 8.29 seconds
[2024-04-23 22:43:11,520][root][INFO] - x: [ 0.00769     0.04530578 -0.05643645  0.00778509  0.2560808 ]
[2024-04-23 22:43:11,520][root][INFO] - y: [0.00453058 0.02948478 0.00619519 0.01170276]
[2024-04-23 22:43:11,521][root][INFO] - Reward: -0.006648340305998701
[2024-04-23 22:43:13,572][root][INFO] - --------------- Start iteration i=41 ---------------
[2024-04-23 22:43:13,573][root][INFO] - Length of data.x: 42
[2024-04-23 22:43:13,573][root][INFO] - Length of data.y: 42
[2024-04-23 22:43:13,699][root][INFO] - x: [ 0.01222058  0.07479057 -0.05024127  0.01948785 -0.01957134]
[2024-04-23 22:43:13,700][root][INFO] - y: [ 0.00747906 -0.0131891   0.01550795 -0.02846052]
[2024-04-23 22:43:13,700][root][INFO] - Reward: -0.1295694680733308
[2024-04-23 22:43:13,700][root][INFO] - --------------- Start iteration i=42 ---------------
[2024-04-23 22:43:13,701][root][INFO] - Length of data.x: 43
[2024-04-23 22:43:13,701][root][INFO] - Length of data.y: 43
[2024-04-23 22:43:13,829][root][INFO] - x: [ 0.01969964  0.06160146 -0.03473331 -0.00897267  0.24311284]
[2024-04-23 22:43:13,829][root][INFO] - y: [ 0.00616015  0.03132438 -0.00714023  0.02044396]
[2024-04-23 22:43:13,829][root][INFO] - Reward: -0.2282652957408905
[2024-04-23 22:43:13,830][root][INFO] - --------------- Start iteration i=43 ---------------
[2024-04-23 22:43:13,830][root][INFO] - Length of data.x: 44
[2024-04-23 22:43:13,830][root][INFO] - Length of data.y: 44
[2024-04-23 22:43:13,951][root][INFO] - x: [ 0.02585979  0.09292584 -0.04187354  0.01147129 -0.34383392]
[2024-04-23 22:43:13,952][root][INFO] - y: [ 0.00929258 -0.0634808   0.00912857 -0.07581325]
[2024-04-23 22:43:13,952][root][INFO] - Reward: -0.489549545416342
[2024-04-23 22:43:13,953][root][INFO] - --------------- Start iteration i=44 ---------------
[2024-04-23 22:43:13,953][root][INFO] - Length of data.x: 45
[2024-04-23 22:43:13,953][root][INFO] - Length of data.y: 45
[2024-04-23 22:43:14,080][root][INFO] - x: [ 0.03515237  0.02944504 -0.03274497 -0.06434196  0.23197392]
[2024-04-23 22:43:14,080][root][INFO] - y: [ 0.0029445   0.03106732 -0.05120174  0.02081893]
[2024-04-23 22:43:14,080][root][INFO] - Reward: -0.33426501338114345
[2024-04-23 22:43:14,081][root][INFO] - --------------- Start iteration i=45 ---------------
[2024-04-23 22:43:14,081][root][INFO] - Length of data.x: 46
[2024-04-23 22:43:14,081][root][INFO] - Length of data.y: 46
[2024-04-23 22:43:14,207][root][INFO] - x: [ 0.03809687  0.06051236 -0.08394672 -0.04352303 -0.39084196]
[2024-04-23 22:43:14,207][root][INFO] - y: [ 0.00605124 -0.07455082 -0.03463455 -0.097572  ]
[2024-04-23 22:43:14,207][root][INFO] - Reward: -0.33749130064994215
[2024-04-23 22:43:14,208][root][INFO] - --------------- Start iteration i=46 ---------------
[2024-04-23 22:43:14,208][root][INFO] - Length of data.x: 47
[2024-04-23 22:43:14,208][root][INFO] - Length of data.y: 47
[2024-04-23 22:43:14,333][root][INFO] - x: [ 0.04414811 -0.01403845 -0.11858127 -0.14109502 -0.54063209]
[2024-04-23 22:43:14,334][root][INFO] - y: [-0.00140385 -0.08835867 -0.11227994 -0.11804048]
[2024-04-23 22:43:14,334][root][INFO] - Reward: -0.17251274761656377
[2024-04-23 22:43:14,335][root][INFO] - --------------- Start iteration i=47 ---------------
[2024-04-23 22:43:14,335][root][INFO] - Length of data.x: 48
[2024-04-23 22:43:14,335][root][INFO] - Length of data.y: 48
[2024-04-23 22:43:14,458][root][INFO] - x: [ 0.04274426 -0.10239713 -0.23086121 -0.2591355  -0.08286986]
[2024-04-23 22:43:14,458][root][INFO] - y: [-0.01023971  0.02052823 -0.20621365 -0.04977817]
[2024-04-23 22:43:14,459][root][INFO] - Reward: -0.9105704148348562
[2024-04-23 22:43:14,459][root][INFO] - --------------- Start iteration i=48 ---------------
[2024-04-23 22:43:14,460][root][INFO] - Length of data.x: 49
[2024-04-23 22:43:14,460][root][INFO] - Length of data.y: 49
[2024-04-23 22:43:14,584][root][INFO] - x: [ 0.03250455 -0.0818689  -0.43707486 -0.30891367 -0.61102327]
[2024-04-23 22:43:14,585][root][INFO] - y: [-0.00818689  0.02064438 -0.24582589 -0.09223284]
[2024-04-23 22:43:14,585][root][INFO] - Reward: -0.9993912010500682
[2024-04-23 22:43:14,586][root][INFO] - --------------- Start iteration i=49 ---------------
[2024-04-23 22:43:14,586][root][INFO] - Length of data.x: 50
[2024-04-23 22:43:14,586][root][INFO] - Length of data.y: 50
[2024-04-23 22:43:14,721][root][INFO] - x: [ 0.02431766 -0.06122452 -0.68290075 -0.40114651 -0.26657229]
[2024-04-23 22:43:14,722][root][INFO] - y: [-0.00612245  0.13201289 -0.31922251 -0.1541788 ]
[2024-04-23 22:43:14,722][root][INFO] - Reward: -0.9999924682270513
[2024-04-23 22:43:14,722][root][INFO] - Explore episode complete with return -15.006165619623753, resetting
[2024-04-23 22:43:14,722][root][INFO] - Exploration Episode Rewards: [-0.9999900717679949, -0.9999911392062115, -0.9999954320520147, -0.9999983824705521, -0.9999991006333562, -0.9999995560085426, -0.9999973819877936, -0.9995343139869102, -0.9786299527874226, -0.8349938085068331, -0.47809296635193954, -0.08848416112066693, -0.005720663104568646, -0.005109840600493132, -0.007373053742264157, -0.006648340305998701, -0.1295694680733308, -0.2282652957408905, -0.489549545416342, -0.33426501338114345, -0.33749130064994215, -0.17251274761656377, -0.9105704148348562, -0.9993912010500682, -0.9999924682270513]
[2024-04-23 22:43:14,723][root][INFO] - --------------- Start iteration i=50 ---------------
[2024-04-23 22:43:14,723][root][INFO] - Length of data.x: 51
[2024-04-23 22:43:14,723][root][INFO] - Length of data.y: 51
[2024-04-23 22:43:22,480][root][INFO] - Eval Returns: [-10.6891279  -12.56964553 -12.9429508  -11.9114258  -17.27583877]
[2024-04-23 22:43:22,484][root][INFO] - Eval Returns: mean=-13.078 std=2.235
[2024-04-23 22:43:22,484][root][INFO] - Eval ndata: 51.000
[2024-04-23 22:43:22,484][root][INFO] - Model MSE (current real MPC): 0.353
[2024-04-23 22:43:23,641][root][INFO] - Model MSE (random test set): 0.021
[2024-04-23 22:43:23,641][root][INFO] - Model MSE (GT MPC): 0.002
[2024-04-23 22:43:23,641][root][INFO] - Model Likelihood (random test set): -3.731
[2024-04-23 22:43:23,641][root][INFO] - Model Likelihood (GT MPC): -3.691
[2024-04-23 22:43:23,641][root][INFO] - *[TIME] [Evaluate the current MPC policy] Elapsed: 8.79 seconds
