[2024-04-23 17:28:09,210][root][INFO] - Dumper dumping to /tirl/experiments/mpc_frozencartpole_2024-04-23/17-27-52/seed_4
[2024-04-23 17:28:09,225][root][INFO] - Start obs: None
[2024-04-23 17:28:35,768][root][INFO] - GT Returns: [-10.68991316 -10.71469892 -11.3526079  -11.48334533 -10.72866053]
[2024-04-23 17:28:35,768][root][INFO] - GT Returns: mean=-10.994 std=0.349
[2024-04-23 17:28:35,769][root][INFO] - Path Lengths: [36345, 36345, 36345, 36345, 36345]
[2024-04-23 17:28:35,769][root][INFO] - Path Lengths: mean=36345.000 std=0.000
[2024-04-23 17:28:35,829][root][INFO] - all_x.shape = (181725, 5)
[2024-04-23 17:28:35,834][root][INFO] - all_x.min(axis=0) = [-0.59611303 -0.94431041 -0.99997007 -0.81120596 -1.        ]
[2024-04-23 17:28:35,839][root][INFO] - all_x.max(axis=0) = [0.83686267 1.40526274 0.9999817  0.88504052 1.        ]
[2024-04-23 17:28:35,842][root][INFO] - all_x.mean(axis=0) = [-0.00844595  0.00480689  0.00117646 -0.00262581  0.02206445]
[2024-04-23 17:28:35,850][root][INFO] - all_x.var(axis=0) = [0.00621266 0.02876129 0.23837947 0.0730938  0.22907685]
[2024-04-23 17:28:35,899][root][INFO] - --------------- Start iteration i=0 ---------------
[2024-04-23 17:28:35,900][root][INFO] - Length of data.x: 301
[2024-04-23 17:28:35,900][root][INFO] - Length of data.y: 301
[2024-04-23 17:29:02,756][root][INFO] - Eval Returns: [-19.01769971 -21.75569409 -19.11967725 -13.27400743 -14.57096721]
[2024-04-23 17:29:02,764][root][INFO] - Eval Returns: mean=-17.548 std=3.145
[2024-04-23 17:29:02,764][root][INFO] - Eval ndata: 301.000
[2024-04-23 17:29:02,765][root][INFO] - Model MSE (current real MPC): 0.353
[2024-04-23 17:29:04,295][root][INFO] - Model MSE (random test set): 0.003
[2024-04-23 17:29:04,296][root][INFO] - Model MSE (GT MPC): 0.001
[2024-04-23 17:29:04,296][root][INFO] - Model Likelihood (random test set): -3.733
[2024-04-23 17:29:04,296][root][INFO] - Model Likelihood (GT MPC): -3.798
[2024-04-23 17:29:04,297][root][INFO] - *[TIME] [Evaluate the current MPC policy] Elapsed: 27.95 seconds
