[2024-04-23 19:52:55,449][root][INFO] - Dumper dumping to /tirl/experiments/mpc_frozencartpole_2024-04-23/19-52-39/seed_0
[2024-04-23 19:52:55,465][root][INFO] - Start obs: None
[2024-04-23 19:53:22,090][root][INFO] - GT Returns: [-10.98030797 -14.07798282 -15.40447353 -12.2577623  -10.45691048]
[2024-04-23 19:53:22,091][root][INFO] - GT Returns: mean=-12.635 std=1.864
[2024-04-23 19:53:22,091][root][INFO] - Path Lengths: [36345, 36345, 36345, 36345, 36345]
[2024-04-23 19:53:22,091][root][INFO] - Path Lengths: mean=36345.000 std=0.000
[2024-04-23 19:53:22,146][root][INFO] - all_x.shape = (181725, 5)
[2024-04-23 19:53:22,152][root][INFO] - all_x.min(axis=0) = [-0.61515575 -0.93646451 -0.999938   -0.82209768 -1.        ]
[2024-04-23 19:53:22,157][root][INFO] - all_x.max(axis=0) = [0.96036214 1.51509963 0.99998811 0.87948726 1.        ]
[2024-04-23 19:53:22,161][root][INFO] - all_x.mean(axis=0) = [ 0.00178419  0.00781161 -0.00297443 -0.0136611   0.01381134]
[2024-04-23 19:53:22,172][root][INFO] - all_x.var(axis=0) = [0.00736689 0.03317862 0.2402265  0.07811781 0.22527049]
[2024-04-23 19:53:22,224][root][INFO] - --------------- Start iteration i=0 ---------------
[2024-04-23 19:53:22,225][root][INFO] - Length of data.x: 301
[2024-04-23 19:53:22,225][root][INFO] - Length of data.y: 301
[2024-04-23 19:53:49,640][root][INFO] - Eval Returns: [-19.17238981 -17.38607252 -17.08606844 -13.88126046 -24.99121242]
[2024-04-23 19:53:49,647][root][INFO] - Eval Returns: mean=-18.503 std=3.665
[2024-04-23 19:53:49,647][root][INFO] - Eval ndata: 301.000
[2024-04-23 19:53:49,648][root][INFO] - Model MSE (current real MPC): 0.417
[2024-04-23 19:53:51,067][root][INFO] - Model MSE (random test set): 0.003
[2024-04-23 19:53:51,067][root][INFO] - Model MSE (GT MPC): 0.001
[2024-04-23 19:53:51,067][root][INFO] - Model Likelihood (random test set): -3.734
[2024-04-23 19:53:51,067][root][INFO] - Model Likelihood (GT MPC): -3.772
[2024-04-23 19:53:51,068][root][INFO] - *[TIME] [Evaluate the current MPC policy] Elapsed: 28.37 seconds
[2024-04-23 19:53:53,203][root][INFO] - x: [ 1.02831507e-03  3.01742841e-04  9.96141124e-01 -1.08678991e-03
  4.27998032e-01]
[2024-04-23 19:53:53,204][root][INFO] - y: [ 3.01742841e-05  6.77544922e-02 -8.64840632e-04 -6.65588124e-02]
[2024-04-23 19:53:53,204][root][INFO] - Reward: -0.9999900880557007
[2024-04-23 19:53:57,259][root][INFO] - --------------- Start iteration i=1 ---------------
[2024-04-23 19:53:57,259][root][INFO] - Length of data.x: 302
[2024-04-23 19:53:57,260][root][INFO] - Length of data.y: 302
[2024-04-23 19:53:57,676][root][INFO] - x: [ 0.00105849  0.06805624  0.99527628 -0.0676456   0.38539113]
[2024-04-23 19:53:57,676][root][INFO] - y: [ 0.00680562  0.05958954 -0.0538307  -0.05812549]
[2024-04-23 19:53:57,677][root][INFO] - Reward: -0.9999909286335537
[2024-04-23 19:53:57,679][root][INFO] - --------------- Start iteration i=2 ---------------
[2024-04-23 19:53:57,679][root][INFO] - Length of data.x: 303
[2024-04-23 19:53:57,680][root][INFO] - Length of data.y: 303
[2024-04-23 19:53:58,095][root][INFO] - x: [ 0.00786411  0.12764577  0.94144558 -0.1257711   0.15520674]
[2024-04-23 19:53:58,096][root][INFO] - y: [ 0.01276458  0.00770005 -0.10008554  0.01039268]
[2024-04-23 19:53:58,096][root][INFO] - Reward: -0.9999944758890318
[2024-04-23 19:53:58,099][root][INFO] - --------------- Start iteration i=3 ---------------
[2024-04-23 19:53:58,099][root][INFO] - Length of data.x: 304
[2024-04-23 19:53:58,099][root][INFO] - Length of data.y: 304
[2024-04-23 19:53:58,522][root][INFO] - x: [ 0.02062869  0.13534583  0.84136004 -0.11537841 -0.18323625]
[2024-04-23 19:53:58,522][root][INFO] - y: [ 0.01353458 -0.0578373  -0.0918153   0.09774203]
[2024-04-23 19:53:58,523][root][INFO] - Reward: -0.9999979201192428
[2024-04-23 19:53:58,525][root][INFO] - --------------- Start iteration i=4 ---------------
[2024-04-23 19:53:58,526][root][INFO] - Length of data.x: 305
[2024-04-23 19:53:58,526][root][INFO] - Length of data.y: 305
[2024-04-23 19:53:58,961][root][INFO] - x: [ 0.03416327  0.07750852  0.74954474 -0.01763638  0.08947297]
[2024-04-23 19:53:58,962][root][INFO] - y: [ 0.00775085 -0.01284899 -0.0140346   0.07860984]
[2024-04-23 19:53:58,962][root][INFO] - Reward: -0.9999991853915725
[2024-04-23 19:53:58,965][root][INFO] - --------------- Start iteration i=5 ---------------
[2024-04-23 19:53:58,965][root][INFO] - Length of data.x: 306
[2024-04-23 19:53:58,965][root][INFO] - Length of data.y: 306
[2024-04-23 19:53:59,418][root][INFO] - x: [ 0.04191413  0.06465954  0.73551015  0.06097346 -0.23197508]
[2024-04-23 19:53:59,418][root][INFO] - y: [ 0.00646595 -0.05395049  0.04852118  0.10889907]
[2024-04-23 19:53:59,419][root][INFO] - Reward: -0.9999997036584477
[2024-04-23 19:53:59,421][root][INFO] - --------------- Start iteration i=6 ---------------
[2024-04-23 19:53:59,421][root][INFO] - Length of data.x: 307
[2024-04-23 19:53:59,422][root][INFO] - Length of data.y: 307
[2024-04-23 19:53:59,865][root][INFO] - x: [ 0.04838008  0.01070905  0.78403132  0.16987253 -0.26525458]
[2024-04-23 19:53:59,866][root][INFO] - y: [ 0.00107091 -0.07972521  0.13518037  0.12369981]
[2024-04-23 19:53:59,867][root][INFO] - Reward: -0.9999994874099928
[2024-04-23 19:53:59,869][root][INFO] - --------------- Start iteration i=7 ---------------
[2024-04-23 19:53:59,869][root][INFO] - Length of data.x: 308
[2024-04-23 19:53:59,870][root][INFO] - Length of data.y: 308
[2024-04-23 19:54:00,308][root][INFO] - x: [ 0.04945098 -0.06901616  0.9192117   0.29357234 -0.28595205]
[2024-04-23 19:54:00,309][root][INFO] - y: [-0.00690162 -0.08809607  0.23361764  0.10993084]
[2024-04-23 19:54:00,309][root][INFO] - Reward: -0.9999704783760132
[2024-04-23 19:54:00,312][root][INFO] - --------------- Start iteration i=8 ---------------
[2024-04-23 19:54:00,312][root][INFO] - Length of data.x: 309
[2024-04-23 19:54:00,312][root][INFO] - Length of data.y: 309
[2024-04-23 19:54:00,743][root][INFO] - x: [ 0.04254937 -0.15711223 -0.84717067  0.40350319 -0.35889664]
[2024-04-23 19:54:00,743][root][INFO] - y: [-0.01571122  0.07272372  0.32109789 -0.10985923]
[2024-04-23 19:54:00,744][root][INFO] - Reward: -0.9855876763199066
[2024-04-23 19:54:00,746][root][INFO] - --------------- Start iteration i=9 ---------------
[2024-04-23 19:54:00,747][root][INFO] - Length of data.x: 310
[2024-04-23 19:54:00,747][root][INFO] - Length of data.y: 310
[2024-04-23 19:54:01,196][root][INFO] - x: [ 0.02683815 -0.0843885  -0.52607278  0.29364396 -0.03006143]
[2024-04-23 19:54:01,196][root][INFO] - y: [-0.00843885  0.08161201  0.23367463 -0.10454803]
[2024-04-23 19:54:01,197][root][INFO] - Reward: -0.6773142689364573
[2024-04-23 19:54:01,199][root][INFO] - --------------- Start iteration i=10 ---------------
[2024-04-23 19:54:01,199][root][INFO] - Length of data.x: 311
[2024-04-23 19:54:01,200][root][INFO] - Length of data.y: 311
[2024-04-23 19:54:30,183][root][INFO] - Eval Returns: [-20.44897865 -15.18820213 -11.10327522 -20.08130312 -20.42495389]
[2024-04-23 19:54:30,191][root][INFO] - Eval Returns: mean=-17.449 std=3.746
[2024-04-23 19:54:30,191][root][INFO] - Eval ndata: 311.000
[2024-04-23 19:54:30,191][root][INFO] - Model MSE (current real MPC): 0.385
[2024-04-23 19:54:31,642][root][INFO] - Model MSE (random test set): 0.003
[2024-04-23 19:54:31,643][root][INFO] - Model MSE (GT MPC): 0.001
[2024-04-23 19:54:31,643][root][INFO] - Model Likelihood (random test set): -3.735
[2024-04-23 19:54:31,643][root][INFO] - Model Likelihood (GT MPC): -3.773
[2024-04-23 19:54:31,644][root][INFO] - *[TIME] [Evaluate the current MPC policy] Elapsed: 30.00 seconds
[2024-04-23 19:54:35,901][root][INFO] - x: [ 0.0183993  -0.00277649 -0.29239815  0.18909593 -0.08960641]
[2024-04-23 19:54:35,902][root][INFO] - y: [-2.77649372e-04 -6.25989882e-05  1.50477879e-01 -7.80824181e-02]
[2024-04-23 19:54:35,902][root][INFO] - Reward: -0.0728125447709822
[2024-04-23 19:54:38,039][root][INFO] - --------------- Start iteration i=11 ---------------
[2024-04-23 19:54:38,040][root][INFO] - Length of data.x: 312
[2024-04-23 19:54:38,041][root][INFO] - Length of data.y: 312
[2024-04-23 19:54:38,536][root][INFO] - x: [ 0.01812165 -0.00283909 -0.14192027  0.11101351 -0.18589922]
[2024-04-23 19:54:38,537][root][INFO] - y: [-0.00028391 -0.04016907  0.08834182 -0.07858899]
[2024-04-23 19:54:38,537][root][INFO] - Reward: -0.04788883699587809
[2024-04-23 19:54:38,540][root][INFO] - --------------- Start iteration i=12 ---------------
[2024-04-23 19:54:38,540][root][INFO] - Length of data.x: 313
[2024-04-23 19:54:38,540][root][INFO] - Length of data.y: 313
[2024-04-23 19:54:38,982][root][INFO] - x: [ 0.01783774 -0.04300817 -0.05357845  0.03242452 -0.01971235]
[2024-04-23 19:54:38,982][root][INFO] - y: [-0.00430082 -0.01173528  0.02580263 -0.02802066]
[2024-04-23 19:54:38,983][root][INFO] - Reward: -0.05376021796374131
[2024-04-23 19:54:38,986][root][INFO] - --------------- Start iteration i=13 ---------------
[2024-04-23 19:54:38,986][root][INFO] - Length of data.x: 314
[2024-04-23 19:54:38,986][root][INFO] - Length of data.y: 314
[2024-04-23 19:54:39,437][root][INFO] - x: [ 0.01353692 -0.05474344 -0.02777582  0.00440386  0.01467594]
[2024-04-23 19:54:39,438][root][INFO] - y: [-0.00547434 -0.00188017  0.00350448 -0.0104311 ]
[2024-04-23 19:54:39,439][root][INFO] - Reward: -0.009731741299944696
[2024-04-23 19:54:39,441][root][INFO] - --------------- Start iteration i=14 ---------------
[2024-04-23 19:54:39,441][root][INFO] - Length of data.x: 315
[2024-04-23 19:54:39,442][root][INFO] - Length of data.y: 315
[2024-04-23 19:54:39,894][root][INFO] - x: [ 0.00806258 -0.05662361 -0.02427134 -0.00602724  0.17312108]
[2024-04-23 19:54:39,895][root][INFO] - y: [-0.00566236  0.02405047 -0.00479633  0.01650003]
[2024-04-23 19:54:39,896][root][INFO] - Reward: -0.007567510694150292
[2024-04-23 19:54:39,898][root][INFO] - --------------- Start iteration i=15 ---------------
[2024-04-23 19:54:39,898][root][INFO] - Length of data.x: 316
[2024-04-23 19:54:39,898][root][INFO] - Length of data.y: 316
[2024-04-23 19:54:40,356][root][INFO] - x: [ 0.00240021 -0.03257314 -0.02906767  0.01047279  0.03490743]
[2024-04-23 19:54:40,357][root][INFO] - y: [-0.00325731  0.0007669   0.00833399 -0.00819134]
[2024-04-23 19:54:40,357][root][INFO] - Reward: -0.017994515694954805
[2024-04-23 19:54:40,361][root][INFO] - --------------- Start iteration i=16 ---------------
[2024-04-23 19:54:40,362][root][INFO] - Length of data.x: 317
[2024-04-23 19:54:40,362][root][INFO] - Length of data.y: 317
[2024-04-23 19:54:40,922][root][INFO] - x: [-0.0008571  -0.03180624 -0.02073369  0.00228145  0.06845567]
[2024-04-23 19:54:40,923][root][INFO] - y: [-0.00318062  0.00215338  0.00181553 -0.0042431 ]
[2024-04-23 19:54:40,924][root][INFO] - Reward: -0.04518393611184246
[2024-04-23 19:54:40,927][root][INFO] - --------------- Start iteration i=17 ---------------
[2024-04-23 19:54:40,928][root][INFO] - Length of data.x: 318
[2024-04-23 19:54:40,928][root][INFO] - Length of data.y: 318
[2024-04-23 19:54:41,547][root][INFO] - x: [-0.00403772 -0.02965286 -0.01891816 -0.00196164  0.07009264]
[2024-04-23 19:54:41,548][root][INFO] - y: [-0.00296529  0.00258317 -0.00156103 -0.00325428]
[2024-04-23 19:54:41,548][root][INFO] - Reward: -0.09005768080309595
[2024-04-23 19:54:41,551][root][INFO] - --------------- Start iteration i=18 ---------------
[2024-04-23 19:54:41,551][root][INFO] - Length of data.x: 319
[2024-04-23 19:54:41,551][root][INFO] - Length of data.y: 319
[2024-04-23 19:54:42,170][root][INFO] - x: [-0.00700301 -0.02706969 -0.02047919 -0.00521592  0.03609118]
[2024-04-23 19:54:42,171][root][INFO] - y: [-0.00270697 -0.00045613 -0.0041507  -0.00676874]
[2024-04-23 19:54:42,171][root][INFO] - Reward: -0.15186641089726804
[2024-04-23 19:54:42,174][root][INFO] - --------------- Start iteration i=19 ---------------
[2024-04-23 19:54:42,175][root][INFO] - Length of data.x: 320
[2024-04-23 19:54:42,175][root][INFO] - Length of data.y: 320
[2024-04-23 19:54:42,679][root][INFO] - x: [-0.00970998 -0.02752582 -0.02462989 -0.01198467  0.27866433]
[2024-04-23 19:54:42,680][root][INFO] - y: [-0.00275258  0.01814429 -0.0095371   0.01049915]
[2024-04-23 19:54:42,680][root][INFO] - Reward: -0.2484193995436601
[2024-04-23 19:54:42,683][root][INFO] - --------------- Start iteration i=20 ---------------
[2024-04-23 19:54:42,683][root][INFO] - Length of data.x: 321
[2024-04-23 19:54:42,683][root][INFO] - Length of data.y: 321
[2024-04-23 19:55:12,338][root][INFO] - Eval Returns: [-17.25309315 -18.16230868 -21.3575509  -16.39980732 -10.58508221]
[2024-04-23 19:55:12,345][root][INFO] - Eval Returns: mean=-16.752 std=3.510
[2024-04-23 19:55:12,345][root][INFO] - Eval ndata: 321.000
[2024-04-23 19:55:12,345][root][INFO] - Model MSE (current real MPC): 0.353
