[2024-04-23 20:59:54,736][root][INFO] - Dumper dumping to /tirl/experiments/mpc_frozencartpole_2024-04-23/20-59-31/seed_1
[2024-04-23 20:59:54,763][root][INFO] - Start obs: None
[2024-04-23 21:00:43,016][root][INFO] - GT Returns: [-10.79640496 -14.368564   -11.32924358 -11.85587816 -13.82618533]
[2024-04-23 21:00:43,017][root][INFO] - GT Returns: mean=-12.435 std=1.408
[2024-04-23 21:00:43,017][root][INFO] - Path Lengths: [36345, 36345, 36345, 36345, 36345]
[2024-04-23 21:00:43,018][root][INFO] - Path Lengths: mean=36345.000 std=0.000
[2024-04-23 21:00:43,114][root][INFO] - all_x.shape = (181725, 5)
[2024-04-23 21:00:43,121][root][INFO] - all_x.min(axis=0) = [-0.59508986 -0.91526509 -0.99999202 -0.84857102 -1.        ]
[2024-04-23 21:00:43,128][root][INFO] - all_x.max(axis=0) = [0.85119738 1.35405095 0.99997355 0.83460359 1.        ]
[2024-04-23 21:00:43,133][root][INFO] - all_x.mean(axis=0) = [-0.01494277  0.0005843   0.00877513 -0.01076428  0.01411026]
[2024-04-23 21:00:43,145][root][INFO] - all_x.var(axis=0) = [0.00587866 0.02827908 0.25242637 0.07589001 0.24830733]
[2024-04-23 21:00:43,226][root][INFO] - --------------- Start iteration i=0 ---------------
[2024-04-23 21:00:43,227][root][INFO] - Length of data.x: 301
[2024-04-23 21:00:43,228][root][INFO] - Length of data.y: 301
[2024-04-23 21:01:27,988][root][INFO] - Eval Returns: [-13.16439411 -16.30246215 -19.93033731 -15.20726971 -20.87580216]
[2024-04-23 21:01:27,997][root][INFO] - Eval Returns: mean=-17.096 std=2.897
[2024-04-23 21:01:27,998][root][INFO] - Eval ndata: 301.000
[2024-04-23 21:01:27,999][root][INFO] - Model MSE (current real MPC): 0.385
[2024-04-23 21:01:29,928][root][INFO] - Model MSE (random test set): 0.003
[2024-04-23 21:01:29,929][root][INFO] - Model MSE (GT MPC): 0.001
[2024-04-23 21:01:29,930][root][INFO] - Model Likelihood (random test set): -3.726
[2024-04-23 21:01:29,930][root][INFO] - Model Likelihood (GT MPC): -3.792
[2024-04-23 21:01:29,931][root][INFO] - *[TIME] [Evaluate the current MPC policy] Elapsed: 45.92 seconds
