[2024-04-19 19:47:36,187][root][INFO] - Dumper dumping to /trajectory-information-rl/experiments/mpc_cartpole_2024-04-19/19-47-30/seed_4
[2024-04-19 19:47:36,191][root][INFO] - Start obs: None
[2024-04-19 19:47:49,895][root][INFO] - GT Returns: [-12.01360889 -10.34299883 -12.5003922  -12.1609087  -11.41928963]
[2024-04-19 19:47:49,895][root][INFO] - GT Returns: mean=-11.687 std=0.758
[2024-04-19 19:47:49,895][root][INFO] - Path Lengths: [36345, 36345, 36345, 36345, 36345]
[2024-04-19 19:47:49,895][root][INFO] - Path Lengths: mean=36345.000 std=0.000
[2024-04-19 19:47:49,956][root][INFO] - all_x.shape = (181725, 5)
[2024-04-19 19:47:49,960][root][INFO] - all_x.min(axis=0) = [-0.91266033 -1.41721242 -0.99999687 -0.87063169 -1.        ]
[2024-04-19 19:47:49,965][root][INFO] - all_x.max(axis=0) = [1.03999168 1.42557129 0.99999535 0.88838707 1.        ]
[2024-04-19 19:47:49,967][root][INFO] - all_x.mean(axis=0) = [-0.00687597 -0.0107277   0.0089358   0.02922566 -0.01117439]
[2024-04-19 19:47:49,975][root][INFO] - all_x.var(axis=0) = [0.01214251 0.05251402 0.24956726 0.08983947 0.21538572]
[2024-04-19 19:47:50,010][root][INFO] - --------------- Start iteration i=0 ---------------
[2024-04-19 19:47:50,010][root][INFO] - Length of data.x: 1
[2024-04-19 19:47:50,010][root][INFO] - Length of data.y: 1
[2024-04-19 19:47:55,354][root][INFO] - Eval Returns: [-24.99638926 -24.99998273 -24.99997824 -24.9999825  -24.99998312]
[2024-04-19 19:47:55,359][root][INFO] - Eval Returns: mean=-24.999 std=0.001
[2024-04-19 19:47:55,359][root][INFO] - Eval ndata: 1.000
[2024-04-19 19:47:55,359][root][INFO] - Model MSE (current real MPC): 0.453
[2024-04-19 19:47:56,361][root][INFO] - Model MSE (random test set): 0.497
[2024-04-19 19:47:56,361][root][INFO] - Model MSE (GT MPC): 0.179
[2024-04-19 19:47:56,361][root][INFO] - Model Likelihood (random test set): -4.163
[2024-04-19 19:47:56,361][root][INFO] - Model Likelihood (GT MPC): -3.977
[2024-04-19 19:47:56,361][root][INFO] - *[TIME] [Evaluate the current MPC policy] Elapsed: 6.16 seconds
[2024-04-19 19:47:58,314][root][INFO] - x: [-2.88371237e-03  3.54251644e-03  9.98427077e-01 -5.92430827e-04
 -1.00000000e+00]
[2024-04-19 19:47:58,314][root][INFO] - y: [ 0.00035425 -0.16034563 -0.00047144  0.16082917]
[2024-04-19 19:47:58,314][root][INFO] - Reward: -0.999990104589196
[2024-04-19 19:47:59,821][root][INFO] - --------------- Start iteration i=1 ---------------
[2024-04-19 19:47:59,821][root][INFO] - Length of data.x: 2
[2024-04-19 19:47:59,821][root][INFO] - Length of data.y: 2
[2024-04-19 19:48:00,051][root][INFO] - x: [-0.00252946 -0.15680311  0.99795564  0.16023674  0.99700753]
[2024-04-19 19:48:00,051][root][INFO] - y: [-0.01568031  0.16140005  0.12751245 -0.16076578]
[2024-04-19 19:48:00,051][root][INFO] - Reward: -0.9999939468515167
[2024-04-19 19:48:00,052][root][INFO] - --------------- Start iteration i=2 ---------------
[2024-04-19 19:48:00,052][root][INFO] - Length of data.x: 3
[2024-04-19 19:48:00,052][root][INFO] - Length of data.y: 3
[2024-04-19 19:48:00,201][root][INFO] - x: [-1.82097719e-02  4.59693700e-03 -8.74531918e-01 -5.29039915e-04
  8.14455517e-01]
[2024-04-19 19:48:00,201][root][INFO] - y: [ 0.00045969  0.1388452  -0.000421   -0.16591093]
[2024-04-19 19:48:00,201][root][INFO] - Reward: -0.999993766665383
[2024-04-19 19:48:00,202][root][INFO] - --------------- Start iteration i=3 ---------------
[2024-04-19 19:48:00,202][root][INFO] - Length of data.x: 4
[2024-04-19 19:48:00,202][root][INFO] - Length of data.y: 4
[2024-04-19 19:48:00,352][root][INFO] - x: [-0.01775008  0.14344214 -0.87495291 -0.16643997  0.20271471]
[2024-04-19 19:48:00,352][root][INFO] - y: [ 0.01434421  0.06147855 -0.13244883 -0.09438837]
[2024-04-19 19:48:00,352][root][INFO] - Reward: -0.9999900716803436
[2024-04-19 19:48:00,353][root][INFO] - --------------- Start iteration i=4 ---------------
[2024-04-19 19:48:00,353][root][INFO] - Length of data.x: 5
[2024-04-19 19:48:00,353][root][INFO] - Length of data.y: 5
[2024-04-19 19:48:00,503][root][INFO] - x: [-0.00340586  0.20492068  0.99259826 -0.26082835 -0.96965726]
[2024-04-19 19:48:00,503][root][INFO] - y: [ 0.02049207 -0.16211401 -0.20756077  0.16435368]
[2024-04-19 19:48:00,503][root][INFO] - Reward: -0.999990017418166
[2024-04-19 19:48:00,504][root][INFO] - --------------- Start iteration i=5 ---------------
[2024-04-19 19:48:00,504][root][INFO] - Length of data.x: 6
[2024-04-19 19:48:00,504][root][INFO] - Length of data.y: 6
[2024-04-19 19:48:00,655][root][INFO] - x: [ 0.0170862   0.04280668  0.78503749 -0.09647467  0.89337796]
[2024-04-19 19:48:00,656][root][INFO] - y: [ 0.00428067  0.08487621 -0.07677216 -0.00485617]
[2024-04-19 19:48:00,656][root][INFO] - Reward: -0.9999871005611891
[2024-04-19 19:48:00,656][root][INFO] - --------------- Start iteration i=6 ---------------
[2024-04-19 19:48:00,656][root][INFO] - Length of data.x: 7
[2024-04-19 19:48:00,656][root][INFO] - Length of data.y: 7
[2024-04-19 19:48:00,808][root][INFO] - x: [ 0.02136687  0.12768289  0.70826532 -0.10133083 -0.74119957]
[2024-04-19 19:48:00,808][root][INFO] - y: [ 0.01276829 -0.11707967 -0.08063658  0.14917375]
[2024-04-19 19:48:00,808][root][INFO] - Reward: -0.9999935881360934
[2024-04-19 19:48:00,809][root][INFO] - --------------- Start iteration i=7 ---------------
[2024-04-19 19:48:00,809][root][INFO] - Length of data.x: 8
[2024-04-19 19:48:00,809][root][INFO] - Length of data.y: 8
[2024-04-19 19:48:00,961][root][INFO] - x: [ 0.03413516  0.01060323  0.62762875  0.04784292 -0.57329588]
[2024-04-19 19:48:00,961][root][INFO] - y: [ 0.00106032 -0.07704534  0.03807221  0.12048228]
[2024-04-19 19:48:00,961][root][INFO] - Reward: -0.9999964445695916
[2024-04-19 19:48:00,962][root][INFO] - --------------- Start iteration i=8 ---------------
[2024-04-19 19:48:00,962][root][INFO] - Length of data.x: 9
[2024-04-19 19:48:00,962][root][INFO] - Length of data.y: 9
[2024-04-19 19:48:01,114][root][INFO] - x: [ 0.03519548 -0.06644211  0.66570096  0.1683252  -0.22719934]
[2024-04-19 19:48:01,114][root][INFO] - y: [-0.00664421 -0.06722528  0.13394905  0.11862811]
[2024-04-19 19:48:01,114][root][INFO] - Reward: -0.9999968930249815
[2024-04-19 19:48:01,115][root][INFO] - --------------- Start iteration i=9 ---------------
[2024-04-19 19:48:01,115][root][INFO] - Length of data.x: 10
[2024-04-19 19:48:01,115][root][INFO] - Length of data.y: 10
[2024-04-19 19:48:01,268][root][INFO] - x: [ 0.02855127 -0.13366739  0.79965001  0.2869533  -0.93381144]
[2024-04-19 19:48:01,268][root][INFO] - y: [-0.01336674 -0.20532637  0.22835037  0.22378747]
[2024-04-19 19:48:01,268][root][INFO] - Reward: -0.9999904035420069
[2024-04-19 19:48:01,269][root][INFO] - --------------- Start iteration i=10 ---------------
[2024-04-19 19:48:01,269][root][INFO] - Length of data.x: 11
[2024-04-19 19:48:01,269][root][INFO] - Length of data.y: 11
[2024-04-19 19:48:07,142][root][INFO] - Eval Returns: [-24.983027   -24.54041441 -24.85927365 -23.37249645 -24.88442141]
[2024-04-19 19:48:07,147][root][INFO] - Eval Returns: mean=-24.528 std=0.597
[2024-04-19 19:48:07,147][root][INFO] - Eval ndata: 11.000
[2024-04-19 19:48:07,147][root][INFO] - Model MSE (current real MPC): 0.602
[2024-04-19 19:48:08,198][root][INFO] - Model MSE (random test set): 0.156
[2024-04-19 19:48:08,198][root][INFO] - Model MSE (GT MPC): 0.024
[2024-04-19 19:48:08,198][root][INFO] - Model Likelihood (random test set): -3.795
[2024-04-19 19:48:08,198][root][INFO] - Model Likelihood (GT MPC): -3.701
[2024-04-19 19:48:08,198][root][INFO] - *[TIME] [Evaluate the current MPC policy] Elapsed: 6.78 seconds
[2024-04-19 19:48:10,612][root][INFO] - x: [ 0.01518453 -0.33899376 -0.97199963  0.51074077 -1.        ]
[2024-04-19 19:48:10,612][root][INFO] - y: [-0.03389938 -0.11451319  0.40643492  0.10544305]
[2024-04-19 19:48:10,613][root][INFO] - Reward: -0.999873705613185
[2024-04-19 19:48:11,665][root][INFO] - --------------- Start iteration i=11 ---------------
[2024-04-19 19:48:11,666][root][INFO] - Length of data.x: 12
[2024-04-19 19:48:11,666][root][INFO] - Length of data.y: 12
[2024-04-19 19:48:11,854][root][INFO] - x: [-0.01871484 -0.45350694 -0.56556471  0.61618382  1.        ]
[2024-04-19 19:48:11,854][root][INFO] - y: [-0.04535069  0.46767151  0.4903439  -0.19177371]
[2024-04-19 19:48:11,854][root][INFO] - Reward: -0.9924295401022192
[2024-04-19 19:48:11,855][root][INFO] - --------------- Start iteration i=12 ---------------
[2024-04-19 19:48:11,855][root][INFO] - Length of data.x: 13
[2024-04-19 19:48:11,855][root][INFO] - Length of data.y: 13
[2024-04-19 19:48:12,186][root][INFO] - x: [-0.06406554  0.01416457 -0.07522081  0.42441011  0.54056366]
[2024-04-19 19:48:12,187][root][INFO] - y: [0.00141646 0.13177472 0.33773511 0.10512187]
[2024-04-19 19:48:12,187][root][INFO] - Reward: -0.436504281431483
[2024-04-19 19:48:12,187][root][INFO] - --------------- Start iteration i=13 ---------------
[2024-04-19 19:48:12,188][root][INFO] - Length of data.x: 14
[2024-04-19 19:48:12,188][root][INFO] - Length of data.y: 14
[2024-04-19 19:48:12,345][root][INFO] - x: [-0.06264908  0.14593929  0.2625143   0.52953198 -0.98279916]
[2024-04-19 19:48:12,345][root][INFO] - y: [ 0.01459393 -0.331746    0.4213885  -0.15306523]
[2024-04-19 19:48:12,345][root][INFO] - Reward: -0.9989807114785307
[2024-04-19 19:48:12,346][root][INFO] - --------------- Start iteration i=14 ---------------
[2024-04-19 19:48:12,346][root][INFO] - Length of data.x: 15
[2024-04-19 19:48:12,346][root][INFO] - Length of data.y: 15
[2024-04-19 19:48:12,501][root][INFO] - x: [-0.04805515 -0.18580671  0.6839028   0.37646675  0.13465697]
[2024-04-19 19:48:12,501][root][INFO] - y: [-0.01858067 -0.12703657  0.29958296  0.15164112]
[2024-04-19 19:48:12,502][root][INFO] - Reward: -0.9999996003845961
[2024-04-19 19:48:12,502][root][INFO] - --------------- Start iteration i=15 ---------------
[2024-04-19 19:48:12,502][root][INFO] - Length of data.x: 16
[2024-04-19 19:48:12,502][root][INFO] - Length of data.y: 16
[2024-04-19 19:48:12,658][root][INFO] - x: [-0.06663582 -0.31284328  0.98348576  0.52810787  0.60250755]
[2024-04-19 19:48:12,659][root][INFO] - y: [-0.03128433  0.07653614  0.42025523 -0.07134047]
[2024-04-19 19:48:12,659][root][INFO] - Reward: -0.9999999999665137
[2024-04-19 19:48:12,659][root][INFO] - --------------- Start iteration i=16 ---------------
[2024-04-19 19:48:12,659][root][INFO] - Length of data.x: 17
[2024-04-19 19:48:12,659][root][INFO] - Length of data.y: 17
[2024-04-19 19:48:12,816][root][INFO] - x: [-0.09792015 -0.23630714 -0.59625901  0.45676739  0.59270439]
[2024-04-19 19:48:12,816][root][INFO] - y: [-0.02363071  0.26772887  0.36348424 -0.17347819]
[2024-04-19 19:48:12,816][root][INFO] - Reward: -0.9999999993036646
[2024-04-19 19:48:12,817][root][INFO] - --------------- Start iteration i=17 ---------------
[2024-04-19 19:48:12,817][root][INFO] - Length of data.x: 18
[2024-04-19 19:48:12,817][root][INFO] - Length of data.y: 18
[2024-04-19 19:48:12,974][root][INFO] - x: [-0.12155086  0.03142173 -0.23277478  0.2832892   1.        ]
[2024-04-19 19:48:12,974][root][INFO] - y: [0.00314217 0.16614296 0.22543457 0.05808281]
[2024-04-19 19:48:12,974][root][INFO] - Reward: -0.9999896666100592
[2024-04-19 19:48:12,975][root][INFO] - --------------- Start iteration i=18 ---------------
[2024-04-19 19:48:12,975][root][INFO] - Length of data.x: 19
[2024-04-19 19:48:12,975][root][INFO] - Length of data.y: 19
[2024-04-19 19:48:13,133][root][INFO] - x: [-0.11840869  0.19756469 -0.00734021  0.34137201  0.99501006]
[2024-04-19 19:48:13,133][root][INFO] - y: [0.01975647 0.15866232 0.27165543 0.15635585]
[2024-04-19 19:48:13,133][root][INFO] - Reward: -0.930683341239489
[2024-04-19 19:48:13,134][root][INFO] - --------------- Start iteration i=19 ---------------
[2024-04-19 19:48:13,134][root][INFO] - Length of data.x: 20
[2024-04-19 19:48:13,134][root][INFO] - Length of data.y: 20
[2024-04-19 19:48:13,292][root][INFO] - x: [-0.09865222  0.35622701  0.26431522  0.49772786  0.74097865]
[2024-04-19 19:48:13,292][root][INFO] - y: [ 0.0356227  -0.09955929  0.39607957  0.00532642]
[2024-04-19 19:48:13,292][root][INFO] - Reward: -0.9983722482975256
[2024-04-19 19:48:13,293][root][INFO] - --------------- Start iteration i=20 ---------------
[2024-04-19 19:48:13,293][root][INFO] - Length of data.x: 21
[2024-04-19 19:48:13,293][root][INFO] - Length of data.y: 21
[2024-04-19 19:48:19,691][root][INFO] - Eval Returns: [-21.82859998 -24.32372033 -22.78606732 -22.47715183 -22.89225547]
[2024-04-19 19:48:19,696][root][INFO] - Eval Returns: mean=-22.862 std=0.820
[2024-04-19 19:48:19,696][root][INFO] - Eval ndata: 21.000
[2024-04-19 19:48:19,696][root][INFO] - Model MSE (current real MPC): 0.601
[2024-04-19 19:48:20,769][root][INFO] - Model MSE (random test set): 0.252
[2024-04-19 19:48:20,769][root][INFO] - Model MSE (GT MPC): 0.059
[2024-04-19 19:48:20,769][root][INFO] - Model Likelihood (random test set): -3.911
[2024-04-19 19:48:20,769][root][INFO] - Model Likelihood (GT MPC): -3.781
[2024-04-19 19:48:20,769][root][INFO] - *[TIME] [Evaluate the current MPC policy] Elapsed: 7.32 seconds
[2024-04-19 19:48:23,190][root][INFO] - x: [-0.06302952  0.25666772  0.66039479  0.50305429  0.13727162]
[2024-04-19 19:48:23,190][root][INFO] - y: [ 0.02566677 -0.23249554  0.4003182   0.19825249]
[2024-04-19 19:48:23,190][root][INFO] - Reward: -0.9999981720630168
[2024-04-19 19:48:24,297][root][INFO] - --------------- Start iteration i=21 ---------------
[2024-04-19 19:48:24,297][root][INFO] - Length of data.x: 22
[2024-04-19 19:48:24,298][root][INFO] - Length of data.y: 22
[2024-04-19 19:48:24,484][root][INFO] - x: [-0.03736275  0.02417218 -0.93928701  0.70130678 -0.77533597]
[2024-04-19 19:48:24,484][root][INFO] - y: [ 0.00241722  0.02583462  0.55808265 -0.04398319]
[2024-04-19 19:48:24,484][root][INFO] - Reward: -0.9995738264298399
[2024-04-19 19:48:24,485][root][INFO] - --------------- Start iteration i=22 ---------------
[2024-04-19 19:48:24,485][root][INFO] - Length of data.x: 23
[2024-04-19 19:48:24,485][root][INFO] - Length of data.y: 23
[2024-04-19 19:48:24,706][root][INFO] - x: [-0.03494553  0.0500068  -0.38120435  0.65732359 -0.37201943]
[2024-04-19 19:48:24,706][root][INFO] - y: [0.00500068 0.34413693 0.52308192 0.03403389]
[2024-04-19 19:48:24,706][root][INFO] - Reward: -0.03997566546416609
[2024-04-19 19:48:24,707][root][INFO] - --------------- Start iteration i=23 ---------------
[2024-04-19 19:48:24,707][root][INFO] - Length of data.x: 24
[2024-04-19 19:48:24,707][root][INFO] - Length of data.y: 24
[2024-04-19 19:48:24,870][root][INFO] - x: [-0.02994485  0.39414373  0.14187756  0.69135748 -1.        ]
[2024-04-19 19:48:24,871][root][INFO] - y: [ 0.03941437 -0.40708114  0.55016524 -0.32497445]
[2024-04-19 19:48:24,871][root][INFO] - Reward: -0.999947169399206
[2024-04-19 19:48:24,872][root][INFO] - --------------- Start iteration i=24 ---------------
[2024-04-19 19:48:24,872][root][INFO] - Length of data.x: 25
[2024-04-19 19:48:24,872][root][INFO] - Length of data.y: 25
[2024-04-19 19:48:25,032][root][INFO] - x: [ 0.00946952 -0.01293741  0.6920428   0.36638303  0.47594195]
[2024-04-19 19:48:25,032][root][INFO] - y: [-0.00129374 -0.08314856  0.29155859  0.12804019]
[2024-04-19 19:48:25,032][root][INFO] - Reward: -0.9999908910308267
[2024-04-19 19:48:25,032][root][INFO] - Explore episode complete with return -23.39624115585279, resetting
[2024-04-19 19:48:25,032][root][INFO] - Exploration Episode Rewards: [-0.999990104589196, -0.9999939468515167, -0.999993766665383, -0.9999900716803436, -0.999990017418166, -0.9999871005611891, -0.9999935881360934, -0.9999964445695916, -0.9999968930249815, -0.9999904035420069, -0.999873705613185, -0.9924295401022192, -0.436504281431483, -0.9989807114785307, -0.9999996003845961, -0.9999999999665137, -0.9999999993036646, -0.9999896666100592, -0.930683341239489, -0.9983722482975256, -0.9999981720630168, -0.9995738264298399, -0.03997566546416609, -0.999947169399206, -0.9999908910308267]
[2024-04-19 19:48:25,033][root][INFO] - --------------- Start iteration i=25 ---------------
[2024-04-19 19:48:25,033][root][INFO] - Length of data.x: 26
[2024-04-19 19:48:25,033][root][INFO] - Length of data.y: 26
[2024-04-19 19:48:25,194][root][INFO] - x: [ 5.56979449e-04 -2.61280006e-03  9.98177120e-01 -5.42208017e-04
 -5.88513786e-01]
[2024-04-19 19:48:25,194][root][INFO] - y: [-0.00026128 -0.0944561  -0.00043148  0.09501717]
[2024-04-19 19:48:25,194][root][INFO] - Reward: -0.9999900717517656
[2024-04-19 19:48:25,195][root][INFO] - --------------- Start iteration i=26 ---------------
[2024-04-19 19:48:25,195][root][INFO] - Length of data.x: 27
[2024-04-19 19:48:25,195][root][INFO] - Length of data.y: 27
[2024-04-19 19:48:25,356][root][INFO] - x: [ 2.95699442e-04 -9.70689049e-02  9.97745644e-01  9.44749585e-02
  7.52760998e-01]
[2024-04-19 19:48:25,357][root][INFO] - y: [-0.00970689  0.12147893  0.07518084 -0.12078016]
[2024-04-19 19:48:25,357][root][INFO] - Reward: -0.999991241896511
[2024-04-19 19:48:25,357][root][INFO] - --------------- Start iteration i=27 ---------------
[2024-04-19 19:48:25,358][root][INFO] - Length of data.x: 28
[2024-04-19 19:48:25,358][root][INFO] - Length of data.y: 28
[2024-04-19 19:48:25,518][root][INFO] - x: [-0.00941119  0.02441002 -0.92707351 -0.0263052   0.48026399]
[2024-04-19 19:48:25,519][root][INFO] - y: [ 0.002441    0.0870258  -0.02093303 -0.10705383]
[2024-04-19 19:48:25,519][root][INFO] - Reward: -0.9999907511339758
[2024-04-19 19:48:25,519][root][INFO] - --------------- Start iteration i=28 ---------------
[2024-04-19 19:48:25,520][root][INFO] - Length of data.x: 29
[2024-04-19 19:48:25,520][root][INFO] - Length of data.y: 29
[2024-04-19 19:48:25,681][root][INFO] - x: [-0.00697019  0.11143582 -0.94800654 -0.13335903 -0.01072853]
[2024-04-19 19:48:25,682][root][INFO] - y: [ 0.01114358  0.01013187 -0.10612383 -0.02596622]
[2024-04-19 19:48:25,682][root][INFO] - Reward: -0.9999900570878554
[2024-04-19 19:48:25,683][root][INFO] - --------------- Start iteration i=29 ---------------
[2024-04-19 19:48:25,683][root][INFO] - Length of data.x: 30
[2024-04-19 19:48:25,683][root][INFO] - Length of data.y: 30
[2024-04-19 19:48:25,845][root][INFO] - x: [ 0.00417339  0.12156769  0.94586963 -0.15932524  0.2503681 ]
[2024-04-19 19:48:25,845][root][INFO] - y: [ 0.01215677  0.02147295 -0.1267871  -0.00454388]
[2024-04-19 19:48:25,845][root][INFO] - Reward: -0.9999914670330676
[2024-04-19 19:48:25,846][root][INFO] - --------------- Start iteration i=30 ---------------
[2024-04-19 19:48:25,846][root][INFO] - Length of data.x: 31
[2024-04-19 19:48:25,846][root][INFO] - Length of data.y: 31
[2024-04-19 19:48:32,721][root][INFO] - Eval Returns: [-23.3816441  -23.52860958 -20.76715151 -21.22553046 -21.52500986]
[2024-04-19 19:48:32,726][root][INFO] - Eval Returns: mean=-22.086 std=1.145
[2024-04-19 19:48:32,726][root][INFO] - Eval ndata: 31.000
[2024-04-19 19:48:32,726][root][INFO] - Model MSE (current real MPC): 0.470
[2024-04-19 19:48:33,803][root][INFO] - Model MSE (random test set): 0.217
[2024-04-19 19:48:33,803][root][INFO] - Model MSE (GT MPC): 0.068
[2024-04-19 19:48:33,803][root][INFO] - Model Likelihood (random test set): -3.924
[2024-04-19 19:48:33,803][root][INFO] - Model Likelihood (GT MPC): -3.832
[2024-04-19 19:48:33,803][root][INFO] - *[TIME] [Evaluate the current MPC policy] Elapsed: 7.79 seconds
[2024-04-19 19:48:36,443][root][INFO] - x: [ 0.01633016  0.14304064  0.81908253 -0.16386913 -0.30154293]
[2024-04-19 19:48:36,443][root][INFO] - y: [ 0.01430406 -0.08429176 -0.13040301  0.12389644]
[2024-04-19 19:48:36,443][root][INFO] - Reward: -0.9999948046915796
[2024-04-19 19:48:37,509][root][INFO] - --------------- Start iteration i=31 ---------------
[2024-04-19 19:48:37,509][root][INFO] - Length of data.x: 32
[2024-04-19 19:48:37,509][root][INFO] - Length of data.y: 32
[2024-04-19 19:48:37,688][root][INFO] - x: [ 0.03063423  0.05874888  0.68867951 -0.03997269  0.30353034]
[2024-04-19 19:48:37,689][root][INFO] - y: [ 0.00587489  0.01297949 -0.03180928  0.07419675]
[2024-04-19 19:48:37,689][root][INFO] - Reward: -0.9999967578165707
[2024-04-19 19:48:37,690][root][INFO] - --------------- Start iteration i=32 ---------------
[2024-04-19 19:48:37,690][root][INFO] - Length of data.x: 33
[2024-04-19 19:48:37,690][root][INFO] - Length of data.y: 33
[2024-04-19 19:48:37,860][root][INFO] - x: [0.03650911 0.07172837 0.65687023 0.03422406 0.07732778]
[2024-04-19 19:48:37,861][root][INFO] - y: [ 0.00717284 -0.01015332  0.02723467  0.09131805]
[2024-04-19 19:48:37,861][root][INFO] - Reward: -0.9999991229468252
[2024-04-19 19:48:37,862][root][INFO] - --------------- Start iteration i=33 ---------------
[2024-04-19 19:48:37,862][root][INFO] - Length of data.x: 34
[2024-04-19 19:48:37,862][root][INFO] - Length of data.y: 34
[2024-04-19 19:48:38,029][root][INFO] - x: [ 0.04368195  0.06157505  0.6841049   0.12554211 -0.03329716]
[2024-04-19 19:48:38,030][root][INFO] - y: [ 0.00615751 -0.03736172  0.09990332  0.10265215]
[2024-04-19 19:48:38,030][root][INFO] - Reward: -0.999999758008168
[2024-04-19 19:48:38,031][root][INFO] - --------------- Start iteration i=34 ---------------
[2024-04-19 19:48:38,031][root][INFO] - Length of data.x: 35
[2024-04-19 19:48:38,031][root][INFO] - Length of data.y: 35
[2024-04-19 19:48:38,195][root][INFO] - x: [ 0.04983946  0.02421333  0.78400822  0.22819426 -0.1012653 ]
[2024-04-19 19:48:38,195][root][INFO] - y: [ 0.00242133 -0.07635714  0.18159137  0.12107976]
[2024-04-19 19:48:38,195][root][INFO] - Reward: -0.9999993276623225
[2024-04-19 19:48:38,196][root][INFO] - --------------- Start iteration i=35 ---------------
[2024-04-19 19:48:38,196][root][INFO] - Length of data.x: 36
[2024-04-19 19:48:38,196][root][INFO] - Length of data.y: 36
[2024-04-19 19:48:38,361][root][INFO] - x: [ 0.05226079 -0.0521438   0.96559958  0.34927402 -0.20947092]
[2024-04-19 19:48:38,361][root][INFO] - y: [-0.00521438 -0.05833006  0.27794366  0.06858202]
[2024-04-19 19:48:38,361][root][INFO] - Reward: -0.9998078442038774
[2024-04-19 19:48:38,362][root][INFO] - --------------- Start iteration i=36 ---------------
[2024-04-19 19:48:38,362][root][INFO] - Length of data.x: 37
[2024-04-19 19:48:38,362][root][INFO] - Length of data.y: 37
[2024-04-19 19:48:38,528][root][INFO] - x: [ 0.04704641 -0.11047386 -0.75645676  0.41785604 -0.4489776 ]
[2024-04-19 19:48:38,528][root][INFO] - y: [-0.01104739  0.10930604  0.33251954 -0.14685802]
[2024-04-19 19:48:38,528][root][INFO] - Reward: -0.8745306415528198
[2024-04-19 19:48:38,529][root][INFO] - --------------- Start iteration i=37 ---------------
[2024-04-19 19:48:38,529][root][INFO] - Length of data.x: 38
[2024-04-19 19:48:38,529][root][INFO] - Length of data.y: 38
[2024-04-19 19:48:38,695][root][INFO] - x: [ 0.03599902 -0.00116782 -0.42393722  0.27099801 -0.49879087]
[2024-04-19 19:48:38,695][root][INFO] - y: [-1.16782076e-04  8.74127916e-03  2.15653542e-01 -9.33406410e-02]
[2024-04-19 19:48:38,695][root][INFO] - Reward: -0.11590821984779387
[2024-04-19 19:48:38,696][root][INFO] - --------------- Start iteration i=38 ---------------
[2024-04-19 19:48:38,696][root][INFO] - Length of data.x: 39
[2024-04-19 19:48:38,696][root][INFO] - Length of data.y: 39
[2024-04-19 19:48:38,862][root][INFO] - x: [ 0.03588224  0.00757346 -0.20828368  0.17765737 -0.3060283 ]
[2024-04-19 19:48:38,863][root][INFO] - y: [ 0.00075735 -0.03986427  0.14137536 -0.09139843]
[2024-04-19 19:48:38,863][root][INFO] - Reward: -0.3730121116875167
[2024-04-19 19:48:38,864][root][INFO] - --------------- Start iteration i=39 ---------------
[2024-04-19 19:48:38,864][root][INFO] - Length of data.x: 40
[2024-04-19 19:48:38,864][root][INFO] - Length of data.y: 40
[2024-04-19 19:48:39,031][root][INFO] - x: [ 0.03663959 -0.03229081 -0.06690832  0.08625895 -1.        ]
[2024-04-19 19:48:39,031][root][INFO] - y: [-0.00322908 -0.16487113  0.06864274 -0.18173207]
[2024-04-19 19:48:39,031][root][INFO] - Reward: -0.5977058049801702
[2024-04-19 19:48:39,032][root][INFO] - --------------- Start iteration i=40 ---------------
[2024-04-19 19:48:39,032][root][INFO] - Length of data.x: 41
[2024-04-19 19:48:39,032][root][INFO] - Length of data.y: 41
[2024-04-19 19:48:46,386][root][INFO] - Eval Returns: [-17.4436768  -16.55543881 -16.29756991 -16.78019609 -19.85770159]
[2024-04-19 19:48:46,391][root][INFO] - Eval Returns: mean=-17.387 std=1.293
[2024-04-19 19:48:46,391][root][INFO] - Eval ndata: 41.000
[2024-04-19 19:48:46,391][root][INFO] - Model MSE (current real MPC): 0.450
[2024-04-19 19:48:47,494][root][INFO] - Model MSE (random test set): 0.179
[2024-04-19 19:48:47,494][root][INFO] - Model MSE (GT MPC): 0.037
[2024-04-19 19:48:47,494][root][INFO] - Model Likelihood (random test set): -3.919
[2024-04-19 19:48:47,494][root][INFO] - Model Likelihood (GT MPC): -3.801
[2024-04-19 19:48:47,494][root][INFO] - *[TIME] [Evaluate the current MPC policy] Elapsed: 8.30 seconds
[2024-04-19 19:48:49,939][root][INFO] - x: [ 0.03341051 -0.19716194  0.00173442 -0.09547312  1.        ]
[2024-04-19 19:48:49,939][root][INFO] - y: [-0.01971619  0.16339822 -0.07597516  0.16393087]
[2024-04-19 19:48:49,939][root][INFO] - Reward: -0.0021330696742503097
[2024-04-19 19:48:51,077][root][INFO] - --------------- Start iteration i=41 ---------------
[2024-04-19 19:48:51,078][root][INFO] - Length of data.x: 42
[2024-04-19 19:48:51,078][root][INFO] - Length of data.y: 42
[2024-04-19 19:48:51,272][root][INFO] - x: [ 0.01369431 -0.03376372 -0.07424073  0.06845775  0.07356   ]
[2024-04-19 19:48:51,272][root][INFO] - y: [-0.00337637  0.0006641   0.05447699 -0.02205037]
[2024-04-19 19:48:51,272][root][INFO] - Reward: -0.034206719705452415
[2024-04-19 19:48:51,274][root][INFO] - --------------- Start iteration i=42 ---------------
[2024-04-19 19:48:51,274][root][INFO] - Length of data.x: 43
[2024-04-19 19:48:51,274][root][INFO] - Length of data.y: 43
[2024-04-19 19:48:51,445][root][INFO] - x: [ 0.01031794 -0.03309963 -0.01976374  0.04640738 -0.08054325]
[2024-04-19 19:48:51,445][root][INFO] - y: [-0.00330996 -0.01576937  0.03692985 -0.02183226]
[2024-04-19 19:48:51,446][root][INFO] - Reward: -0.08050184003289818
[2024-04-19 19:48:51,447][root][INFO] - --------------- Start iteration i=43 ---------------
[2024-04-19 19:48:51,447][root][INFO] - Length of data.x: 44
[2024-04-19 19:48:51,447][root][INFO] - Length of data.y: 44
[2024-04-19 19:48:51,616][root][INFO] - x: [ 0.00700798 -0.048869    0.0171661   0.02457511 -0.12146262]
[2024-04-19 19:48:51,617][root][INFO] - y: [-0.0048869  -0.01550259  0.01955627 -0.0101868 ]
[2024-04-19 19:48:51,617][root][INFO] - Reward: -0.06323910189339277
[2024-04-19 19:48:51,618][root][INFO] - --------------- Start iteration i=44 ---------------
[2024-04-19 19:48:51,618][root][INFO] - Length of data.x: 45
[2024-04-19 19:48:51,618][root][INFO] - Length of data.y: 45
[2024-04-19 19:48:51,786][root][INFO] - x: [ 0.00212108 -0.06437159  0.03672237  0.01438831 -0.23617659]
[2024-04-19 19:48:51,786][root][INFO] - y: [-0.00643716 -0.02981973  0.01144986 -0.01831761]
[2024-04-19 19:48:51,787][root][INFO] - Reward: -0.018105190563184825
[2024-04-19 19:48:51,788][root][INFO] - --------------- Start iteration i=45 ---------------
[2024-04-19 19:48:51,788][root][INFO] - Length of data.x: 46
[2024-04-19 19:48:51,788][root][INFO] - Length of data.y: 46
[2024-04-19 19:48:51,957][root][INFO] - x: [-0.00431608 -0.09419131  0.04817224 -0.0039293  -0.21908386]
[2024-04-19 19:48:51,957][root][INFO] - y: [-0.00941913 -0.02443534 -0.00312684 -0.00935138]
[2024-04-19 19:48:51,958][root][INFO] - Reward: -0.022276798257567454
[2024-04-19 19:48:51,959][root][INFO] - --------------- Start iteration i=46 ---------------
[2024-04-19 19:48:51,959][root][INFO] - Length of data.x: 47
[2024-04-19 19:48:51,959][root][INFO] - Length of data.y: 47
[2024-04-19 19:48:52,128][root][INFO] - x: [-0.01373521 -0.11862666  0.04504539 -0.01328069  0.24186334]
[2024-04-19 19:48:52,128][root][INFO] - y: [-0.01186267  0.04821056 -0.01056844  0.06157898]
[2024-04-19 19:48:52,128][root][INFO] - Reward: -0.2534618557227013
[2024-04-19 19:48:52,129][root][INFO] - --------------- Start iteration i=47 ---------------
[2024-04-19 19:48:52,129][root][INFO] - Length of data.x: 48
[2024-04-19 19:48:52,129][root][INFO] - Length of data.y: 48
[2024-04-19 19:48:52,299][root][INFO] - x: [-0.02559788 -0.0704161   0.03447695  0.04829829  0.08755235]
[2024-04-19 19:48:52,299][root][INFO] - y: [-0.00704161  0.02094192  0.03843459  0.0314347 ]
[2024-04-19 19:48:52,299][root][INFO] - Reward: -0.25266913865426766
[2024-04-19 19:48:52,300][root][INFO] - --------------- Start iteration i=48 ---------------
[2024-04-19 19:48:52,300][root][INFO] - Length of data.x: 49
[2024-04-19 19:48:52,300][root][INFO] - Length of data.y: 49
[2024-04-19 19:48:52,470][root][INFO] - x: [-0.03263949 -0.04947418  0.07291154  0.07973299 -0.19169663]
[2024-04-19 19:48:52,471][root][INFO] - y: [-0.00494742 -0.01844557  0.06344955  0.00433355]
[2024-04-19 19:48:52,471][root][INFO] - Reward: -0.140829339057164
[2024-04-19 19:48:52,472][root][INFO] - --------------- Start iteration i=49 ---------------
[2024-04-19 19:48:52,472][root][INFO] - Length of data.x: 50
[2024-04-19 19:48:52,472][root][INFO] - Length of data.y: 50
[2024-04-19 19:48:52,643][root][INFO] - x: [-0.03758691 -0.06791975  0.13636109  0.08406654  0.20970094]
[2024-04-19 19:48:52,643][root][INFO] - y: [-0.00679197  0.04757361  0.06689808  0.08406765]
[2024-04-19 19:48:52,643][root][INFO] - Reward: -0.15736066111613
[2024-04-19 19:48:52,643][root][INFO] - Explore episode complete with return -13.985691696977828, resetting
[2024-04-19 19:48:52,643][root][INFO] - Exploration Episode Rewards: [-0.9999900717517656, -0.999991241896511, -0.9999907511339758, -0.9999900570878554, -0.9999914670330676, -0.9999948046915796, -0.9999967578165707, -0.9999991229468252, -0.999999758008168, -0.9999993276623225, -0.9998078442038774, -0.8745306415528198, -0.11590821984779387, -0.3730121116875167, -0.5977058049801702, -0.0021330696742503097, -0.034206719705452415, -0.08050184003289818, -0.06323910189339277, -0.018105190563184825, -0.022276798257567454, -0.2534618557227013, -0.25266913865426766, -0.140829339057164, -0.15736066111613]
[2024-04-19 19:48:52,644][root][INFO] - --------------- Start iteration i=50 ---------------
[2024-04-19 19:48:52,644][root][INFO] - Length of data.x: 51
[2024-04-19 19:48:52,644][root][INFO] - Length of data.y: 51
[2024-04-19 19:49:00,532][root][INFO] - Eval Returns: [-15.86293309 -21.67525444 -16.15752096 -19.01678705 -12.0586065 ]
[2024-04-19 19:49:00,537][root][INFO] - Eval Returns: mean=-16.954 std=3.235
[2024-04-19 19:49:00,537][root][INFO] - Eval ndata: 51.000
[2024-04-19 19:49:00,537][root][INFO] - Model MSE (current real MPC): 0.422
[2024-04-19 19:49:01,622][root][INFO] - Model MSE (random test set): 0.067
[2024-04-19 19:49:01,622][root][INFO] - Model MSE (GT MPC): 0.009
[2024-04-19 19:49:01,622][root][INFO] - Model Likelihood (random test set): -3.799
[2024-04-19 19:49:01,622][root][INFO] - Model Likelihood (GT MPC): -3.715
[2024-04-19 19:49:01,622][root][INFO] - *[TIME] [Evaluate the current MPC policy] Elapsed: 8.81 seconds
[2024-04-19 19:49:04,224][root][INFO] - x: [-6.84459473e-04 -2.28528242e-03  9.96062430e-01  1.46011873e-03
  6.11705012e-01]
[2024-04-19 19:49:04,224][root][INFO] - y: [-0.00022853  0.09717147  0.00116193 -0.09594906]
[2024-04-19 19:49:04,225][root][INFO] - Reward: -0.9999900673498978
[2024-04-19 19:49:05,213][root][INFO] - --------------- Start iteration i=51 ---------------
[2024-04-19 19:49:05,213][root][INFO] - Length of data.x: 52
[2024-04-19 19:49:05,213][root][INFO] - Length of data.y: 52
[2024-04-19 19:49:05,409][root][INFO] - x: [-9.12987715e-04  9.48861906e-02  9.97224357e-01 -9.44889421e-02
  1.89931717e-01]
[2024-04-19 19:49:05,409][root][INFO] - y: [ 0.00948862  0.02823889 -0.07519197 -0.02738128]
[2024-04-19 19:49:05,410][root][INFO] - Reward: -0.9999908937014315
[2024-04-19 19:49:05,411][root][INFO] - --------------- Start iteration i=52 ---------------
[2024-04-19 19:49:05,411][root][INFO] - Length of data.x: 53
[2024-04-19 19:49:05,411][root][INFO] - Length of data.y: 53
[2024-04-19 19:49:05,585][root][INFO] - x: [ 0.00857563  0.12312508  0.92203239 -0.12187023  0.15378489]
[2024-04-19 19:49:05,585][root][INFO] - y: [ 0.01231251  0.00325631 -0.09698132  0.02065467]
[2024-04-19 19:49:05,586][root][INFO] - Reward: -0.999994260915091
[2024-04-19 19:49:05,587][root][INFO] - --------------- Start iteration i=53 ---------------
[2024-04-19 19:49:05,587][root][INFO] - Length of data.x: 54
[2024-04-19 19:49:05,587][root][INFO] - Length of data.y: 54
[2024-04-19 19:49:05,759][root][INFO] - x: [ 0.02088814  0.12638139  0.82505106 -0.10121556 -0.1077398 ]
[2024-04-19 19:49:05,760][root][INFO] - y: [ 0.01263814 -0.04600116 -0.08054485  0.09052234]
[2024-04-19 19:49:05,760][root][INFO] - Reward: -0.9999976848111701
[2024-04-19 19:49:05,761][root][INFO] - --------------- Start iteration i=54 ---------------
[2024-04-19 19:49:05,761][root][INFO] - Length of data.x: 55
[2024-04-19 19:49:05,761][root][INFO] - Length of data.y: 55
[2024-04-19 19:49:05,933][root][INFO] - x: [ 0.03352628  0.08038023  0.74450621 -0.01069322 -0.26352298]
[2024-04-19 19:49:05,933][root][INFO] - y: [ 0.00803802 -0.05572199 -0.0085094   0.10934151]
[2024-04-19 19:49:05,934][root][INFO] - Reward: -0.9999991472304
[2024-04-19 19:49:05,935][root][INFO] - --------------- Start iteration i=55 ---------------
[2024-04-19 19:49:05,935][root][INFO] - Length of data.x: 56
[2024-04-19 19:49:05,935][root][INFO] - Length of data.y: 56
[2024-04-19 19:49:06,107][root][INFO] - x: [ 0.0415643   0.02465825  0.73599682  0.09864829 -0.21318635]
[2024-04-19 19:49:06,108][root][INFO] - y: [ 0.00246582 -0.05625623  0.07850188  0.11041576]
[2024-04-19 19:49:06,108][root][INFO] - Reward: -0.9999994678857849
[2024-04-19 19:49:06,109][root][INFO] - --------------- Start iteration i=56 ---------------
[2024-04-19 19:49:06,109][root][INFO] - Length of data.x: 57
[2024-04-19 19:49:06,109][root][INFO] - Length of data.y: 57
[2024-04-19 19:49:06,283][root][INFO] - x: [ 0.04403013 -0.03159798  0.81449869  0.20906405 -0.28898518]
[2024-04-19 19:49:06,283][root][INFO] - y: [-0.0031598  -0.09214253  0.16636802  0.13097694]
[2024-04-19 19:49:06,283][root][INFO] - Reward: -0.9999979168140617
[2024-04-19 19:49:06,284][root][INFO] - --------------- Start iteration i=57 ---------------
[2024-04-19 19:49:06,284][root][INFO] - Length of data.x: 58
[2024-04-19 19:49:06,284][root][INFO] - Length of data.y: 58
[2024-04-19 19:49:06,458][root][INFO] - x: [ 0.04087033 -0.12374051  0.98086671  0.34004099 -0.38188686]
[2024-04-19 19:49:06,458][root][INFO] - y: [-0.01237405 -0.07291697  0.27059624  0.07868466]
[2024-04-19 19:49:06,459][root][INFO] - Reward: -0.999800666340608
[2024-04-19 19:49:06,460][root][INFO] - --------------- Start iteration i=58 ---------------
[2024-04-19 19:49:06,460][root][INFO] - Length of data.x: 59
[2024-04-19 19:49:06,460][root][INFO] - Length of data.y: 59
[2024-04-19 19:49:06,634][root][INFO] - x: [ 0.02849628 -0.19665748 -0.74853706  0.41872565 -0.01913465]
[2024-04-19 19:49:06,634][root][INFO] - y: [-0.01966575  0.1660811   0.33321155 -0.18665229]
[2024-04-19 19:49:06,634][root][INFO] - Reward: -0.9695063574212732
[2024-04-19 19:49:06,635][root][INFO] - --------------- Start iteration i=59 ---------------
[2024-04-19 19:49:06,635][root][INFO] - Length of data.x: 60
[2024-04-19 19:49:06,635][root][INFO] - Length of data.y: 60
[2024-04-19 19:49:06,810][root][INFO] - x: [ 0.00883053 -0.03057638 -0.4153255   0.23207336  0.1209692 ]
[2024-04-19 19:49:06,810][root][INFO] - y: [-0.00305764  0.05315589  0.18467826 -0.08077194]
[2024-04-19 19:49:06,810][root][INFO] - Reward: -0.6692629667304568
[2024-04-19 19:49:06,811][root][INFO] - --------------- Start iteration i=60 ---------------
[2024-04-19 19:49:06,812][root][INFO] - Length of data.x: 61
[2024-04-19 19:49:06,812][root][INFO] - Length of data.y: 61
[2024-04-19 19:49:15,154][root][INFO] - Eval Returns: [-17.96248066 -15.75565866 -19.3974517  -17.9179608  -10.66999502]
[2024-04-19 19:49:15,159][root][INFO] - Eval Returns: mean=-16.341 std=3.065
[2024-04-19 19:49:15,159][root][INFO] - Eval ndata: 61.000
[2024-04-19 19:49:15,159][root][INFO] - Model MSE (current real MPC): 0.389
[2024-04-19 19:49:16,278][root][INFO] - Model MSE (random test set): 0.052
[2024-04-19 19:49:16,279][root][INFO] - Model MSE (GT MPC): 0.007
[2024-04-19 19:49:16,279][root][INFO] - Model Likelihood (random test set): -3.776
[2024-04-19 19:49:16,279][root][INFO] - Model Likelihood (GT MPC): -3.704
[2024-04-19 19:49:16,279][root][INFO] - *[TIME] [Evaluate the current MPC policy] Elapsed: 9.29 seconds
[2024-04-19 19:49:18,920][root][INFO] - x: [ 0.00577289  0.02257952 -0.23064725  0.15130142  0.18909751]
[2024-04-19 19:49:18,920][root][INFO] - y: [ 0.00225795  0.01852819  0.12040194 -0.05121716]
[2024-04-19 19:49:18,920][root][INFO] - Reward: -0.12358413654302558
[2024-04-19 19:49:20,029][root][INFO] - --------------- Start iteration i=61 ---------------
[2024-04-19 19:49:20,029][root][INFO] - Length of data.x: 62
[2024-04-19 19:49:20,029][root][INFO] - Length of data.y: 62
[2024-04-19 19:49:20,223][root][INFO] - x: [ 0.00803084  0.04110771 -0.1102453   0.10008426 -0.10034595]
[2024-04-19 19:49:20,223][root][INFO] - y: [ 0.00411077 -0.02845837  0.07964459 -0.06010373]
[2024-04-19 19:49:20,224][root][INFO] - Reward: -0.032122193542538424
[2024-04-19 19:49:20,225][root][INFO] - --------------- Start iteration i=62 ---------------
[2024-04-19 19:49:20,225][root][INFO] - Length of data.x: 63
[2024-04-19 19:49:20,225][root][INFO] - Length of data.y: 63
[2024-04-19 19:49:20,417][root][INFO] - x: [ 0.01214161  0.01264934 -0.03060072  0.03998052 -0.13998802]
[2024-04-19 19:49:20,417][root][INFO] - y: [ 0.00126493 -0.02784583  0.03181552 -0.03714317]
[2024-04-19 19:49:20,417][root][INFO] - Reward: -0.13820872720772026
[2024-04-19 19:49:20,418][root][INFO] - --------------- Start iteration i=63 ---------------
[2024-04-19 19:49:20,418][root][INFO] - Length of data.x: 64
[2024-04-19 19:49:20,418][root][INFO] - Length of data.y: 64
[2024-04-19 19:49:20,596][root][INFO] - x: [ 0.01340655 -0.01519649  0.0012148   0.00283736 -0.05010942]
[2024-04-19 19:49:20,597][root][INFO] - y: [-0.00151965 -0.00754948  0.0022579  -0.00717466]
[2024-04-19 19:49:20,597][root][INFO] - Reward: -0.11823602221539498
[2024-04-19 19:49:20,598][root][INFO] - --------------- Start iteration i=64 ---------------
[2024-04-19 19:49:20,598][root][INFO] - Length of data.x: 65
[2024-04-19 19:49:20,598][root][INFO] - Length of data.y: 65
[2024-04-19 19:49:20,777][root][INFO] - x: [ 0.0118869  -0.02274598  0.0034727  -0.0043373  -0.0207278 ]
[2024-04-19 19:49:20,777][root][INFO] - y: [-0.0022746  -0.0023099  -0.00345152 -0.00123844]
[2024-04-19 19:49:20,778][root][INFO] - Reward: -0.0713083223886749
[2024-04-19 19:49:20,779][root][INFO] - --------------- Start iteration i=65 ---------------
[2024-04-19 19:49:20,779][root][INFO] - Length of data.x: 66
[2024-04-19 19:49:20,779][root][INFO] - Length of data.y: 66
[2024-04-19 19:49:20,958][root][INFO] - x: [ 9.61230172e-03 -2.50558774e-02  2.11774487e-05 -5.57574746e-03
 -1.30708438e-01]
[2024-04-19 19:49:20,958][root][INFO] - y: [-0.00250559 -0.02050854 -0.00443704 -0.02050201]
[2024-04-19 19:49:20,958][root][INFO] - Reward: -0.03100342904900988
[2024-04-19 19:49:20,960][root][INFO] - --------------- Start iteration i=66 ---------------
[2024-04-19 19:49:20,960][root][INFO] - Length of data.x: 67
[2024-04-19 19:49:20,960][root][INFO] - Length of data.y: 67
[2024-04-19 19:49:21,139][root][INFO] - x: [ 0.00710671 -0.04556442 -0.00441586 -0.02607775  0.23145679]
[2024-04-19 19:49:21,140][root][INFO] - y: [-0.00455644  0.03695472 -0.02075203  0.03558889]
[2024-04-19 19:49:21,140][root][INFO] - Reward: -0.0038534113805894776
[2024-04-19 19:49:21,141][root][INFO] - --------------- Start iteration i=67 ---------------
[2024-04-19 19:49:21,141][root][INFO] - Length of data.x: 68
[2024-04-19 19:49:21,141][root][INFO] - Length of data.y: 68
[2024-04-19 19:49:21,321][root][INFO] - x: [ 0.00255027 -0.0086097  -0.0251679   0.00951114 -0.01971386]
[2024-04-19 19:49:21,321][root][INFO] - y: [-0.00086097 -0.00761648  0.00756873 -0.015349  ]
[2024-04-19 19:49:21,322][root][INFO] - Reward: -0.002120536561532882
[2024-04-19 19:49:21,323][root][INFO] - --------------- Start iteration i=68 ---------------
[2024-04-19 19:49:21,323][root][INFO] - Length of data.x: 69
[2024-04-19 19:49:21,323][root][INFO] - Length of data.y: 69
[2024-04-19 19:49:21,504][root][INFO] - x: [ 0.0016893  -0.01622618 -0.01759917 -0.00583786  0.14329708]
[2024-04-19 19:49:21,504][root][INFO] - y: [-0.00162262  0.01990249 -0.00464563  0.01444543]
[2024-04-19 19:49:21,504][root][INFO] - Reward: -0.01352382030863708
[2024-04-19 19:49:21,505][root][INFO] - --------------- Start iteration i=69 ---------------
[2024-04-19 19:49:21,505][root][INFO] - Length of data.x: 70
[2024-04-19 19:49:21,506][root][INFO] - Length of data.y: 70
[2024-04-19 19:49:21,686][root][INFO] - x: [ 6.66842784e-05  3.67631233e-03 -2.22447942e-02  8.60756957e-03
 -1.19755882e-01]
[2024-04-19 19:49:21,687][root][INFO] - y: [ 0.00036763 -0.02324816  0.00684969 -0.03004844]
[2024-04-19 19:49:21,687][root][INFO] - Reward: -0.004858833134913643
[2024-04-19 19:49:21,688][root][INFO] - --------------- Start iteration i=70 ---------------
[2024-04-19 19:49:21,688][root][INFO] - Length of data.x: 71
[2024-04-19 19:49:21,688][root][INFO] - Length of data.y: 71
[2024-04-19 19:49:30,599][root][INFO] - Eval Returns: [-16.52022203 -10.19263841 -11.31422852 -13.68538109 -16.24399343]
[2024-04-19 19:49:30,604][root][INFO] - Eval Returns: mean=-13.591 std=2.544
[2024-04-19 19:49:30,604][root][INFO] - Eval ndata: 71.000
[2024-04-19 19:49:30,604][root][INFO] - Model MSE (current real MPC): 0.321
[2024-04-19 19:49:31,724][root][INFO] - Model MSE (random test set): 0.052
[2024-04-19 19:49:31,724][root][INFO] - Model MSE (GT MPC): 0.007
[2024-04-19 19:49:31,725][root][INFO] - Model Likelihood (random test set): -3.776
[2024-04-19 19:49:31,725][root][INFO] - Model Likelihood (GT MPC): -3.704
[2024-04-19 19:49:31,725][root][INFO] - *[TIME] [Evaluate the current MPC policy] Elapsed: 9.85 seconds
[2024-04-19 19:49:34,203][root][INFO] - x: [ 0.00043432 -0.01957185 -0.0153951  -0.02144087  0.17612451]
[2024-04-19 19:49:34,203][root][INFO] - y: [-0.00195719  0.02564521 -0.01706212  0.02086762]
[2024-04-19 19:49:34,203][root][INFO] - Reward: -0.04558339486088403
[2024-04-19 19:49:35,270][root][INFO] - --------------- Start iteration i=71 ---------------
[2024-04-19 19:49:35,270][root][INFO] - Length of data.x: 72
[2024-04-19 19:49:35,270][root][INFO] - Length of data.y: 72
[2024-04-19 19:49:35,474][root][INFO] - x: [-0.00152287  0.00607336 -0.03245722 -0.00057325  0.2719388 ]
[2024-04-19 19:49:35,475][root][INFO] - y: [ 0.00060734  0.03721537 -0.00045618  0.02702622]
[2024-04-19 19:49:35,475][root][INFO] - Reward: -0.03969743669101333
[2024-04-19 19:49:35,476][root][INFO] - --------------- Start iteration i=72 ---------------
[2024-04-19 19:49:35,476][root][INFO] - Length of data.x: 73
[2024-04-19 19:49:35,476][root][INFO] - Length of data.y: 73
[2024-04-19 19:49:35,658][root][INFO] - x: [-0.00091553  0.04328873 -0.0329134   0.02645297 -0.07104647]
[2024-04-19 19:49:35,658][root][INFO] - y: [ 0.00432887 -0.0178864   0.02105062 -0.02792671]
[2024-04-19 19:49:35,658][root][INFO] - Reward: -0.001110501419105181
[2024-04-19 19:49:35,660][root][INFO] - --------------- Start iteration i=73 ---------------
[2024-04-19 19:49:35,660][root][INFO] - Length of data.x: 74
[2024-04-19 19:49:35,660][root][INFO] - Length of data.y: 74
[2024-04-19 19:49:35,842][root][INFO] - x: [ 0.00341334  0.02540233 -0.01186278 -0.00147373  0.04527509]
[2024-04-19 19:49:35,843][root][INFO] - y: [ 0.00254023  0.00464004 -0.00117276  0.00097795]
[2024-04-19 19:49:35,843][root][INFO] - Reward: -0.009738180024624898
[2024-04-19 19:49:35,844][root][INFO] - --------------- Start iteration i=74 ---------------
[2024-04-19 19:49:35,844][root][INFO] - Length of data.x: 75
[2024-04-19 19:49:35,844][root][INFO] - Length of data.y: 75
[2024-04-19 19:49:36,027][root][INFO] - x: [ 0.00595357  0.03004237 -0.01303554 -0.00049579 -0.18450912]
[2024-04-19 19:49:36,027][root][INFO] - y: [ 0.00300424 -0.03237977 -0.00039454 -0.03637302]
[2024-04-19 19:49:36,027][root][INFO] - Reward: -0.03250777419986761
[2024-04-19 19:49:36,027][root][INFO] - Explore episode complete with return -10.305996148727708, resetting
[2024-04-19 19:49:36,027][root][INFO] - Exploration Episode Rewards: [-0.9999900673498978, -0.9999908937014315, -0.999994260915091, -0.9999976848111701, -0.9999991472304, -0.9999994678857849, -0.9999979168140617, -0.999800666340608, -0.9695063574212732, -0.6692629667304568, -0.12358413654302558, -0.032122193542538424, -0.13820872720772026, -0.11823602221539498, -0.0713083223886749, -0.03100342904900988, -0.0038534113805894776, -0.002120536561532882, -0.01352382030863708, -0.004858833134913643, -0.04558339486088403, -0.03969743669101333, -0.001110501419105181, -0.009738180024624898, -0.03250777419986761]
[2024-04-19 19:49:36,029][root][INFO] - --------------- Start iteration i=75 ---------------
[2024-04-19 19:49:36,029][root][INFO] - Length of data.x: 76
[2024-04-19 19:49:36,029][root][INFO] - Length of data.y: 76
[2024-04-19 19:49:36,211][root][INFO] - x: [ 4.85990885e-04 -1.05536011e-03 -9.95651408e-01 -9.93150373e-04
  1.00000000e+00]
[2024-04-19 19:49:36,211][root][INFO] - y: [-1.05536011e-04  1.60803878e-01 -7.90324593e-04 -1.62130632e-01]
[2024-04-19 19:49:36,211][root][INFO] - Reward: -0.9999900640133861
[2024-04-19 19:49:36,213][root][INFO] - --------------- Start iteration i=76 ---------------
[2024-04-19 19:49:36,213][root][INFO] - Length of data.x: 77
[2024-04-19 19:49:36,213][root][INFO] - Length of data.y: 77
[2024-04-19 19:49:36,396][root][INFO] - x: [ 3.80454874e-04  1.59748518e-01 -9.96441733e-01 -1.63123783e-01
 -7.28370160e-02]
[2024-04-19 19:49:36,396][root][INFO] - y: [ 0.01597485 -0.0131039  -0.12980989  0.01200512]
[2024-04-19 19:49:36,396][root][INFO] - Reward: -0.9999931645404433
[2024-04-19 19:49:36,397][root][INFO] - --------------- Start iteration i=77 ---------------
[2024-04-19 19:49:36,397][root][INFO] - Length of data.x: 78
[2024-04-19 19:49:36,398][root][INFO] - Length of data.y: 78
[2024-04-19 19:49:36,582][root][INFO] - x: [ 0.01635531  0.14664462  0.87374838 -0.15111867 -0.0994514 ]
[2024-04-19 19:49:36,582][root][INFO] - y: [ 0.01466446 -0.04817292 -0.12025651  0.08236927]
[2024-04-19 19:49:36,582][root][INFO] - Reward: -0.9999970379011284
[2024-04-19 19:49:36,583][root][INFO] - --------------- Start iteration i=78 ---------------
[2024-04-19 19:49:36,583][root][INFO] - Length of data.x: 79
[2024-04-19 19:49:36,583][root][INFO] - Length of data.y: 79
[2024-04-19 19:49:36,767][root][INFO] - x: [ 0.03101977  0.09847169  0.75349187 -0.0687494  -0.05727463]
[2024-04-19 19:49:36,767][root][INFO] - y: [ 0.00984717 -0.0349077  -0.05470908  0.09362483]
[2024-04-19 19:49:36,767][root][INFO] - Reward: -0.999998816022834
[2024-04-19 19:49:36,768][root][INFO] - --------------- Start iteration i=79 ---------------
[2024-04-19 19:49:36,769][root][INFO] - Length of data.x: 80
[2024-04-19 19:49:36,769][root][INFO] - Length of data.y: 80
[2024-04-19 19:49:36,952][root][INFO] - x: [ 0.04086694  0.06356399  0.69878279  0.02487543 -0.12922633]
[2024-04-19 19:49:36,952][root][INFO] - y: [ 0.0063564  -0.03612761  0.01979526  0.10078902]
[2024-04-19 19:49:36,952][root][INFO] - Reward: -0.9999995877687224
[2024-04-19 19:49:36,954][root][INFO] - --------------- Start iteration i=80 ---------------
[2024-04-19 19:49:36,954][root][INFO] - Length of data.x: 81
[2024-04-19 19:49:36,954][root][INFO] - Length of data.y: 81
[2024-04-19 19:49:46,336][root][INFO] - Eval Returns: [-11.61275074 -22.50634702 -14.58774013 -13.14530452 -22.36803031]
[2024-04-19 19:49:46,342][root][INFO] - Eval Returns: mean=-16.844 std=4.663
[2024-04-19 19:49:46,342][root][INFO] - Eval ndata: 81.000
[2024-04-19 19:49:46,342][root][INFO] - Model MSE (current real MPC): 0.483
[2024-04-19 19:49:47,485][root][INFO] - Model MSE (random test set): 0.023
[2024-04-19 19:49:47,485][root][INFO] - Model MSE (GT MPC): 0.002
[2024-04-19 19:49:47,485][root][INFO] - Model Likelihood (random test set): -3.734
[2024-04-19 19:49:47,485][root][INFO] - Model Likelihood (GT MPC): -3.691
[2024-04-19 19:49:47,485][root][INFO] - *[TIME] [Evaluate the current MPC policy] Elapsed: 10.35 seconds
[2024-04-19 19:49:50,090][root][INFO] - x: [ 0.04722334  0.02743638  0.71857805  0.12566445 -0.189054  ]
[2024-04-19 19:49:50,090][root][INFO] - y: [ 0.00274364 -0.05732364  0.10000067  0.11228509]
[2024-04-19 19:49:50,090][root][INFO] - Reward: -0.9999997483403994
[2024-04-19 19:49:51,079][root][INFO] - --------------- Start iteration i=81 ---------------
[2024-04-19 19:49:51,080][root][INFO] - Length of data.x: 82
[2024-04-19 19:49:51,080][root][INFO] - Length of data.y: 82
[2024-04-19 19:49:51,278][root][INFO] - x: [ 0.04996697 -0.02988726  0.81857872  0.23794954 -0.24333556]
[2024-04-19 19:49:51,278][root][INFO] - y: [-0.00298873 -0.09453535  0.18935438  0.1325798 ]
[2024-04-19 19:49:51,278][root][INFO] - Reward: -0.9999980956640346
[2024-04-19 19:49:51,280][root][INFO] - --------------- Start iteration i=82 ---------------
[2024-04-19 19:49:51,280][root][INFO] - Length of data.x: 83
[2024-04-19 19:49:51,280][root][INFO] - Length of data.y: 83
[2024-04-19 19:49:51,482][root][INFO] - x: [ 0.04697825 -0.12442261 -0.9920669   0.37052935 -0.1645191 ]
[2024-04-19 19:49:51,482][root][INFO] - y: [-0.01244226 -0.01772522  0.29485812  0.01527232]
[2024-04-19 19:49:51,482][root][INFO] - Reward: -0.9993635357163991
[2024-04-19 19:49:51,484][root][INFO] - --------------- Start iteration i=83 ---------------
[2024-04-19 19:49:51,484][root][INFO] - Length of data.x: 84
[2024-04-19 19:49:51,484][root][INFO] - Length of data.y: 84
[2024-04-19 19:49:51,672][root][INFO] - x: [ 0.03453599 -0.14214783 -0.69720878  0.38580167 -0.3410884 ]
[2024-04-19 19:49:51,673][root][INFO] - y: [-0.01421478  0.11255891  0.30701146 -0.14530791]
[2024-04-19 19:49:51,673][root][INFO] - Reward: -0.9004079317707901
[2024-04-19 19:49:51,674][root][INFO] - --------------- Start iteration i=84 ---------------
[2024-04-19 19:49:51,674][root][INFO] - Length of data.x: 85
[2024-04-19 19:49:51,674][root][INFO] - Length of data.y: 85
[2024-04-19 19:49:51,862][root][INFO] - x: [ 0.0203212  -0.02958892 -0.39019731  0.24049376 -0.16453719]
[2024-04-19 19:49:51,862][root][INFO] - y: [-0.00295889  0.02418859  0.19137901 -0.08423555]
[2024-04-19 19:49:51,862][root][INFO] - Reward: -0.29811602706771756
[2024-04-19 19:49:51,864][root][INFO] - --------------- Start iteration i=85 ---------------
[2024-04-19 19:49:51,864][root][INFO] - Length of data.x: 86
[2024-04-19 19:49:51,864][root][INFO] - Length of data.y: 86
[2024-04-19 19:49:52,051][root][INFO] - x: [ 0.01736231 -0.00540033 -0.19881831  0.15625821 -0.21671878]
[2024-04-19 19:49:52,052][root][INFO] - y: [-0.00054003 -0.03412018  0.12434643 -0.08510322]
[2024-04-19 19:49:52,052][root][INFO] - Reward: -0.008883544583685676
[2024-04-19 19:49:52,053][root][INFO] - --------------- Start iteration i=86 ---------------
[2024-04-19 19:49:52,053][root][INFO] - Length of data.x: 87
[2024-04-19 19:49:52,053][root][INFO] - Length of data.y: 87
[2024-04-19 19:49:52,241][root][INFO] - x: [ 0.01682228 -0.03952051 -0.07447188  0.07115499 -0.03442787]
[2024-04-19 19:49:52,241][root][INFO] - y: [-0.00395205 -0.01589042  0.05662339 -0.03822336]
[2024-04-19 19:49:52,241][root][INFO] - Reward: -0.0697697721592675
[2024-04-19 19:49:52,243][root][INFO] - --------------- Start iteration i=87 ---------------
[2024-04-19 19:49:52,243][root][INFO] - Length of data.x: 88
[2024-04-19 19:49:52,243][root][INFO] - Length of data.y: 88
[2024-04-19 19:49:52,434][root][INFO] - x: [ 0.01287023 -0.05541093 -0.01784849  0.03293163 -0.06892686]
[2024-04-19 19:49:52,434][root][INFO] - y: [-0.00554109 -0.01332233  0.02620618 -0.01880484]
[2024-04-19 19:49:52,434][root][INFO] - Reward: -0.06146031999197421
[2024-04-19 19:49:52,436][root][INFO] - --------------- Start iteration i=88 ---------------
[2024-04-19 19:49:52,436][root][INFO] - Length of data.x: 89
[2024-04-19 19:49:52,436][root][INFO] - Length of data.y: 89
[2024-04-19 19:49:52,624][root][INFO] - x: [ 0.00732913 -0.06873326  0.00835768  0.01412679  0.00056679]
[2024-04-19 19:49:52,624][root][INFO] - y: [-0.00687333  0.00272775  0.01124175  0.00530489]
[2024-04-19 19:49:52,625][root][INFO] - Reward: -0.01367982463352524
[2024-04-19 19:49:52,626][root][INFO] - --------------- Start iteration i=89 ---------------
[2024-04-19 19:49:52,626][root][INFO] - Length of data.x: 90
[2024-04-19 19:49:52,626][root][INFO] - Length of data.y: 90
[2024-04-19 19:49:52,815][root][INFO] - x: [ 0.00045581 -0.06600551  0.01959943  0.01943168 -0.17619561]
[2024-04-19 19:49:52,816][root][INFO] - y: [-0.00660055 -0.02349794  0.01546325 -0.01741072]
[2024-04-19 19:49:52,816][root][INFO] - Reward: -0.0002685116716339975
[2024-04-19 19:49:52,817][root][INFO] - --------------- Start iteration i=90 ---------------
[2024-04-19 19:49:52,817][root][INFO] - Length of data.x: 91
[2024-04-19 19:49:52,817][root][INFO] - Length of data.y: 91
[2024-04-19 19:50:02,689][root][INFO] - Eval Returns: [-22.13887425 -10.40574064 -21.88529782 -16.09751139 -11.78760847]
[2024-04-19 19:50:02,694][root][INFO] - Eval Returns: mean=-16.463 std=4.905
[2024-04-19 19:50:02,694][root][INFO] - Eval ndata: 91.000
[2024-04-19 19:50:02,694][root][INFO] - Model MSE (current real MPC): 0.482
[2024-04-19 19:50:03,834][root][INFO] - Model MSE (random test set): 0.022
[2024-04-19 19:50:03,835][root][INFO] - Model MSE (GT MPC): 0.002
[2024-04-19 19:50:03,835][root][INFO] - Model Likelihood (random test set): -3.732
[2024-04-19 19:50:03,835][root][INFO] - Model Likelihood (GT MPC): -3.691
[2024-04-19 19:50:03,835][root][INFO] - *[TIME] [Evaluate the current MPC policy] Elapsed: 10.83 seconds
[2024-04-19 19:50:06,428][root][INFO] - x: [-0.00614474 -0.08950345  0.03506268  0.00202096 -0.10255288]
[2024-04-19 19:50:06,428][root][INFO] - y: [-0.00895034 -0.00847779  0.00160823  0.00236871]
[2024-04-19 19:50:06,428][root][INFO] - Reward: -0.05246671364425226
[2024-04-19 19:50:07,270][root][INFO] - --------------- Start iteration i=91 ---------------
[2024-04-19 19:50:07,270][root][INFO] - Length of data.x: 92
[2024-04-19 19:50:07,270][root][INFO] - Length of data.y: 92
[2024-04-19 19:50:07,477][root][INFO] - x: [-0.01509509 -0.09798124  0.03667091  0.00438967  0.13655484]
[2024-04-19 19:50:07,477][root][INFO] - y: [-0.00979812  0.02990404  0.00349319  0.04099394]
[2024-04-19 19:50:07,477][root][INFO] - Reward: -0.2139955648488976
[2024-04-19 19:50:07,479][root][INFO] - --------------- Start iteration i=92 ---------------
[2024-04-19 19:50:07,479][root][INFO] - Length of data.x: 93
[2024-04-19 19:50:07,479][root][INFO] - Length of data.y: 93
[2024-04-19 19:50:07,672][root][INFO] - x: [-0.02489321 -0.06807719  0.0401641   0.04538361 -0.15155838]
[2024-04-19 19:50:07,673][root][INFO] - y: [-0.00680772 -0.01604067  0.03611516 -0.0035552 ]
[2024-04-19 19:50:07,673][root][INFO] - Reward: -0.218256964303983
[2024-04-19 19:50:07,675][root][INFO] - --------------- Start iteration i=93 ---------------
[2024-04-19 19:50:07,675][root][INFO] - Length of data.x: 94
[2024-04-19 19:50:07,675][root][INFO] - Length of data.y: 94
[2024-04-19 19:50:07,868][root][INFO] - x: [-0.03170093 -0.08411786  0.07627926  0.0418284   0.33678991]
[2024-04-19 19:50:07,868][root][INFO] - y: [-0.00841179  0.06596476  0.03328601  0.08738763]
[2024-04-19 19:50:07,868][root][INFO] - Reward: -0.27792196265496094
[2024-04-19 19:50:07,870][root][INFO] - --------------- Start iteration i=94 ---------------
[2024-04-19 19:50:07,870][root][INFO] - Length of data.x: 95
[2024-04-19 19:50:07,870][root][INFO] - Length of data.y: 95
[2024-04-19 19:50:08,063][root][INFO] - x: [-0.04011272 -0.0181531   0.10956527  0.12921604 -0.43406264]
[2024-04-19 19:50:08,063][root][INFO] - y: [-0.00181531 -0.0551281   0.10282694 -0.01875661]
[2024-04-19 19:50:08,064][root][INFO] - Reward: -0.1400627345952199
[2024-04-19 19:50:08,065][root][INFO] - --------------- Start iteration i=95 ---------------
[2024-04-19 19:50:08,065][root][INFO] - Length of data.x: 96
[2024-04-19 19:50:08,065][root][INFO] - Length of data.y: 96
[2024-04-19 19:50:08,258][root][INFO] - x: [-0.04192803 -0.0732812   0.21239221  0.11045942  0.50084236]
[2024-04-19 19:50:08,258][root][INFO] - y: [-0.00732812  0.0801963   0.08790089  0.12376521]
[2024-04-19 19:50:08,258][root][INFO] - Reward: -0.3883009252620173
[2024-04-19 19:50:08,260][root][INFO] - --------------- Start iteration i=96 ---------------
[2024-04-19 19:50:08,260][root][INFO] - Length of data.x: 97
[2024-04-19 19:50:08,260][root][INFO] - Length of data.y: 97
[2024-04-19 19:50:08,454][root][INFO] - x: [-0.04925615  0.0069151   0.3002931   0.23422464  1.        ]
[2024-04-19 19:50:08,454][root][INFO] - y: [0.00069151 0.0870429  0.1863902  0.13059626]
[2024-04-19 19:50:08,454][root][INFO] - Reward: -0.9359302798237635
[2024-04-19 19:50:08,456][root][INFO] - --------------- Start iteration i=97 ---------------
[2024-04-19 19:50:08,456][root][INFO] - Length of data.x: 98
[2024-04-19 19:50:08,456][root][INFO] - Length of data.y: 98
[2024-04-19 19:50:08,650][root][INFO] - x: [-0.04856464  0.09395799  0.4866833   0.3648209  -0.20106005]
[2024-04-19 19:50:08,650][root][INFO] - y: [ 0.0093958  -0.14426809  0.29031548  0.0920801 ]
[2024-04-19 19:50:08,650][root][INFO] - Reward: -0.9998724024661407
[2024-04-19 19:50:08,652][root][INFO] - --------------- Start iteration i=98 ---------------
[2024-04-19 19:50:08,652][root][INFO] - Length of data.x: 99
[2024-04-19 19:50:08,652][root][INFO] - Length of data.y: 99
[2024-04-19 19:50:08,846][root][INFO] - x: [-0.03916884 -0.0503101   0.77699878  0.456901    0.23784113]
[2024-04-19 19:50:08,846][root][INFO] - y: [-0.00503101 -0.15371601  0.36359056  0.18081674]
[2024-04-19 19:50:08,846][root][INFO] - Reward: -0.9999994104604918
[2024-04-19 19:50:08,848][root][INFO] - --------------- Start iteration i=99 ---------------
[2024-04-19 19:50:08,848][root][INFO] - Length of data.x: 100
[2024-04-19 19:50:08,848][root][INFO] - Length of data.y: 100
[2024-04-19 19:50:09,044][root][INFO] - x: [-0.04419985 -0.2040261  -0.85941066  0.63771774  0.4085336 ]
[2024-04-19 19:50:09,044][root][INFO] - y: [-0.02040261  0.31736464  0.50748006 -0.3288853 ]
[2024-04-19 19:50:09,044][root][INFO] - Reward: -0.9999942009504543
[2024-04-19 19:50:09,044][root][INFO] - Explore episode complete with return -14.578727140856124, resetting
[2024-04-19 19:50:09,044][root][INFO] - Exploration Episode Rewards: [-0.9999900640133861, -0.9999931645404433, -0.9999970379011284, -0.999998816022834, -0.9999995877687224, -0.9999997483403994, -0.9999980956640346, -0.9993635357163991, -0.9004079317707901, -0.29811602706771756, -0.008883544583685676, -0.0697697721592675, -0.06146031999197421, -0.01367982463352524, -0.0002685116716339975, -0.05246671364425226, -0.2139955648488976, -0.218256964303983, -0.27792196265496094, -0.1400627345952199, -0.3883009252620173, -0.9359302798237635, -0.9998724024661407, -0.9999994104604918, -0.9999942009504543]
[2024-04-19 19:50:09,046][root][INFO] - --------------- Start iteration i=100 ---------------
[2024-04-19 19:50:09,046][root][INFO] - Length of data.x: 101
[2024-04-19 19:50:09,046][root][INFO] - Length of data.y: 101
[2024-04-19 19:50:19,492][root][INFO] - Eval Returns: [-16.88141929 -18.34960416 -15.21728439 -17.48200289 -19.11434337]
[2024-04-19 19:50:19,497][root][INFO] - Eval Returns: mean=-17.409 std=1.333
[2024-04-19 19:50:19,497][root][INFO] - Eval ndata: 101.000
[2024-04-19 19:50:19,497][root][INFO] - Model MSE (current real MPC): 0.386
[2024-04-19 19:50:20,646][root][INFO] - Model MSE (random test set): 0.013
[2024-04-19 19:50:20,646][root][INFO] - Model MSE (GT MPC): 0.001
[2024-04-19 19:50:20,646][root][INFO] - Model Likelihood (random test set): -3.712
[2024-04-19 19:50:20,646][root][INFO] - Model Likelihood (GT MPC): -3.685
[2024-04-19 19:50:20,646][root][INFO] - *[TIME] [Evaluate the current MPC policy] Elapsed: 11.40 seconds
[2024-04-19 19:50:22,714][root][INFO] - x: [-1.73654358e-03 -1.28025407e-03  9.87102664e-01 -2.21808710e-06
 -4.92593985e-01]
[2024-04-19 19:50:22,715][root][INFO] - y: [-1.28025407e-04 -8.10995675e-02 -1.76509906e-06  8.50110389e-02]
[2024-04-19 19:50:22,715][root][INFO] - Reward: -0.9999899787202267
[2024-04-19 19:50:23,766][root][INFO] - --------------- Start iteration i=101 ---------------
[2024-04-19 19:50:23,766][root][INFO] - Length of data.x: 102
[2024-04-19 19:50:23,766][root][INFO] - Length of data.y: 102
[2024-04-19 19:50:23,982][root][INFO] - x: [-0.00186457 -0.08237982  0.9871009   0.08500882 -0.40814504]
[2024-04-19 19:50:23,982][root][INFO] - y: [-0.00823798 -0.06674376  0.06764792  0.07066754]
[2024-04-19 19:50:23,982][root][INFO] - Reward: -0.9999915610204914
[2024-04-19 19:50:23,984][root][INFO] - --------------- Start iteration i=102 ---------------
[2024-04-19 19:50:23,984][root][INFO] - Length of data.x: 103
[2024-04-19 19:50:23,984][root][INFO] - Length of data.y: 103
[2024-04-19 19:50:24,190][root][INFO] - x: [-0.01010255 -0.14912358 -0.94525118  0.15567637 -0.20800082]
[2024-04-19 19:50:24,191][root][INFO] - y: [-0.01491236 -0.01448211  0.12388342 -0.00253892]
[2024-04-19 19:50:24,191][root][INFO] - Reward: -0.9999959434072617
[2024-04-19 19:50:24,193][root][INFO] - --------------- Start iteration i=103 ---------------
[2024-04-19 19:50:24,193][root][INFO] - Length of data.x: 104
[2024-04-19 19:50:24,193][root][INFO] - Length of data.y: 104
[2024-04-19 19:50:24,390][root][INFO] - x: [-0.02501491 -0.16360569 -0.82136776  0.15313745 -0.11307892]
[2024-04-19 19:50:24,390][root][INFO] - y: [-0.01636057  0.02546575  0.12186301 -0.07382146]
[2024-04-19 19:50:24,391][root][INFO] - Reward: -0.999998905277865
[2024-04-19 19:50:24,392][root][INFO] - --------------- Start iteration i=104 ---------------
[2024-04-19 19:50:24,392][root][INFO] - Length of data.x: 105
[2024-04-19 19:50:24,393][root][INFO] - Length of data.y: 105
[2024-04-19 19:50:24,590][root][INFO] - x: [-0.04137548 -0.13813994 -0.69950475  0.07931599  0.25962039]
[2024-04-19 19:50:24,590][root][INFO] - y: [-0.01381399  0.05696215  0.06311771 -0.11294497]
[2024-04-19 19:50:24,591][root][INFO] - Reward: -0.999999796807848
[2024-04-19 19:50:24,592][root][INFO] - --------------- Start iteration i=105 ---------------
[2024-04-19 19:50:24,592][root][INFO] - Length of data.x: 106
[2024-04-19 19:50:24,592][root][INFO] - Length of data.y: 106
[2024-04-19 19:50:24,792][root][INFO] - x: [-0.05518947 -0.08117779 -0.63638704 -0.03362898  0.46330756]
[2024-04-19 19:50:24,792][root][INFO] - y: [-0.00811778  0.06631685 -0.02676111 -0.11687628]
[2024-04-19 19:50:24,792][root][INFO] - Reward: -0.9999999620676686
[2024-04-19 19:50:24,794][root][INFO] - --------------- Start iteration i=106 ---------------
[2024-04-19 19:50:24,794][root][INFO] - Length of data.x: 107
[2024-04-19 19:50:24,794][root][INFO] - Length of data.y: 107
[2024-04-19 19:50:24,994][root][INFO] - x: [-0.06330725 -0.01486094 -0.66314815 -0.15050526  0.06374724]
[2024-04-19 19:50:24,994][root][INFO] - y: [-0.00148609  0.04480993 -0.11976837 -0.10755589]
[2024-04-19 19:50:24,994][root][INFO] - Reward: -0.999999975163598
[2024-04-19 19:50:24,996][root][INFO] - --------------- Start iteration i=107 ---------------
[2024-04-19 19:50:24,996][root][INFO] - Length of data.x: 108
[2024-04-19 19:50:24,996][root][INFO] - Length of data.y: 108
[2024-04-19 19:50:25,196][root][INFO] - x: [-0.06479335  0.02994899 -0.78291653 -0.25806115  0.07248402]
[2024-04-19 19:50:25,196][root][INFO] - y: [ 0.0029949   0.08310515 -0.2053587  -0.12641548]
[2024-04-19 19:50:25,196][root][INFO] - Reward: -0.9999996225479015
[2024-04-19 19:50:25,198][root][INFO] - --------------- Start iteration i=108 ---------------
[2024-04-19 19:50:25,198][root][INFO] - Length of data.x: 109
[2024-04-19 19:50:25,198][root][INFO] - Length of data.y: 109
[2024-04-19 19:50:25,398][root][INFO] - x: [-0.06179845  0.11305414 -0.98827523 -0.38447663  0.26234352]
[2024-04-19 19:50:25,398][root][INFO] - y: [ 0.01130541  0.05045964 -0.30595703 -0.05404198]
[2024-04-19 19:50:25,398][root][INFO] - Reward: -0.9993886485751606
[2024-04-19 19:50:25,400][root][INFO] - --------------- Start iteration i=109 ---------------
[2024-04-19 19:50:25,400][root][INFO] - Length of data.x: 110
[2024-04-19 19:50:25,400][root][INFO] - Length of data.y: 110
[2024-04-19 19:50:25,601][root][INFO] - x: [-0.05049303  0.16351378  0.70576774 -0.43851861  0.38550583]
[2024-04-19 19:50:25,601][root][INFO] - y: [ 0.01635138 -0.14433405 -0.3489623   0.16532572]
[2024-04-19 19:50:25,601][root][INFO] - Reward: -0.7095556384684749
[2024-04-19 19:50:25,603][root][INFO] - --------------- Start iteration i=110 ---------------
[2024-04-19 19:50:25,603][root][INFO] - Length of data.x: 111
[2024-04-19 19:50:25,603][root][INFO] - Length of data.y: 111
[2024-04-19 19:50:36,635][root][INFO] - Eval Returns: [-15.75927501 -14.97842084 -16.14765949 -16.95024474 -18.58964692]
[2024-04-19 19:50:36,640][root][INFO] - Eval Returns: mean=-16.485 std=1.229
[2024-04-19 19:50:36,640][root][INFO] - Eval ndata: 111.000
[2024-04-19 19:50:36,640][root][INFO] - Model MSE (current real MPC): 0.353
[2024-04-19 19:50:37,793][root][INFO] - Model MSE (random test set): 0.012
[2024-04-19 19:50:37,793][root][INFO] - Model MSE (GT MPC): 0.001
[2024-04-19 19:50:37,793][root][INFO] - Model Likelihood (random test set): -3.717
[2024-04-19 19:50:37,793][root][INFO] - Model Likelihood (GT MPC): -3.686
[2024-04-19 19:50:37,793][root][INFO] - *[TIME] [Evaluate the current MPC policy] Elapsed: 11.99 seconds
[2024-04-19 19:50:39,816][root][INFO] - x: [-0.03414165  0.01917973  0.35680544 -0.27319289  0.12182362]
[2024-04-19 19:50:39,816][root][INFO] - y: [ 0.00191797 -0.03939102 -0.21740017  0.07130112]
[2024-04-19 19:50:39,816][root][INFO] - Reward: -0.06050316308379533
[2024-04-19 19:50:40,949][root][INFO] - --------------- Start iteration i=111 ---------------
[2024-04-19 19:50:40,949][root][INFO] - Length of data.x: 112
[2024-04-19 19:50:40,949][root][INFO] - Length of data.y: 112
[2024-04-19 19:50:41,164][root][INFO] - x: [-0.03222368 -0.02021129  0.13940527 -0.20189177  0.57376618]
[2024-04-19 19:50:41,164][root][INFO] - y: [-0.00202113  0.08017441 -0.1606605   0.11425305]
[2024-04-19 19:50:41,165][root][INFO] - Reward: -0.6897457403105587
[2024-04-19 19:50:41,167][root][INFO] - --------------- Start iteration i=112 ---------------
[2024-04-19 19:50:41,167][root][INFO] - Length of data.x: 113
[2024-04-19 19:50:41,167][root][INFO] - Length of data.y: 113
[2024-04-19 19:50:41,387][root][INFO] - x: [-0.03424481  0.05996312 -0.02125523 -0.08763872  0.5517412 ]
[2024-04-19 19:50:41,387][root][INFO] - y: [ 0.00599631  0.08394097 -0.06974074  0.07720144]
[2024-04-19 19:50:41,387][root][INFO] - Reward: -0.8054124263267942
[2024-04-19 19:50:41,389][root][INFO] - --------------- Start iteration i=113 ---------------
[2024-04-19 19:50:41,389][root][INFO] - Length of data.x: 114
[2024-04-19 19:50:41,389][root][INFO] - Length of data.y: 114
[2024-04-19 19:50:41,592][root][INFO] - x: [-0.0282485   0.14390408 -0.09099597 -0.01043729  0.36224629]
[2024-04-19 19:50:41,592][root][INFO] - y: [ 0.01439041  0.03795147 -0.00830574  0.00871942]
[2024-04-19 19:50:41,592][root][INFO] - Reward: -0.5682859216599718
[2024-04-19 19:50:41,594][root][INFO] - --------------- Start iteration i=114 ---------------
[2024-04-19 19:50:41,594][root][INFO] - Length of data.x: 115
[2024-04-19 19:50:41,594][root][INFO] - Length of data.y: 115
[2024-04-19 19:50:41,797][root][INFO] - x: [-0.01385809  0.18185555 -0.0993017  -0.00171786  0.08417585]
[2024-04-19 19:50:41,797][root][INFO] - y: [ 0.01818556 -0.00629574 -0.00136703 -0.03613235]
[2024-04-19 19:50:41,798][root][INFO] - Reward: -0.15754956353952498
[2024-04-19 19:50:41,800][root][INFO] - --------------- Start iteration i=115 ---------------
[2024-04-19 19:50:41,800][root][INFO] - Length of data.x: 116
[2024-04-19 19:50:41,800][root][INFO] - Length of data.y: 116
[2024-04-19 19:50:42,003][root][INFO] - x: [ 0.00432747  0.17555981 -0.10066874 -0.03785021  0.0053056 ]
[2024-04-19 19:50:42,003][root][INFO] - y: [ 0.01755598 -0.01768163 -0.03012027 -0.04734631]
[2024-04-19 19:50:42,004][root][INFO] - Reward: -0.023146730230951262
[2024-04-19 19:50:42,006][root][INFO] - --------------- Start iteration i=116 ---------------
[2024-04-19 19:50:42,006][root][INFO] - Length of data.x: 117
[2024-04-19 19:50:42,006][root][INFO] - Length of data.y: 117
[2024-04-19 19:50:42,211][root][INFO] - x: [ 0.02188345  0.15787818 -0.130789   -0.08519652  0.30691071]
[2024-04-19 19:50:42,211][root][INFO] - y: [ 0.01578782  0.02678901 -0.06779729 -0.01466387]
[2024-04-19 19:50:42,211][root][INFO] - Reward: -0.10209839062220971
[2024-04-19 19:50:42,213][root][INFO] - --------------- Start iteration i=117 ---------------
[2024-04-19 19:50:42,213][root][INFO] - Length of data.x: 118
[2024-04-19 19:50:42,213][root][INFO] - Length of data.y: 118
[2024-04-19 19:50:42,417][root][INFO] - x: [ 0.03767126  0.18466719 -0.19858629 -0.09986039 -0.88640046]
[2024-04-19 19:50:42,418][root][INFO] - y: [ 0.01846672 -0.13610679 -0.07946644 -0.16783403]
[2024-04-19 19:50:42,418][root][INFO] - Reward: -0.36309897558786697
[2024-04-19 19:50:42,420][root][INFO] - --------------- Start iteration i=118 ---------------
[2024-04-19 19:50:42,420][root][INFO] - Length of data.x: 119
[2024-04-19 19:50:42,420][root][INFO] - Length of data.y: 119
[2024-04-19 19:50:42,625][root][INFO] - x: [ 0.05613798  0.0485604  -0.27805273 -0.26769442 -0.70556906]
[2024-04-19 19:50:42,625][root][INFO] - y: [ 0.00485604 -0.04455812 -0.21302463 -0.10389195]
[2024-04-19 19:50:42,626][root][INFO] - Reward: -0.9342334964328106
[2024-04-19 19:50:42,628][root][INFO] - --------------- Start iteration i=119 ---------------
[2024-04-19 19:50:42,628][root][INFO] - Length of data.x: 120
[2024-04-19 19:50:42,628][root][INFO] - Length of data.y: 120
[2024-04-19 19:50:42,831][root][INFO] - x: [ 0.06099402  0.00400228 -0.49107736 -0.37158638 -1.        ]
[2024-04-19 19:50:42,832][root][INFO] - y: [ 0.00040023  0.02833237 -0.29569928 -0.09736729]
[2024-04-19 19:50:42,832][root][INFO] - Reward: -0.999934361123958
[2024-04-19 19:50:42,834][root][INFO] - --------------- Start iteration i=120 ---------------
[2024-04-19 19:50:42,834][root][INFO] - Length of data.x: 121
[2024-04-19 19:50:42,834][root][INFO] - Length of data.y: 121
[2024-04-19 19:50:54,401][root][INFO] - Eval Returns: [-10.43439067 -15.7704221  -16.71224362 -15.67205124 -16.7820645 ]
[2024-04-19 19:50:54,406][root][INFO] - Eval Returns: mean=-15.074 std=2.365
[2024-04-19 19:50:54,406][root][INFO] - Eval ndata: 121.000
[2024-04-19 19:50:54,406][root][INFO] - Model MSE (current real MPC): 0.384
[2024-04-19 19:50:55,573][root][INFO] - Model MSE (random test set): 0.005
[2024-04-19 19:50:55,573][root][INFO] - Model MSE (GT MPC): 0.000
[2024-04-19 19:50:55,573][root][INFO] - Model Likelihood (random test set): -3.706
[2024-04-19 19:50:55,573][root][INFO] - Model Likelihood (GT MPC): -3.680
[2024-04-19 19:50:55,573][root][INFO] - *[TIME] [Evaluate the current MPC policy] Elapsed: 12.53 seconds
[2024-04-19 19:50:57,642][root][INFO] - x: [ 0.06139425  0.03233464 -0.78677664 -0.46895367 -0.52861627]
[2024-04-19 19:50:57,642][root][INFO] - y: [ 0.00323346  0.12051887 -0.37318178 -0.15544583]
[2024-04-19 19:50:57,643][root][INFO] - Reward: -0.9999999639191263
[2024-04-19 19:50:58,765][root][INFO] - --------------- Start iteration i=121 ---------------
[2024-04-19 19:50:58,765][root][INFO] - Length of data.x: 122
[2024-04-19 19:50:58,765][root][INFO] - Length of data.y: 122
[2024-04-19 19:50:58,982][root][INFO] - x: [ 0.06462772  0.15285352  0.84004158 -0.62439951 -0.30792279]
[2024-04-19 19:50:58,982][root][INFO] - y: [ 0.01528535 -0.31448104 -0.49688174  0.32289845]
[2024-04-19 19:50:58,982][root][INFO] - Reward: -0.9999996630363857
[2024-04-19 19:50:58,985][root][INFO] - --------------- Start iteration i=122 ---------------
[2024-04-19 19:50:58,985][root][INFO] - Length of data.x: 123
[2024-04-19 19:50:58,985][root][INFO] - Length of data.y: 123
[2024-04-19 19:50:59,197][root][INFO] - x: [ 0.07991307 -0.16162752  0.34315984 -0.30150105  0.78955342]
[2024-04-19 19:50:59,197][root][INFO] - y: [-0.01616275  0.02274331 -0.23992711  0.09727696]
[2024-04-19 19:50:59,198][root][INFO] - Reward: -0.9959204193717958
[2024-04-19 19:50:59,200][root][INFO] - --------------- Start iteration i=123 ---------------
[2024-04-19 19:50:59,200][root][INFO] - Length of data.x: 124
[2024-04-19 19:50:59,201][root][INFO] - Length of data.y: 124
[2024-04-19 19:50:59,419][root][INFO] - x: [ 0.06375031 -0.13888421  0.10323274 -0.20422409  0.48356336]
[2024-04-19 19:50:59,419][root][INFO] - y: [-0.01388842  0.07300526 -0.1625165   0.1004918 ]
[2024-04-19 19:50:59,419][root][INFO] - Reward: -0.6994721265005098
[2024-04-19 19:50:59,421][root][INFO] - --------------- Start iteration i=124 ---------------
[2024-04-19 19:50:59,421][root][INFO] - Length of data.x: 125
[2024-04-19 19:50:59,421][root][INFO] - Length of data.y: 125
[2024-04-19 19:50:59,630][root][INFO] - x: [ 0.04986189 -0.06587895 -0.05928376 -0.10373228  0.44420805]
[2024-04-19 19:50:59,630][root][INFO] - y: [-0.0065879   0.06309647 -0.0825476   0.04382157]
[2024-04-19 19:50:59,631][root][INFO] - Reward: -0.2366894995768517
[2024-04-19 19:50:59,631][root][INFO] - Explore episode complete with return -18.345010473379606, resetting
[2024-04-19 19:50:59,631][root][INFO] - Exploration Episode Rewards: [-0.9999899787202267, -0.9999915610204914, -0.9999959434072617, -0.999998905277865, -0.999999796807848, -0.9999999620676686, -0.999999975163598, -0.9999996225479015, -0.9993886485751606, -0.7095556384684749, -0.06050316308379533, -0.6897457403105587, -0.8054124263267942, -0.5682859216599718, -0.15754956353952498, -0.023146730230951262, -0.10209839062220971, -0.36309897558786697, -0.9342334964328106, -0.999934361123958, -0.9999999639191263, -0.9999996630363857, -0.9959204193717958, -0.6994721265005098, -0.2366894995768517]
[2024-04-19 19:50:59,633][root][INFO] - --------------- Start iteration i=125 ---------------
[2024-04-19 19:50:59,633][root][INFO] - Length of data.x: 126
[2024-04-19 19:50:59,633][root][INFO] - Length of data.y: 126
[2024-04-19 19:50:59,843][root][INFO] - x: [-0.00319258 -0.00323221  0.99545825 -0.00142082 -0.14762599]
[2024-04-19 19:50:59,843][root][INFO] - y: [-0.00032322 -0.02440623 -0.00113065  0.02580509]
[2024-04-19 19:50:59,843][root][INFO] - Reward: -0.9999900998302595
[2024-04-19 19:50:59,845][root][INFO] - --------------- Start iteration i=126 ---------------
[2024-04-19 19:50:59,845][root][INFO] - Length of data.x: 127
[2024-04-19 19:50:59,845][root][INFO] - Length of data.y: 127
[2024-04-19 19:51:00,056][root][INFO] - x: [-0.0035158  -0.02763843  0.9943276   0.02438427 -0.28839678]
[2024-04-19 19:51:00,056][root][INFO] - y: [-0.00276384 -0.04675816  0.0194044   0.04850085]
[2024-04-19 19:51:00,056][root][INFO] - Reward: -0.9999905754056121
[2024-04-19 19:51:00,059][root][INFO] - --------------- Start iteration i=127 ---------------
[2024-04-19 19:51:00,059][root][INFO] - Length of data.x: 128
[2024-04-19 19:51:00,059][root][INFO] - Length of data.y: 128
[2024-04-19 19:51:00,270][root][INFO] - x: [-0.00627965 -0.07439659 -0.986268    0.07288512 -0.35807828]
[2024-04-19 19:51:00,270][root][INFO] - y: [-0.00743966 -0.05316035  0.05800018  0.04887557]
[2024-04-19 19:51:00,270][root][INFO] - Reward: -0.9999926383883149
[2024-04-19 19:51:00,272][root][INFO] - --------------- Start iteration i=128 ---------------
[2024-04-19 19:51:00,272][root][INFO] - Length of data.x: 129
[2024-04-19 19:51:00,272][root][INFO] - Length of data.y: 129
[2024-04-19 19:51:00,483][root][INFO] - x: [-0.0137193  -0.12755694 -0.92826782  0.12176069 -0.04458637]
[2024-04-19 19:51:00,483][root][INFO] - y: [-0.01275569  0.01233962  0.09689416 -0.0339707 ]
[2024-04-19 19:51:00,484][root][INFO] - Reward: -0.9999965445122941
[2024-04-19 19:51:00,486][root][INFO] - --------------- Start iteration i=129 ---------------
[2024-04-19 19:51:00,486][root][INFO] - Length of data.x: 130
[2024-04-19 19:51:00,486][root][INFO] - Length of data.y: 130
[2024-04-19 19:51:00,697][root][INFO] - x: [-0.026475   -0.11521732 -0.83137366  0.08778999 -0.20771822]
[2024-04-19 19:51:00,697][root][INFO] - y: [-0.01152173  0.00012402  0.06986111 -0.04972984]
[2024-04-19 19:51:00,697][root][INFO] - Reward: -0.9999987802890087
[2024-04-19 19:51:00,700][root][INFO] - --------------- Start iteration i=130 ---------------
[2024-04-19 19:51:00,700][root][INFO] - Length of data.x: 131
[2024-04-19 19:51:00,700][root][INFO] - Length of data.y: 131
[2024-04-19 19:51:12,834][root][INFO] - Eval Returns: [-16.38324797 -11.47960119 -16.79806569 -14.68996786 -11.39944823]
[2024-04-19 19:51:12,834][root][INFO] - Eval Returns: mean=-14.150 std=2.323
[2024-04-19 19:51:12,834][root][INFO] - Eval ndata: 131.000
[2024-04-19 19:51:12,834][root][INFO] - Model MSE (current real MPC): 0.352
[2024-04-19 19:51:14,010][root][INFO] - Model MSE (random test set): 0.004
[2024-04-19 19:51:14,010][root][INFO] - Model MSE (GT MPC): 0.000
[2024-04-19 19:51:14,010][root][INFO] - Model Likelihood (random test set): -3.706
[2024-04-19 19:51:14,010][root][INFO] - Model Likelihood (GT MPC): -3.679
[2024-04-19 19:51:14,010][root][INFO] - *[TIME] [Evaluate the current MPC policy] Elapsed: 13.10 seconds
