[2024-04-23 22:31:32,278][root][INFO] - Dumper dumping to /tirl/experiments/mpc_frozencartpole_initdata_gpforgetting_2024-04-23/22-31-15/seed_4
[2024-04-23 22:31:32,293][root][INFO] - Start obs: None
[2024-04-23 22:31:58,060][root][INFO] - GT Returns: [-10.34678579 -11.43793665 -11.39138457 -10.17345    -11.43304758]
[2024-04-23 22:31:58,060][root][INFO] - GT Returns: mean=-10.957 std=0.571
[2024-04-23 22:31:58,060][root][INFO] - Path Lengths: [36345, 36345, 36345, 36345, 36345]
[2024-04-23 22:31:58,061][root][INFO] - Path Lengths: mean=36345.000 std=0.000
[2024-04-23 22:31:58,117][root][INFO] - all_x.shape = (181725, 5)
[2024-04-23 22:31:58,123][root][INFO] - all_x.min(axis=0) = [-0.55065237 -0.91968509 -0.99999316 -0.8623091  -1.        ]
[2024-04-23 22:31:58,128][root][INFO] - all_x.max(axis=0) = [0.95043366 1.50370824 0.99999931 0.88129591 1.        ]
[2024-04-23 22:31:58,131][root][INFO] - all_x.mean(axis=0) = [-0.0115065   0.00521194  0.00269509 -0.0178641   0.01548342]
[2024-04-23 22:31:58,139][root][INFO] - all_x.var(axis=0) = [0.00634752 0.03016953 0.23198871 0.07323582 0.23505211]
[2024-04-23 22:31:58,188][root][INFO] - --------------- Start iteration i=0 ---------------
[2024-04-23 22:31:58,189][root][INFO] - Length of data.x: 301
[2024-04-23 22:31:58,189][root][INFO] - Length of data.y: 301
[2024-04-23 22:32:24,054][root][INFO] - Eval Returns: [-22.4995014  -11.31662248 -22.94153963 -18.78607166 -13.42806228]
[2024-04-23 22:32:24,060][root][INFO] - Eval Returns: mean=-17.794 std=4.704
[2024-04-23 22:32:24,060][root][INFO] - Eval ndata: 301.000
[2024-04-23 22:32:24,061][root][INFO] - Model MSE (current real MPC): 0.385
[2024-04-23 22:32:25,466][root][INFO] - Model MSE (random test set): 0.003
[2024-04-23 22:32:25,466][root][INFO] - Model MSE (GT MPC): 0.001
[2024-04-23 22:32:25,466][root][INFO] - Model Likelihood (random test set): -3.733
[2024-04-23 22:32:25,467][root][INFO] - Model Likelihood (GT MPC): -3.808
[2024-04-23 22:32:25,467][root][INFO] - *[TIME] [Evaluate the current MPC policy] Elapsed: 26.84 seconds
