[2024-04-24 17:51:20,842][root][INFO] - Dumper dumping to /tirl/experiments/mpc_frozencartpole_newhypers_initdata_gpforgetting_2024-04-24/17-51-14/seed_3
[2024-04-24 17:51:20,851][root][INFO] - Start obs: None
[2024-04-24 17:51:45,696][root][INFO] - GT Returns: [-11.02891961 -11.29518341 -11.37751429 -11.70491975 -10.11021146]
[2024-04-24 17:51:45,697][root][INFO] - GT Returns: mean=-11.103 std=0.541
[2024-04-24 17:51:45,697][root][INFO] - Path Lengths: [36345, 36345, 36345, 36345, 36345]
[2024-04-24 17:51:45,697][root][INFO] - Path Lengths: mean=36345.000 std=0.000
[2024-04-24 17:51:45,802][root][INFO] - all_x.shape = (181725, 5)
[2024-04-24 17:51:45,808][root][INFO] - all_x.min(axis=0) = [-0.59416201 -0.87119538 -0.99996124 -0.83883496 -1.        ]
[2024-04-24 17:51:45,814][root][INFO] - all_x.max(axis=0) = [0.98863851 1.40537436 0.9999778  0.91196357 1.        ]
[2024-04-24 17:51:45,817][root][INFO] - all_x.mean(axis=0) = [ 0.0023043  -0.00355548  0.00931991  0.01043506 -0.00632142]
[2024-04-24 17:51:45,829][root][INFO] - all_x.var(axis=0) = [0.00786653 0.03503174 0.23656595 0.07785699 0.22793567]
[2024-04-24 17:51:45,922][root][INFO] - --------------- Start iteration i=0 ---------------
[2024-04-24 17:51:45,922][root][INFO] - Length of data.x: 301
[2024-04-24 17:51:45,922][root][INFO] - Length of data.y: 301
[2024-04-24 17:52:24,981][root][INFO] - Eval Returns: [-19.17076836 -21.67425442 -18.4772521  -23.01090448 -17.97084255]
[2024-04-24 17:52:24,996][root][INFO] - Eval Returns: mean=-20.061 std=1.948
[2024-04-24 17:52:24,996][root][INFO] - Eval ndata: 301.000
[2024-04-24 17:52:24,996][root][INFO] - Model MSE (current real MPC): 0.454
[2024-04-24 17:52:26,710][root][INFO] - Model MSE (random test set): 0.466
[2024-04-24 17:52:26,710][root][INFO] - Model MSE (GT MPC): 0.013
[2024-04-24 17:52:26,711][root][INFO] - Model Likelihood (random test set): -3.927
[2024-04-24 17:52:26,711][root][INFO] - Model Likelihood (GT MPC): -3.747
[2024-04-24 17:52:26,711][root][INFO] - *[TIME] [Evaluate the current MPC policy] Elapsed: 40.28 seconds
[2024-04-24 17:52:29,683][root][INFO] - x: [-0.00099079 -0.00115623 -0.98815425 -0.00203017  0.33092078]
[2024-04-24 17:52:29,683][root][INFO] - y: [-0.00011562  0.02865939 -0.00161556 -0.03229341]
[2024-04-24 17:52:29,684][root][INFO] - Reward: -0.9999900845621971
[2024-04-24 17:52:32,903][root][INFO] - --------------- Start iteration i=1 ---------------
[2024-04-24 17:52:32,903][root][INFO] - Length of data.x: 302
[2024-04-24 17:52:32,903][root][INFO] - Length of data.y: 302
[2024-04-24 17:52:33,358][root][INFO] - x: [-0.00110641  0.02750315 -0.9897698  -0.03432358  0.30959912]
[2024-04-24 17:52:33,358][root][INFO] - y: [ 0.00275032  0.02626088 -0.02731386 -0.02940308]
[2024-04-24 17:52:33,359][root][INFO] - Reward: -0.9999900936408651
[2024-04-24 17:52:33,362][root][INFO] - --------------- Start iteration i=2 ---------------
[2024-04-24 17:52:33,362][root][INFO] - Length of data.x: 303
[2024-04-24 17:52:33,362][root][INFO] - Length of data.y: 303
[2024-04-24 17:52:33,833][root][INFO] - x: [ 0.0016439   0.05376403  0.98291634 -0.06372666  0.41151481]
[2024-04-24 17:52:33,834][root][INFO] - y: [ 0.0053764   0.06139303 -0.0507121  -0.05603652]
[2024-04-24 17:52:33,834][root][INFO] - Reward: -0.999990571114759
[2024-04-24 17:52:33,838][root][INFO] - --------------- Start iteration i=3 ---------------
[2024-04-24 17:52:33,838][root][INFO] - Length of data.x: 304
[2024-04-24 17:52:33,838][root][INFO] - Length of data.y: 304
[2024-04-24 17:52:34,333][root][INFO] - x: [ 0.00702031  0.11515706  0.93220424 -0.11976318  0.25591366]
[2024-04-24 17:52:34,334][root][INFO] - y: [ 0.01151571  0.0217982  -0.09530459 -0.00054789]
[2024-04-24 17:52:34,334][root][INFO] - Reward: -0.999993393995223
[2024-04-24 17:52:34,338][root][INFO] - --------------- Start iteration i=4 ---------------
[2024-04-24 17:52:34,338][root][INFO] - Length of data.x: 305
[2024-04-24 17:52:34,338][root][INFO] - Length of data.y: 305
[2024-04-24 17:52:34,854][root][INFO] - x: [ 0.01853601  0.13695527  0.83689965 -0.12031108 -0.0469043 ]
[2024-04-24 17:52:34,855][root][INFO] - y: [ 0.01369553 -0.03978043 -0.09574059  0.0828158 ]
[2024-04-24 17:52:34,855][root][INFO] - Reward: -0.9999972315297486
[2024-04-24 17:52:34,858][root][INFO] - --------------- Start iteration i=5 ---------------
[2024-04-24 17:52:34,859][root][INFO] - Length of data.x: 306
[2024-04-24 17:52:34,859][root][INFO] - Length of data.y: 306
[2024-04-24 17:52:35,350][root][INFO] - x: [ 0.03223154  0.09717484  0.74115906 -0.03749528 -0.24887964]
[2024-04-24 17:52:35,351][root][INFO] - y: [ 0.00971748 -0.05492857 -0.02983782  0.10908627]
[2024-04-24 17:52:35,352][root][INFO] - Reward: -0.999999070616315
[2024-04-24 17:52:35,356][root][INFO] - --------------- Start iteration i=6 ---------------
[2024-04-24 17:52:35,356][root][INFO] - Length of data.x: 307
[2024-04-24 17:52:35,356][root][INFO] - Length of data.y: 307
[2024-04-24 17:52:35,862][root][INFO] - x: [0.04194902 0.04224627 0.71132124 0.07159099 0.13257866]
[2024-04-24 17:52:35,862][root][INFO] - y: [ 0.00422463 -0.01028475  0.05697035  0.08368009]
[2024-04-24 17:52:35,863][root][INFO] - Reward: -0.9999995931894157
[2024-04-24 17:52:35,867][root][INFO] - --------------- Start iteration i=7 ---------------
[2024-04-24 17:52:35,867][root][INFO] - Length of data.x: 308
[2024-04-24 17:52:35,868][root][INFO] - Length of data.y: 308
[2024-04-24 17:52:36,406][root][INFO] - x: [ 0.04617365  0.03196152  0.76829159  0.15527108 -0.20376894]
[2024-04-24 17:52:36,406][root][INFO] - y: [ 0.00319615 -0.06830038  0.1235609   0.116325  ]
[2024-04-24 17:52:36,407][root][INFO] - Reward: -0.9999995952975658
[2024-04-24 17:52:36,411][root][INFO] - --------------- Start iteration i=8 ---------------
[2024-04-24 17:52:36,411][root][INFO] - Length of data.x: 309
[2024-04-24 17:52:36,411][root][INFO] - Length of data.y: 309
[2024-04-24 17:52:36,928][root][INFO] - x: [ 0.0493698  -0.03633886  0.89185249  0.27159609  0.04370362]
[2024-04-24 17:52:36,928][root][INFO] - y: [-0.00363389 -0.04482603  0.21612947  0.07498956]
[2024-04-24 17:52:36,929][root][INFO] - Reward: -0.999988850108444
[2024-04-24 17:52:36,932][root][INFO] - --------------- Start iteration i=9 ---------------
[2024-04-24 17:52:36,932][root][INFO] - Length of data.x: 310
[2024-04-24 17:52:36,933][root][INFO] - Length of data.y: 310
[2024-04-24 17:52:37,439][root][INFO] - x: [ 0.04573592 -0.08116489 -0.89201804  0.34658565 -0.36803295]
[2024-04-24 17:52:37,440][root][INFO] - y: [-0.00811649  0.01956194  0.27580432 -0.05112492]
[2024-04-24 17:52:37,440][root][INFO] - Reward: -0.9962095880333101
[2024-04-24 17:52:37,444][root][INFO] - --------------- Start iteration i=10 ---------------
[2024-04-24 17:52:37,444][root][INFO] - Length of data.x: 311
[2024-04-24 17:52:37,444][root][INFO] - Length of data.y: 311
[2024-04-24 17:53:16,864][root][INFO] - Eval Returns: [-22.64828657 -21.85609438 -23.42271411 -17.64433381 -19.58156887]
[2024-04-24 17:53:16,880][root][INFO] - Eval Returns: mean=-21.031 std=2.125
[2024-04-24 17:53:16,880][root][INFO] - Eval ndata: 311.000
[2024-04-24 17:53:16,880][root][INFO] - Model MSE (current real MPC): 0.488
[2024-04-24 17:53:18,859][root][INFO] - Model MSE (random test set): 0.467
[2024-04-24 17:53:18,859][root][INFO] - Model MSE (GT MPC): 0.013
[2024-04-24 17:53:18,859][root][INFO] - Model Likelihood (random test set): -3.928
[2024-04-24 17:53:18,859][root][INFO] - Model Likelihood (GT MPC): -3.748
[2024-04-24 17:53:18,859][root][INFO] - *[TIME] [Evaluate the current MPC policy] Elapsed: 40.88 seconds
