[2024-04-24 23:39:01,350][root][INFO] - Dumper dumping to /tirl/experiments/mpc_pendulum_2024-04-24/23-38-55/seed_0
[2024-04-24 23:39:01,357][root][INFO] - Start obs: None
[2024-04-24 23:39:20,939][root][INFO] - GT Returns: [-115.59968456 -114.40695921 -125.13539676 -341.1301599  -123.59497288]
[2024-04-24 23:39:20,939][root][INFO] - GT Returns: mean=-163.973 std=88.679
[2024-04-24 23:39:20,939][root][INFO] - Path Lengths: [39420, 39420, 39420, 39420, 39420]
[2024-04-24 23:39:20,939][root][INFO] - Path Lengths: mean=39420.000 std=0.000
[2024-04-24 23:39:21,015][root][INFO] - all_x.shape = (197100, 3)
[2024-04-24 23:39:21,020][root][INFO] - all_x.min(axis=0) = [-0.99993679 -1.         -1.        ]
[2024-04-24 23:39:21,026][root][INFO] - all_x.max(axis=0) = [0.99996632 1.         1.        ]
[2024-04-24 23:39:21,029][root][INFO] - all_x.mean(axis=0) = [ 0.01060523 -0.01833817 -0.0101736 ]
[2024-04-24 23:39:21,037][root][INFO] - all_x.var(axis=0) = [0.09071281 0.10658433 0.25455691]
[2024-04-24 23:39:21,104][root][INFO] - --------------- Start iteration i=0 ---------------
[2024-04-24 23:39:21,104][root][INFO] - Length of data.x: 1
[2024-04-24 23:39:21,104][root][INFO] - Length of data.y: 1
[2024-04-24 23:39:51,565][root][INFO] - Eval Returns: [-1706.16257538  -765.51994528 -1655.2322471  -1699.34102465
 -1567.46107891]
[2024-04-24 23:39:51,608][root][INFO] - Eval Returns: mean=-1478.743 std=360.025
[2024-04-24 23:39:51,609][root][INFO] - Eval ndata: 1.000
[2024-04-24 23:39:51,609][root][INFO] - Model MSE (current real MPC): 0.073
[2024-04-24 23:39:52,063][root][INFO] - Model MSE (random test set): 0.014
[2024-04-24 23:39:52,063][root][INFO] - Model MSE (GT MPC): 0.009
[2024-04-24 23:39:52,064][root][INFO] - Model Likelihood (random test set): -1.900
[2024-04-24 23:39:52,064][root][INFO] - Model Likelihood (GT MPC): -1.906
[2024-04-24 23:39:52,064][root][INFO] - *[TIME] [Evaluate the current MPC policy] Elapsed: 30.88 seconds
[2024-04-24 23:39:53,277][root][INFO] - x: [ 0.48339019 -0.04771512 -0.63851126]
[2024-04-24 23:39:53,278][root][INFO] - y: [0.00279643 0.06967822]
[2024-04-24 23:39:53,278][root][INFO] - Reward: -2.3376698588043303
[2024-04-24 23:39:55,036][root][INFO] - --------------- Start iteration i=1 ---------------
[2024-04-24 23:39:55,036][root][INFO] - Length of data.x: 2
[2024-04-24 23:39:55,037][root][INFO] - Length of data.y: 2
[2024-04-24 23:39:55,136][root][INFO] - x: [0.48618662 0.0219631  0.94588946]
[2024-04-24 23:39:55,137][root][INFO] - y: [0.0192381  0.12913259]
[2024-04-24 23:39:55,137][root][INFO] - Reward: -2.6709217862237398
[2024-04-24 23:39:55,138][root][INFO] - --------------- Start iteration i=2 ---------------
[2024-04-24 23:39:55,138][root][INFO] - Length of data.x: 3
[2024-04-24 23:39:55,138][root][INFO] - Length of data.y: 3
[2024-04-24 23:39:55,247][root][INFO] - x: [ 0.50542472  0.1510957  -0.95288075]
[2024-04-24 23:39:55,247][root][INFO] - y: [0.02662332 0.05800336]
[2024-04-24 23:39:55,247][root][INFO] - Reward: -3.077294950953438
[2024-04-24 23:39:55,248][root][INFO] - --------------- Start iteration i=3 ---------------
[2024-04-24 23:39:55,248][root][INFO] - Length of data.x: 4
[2024-04-24 23:39:55,248][root][INFO] - Length of data.y: 4
[2024-04-24 23:39:55,349][root][INFO] - x: [ 0.53204804  0.20909905 -0.31836056]
[2024-04-24 23:39:55,349][root][INFO] - y: [0.03697943 0.08133672]
[2024-04-24 23:39:55,349][root][INFO] - Reward: -3.735965907862642
[2024-04-24 23:39:55,350][root][INFO] - --------------- Start iteration i=4 ---------------
[2024-04-24 23:39:55,350][root][INFO] - Length of data.x: 5
[2024-04-24 23:39:55,350][root][INFO] - Length of data.y: 5
[2024-04-24 23:39:55,449][root][INFO] - x: [ 0.56902747  0.29043577 -1.        ]
[2024-04-24 23:39:55,450][root][INFO] - y: [0.04386183 0.05405425]
[2024-04-24 23:39:55,450][root][INFO] - Reward: -4.470861819865336
[2024-04-24 23:39:55,451][root][INFO] - --------------- Start iteration i=5 ---------------
[2024-04-24 23:39:55,451][root][INFO] - Length of data.x: 6
[2024-04-24 23:39:55,451][root][INFO] - Length of data.y: 6
[2024-04-24 23:40:28,872][root][INFO] - Eval Returns: [ -812.06870327 -1152.67658223  -822.20662407  -798.04852117
  -967.26573911]
[2024-04-24 23:40:28,915][root][INFO] - Eval Returns: mean=-910.453 std=135.648
[2024-04-24 23:40:28,915][root][INFO] - Eval ndata: 6.000
[2024-04-24 23:40:28,915][root][INFO] - Model MSE (current real MPC): 0.133
[2024-04-24 23:40:29,392][root][INFO] - Model MSE (random test set): 0.002
[2024-04-24 23:40:29,392][root][INFO] - Model MSE (GT MPC): 0.001
[2024-04-24 23:40:29,392][root][INFO] - Model Likelihood (random test set): -1.860
[2024-04-24 23:40:29,393][root][INFO] - Model Likelihood (GT MPC): -1.854
[2024-04-24 23:40:29,393][root][INFO] - *[TIME] [Evaluate the current MPC policy] Elapsed: 33.85 seconds
[2024-04-24 23:40:33,512][root][INFO] - x: [0.6128893  0.34449002 0.24792692]
[2024-04-24 23:40:33,512][root][INFO] - y: [0.05623937 0.09721294]
[2024-04-24 23:40:33,512][root][INFO] - Reward: -5.667845077961879
[2024-04-24 23:40:36,211][root][INFO] - --------------- Start iteration i=6 ---------------
[2024-04-24 23:40:36,211][root][INFO] - Length of data.x: 7
[2024-04-24 23:40:36,211][root][INFO] - Length of data.y: 7
[2024-04-24 23:40:36,325][root][INFO] - x: [0.66912867 0.44170297 0.47877776]
[2024-04-24 23:40:36,326][root][INFO] - y: [0.06881631 0.09877906]
[2024-04-24 23:40:36,326][root][INFO] - Reward: -7.245109724627539
[2024-04-24 23:40:36,327][root][INFO] - --------------- Start iteration i=7 ---------------
[2024-04-24 23:40:36,327][root][INFO] - Length of data.x: 8
[2024-04-24 23:40:36,327][root][INFO] - Length of data.y: 8
[2024-04-24 23:40:36,422][root][INFO] - x: [ 0.73794497  0.54048203 -0.46983274]
[2024-04-24 23:40:36,422][root][INFO] - y: [0.07532701 0.05113498]
[2024-04-24 23:40:36,423][root][INFO] - Reward: -8.768819811219384
[2024-04-24 23:40:36,423][root][INFO] - --------------- Start iteration i=8 ---------------
[2024-04-24 23:40:36,423][root][INFO] - Length of data.x: 9
[2024-04-24 23:40:36,424][root][INFO] - Length of data.y: 9
[2024-04-24 23:40:36,527][root][INFO] - x: [0.81327199 0.591617   0.98520473]
[2024-04-24 23:40:36,528][root][INFO] - y: [0.08663856 0.08884068]
[2024-04-24 23:40:36,528][root][INFO] - Reward: -10.960018454328168
[2024-04-24 23:40:36,529][root][INFO] - --------------- Start iteration i=9 ---------------
[2024-04-24 23:40:36,529][root][INFO] - Length of data.x: 10
[2024-04-24 23:40:36,530][root][INFO] - Length of data.y: 10
[2024-04-24 23:40:36,625][root][INFO] - x: [0.89991055 0.68045768 0.66342412]
[2024-04-24 23:40:36,626][root][INFO] - y: [0.09349798 0.0538738 ]
[2024-04-24 23:40:36,626][root][INFO] - Reward: -13.192837321036492
[2024-04-24 23:40:36,627][root][INFO] - --------------- Start iteration i=10 ---------------
[2024-04-24 23:40:36,627][root][INFO] - Length of data.x: 11
[2024-04-24 23:40:36,627][root][INFO] - Length of data.y: 11
[2024-04-24 23:41:07,847][root][INFO] - Eval Returns: [-1798.7279508   -769.06415234 -1739.61740009  -644.34522847
  -641.02495157]
[2024-04-24 23:41:07,883][root][INFO] - Eval Returns: mean=-1118.556 std=533.556
[2024-04-24 23:41:07,883][root][INFO] - Eval ndata: 11.000
[2024-04-24 23:41:07,883][root][INFO] - Model MSE (current real MPC): 0.071
[2024-04-24 23:41:08,357][root][INFO] - Model MSE (random test set): 0.003
[2024-04-24 23:41:08,357][root][INFO] - Model MSE (GT MPC): 0.001
[2024-04-24 23:41:08,357][root][INFO] - Model Likelihood (random test set): -1.857
[2024-04-24 23:41:08,358][root][INFO] - Model Likelihood (GT MPC): -1.846
[2024-04-24 23:41:08,358][root][INFO] - *[TIME] [Evaluate the current MPC policy] Elapsed: 31.63 seconds
[2024-04-24 23:41:11,350][root][INFO] - x: [0.99340853 0.73433148 0.32214079]
[2024-04-24 23:41:11,351][root][INFO] - y: [0.09528326 0.01402148]
[2024-04-24 23:41:11,351][root][INFO] - Reward: -11.781156579346746
[2024-04-24 23:41:13,048][root][INFO] - --------------- Start iteration i=11 ---------------
[2024-04-24 23:41:13,049][root][INFO] - Length of data.x: 12
[2024-04-24 23:41:13,049][root][INFO] - Length of data.y: 12
[2024-04-24 23:41:13,525][root][INFO] - x: [-0.91130821  0.74835296 -0.65149057]
[2024-04-24 23:41:13,526][root][INFO] - y: [ 0.08888954 -0.05021608]
[2024-04-24 23:41:13,526][root][INFO] - Reward: -9.7965553632196
[2024-04-24 23:41:13,527][root][INFO] - --------------- Start iteration i=12 ---------------
[2024-04-24 23:41:13,527][root][INFO] - Length of data.x: 13
[2024-04-24 23:41:13,528][root][INFO] - Length of data.y: 13
[2024-04-24 23:41:13,639][root][INFO] - x: [-0.82241867  0.69813687  1.        ]
[2024-04-24 23:41:13,640][root][INFO] - y: [ 0.087345   -0.01213085]
[2024-04-24 23:41:13,640][root][INFO] - Reward: -8.348743492929694
[2024-04-24 23:41:13,641][root][INFO] - --------------- Start iteration i=13 ---------------
[2024-04-24 23:41:13,641][root][INFO] - Length of data.x: 14
[2024-04-24 23:41:13,641][root][INFO] - Length of data.y: 14
[2024-04-24 23:41:13,749][root][INFO] - x: [-0.73507367  0.68600602 -0.30783299]
[2024-04-24 23:41:13,750][root][INFO] - y: [ 0.07704837 -0.08086954]
[2024-04-24 23:41:13,750][root][INFO] - Reward: -6.617508336852842
[2024-04-24 23:41:13,751][root][INFO] - --------------- Start iteration i=14 ---------------
[2024-04-24 23:41:13,752][root][INFO] - Length of data.x: 15
[2024-04-24 23:41:13,752][root][INFO] - Length of data.y: 15
[2024-04-24 23:41:13,854][root][INFO] - x: [-0.6580253   0.60513648  0.70683617]
[2024-04-24 23:41:13,855][root][INFO] - y: [ 0.06992765 -0.055926  ]
[2024-04-24 23:41:13,855][root][INFO] - Reward: -5.34593448270322
[2024-04-24 23:41:13,856][root][INFO] - --------------- Start iteration i=15 ---------------
[2024-04-24 23:41:13,856][root][INFO] - Length of data.x: 16
[2024-04-24 23:41:13,856][root][INFO] - Length of data.y: 16
[2024-04-24 23:41:48,332][root][INFO] - Eval Returns: [-810.35072779 -629.95612121 -640.48564423 -657.28561859 -630.30275212]
[2024-04-24 23:41:48,381][root][INFO] - Eval Returns: mean=-673.676 std=69.055
[2024-04-24 23:41:48,381][root][INFO] - Eval ndata: 16.000
[2024-04-24 23:41:48,381][root][INFO] - Model MSE (current real MPC): 0.096
[2024-04-24 23:41:48,947][root][INFO] - Model MSE (random test set): 0.000
[2024-04-24 23:41:48,947][root][INFO] - Model MSE (GT MPC): 0.000
[2024-04-24 23:41:48,947][root][INFO] - Model Likelihood (random test set): -1.851
[2024-04-24 23:41:48,947][root][INFO] - Model Likelihood (GT MPC): -1.845
[2024-04-24 23:41:48,948][root][INFO] - *[TIME] [Evaluate the current MPC policy] Elapsed: 34.99 seconds
