[2024-04-19 19:38:03,416][root][INFO] - Dumper dumping to /trajectory-information-rl/experiments/mpc_frozencartpole_2024-04-19/19-37-58/seed_1
[2024-04-19 19:38:03,421][root][INFO] - Start obs: None
[2024-04-19 19:38:17,428][root][INFO] - GT Returns: [-10.22171274 -12.32484582 -12.4496882  -11.31445909 -11.09944916]
[2024-04-19 19:38:17,428][root][INFO] - GT Returns: mean=-11.482 std=0.826
[2024-04-19 19:38:17,428][root][INFO] - Path Lengths: [36345, 36270, 36300, 36345, 36330]
[2024-04-19 19:38:17,428][root][INFO] - Path Lengths: mean=36318.000 std=29.086
[2024-04-19 19:38:17,490][root][INFO] - all_x.shape = (181590, 5)
[2024-04-19 19:38:17,495][root][INFO] - all_x.min(axis=0) = [-0.63922041 -0.94836499 -0.99998644 -0.83208236 -1.        ]
[2024-04-19 19:38:17,499][root][INFO] - all_x.max(axis=0) = [0.97800121 1.42958735 0.99999844 0.86179523 1.        ]
[2024-04-19 19:38:17,502][root][INFO] - all_x.mean(axis=0) = [ 0.00289244 -0.00725216  0.00421807  0.0037038  -0.01082442]
[2024-04-19 19:38:17,511][root][INFO] - all_x.var(axis=0) = [0.00857009 0.03623966 0.2521946  0.08250253 0.23411976]
[2024-04-19 19:38:17,546][root][INFO] - --------------- Start iteration i=0 ---------------
[2024-04-19 19:38:17,546][root][INFO] - Length of data.x: 1
[2024-04-19 19:38:17,546][root][INFO] - Length of data.y: 1
[2024-04-19 19:38:22,937][root][INFO] - Eval Returns: [-24.99997215 -24.99996619 -24.99997762 -24.99997653 -24.99996918]
[2024-04-19 19:38:22,942][root][INFO] - Eval Returns: mean=-25.000 std=0.000
[2024-04-19 19:38:22,942][root][INFO] - Eval ndata: 1.000
[2024-04-19 19:38:22,942][root][INFO] - Model MSE (current real MPC): 0.546
[2024-04-19 19:38:23,965][root][INFO] - Model MSE (random test set): 0.484
[2024-04-19 19:38:23,965][root][INFO] - Model MSE (GT MPC): 0.181
[2024-04-19 19:38:23,965][root][INFO] - Model Likelihood (random test set): -4.160
[2024-04-19 19:38:23,966][root][INFO] - Model Likelihood (GT MPC): -4.004
[2024-04-19 19:38:23,966][root][INFO] - *[TIME] [Evaluate the current MPC policy] Elapsed: 6.23 seconds
[2024-04-19 19:38:25,565][root][INFO] - x: [-1.10376824e-03  9.76875990e-04  9.98294992e-01 -7.29283356e-05
  1.00000000e+00]
[2024-04-19 19:38:25,565][root][INFO] - y: [ 9.76875990e-05  7.96672527e-02 -5.80345724e-05 -7.91398604e-02]
[2024-04-19 19:38:25,565][root][INFO] - Reward: -0.9999900723437004
[2024-04-19 19:38:26,900][root][INFO] - --------------- Start iteration i=1 ---------------
[2024-04-19 19:38:26,900][root][INFO] - Length of data.x: 2
[2024-04-19 19:38:26,900][root][INFO] - Length of data.y: 2
[2024-04-19 19:38:27,069][root][INFO] - x: [-0.00100608  0.08064413  0.99823696 -0.07921279 -1.        ]
[2024-04-19 19:38:27,070][root][INFO] - y: [ 0.00806441 -0.08166744 -0.06303559  0.08221034]
[2024-04-19 19:38:27,070][root][INFO] - Reward: -0.9999906291328589
[2024-04-19 19:38:27,070][root][INFO] - --------------- Start iteration i=2 ---------------
[2024-04-19 19:38:27,070][root][INFO] - Length of data.x: 3
[2024-04-19 19:38:27,070][root][INFO] - Length of data.y: 3
[2024-04-19 19:38:27,220][root][INFO] - x: [ 0.00705833 -0.00102331  0.93520137  0.00299755 -0.99284405]
[2024-04-19 19:38:27,220][root][INFO] - y: [-1.02331329e-04 -1.66425917e-01  2.38537754e-03  1.82842395e-01]
[2024-04-19 19:38:27,220][root][INFO] - Reward: -0.9999906340993743
[2024-04-19 19:38:27,221][root][INFO] - --------------- Start iteration i=3 ---------------
[2024-04-19 19:38:27,221][root][INFO] - Length of data.x: 4
[2024-04-19 19:38:27,221][root][INFO] - Length of data.y: 4
[2024-04-19 19:38:27,371][root][INFO] - x: [ 0.006956   -0.16744923  0.93758675  0.18583995  1.        ]
[2024-04-19 19:38:27,371][root][INFO] - y: [-0.01674492  0.13818023  0.14788685 -0.11640056]
[2024-04-19 19:38:27,372][root][INFO] - Reward: -0.9999911894406879
[2024-04-19 19:38:27,372][root][INFO] - --------------- Start iteration i=4 ---------------
[2024-04-19 19:38:27,372][root][INFO] - Length of data.x: 5
[2024-04-19 19:38:27,372][root][INFO] - Length of data.y: 5
[2024-04-19 19:38:27,523][root][INFO] - x: [-0.00978892 -0.029269   -0.9145264   0.06943938  1.        ]
[2024-04-19 19:38:27,523][root][INFO] - y: [-0.0029269   0.09350983  0.05525815 -0.11621218]
[2024-04-19 19:38:27,523][root][INFO] - Reward: -0.9999909956027414
[2024-04-19 19:38:27,524][root][INFO] - --------------- Start iteration i=5 ---------------
[2024-04-19 19:38:27,524][root][INFO] - Length of data.x: 6
[2024-04-19 19:38:27,524][root][INFO] - Length of data.y: 6
[2024-04-19 19:38:27,675][root][INFO] - x: [-0.01271582  0.06424083 -0.85926825 -0.0467728   1.        ]
[2024-04-19 19:38:27,675][root][INFO] - y: [ 0.00642408  0.09295197 -0.03722064 -0.12603004]
[2024-04-19 19:38:27,675][root][INFO] - Reward: -0.9999892731258077
[2024-04-19 19:38:27,676][root][INFO] - --------------- Start iteration i=6 ---------------
[2024-04-19 19:38:27,676][root][INFO] - Length of data.x: 7
[2024-04-19 19:38:27,676][root][INFO] - Length of data.y: 7
[2024-04-19 19:38:27,830][root][INFO] - x: [-0.00629174  0.1571928  -0.89648889 -0.17280284 -0.22891019]
[2024-04-19 19:38:27,830][root][INFO] - y: [ 0.01571928  0.01066699 -0.13751224 -0.04148191]
[2024-04-19 19:38:27,830][root][INFO] - Reward: -0.9999913223938511
[2024-04-19 19:38:27,831][root][INFO] - --------------- Start iteration i=7 ---------------
[2024-04-19 19:38:27,831][root][INFO] - Length of data.x: 8
[2024-04-19 19:38:27,831][root][INFO] - Length of data.y: 8
[2024-04-19 19:38:27,983][root][INFO] - x: [ 0.00942754  0.16785978  0.96599887 -0.21428475  0.06137125]
[2024-04-19 19:38:27,984][root][INFO] - y: [ 0.01678598 -0.00641216 -0.17052252  0.01684541]
[2024-04-19 19:38:27,984][root][INFO] - Reward: -0.9999959991865436
[2024-04-19 19:38:27,984][root][INFO] - --------------- Start iteration i=8 ---------------
[2024-04-19 19:38:27,984][root][INFO] - Length of data.x: 9
[2024-04-19 19:38:27,984][root][INFO] - Length of data.y: 9
[2024-04-19 19:38:28,137][root][INFO] - x: [ 0.02621352  0.16144763  0.79547634 -0.19743934 -0.30013389]
[2024-04-19 19:38:28,137][root][INFO] - y: [ 0.01614476 -0.09371806 -0.15711736  0.13387274]
[2024-04-19 19:38:28,137][root][INFO] - Reward: -0.9999983408781004
[2024-04-19 19:38:28,138][root][INFO] - --------------- Start iteration i=9 ---------------
[2024-04-19 19:38:28,138][root][INFO] - Length of data.x: 10
[2024-04-19 19:38:28,138][root][INFO] - Length of data.y: 10
[2024-04-19 19:38:28,291][root][INFO] - x: [ 0.04235828  0.06772957  0.63835898 -0.0635666  -1.        ]
[2024-04-19 19:38:28,291][root][INFO] - y: [ 0.00677296 -0.12659709 -0.05058473  0.14237943]
[2024-04-19 19:38:28,292][root][INFO] - Reward: -0.9999989821111939
[2024-04-19 19:38:28,292][root][INFO] - --------------- Start iteration i=10 ---------------
[2024-04-19 19:38:28,292][root][INFO] - Length of data.x: 11
[2024-04-19 19:38:28,292][root][INFO] - Length of data.y: 11
[2024-04-19 19:38:34,227][root][INFO] - Eval Returns: [-24.93183198 -23.93467152 -20.70747388 -22.25665093 -24.4735586 ]
[2024-04-19 19:38:34,232][root][INFO] - Eval Returns: mean=-23.261 std=1.565
[2024-04-19 19:38:34,232][root][INFO] - Eval ndata: 11.000
[2024-04-19 19:38:34,232][root][INFO] - Model MSE (current real MPC): 0.722
[2024-04-19 19:38:35,289][root][INFO] - Model MSE (random test set): 0.422
[2024-04-19 19:38:35,289][root][INFO] - Model MSE (GT MPC): 0.224
[2024-04-19 19:38:35,289][root][INFO] - Model Likelihood (random test set): -3.983
[2024-04-19 19:38:35,289][root][INFO] - Model Likelihood (GT MPC): -3.815
[2024-04-19 19:38:35,289][root][INFO] - *[TIME] [Evaluate the current MPC policy] Elapsed: 6.85 seconds
[2024-04-19 19:38:37,634][root][INFO] - x: [ 0.04913124 -0.05886753  0.58777425  0.07881284 -0.85816307]
[2024-04-19 19:38:37,634][root][INFO] - y: [-0.00588675 -0.10335142  0.06271731  0.12262944]
[2024-04-19 19:38:37,634][root][INFO] - Reward: -0.9999987281567609
[2024-04-19 19:38:38,388][root][INFO] - --------------- Start iteration i=11 ---------------
[2024-04-19 19:38:38,389][root][INFO] - Length of data.x: 12
[2024-04-19 19:38:38,389][root][INFO] - Length of data.y: 12
[2024-04-19 19:38:38,566][root][INFO] - x: [ 0.04324449 -0.16221894  0.65049157  0.20144228 -0.45163154]
[2024-04-19 19:38:38,566][root][INFO] - y: [-0.01622189 -0.10012567  0.1603028   0.13302163]
[2024-04-19 19:38:38,567][root][INFO] - Reward: -0.9999965218263908
[2024-04-19 19:38:38,567][root][INFO] - --------------- Start iteration i=12 ---------------
[2024-04-19 19:38:38,567][root][INFO] - Length of data.x: 13
[2024-04-19 19:38:38,567][root][INFO] - Length of data.y: 13
[2024-04-19 19:38:38,734][root][INFO] - x: [ 0.02702259 -0.26234461  0.81079437  0.33446392 -1.        ]
[2024-04-19 19:38:38,734][root][INFO] - y: [-0.02623446 -0.23322366  0.26615814  0.24821493]
[2024-04-19 19:38:38,734][root][INFO] - Reward: -0.9999880511719325
[2024-04-19 19:38:38,735][root][INFO] - --------------- Start iteration i=13 ---------------
[2024-04-19 19:38:38,735][root][INFO] - Length of data.x: 14
[2024-04-19 19:38:38,735][root][INFO] - Length of data.y: 14
[2024-04-19 19:38:38,912][root][INFO] - x: [ 7.88130099e-04 -4.95568271e-01 -9.23047486e-01  5.82678848e-01
  1.00000000e+00]
[2024-04-19 19:38:38,913][root][INFO] - y: [-0.04955683  0.29345656  0.46368147 -0.30843243]
[2024-04-19 19:38:38,913][root][INFO] - Reward: -0.9999905840090816
[2024-04-19 19:38:38,913][root][INFO] - --------------- Start iteration i=14 ---------------
[2024-04-19 19:38:38,914][root][INFO] - Length of data.x: 15
[2024-04-19 19:38:38,914][root][INFO] - Length of data.y: 15
[2024-04-19 19:38:39,071][root][INFO] - x: [-0.0487687  -0.20211171 -0.45936602  0.27424642  1.        ]
[2024-04-19 19:38:39,071][root][INFO] - y: [-0.02021117  0.11802508  0.21823854 -0.08237515]
[2024-04-19 19:38:39,071][root][INFO] - Reward: -0.999951400280564
[2024-04-19 19:38:39,072][root][INFO] - --------------- Start iteration i=15 ---------------
[2024-04-19 19:38:39,072][root][INFO] - Length of data.x: 16
[2024-04-19 19:38:39,072][root][INFO] - Length of data.y: 16
[2024-04-19 19:38:39,228][root][INFO] - x: [-0.06897987 -0.08408663 -0.24112747  0.19187127  1.        ]
[2024-04-19 19:38:39,229][root][INFO] - y: [-0.00840866  0.07003551  0.15268643 -0.01659203]
[2024-04-19 19:38:39,229][root][INFO] - Reward: -0.9991324459812807
[2024-04-19 19:38:39,229][root][INFO] - --------------- Start iteration i=16 ---------------
[2024-04-19 19:38:39,229][root][INFO] - Length of data.x: 17
[2024-04-19 19:38:39,229][root][INFO] - Length of data.y: 17
[2024-04-19 19:38:39,387][root][INFO] - x: [-0.07738853 -0.01405112 -0.08844104  0.17527924  0.328707  ]
[2024-04-19 19:38:39,387][root][INFO] - y: [-0.00140511  0.02260035  0.1394829  -0.00520113]
[2024-04-19 19:38:39,387][root][INFO] - Reward: -0.9783532337933086
[2024-04-19 19:38:39,388][root][INFO] - --------------- Start iteration i=17 ---------------
[2024-04-19 19:38:39,388][root][INFO] - Length of data.x: 18
[2024-04-19 19:38:39,388][root][INFO] - Length of data.y: 18
[2024-04-19 19:38:39,544][root][INFO] - x: [-0.07879364  0.00854924  0.05104186  0.17007811  0.06981319]
[2024-04-19 19:38:39,545][root][INFO] - y: [0.00085492 0.0076896  0.13534397 0.02327018]
[2024-04-19 19:38:39,545][root][INFO] - Reward: -0.814384790472084
[2024-04-19 19:38:39,545][root][INFO] - --------------- Start iteration i=18 ---------------
[2024-04-19 19:38:39,546][root][INFO] - Length of data.x: 19
[2024-04-19 19:38:39,546][root][INFO] - Length of data.y: 19
[2024-04-19 19:38:39,704][root][INFO] - x: [-0.07793872  0.01623884  0.18638582  0.19334829 -0.20954848]
[2024-04-19 19:38:39,704][root][INFO] - y: [ 0.00162388 -0.01764298  0.1538618   0.039567  ]
[2024-04-19 19:38:39,704][root][INFO] - Reward: -0.7063672207727381
[2024-04-19 19:38:39,705][root][INFO] - --------------- Start iteration i=19 ---------------
[2024-04-19 19:38:39,705][root][INFO] - Length of data.x: 20
[2024-04-19 19:38:39,705][root][INFO] - Length of data.y: 20
[2024-04-19 19:38:39,862][root][INFO] - x: [-0.07631484 -0.00140414  0.34024762  0.23291528 -0.55251681]
[2024-04-19 19:38:39,863][root][INFO] - y: [-1.40414428e-04 -6.20534148e-02  1.85348243e-01  5.62378556e-02]
[2024-04-19 19:38:39,863][root][INFO] - Reward: -0.972207840846501
[2024-04-19 19:38:39,863][root][INFO] - --------------- Start iteration i=20 ---------------
[2024-04-19 19:38:39,864][root][INFO] - Length of data.x: 21
[2024-04-19 19:38:39,864][root][INFO] - Length of data.y: 21
[2024-04-19 19:38:46,326][root][INFO] - Eval Returns: [-24.99995935 -24.99997521 -24.99996207 -24.99995825 -24.99997589]
[2024-04-19 19:38:46,331][root][INFO] - Eval Returns: mean=-25.000 std=0.000
[2024-04-19 19:38:46,331][root][INFO] - Eval ndata: 21.000
[2024-04-19 19:38:46,331][root][INFO] - Model MSE (current real MPC): 0.640
[2024-04-19 19:38:47,386][root][INFO] - Model MSE (random test set): 0.234
[2024-04-19 19:38:47,386][root][INFO] - Model MSE (GT MPC): 0.048
[2024-04-19 19:38:47,386][root][INFO] - Model Likelihood (random test set): -4.000
[2024-04-19 19:38:47,386][root][INFO] - Model Likelihood (GT MPC): -3.825
[2024-04-19 19:38:47,386][root][INFO] - *[TIME] [Evaluate the current MPC policy] Elapsed: 7.36 seconds
[2024-04-19 19:38:49,819][root][INFO] - x: [-0.07645525 -0.06345756  0.52559587  0.28915314 -0.36740755]
[2024-04-19 19:38:49,819][root][INFO] - y: [-0.00634576 -0.0990545   0.23010094  0.10583913]
[2024-04-19 19:38:49,819][root][INFO] - Reward: -0.9999483349734295
[2024-04-19 19:38:50,937][root][INFO] - --------------- Start iteration i=21 ---------------
[2024-04-19 19:38:50,938][root][INFO] - Length of data.x: 22
[2024-04-19 19:38:50,938][root][INFO] - Length of data.y: 22
[2024-04-19 19:38:51,111][root][INFO] - x: [-0.08280101 -0.16251206  0.75569681  0.39499227 -0.21517806]
[2024-04-19 19:38:51,112][root][INFO] - y: [-0.01625121 -0.16020795  0.31432512  0.18347735]
[2024-04-19 19:38:51,112][root][INFO] - Reward: -0.9999999994412122
[2024-04-19 19:38:51,112][root][INFO] - --------------- Start iteration i=22 ---------------
[2024-04-19 19:38:51,112][root][INFO] - Length of data.x: 23
[2024-04-19 19:38:51,113][root][INFO] - Length of data.y: 23
[2024-04-19 19:38:51,274][root][INFO] - x: [-0.09905221 -0.32272001 -0.92997807  0.57846962  1.        ]
[2024-04-19 19:38:51,274][root][INFO] - y: [-0.032272    0.20148422  0.46033187 -0.21805719]
[2024-04-19 19:38:51,275][root][INFO] - Reward: -0.9999999999999803
[2024-04-19 19:38:51,275][root][INFO] - --------------- Start iteration i=23 ---------------
[2024-04-19 19:38:51,275][root][INFO] - Length of data.x: 24
[2024-04-19 19:38:51,275][root][INFO] - Length of data.y: 24
[2024-04-19 19:38:51,437][root][INFO] - x: [-0.13132421 -0.12123579 -0.4696462   0.36041244  0.62359006]
[2024-04-19 19:38:51,438][root][INFO] - y: [-0.01212358  0.15063887  0.28680734 -0.08341061]
[2024-04-19 19:38:51,438][root][INFO] - Reward: -0.9999999999841598
[2024-04-19 19:38:51,438][root][INFO] - --------------- Start iteration i=24 ---------------
[2024-04-19 19:38:51,439][root][INFO] - Length of data.x: 25
[2024-04-19 19:38:51,439][root][INFO] - Length of data.y: 25
[2024-04-19 19:38:51,600][root][INFO] - x: [-0.14344779  0.02940308 -0.18283886  0.27700183  0.82664998]
[2024-04-19 19:38:51,600][root][INFO] - y: [0.00294031 0.0860748  0.22043123 0.01890564]
[2024-04-19 19:38:51,600][root][INFO] - Reward: -0.9999993489569429
[2024-04-19 19:38:51,601][root][INFO] - Explore episode complete with return -24.47024593898123, resetting
[2024-04-19 19:38:51,601][root][INFO] - Exploration Episode Rewards: [-0.9999900723437004, -0.9999906291328589, -0.9999906340993743, -0.9999911894406879, -0.9999909956027414, -0.9999892731258077, -0.9999913223938511, -0.9999959991865436, -0.9999983408781004, -0.9999989821111939, -0.9999987281567609, -0.9999965218263908, -0.9999880511719325, -0.9999905840090816, -0.999951400280564, -0.9991324459812807, -0.9783532337933086, -0.814384790472084, -0.7063672207727381, -0.972207840846501, -0.9999483349734295, -0.9999999994412122, -0.9999999999999803, -0.9999999999841598, -0.9999993489569429]
[2024-04-19 19:38:51,601][root][INFO] - --------------- Start iteration i=25 ---------------
[2024-04-19 19:38:51,602][root][INFO] - Length of data.x: 26
[2024-04-19 19:38:51,602][root][INFO] - Length of data.y: 26
[2024-04-19 19:38:51,763][root][INFO] - x: [-2.95442717e-08 -1.66366363e-03 -9.90138070e-01  6.36537873e-04
 -6.47908951e-02]
[2024-04-19 19:38:51,764][root][INFO] - y: [-0.00016637 -0.00333027  0.00050654  0.00028646]
[2024-04-19 19:38:51,764][root][INFO] - Reward: -0.9999900455059968
[2024-04-19 19:38:51,765][root][INFO] - --------------- Start iteration i=26 ---------------
[2024-04-19 19:38:51,765][root][INFO] - Length of data.x: 27
[2024-04-19 19:38:51,765][root][INFO] - Length of data.y: 27
[2024-04-19 19:38:51,927][root][INFO] - x: [-1.66395907e-04 -4.99393118e-03 -9.89631529e-01  9.22998572e-04
 -3.44920183e-01]
[2024-04-19 19:38:51,927][root][INFO] - y: [-0.00049939 -0.02557937  0.0007345   0.0223674 ]
[2024-04-19 19:38:51,927][root][INFO] - Reward: -0.999990061352104
[2024-04-19 19:38:51,928][root][INFO] - --------------- Start iteration i=27 ---------------
[2024-04-19 19:38:51,928][root][INFO] - Length of data.x: 28
[2024-04-19 19:38:51,928][root][INFO] - Length of data.y: 28
[2024-04-19 19:38:52,090][root][INFO] - x: [-6.65789025e-04 -3.05732987e-02 -9.88897030e-01  2.32903954e-02
  3.94962908e-01]
[2024-04-19 19:38:52,091][root][INFO] - y: [-0.00305733  0.03414333  0.01853392 -0.03754743]
[2024-04-19 19:38:52,091][root][INFO] - Reward: -0.9999902609851529
[2024-04-19 19:38:52,092][root][INFO] - --------------- Start iteration i=28 ---------------
[2024-04-19 19:38:52,092][root][INFO] - Length of data.x: 29
[2024-04-19 19:38:52,092][root][INFO] - Length of data.y: 29
[2024-04-19 19:38:52,255][root][INFO] - x: [-0.00372312  0.00357004 -0.97036311 -0.01425703  0.0554419 ]
[2024-04-19 19:38:52,255][root][INFO] - y: [ 0.000357    0.00981006 -0.0113454  -0.01889771]
[2024-04-19 19:38:52,255][root][INFO] - Reward: -0.9999902487609919
[2024-04-19 19:38:52,256][root][INFO] - --------------- Start iteration i=29 ---------------
[2024-04-19 19:38:52,256][root][INFO] - Length of data.x: 30
[2024-04-19 19:38:52,256][root][INFO] - Length of data.y: 30
[2024-04-19 19:38:52,419][root][INFO] - x: [-0.00336612  0.01338009 -0.9817085  -0.03315475 -0.94888848]
[2024-04-19 19:38:52,419][root][INFO] - y: [ 0.00133801 -0.07250844 -0.02638373  0.0667486 ]
[2024-04-19 19:38:52,419][root][INFO] - Reward: -0.9999900354750506
[2024-04-19 19:38:52,420][root][INFO] - --------------- Start iteration i=30 ---------------
[2024-04-19 19:38:52,420][root][INFO] - Length of data.x: 31
[2024-04-19 19:38:52,420][root][INFO] - Length of data.y: 31
[2024-04-19 19:38:56,655][root][INFO] - *[TIME] [Evaluate the current MPC policy] Elapsed: 4.07 seconds
