[2024-04-23 17:24:19,104][root][INFO] - Dumper dumping to /tirl/experiments/mpc_frozencartpole_2024-04-23/17-24-01/seed_3
[2024-04-23 17:24:19,120][root][INFO] - Start obs: None
[2024-04-23 17:24:45,853][root][INFO] - GT Returns: [ -9.7635295  -10.51607475 -10.37540606 -12.06045209 -13.60345188]
[2024-04-23 17:24:45,853][root][INFO] - GT Returns: mean=-11.264 std=1.393
[2024-04-23 17:24:45,854][root][INFO] - Path Lengths: [36345, 36345, 36345, 36345, 36345]
[2024-04-23 17:24:45,854][root][INFO] - Path Lengths: mean=36345.000 std=0.000
[2024-04-23 17:24:45,912][root][INFO] - all_x.shape = (181725, 5)
[2024-04-23 17:24:45,918][root][INFO] - all_x.min(axis=0) = [-0.60336536 -0.94396765 -0.99999814 -0.83790047 -1.        ]
[2024-04-23 17:24:45,923][root][INFO] - all_x.max(axis=0) = [0.95411967 1.40745094 0.99998064 0.88658393 1.        ]
[2024-04-23 17:24:45,926][root][INFO] - all_x.mean(axis=0) = [ 0.00112572  0.00168588 -0.00102083 -0.01146303  0.00471787]
[2024-04-23 17:24:45,934][root][INFO] - all_x.var(axis=0) = [0.00742129 0.03349278 0.23906287 0.08013959 0.236116  ]
[2024-04-23 17:24:45,982][root][INFO] - --------------- Start iteration i=0 ---------------
[2024-04-23 17:24:45,982][root][INFO] - Length of data.x: 301
[2024-04-23 17:24:45,983][root][INFO] - Length of data.y: 301
[2024-04-23 17:25:13,244][root][INFO] - Eval Returns: [-19.95756992 -14.31171534 -19.34748226 -13.70356118 -12.94100316]
[2024-04-23 17:25:13,257][root][INFO] - Eval Returns: mean=-16.052 std=2.978
[2024-04-23 17:25:13,257][root][INFO] - Eval ndata: 301.000
[2024-04-23 17:25:13,258][root][INFO] - Model MSE (current real MPC): 0.417
[2024-04-23 17:25:14,736][root][INFO] - Model MSE (random test set): 0.002
[2024-04-23 17:25:14,737][root][INFO] - Model MSE (GT MPC): 0.001
[2024-04-23 17:25:14,737][root][INFO] - Model Likelihood (random test set): -3.729
[2024-04-23 17:25:14,737][root][INFO] - Model Likelihood (GT MPC): -3.798
[2024-04-23 17:25:14,737][root][INFO] - *[TIME] [Evaluate the current MPC policy] Elapsed: 28.30 seconds
