[2024-04-19 19:42:11,234][root][INFO] - Dumper dumping to /trajectory-information-rl/experiments/mpc_frozencartpole_2024-04-19/19-42-05/seed_0
[2024-04-19 19:42:11,238][root][INFO] - Start obs: None
[2024-04-19 19:42:24,707][root][INFO] - GT Returns: [-10.43574057 -10.5211925  -10.17484028 -10.80542272 -13.22791606]
[2024-04-19 19:42:24,708][root][INFO] - GT Returns: mean=-11.033 std=1.116
[2024-04-19 19:42:24,708][root][INFO] - Path Lengths: [36345, 36345, 36345, 36345, 36345]
[2024-04-19 19:42:24,708][root][INFO] - Path Lengths: mean=36345.000 std=0.000
[2024-04-19 19:42:24,769][root][INFO] - all_x.shape = (181725, 5)
[2024-04-19 19:42:24,774][root][INFO] - all_x.min(axis=0) = [-0.58785305 -0.84433358 -0.99998619 -0.82088393 -1.        ]
[2024-04-19 19:42:24,778][root][INFO] - all_x.max(axis=0) = [0.90549112 1.44605318 0.99998862 0.85379346 1.        ]
[2024-04-19 19:42:24,781][root][INFO] - all_x.mean(axis=0) = [-0.01394045  0.00172473  0.00790253 -0.00674765  0.01173833]
[2024-04-19 19:42:24,788][root][INFO] - all_x.var(axis=0) = [0.00562614 0.02755725 0.22729629 0.07052392 0.22530427]
[2024-04-19 19:42:24,823][root][INFO] - --------------- Start iteration i=0 ---------------
[2024-04-19 19:42:24,823][root][INFO] - Length of data.x: 32
[2024-04-19 19:42:24,823][root][INFO] - Length of data.y: 32
[2024-04-19 19:42:31,875][root][INFO] - Eval Returns: [-19.71145082 -19.8734315  -19.68777095 -19.9670534  -19.65280961]
[2024-04-19 19:42:31,880][root][INFO] - Eval Returns: mean=-19.779 std=0.121
[2024-04-19 19:42:31,880][root][INFO] - Eval ndata: 32.000
[2024-04-19 19:42:31,880][root][INFO] - Model MSE (current real MPC): 0.389
[2024-04-19 19:42:32,933][root][INFO] - Model MSE (random test set): 0.145
[2024-04-19 19:42:32,933][root][INFO] - Model MSE (GT MPC): 0.018
[2024-04-19 19:42:32,933][root][INFO] - Model Likelihood (random test set): -3.869
[2024-04-19 19:42:32,933][root][INFO] - Model Likelihood (GT MPC): -3.787
[2024-04-19 19:42:32,933][root][INFO] - *[TIME] [Evaluate the current MPC policy] Elapsed: 7.91 seconds
[2024-04-19 19:42:34,687][root][INFO] - x: [-6.30568474e-04 -1.42007087e-03  9.90163584e-01  6.26846835e-04
  1.05843929e-02]
[2024-04-19 19:42:34,687][root][INFO] - y: [-0.00014201 -0.00094974  0.00049883  0.00398362]
[2024-04-19 19:42:34,688][root][INFO] - Reward: -0.9999900289368547
[2024-04-19 19:42:36,363][root][INFO] - --------------- Start iteration i=1 ---------------
[2024-04-19 19:42:36,363][root][INFO] - Length of data.x: 33
[2024-04-19 19:42:36,364][root][INFO] - Length of data.y: 33
[2024-04-19 19:42:36,540][root][INFO] - x: [-7.72575561e-04 -2.36980775e-03  9.90662413e-01  4.61047133e-03
 -4.51835030e-01]
[2024-04-19 19:42:36,541][root][INFO] - y: [-0.00023698 -0.03781787  0.0036689   0.04068211]
[2024-04-19 19:42:36,541][root][INFO] - Reward: -0.9999900523638695
[2024-04-19 19:42:36,542][root][INFO] - --------------- Start iteration i=2 ---------------
[2024-04-19 19:42:36,542][root][INFO] - Length of data.x: 34
[2024-04-19 19:42:36,542][root][INFO] - Length of data.y: 34
[2024-04-19 19:42:36,718][root][INFO] - x: [-0.00100956 -0.04018767  0.99433131  0.04529258 -0.39107886]
[2024-04-19 19:42:36,718][root][INFO] - y: [-0.00401877 -0.03174128  0.03604272  0.03348522]
[2024-04-19 19:42:36,718][root][INFO] - Reward: -0.999990459986093
[2024-04-19 19:42:36,719][root][INFO] - --------------- Start iteration i=3 ---------------
[2024-04-19 19:42:36,719][root][INFO] - Length of data.x: 35
[2024-04-19 19:42:36,719][root][INFO] - Length of data.y: 35
[2024-04-19 19:42:36,881][root][INFO] - x: [-0.00502832 -0.07192896 -0.96962597  0.0787778  -0.41949939]
[2024-04-19 19:42:36,881][root][INFO] - y: [-0.0071929  -0.02579324  0.06268943  0.01631935]
[2024-04-19 19:42:36,881][root][INFO] - Reward: -0.9999919770596007
[2024-04-19 19:42:36,882][root][INFO] - --------------- Start iteration i=4 ---------------
[2024-04-19 19:42:36,882][root][INFO] - Length of data.x: 36
[2024-04-19 19:42:36,882][root][INFO] - Length of data.y: 36
[2024-04-19 19:42:37,044][root][INFO] - x: [-0.01222122 -0.0977222  -0.90693653  0.09509715 -0.29356718]
[2024-04-19 19:42:37,044][root][INFO] - y: [-0.00977222 -0.00166751  0.07567597 -0.02670668]
[2024-04-19 19:42:37,044][root][INFO] - Reward: -0.999994888322774
[2024-04-19 19:42:37,045][root][INFO] - --------------- Start iteration i=5 ---------------
[2024-04-19 19:42:37,045][root][INFO] - Length of data.x: 37
[2024-04-19 19:42:37,045][root][INFO] - Length of data.y: 37
[2024-04-19 19:42:37,209][root][INFO] - x: [-0.02199344 -0.09938972 -0.83126056  0.06839047 -0.31531063]
[2024-04-19 19:42:37,209][root][INFO] - y: [-0.00993897  0.00486881  0.05442345 -0.05385349]
[2024-04-19 19:42:37,209][root][INFO] - Reward: -0.9999976346855148
[2024-04-19 19:42:37,210][root][INFO] - --------------- Start iteration i=6 ---------------
[2024-04-19 19:42:37,210][root][INFO] - Length of data.x: 38
[2024-04-19 19:42:37,210][root][INFO] - Length of data.y: 38
[2024-04-19 19:42:37,374][root][INFO] - x: [-0.03193241 -0.09452091 -0.77683711  0.01453699  0.01964927]
[2024-04-19 19:42:37,375][root][INFO] - y: [-0.00945209  0.02587191  0.01156818 -0.08311369]
[2024-04-19 19:42:37,375][root][INFO] - Reward: -0.9999992208206566
[2024-04-19 19:42:37,375][root][INFO] - --------------- Start iteration i=7 ---------------
[2024-04-19 19:42:37,375][root][INFO] - Length of data.x: 39
[2024-04-19 19:42:37,376][root][INFO] - Length of data.y: 39
[2024-04-19 19:42:37,541][root][INFO] - x: [-0.0413845  -0.068649   -0.76526893 -0.0685767   0.53923199]
[2024-04-19 19:42:37,541][root][INFO] - y: [-0.0068649   0.06159587 -0.05457165 -0.11162173]
[2024-04-19 19:42:37,541][root][INFO] - Reward: -0.9999996841711326
[2024-04-19 19:42:37,542][root][INFO] - --------------- Start iteration i=8 ---------------
[2024-04-19 19:42:37,542][root][INFO] - Length of data.x: 40
[2024-04-19 19:42:37,542][root][INFO] - Length of data.y: 40
[2024-04-19 19:42:37,707][root][INFO] - x: [-0.0482494  -0.00705313 -0.81984058 -0.18019843  0.40299199]
[2024-04-19 19:42:37,707][root][INFO] - y: [-0.00070531  0.07261192 -0.14339747 -0.11394858]
[2024-04-19 19:42:37,707][root][INFO] - Reward: -0.9999991174512786
[2024-04-19 19:42:37,708][root][INFO] - --------------- Start iteration i=9 ---------------
[2024-04-19 19:42:37,708][root][INFO] - Length of data.x: 41
[2024-04-19 19:42:37,708][root][INFO] - Length of data.y: 41
[2024-04-19 19:42:37,874][root][INFO] - x: [-0.04895471  0.06555879 -0.96323805 -0.29414701  0.71155133]
[2024-04-19 19:42:37,875][root][INFO] - y: [ 0.00655588  0.07696235 -0.23407494 -0.0877659 ]
[2024-04-19 19:42:37,875][root][INFO] - Reward: -0.9999267691364296
[2024-04-19 19:42:37,875][root][INFO] - --------------- Start iteration i=10 ---------------
[2024-04-19 19:42:37,876][root][INFO] - Length of data.x: 42
[2024-04-19 19:42:37,876][root][INFO] - Length of data.y: 42
[2024-04-19 19:42:45,299][root][INFO] - Eval Returns: [-20.14397283 -20.21722479 -21.38614464 -19.86477955 -20.70669805]
[2024-04-19 19:42:45,303][root][INFO] - Eval Returns: mean=-20.464 std=0.535
[2024-04-19 19:42:45,303][root][INFO] - Eval ndata: 42.000
[2024-04-19 19:42:45,303][root][INFO] - Model MSE (current real MPC): 0.525
[2024-04-19 19:42:46,373][root][INFO] - Model MSE (random test set): 0.143
[2024-04-19 19:42:46,373][root][INFO] - Model MSE (GT MPC): 0.018
[2024-04-19 19:42:46,373][root][INFO] - Model Likelihood (random test set): -3.872
[2024-04-19 19:42:46,373][root][INFO] - Model Likelihood (GT MPC): -3.788
[2024-04-19 19:42:46,373][root][INFO] - *[TIME] [Evaluate the current MPC policy] Elapsed: 8.33 seconds
[2024-04-19 19:42:48,409][root][INFO] - x: [-0.04239884  0.14252114  0.80268701 -0.3819129   0.74530487]
[2024-04-19 19:42:48,409][root][INFO] - y: [ 0.01425211 -0.08117919 -0.30391688  0.12312369]
[2024-04-19 19:42:48,409][root][INFO] - Reward: -0.9745098410366583
[2024-04-19 19:42:49,941][root][INFO] - --------------- Start iteration i=11 ---------------
[2024-04-19 19:42:49,941][root][INFO] - Length of data.x: 43
[2024-04-19 19:42:49,941][root][INFO] - Length of data.y: 43
[2024-04-19 19:42:50,121][root][INFO] - x: [-0.02814672  0.06134194  0.49877013 -0.25878921  0.13735558]
[2024-04-19 19:42:50,121][root][INFO] - y: [ 0.00613419 -0.05638928 -0.20593808  0.09798132]
[2024-04-19 19:42:50,121][root][INFO] - Reward: -0.6234527579501773
[2024-04-19 19:42:50,122][root][INFO] - --------------- Start iteration i=12 ---------------
[2024-04-19 19:42:50,122][root][INFO] - Length of data.x: 44
[2024-04-19 19:42:50,122][root][INFO] - Length of data.y: 44
[2024-04-19 19:42:50,464][root][INFO] - x: [-0.02201253  0.00495267  0.29283205 -0.16080789  0.52459193]
[2024-04-19 19:42:50,464][root][INFO] - y: [ 0.00049527  0.02857608 -0.12796696  0.09543851]
[2024-04-19 19:42:50,464][root][INFO] - Reward: -0.09803524957184861
[2024-04-19 19:42:50,465][root][INFO] - --------------- Start iteration i=13 ---------------
[2024-04-19 19:42:50,465][root][INFO] - Length of data.x: 45
[2024-04-19 19:42:50,465][root][INFO] - Length of data.y: 45
[2024-04-19 19:42:50,643][root][INFO] - x: [-0.02151726  0.03352875  0.16486509 -0.06536938  0.27634846]
[2024-04-19 19:42:50,644][root][INFO] - y: [ 0.00335287  0.03813438 -0.05201934  0.08175059]
[2024-04-19 19:42:50,644][root][INFO] - Reward: -0.016672821059318665
[2024-04-19 19:42:50,645][root][INFO] - --------------- Start iteration i=14 ---------------
[2024-04-19 19:42:50,645][root][INFO] - Length of data.x: 46
[2024-04-19 19:42:50,645][root][INFO] - Length of data.y: 46
[2024-04-19 19:42:50,830][root][INFO] - x: [-0.01816439  0.07166313  0.11284575  0.0163812  -0.54356438]
[2024-04-19 19:42:50,831][root][INFO] - y: [ 0.00716631 -0.02386468  0.01303576  0.01170807]
[2024-04-19 19:42:50,831][root][INFO] - Reward: -0.12593595105010946
[2024-04-19 19:42:50,832][root][INFO] - --------------- Start iteration i=15 ---------------
[2024-04-19 19:42:50,832][root][INFO] - Length of data.x: 47
[2024-04-19 19:42:50,832][root][INFO] - Length of data.y: 47
[2024-04-19 19:42:51,001][root][INFO] - x: [-0.01099807  0.04779845  0.12588151  0.02808927 -0.99500255]
[2024-04-19 19:42:51,001][root][INFO] - y: [ 0.00477985 -0.05497886  0.02235275 -0.0129048 ]
[2024-04-19 19:42:51,001][root][INFO] - Reward: -0.31357129954503604
[2024-04-19 19:42:51,002][root][INFO] - --------------- Start iteration i=16 ---------------
[2024-04-19 19:42:51,002][root][INFO] - Length of data.x: 48
[2024-04-19 19:42:51,002][root][INFO] - Length of data.y: 48
[2024-04-19 19:42:51,170][root][INFO] - x: [-0.00621823 -0.00718041  0.14823426  0.01518447 -0.99524833]
[2024-04-19 19:42:51,170][root][INFO] - y: [-0.00071804 -0.04997423  0.01208343 -0.00055675]
[2024-04-19 19:42:51,171][root][INFO] - Reward: -0.3510248764134689
[2024-04-19 19:42:51,171][root][INFO] - --------------- Start iteration i=17 ---------------
[2024-04-19 19:42:51,171][root][INFO] - Length of data.x: 49
[2024-04-19 19:42:51,171][root][INFO] - Length of data.y: 49
[2024-04-19 19:42:51,339][root][INFO] - x: [-0.00693627 -0.05715463  0.16031769  0.01462772 -1.        ]
[2024-04-19 19:42:51,340][root][INFO] - y: [-0.00571546 -0.04767248  0.01164038  0.00564126]
[2024-04-19 19:42:51,340][root][INFO] - Reward: -0.2764782747767587
[2024-04-19 19:42:51,341][root][INFO] - --------------- Start iteration i=18 ---------------
[2024-04-19 19:42:51,341][root][INFO] - Length of data.x: 50
[2024-04-19 19:42:51,341][root][INFO] - Length of data.y: 50
[2024-04-19 19:42:51,508][root][INFO] - x: [-0.01265173 -0.10482712  0.17195807  0.02026898 -0.91471167]
[2024-04-19 19:42:51,508][root][INFO] - y: [-0.01048271 -0.03955059  0.01612955  0.01658846]
[2024-04-19 19:42:51,508][root][INFO] - Reward: -0.1542535297603942
[2024-04-19 19:42:51,509][root][INFO] - --------------- Start iteration i=19 ---------------
[2024-04-19 19:42:51,509][root][INFO] - Length of data.x: 51
[2024-04-19 19:42:51,509][root][INFO] - Length of data.y: 51
[2024-04-19 19:42:51,677][root][INFO] - x: [-0.02313444 -0.14437771  0.18808762  0.03685743 -0.90026593]
[2024-04-19 19:42:51,678][root][INFO] - y: [-0.01443777 -0.03674493  0.02933024  0.02419303]
[2024-04-19 19:42:51,678][root][INFO] - Reward: -0.13499304529827916
[2024-04-19 19:42:51,679][root][INFO] - --------------- Start iteration i=20 ---------------
[2024-04-19 19:42:51,679][root][INFO] - Length of data.x: 52
[2024-04-19 19:42:51,679][root][INFO] - Length of data.y: 52
[2024-04-19 19:42:59,571][root][INFO] - Eval Returns: [-14.99361564 -17.08006853 -20.6526831  -14.73844154 -12.49955845]
[2024-04-19 19:42:59,576][root][INFO] - Eval Returns: mean=-15.993 std=2.745
[2024-04-19 19:42:59,576][root][INFO] - Eval ndata: 52.000
[2024-04-19 19:42:59,576][root][INFO] - Model MSE (current real MPC): 0.328
[2024-04-19 19:43:00,673][root][INFO] - Model MSE (random test set): 0.214
[2024-04-19 19:43:00,673][root][INFO] - Model MSE (GT MPC): 0.026
[2024-04-19 19:43:00,673][root][INFO] - Model Likelihood (random test set): -3.983
[2024-04-19 19:43:00,673][root][INFO] - Model Likelihood (GT MPC): -3.796
[2024-04-19 19:43:00,673][root][INFO] - *[TIME] [Evaluate the current MPC policy] Elapsed: 8.83 seconds
[2024-04-19 19:43:02,805][root][INFO] - x: [-0.03757221 -0.18112264  0.21741786  0.06105047 -0.8005924 ]
[2024-04-19 19:43:02,806][root][INFO] - y: [-0.01811226 -0.02892081  0.04858246  0.03954646]
[2024-04-19 19:43:02,806][root][INFO] - Reward: -0.33789017666279875
[2024-04-19 19:43:04,305][root][INFO] - --------------- Start iteration i=21 ---------------
[2024-04-19 19:43:04,305][root][INFO] - Length of data.x: 53
[2024-04-19 19:43:04,305][root][INFO] - Length of data.y: 53
[2024-04-19 19:43:04,487][root][INFO] - x: [-0.05568448 -0.21004345  0.26600032  0.10059693  0.34656944]
[2024-04-19 19:43:04,487][root][INFO] - y: [-0.02100434  0.03694296  0.08005256  0.09761616]
[2024-04-19 19:43:04,488][root][INFO] - Reward: -0.7188204048692373
[2024-04-19 19:43:04,489][root][INFO] - --------------- Start iteration i=22 ---------------
[2024-04-19 19:43:04,489][root][INFO] - Length of data.x: 54
[2024-04-19 19:43:04,489][root][INFO] - Length of data.y: 54
[2024-04-19 19:43:04,663][root][INFO] - x: [-0.07668882 -0.17310049  0.34605287  0.19821309 -0.25886452]
[2024-04-19 19:43:04,663][root][INFO] - y: [-0.01731005 -0.03118992  0.15773309  0.0724338 ]
[2024-04-19 19:43:04,663][root][INFO] - Reward: -0.9792223435140097
[2024-04-19 19:43:04,664][root][INFO] - --------------- Start iteration i=23 ---------------
[2024-04-19 19:43:04,664][root][INFO] - Length of data.x: 55
[2024-04-19 19:43:04,664][root][INFO] - Length of data.y: 55
[2024-04-19 19:43:04,848][root][INFO] - x: [-0.09399887 -0.20429041  0.50378597  0.27064689  0.97927862]
[2024-04-19 19:43:04,848][root][INFO] - y: [-0.02042904 -0.01809881  0.21537413  0.09840829]
[2024-04-19 19:43:04,849][root][INFO] - Reward: -0.9999889404881019
[2024-04-19 19:43:04,849][root][INFO] - --------------- Start iteration i=24 ---------------
[2024-04-19 19:43:04,850][root][INFO] - Length of data.x: 56
[2024-04-19 19:43:04,850][root][INFO] - Length of data.y: 56
[2024-04-19 19:43:05,027][root][INFO] - x: [-0.11442791 -0.22238921  0.7191601   0.36905519  1.        ]
[2024-04-19 19:43:05,028][root][INFO] - y: [-0.02223892 -0.07594186  0.29368502  0.12408191]
[2024-04-19 19:43:05,028][root][INFO] - Reward: -0.9999999999980957
[2024-04-19 19:43:05,028][root][INFO] - Explore episode complete with return -17.104729344928497, resetting
[2024-04-19 19:43:05,028][root][INFO] - Exploration Episode Rewards: [-0.9999900289368547, -0.9999900523638695, -0.999990459986093, -0.9999919770596007, -0.999994888322774, -0.9999976346855148, -0.9999992208206566, -0.9999996841711326, -0.9999991174512786, -0.9999267691364296, -0.9745098410366583, -0.6234527579501773, -0.09803524957184861, -0.016672821059318665, -0.12593595105010946, -0.31357129954503604, -0.3510248764134689, -0.2764782747767587, -0.1542535297603942, -0.13499304529827916, -0.33789017666279875, -0.7188204048692373, -0.9792223435140097, -0.9999889404881019, -0.9999999999980957]
[2024-04-19 19:43:05,029][root][INFO] - --------------- Start iteration i=25 ---------------
[2024-04-19 19:43:05,029][root][INFO] - Length of data.x: 57
[2024-04-19 19:43:05,029][root][INFO] - Length of data.y: 57
[2024-04-19 19:43:05,226][root][INFO] - x: [-2.47937917e-03 -2.87935508e-03 -9.89003520e-01  1.96804662e-04
 -6.54256250e-01]
[2024-04-19 19:43:05,226][root][INFO] - y: [-0.00028794 -0.05022447  0.00015661  0.04680246]
[2024-04-19 19:43:05,226][root][INFO] - Reward: -0.9999901879337442
[2024-04-19 19:43:05,227][root][INFO] - --------------- Start iteration i=26 ---------------
[2024-04-19 19:43:05,227][root][INFO] - Length of data.x: 58
[2024-04-19 19:43:05,227][root][INFO] - Length of data.y: 58
[2024-04-19 19:43:05,408][root][INFO] - x: [-0.00276731 -0.05310382 -0.98884691  0.04699927 -0.77520974]
[2024-04-19 19:43:05,408][root][INFO] - y: [-0.00531038 -0.0589447   0.03740086  0.0554682 ]
[2024-04-19 19:43:05,408][root][INFO] - Reward: -0.999991043638044
[2024-04-19 19:43:05,409][root][INFO] - --------------- Start iteration i=27 ---------------
[2024-04-19 19:43:05,409][root][INFO] - Length of data.x: 59
[2024-04-19 19:43:05,409][root][INFO] - Length of data.y: 59
[2024-04-19 19:43:05,586][root][INFO] - x: [-0.0080777  -0.11204853 -0.95144605  0.10246747 -0.28651   ]
[2024-04-19 19:43:05,586][root][INFO] - y: [-0.01120485 -0.00975102  0.08154108 -0.00528353]
[2024-04-19 19:43:05,586][root][INFO] - Reward: -0.9999943208726852
[2024-04-19 19:43:05,587][root][INFO] - --------------- Start iteration i=28 ---------------
[2024-04-19 19:43:05,587][root][INFO] - Length of data.x: 60
[2024-04-19 19:43:05,587][root][INFO] - Length of data.y: 60
[2024-04-19 19:43:05,765][root][INFO] - x: [-0.01928255 -0.12179954 -0.86990497  0.09718394 -0.15284108]
[2024-04-19 19:43:05,765][root][INFO] - y: [-0.01217995  0.0153817   0.07733658 -0.05314181]
[2024-04-19 19:43:05,765][root][INFO] - Reward: -0.999997655520045
[2024-04-19 19:43:05,766][root][INFO] - --------------- Start iteration i=29 ---------------
[2024-04-19 19:43:05,767][root][INFO] - Length of data.x: 61
[2024-04-19 19:43:05,767][root][INFO] - Length of data.y: 61
[2024-04-19 19:43:05,942][root][INFO] - x: [-0.0314625  -0.10641784 -0.79256838  0.04404212 -0.23948789]
[2024-04-19 19:43:05,942][root][INFO] - y: [-0.01064178  0.01042085  0.03504763 -0.06784494]
[2024-04-19 19:43:05,943][root][INFO] - Reward: -0.9999992742417224
[2024-04-19 19:43:05,944][root][INFO] - --------------- Start iteration i=30 ---------------
[2024-04-19 19:43:05,944][root][INFO] - Length of data.x: 62
[2024-04-19 19:43:05,944][root][INFO] - Length of data.y: 62
[2024-04-19 19:43:14,389][root][INFO] - Eval Returns: [-12.57825221 -14.15238828 -13.82735637 -24.14702657 -15.88121906]
[2024-04-19 19:43:14,393][root][INFO] - Eval Returns: mean=-16.117 std=4.151
[2024-04-19 19:43:14,393][root][INFO] - Eval ndata: 62.000
[2024-04-19 19:43:14,393][root][INFO] - Model MSE (current real MPC): 0.390
[2024-04-19 19:43:15,473][root][INFO] - Model MSE (random test set): 0.199
[2024-04-19 19:43:15,474][root][INFO] - Model MSE (GT MPC): 0.023
[2024-04-19 19:43:15,474][root][INFO] - Model Likelihood (random test set): -3.967
[2024-04-19 19:43:15,474][root][INFO] - Model Likelihood (GT MPC): -3.789
[2024-04-19 19:43:15,474][root][INFO] - *[TIME] [Evaluate the current MPC policy] Elapsed: 9.36 seconds
[2024-04-19 19:43:17,880][root][INFO] - x: [-0.04210429 -0.09599699 -0.75752075 -0.02380282  0.39740573]
[2024-04-19 19:43:17,880][root][INFO] - y: [-0.0095997   0.04926165 -0.01894169 -0.10342457]
[2024-04-19 19:43:17,880][root][INFO] - Reward: -0.999999814819568
[2024-04-19 19:43:19,253][root][INFO] - --------------- Start iteration i=31 ---------------
[2024-04-19 19:43:19,253][root][INFO] - Length of data.x: 63
[2024-04-19 19:43:19,254][root][INFO] - Length of data.y: 63
[2024-04-19 19:43:19,442][root][INFO] - x: [-0.05170399 -0.04673534 -0.77646244 -0.12722738  0.59328713]
[2024-04-19 19:43:19,442][root][INFO] - y: [-0.00467353  0.07433778 -0.10124441 -0.12018021]
[2024-04-19 19:43:19,442][root][INFO] - Reward: -0.9999998436898927
[2024-04-19 19:43:19,443][root][INFO] - --------------- Start iteration i=32 ---------------
[2024-04-19 19:43:19,444][root][INFO] - Length of data.x: 64
[2024-04-19 19:43:19,444][root][INFO] - Length of data.y: 64
[2024-04-19 19:43:19,631][root][INFO] - x: [-0.05637752  0.02760244 -0.87770686 -0.2474076   0.67545688]
[2024-04-19 19:43:19,631][root][INFO] - y: [ 0.00276024  0.10004966 -0.19688087 -0.12956285]
[2024-04-19 19:43:19,632][root][INFO] - Reward: -0.9999961494806083
[2024-04-19 19:43:19,633][root][INFO] - --------------- Start iteration i=33 ---------------
[2024-04-19 19:43:19,633][root][INFO] - Length of data.x: 65
[2024-04-19 19:43:19,633][root][INFO] - Length of data.y: 65
[2024-04-19 19:43:19,810][root][INFO] - x: [-0.05361728  0.1276521   0.92541227 -0.37697044  0.63608563]
[2024-04-19 19:43:19,810][root][INFO] - y: [ 0.01276521 -0.01351818 -0.29998379  0.0359496 ]
[2024-04-19 19:43:19,810][root][INFO] - Reward: -0.9966043991566198
[2024-04-19 19:43:19,811][root][INFO] - --------------- Start iteration i=34 ---------------
[2024-04-19 19:43:19,811][root][INFO] - Length of data.x: 66
[2024-04-19 19:43:19,812][root][INFO] - Length of data.y: 66
[2024-04-19 19:43:19,989][root][INFO] - x: [-0.04085207  0.11413392  0.62542848 -0.34102084  0.39981407]
[2024-04-19 19:43:19,990][root][INFO] - y: [ 0.01141339 -0.1004277  -0.27137598  0.12923109]
[2024-04-19 19:43:19,990][root][INFO] - Reward: -0.745805205443083
[2024-04-19 19:43:19,991][root][INFO] - --------------- Start iteration i=35 ---------------
[2024-04-19 19:43:19,991][root][INFO] - Length of data.x: 67
[2024-04-19 19:43:19,991][root][INFO] - Length of data.y: 67
[2024-04-19 19:43:20,171][root][INFO] - x: [-0.02943867  0.01370623  0.3540525  -0.21178975  0.35270154]
[2024-04-19 19:43:20,171][root][INFO] - y: [ 0.00137062 -0.00603801 -0.16853706  0.08538479]
[2024-04-19 19:43:20,171][root][INFO] - Reward: -0.09346328085205957
[2024-04-19 19:43:20,172][root][INFO] - --------------- Start iteration i=36 ---------------
[2024-04-19 19:43:20,172][root][INFO] - Length of data.x: 68
[2024-04-19 19:43:20,172][root][INFO] - Length of data.y: 68
[2024-04-19 19:43:20,352][root][INFO] - x: [-0.02806805  0.00766821  0.18551544 -0.12640496  0.2216106 ]
[2024-04-19 19:43:20,352][root][INFO] - y: [ 0.00076682  0.02664692 -0.10058995  0.07629481]
[2024-04-19 19:43:20,352][root][INFO] - Reward: -0.10334286939603232
[2024-04-19 19:43:20,353][root][INFO] - --------------- Start iteration i=37 ---------------
[2024-04-19 19:43:20,354][root][INFO] - Length of data.x: 69
[2024-04-19 19:43:20,354][root][INFO] - Length of data.y: 69
[2024-04-19 19:43:20,534][root][INFO] - x: [-0.02730123  0.03431513  0.08492549 -0.05011015  0.07251222]
[2024-04-19 19:43:20,535][root][INFO] - y: [ 0.00343151  0.01847294 -0.03987642  0.0437095 ]
[2024-04-19 19:43:20,535][root][INFO] - Reward: -0.17318632844826742
[2024-04-19 19:43:20,536][root][INFO] - --------------- Start iteration i=38 ---------------
[2024-04-19 19:43:20,536][root][INFO] - Length of data.x: 70
[2024-04-19 19:43:20,536][root][INFO] - Length of data.y: 70
[2024-04-19 19:43:20,717][root][INFO] - x: [-0.02386972  0.05278807  0.04504907 -0.00640065 -0.04225828]
[2024-04-19 19:43:20,717][root][INFO] - y: [ 0.00527881  0.00394674 -0.00509348  0.01775876]
[2024-04-19 19:43:20,717][root][INFO] - Reward: -0.09369346837408354
[2024-04-19 19:43:20,718][root][INFO] - --------------- Start iteration i=39 ---------------
[2024-04-19 19:43:20,718][root][INFO] - Length of data.x: 71
[2024-04-19 19:43:20,718][root][INFO] - Length of data.y: 71
[2024-04-19 19:43:20,900][root][INFO] - x: [-0.01859091  0.05673481  0.03995559  0.01135811 -0.11706852]
[2024-04-19 19:43:20,901][root][INFO] - y: [ 0.00567348 -0.00295127  0.0090385   0.00936607]
[2024-04-19 19:43:20,901][root][INFO] - Reward: -0.011399965224322961
[2024-04-19 19:43:20,902][root][INFO] - --------------- Start iteration i=40 ---------------
[2024-04-19 19:43:20,902][root][INFO] - Length of data.x: 72
[2024-04-19 19:43:20,902][root][INFO] - Length of data.y: 72
[2024-04-19 19:43:29,865][root][INFO] - Eval Returns: [-13.18229874 -15.00100781 -12.37212257 -15.05126196 -12.74717265]
[2024-04-19 19:43:29,870][root][INFO] - Eval Returns: mean=-13.671 std=1.136
[2024-04-19 19:43:29,870][root][INFO] - Eval ndata: 72.000
[2024-04-19 19:43:29,870][root][INFO] - Model MSE (current real MPC): 0.352
[2024-04-19 19:43:30,975][root][INFO] - Model MSE (random test set): 0.108
[2024-04-19 19:43:30,975][root][INFO] - Model MSE (GT MPC): 0.011
[2024-04-19 19:43:30,975][root][INFO] - Model Likelihood (random test set): -3.859
[2024-04-19 19:43:30,976][root][INFO] - Model Likelihood (GT MPC): -3.738
[2024-04-19 19:43:30,976][root][INFO] - *[TIME] [Evaluate the current MPC policy] Elapsed: 9.89 seconds
[2024-04-19 19:43:33,130][root][INFO] - x: [-0.01291743  0.05378354  0.04899409  0.02072417 -0.51029376]
[2024-04-19 19:43:33,130][root][INFO] - y: [ 0.00537835 -0.03239951  0.01649179 -0.01696121]
[2024-04-19 19:43:33,130][root][INFO] - Reward: -0.018906001054990518
[2024-04-19 19:43:34,268][root][INFO] - --------------- Start iteration i=41 ---------------
[2024-04-19 19:43:34,268][root][INFO] - Length of data.x: 73
[2024-04-19 19:43:34,268][root][INFO] - Length of data.y: 73
[2024-04-19 19:43:34,480][root][INFO] - x: [-0.00753908  0.02138402  0.06548588  0.00376297 -0.55313671]
[2024-04-19 19:43:34,480][root][INFO] - y: [ 0.0021384  -0.0320134   0.00299448 -0.01127785]
[2024-04-19 19:43:34,480][root][INFO] - Reward: -0.04441911706293522
[2024-04-19 19:43:34,482][root][INFO] - --------------- Start iteration i=42 ---------------
[2024-04-19 19:43:34,482][root][INFO] - Length of data.x: 74
[2024-04-19 19:43:34,482][root][INFO] - Length of data.y: 74
[2024-04-19 19:43:34,676][root][INFO] - x: [-0.00540067 -0.01062937  0.06848036 -0.00751488 -0.56199184]
[2024-04-19 19:43:34,676][root][INFO] - y: [-0.00106294 -0.03165345 -0.00598016 -0.00995986]
[2024-04-19 19:43:34,676][root][INFO] - Reward: -0.022781305538623342
[2024-04-19 19:43:34,678][root][INFO] - --------------- Start iteration i=43 ---------------
[2024-04-19 19:43:34,678][root][INFO] - Length of data.x: 75
[2024-04-19 19:43:34,678][root][INFO] - Length of data.y: 75
[2024-04-19 19:43:34,860][root][INFO] - x: [-0.00646361 -0.04228282  0.0625002  -0.01747474 -0.12439419]
[2024-04-19 19:43:34,861][root][INFO] - y: [-0.00422828  0.00186688 -0.01390597  0.02098892]
[2024-04-19 19:43:34,861][root][INFO] - Reward: -0.002352792629672029
[2024-04-19 19:43:34,862][root][INFO] - --------------- Start iteration i=44 ---------------
[2024-04-19 19:43:34,862][root][INFO] - Length of data.x: 76
[2024-04-19 19:43:34,862][root][INFO] - Length of data.y: 76
[2024-04-19 19:43:35,043][root][INFO] - x: [-0.01069189 -0.04041594  0.04859423  0.00351418 -0.33421434]
[2024-04-19 19:43:35,044][root][INFO] - y: [-0.00404159 -0.0170016   0.0027965  -0.00187051]
[2024-04-19 19:43:35,044][root][INFO] - Reward: -0.020978938846786255
[2024-04-19 19:43:35,045][root][INFO] - --------------- Start iteration i=45 ---------------
[2024-04-19 19:43:35,045][root][INFO] - Length of data.x: 77
[2024-04-19 19:43:35,045][root][INFO] - Length of data.y: 77
[2024-04-19 19:43:35,228][root][INFO] - x: [-0.01473349 -0.05741754  0.05139073  0.00164367 -0.10073959]
[2024-04-19 19:43:35,228][root][INFO] - y: [-0.00574175  0.00217328  0.00130799  0.01793048]
[2024-04-19 19:43:35,229][root][INFO] - Reward: -0.08625856163310053
[2024-04-19 19:43:35,230][root][INFO] - --------------- Start iteration i=46 ---------------
[2024-04-19 19:43:35,230][root][INFO] - Length of data.x: 78
[2024-04-19 19:43:35,230][root][INFO] - Length of data.y: 78
[2024-04-19 19:43:35,414][root][INFO] - x: [-0.02047524 -0.05524427  0.05269872  0.01957415  0.20076642]
[2024-04-19 19:43:35,414][root][INFO] - y: [-0.00552443  0.02600414  0.01557663  0.04183218]
[2024-04-19 19:43:35,414][root][INFO] - Reward: -0.13195145837765898
[2024-04-19 19:43:35,415][root][INFO] - --------------- Start iteration i=47 ---------------
[2024-04-19 19:43:35,416][root][INFO] - Length of data.x: 79
[2024-04-19 19:43:35,416][root][INFO] - Length of data.y: 79
[2024-04-19 19:43:35,603][root][INFO] - x: [-0.02599967 -0.02924013  0.06827535  0.06140633  0.07594756]
[2024-04-19 19:43:35,603][root][INFO] - y: [-0.00292401  0.01712799  0.04886564  0.03763758]
[2024-04-19 19:43:35,603][root][INFO] - Reward: -0.054451230486501245
[2024-04-19 19:43:35,604][root][INFO] - --------------- Start iteration i=48 ---------------
[2024-04-19 19:43:35,604][root][INFO] - Length of data.x: 80
[2024-04-19 19:43:35,604][root][INFO] - Length of data.y: 80
[2024-04-19 19:43:35,790][root][INFO] - x: [-0.02892368 -0.01211213  0.11714099  0.09904391  1.        ]
[2024-04-19 19:43:35,790][root][INFO] - y: [-0.00121121  0.08785538  0.07881671  0.11730134]
[2024-04-19 19:43:35,790][root][INFO] - Reward: -0.10716888507356614
[2024-04-19 19:43:35,791][root][INFO] - --------------- Start iteration i=49 ---------------
[2024-04-19 19:43:35,792][root][INFO] - Length of data.x: 81
[2024-04-19 19:43:35,792][root][INFO] - Length of data.y: 81
[2024-04-19 19:43:35,978][root][INFO] - x: [-0.03013489  0.07574324  0.19595769  0.21634525  0.82460568]
[2024-04-19 19:43:35,979][root][INFO] - y: [0.00757432 0.04332376 0.17216222 0.09207717]
[2024-04-19 19:43:35,979][root][INFO] - Reward: -0.8452358807470159
[2024-04-19 19:43:35,979][root][INFO] - Explore episode complete with return -11.55196797854163, resetting
[2024-04-19 19:43:35,979][root][INFO] - Exploration Episode Rewards: [-0.9999901879337442, -0.999991043638044, -0.9999943208726852, -0.999997655520045, -0.9999992742417224, -0.999999814819568, -0.9999998436898927, -0.9999961494806083, -0.9966043991566198, -0.745805205443083, -0.09346328085205957, -0.10334286939603232, -0.17318632844826742, -0.09369346837408354, -0.011399965224322961, -0.018906001054990518, -0.04441911706293522, -0.022781305538623342, -0.002352792629672029, -0.020978938846786255, -0.08625856163310053, -0.13195145837765898, -0.054451230486501245, -0.10716888507356614, -0.8452358807470159]
[2024-04-19 19:43:35,980][root][INFO] - --------------- Start iteration i=50 ---------------
[2024-04-19 19:43:35,980][root][INFO] - Length of data.x: 82
[2024-04-19 19:43:35,980][root][INFO] - Length of data.y: 82
[2024-04-19 19:43:45,489][root][INFO] - Eval Returns: [-10.64198621 -14.60375247 -10.68386128 -20.81933294 -10.21069889]
[2024-04-19 19:43:45,494][root][INFO] - Eval Returns: mean=-13.392 std=4.041
[2024-04-19 19:43:45,494][root][INFO] - Eval ndata: 82.000
[2024-04-19 19:43:45,494][root][INFO] - Model MSE (current real MPC): 0.259
[2024-04-19 19:43:46,587][root][INFO] - Model MSE (random test set): 0.097
[2024-04-19 19:43:46,587][root][INFO] - Model MSE (GT MPC): 0.010
[2024-04-19 19:43:46,587][root][INFO] - Model Likelihood (random test set): -3.852
[2024-04-19 19:43:46,587][root][INFO] - Model Likelihood (GT MPC): -3.738
[2024-04-19 19:43:46,587][root][INFO] - *[TIME] [Evaluate the current MPC policy] Elapsed: 10.42 seconds
[2024-04-19 19:43:48,733][root][INFO] - x: [-2.55635580e-03  2.34364319e-03  9.97290113e-01  5.81358040e-04
 -1.96239052e-01]
[2024-04-19 19:43:48,734][root][INFO] - y: [ 0.00023436 -0.01623765  0.00046263  0.01707331]
[2024-04-19 19:43:48,734][root][INFO] - Reward: -0.9999900962330076
[2024-04-19 19:43:49,759][root][INFO] - --------------- Start iteration i=51 ---------------
[2024-04-19 19:43:49,759][root][INFO] - Length of data.x: 83
[2024-04-19 19:43:49,759][root][INFO] - Length of data.y: 83
[2024-04-19 19:43:49,964][root][INFO] - x: [-0.00232199 -0.01389401  0.99775274  0.01765467 -0.51865813]
[2024-04-19 19:43:49,964][root][INFO] - y: [-0.0013894  -0.04168851  0.01404915  0.042381  ]
[2024-04-19 19:43:49,964][root][INFO] - Reward: -0.9999902697254788
[2024-04-19 19:43:49,966][root][INFO] - --------------- Start iteration i=52 ---------------
[2024-04-19 19:43:49,966][root][INFO] - Length of data.x: 84
[2024-04-19 19:43:49,966][root][INFO] - Length of data.y: 84
[2024-04-19 19:43:50,164][root][INFO] - x: [-0.00371139 -0.05558252 -0.9881981   0.06003567 -0.48008192]
[2024-04-19 19:43:50,164][root][INFO] - y: [-0.00555825 -0.03510516  0.04777491  0.03144068]
[2024-04-19 19:43:50,164][root][INFO] - Reward: -0.9999913134158468
[2024-04-19 19:43:50,166][root][INFO] - --------------- Start iteration i=53 ---------------
[2024-04-19 19:43:50,166][root][INFO] - Length of data.x: 85
[2024-04-19 19:43:50,166][root][INFO] - Length of data.y: 85
[2024-04-19 19:43:50,353][root][INFO] - x: [-0.00926964 -0.09068768 -0.9404232   0.09147635 -0.52065293]
[2024-04-19 19:43:50,353][root][INFO] - y: [-0.00906877 -0.02654199  0.07279463  0.00780562]
[2024-04-19 19:43:50,353][root][INFO] - Reward: -0.9999939126960765
[2024-04-19 19:43:50,355][root][INFO] - --------------- Start iteration i=54 ---------------
[2024-04-19 19:43:50,355][root][INFO] - Length of data.x: 86
[2024-04-19 19:43:50,355][root][INFO] - Length of data.y: 86
[2024-04-19 19:43:50,543][root][INFO] - x: [-0.01833841 -0.11722967 -0.86762857  0.09928198 -0.14792356]
[2024-04-19 19:43:50,543][root][INFO] - y: [-0.01172297  0.01620187  0.07900615 -0.05449143]
[2024-04-19 19:43:50,543][root][INFO] - Reward: -0.9999972324668732
[2024-04-19 19:43:50,545][root][INFO] - --------------- Start iteration i=55 ---------------
[2024-04-19 19:43:50,545][root][INFO] - Length of data.x: 87
[2024-04-19 19:43:50,545][root][INFO] - Length of data.y: 87
[2024-04-19 19:43:50,732][root][INFO] - x: [-0.03006138 -0.1010278  -0.78862242  0.04479055 -0.24367008]
[2024-04-19 19:43:50,732][root][INFO] - y: [-0.01010278  0.01024044  0.03564321 -0.06858716]
[2024-04-19 19:43:50,732][root][INFO] - Reward: -0.9999990456147447
[2024-04-19 19:43:50,734][root][INFO] - --------------- Start iteration i=56 ---------------
[2024-04-19 19:43:50,734][root][INFO] - Length of data.x: 88
[2024-04-19 19:43:50,734][root][INFO] - Length of data.y: 88
[2024-04-19 19:43:50,922][root][INFO] - x: [-0.04016416 -0.09078736 -0.7529792  -0.02379661  0.53664519]
[2024-04-19 19:43:50,922][root][INFO] - y: [-0.00907874  0.05750529 -0.01893676 -0.10982619]
[2024-04-19 19:43:50,922][root][INFO] - Reward: -0.9999997362357039
[2024-04-19 19:43:50,924][root][INFO] - --------------- Start iteration i=57 ---------------
[2024-04-19 19:43:50,924][root][INFO] - Length of data.x: 89
[2024-04-19 19:43:50,924][root][INFO] - Length of data.y: 89
[2024-04-19 19:43:51,111][root][INFO] - x: [-0.0492429  -0.03328207 -0.77191596 -0.1336228   0.40244379]
[2024-04-19 19:43:51,112][root][INFO] - y: [-0.00332821  0.06315401 -0.10633373 -0.11211939]
[2024-04-19 19:43:51,112][root][INFO] - Reward: -0.9999997491445771
[2024-04-19 19:43:51,113][root][INFO] - --------------- Start iteration i=58 ---------------
[2024-04-19 19:43:51,113][root][INFO] - Length of data.x: 90
[2024-04-19 19:43:51,113][root][INFO] - Length of data.y: 90
[2024-04-19 19:43:51,302][root][INFO] - x: [-0.0525711   0.02987195 -0.87824969 -0.24574219  0.67877428]
[2024-04-19 19:43:51,303][root][INFO] - y: [ 0.00298719  0.09970148 -0.19555558 -0.12914833]
[2024-04-19 19:43:51,303][root][INFO] - Reward: -0.9999951612921768
[2024-04-19 19:43:51,304][root][INFO] - --------------- Start iteration i=59 ---------------
[2024-04-19 19:43:51,304][root][INFO] - Length of data.x: 91
[2024-04-19 19:43:51,304][root][INFO] - Length of data.y: 91
[2024-04-19 19:43:51,493][root][INFO] - x: [-0.04958391  0.12957343  0.92619473 -0.37489052  0.68689317]
[2024-04-19 19:43:51,493][root][INFO] - y: [ 0.01295734 -0.00847484 -0.29832864  0.03081405]
[2024-04-19 19:43:51,493][root][INFO] - Reward: -0.9971172882495523
[2024-04-19 19:43:51,495][root][INFO] - --------------- Start iteration i=60 ---------------
[2024-04-19 19:43:51,495][root][INFO] - Length of data.x: 92
[2024-04-19 19:43:51,495][root][INFO] - Length of data.y: 92
[2024-04-19 19:43:55,673][root][INFO] - *[TIME] [Evaluate the current MPC policy] Elapsed: 3.99 seconds
