[2024-04-24 23:39:02,019][root][INFO] - Dumper dumping to /tirl/experiments/mpc_pendulum_2024-04-24/23-38-55/seed_3
[2024-04-24 23:39:02,027][root][INFO] - Start obs: None
[2024-04-24 23:39:29,257][root][INFO] - GT Returns: [-123.48849253 -351.44038137 -110.60754951   -1.23992297 -126.82656337]
[2024-04-24 23:39:29,257][root][INFO] - GT Returns: mean=-142.721 std=114.223
[2024-04-24 23:39:29,257][root][INFO] - Path Lengths: [39420, 39420, 39420, 39420, 39420]
[2024-04-24 23:39:29,257][root][INFO] - Path Lengths: mean=39420.000 std=0.000
[2024-04-24 23:39:29,378][root][INFO] - all_x.shape = (197100, 3)
[2024-04-24 23:39:29,384][root][INFO] - all_x.min(axis=0) = [-0.99993147 -1.         -1.        ]
[2024-04-24 23:39:29,391][root][INFO] - all_x.max(axis=0) = [0.99998806 1.         1.        ]
[2024-04-24 23:39:29,395][root][INFO] - all_x.mean(axis=0) = [-0.00049947  0.03339922 -0.00469998]
[2024-04-24 23:39:29,407][root][INFO] - all_x.var(axis=0) = [0.0872917  0.09954855 0.24583391]
[2024-04-24 23:39:29,494][root][INFO] - --------------- Start iteration i=0 ---------------
[2024-04-24 23:39:29,495][root][INFO] - Length of data.x: 1
[2024-04-24 23:39:29,495][root][INFO] - Length of data.y: 1
[2024-04-24 23:39:56,566][root][INFO] - Eval Returns: [-1549.64932483 -1493.96313003 -1472.93672482 -1137.77426021
 -1298.77440928]
[2024-04-24 23:39:56,612][root][INFO] - Eval Returns: mean=-1390.620 std=151.732
[2024-04-24 23:39:56,612][root][INFO] - Eval ndata: 1.000
[2024-04-24 23:39:56,613][root][INFO] - Model MSE (current real MPC): 0.198
[2024-04-24 23:39:57,090][root][INFO] - Model MSE (random test set): 0.013
[2024-04-24 23:39:57,090][root][INFO] - Model MSE (GT MPC): 0.006
[2024-04-24 23:39:57,090][root][INFO] - Model Likelihood (random test set): -1.898
[2024-04-24 23:39:57,091][root][INFO] - Model Likelihood (GT MPC): -1.887
[2024-04-24 23:39:57,091][root][INFO] - *[TIME] [Evaluate the current MPC policy] Elapsed: 27.47 seconds
[2024-04-24 23:39:59,159][root][INFO] - x: [-0.51006843  0.00734667  0.21289986]
[2024-04-24 23:39:59,159][root][INFO] - y: [-0.00997872 -0.08571936]
[2024-04-24 23:39:59,159][root][INFO] - Reward: -2.7087171031460695
[2024-04-24 23:40:01,929][root][INFO] - --------------- Start iteration i=1 ---------------
[2024-04-24 23:40:01,929][root][INFO] - Length of data.x: 2
[2024-04-24 23:40:01,929][root][INFO] - Length of data.y: 2
[2024-04-24 23:40:02,030][root][INFO] - x: [-0.52004715 -0.07837269 -0.99858397]
[2024-04-24 23:40:02,030][root][INFO] - y: [-0.02665956 -0.13101103]
[2024-04-24 23:40:02,030][root][INFO] - Reward: -3.234483368371756
[2024-04-24 23:40:02,031][root][INFO] - --------------- Start iteration i=2 ---------------
[2024-04-24 23:40:02,031][root][INFO] - Length of data.x: 3
[2024-04-24 23:40:02,031][root][INFO] - Length of data.y: 3
[2024-04-24 23:40:02,112][root][INFO] - x: [-0.54670672 -0.20938373  1.        ]
[2024-04-24 23:40:02,113][root][INFO] - y: [-0.03369326 -0.05524256]
[2024-04-24 23:40:02,113][root][INFO] - Reward: -3.77688920991564
[2024-04-24 23:40:02,114][root][INFO] - --------------- Start iteration i=3 ---------------
[2024-04-24 23:40:02,114][root][INFO] - Length of data.x: 4
[2024-04-24 23:40:02,114][root][INFO] - Length of data.y: 4
[2024-04-24 23:40:02,176][root][INFO] - x: [-0.58039998 -0.26462628  0.81193344]
[2024-04-24 23:40:02,176][root][INFO] - y: [-0.04137444 -0.0603278 ]
[2024-04-24 23:40:02,177][root][INFO] - Reward: -4.494069033916758
[2024-04-24 23:40:02,177][root][INFO] - --------------- Start iteration i=4 ---------------
[2024-04-24 23:40:02,177][root][INFO] - Length of data.x: 5
[2024-04-24 23:40:02,177][root][INFO] - Length of data.y: 5
[2024-04-24 23:40:02,240][root][INFO] - x: [-0.62177442 -0.32495408  0.39257819]
[2024-04-24 23:40:02,241][root][INFO] - y: [-0.05057374 -0.07225112]
[2024-04-24 23:40:02,241][root][INFO] - Reward: -5.471932159060891
[2024-04-24 23:40:02,242][root][INFO] - --------------- Start iteration i=5 ---------------
[2024-04-24 23:40:02,242][root][INFO] - Length of data.x: 6
[2024-04-24 23:40:02,242][root][INFO] - Length of data.y: 6
[2024-04-24 23:40:34,805][root][INFO] - Eval Returns: [ -939.97122188 -1006.13498782 -1339.59798943 -1646.80371571
 -1702.00624103]
[2024-04-24 23:40:34,849][root][INFO] - Eval Returns: mean=-1326.903 std=314.899
[2024-04-24 23:40:34,850][root][INFO] - Eval ndata: 6.000
[2024-04-24 23:40:34,851][root][INFO] - Model MSE (current real MPC): 0.174
[2024-04-24 23:40:35,349][root][INFO] - Model MSE (random test set): 0.005
[2024-04-24 23:40:35,349][root][INFO] - Model MSE (GT MPC): 0.002
[2024-04-24 23:40:35,349][root][INFO] - Model Likelihood (random test set): -1.878
[2024-04-24 23:40:35,350][root][INFO] - Model Likelihood (GT MPC): -1.859
[2024-04-24 23:40:35,350][root][INFO] - *[TIME] [Evaluate the current MPC policy] Elapsed: 33.05 seconds
[2024-04-24 23:40:39,981][root][INFO] - x: [-0.67234815 -0.3972052   0.8871021 ]
[2024-04-24 23:40:39,981][root][INFO] - y: [-0.05656738 -0.04707399]
[2024-04-24 23:40:39,981][root][INFO] - Reward: -6.5103028134001795
[2024-04-24 23:40:41,947][root][INFO] - --------------- Start iteration i=6 ---------------
[2024-04-24 23:40:41,947][root][INFO] - Length of data.x: 7
[2024-04-24 23:40:41,947][root][INFO] - Length of data.y: 7
[2024-04-24 23:40:42,047][root][INFO] - x: [-0.72891554 -0.4442792   0.64276749]
[2024-04-24 23:40:42,047][root][INFO] - y: [-0.06247903 -0.04642994]
[2024-04-24 23:40:42,048][root][INFO] - Reward: -7.724129977099215
[2024-04-24 23:40:42,048][root][INFO] - --------------- Start iteration i=7 ---------------
[2024-04-24 23:40:42,049][root][INFO] - Length of data.x: 8
[2024-04-24 23:40:42,049][root][INFO] - Length of data.y: 8
[2024-04-24 23:40:42,143][root][INFO] - x: [-0.79139456 -0.49070914  0.29525255]
[2024-04-24 23:40:42,143][root][INFO] - y: [-0.06834395 -0.04606297]
[2024-04-24 23:40:42,143][root][INFO] - Reward: -9.139465683309405
[2024-04-24 23:40:42,144][root][INFO] - --------------- Start iteration i=8 ---------------
[2024-04-24 23:40:42,144][root][INFO] - Length of data.x: 9
[2024-04-24 23:40:42,144][root][INFO] - Length of data.y: 9
[2024-04-24 23:40:42,238][root][INFO] - x: [-0.85973851 -0.53677211  0.99093834]
[2024-04-24 23:40:42,238][root][INFO] - y: [-0.0687038  -0.00282629]
[2024-04-24 23:40:42,239][root][INFO] - Reward: -10.375042967804202
[2024-04-24 23:40:42,239][root][INFO] - --------------- Start iteration i=9 ---------------
[2024-04-24 23:40:42,240][root][INFO] - Length of data.x: 10
[2024-04-24 23:40:42,240][root][INFO] - Length of data.y: 10
[2024-04-24 23:40:42,334][root][INFO] - x: [-0.92844231 -0.53959839  0.02830327]
[2024-04-24 23:40:42,335][root][INFO] - y: [-0.07122953 -0.01983703]
[2024-04-24 23:40:42,335][root][INFO] - Reward: -11.866126711641002
[2024-04-24 23:40:42,336][root][INFO] - --------------- Start iteration i=10 ---------------
[2024-04-24 23:40:42,336][root][INFO] - Length of data.x: 11
[2024-04-24 23:40:42,336][root][INFO] - Length of data.y: 11
[2024-04-24 23:41:15,731][root][INFO] - Eval Returns: [-1692.15400694  -486.44335477 -1636.42299133 -1716.15148467
  -846.97752858]
[2024-04-24 23:41:15,782][root][INFO] - Eval Returns: mean=-1275.630 std=510.741
[2024-04-24 23:41:15,786][root][INFO] - Eval ndata: 11.000
[2024-04-24 23:41:15,787][root][INFO] - Model MSE (current real MPC): 0.201
[2024-04-24 23:41:16,289][root][INFO] - Model MSE (random test set): 0.006
[2024-04-24 23:41:16,289][root][INFO] - Model MSE (GT MPC): 0.002
[2024-04-24 23:41:16,289][root][INFO] - Model Likelihood (random test set): -1.879
[2024-04-24 23:41:16,289][root][INFO] - Model Likelihood (GT MPC): -1.857
[2024-04-24 23:41:16,289][root][INFO] - *[TIME] [Evaluate the current MPC policy] Elapsed: 33.86 seconds
[2024-04-24 23:41:20,591][root][INFO] - x: [-0.99967184 -0.55943543  0.27722492]
[2024-04-24 23:41:20,591][root][INFO] - y: [-0.06991818  0.01029929]
[2024-04-24 23:41:20,592][root][INFO] - Reward: -10.473979765505625
[2024-04-24 23:41:22,295][root][INFO] - --------------- Start iteration i=11 ---------------
[2024-04-24 23:41:22,295][root][INFO] - Length of data.x: 12
[2024-04-24 23:41:22,295][root][INFO] - Length of data.y: 12
[2024-04-24 23:41:22,709][root][INFO] - x: [ 0.93040998 -0.54913613 -0.75327389]
[2024-04-24 23:41:22,711][root][INFO] - y: [-0.07092591 -0.00791471]
[2024-04-24 23:41:22,711][root][INFO] - Reward: -9.2790298945025
[2024-04-24 23:41:22,712][root][INFO] - --------------- Start iteration i=12 ---------------
[2024-04-24 23:41:22,712][root][INFO] - Length of data.x: 13
[2024-04-24 23:41:22,712][root][INFO] - Length of data.y: 13
[2024-04-24 23:41:22,818][root][INFO] - x: [ 0.85948407 -0.55705084 -1.        ]
[2024-04-24 23:41:22,819][root][INFO] - y: [-0.0706007   0.00255424]
[2024-04-24 23:41:22,819][root][INFO] - Reward: -8.114005499590409
[2024-04-24 23:41:22,820][root][INFO] - --------------- Start iteration i=13 ---------------
[2024-04-24 23:41:22,820][root][INFO] - Length of data.x: 14
[2024-04-24 23:41:22,820][root][INFO] - Length of data.y: 14
[2024-04-24 23:41:22,923][root][INFO] - x: [ 0.78888337 -0.5544966  -0.8796031 ]
[2024-04-24 23:41:22,923][root][INFO] - y: [-0.06745141  0.02473442]
[2024-04-24 23:41:22,923][root][INFO] - Reward: -6.936016497143503
[2024-04-24 23:41:22,924][root][INFO] - --------------- Start iteration i=14 ---------------
[2024-04-24 23:41:22,924][root][INFO] - Length of data.x: 15
[2024-04-24 23:41:22,924][root][INFO] - Length of data.y: 15
[2024-04-24 23:41:23,026][root][INFO] - x: [ 0.72143196 -0.52976218 -1.        ]
[2024-04-24 23:41:23,026][root][INFO] - y: [-0.06306306  0.03446605]
[2024-04-24 23:41:23,027][root][INFO] - Reward: -5.852013153866931
[2024-04-24 23:41:23,028][root][INFO] - --------------- Start iteration i=15 ---------------
[2024-04-24 23:41:23,028][root][INFO] - Length of data.x: 16
[2024-04-24 23:41:23,028][root][INFO] - Length of data.y: 16
[2024-04-24 23:41:54,930][root][INFO] - Eval Returns: [ -121.3871105   -128.98309435 -1608.3470555  -1591.61966037
  -130.87587767]
[2024-04-24 23:41:54,972][root][INFO] - Eval Returns: mean=-716.243 std=721.598
[2024-04-24 23:41:54,972][root][INFO] - Eval ndata: 16.000
[2024-04-24 23:41:54,972][root][INFO] - Model MSE (current real MPC): 0.012
[2024-04-24 23:41:55,459][root][INFO] - Model MSE (random test set): 0.000
[2024-04-24 23:41:55,459][root][INFO] - Model MSE (GT MPC): 0.000
[2024-04-24 23:41:55,460][root][INFO] - Model Likelihood (random test set): -1.849
[2024-04-24 23:41:55,460][root][INFO] - Model Likelihood (GT MPC): -1.843
[2024-04-24 23:41:55,460][root][INFO] - *[TIME] [Evaluate the current MPC policy] Elapsed: 32.33 seconds
