[2024-04-25 14:26:58,426][root][INFO] - Dumper dumping to /tirl/experiments/mpc_rustypendulum_init_forgetting_2024-04-25/14-26-52/seed_1
[2024-04-25 14:26:58,431][root][INFO] - Start obs: None
[2024-04-25 14:27:15,899][root][INFO] - GT Returns: [-116.63193478 -120.36203468 -350.25101129 -334.00808412 -231.32868414]
[2024-04-25 14:27:15,899][root][INFO] - GT Returns: mean=-230.516 std=100.151
[2024-04-25 14:27:15,899][root][INFO] - Path Lengths: [39420, 39420, 39420, 39420, 39420]
[2024-04-25 14:27:15,900][root][INFO] - Path Lengths: mean=39420.000 std=0.000
[2024-04-25 14:27:15,971][root][INFO] - all_x.shape = (197100, 3)
[2024-04-25 14:27:15,976][root][INFO] - all_x.min(axis=0) = [-0.99985457 -1.         -1.        ]
[2024-04-25 14:27:15,981][root][INFO] - all_x.max(axis=0) = [0.99998542 1.         1.        ]
[2024-04-25 14:27:15,985][root][INFO] - all_x.mean(axis=0) = [-0.01746247 -0.002654    0.02603317]
[2024-04-25 14:27:15,994][root][INFO] - all_x.var(axis=0) = [0.11558713 0.1002421  0.25303334]
[2024-04-25 14:27:16,055][root][INFO] - --------------- Start iteration i=0 ---------------
[2024-04-25 14:27:16,055][root][INFO] - Length of data.x: 17
[2024-04-25 14:27:16,055][root][INFO] - Length of data.y: 17
[2024-04-25 14:27:40,116][root][INFO] - Eval Returns: [ -981.07225425 -1004.35558303  -895.78240269  -888.11654061
  -878.63531558]
[2024-04-25 14:27:40,161][root][INFO] - Eval Returns: mean=-929.592 std=52.344
[2024-04-25 14:27:40,162][root][INFO] - Eval ndata: 17.000
[2024-04-25 14:27:40,162][root][INFO] - Model MSE (current real MPC): 0.146
[2024-04-25 14:27:40,666][root][INFO] - Model MSE (random test set): 0.002
[2024-04-25 14:27:40,666][root][INFO] - Model MSE (GT MPC): 0.002
[2024-04-25 14:27:40,666][root][INFO] - Model Likelihood (random test set): -1.875
[2024-04-25 14:27:40,666][root][INFO] - Model Likelihood (GT MPC): -1.875
[2024-04-25 14:27:40,666][root][INFO] - *[TIME] [Evaluate the current MPC policy] Elapsed: 24.54 seconds
[2024-04-25 14:27:43,084][root][INFO] - x: [-0.96100222  0.09214976  0.1209156 ]
[2024-04-25 14:27:43,084][root][INFO] - y: [ 0.01085144 -0.00692274]
[2024-04-25 14:27:43,085][root][INFO] - Reward: -8.956692000228585
[2024-04-25 14:27:45,507][root][INFO] - --------------- Start iteration i=1 ---------------
[2024-04-25 14:27:45,507][root][INFO] - Length of data.x: 18
[2024-04-25 14:27:45,507][root][INFO] - Length of data.y: 18
[2024-04-25 14:27:45,677][root][INFO] - x: [-0.95015078  0.08522702  0.69190069]
[2024-04-25 14:27:45,677][root][INFO] - y: [0.01229331 0.01132442]
[2024-04-25 14:27:45,677][root][INFO] - Reward: -8.742650793615642
[2024-04-25 14:27:45,678][root][INFO] - --------------- Start iteration i=2 ---------------
[2024-04-25 14:27:45,678][root][INFO] - Length of data.x: 19
[2024-04-25 14:27:45,679][root][INFO] - Length of data.y: 19
[2024-04-25 14:27:45,846][root][INFO] - x: [-0.93785747  0.09655143  0.86300791]
[2024-04-25 14:27:45,846][root][INFO] - y: [0.0140983  0.01417636]
[2024-04-25 14:27:45,847][root][INFO] - Reward: -8.503487193753752
[2024-04-25 14:27:45,848][root][INFO] - --------------- Start iteration i=3 ---------------
[2024-04-25 14:27:45,848][root][INFO] - Length of data.x: 20
[2024-04-25 14:27:45,848][root][INFO] - Length of data.y: 20
[2024-04-25 14:27:46,013][root][INFO] - x: [-0.92375917  0.11072779  1.        ]
[2024-04-25 14:27:46,014][root][INFO] - y: [0.01604118 0.01525932]
[2024-04-25 14:27:46,014][root][INFO] - Reward: -8.237665951440883
[2024-04-25 14:27:46,015][root][INFO] - --------------- Start iteration i=4 ---------------
[2024-04-25 14:27:46,015][root][INFO] - Length of data.x: 21
[2024-04-25 14:27:46,015][root][INFO] - Length of data.y: 21
[2024-04-25 14:27:46,121][root][INFO] - x: [-0.907718    0.12598711 -1.        ]
[2024-04-25 14:27:46,121][root][INFO] - y: [ 0.00785423 -0.06430015]
[2024-04-25 14:27:46,122][root][INFO] - Reward: -8.020313802597736
[2024-04-25 14:27:46,123][root][INFO] - --------------- Start iteration i=5 ---------------
[2024-04-25 14:27:46,123][root][INFO] - Length of data.x: 22
[2024-04-25 14:27:46,123][root][INFO] - Length of data.y: 22
[2024-04-25 14:28:14,463][root][INFO] - Eval Returns: [-782.55078405 -868.05700749 -926.90236026 -899.29200896 -767.40008782]
[2024-04-25 14:28:14,495][root][INFO] - Eval Returns: mean=-848.840 std=63.301
[2024-04-25 14:28:14,495][root][INFO] - Eval ndata: 22.000
[2024-04-25 14:28:14,495][root][INFO] - Model MSE (current real MPC): 0.130
[2024-04-25 14:28:14,956][root][INFO] - Model MSE (random test set): 0.001
[2024-04-25 14:28:14,956][root][INFO] - Model MSE (GT MPC): 0.001
[2024-04-25 14:28:14,956][root][INFO] - Model Likelihood (random test set): -1.864
[2024-04-25 14:28:14,956][root][INFO] - Model Likelihood (GT MPC): -1.864
[2024-04-25 14:28:14,956][root][INFO] - *[TIME] [Evaluate the current MPC policy] Elapsed: 28.76 seconds
[2024-04-25 14:28:19,498][root][INFO] - x: [-0.89986377  0.06168696 -1.        ]
[2024-04-25 14:28:19,499][root][INFO] - y: [-0.0006139  -0.06650849]
[2024-04-25 14:28:19,499][root][INFO] - Reward: -8.00701691543927
[2024-04-25 14:28:21,578][root][INFO] - --------------- Start iteration i=6 ---------------
[2024-04-25 14:28:21,579][root][INFO] - Length of data.x: 23
[2024-04-25 14:28:21,579][root][INFO] - Length of data.y: 23
[2024-04-25 14:28:21,747][root][INFO] - x: [-0.90047767 -0.00482154 -0.9499742 ]
[2024-04-25 14:28:21,748][root][INFO] - y: [-0.00882127 -0.06446054]
[2024-04-25 14:28:21,748][root][INFO] - Reward: -8.194761511159685
[2024-04-25 14:28:21,749][root][INFO] - --------------- Start iteration i=7 ---------------
[2024-04-25 14:28:21,749][root][INFO] - Length of data.x: 24
[2024-04-25 14:28:21,749][root][INFO] - Length of data.y: 24
[2024-04-25 14:28:21,918][root][INFO] - x: [-0.90929893 -0.06928207 -0.81715854]
[2024-04-25 14:28:21,918][root][INFO] - y: [-0.01607836 -0.05699707]
[2024-04-25 14:28:21,919][root][INFO] - Reward: -8.556299146989792
[2024-04-25 14:28:21,920][root][INFO] - --------------- Start iteration i=8 ---------------
[2024-04-25 14:28:21,920][root][INFO] - Length of data.x: 25
[2024-04-25 14:28:21,920][root][INFO] - Length of data.y: 25
[2024-04-25 14:28:22,088][root][INFO] - x: [-0.92537729 -0.12627915 -0.83217461]
[2024-04-25 14:28:22,088][root][INFO] - y: [-0.02282449 -0.05298398]
[2024-04-25 14:28:22,088][root][INFO] - Reward: -9.082065522516116
[2024-04-25 14:28:22,089][root][INFO] - --------------- Start iteration i=9 ---------------
[2024-04-25 14:28:22,090][root][INFO] - Length of data.x: 26
[2024-04-25 14:28:22,090][root][INFO] - Length of data.y: 26
[2024-04-25 14:28:22,257][root][INFO] - x: [-0.94820178 -0.17926312 -0.22841211]
[2024-04-25 14:28:22,258][root][INFO] - y: [-0.02584895 -0.02375404]
[2024-04-25 14:28:22,258][root][INFO] - Reward: -9.628023580212643
[2024-04-25 14:28:22,260][root][INFO] - --------------- Start iteration i=10 ---------------
[2024-04-25 14:28:22,260][root][INFO] - Length of data.x: 27
[2024-04-25 14:28:22,260][root][INFO] - Length of data.y: 27
[2024-04-25 14:28:51,081][root][INFO] - Eval Returns: [-873.23934478 -989.60619209 -765.83700573 -848.32687596 -814.26675261]
[2024-04-25 14:28:51,124][root][INFO] - Eval Returns: mean=-858.255 std=74.903
[2024-04-25 14:28:51,125][root][INFO] - Eval ndata: 27.000
[2024-04-25 14:28:51,125][root][INFO] - Model MSE (current real MPC): 0.138
[2024-04-25 14:28:51,694][root][INFO] - Model MSE (random test set): 0.001
[2024-04-25 14:28:51,694][root][INFO] - Model MSE (GT MPC): 0.001
[2024-04-25 14:28:51,694][root][INFO] - Model Likelihood (random test set): -1.862
[2024-04-25 14:28:51,694][root][INFO] - Model Likelihood (GT MPC): -1.862
[2024-04-25 14:28:51,694][root][INFO] - *[TIME] [Evaluate the current MPC policy] Elapsed: 29.33 seconds
[2024-04-25 14:28:56,385][root][INFO] - x: [-0.97405073 -0.20301716 -0.48342411]
[2024-04-25 14:28:56,385][root][INFO] - y: [-0.02912915 -0.02576262]
[2024-04-25 14:28:56,386][root][INFO] - Reward: -10.142848529697424
[2024-04-25 14:28:58,495][root][INFO] - --------------- Start iteration i=11 ---------------
[2024-04-25 14:28:58,495][root][INFO] - Length of data.x: 28
[2024-04-25 14:28:58,495][root][INFO] - Length of data.y: 28
[2024-04-25 14:28:58,662][root][INFO] - x: [ 0.99682012 -0.22877979 -1.        ]
[2024-04-25 14:28:58,662][root][INFO] - y: [-0.03139723 -0.01781347]
[2024-04-25 14:28:58,662][root][INFO] - Reward: -9.592052810944347
[2024-04-25 14:28:58,663][root][INFO] - --------------- Start iteration i=12 ---------------
[2024-04-25 14:28:58,663][root][INFO] - Length of data.x: 29
[2024-04-25 14:28:58,664][root][INFO] - Length of data.y: 29
[2024-04-25 14:28:58,828][root][INFO] - x: [ 0.9654229  -0.24659326 -0.23769182]
[2024-04-25 14:28:58,828][root][INFO] - y: [-0.03123803  0.00125033]
[2024-04-25 14:28:58,829][root][INFO] - Reward: -8.998679849323715
[2024-04-25 14:28:58,830][root][INFO] - --------------- Start iteration i=13 ---------------
[2024-04-25 14:28:58,830][root][INFO] - Length of data.x: 30
[2024-04-25 14:28:58,830][root][INFO] - Length of data.y: 30
[2024-04-25 14:28:58,994][root][INFO] - x: [ 0.93418486 -0.24534293 -0.91734694]
[2024-04-25 14:28:58,995][root][INFO] - y: [-0.03117484  0.00049633]
[2024-04-25 14:28:58,995][root][INFO] - Reward: -8.434988645461365
[2024-04-25 14:28:58,996][root][INFO] - --------------- Start iteration i=14 ---------------
[2024-04-25 14:28:58,996][root][INFO] - Length of data.x: 31
[2024-04-25 14:28:58,996][root][INFO] - Length of data.y: 31
[2024-04-25 14:28:59,164][root][INFO] - x: [ 0.90301003 -0.2448466  -1.        ]
[2024-04-25 14:28:59,165][root][INFO] - y: [-0.02998106  0.00937592]
[2024-04-25 14:28:59,165][root][INFO] - Reward: -7.8812686208438745
[2024-04-25 14:28:59,166][root][INFO] - --------------- Start iteration i=15 ---------------
[2024-04-25 14:28:59,166][root][INFO] - Length of data.x: 32
[2024-04-25 14:28:59,167][root][INFO] - Length of data.y: 32
[2024-04-25 14:29:33,042][root][INFO] - Eval Returns: [-853.70193681 -958.65175575 -936.38862144 -949.50583899 -752.70930716]
[2024-04-25 14:29:33,088][root][INFO] - Eval Returns: mean=-890.191 std=78.195
[2024-04-25 14:29:33,089][root][INFO] - Eval ndata: 32.000
[2024-04-25 14:29:33,089][root][INFO] - Model MSE (current real MPC): 0.142
[2024-04-25 14:29:33,586][root][INFO] - Model MSE (random test set): 0.001
[2024-04-25 14:29:33,586][root][INFO] - Model MSE (GT MPC): 0.001
[2024-04-25 14:29:33,586][root][INFO] - Model Likelihood (random test set): -1.859
[2024-04-25 14:29:33,586][root][INFO] - Model Likelihood (GT MPC): -1.859
[2024-04-25 14:29:33,586][root][INFO] - *[TIME] [Evaluate the current MPC policy] Elapsed: 34.31 seconds
[2024-04-25 14:29:38,197][root][INFO] - x: [ 0.87302897 -0.23547069 -0.51200703]
[2024-04-25 14:29:38,198][root][INFO] - y: [-0.02773224  0.0176622 ]
[2024-04-25 14:29:38,198][root][INFO] - Reward: -7.356762980444531
[2024-04-25 14:29:40,021][root][INFO] - --------------- Start iteration i=16 ---------------
[2024-04-25 14:29:40,022][root][INFO] - Length of data.x: 33
[2024-04-25 14:29:40,022][root][INFO] - Length of data.y: 33
[2024-04-25 14:29:40,205][root][INFO] - x: [ 0.84529673 -0.21780848 -0.97736859]
[2024-04-25 14:29:40,205][root][INFO] - y: [-0.0245439   0.02504116]
[2024-04-25 14:29:40,206][root][INFO] - Reward: -6.890153622609174
[2024-04-25 14:29:40,207][root][INFO] - --------------- Start iteration i=17 ---------------
[2024-04-25 14:29:40,207][root][INFO] - Length of data.x: 34
[2024-04-25 14:29:40,207][root][INFO] - Length of data.y: 34
[2024-04-25 14:29:40,391][root][INFO] - x: [ 0.82075284 -0.19276733 -0.54381941]
[2024-04-25 14:29:40,391][root][INFO] - y: [-0.02055912  0.0312964 ]
[2024-04-25 14:29:40,392][root][INFO] - Reward: -6.487655895626103
[2024-04-25 14:29:40,393][root][INFO] - --------------- Start iteration i=18 ---------------
[2024-04-25 14:29:40,393][root][INFO] - Length of data.x: 35
[2024-04-25 14:29:40,393][root][INFO] - Length of data.y: 35
[2024-04-25 14:29:40,563][root][INFO] - x: [ 0.80019372 -0.16147092  1.        ]
[2024-04-25 14:29:40,563][root][INFO] - y: [-0.0111615   0.07380869]
[2024-04-25 14:29:40,563][root][INFO] - Reward: -6.1977200001111505
[2024-04-25 14:29:40,565][root][INFO] - --------------- Start iteration i=19 ---------------
[2024-04-25 14:29:40,565][root][INFO] - Length of data.x: 36
[2024-04-25 14:29:40,565][root][INFO] - Length of data.y: 36
[2024-04-25 14:29:40,733][root][INFO] - x: [ 0.78903222 -0.08766223  0.05785109]
[2024-04-25 14:29:40,734][root][INFO] - y: [-0.0035406  0.0598544]
[2024-04-25 14:29:40,734][root][INFO] - Reward: -6.094479779664795
[2024-04-25 14:29:40,735][root][INFO] - --------------- Start iteration i=20 ---------------
[2024-04-25 14:29:40,735][root][INFO] - Length of data.x: 37
[2024-04-25 14:29:40,735][root][INFO] - Length of data.y: 37
[2024-04-25 14:30:10,806][root][INFO] - Eval Returns: [-627.12974295 -631.59881089 -511.64215157 -630.1008788  -627.85801569]
[2024-04-25 14:30:10,846][root][INFO] - Eval Returns: mean=-605.666 std=47.039
[2024-04-25 14:30:10,846][root][INFO] - Eval ndata: 37.000
[2024-04-25 14:30:10,848][root][INFO] - Model MSE (current real MPC): 0.096
[2024-04-25 14:30:11,331][root][INFO] - Model MSE (random test set): 0.000
[2024-04-25 14:30:11,332][root][INFO] - Model MSE (GT MPC): 0.000
[2024-04-25 14:30:11,332][root][INFO] - Model Likelihood (random test set): -1.851
[2024-04-25 14:30:11,332][root][INFO] - Model Likelihood (GT MPC): -1.850
[2024-04-25 14:30:11,332][root][INFO] - *[TIME] [Evaluate the current MPC policy] Elapsed: 30.49 seconds
