[2024-04-19 19:00:47,065][root][INFO] - Dumper dumping to /trajectory-information-rl/experiments/mpc_cartpole_2024-04-19/19-00-41/seed_2
[2024-04-19 19:00:47,070][root][INFO] - Start obs: None
[2024-04-19 19:01:00,936][root][INFO] - GT Returns: [-12.62433674 -13.30358904 -11.7891405  -12.12900332 -12.04441844]
[2024-04-19 19:01:00,936][root][INFO] - GT Returns: mean=-12.378 std=0.536
[2024-04-19 19:01:00,937][root][INFO] - Path Lengths: [36345, 36345, 36345, 36345, 36345]
[2024-04-19 19:01:00,937][root][INFO] - Path Lengths: mean=36345.000 std=0.000
[2024-04-19 19:01:00,997][root][INFO] - all_x.shape = (181725, 5)
[2024-04-19 19:01:01,001][root][INFO] - all_x.min(axis=0) = [-0.93859036 -1.50514682 -0.99999207 -0.87980128 -1.        ]
[2024-04-19 19:01:01,006][root][INFO] - all_x.max(axis=0) = [0.96555446 1.49017043 0.99998187 0.88176464 1.        ]
[2024-04-19 19:01:01,008][root][INFO] - all_x.mean(axis=0) = [0.00536875 0.0027692  0.00132148 0.00109196 0.00258414]
[2024-04-19 19:01:01,016][root][INFO] - all_x.var(axis=0) = [0.01170761 0.05099635 0.2532779  0.08656522 0.20684529]
[2024-04-19 19:01:01,050][root][INFO] - --------------- Start iteration i=0 ---------------
[2024-04-19 19:01:01,050][root][INFO] - Length of data.x: 1
[2024-04-19 19:01:01,050][root][INFO] - Length of data.y: 1
[2024-04-19 19:01:06,397][root][INFO] - Eval Returns: [-24.97320868 -24.62458711 -24.99996676 -24.99979075 -24.99991028]
[2024-04-19 19:01:06,402][root][INFO] - Eval Returns: mean=-24.919 std=0.148
[2024-04-19 19:01:06,402][root][INFO] - Eval ndata: 1.000
[2024-04-19 19:01:06,402][root][INFO] - Model MSE (current real MPC): 0.530
[2024-04-19 19:01:07,398][root][INFO] - Model MSE (random test set): 0.380
[2024-04-19 19:01:07,398][root][INFO] - Model MSE (GT MPC): 0.098
[2024-04-19 19:01:07,398][root][INFO] - Model Likelihood (random test set): -4.125
[2024-04-19 19:01:07,398][root][INFO] - Model Likelihood (GT MPC): -3.934
[2024-04-19 19:01:07,398][root][INFO] - *[TIME] [Evaluate the current MPC policy] Elapsed: 6.16 seconds
[2024-04-19 19:01:09,574][root][INFO] - x: [-3.43004899e-03  9.74326885e-04 -9.94434003e-01  3.08511557e-05
  3.51940378e-01]
[2024-04-19 19:01:09,574][root][INFO] - y: [ 9.74326885e-05  5.73145737e-02  2.45505895e-05 -5.90231036e-02]
[2024-04-19 19:01:09,574][root][INFO] - Reward: -0.9999902047794327
[2024-04-19 19:01:11,108][root][INFO] - --------------- Start iteration i=1 ---------------
[2024-04-19 19:01:11,109][root][INFO] - Length of data.x: 2
[2024-04-19 19:01:11,109][root][INFO] - Length of data.y: 2
[2024-04-19 19:01:11,307][root][INFO] - x: [-0.00333262  0.0582889  -0.99440945 -0.05899225 -0.99736076]
[2024-04-19 19:01:11,307][root][INFO] - y: [ 0.00582889 -0.15935439 -0.04694458  0.15760494]
[2024-04-19 19:01:11,307][root][INFO] - Reward: -0.999989945478907
[2024-04-19 19:01:11,307][root][INFO] - --------------- Start iteration i=2 ---------------
[2024-04-19 19:01:11,307][root][INFO] - Length of data.x: 3
[2024-04-19 19:01:11,307][root][INFO] - Length of data.y: 3
[2024-04-19 19:01:11,462][root][INFO] - x: [ 0.00249627 -0.10106549  0.95864597  0.09861269 -0.53057485]
[2024-04-19 19:01:11,463][root][INFO] - y: [-0.01010655 -0.09180916  0.07847355  0.1037577 ]
[2024-04-19 19:01:11,463][root][INFO] - Reward: -0.9999909452093295
[2024-04-19 19:01:11,463][root][INFO] - --------------- Start iteration i=3 ---------------
[2024-04-19 19:01:11,463][root][INFO] - Length of data.x: 4
[2024-04-19 19:01:11,463][root][INFO] - Length of data.y: 4
[2024-04-19 19:01:11,616][root][INFO] - x: [-0.00761028 -0.19287465 -0.96288048  0.20237039  0.3021017 ]
[2024-04-19 19:01:11,616][root][INFO] - y: [-0.01928747  0.06485205  0.16104137 -0.07583741]
[2024-04-19 19:01:11,616][root][INFO] - Reward: -0.9999963612983414
[2024-04-19 19:01:11,616][root][INFO] - --------------- Start iteration i=4 ---------------
[2024-04-19 19:01:11,616][root][INFO] - Length of data.x: 5
[2024-04-19 19:01:11,616][root][INFO] - Length of data.y: 5
[2024-04-19 19:01:17,187][root][INFO] - Eval Returns: [-24.99546059 -24.98274995 -22.8561911  -23.58889093 -24.52339537]
[2024-04-19 19:01:17,192][root][INFO] - Eval Returns: mean=-24.189 std=0.840
[2024-04-19 19:01:17,192][root][INFO] - Eval ndata: 5.000
[2024-04-19 19:01:17,192][root][INFO] - Model MSE (current real MPC): 1.200
[2024-04-19 19:01:18,237][root][INFO] - Model MSE (random test set): 0.791
[2024-04-19 19:01:18,237][root][INFO] - Model MSE (GT MPC): 0.527
[2024-04-19 19:01:18,237][root][INFO] - Model Likelihood (random test set): -3.944
[2024-04-19 19:01:18,237][root][INFO] - Model Likelihood (GT MPC): -3.852
[2024-04-19 19:01:18,237][root][INFO] - *[TIME] [Evaluate the current MPC policy] Elapsed: 6.47 seconds
[2024-04-19 19:01:20,731][root][INFO] - x: [-0.02689774 -0.1280226  -0.80183912  0.12653298 -1.        ]
[2024-04-19 19:01:20,731][root][INFO] - y: [-0.01280226 -0.09637566  0.10069183  0.02103473]
[2024-04-19 19:01:20,731][root][INFO] - Reward: -0.999998627005111
