[2024-04-19 19:36:50,251][root][INFO] - Dumper dumping to /trajectory-information-rl/experiments/mpc_frozencartpole_2024-04-19/19-36-45/seed_1
[2024-04-19 19:36:50,256][root][INFO] - Start obs: None
[2024-04-19 19:37:04,397][root][INFO] - GT Returns: [-11.04508933 -11.05565237  -9.98227025 -12.39454777 -10.56748279]
[2024-04-19 19:37:04,397][root][INFO] - GT Returns: mean=-11.009 std=0.797
[2024-04-19 19:37:04,397][root][INFO] - Path Lengths: [36345, 36345, 36345, 36345, 36345]
[2024-04-19 19:37:04,397][root][INFO] - Path Lengths: mean=36345.000 std=0.000
[2024-04-19 19:37:04,459][root][INFO] - all_x.shape = (181725, 5)
[2024-04-19 19:37:04,464][root][INFO] - all_x.min(axis=0) = [-0.56152678 -0.88740681 -0.99998467 -0.82465503 -1.        ]
[2024-04-19 19:37:04,468][root][INFO] - all_x.max(axis=0) = [0.97355419 1.48229182 0.99999896 0.90001619 1.        ]
[2024-04-19 19:37:04,471][root][INFO] - all_x.mean(axis=0) = [-0.00567143  0.00855201 -0.0014306  -0.00880468  0.0201763 ]
[2024-04-19 19:37:04,479][root][INFO] - all_x.var(axis=0) = [0.00635163 0.02979124 0.23094482 0.07363126 0.22035344]
[2024-04-19 19:37:04,513][root][INFO] - --------------- Start iteration i=0 ---------------
[2024-04-19 19:37:04,513][root][INFO] - Length of data.x: 1
[2024-04-19 19:37:04,513][root][INFO] - Length of data.y: 1
[2024-04-19 19:37:09,904][root][INFO] - Eval Returns: [-24.99997897 -24.99995574 -24.9999676  -24.99997103 -24.9999745 ]
[2024-04-19 19:37:09,909][root][INFO] - Eval Returns: mean=-25.000 std=0.000
[2024-04-19 19:37:09,909][root][INFO] - Eval ndata: 1.000
[2024-04-19 19:37:09,909][root][INFO] - Model MSE (current real MPC): 0.484
[2024-04-19 19:37:10,918][root][INFO] - Model MSE (random test set): 0.484
[2024-04-19 19:37:10,918][root][INFO] - Model MSE (GT MPC): 0.166
[2024-04-19 19:37:10,919][root][INFO] - Model Likelihood (random test set): -4.160
[2024-04-19 19:37:10,919][root][INFO] - Model Likelihood (GT MPC): -3.991
[2024-04-19 19:37:10,919][root][INFO] - *[TIME] [Evaluate the current MPC policy] Elapsed: 6.21 seconds
[2024-04-19 19:37:12,879][root][INFO] - x: [-1.75187163e-03  8.85672284e-04 -9.99465109e-01 -4.10577639e-05
 -7.03149264e-01]
[2024-04-19 19:37:12,879][root][INFO] - y: [ 8.85672284e-05 -5.61668575e-02 -3.26727567e-05  5.60015129e-02]
[2024-04-19 19:37:12,879][root][INFO] - Reward: -0.9999900948765126
