[2024-04-19 19:36:50,226][root][INFO] - Dumper dumping to /trajectory-information-rl/experiments/mpc_frozencartpole_2024-04-19/19-36-45/seed_0
[2024-04-19 19:36:50,230][root][INFO] - Start obs: None
[2024-04-19 19:37:04,176][root][INFO] - GT Returns: [-13.49741859 -10.8560489  -13.88888847  -9.94142352 -11.26224185]
[2024-04-19 19:37:04,176][root][INFO] - GT Returns: mean=-11.889 std=1.539
[2024-04-19 19:37:04,176][root][INFO] - Path Lengths: [36345, 36345, 36345, 36345, 36345]
[2024-04-19 19:37:04,176][root][INFO] - Path Lengths: mean=36345.000 std=0.000
[2024-04-19 19:37:04,238][root][INFO] - all_x.shape = (181725, 5)
[2024-04-19 19:37:04,243][root][INFO] - all_x.min(axis=0) = [-0.63273749 -1.01351287 -0.99998219 -0.8539214  -1.        ]
[2024-04-19 19:37:04,248][root][INFO] - all_x.max(axis=0) = [0.98621205 1.36876455 0.99995361 0.85388456 1.        ]
[2024-04-19 19:37:04,250][root][INFO] - all_x.mean(axis=0) = [ 0.00412489  0.00380965 -0.00144255 -0.01550853  0.00791898]
[2024-04-19 19:37:04,257][root][INFO] - all_x.var(axis=0) = [0.00784962 0.03424239 0.24512895 0.07988437 0.22450865]
[2024-04-19 19:37:04,291][root][INFO] - --------------- Start iteration i=0 ---------------
[2024-04-19 19:37:04,291][root][INFO] - Length of data.x: 1
[2024-04-19 19:37:04,291][root][INFO] - Length of data.y: 1
[2024-04-19 19:37:09,675][root][INFO] - Eval Returns: [-24.99980269 -24.99974801 -24.99718756 -24.99979819 -24.99892217]
[2024-04-19 19:37:09,680][root][INFO] - Eval Returns: mean=-24.999 std=0.001
[2024-04-19 19:37:09,680][root][INFO] - Eval ndata: 1.000
[2024-04-19 19:37:09,680][root][INFO] - Model MSE (current real MPC): 0.528
[2024-04-19 19:37:10,684][root][INFO] - Model MSE (random test set): 0.376
[2024-04-19 19:37:10,684][root][INFO] - Model MSE (GT MPC): 0.078
[2024-04-19 19:37:10,684][root][INFO] - Model Likelihood (random test set): -4.109
[2024-04-19 19:37:10,684][root][INFO] - Model Likelihood (GT MPC): -3.874
[2024-04-19 19:37:10,684][root][INFO] - *[TIME] [Evaluate the current MPC policy] Elapsed: 6.20 seconds
[2024-04-19 19:37:12,521][root][INFO] - x: [-7.71792562e-04  3.17808944e-03  9.97973866e-01 -1.71608449e-04
 -2.17160451e-01]
[2024-04-19 19:37:12,521][root][INFO] - y: [ 0.00031781 -0.01779843 -0.00013656  0.01842339]
[2024-04-19 19:37:12,521][root][INFO] - Reward: -0.9999900678701217
