[2024-04-19 19:47:36,068][root][INFO] - Dumper dumping to /trajectory-information-rl/experiments/mpc_cartpole_2024-04-19/19-47-30/seed_0
[2024-04-19 19:47:36,073][root][INFO] - Start obs: None
[2024-04-19 19:47:49,991][root][INFO] - GT Returns: [-10.59567887 -12.06551109 -10.91384032 -12.36734689 -11.8974841 ]
[2024-04-19 19:47:49,992][root][INFO] - GT Returns: mean=-11.568 std=0.688
[2024-04-19 19:47:49,992][root][INFO] - Path Lengths: [36345, 36345, 36345, 36345, 36345]
[2024-04-19 19:47:49,992][root][INFO] - Path Lengths: mean=36345.000 std=0.000
[2024-04-19 19:47:50,053][root][INFO] - all_x.shape = (181725, 5)
[2024-04-19 19:47:50,058][root][INFO] - all_x.min(axis=0) = [-0.98490114 -1.42525954 -0.99996702 -0.87121196 -1.        ]
[2024-04-19 19:47:50,063][root][INFO] - all_x.max(axis=0) = [0.92781659 1.43320059 0.999989   0.85621223 1.        ]
[2024-04-19 19:47:50,065][root][INFO] - all_x.mean(axis=0) = [ 0.00363261 -0.00130945  0.00562889  0.00448467 -0.00731548]
[2024-04-19 19:47:50,073][root][INFO] - all_x.var(axis=0) = [0.01173746 0.05027359 0.24541531 0.08824221 0.20449388]
[2024-04-19 19:47:50,107][root][INFO] - --------------- Start iteration i=0 ---------------
[2024-04-19 19:47:50,107][root][INFO] - Length of data.x: 1
[2024-04-19 19:47:50,107][root][INFO] - Length of data.y: 1
[2024-04-19 19:47:55,457][root][INFO] - Eval Returns: [-24.99980884 -24.9996203  -24.99937305 -24.99973447 -24.99964828]
[2024-04-19 19:47:55,462][root][INFO] - Eval Returns: mean=-25.000 std=0.000
[2024-04-19 19:47:55,462][root][INFO] - Eval ndata: 1.000
[2024-04-19 19:47:55,462][root][INFO] - Model MSE (current real MPC): 0.427
[2024-04-19 19:47:56,471][root][INFO] - Model MSE (random test set): 0.379
[2024-04-19 19:47:56,472][root][INFO] - Model MSE (GT MPC): 0.096
[2024-04-19 19:47:56,472][root][INFO] - Model Likelihood (random test set): -4.110
[2024-04-19 19:47:56,472][root][INFO] - Model Likelihood (GT MPC): -3.895
[2024-04-19 19:47:56,472][root][INFO] - *[TIME] [Evaluate the current MPC policy] Elapsed: 6.17 seconds
[2024-04-19 19:47:58,341][root][INFO] - x: [ 2.01272043e-03 -5.77989481e-03 -9.94308910e-01  3.72315338e-04
 -2.46849793e-01]
[2024-04-19 19:47:58,341][root][INFO] - y: [-0.00057799 -0.03834277  0.00029628  0.03658076]
[2024-04-19 19:47:58,341][root][INFO] - Reward: -0.9999900509808141
[2024-04-19 19:47:59,908][root][INFO] - --------------- Start iteration i=1 ---------------
[2024-04-19 19:47:59,908][root][INFO] - Length of data.x: 2
[2024-04-19 19:47:59,908][root][INFO] - Length of data.y: 2
[2024-04-19 19:48:00,079][root][INFO] - x: [ 0.00143473 -0.04412266 -0.99401263  0.03695308  1.        ]
[2024-04-19 19:48:00,079][root][INFO] - y: [-0.00441227  0.1618183   0.02940635 -0.16363694]
[2024-04-19 19:48:00,079][root][INFO] - Reward: -0.9999901026038982
[2024-04-19 19:48:00,080][root][INFO] - --------------- Start iteration i=2 ---------------
[2024-04-19 19:48:00,080][root][INFO] - Length of data.x: 3
[2024-04-19 19:48:00,080][root][INFO] - Length of data.y: 3
[2024-04-19 19:48:00,229][root][INFO] - x: [-0.00297754  0.11769564 -0.96460628 -0.12668386 -0.90435802]
[2024-04-19 19:48:00,229][root][INFO] - y: [ 0.01176956 -0.1364036  -0.10081189  0.12466433]
[2024-04-19 19:48:00,229][root][INFO] - Reward: -0.9999911302872684
[2024-04-19 19:48:00,230][root][INFO] - --------------- Start iteration i=3 ---------------
[2024-04-19 19:48:00,230][root][INFO] - Length of data.x: 4
[2024-04-19 19:48:00,230][root][INFO] - Length of data.y: 4
[2024-04-19 19:48:00,391][root][INFO] - x: [ 0.00879203 -0.01870796  0.93458182 -0.00201953  1.        ]
[2024-04-19 19:48:00,391][root][INFO] - y: [-0.0018708   0.14490604 -0.00160709 -0.12181625]
[2024-04-19 19:48:00,391][root][INFO] - Reward: -0.9999905545315937
[2024-04-19 19:48:00,392][root][INFO] - --------------- Start iteration i=4 ---------------
[2024-04-19 19:48:00,392][root][INFO] - Length of data.x: 5
[2024-04-19 19:48:00,392][root][INFO] - Length of data.y: 5
[2024-04-19 19:48:00,543][root][INFO] - x: [ 0.00692123  0.12619807  0.93297473 -0.12383578 -0.91874337]
[2024-04-19 19:48:00,544][root][INFO] - y: [ 0.01261981 -0.16163248 -0.09854546  0.17858774]
[2024-04-19 19:48:00,544][root][INFO] - Reward: -0.9999938314237486
[2024-04-19 19:48:00,544][root][INFO] - --------------- Start iteration i=5 ---------------
[2024-04-19 19:48:00,544][root][INFO] - Length of data.x: 6
[2024-04-19 19:48:00,544][root][INFO] - Length of data.y: 6
[2024-04-19 19:48:00,695][root][INFO] - x: [ 0.01954104 -0.03543441  0.83442926  0.05475196 -1.        ]
[2024-04-19 19:48:00,696][root][INFO] - y: [-0.00354344 -0.16293029  0.04357026  0.19018833]
[2024-04-19 19:48:00,696][root][INFO] - Reward: -0.9999930802783138
[2024-04-19 19:48:00,696][root][INFO] - --------------- Start iteration i=6 ---------------
[2024-04-19 19:48:00,696][root][INFO] - Length of data.x: 7
[2024-04-19 19:48:00,696][root][INFO] - Length of data.y: 7
[2024-04-19 19:48:00,847][root][INFO] - x: [ 0.0159976  -0.1983647   0.87799953  0.2449403  -0.56698642]
[2024-04-19 19:48:00,847][root][INFO] - y: [-0.01983647 -0.13066913  0.19491745  0.1579114 ]
[2024-04-19 19:48:00,847][root][INFO] - Reward: -0.9999895091025774
[2024-04-19 19:48:00,848][root][INFO] - --------------- Start iteration i=7 ---------------
[2024-04-19 19:48:00,848][root][INFO] - Length of data.x: 8
[2024-04-19 19:48:00,848][root][INFO] - Length of data.y: 8
[2024-04-19 19:48:00,999][root][INFO] - x: [-0.00383887 -0.32903383 -0.92708302  0.4028517  -0.99998312]
[2024-04-19 19:48:00,999][root][INFO] - y: [-0.03290338 -0.0838302   0.32057946  0.05934103]
[2024-04-19 19:48:00,999][root][INFO] - Reward: -0.9999942316478231
[2024-04-19 19:48:01,000][root][INFO] - --------------- Start iteration i=8 ---------------
[2024-04-19 19:48:01,000][root][INFO] - Length of data.x: 9
[2024-04-19 19:48:01,000][root][INFO] - Length of data.y: 9
[2024-04-19 19:48:01,151][root][INFO] - x: [-0.03674226 -0.41286403 -0.60650356  0.46219273 -1.        ]
[2024-04-19 19:48:01,152][root][INFO] - y: [-0.0412864   0.10912838  0.36780159 -0.12859006]
[2024-04-19 19:48:01,152][root][INFO] - Reward: -0.9999900836990373
[2024-04-19 19:48:01,152][root][INFO] - --------------- Start iteration i=9 ---------------
[2024-04-19 19:48:01,152][root][INFO] - Length of data.x: 10
[2024-04-19 19:48:01,152][root][INFO] - Length of data.y: 10
[2024-04-19 19:48:01,305][root][INFO] - x: [-0.07802866 -0.30373566 -0.23870198  0.33360267  0.62127469]
[2024-04-19 19:48:01,305][root][INFO] - y: [-0.03037357  0.14753512  0.26547279  0.04102947]
[2024-04-19 19:48:01,305][root][INFO] - Reward: -0.9998058729836341
[2024-04-19 19:48:01,306][root][INFO] - --------------- Start iteration i=10 ---------------
[2024-04-19 19:48:01,306][root][INFO] - Length of data.x: 11
[2024-04-19 19:48:01,306][root][INFO] - Length of data.y: 11
[2024-04-19 19:48:07,201][root][INFO] - Eval Returns: [-24.99997377 -24.99998286 -23.91380481 -24.99997925 -24.99982981]
[2024-04-19 19:48:07,205][root][INFO] - Eval Returns: mean=-24.783 std=0.434
[2024-04-19 19:48:07,206][root][INFO] - Eval ndata: 11.000
[2024-04-19 19:48:07,206][root][INFO] - Model MSE (current real MPC): 0.641
[2024-04-19 19:48:08,250][root][INFO] - Model MSE (random test set): 0.150
[2024-04-19 19:48:08,250][root][INFO] - Model MSE (GT MPC): 0.051
[2024-04-19 19:48:08,250][root][INFO] - Model Likelihood (random test set): -3.770
[2024-04-19 19:48:08,250][root][INFO] - Model Likelihood (GT MPC): -3.718
[2024-04-19 19:48:08,250][root][INFO] - *[TIME] [Evaluate the current MPC policy] Elapsed: 6.79 seconds
[2024-04-19 19:48:10,792][root][INFO] - x: [-0.10840222 -0.15620054  0.02677081  0.37463214  0.9607058 ]
[2024-04-19 19:48:10,792][root][INFO] - y: [-0.01562005  0.1428545   0.29812303  0.15059874]
[2024-04-19 19:48:10,792][root][INFO] - Reward: -0.9925862226964803
[2024-04-19 19:48:11,748][root][INFO] - --------------- Start iteration i=11 ---------------
[2024-04-19 19:48:11,749][root][INFO] - Length of data.x: 12
[2024-04-19 19:48:11,749][root][INFO] - Length of data.y: 12
[2024-04-19 19:48:11,987][root][INFO] - x: [-0.12402228 -0.01334604  0.32489383  0.52523089  0.80751409]
[2024-04-19 19:48:11,987][root][INFO] - y: [-0.0013346  -0.13723881  0.4179658   0.0119659 ]
[2024-04-19 19:48:11,987][root][INFO] - Reward: -0.9999987764710586
[2024-04-19 19:48:11,988][root][INFO] - --------------- Start iteration i=12 ---------------
[2024-04-19 19:48:11,988][root][INFO] - Length of data.x: 13
[2024-04-19 19:48:11,988][root][INFO] - Length of data.y: 13
[2024-04-19 19:48:12,301][root][INFO] - x: [-0.12535688 -0.15058485  0.74285963  0.53719679  0.94507975]
[2024-04-19 19:48:12,302][root][INFO] - y: [-0.01505848 -0.14365392  0.42748797  0.17025253]
[2024-04-19 19:48:12,302][root][INFO] - Reward: -0.9999999999999968
[2024-04-19 19:48:12,302][root][INFO] - --------------- Start iteration i=13 ---------------
[2024-04-19 19:48:12,303][root][INFO] - Length of data.x: 14
[2024-04-19 19:48:12,303][root][INFO] - Length of data.y: 14
[2024-04-19 19:48:12,459][root][INFO] - x: [-0.14041537 -0.29423877 -0.8296524   0.70744932  0.81294383]
[2024-04-19 19:48:12,459][root][INFO] - y: [-0.02942388  0.47012141  0.56297073 -0.4544715 ]
[2024-04-19 19:48:12,459][root][INFO] - Reward: -0.9999999999999999
[2024-04-19 19:48:12,460][root][INFO] - --------------- Start iteration i=14 ---------------
[2024-04-19 19:48:12,460][root][INFO] - Length of data.x: 15
[2024-04-19 19:48:12,460][root][INFO] - Length of data.y: 15
[2024-04-19 19:48:12,616][root][INFO] - x: [-0.16983924  0.17588264 -0.26668167  0.25297782 -0.3851995 ]
[2024-04-19 19:48:12,617][root][INFO] - y: [ 0.01758826 -0.01682604  0.20131352 -0.08423811]
[2024-04-19 19:48:12,617][root][INFO] - Reward: -0.9999999996025003
[2024-04-19 19:48:12,617][root][INFO] - --------------- Start iteration i=15 ---------------
[2024-04-19 19:48:12,617][root][INFO] - Length of data.x: 16
[2024-04-19 19:48:12,617][root][INFO] - Length of data.y: 16
[2024-04-19 19:48:12,774][root][INFO] - x: [-0.15225098  0.1590566  -0.06536815  0.16873971  1.        ]
[2024-04-19 19:48:12,775][root][INFO] - y: [0.01590566 0.15064341 0.1342789  0.12745313]
[2024-04-19 19:48:12,775][root][INFO] - Reward: -0.9999949438770517
[2024-04-19 19:48:12,775][root][INFO] - --------------- Start iteration i=16 ---------------
[2024-04-19 19:48:12,775][root][INFO] - Length of data.x: 17
[2024-04-19 19:48:12,775][root][INFO] - Length of data.y: 17
[2024-04-19 19:48:12,933][root][INFO] - x: [-0.13634532  0.3097      0.06891075  0.29619284  0.40839819]
[2024-04-19 19:48:12,933][root][INFO] - y: [0.03097    0.04328399 0.23570297 0.06336722]
[2024-04-19 19:48:12,933][root][INFO] - Reward: -0.9529271036890693
[2024-04-19 19:48:12,934][root][INFO] - --------------- Start iteration i=17 ---------------
[2024-04-19 19:48:12,934][root][INFO] - Length of data.x: 18
[2024-04-19 19:48:12,934][root][INFO] - Length of data.y: 18
[2024-04-19 19:48:13,091][root][INFO] - x: [-0.10537532  0.352984    0.30461372  0.35956006 -0.38273783]
[2024-04-19 19:48:13,091][root][INFO] - y: [ 0.0352984  -0.14109684  0.28612904 -0.00099787]
[2024-04-19 19:48:13,091][root][INFO] - Reward: -0.9921922028673478
[2024-04-19 19:48:13,092][root][INFO] - --------------- Start iteration i=18 ---------------
[2024-04-19 19:48:13,092][root][INFO] - Length of data.x: 19
[2024-04-19 19:48:13,092][root][INFO] - Length of data.y: 19
[2024-04-19 19:48:13,250][root][INFO] - x: [-0.07007692  0.21188715  0.59074275  0.35856219 -0.82768405]
[2024-04-19 19:48:13,250][root][INFO] - y: [ 0.02118872 -0.21692619  0.28533496  0.15524278]
[2024-04-19 19:48:13,250][root][INFO] - Reward: -0.9999865920728123
[2024-04-19 19:48:13,251][root][INFO] - --------------- Start iteration i=19 ---------------
[2024-04-19 19:48:13,251][root][INFO] - Length of data.x: 20
[2024-04-19 19:48:13,251][root][INFO] - Length of data.y: 20
[2024-04-19 19:48:13,409][root][INFO] - x: [-0.0488882  -0.00503903  0.87607771  0.51380497 -0.64662724]
[2024-04-19 19:48:13,410][root][INFO] - y: [-0.0005039  -0.25254196  0.40887334  0.27091634]
[2024-04-19 19:48:13,410][root][INFO] - Reward: -0.9999996982950489
[2024-04-19 19:48:13,411][root][INFO] - --------------- Start iteration i=20 ---------------
[2024-04-19 19:48:13,411][root][INFO] - Length of data.x: 21
[2024-04-19 19:48:13,411][root][INFO] - Length of data.y: 21
[2024-04-19 19:48:19,824][root][INFO] - Eval Returns: [-18.9797391  -19.02911168 -22.31705269 -24.83895334 -21.5243251 ]
[2024-04-19 19:48:19,829][root][INFO] - Eval Returns: mean=-21.338 std=2.197
[2024-04-19 19:48:19,829][root][INFO] - Eval ndata: 21.000
[2024-04-19 19:48:19,830][root][INFO] - Model MSE (current real MPC): 0.463
[2024-04-19 19:48:20,897][root][INFO] - Model MSE (random test set): 0.217
[2024-04-19 19:48:20,897][root][INFO] - Model MSE (GT MPC): 0.050
[2024-04-19 19:48:20,897][root][INFO] - Model Likelihood (random test set): -3.891
[2024-04-19 19:48:20,897][root][INFO] - Model Likelihood (GT MPC): -3.760
[2024-04-19 19:48:20,897][root][INFO] - *[TIME] [Evaluate the current MPC policy] Elapsed: 7.33 seconds
[2024-04-19 19:48:23,462][root][INFO] - x: [-0.04939211 -0.257581   -0.71504895  0.78472131 -0.39548936]
[2024-04-19 19:48:23,462][root][INFO] - y: [-0.0257581   0.50563932  0.62446188 -0.39283617]
[2024-04-19 19:48:23,462][root][INFO] - Reward: -0.9988583211770691
[2024-04-19 19:48:24,442][root][INFO] - --------------- Start iteration i=21 ---------------
[2024-04-19 19:48:24,442][root][INFO] - Length of data.x: 22
[2024-04-19 19:48:24,442][root][INFO] - Length of data.y: 22
[2024-04-19 19:48:24,617][root][INFO] - x: [-0.07515021  0.24805833 -0.09058707  0.39188514 -1.        ]
[2024-04-19 19:48:24,618][root][INFO] - y: [ 0.02480583 -0.10996845  0.31185254 -0.13311603]
[2024-04-19 19:48:24,618][root][INFO] - Reward: -0.2355750334089417
[2024-04-19 19:48:24,619][root][INFO] - --------------- Start iteration i=22 ---------------
[2024-04-19 19:48:24,619][root][INFO] - Length of data.x: 23
[2024-04-19 19:48:24,619][root][INFO] - Length of data.y: 23
[2024-04-19 19:48:24,796][root][INFO] - x: [-0.05034437  0.13808988  0.22126547  0.25876911  0.83271133]
[2024-04-19 19:48:24,796][root][INFO] - y: [0.01380899 0.07677701 0.20592208 0.12185801]
[2024-04-19 19:48:24,797][root][INFO] - Reward: -0.8782403116156478
[2024-04-19 19:48:24,797][root][INFO] - --------------- Start iteration i=23 ---------------
[2024-04-19 19:48:24,797][root][INFO] - Length of data.x: 24
[2024-04-19 19:48:24,797][root][INFO] - Length of data.y: 24
[2024-04-19 19:48:24,957][root][INFO] - x: [-0.03653539  0.21486689  0.42718755  0.38062712  0.19100482]
[2024-04-19 19:48:24,957][root][INFO] - y: [ 0.02148669 -0.10930718  0.30289368  0.07085567]
[2024-04-19 19:48:24,957][root][INFO] - Reward: -0.999827996712878
[2024-04-19 19:48:24,958][root][INFO] - --------------- Start iteration i=24 ---------------
[2024-04-19 19:48:24,958][root][INFO] - Length of data.x: 25
[2024-04-19 19:48:24,958][root][INFO] - Length of data.y: 25
[2024-04-19 19:48:25,120][root][INFO] - x: [-0.0150487   0.10555971  0.73008124  0.45148279 -0.30194485]
[2024-04-19 19:48:25,120][root][INFO] - y: [ 0.01055597 -0.23068444  0.35927887  0.22624265]
[2024-04-19 19:48:25,121][root][INFO] - Reward: -0.9999891370469712
[2024-04-19 19:48:25,121][root][INFO] - Explore episode complete with return -24.04990478707158, resetting
[2024-04-19 19:48:25,121][root][INFO] - Exploration Episode Rewards: [-0.9999900509808141, -0.9999901026038982, -0.9999911302872684, -0.9999905545315937, -0.9999938314237486, -0.9999930802783138, -0.9999895091025774, -0.9999942316478231, -0.9999900836990373, -0.9998058729836341, -0.9925862226964803, -0.9999987764710586, -0.9999999999999968, -0.9999999999999999, -0.9999999996025003, -0.9999949438770517, -0.9529271036890693, -0.9921922028673478, -0.9999865920728123, -0.9999996982950489, -0.9988583211770691, -0.2355750334089417, -0.8782403116156478, -0.999827996712878, -0.9999891370469712]
[2024-04-19 19:48:25,122][root][INFO] - --------------- Start iteration i=25 ---------------
[2024-04-19 19:48:25,122][root][INFO] - Length of data.x: 26
[2024-04-19 19:48:25,122][root][INFO] - Length of data.y: 26
[2024-04-19 19:48:25,283][root][INFO] - x: [-1.62973109e-03 -1.60689536e-03 -9.95444614e-01 -3.50801505e-04
 -4.72241018e-01]
[2024-04-19 19:48:25,283][root][INFO] - y: [-0.00016069 -0.07468042 -0.00027916  0.07326722]
[2024-04-19 19:48:25,283][root][INFO] - Reward: -0.999990113634357
[2024-04-19 19:48:25,284][root][INFO] - --------------- Start iteration i=26 ---------------
[2024-04-19 19:48:25,284][root][INFO] - Length of data.x: 27
[2024-04-19 19:48:25,284][root][INFO] - Length of data.y: 27
[2024-04-19 19:48:25,445][root][INFO] - x: [-0.00179042 -0.07628732 -0.99572377  0.07291641 -0.12634488]
[2024-04-19 19:48:25,445][root][INFO] - y: [-0.00762873 -0.01809387  0.05802509  0.0167728 ]
[2024-04-19 19:48:25,445][root][INFO] - Reward: -0.9999913405030134
[2024-04-19 19:48:25,446][root][INFO] - --------------- Start iteration i=27 ---------------
[2024-04-19 19:48:25,446][root][INFO] - Length of data.x: 28
[2024-04-19 19:48:25,446][root][INFO] - Length of data.y: 28
[2024-04-19 19:48:25,607][root][INFO] - x: [-0.00941915 -0.09438119 -0.93769869  0.08968921 -0.249491  ]
[2024-04-19 19:48:25,607][root][INFO] - y: [-0.00943812 -0.02427102  0.07137246  0.00470963]
[2024-04-19 19:48:25,608][root][INFO] - Reward: -0.999994108923788
[2024-04-19 19:48:25,608][root][INFO] - --------------- Start iteration i=28 ---------------
[2024-04-19 19:48:25,608][root][INFO] - Length of data.x: 29
[2024-04-19 19:48:25,608][root][INFO] - Length of data.y: 29
[2024-04-19 19:48:25,770][root][INFO] - x: [-0.01885727 -0.11865221 -0.86632622  0.09439883 -0.3074393 ]
[2024-04-19 19:48:25,771][root][INFO] - y: [-0.01186522 -0.01810137  0.07512027 -0.02350913]
[2024-04-19 19:48:25,771][root][INFO] - Reward: -0.9999974478417396
[2024-04-19 19:48:25,771][root][INFO] - --------------- Start iteration i=29 ---------------
[2024-04-19 19:48:25,772][root][INFO] - Length of data.x: 30
[2024-04-19 19:48:25,772][root][INFO] - Length of data.y: 30
[2024-04-19 19:48:25,934][root][INFO] - x: [-0.03072249 -0.13675359 -0.79120596  0.0708897  -0.14652664]
[2024-04-19 19:48:25,934][root][INFO] - y: [-0.01367536  0.00966279  0.05641228 -0.0675507 ]
[2024-04-19 19:48:25,934][root][INFO] - Reward: -0.9999994227741715
[2024-04-19 19:48:25,935][root][INFO] - --------------- Start iteration i=30 ---------------
[2024-04-19 19:48:25,935][root][INFO] - Length of data.x: 31
[2024-04-19 19:48:25,935][root][INFO] - Length of data.y: 31
[2024-04-19 19:48:32,829][root][INFO] - Eval Returns: [-15.82989846 -13.50741684 -18.39367217 -23.77182124 -16.01107997]
[2024-04-19 19:48:32,834][root][INFO] - Eval Returns: mean=-17.503 std=3.495
[2024-04-19 19:48:32,834][root][INFO] - Eval ndata: 31.000
[2024-04-19 19:48:32,834][root][INFO] - Model MSE (current real MPC): 0.389
[2024-04-19 19:48:33,911][root][INFO] - Model MSE (random test set): 0.089
[2024-04-19 19:48:33,911][root][INFO] - Model MSE (GT MPC): 0.015
[2024-04-19 19:48:33,911][root][INFO] - Model Likelihood (random test set): -3.801
[2024-04-19 19:48:33,911][root][INFO] - Model Likelihood (GT MPC): -3.718
[2024-04-19 19:48:33,911][root][INFO] - *[TIME] [Evaluate the current MPC policy] Elapsed: 7.81 seconds
[2024-04-19 19:48:36,553][root][INFO] - x: [-0.04439785 -0.12709079 -0.73479368  0.003339    0.14132002]
[2024-04-19 19:48:36,553][root][INFO] - y: [-0.01270908  0.0406306   0.0026571  -0.10000008]
[2024-04-19 19:48:36,553][root][INFO] - Reward: -0.9999999162066244
[2024-04-19 19:48:37,564][root][INFO] - --------------- Start iteration i=31 ---------------
[2024-04-19 19:48:37,564][root][INFO] - Length of data.x: 32
[2024-04-19 19:48:37,564][root][INFO] - Length of data.y: 32
[2024-04-19 19:48:37,745][root][INFO] - x: [-0.05710693 -0.08646019 -0.73213658 -0.09666108  0.42953251]
[2024-04-19 19:48:37,745][root][INFO] - y: [-0.00864602  0.08235859 -0.0769205  -0.12810151]
[2024-04-19 19:48:37,745][root][INFO] - Reward: -0.9999999757928091
[2024-04-19 19:48:37,746][root][INFO] - --------------- Start iteration i=32 ---------------
[2024-04-19 19:48:37,746][root][INFO] - Length of data.x: 33
[2024-04-19 19:48:37,746][root][INFO] - Length of data.y: 33
[2024-04-19 19:48:37,916][root][INFO] - x: [-0.06575295 -0.00410161 -0.80905709 -0.22476259  0.43743777]
[2024-04-19 19:48:37,916][root][INFO] - y: [-0.00041016  0.11776975 -0.17886053 -0.15264552]
[2024-04-19 19:48:37,917][root][INFO] - Reward: -0.9999997638857282
[2024-04-19 19:48:37,917][root][INFO] - --------------- Start iteration i=33 ---------------
[2024-04-19 19:48:37,918][root][INFO] - Length of data.x: 34
[2024-04-19 19:48:37,918][root][INFO] - Length of data.y: 34
[2024-04-19 19:48:38,091][root][INFO] - x: [-0.06616311  0.11366814 -0.98791762 -0.37740811  0.20235447]
[2024-04-19 19:48:38,091][root][INFO] - y: [ 0.01136681  0.04086569 -0.30033207 -0.04456307]
[2024-04-19 19:48:38,091][root][INFO] - Reward: -0.9994887418127038
[2024-04-19 19:48:38,092][root][INFO] - --------------- Start iteration i=34 ---------------
[2024-04-19 19:48:38,092][root][INFO] - Length of data.x: 35
[2024-04-19 19:48:38,092][root][INFO] - Length of data.y: 35
[2024-04-19 19:48:38,255][root][INFO] - x: [-0.0547963   0.15453383  0.71175031 -0.42197118 -0.6039335 ]
[2024-04-19 19:48:38,255][root][INFO] - y: [ 0.01545338 -0.24635576 -0.33579426  0.22932213]
[2024-04-19 19:48:38,255][root][INFO] - Reward: -0.73186924862343
[2024-04-19 19:48:38,256][root][INFO] - --------------- Start iteration i=35 ---------------
[2024-04-19 19:48:38,256][root][INFO] - Length of data.x: 36
[2024-04-19 19:48:38,256][root][INFO] - Length of data.y: 36
[2024-04-19 19:48:38,421][root][INFO] - x: [-0.03934291 -0.09182193  0.37595604 -0.19264904  0.30076808]
[2024-04-19 19:48:38,421][root][INFO] - y: [-0.00918219  0.01242326 -0.15330536  0.09555709]
[2024-04-19 19:48:38,421][root][INFO] - Reward: -0.21112806171730747
[2024-04-19 19:48:38,422][root][INFO] - --------------- Start iteration i=36 ---------------
[2024-04-19 19:48:38,422][root][INFO] - Length of data.x: 37
[2024-04-19 19:48:38,422][root][INFO] - Length of data.y: 37
[2024-04-19 19:48:38,587][root][INFO] - x: [-0.04852511 -0.07939867  0.22265068 -0.09709196  0.72211777]
[2024-04-19 19:48:38,587][root][INFO] - y: [-0.00793987  0.10949906 -0.07726339  0.14700927]
[2024-04-19 19:48:38,587][root][INFO] - Reward: -0.5278279530479442
[2024-04-19 19:48:38,588][root][INFO] - --------------- Start iteration i=37 ---------------
[2024-04-19 19:48:38,588][root][INFO] - Length of data.x: 38
[2024-04-19 19:48:38,588][root][INFO] - Length of data.y: 38
[2024-04-19 19:48:38,753][root][INFO] - x: [-0.05646497  0.03010039  0.14538729  0.04991732  0.59223518]
[2024-04-19 19:48:38,754][root][INFO] - y: [0.00301004 0.10383175 0.03972297 0.1364974 ]
[2024-04-19 19:48:38,754][root][INFO] - Reward: -0.3389318552306496
[2024-04-19 19:48:38,755][root][INFO] - --------------- Start iteration i=38 ---------------
[2024-04-19 19:48:38,755][root][INFO] - Length of data.x: 39
[2024-04-19 19:48:38,755][root][INFO] - Length of data.y: 39
[2024-04-19 19:48:38,920][root][INFO] - x: [-0.05345493  0.13393214  0.18511026  0.18641472 -0.24249872]
[2024-04-19 19:48:38,921][root][INFO] - y: [ 0.01339321 -0.03601114  0.14834424  0.02385089]
[2024-04-19 19:48:38,921][root][INFO] - Reward: -0.5658863876685299
[2024-04-19 19:48:38,922][root][INFO] - --------------- Start iteration i=39 ---------------
[2024-04-19 19:48:38,922][root][INFO] - Length of data.x: 40
[2024-04-19 19:48:38,922][root][INFO] - Length of data.y: 40
[2024-04-19 19:48:39,088][root][INFO] - x: [-0.04006172  0.097921    0.3334545   0.21026561 -0.11389283]
[2024-04-19 19:48:39,088][root][INFO] - y: [ 0.0097921  -0.03567298  0.16732419  0.06723758]
[2024-04-19 19:48:39,089][root][INFO] - Reward: -0.9727092836236978
[2024-04-19 19:48:39,090][root][INFO] - --------------- Start iteration i=40 ---------------
[2024-04-19 19:48:39,090][root][INFO] - Length of data.x: 41
[2024-04-19 19:48:39,090][root][INFO] - Length of data.y: 41
[2024-04-19 19:48:46,448][root][INFO] - Eval Returns: [-17.75591283 -17.47899158 -20.2236956  -14.1197385  -17.3590286 ]
[2024-04-19 19:48:46,453][root][INFO] - Eval Returns: mean=-17.387 std=1.943
[2024-04-19 19:48:46,453][root][INFO] - Eval ndata: 41.000
[2024-04-19 19:48:46,453][root][INFO] - Model MSE (current real MPC): 0.387
[2024-04-19 19:48:47,546][root][INFO] - Model MSE (random test set): 0.039
[2024-04-19 19:48:47,546][root][INFO] - Model MSE (GT MPC): 0.005
[2024-04-19 19:48:47,546][root][INFO] - Model Likelihood (random test set): -3.741
[2024-04-19 19:48:47,546][root][INFO] - Model Likelihood (GT MPC): -3.697
[2024-04-19 19:48:47,546][root][INFO] - *[TIME] [Evaluate the current MPC policy] Elapsed: 8.29 seconds
[2024-04-19 19:48:49,968][root][INFO] - x: [-0.03026962  0.06224802  0.5007787   0.2775032   0.37876409]
[2024-04-19 19:48:49,968][root][INFO] - y: [ 0.0062248  -0.035031    0.22083021  0.09828536]
[2024-04-19 19:48:49,968][root][INFO] - Reward: -0.9997099165177011
[2024-04-19 19:48:51,103][root][INFO] - --------------- Start iteration i=41 ---------------
[2024-04-19 19:48:51,103][root][INFO] - Length of data.x: 42
[2024-04-19 19:48:51,103][root][INFO] - Length of data.y: 42
[2024-04-19 19:48:51,282][root][INFO] - x: [-0.02404482  0.02721702  0.7216089   0.37578856 -0.14637523]
[2024-04-19 19:48:51,282][root][INFO] - y: [ 0.0027217  -0.15915809  0.29904327  0.17741668]
[2024-04-19 19:48:51,282][root][INFO] - Reward: -0.9999938824214847
[2024-04-19 19:48:51,283][root][INFO] - --------------- Start iteration i=42 ---------------
[2024-04-19 19:48:51,283][root][INFO] - Length of data.x: 43
[2024-04-19 19:48:51,283][root][INFO] - Length of data.y: 43
[2024-04-19 19:48:51,451][root][INFO] - x: [-0.02132312 -0.13194107 -0.97934782  0.55320524 -0.12413142]
[2024-04-19 19:48:51,451][root][INFO] - y: [-0.01319411  0.01578642  0.4402271  -0.02212026]
[2024-04-19 19:48:51,451][root][INFO] - Reward: -0.9999776332253153
[2024-04-19 19:48:51,452][root][INFO] - --------------- Start iteration i=43 ---------------
[2024-04-19 19:48:51,452][root][INFO] - Length of data.x: 44
[2024-04-19 19:48:51,452][root][INFO] - Length of data.y: 44
[2024-04-19 19:48:51,622][root][INFO] - x: [-0.03451722 -0.11615465 -0.53912073  0.53108498  0.22720648]
[2024-04-19 19:48:51,622][root][INFO] - y: [-0.01161547  0.29243923  0.42262434 -0.13330968]
[2024-04-19 19:48:51,622][root][INFO] - Reward: -0.9744969523376019
[2024-04-19 19:48:51,623][root][INFO] - --------------- Start iteration i=44 ---------------
[2024-04-19 19:48:51,623][root][INFO] - Length of data.x: 45
[2024-04-19 19:48:51,623][root][INFO] - Length of data.y: 45
[2024-04-19 19:48:51,792][root][INFO] - x: [-0.04613269  0.17628458 -0.11649639  0.39777529  0.42829871]
[2024-04-19 19:48:51,792][root][INFO] - y: [0.01762846 0.12160908 0.31653977 0.07841251]
[2024-04-19 19:48:51,792][root][INFO] - Reward: -0.13220090085922398
[2024-04-19 19:48:51,793][root][INFO] - --------------- Start iteration i=45 ---------------
[2024-04-19 19:48:51,793][root][INFO] - Length of data.x: 46
[2024-04-19 19:48:51,793][root][INFO] - Length of data.y: 46
[2024-04-19 19:48:51,964][root][INFO] - x: [-0.02850423  0.29789367  0.20004338  0.4761878   0.14559889]
[2024-04-19 19:48:51,964][root][INFO] - y: [ 0.02978937 -0.12706267  0.37893852 -0.04505442]
[2024-04-19 19:48:51,964][root][INFO] - Reward: -0.9993214211256142
[2024-04-19 19:48:51,965][root][INFO] - --------------- Start iteration i=46 ---------------
[2024-04-19 19:48:51,965][root][INFO] - Length of data.x: 47
[2024-04-19 19:48:51,965][root][INFO] - Length of data.y: 47
[2024-04-19 19:48:52,135][root][INFO] - x: [0.00128514 0.170831   0.5789819  0.43113339 0.20816599]
[2024-04-19 19:48:52,135][root][INFO] - y: [ 0.0170831  -0.1622502   0.34308533  0.13503943]
[2024-04-19 19:48:52,135][root][INFO] - Reward: -0.999994129464877
[2024-04-19 19:48:52,136][root][INFO] - --------------- Start iteration i=47 ---------------
[2024-04-19 19:48:52,136][root][INFO] - Length of data.x: 48
[2024-04-19 19:48:52,136][root][INFO] - Length of data.y: 48
[2024-04-19 19:48:52,305][root][INFO] - x: [ 0.01836824  0.0085808   0.92206723  0.56617282 -0.38620218]
[2024-04-19 19:48:52,305][root][INFO] - y: [ 0.00085808 -0.18578699  0.45054637  0.20404966]
[2024-04-19 19:48:52,306][root][INFO] - Reward: -0.9986395180063191
[2024-04-19 19:48:52,307][root][INFO] - --------------- Start iteration i=48 ---------------
[2024-04-19 19:48:52,307][root][INFO] - Length of data.x: 49
[2024-04-19 19:48:52,307][root][INFO] - Length of data.y: 49
[2024-04-19 19:48:52,476][root][INFO] - x: [ 0.01922632 -0.17720619 -0.62738639  0.77022247 -0.89127472]
[2024-04-19 19:48:52,476][root][INFO] - y: [-0.01772062  0.46451792  0.61292406 -0.27141579]
[2024-04-19 19:48:52,476][root][INFO] - Reward: -0.0011919996995252147
[2024-04-19 19:48:52,477][root][INFO] - --------------- Start iteration i=49 ---------------
[2024-04-19 19:48:52,477][root][INFO] - Length of data.x: 50
[2024-04-19 19:48:52,478][root][INFO] - Length of data.y: 50
[2024-04-19 19:48:52,648][root][INFO] - x: [ 0.0015057   0.28731173 -0.01446233  0.49880669 -0.65042392]
[2024-04-19 19:48:52,649][root][INFO] - y: [ 0.02873117 -0.09427051  0.39693807 -0.09863338]
[2024-04-19 19:48:52,649][root][INFO] - Reward: -0.9991911174678012
[2024-04-19 19:48:52,649][root][INFO] - Explore episode complete with return -20.452531092411956, resetting
[2024-04-19 19:48:52,649][root][INFO] - Exploration Episode Rewards: [-0.999990113634357, -0.9999913405030134, -0.999994108923788, -0.9999974478417396, -0.9999994227741715, -0.9999999162066244, -0.9999999757928091, -0.9999997638857282, -0.9994887418127038, -0.73186924862343, -0.21112806171730747, -0.5278279530479442, -0.3389318552306496, -0.5658863876685299, -0.9727092836236978, -0.9997099165177011, -0.9999938824214847, -0.9999776332253153, -0.9744969523376019, -0.13220090085922398, -0.9993214211256142, -0.999994129464877, -0.9986395180063191, -0.0011919996995252147, -0.9991911174678012]
[2024-04-19 19:48:52,650][root][INFO] - --------------- Start iteration i=50 ---------------
[2024-04-19 19:48:52,650][root][INFO] - Length of data.x: 51
[2024-04-19 19:48:52,650][root][INFO] - Length of data.y: 51
[2024-04-19 19:49:00,554][root][INFO] - Eval Returns: [-22.40450434 -15.717257   -20.23000998 -18.49161834 -14.56083973]
[2024-04-19 19:49:00,559][root][INFO] - Eval Returns: mean=-18.281 std=2.873
[2024-04-19 19:49:00,559][root][INFO] - Eval ndata: 51.000
[2024-04-19 19:49:00,559][root][INFO] - Model MSE (current real MPC): 0.482
[2024-04-19 19:49:01,649][root][INFO] - Model MSE (random test set): 0.031
[2024-04-19 19:49:01,649][root][INFO] - Model MSE (GT MPC): 0.004
[2024-04-19 19:49:01,649][root][INFO] - Model Likelihood (random test set): -3.735
[2024-04-19 19:49:01,649][root][INFO] - Model Likelihood (GT MPC): -3.696
[2024-04-19 19:49:01,649][root][INFO] - *[TIME] [Evaluate the current MPC policy] Elapsed: 8.83 seconds
[2024-04-19 19:49:04,251][root][INFO] - x: [-4.49997863e-04  1.68375699e-03 -9.84017664e-01 -1.97611295e-03
  4.12413943e-01]
[2024-04-19 19:49:04,251][root][INFO] - y: [ 0.00016838  0.06880913 -0.00157254 -0.0736512 ]
[2024-04-19 19:49:04,252][root][INFO] - Reward: -0.9999900245675005
[2024-04-19 19:49:05,357][root][INFO] - --------------- Start iteration i=51 ---------------
[2024-04-19 19:49:05,357][root][INFO] - Length of data.x: 52
[2024-04-19 19:49:05,358][root][INFO] - Length of data.y: 52
[2024-04-19 19:49:05,543][root][INFO] - x: [-2.81622164e-04  7.04928856e-02 -9.85590206e-01 -7.56273100e-02
  3.68469426e-01]
[2024-04-19 19:49:05,543][root][INFO] - y: [ 0.00704929  0.06080456 -0.06018235 -0.06518647]
[2024-04-19 19:49:05,543][root][INFO] - Reward: -0.9999907445141061
[2024-04-19 19:49:05,544][root][INFO] - --------------- Start iteration i=52 ---------------
[2024-04-19 19:49:05,545][root][INFO] - Length of data.x: 53
[2024-04-19 19:49:05,545][root][INFO] - Length of data.y: 53
[2024-04-19 19:49:05,720][root][INFO] - x: [ 0.00676767  0.13129745  0.95422744 -0.14081378  0.07842629]
[2024-04-19 19:49:05,720][root][INFO] - y: [ 0.01312974 -0.00214489 -0.11205614  0.0161954 ]
[2024-04-19 19:49:05,720][root][INFO] - Reward: -0.9999941662109806
[2024-04-19 19:49:05,721][root][INFO] - --------------- Start iteration i=53 ---------------
[2024-04-19 19:49:05,721][root][INFO] - Length of data.x: 54
[2024-04-19 19:49:05,721][root][INFO] - Length of data.y: 54
[2024-04-19 19:49:05,894][root][INFO] - x: [ 0.01989741  0.12915256  0.84217131 -0.12461838  0.26073158]
[2024-04-19 19:49:05,894][root][INFO] - y: [ 0.01291526  0.00344379 -0.09916824  0.04369123]
[2024-04-19 19:49:05,895][root][INFO] - Reward: -0.9999974504137784
[2024-04-19 19:49:05,896][root][INFO] - --------------- Start iteration i=54 ---------------
[2024-04-19 19:49:05,896][root][INFO] - Length of data.x: 55
[2024-04-19 19:49:05,896][root][INFO] - Length of data.y: 55
[2024-04-19 19:49:06,069][root][INFO] - x: [ 0.03281267  0.13259636  0.74300307 -0.08092715 -0.03304588]
[2024-04-19 19:49:06,069][root][INFO] - y: [ 0.01325964 -0.03345902 -0.06439983  0.09408078]
[2024-04-19 19:49:06,069][root][INFO] - Reward: -0.9999993638869765
[2024-04-19 19:49:06,071][root][INFO] - --------------- Start iteration i=55 ---------------
[2024-04-19 19:49:06,071][root][INFO] - Length of data.x: 56
[2024-04-19 19:49:06,071][root][INFO] - Length of data.y: 56
[2024-04-19 19:49:06,244][root][INFO] - x: [ 0.0460723   0.09913734  0.67860324  0.01315364 -0.25462687]
[2024-04-19 19:49:06,244][root][INFO] - y: [ 0.00991373 -0.0483118   0.01046734  0.10885063]
[2024-04-19 19:49:06,245][root][INFO] - Reward: -0.9999998811377697
[2024-04-19 19:49:06,246][root][INFO] - --------------- Start iteration i=56 ---------------
[2024-04-19 19:49:06,246][root][INFO] - Length of data.x: 57
[2024-04-19 19:49:06,246][root][INFO] - Length of data.y: 57
[2024-04-19 19:49:06,420][root][INFO] - x: [ 0.05598604  0.05082554  0.68907058  0.12200426 -0.25545503]
[2024-04-19 19:49:06,421][root][INFO] - y: [ 0.00508255 -0.06197778  0.09708799  0.116067  ]
[2024-04-19 19:49:06,421][root][INFO] - Reward: -0.9999999542794732
[2024-04-19 19:49:06,422][root][INFO] - --------------- Start iteration i=57 ---------------
[2024-04-19 19:49:06,422][root][INFO] - Length of data.x: 58
[2024-04-19 19:49:06,422][root][INFO] - Length of data.y: 58
[2024-04-19 19:49:06,597][root][INFO] - x: [ 0.06106859 -0.01115224  0.78615857  0.23807126 -0.30048186]
[2024-04-19 19:49:06,597][root][INFO] - y: [-0.00111522 -0.10509016  0.18945124  0.14337367]
[2024-04-19 19:49:06,597][root][INFO] - Reward: -0.9999996334816418
[2024-04-19 19:49:06,599][root][INFO] - --------------- Start iteration i=58 ---------------
[2024-04-19 19:49:06,599][root][INFO] - Length of data.x: 59
[2024-04-19 19:49:06,599][root][INFO] - Length of data.y: 59
[2024-04-19 19:49:06,774][root][INFO] - x: [ 0.05995337 -0.11624239  0.97560981  0.38144493 -0.19561521]
[2024-04-19 19:49:06,774][root][INFO] - y: [-0.01162424 -0.0504657   0.30354447  0.05783498]
[2024-04-19 19:49:06,774][root][INFO] - Reward: -0.9995670511101236
[2024-04-19 19:49:06,775][root][INFO] - --------------- Start iteration i=59 ---------------
[2024-04-19 19:49:06,775][root][INFO] - Length of data.x: 60
[2024-04-19 19:49:06,775][root][INFO] - Length of data.y: 60
[2024-04-19 19:49:06,951][root][INFO] - x: [ 0.04832913 -0.16670809 -0.72084572  0.4392799  -0.43955433]
[2024-04-19 19:49:06,951][root][INFO] - y: [-0.01667081  0.13571069  0.34956812 -0.16228052]
[2024-04-19 19:49:06,951][root][INFO] - Reward: -0.7771817267938288
[2024-04-19 19:49:06,952][root][INFO] - --------------- Start iteration i=60 ---------------
[2024-04-19 19:49:06,952][root][INFO] - Length of data.x: 61
[2024-04-19 19:49:06,952][root][INFO] - Length of data.y: 61
[2024-04-19 19:49:15,309][root][INFO] - Eval Returns: [-14.03217367 -17.0397605  -17.24434149 -16.05465277 -17.18635098]
[2024-04-19 19:49:15,314][root][INFO] - Eval Returns: mean=-16.311 std=1.219
[2024-04-19 19:49:15,314][root][INFO] - Eval ndata: 61.000
[2024-04-19 19:49:15,314][root][INFO] - Model MSE (current real MPC): 0.386
[2024-04-19 19:49:16,427][root][INFO] - Model MSE (random test set): 0.030
[2024-04-19 19:49:16,427][root][INFO] - Model MSE (GT MPC): 0.003
[2024-04-19 19:49:16,427][root][INFO] - Model Likelihood (random test set): -3.731
[2024-04-19 19:49:16,427][root][INFO] - Model Likelihood (GT MPC): -3.693
[2024-04-19 19:49:16,427][root][INFO] - *[TIME] [Evaluate the current MPC policy] Elapsed: 9.30 seconds
[2024-04-19 19:49:19,040][root][INFO] - x: [ 0.03165832 -0.0309974  -0.3712776   0.27699939 -0.68593809]
[2024-04-19 19:49:19,041][root][INFO] - y: [-0.00309974 -0.01642699  0.22042929 -0.09674267]
[2024-04-19 19:49:19,041][root][INFO] - Reward: -0.035443382496110565
[2024-04-19 19:49:20,145][root][INFO] - --------------- Start iteration i=61 ---------------
[2024-04-19 19:49:20,145][root][INFO] - Length of data.x: 62
[2024-04-19 19:49:20,145][root][INFO] - Length of data.y: 62
[2024-04-19 19:49:20,363][root][INFO] - x: [ 0.02855858 -0.04742439 -0.15084831  0.18025672 -0.54583722]
[2024-04-19 19:49:20,364][root][INFO] - y: [-0.00474244 -0.07845449  0.14344385 -0.11462316]
[2024-04-19 19:49:20,364][root][INFO] - Reward: -0.33111649254631026
[2024-04-19 19:49:20,365][root][INFO] - --------------- Start iteration i=62 ---------------
[2024-04-19 19:49:20,365][root][INFO] - Length of data.x: 63
[2024-04-19 19:49:20,365][root][INFO] - Length of data.y: 63
[2024-04-19 19:49:20,545][root][INFO] - x: [ 0.02381614 -0.12587888 -0.00740446  0.06563355 -0.16217772]
[2024-04-19 19:49:20,545][root][INFO] - y: [-0.01258789 -0.025146    0.05222956 -0.0274233 ]
[2024-04-19 19:49:20,545][root][INFO] - Reward: -0.26594411427568543
[2024-04-19 19:49:20,547][root][INFO] - --------------- Start iteration i=63 ---------------
[2024-04-19 19:49:20,547][root][INFO] - Length of data.x: 64
[2024-04-19 19:49:20,547][root][INFO] - Length of data.y: 64
[2024-04-19 19:49:20,724][root][INFO] - x: [ 0.01122825 -0.15102489  0.04482511  0.03821025 -0.15717811]
[2024-04-19 19:49:20,724][root][INFO] - y: [-0.01510249 -0.01467801  0.03040678 -0.00074964]
[2024-04-19 19:49:20,724][root][INFO] - Reward: -0.0815335038471161
[2024-04-19 19:49:20,726][root][INFO] - --------------- Start iteration i=64 ---------------
[2024-04-19 19:49:20,726][root][INFO] - Length of data.x: 65
[2024-04-19 19:49:20,726][root][INFO] - Length of data.y: 65
[2024-04-19 19:49:20,905][root][INFO] - x: [-0.00387424 -0.1657029   0.07523188  0.03746061 -0.08904073]
[2024-04-19 19:49:20,905][root][INFO] - y: [-0.01657029  0.00128244  0.02981023  0.02424066]
[2024-04-19 19:49:20,905][root][INFO] - Reward: -0.009145944035873876
[2024-04-19 19:49:20,906][root][INFO] - --------------- Start iteration i=65 ---------------
[2024-04-19 19:49:20,906][root][INFO] - Length of data.x: 66
[2024-04-19 19:49:20,906][root][INFO] - Length of data.y: 66
[2024-04-19 19:49:21,085][root][INFO] - x: [-0.02044453 -0.16442046  0.10504211  0.06170127 -0.14577147]
[2024-04-19 19:49:21,085][root][INFO] - y: [-0.01644205 -0.00421522  0.04910035  0.02783318]
[2024-04-19 19:49:21,085][root][INFO] - Reward: -0.09715870047701891
[2024-04-19 19:49:21,087][root][INFO] - --------------- Start iteration i=66 ---------------
[2024-04-19 19:49:21,087][root][INFO] - Length of data.x: 67
[2024-04-19 19:49:21,087][root][INFO] - Length of data.y: 67
[2024-04-19 19:49:21,267][root][INFO] - x: [-0.03688657 -0.16863568  0.15414246  0.08953445  0.18236441]
[2024-04-19 19:49:21,267][root][INFO] - y: [-0.01686357  0.04473704  0.07124931  0.08531002]
[2024-04-19 19:49:21,267][root][INFO] - Reward: -0.28818976054548573
[2024-04-19 19:49:21,268][root][INFO] - --------------- Start iteration i=67 ---------------
[2024-04-19 19:49:21,268][root][INFO] - Length of data.x: 68
[2024-04-19 19:49:21,269][root][INFO] - Length of data.y: 68
[2024-04-19 19:49:21,448][root][INFO] - x: [-0.05375014 -0.12389864  0.22539177  0.17484447  0.29945067]
[2024-04-19 19:49:21,449][root][INFO] - y: [-0.01238986  0.03922411  0.13913692  0.0936625 ]
[2024-04-19 19:49:21,449][root][INFO] - Reward: -0.6666222361655715
[2024-04-19 19:49:21,450][root][INFO] - --------------- Start iteration i=68 ---------------
[2024-04-19 19:49:21,450][root][INFO] - Length of data.x: 69
[2024-04-19 19:49:21,450][root][INFO] - Length of data.y: 69
[2024-04-19 19:49:21,631][root][INFO] - x: [-0.06614001 -0.08467453  0.36452869  0.26850697  0.65550047]
[2024-04-19 19:49:21,631][root][INFO] - y: [-0.00846745  0.01995961  0.21367123  0.09768044]
[2024-04-19 19:49:21,631][root][INFO] - Reward: -0.9905960738013327
[2024-04-19 19:49:21,632][root][INFO] - --------------- Start iteration i=69 ---------------
[2024-04-19 19:49:21,632][root][INFO] - Length of data.x: 70
[2024-04-19 19:49:21,632][root][INFO] - Length of data.y: 70
[2024-04-19 19:49:21,813][root][INFO] - x: [-0.07460746 -0.06471492  0.57819993  0.36618741  0.95565335]
[2024-04-19 19:49:21,813][root][INFO] - y: [-0.00647149 -0.03519313  0.29140292  0.1038107 ]
[2024-04-19 19:49:21,813][root][INFO] - Reward: -0.9999981536170149
[2024-04-19 19:49:21,815][root][INFO] - --------------- Start iteration i=70 ---------------
[2024-04-19 19:49:21,815][root][INFO] - Length of data.x: 71
[2024-04-19 19:49:21,815][root][INFO] - Length of data.y: 71
[2024-04-19 19:49:30,750][root][INFO] - Eval Returns: [-15.05282258 -12.5686392  -10.92185014 -13.12368155 -12.36699291]
[2024-04-19 19:49:30,755][root][INFO] - Eval Returns: mean=-12.807 std=1.338
[2024-04-19 19:49:30,755][root][INFO] - Eval ndata: 71.000
[2024-04-19 19:49:30,755][root][INFO] - Model MSE (current real MPC): 0.224
[2024-04-19 19:49:31,878][root][INFO] - Model MSE (random test set): 0.028
[2024-04-19 19:49:31,878][root][INFO] - Model MSE (GT MPC): 0.003
[2024-04-19 19:49:31,878][root][INFO] - Model Likelihood (random test set): -3.733
[2024-04-19 19:49:31,878][root][INFO] - Model Likelihood (GT MPC): -3.694
[2024-04-19 19:49:31,878][root][INFO] - *[TIME] [Evaluate the current MPC policy] Elapsed: 9.88 seconds
[2024-04-19 19:49:34,483][root][INFO] - x: [-0.08107895 -0.09990805  0.86960285  0.46999812  0.97608486]
[2024-04-19 19:49:34,483][root][INFO] - y: [-0.0099908   0.00390114  0.37401292  0.03553419]
[2024-04-19 19:49:34,483][root][INFO] - Reward: -0.9999999998477593
[2024-04-19 19:49:35,408][root][INFO] - --------------- Start iteration i=71 ---------------
[2024-04-19 19:49:35,408][root][INFO] - Length of data.x: 72
[2024-04-19 19:49:35,408][root][INFO] - Length of data.y: 72
[2024-04-19 19:49:35,599][root][INFO] - x: [-0.09106976 -0.09600691 -0.75638424  0.50553231  0.07303678]
[2024-04-19 19:49:35,600][root][INFO] - y: [-0.00960069  0.23931716  0.40229015 -0.24061371]
[2024-04-19 19:49:35,600][root][INFO] - Reward: -0.9999999979089309
[2024-04-19 19:49:35,601][root][INFO] - --------------- Start iteration i=72 ---------------
[2024-04-19 19:49:35,601][root][INFO] - Length of data.x: 73
[2024-04-19 19:49:35,601][root][INFO] - Length of data.y: 73
[2024-04-19 19:49:35,782][root][INFO] - x: [-0.10067045  0.14331025 -0.35409408  0.2649186  -0.00356879]
[2024-04-19 19:49:35,783][root][INFO] - y: [ 0.01433102  0.04597665  0.21081569 -0.06771857]
[2024-04-19 19:49:35,783][root][INFO] - Reward: -0.9999606685345469
[2024-04-19 19:49:35,784][root][INFO] - --------------- Start iteration i=73 ---------------
[2024-04-19 19:49:35,784][root][INFO] - Length of data.x: 74
[2024-04-19 19:49:35,784][root][INFO] - Length of data.y: 74
[2024-04-19 19:49:35,967][root][INFO] - x: [-0.08633942  0.18928689 -0.14327839  0.19720003 -0.53926674]
[2024-04-19 19:49:35,967][root][INFO] - y: [ 0.01892869 -0.07813922  0.15692693 -0.11308049]
[2024-04-19 19:49:35,967][root][INFO] - Reward: -0.965377859523287
[2024-04-19 19:49:35,969][root][INFO] - --------------- Start iteration i=74 ---------------
[2024-04-19 19:49:35,969][root][INFO] - Length of data.x: 75
[2024-04-19 19:49:35,969][root][INFO] - Length of data.y: 75
[2024-04-19 19:49:36,151][root][INFO] - x: [-0.06741073  0.11114768  0.01364854  0.08411955 -0.31475329]
[2024-04-19 19:49:36,152][root][INFO] - y: [ 0.01111477 -0.05001544  0.06694026 -0.04576013]
[2024-04-19 19:49:36,152][root][INFO] - Reward: -0.7446975059984363
[2024-04-19 19:49:36,152][root][INFO] - Explore episode complete with return -18.252504390016664, resetting
[2024-04-19 19:49:36,152][root][INFO] - Exploration Episode Rewards: [-0.9999900245675005, -0.9999907445141061, -0.9999941662109806, -0.9999974504137784, -0.9999993638869765, -0.9999998811377697, -0.9999999542794732, -0.9999996334816418, -0.9995670511101236, -0.7771817267938288, -0.035443382496110565, -0.33111649254631026, -0.26594411427568543, -0.0815335038471161, -0.009145944035873876, -0.09715870047701891, -0.28818976054548573, -0.6666222361655715, -0.9905960738013327, -0.9999981536170149, -0.9999999998477593, -0.9999999979089309, -0.9999606685345469, -0.965377859523287, -0.7446975059984363]
[2024-04-19 19:49:36,153][root][INFO] - --------------- Start iteration i=75 ---------------
[2024-04-19 19:49:36,153][root][INFO] - Length of data.x: 76
[2024-04-19 19:49:36,153][root][INFO] - Length of data.y: 76
[2024-04-19 19:49:36,336][root][INFO] - x: [ 3.32354997e-03  4.08800189e-03 -9.91267843e-01 -2.10363820e-05
  1.96297459e-01]
[2024-04-19 19:49:36,336][root][INFO] - y: [ 4.08800189e-04  3.29429938e-02 -1.67402344e-05 -3.56244140e-02]
[2024-04-19 19:49:36,336][root][INFO] - Reward: -0.9999900622987252
[2024-04-19 19:49:36,338][root][INFO] - --------------- Start iteration i=76 ---------------
[2024-04-19 19:49:36,338][root][INFO] - Length of data.x: 77
[2024-04-19 19:49:36,338][root][INFO] - Length of data.y: 77
[2024-04-19 19:49:36,521][root][INFO] - x: [ 0.00373235  0.037031   -0.99128458 -0.03564545  0.29820482]
[2024-04-19 19:49:36,521][root][INFO] - y: [ 0.0037031   0.04876311 -0.02836577 -0.05143349]
[2024-04-19 19:49:36,521][root][INFO] - Reward: -0.9999908090835378
[2024-04-19 19:49:36,523][root][INFO] - --------------- Start iteration i=77 ---------------
[2024-04-19 19:49:36,523][root][INFO] - Length of data.x: 78
[2024-04-19 19:49:36,523][root][INFO] - Length of data.y: 78
[2024-04-19 19:49:36,707][root][INFO] - x: [ 0.00743545  0.08579411  0.98034965 -0.08707894  0.21187803]
[2024-04-19 19:49:36,707][root][INFO] - y: [ 0.00857941  0.02813354 -0.06929527 -0.02202133]
[2024-04-19 19:49:36,707][root][INFO] - Reward: -0.9999933825487174
[2024-04-19 19:49:36,708][root][INFO] - --------------- Start iteration i=78 ---------------
[2024-04-19 19:49:36,708][root][INFO] - Length of data.x: 79
[2024-04-19 19:49:36,709][root][INFO] - Length of data.y: 79
[2024-04-19 19:49:36,892][root][INFO] - x: [ 0.01601486  0.11392765  0.91105437 -0.10910027  0.10674973]
[2024-04-19 19:49:36,892][root][INFO] - y: [ 0.01139276 -0.00505693 -0.0868193   0.03194541]
[2024-04-19 19:49:36,892][root][INFO] - Reward: -0.9999967765276189
[2024-04-19 19:49:36,894][root][INFO] - --------------- Start iteration i=79 ---------------
[2024-04-19 19:49:36,894][root][INFO] - Length of data.x: 80
[2024-04-19 19:49:36,894][root][INFO] - Length of data.y: 80
[2024-04-19 19:49:37,078][root][INFO] - x: [ 0.02740763  0.10887072  0.82423507 -0.07715485 -0.2379627 ]
[2024-04-19 19:49:37,078][root][INFO] - y: [ 0.01088707 -0.06077889 -0.06139793  0.10325659]
[2024-04-19 19:49:37,078][root][INFO] - Reward: -0.999998831312874
[2024-04-19 19:49:37,080][root][INFO] - --------------- Start iteration i=80 ---------------
[2024-04-19 19:49:37,080][root][INFO] - Length of data.x: 81
[2024-04-19 19:49:37,080][root][INFO] - Length of data.y: 81
[2024-04-19 19:49:46,433][root][INFO] - Eval Returns: [-15.29741777 -13.44028548 -12.40164758 -17.60484686 -17.08424016]
[2024-04-19 19:49:46,438][root][INFO] - Eval Returns: mean=-15.166 std=2.013
[2024-04-19 19:49:46,438][root][INFO] - Eval ndata: 81.000
[2024-04-19 19:49:46,438][root][INFO] - Model MSE (current real MPC): 0.353
[2024-04-19 19:49:47,567][root][INFO] - Model MSE (random test set): 0.027
[2024-04-19 19:49:47,568][root][INFO] - Model MSE (GT MPC): 0.003
[2024-04-19 19:49:47,568][root][INFO] - Model Likelihood (random test set): -3.731
[2024-04-19 19:49:47,568][root][INFO] - Model Likelihood (GT MPC): -3.694
[2024-04-19 19:49:47,568][root][INFO] - *[TIME] [Evaluate the current MPC policy] Elapsed: 10.30 seconds
[2024-04-19 19:49:50,151][root][INFO] - x: [0.0382947  0.04809183 0.76283714 0.02610174 0.13827819]
[2024-04-19 19:49:50,151][root][INFO] - y: [ 0.00480918 -0.00682073  0.02077112  0.07159547]
[2024-04-19 19:49:50,151][root][INFO] - Reward: -0.999999400504057
[2024-04-19 19:49:51,073][root][INFO] - --------------- Start iteration i=81 ---------------
[2024-04-19 19:49:51,073][root][INFO] - Length of data.x: 82
[2024-04-19 19:49:51,073][root][INFO] - Length of data.y: 82
[2024-04-19 19:49:51,284][root][INFO] - x: [ 0.04310388  0.04127109  0.78360825  0.09769721 -0.29009315]
[2024-04-19 19:49:51,285][root][INFO] - y: [ 0.00412711 -0.068612    0.07774503  0.1150922 ]
[2024-04-19 19:49:51,285][root][INFO] - Reward: -0.9999995786905467
[2024-04-19 19:49:51,286][root][INFO] - --------------- Start iteration i=82 ---------------
[2024-04-19 19:49:51,286][root][INFO] - Length of data.x: 83
[2024-04-19 19:49:51,286][root][INFO] - Length of data.y: 83
[2024-04-19 19:49:51,479][root][INFO] - x: [ 0.04723099 -0.02734091  0.86135328  0.21278941 -0.51535438]
[2024-04-19 19:49:51,480][root][INFO] - y: [-0.00273409 -0.12035908  0.16933257  0.15055451]
[2024-04-19 19:49:51,480][root][INFO] - Reward: -0.9999968435355509
[2024-04-19 19:49:51,481][root][INFO] - --------------- Start iteration i=83 ---------------
[2024-04-19 19:49:51,482][root][INFO] - Length of data.x: 84
[2024-04-19 19:49:51,482][root][INFO] - Length of data.y: 84
[2024-04-19 19:49:51,670][root][INFO] - x: [ 0.0444969  -0.14769998 -0.96931415  0.36334392 -0.24079833]
[2024-04-19 19:49:51,670][root][INFO] - y: [-0.01477    -0.01139481  0.28914014  0.00188959]
[2024-04-19 19:49:51,670][root][INFO] - Reward: -0.9992129891529963
[2024-04-19 19:49:51,672][root][INFO] - --------------- Start iteration i=84 ---------------
[2024-04-19 19:49:51,672][root][INFO] - Length of data.x: 85
[2024-04-19 19:49:51,672][root][INFO] - Length of data.y: 85
[2024-04-19 19:49:51,859][root][INFO] - x: [ 0.0297269  -0.15909479 -0.68017401  0.36523351  0.00952859]
[2024-04-19 19:49:51,859][root][INFO] - y: [-0.01590948  0.13984906  0.29064383 -0.15788352]
[2024-04-19 19:49:51,860][root][INFO] - Reward: -0.9332110013603965
[2024-04-19 19:49:51,861][root][INFO] - --------------- Start iteration i=85 ---------------
[2024-04-19 19:49:51,861][root][INFO] - Length of data.x: 86
[2024-04-19 19:49:51,861][root][INFO] - Length of data.y: 86
[2024-04-19 19:49:52,049][root][INFO] - x: [ 0.01381742 -0.01924573 -0.38953019  0.20734999  0.08999177]
[2024-04-19 19:49:52,049][root][INFO] - y: [-0.00192457  0.0369186   0.16500401 -0.07978824]
[2024-04-19 19:49:52,049][root][INFO] - Reward: -0.5264311098598989
[2024-04-19 19:49:52,051][root][INFO] - --------------- Start iteration i=86 ---------------
[2024-04-19 19:49:52,051][root][INFO] - Length of data.x: 87
[2024-04-19 19:49:52,051][root][INFO] - Length of data.y: 87
[2024-04-19 19:49:52,238][root][INFO] - x: [ 0.01189285  0.01767287 -0.22452618  0.12756174  0.24147677]
[2024-04-19 19:49:52,239][root][INFO] - y: [ 0.00176729  0.02004025  0.10151049 -0.04840644]
[2024-04-19 19:49:52,239][root][INFO] - Reward: -0.07671477622129297
[2024-04-19 19:49:52,240][root][INFO] - --------------- Start iteration i=87 ---------------
[2024-04-19 19:49:52,240][root][INFO] - Length of data.x: 88
[2024-04-19 19:49:52,240][root][INFO] - Length of data.y: 88
[2024-04-19 19:49:52,431][root][INFO] - x: [ 0.01366013  0.03771311 -0.12301568  0.0791553   0.08040184]
[2024-04-19 19:49:52,431][root][INFO] - y: [ 0.00377131 -0.00439234  0.06298984 -0.04108158]
[2024-04-19 19:49:52,432][root][INFO] - Reward: -0.031005689367223033
[2024-04-19 19:49:52,433][root][INFO] - --------------- Start iteration i=88 ---------------
[2024-04-19 19:49:52,433][root][INFO] - Length of data.x: 89
[2024-04-19 19:49:52,433][root][INFO] - Length of data.y: 89
[2024-04-19 19:49:52,622][root][INFO] - x: [ 0.01743145  0.03332077 -0.06002585  0.03807372 -0.1079925 ]
[2024-04-19 19:49:52,622][root][INFO] - y: [ 0.00333208 -0.02767028  0.03029813 -0.0455884 ]
[2024-04-19 19:49:52,622][root][INFO] - Reward: -0.16815765889288992
[2024-04-19 19:49:52,624][root][INFO] - --------------- Start iteration i=89 ---------------
[2024-04-19 19:49:52,624][root][INFO] - Length of data.x: 90
[2024-04-19 19:49:52,624][root][INFO] - Length of data.y: 90
[2024-04-19 19:49:52,813][root][INFO] - x: [ 0.02076352  0.00565049 -0.02972772 -0.00751469  0.12153352]
[2024-04-19 19:49:52,813][root][INFO] - y: [ 0.00056505  0.01382001 -0.00598     0.00460198]
[2024-04-19 19:49:52,813][root][INFO] - Reward: -0.1571116595642459
[2024-04-19 19:49:52,815][root][INFO] - --------------- Start iteration i=90 ---------------
[2024-04-19 19:49:52,815][root][INFO] - Length of data.x: 91
[2024-04-19 19:49:52,815][root][INFO] - Length of data.y: 91
[2024-04-19 19:50:02,685][root][INFO] - Eval Returns: [-12.96622941 -14.62671701 -11.29266535 -17.09394901 -10.21494878]
[2024-04-19 19:50:02,690][root][INFO] - Eval Returns: mean=-13.239 std=2.441
[2024-04-19 19:50:02,690][root][INFO] - Eval ndata: 91.000
[2024-04-19 19:50:02,690][root][INFO] - Model MSE (current real MPC): 0.384
[2024-04-19 19:50:03,834][root][INFO] - Model MSE (random test set): 0.011
[2024-04-19 19:50:03,834][root][INFO] - Model MSE (GT MPC): 0.001
[2024-04-19 19:50:03,834][root][INFO] - Model Likelihood (random test set): -3.708
[2024-04-19 19:50:03,834][root][INFO] - Model Likelihood (GT MPC): -3.685
[2024-04-19 19:50:03,835][root][INFO] - *[TIME] [Evaluate the current MPC policy] Elapsed: 10.83 seconds
[2024-04-19 19:50:06,595][root][INFO] - x: [ 0.02132857  0.0194705  -0.03570772 -0.0029127   0.02243915]
[2024-04-19 19:50:06,595][root][INFO] - y: [ 0.00194705 -0.00324968 -0.00231786 -0.01422215]
[2024-04-19 19:50:06,596][root][INFO] - Reward: -0.18792215328210038
[2024-04-19 19:50:07,557][root][INFO] - --------------- Start iteration i=91 ---------------
[2024-04-19 19:50:07,557][root][INFO] - Length of data.x: 92
[2024-04-19 19:50:07,557][root][INFO] - Length of data.y: 92
[2024-04-19 19:50:07,776][root][INFO] - x: [ 0.02327562  0.01622082 -0.03802558 -0.01713485  0.09452193]
[2024-04-19 19:50:07,777][root][INFO] - y: [ 0.00162208  0.00787748 -0.01363549 -0.00388183]
[2024-04-19 19:50:07,777][root][INFO] - Reward: -0.1692203946544668
[2024-04-19 19:50:07,779][root][INFO] - --------------- Start iteration i=92 ---------------
[2024-04-19 19:50:07,779][root][INFO] - Length of data.x: 93
[2024-04-19 19:50:07,779][root][INFO] - Length of data.y: 93
[2024-04-19 19:50:07,974][root][INFO] - x: [ 0.0248977   0.02409829 -0.05166107 -0.02101669  0.21909928]
[2024-04-19 19:50:07,974][root][INFO] - y: [ 0.00240983  0.02499032 -0.01672456  0.00879413]
[2024-04-19 19:50:07,975][root][INFO] - Reward: -0.15641581222808232
[2024-04-19 19:50:07,976][root][INFO] - --------------- Start iteration i=93 ---------------
[2024-04-19 19:50:07,976][root][INFO] - Length of data.x: 94
[2024-04-19 19:50:07,976][root][INFO] - Length of data.y: 94
[2024-04-19 19:50:08,168][root][INFO] - x: [ 0.02730753  0.04908861 -0.06838563 -0.01222255  0.03213621]
[2024-04-19 19:50:08,168][root][INFO] - y: [ 0.00490886 -0.0076594  -0.00972641 -0.02841865]
[2024-04-19 19:50:08,168][root][INFO] - Reward: -0.222381757541395
[2024-04-19 19:50:08,170][root][INFO] - --------------- Start iteration i=94 ---------------
[2024-04-19 19:50:08,170][root][INFO] - Length of data.x: 95
[2024-04-19 19:50:08,170][root][INFO] - Length of data.y: 95
[2024-04-19 19:50:08,362][root][INFO] - x: [ 0.03221639  0.04142921 -0.07811204 -0.0406412   0.18239785]
[2024-04-19 19:50:08,363][root][INFO] - y: [ 0.00414292  0.01471633 -0.03234127 -0.00958131]
[2024-04-19 19:50:08,363][root][INFO] - Reward: -0.19254871937160345
[2024-04-19 19:50:08,364][root][INFO] - --------------- Start iteration i=95 ---------------
[2024-04-19 19:50:08,365][root][INFO] - Length of data.x: 96
[2024-04-19 19:50:08,365][root][INFO] - Length of data.y: 96
[2024-04-19 19:50:08,557][root][INFO] - x: [ 0.03635931  0.05614554 -0.11045331 -0.05022251 -0.32811551]
[2024-04-19 19:50:08,557][root][INFO] - y: [ 0.00561455 -0.06634915 -0.03996584 -0.09579016]
[2024-04-19 19:50:08,557][root][INFO] - Reward: -0.1866699299219824
[2024-04-19 19:50:08,559][root][INFO] - --------------- Start iteration i=96 ---------------
[2024-04-19 19:50:08,559][root][INFO] - Length of data.x: 97
[2024-04-19 19:50:08,559][root][INFO] - Length of data.y: 97
[2024-04-19 19:50:08,753][root][INFO] - x: [ 0.04197387 -0.01020361 -0.15041914 -0.14601267 -0.23123903]
[2024-04-19 19:50:08,753][root][INFO] - y: [-0.00102036 -0.04105493 -0.11619329 -0.08125265]
[2024-04-19 19:50:08,753][root][INFO] - Reward: -0.277888864155599
[2024-04-19 19:50:08,755][root][INFO] - --------------- Start iteration i=97 ---------------
[2024-04-19 19:50:08,755][root][INFO] - Length of data.x: 98
[2024-04-19 19:50:08,755][root][INFO] - Length of data.y: 98
[2024-04-19 19:50:08,951][root][INFO] - x: [ 0.04095351 -0.05125855 -0.26661243 -0.22726533 -0.73280214]
[2024-04-19 19:50:08,951][root][INFO] - y: [-0.00512585 -0.06622475 -0.18085215 -0.117287  ]
[2024-04-19 19:50:08,952][root][INFO] - Reward: -0.9135186352030904
[2024-04-19 19:50:08,953][root][INFO] - --------------- Start iteration i=98 ---------------
[2024-04-19 19:50:08,953][root][INFO] - Length of data.x: 99
[2024-04-19 19:50:08,953][root][INFO] - Length of data.y: 99
[2024-04-19 19:50:09,148][root][INFO] - x: [ 0.03582765 -0.11748329 -0.44746457 -0.34455233 -0.17179655]
[2024-04-19 19:50:09,148][root][INFO] - y: [-0.01174833  0.08870921 -0.27418625 -0.08229082]
[2024-04-19 19:50:09,148][root][INFO] - Reward: -0.9997097900536096
[2024-04-19 19:50:09,150][root][INFO] - --------------- Start iteration i=99 ---------------
[2024-04-19 19:50:09,150][root][INFO] - Length of data.x: 100
[2024-04-19 19:50:09,150][root][INFO] - Length of data.y: 100
[2024-04-19 19:50:09,345][root][INFO] - x: [ 0.02407932 -0.02877408 -0.72165083 -0.42684315 -0.04382938]
[2024-04-19 19:50:09,345][root][INFO] - y: [-0.00287741  0.1715332  -0.33967126 -0.18536199]
[2024-04-19 19:50:09,345][root][INFO] - Reward: -0.9999947786560051
[2024-04-19 19:50:09,345][root][INFO] - Explore episode complete with return -15.198081403988505, resetting
[2024-04-19 19:50:09,345][root][INFO] - Exploration Episode Rewards: [-0.9999900622987252, -0.9999908090835378, -0.9999933825487174, -0.9999967765276189, -0.999998831312874, -0.999999400504057, -0.9999995786905467, -0.9999968435355509, -0.9992129891529963, -0.9332110013603965, -0.5264311098598989, -0.07671477622129297, -0.031005689367223033, -0.16815765889288992, -0.1571116595642459, -0.18792215328210038, -0.1692203946544668, -0.15641581222808232, -0.222381757541395, -0.19254871937160345, -0.1866699299219824, -0.277888864155599, -0.9135186352030904, -0.9997097900536096, -0.9999947786560051]
[2024-04-19 19:50:09,347][root][INFO] - --------------- Start iteration i=100 ---------------
[2024-04-19 19:50:09,347][root][INFO] - Length of data.x: 101
[2024-04-19 19:50:09,347][root][INFO] - Length of data.y: 101
[2024-04-19 19:50:19,819][root][INFO] - Eval Returns: [-15.79486622 -15.45502049 -12.32159987 -15.97812109 -13.11098887]
[2024-04-19 19:50:19,819][root][INFO] - Eval Returns: mean=-14.532 std=1.513
[2024-04-19 19:50:19,819][root][INFO] - Eval ndata: 101.000
[2024-04-19 19:50:19,819][root][INFO] - Model MSE (current real MPC): 0.384
[2024-04-19 19:50:20,988][root][INFO] - Model MSE (random test set): 0.005
[2024-04-19 19:50:20,988][root][INFO] - Model MSE (GT MPC): 0.000
[2024-04-19 19:50:20,988][root][INFO] - Model Likelihood (random test set): -3.700
[2024-04-19 19:50:20,988][root][INFO] - Model Likelihood (GT MPC): -3.682
[2024-04-19 19:50:20,988][root][INFO] - *[TIME] [Evaluate the current MPC policy] Elapsed: 11.44 seconds
[2024-04-19 19:50:23,355][root][INFO] - x: [-2.08350590e-03 -3.24863216e-03 -9.96168135e-01  6.23969544e-04
 -5.93248626e-01]
[2024-04-19 19:50:23,355][root][INFO] - y: [-0.00032486 -0.09415024  0.00049654  0.09296105]
[2024-04-19 19:50:23,355][root][INFO] - Reward: -0.9999901422427988
[2024-04-19 19:50:24,287][root][INFO] - --------------- Start iteration i=101 ---------------
[2024-04-19 19:50:24,288][root][INFO] - Length of data.x: 102
[2024-04-19 19:50:24,288][root][INFO] - Length of data.y: 102
[2024-04-19 19:50:24,497][root][INFO] - x: [-0.00240837 -0.09739887 -0.9956716   0.09358502 -0.20828331]
[2024-04-19 19:50:24,498][root][INFO] - y: [-0.00973989 -0.03078361  0.07447265  0.02944523]
[2024-04-19 19:50:24,498][root][INFO] - Reward: -0.9999920967130873
[2024-04-19 19:50:24,500][root][INFO] - --------------- Start iteration i=102 ---------------
[2024-04-19 19:50:24,500][root][INFO] - Length of data.x: 103
[2024-04-19 19:50:24,500][root][INFO] - Length of data.y: 103
[2024-04-19 19:50:24,709][root][INFO] - x: [-0.01214826 -0.12818248 -0.92119895  0.12303024 -0.1718066 ]
[2024-04-19 19:50:24,709][root][INFO] - y: [-0.01281825 -0.00567247  0.09790444 -0.01856361]
[2024-04-19 19:50:24,709][root][INFO] - Reward: -0.9999959505056697
[2024-04-19 19:50:24,711][root][INFO] - --------------- Start iteration i=103 ---------------
[2024-04-19 19:50:24,711][root][INFO] - Length of data.x: 104
[2024-04-19 19:50:24,711][root][INFO] - Length of data.y: 104
[2024-04-19 19:50:24,909][root][INFO] - x: [-0.0249665  -0.13385495 -0.82329451  0.10446663  0.05423899]
[2024-04-19 19:50:24,909][root][INFO] - y: [-0.0133855   0.03929007  0.08313197 -0.08514719]
[2024-04-19 19:50:24,909][root][INFO] - Reward: -0.9999987146196915
[2024-04-19 19:50:24,911][root][INFO] - --------------- Start iteration i=104 ---------------
[2024-04-19 19:50:24,911][root][INFO] - Length of data.x: 105
[2024-04-19 19:50:24,911][root][INFO] - Length of data.y: 105
[2024-04-19 19:50:25,108][root][INFO] - x: [-0.038352   -0.09456488 -0.74016254  0.01931945  0.10484359]
[2024-04-19 19:50:25,109][root][INFO] - y: [-0.00945649  0.0364797   0.01537394 -0.09653611]
[2024-04-19 19:50:25,109][root][INFO] - Reward: -0.999999633174286
[2024-04-19 19:50:25,111][root][INFO] - --------------- Start iteration i=105 ---------------
[2024-04-19 19:50:25,111][root][INFO] - Length of data.x: 106
[2024-04-19 19:50:25,111][root][INFO] - Length of data.y: 106
[2024-04-19 19:50:25,310][root][INFO] - x: [-0.04780849 -0.05808518 -0.72478859 -0.07721666  0.37899473]
[2024-04-19 19:50:25,310][root][INFO] - y: [-0.00580852  0.07233912 -0.06144712 -0.12165818]
[2024-04-19 19:50:25,310][root][INFO] - Reward: -0.9999998586044128
[2024-04-19 19:50:25,312][root][INFO] - --------------- Start iteration i=106 ---------------
[2024-04-19 19:50:25,312][root][INFO] - Length of data.x: 107
[2024-04-19 19:50:25,312][root][INFO] - Length of data.y: 107
[2024-04-19 19:50:25,511][root][INFO] - x: [-0.05361701  0.01425394 -0.78623571 -0.19887484  0.37027333]
[2024-04-19 19:50:25,511][root][INFO] - y: [ 0.00142539  0.10113647 -0.1582597  -0.14027574]
[2024-04-19 19:50:25,511][root][INFO] - Reward: -0.9999994860241235
[2024-04-19 19:50:25,513][root][INFO] - --------------- Start iteration i=107 ---------------
[2024-04-19 19:50:25,513][root][INFO] - Length of data.x: 108
[2024-04-19 19:50:25,513][root][INFO] - Length of data.y: 108
[2024-04-19 19:50:25,711][root][INFO] - x: [-0.05219161  0.11539041 -0.94449541 -0.33915058  0.17413793]
[2024-04-19 19:50:25,712][root][INFO] - y: [ 0.01153904  0.06484544 -0.26988768 -0.08089906]
[2024-04-19 19:50:25,712][root][INFO] - Reward: -0.9998937959995055
[2024-04-19 19:50:25,714][root][INFO] - --------------- Start iteration i=108 ---------------
[2024-04-19 19:50:25,714][root][INFO] - Length of data.x: 109
[2024-04-19 19:50:25,714][root][INFO] - Length of data.y: 109
[2024-04-19 19:50:25,912][root][INFO] - x: [-0.04065257  0.18023585  0.78561691 -0.42004965  0.21625671]
[2024-04-19 19:50:25,913][root][INFO] - y: [ 0.01802358 -0.13141161 -0.33426516  0.16396684]
[2024-04-19 19:50:25,913][root][INFO] - Reward: -0.9569629974812457
[2024-04-19 19:50:25,915][root][INFO] - --------------- Start iteration i=109 ---------------
[2024-04-19 19:50:25,915][root][INFO] - Length of data.x: 110
[2024-04-19 19:50:25,915][root][INFO] - Length of data.y: 110
[2024-04-19 19:50:26,114][root][INFO] - x: [-0.02262899  0.04882424  0.45135176 -0.25608281  0.02988669]
[2024-04-19 19:50:26,114][root][INFO] - y: [ 0.00488242 -0.05318405 -0.20378439  0.08895861]
[2024-04-19 19:50:26,114][root][INFO] - Reward: -0.5096192092609968
[2024-04-19 19:50:26,116][root][INFO] - --------------- Start iteration i=110 ---------------
[2024-04-19 19:50:26,116][root][INFO] - Length of data.x: 111
[2024-04-19 19:50:26,116][root][INFO] - Length of data.y: 111
[2024-04-19 19:50:37,159][root][INFO] - Eval Returns: [-13.89414466 -15.26847867 -13.01862909 -16.27057474 -16.93964016]
[2024-04-19 19:50:37,164][root][INFO] - Eval Returns: mean=-15.078 std=1.454
[2024-04-19 19:50:37,165][root][INFO] - Eval ndata: 111.000
[2024-04-19 19:50:37,165][root][INFO] - Model MSE (current real MPC): 0.288
[2024-04-19 19:50:38,313][root][INFO] - Model MSE (random test set): 0.005
[2024-04-19 19:50:38,313][root][INFO] - Model MSE (GT MPC): 0.000
[2024-04-19 19:50:38,313][root][INFO] - Model Likelihood (random test set): -3.700
[2024-04-19 19:50:38,313][root][INFO] - Model Likelihood (GT MPC): -3.682
[2024-04-19 19:50:38,313][root][INFO] - *[TIME] [Evaluate the current MPC policy] Elapsed: 12.00 seconds
[2024-04-19 19:50:40,500][root][INFO] - x: [-0.01774656 -0.00435982  0.24756737 -0.1671242   0.03107678]
[2024-04-19 19:50:40,500][root][INFO] - y: [-0.00043598  0.00393783 -0.13299332  0.07171082]
[2024-04-19 19:50:40,500][root][INFO] - Reward: -0.018617660287233218
[2024-04-19 19:50:41,434][root][INFO] - --------------- Start iteration i=111 ---------------
[2024-04-19 19:50:41,434][root][INFO] - Length of data.x: 112
[2024-04-19 19:50:41,434][root][INFO] - Length of data.y: 112
[2024-04-19 19:50:41,654][root][INFO] - x: [-0.01818254 -0.00042199  0.11457405 -0.09541338  0.20282141]
[2024-04-19 19:50:41,654][root][INFO] - y: [-4.21991115e-05  4.38103190e-02 -7.59276192e-02  7.55910389e-02]
[2024-04-19 19:50:41,655][root][INFO] - Reward: -0.0917335034856187
[2024-04-19 19:50:41,657][root][INFO] - --------------- Start iteration i=112 ---------------
[2024-04-19 19:50:41,657][root][INFO] - Length of data.x: 113
[2024-04-19 19:50:41,657][root][INFO] - Length of data.y: 113
[2024-04-19 19:50:41,863][root][INFO] - x: [-0.01822474  0.04338833  0.03864643 -0.01982234 -0.05304125]
[2024-04-19 19:50:41,864][root][INFO] - y: [ 0.00433883 -0.00214982 -0.01577413  0.00975932]
[2024-04-19 19:50:41,864][root][INFO] - Reward: -0.07078412713017501
[2024-04-19 19:50:41,866][root][INFO] - --------------- Start iteration i=113 ---------------
[2024-04-19 19:50:41,866][root][INFO] - Length of data.x: 114
[2024-04-19 19:50:41,866][root][INFO] - Length of data.y: 114
[2024-04-19 19:50:42,069][root][INFO] - x: [-0.01388591  0.04123851  0.0228723  -0.01006302 -0.24313383]
[2024-04-19 19:50:42,070][root][INFO] - y: [ 0.00412385 -0.03524398 -0.00800791 -0.0281029 ]
[2024-04-19 19:50:42,070][root][INFO] - Reward: -0.038028216952029736
[2024-04-19 19:50:42,072][root][INFO] - --------------- Start iteration i=114 ---------------
[2024-04-19 19:50:42,072][root][INFO] - Length of data.x: 115
[2024-04-19 19:50:42,072][root][INFO] - Length of data.y: 115
[2024-04-19 19:50:42,275][root][INFO] - x: [-0.00976206  0.00599453  0.01486439 -0.03816593  0.1754407 ]
[2024-04-19 19:50:42,276][root][INFO] - y: [ 0.00059945  0.03058006 -0.0303715   0.03513078]
[2024-04-19 19:50:42,276][root][INFO] - Reward: -0.11026496764325411
[2024-04-19 19:50:42,278][root][INFO] - --------------- Start iteration i=115 ---------------
[2024-04-19 19:50:42,278][root][INFO] - Length of data.x: 116
[2024-04-19 19:50:42,278][root][INFO] - Length of data.y: 116
[2024-04-19 19:50:42,481][root][INFO] - x: [-0.00916261  0.03657459 -0.01550711 -0.00303514  0.04917784]
[2024-04-19 19:50:42,482][root][INFO] - y: [ 0.00365746  0.00441179 -0.00241529 -0.00037556]
[2024-04-19 19:50:42,482][root][INFO] - Reward: -0.061163785320113684
[2024-04-19 19:50:42,484][root][INFO] - --------------- Start iteration i=116 ---------------
[2024-04-19 19:50:42,484][root][INFO] - Length of data.x: 117
[2024-04-19 19:50:42,484][root][INFO] - Length of data.y: 117
[2024-04-19 19:50:42,688][root][INFO] - x: [-0.00550515  0.04098638 -0.0179224  -0.0034107   0.13957536]
[2024-04-19 19:50:42,688][root][INFO] - y: [ 0.00409864  0.01833195 -0.00271415  0.01277668]
[2024-04-19 19:50:42,689][root][INFO] - Reward: -0.02218144399483868
[2024-04-19 19:50:42,691][root][INFO] - --------------- Start iteration i=117 ---------------
[2024-04-19 19:50:42,691][root][INFO] - Length of data.x: 118
[2024-04-19 19:50:42,691][root][INFO] - Length of data.y: 118
[2024-04-19 19:50:42,894][root][INFO] - x: [-0.00140651  0.05931833 -0.02063656  0.00936598 -0.00305783]
[2024-04-19 19:50:42,894][root][INFO] - y: [ 0.00593183 -0.00522584  0.00745322 -0.01157687]
[2024-04-19 19:50:42,894][root][INFO] - Reward: -0.0033292276665237708
[2024-04-19 19:50:42,896][root][INFO] - --------------- Start iteration i=118 ---------------
[2024-04-19 19:50:42,896][root][INFO] - Length of data.x: 119
[2024-04-19 19:50:42,896][root][INFO] - Length of data.y: 119
[2024-04-19 19:50:43,102][root][INFO] - x: [ 0.00452532  0.05409249 -0.01318334 -0.00221089  0.06327935]
[2024-04-19 19:50:43,102][root][INFO] - y: [ 0.00540925  0.00681503 -0.00175937  0.00274324]
[2024-04-19 19:50:43,102][root][INFO] - Reward: -0.039736308251400065
[2024-04-19 19:50:43,104][root][INFO] - --------------- Start iteration i=119 ---------------
[2024-04-19 19:50:43,104][root][INFO] - Length of data.x: 120
[2024-04-19 19:50:43,104][root][INFO] - Length of data.y: 120
[2024-04-19 19:50:43,309][root][INFO] - x: [ 0.00993457  0.06090752 -0.01494271  0.00053235  0.0623926 ]
[2024-04-19 19:50:43,309][root][INFO] - y: [0.00609075 0.0062382  0.00042363 0.00162314]
[2024-04-19 19:50:43,309][root][INFO] - Reward: -0.13176395023930232
[2024-04-19 19:50:43,311][root][INFO] - --------------- Start iteration i=120 ---------------
[2024-04-19 19:50:43,311][root][INFO] - Length of data.x: 121
[2024-04-19 19:50:43,311][root][INFO] - Length of data.y: 121
[2024-04-19 19:50:54,887][root][INFO] - Eval Returns: [-17.69943798 -17.61050593 -17.00779661 -12.65226391 -17.11343877]
[2024-04-19 19:50:54,892][root][INFO] - Eval Returns: mean=-16.417 std=1.901
[2024-04-19 19:50:54,892][root][INFO] - Eval ndata: 121.000
[2024-04-19 19:50:54,893][root][INFO] - Model MSE (current real MPC): 0.320
[2024-04-19 19:50:56,060][root][INFO] - Model MSE (random test set): 0.004
[2024-04-19 19:50:56,060][root][INFO] - Model MSE (GT MPC): 0.000
[2024-04-19 19:50:56,060][root][INFO] - Model Likelihood (random test set): -3.696
[2024-04-19 19:50:56,060][root][INFO] - Model Likelihood (GT MPC): -3.682
[2024-04-19 19:50:56,060][root][INFO] - *[TIME] [Evaluate the current MPC policy] Elapsed: 12.54 seconds
[2024-04-19 19:50:58,241][root][INFO] - x: [ 0.01602533  0.06714572 -0.01451908  0.00215548 -0.08147822]
[2024-04-19 19:50:58,241][root][INFO] - y: [ 0.00671457 -0.0167734   0.00171528 -0.02123359]
[2024-04-19 19:50:58,241][root][INFO] - Reward: -0.28147472615415414
[2024-04-19 19:50:59,185][root][INFO] - --------------- Start iteration i=121 ---------------
[2024-04-19 19:50:59,185][root][INFO] - Length of data.x: 122
[2024-04-19 19:50:59,185][root][INFO] - Length of data.y: 122
[2024-04-19 19:50:59,398][root][INFO] - x: [ 0.0227399   0.05037233 -0.0128038  -0.01907811  0.09650375]
[2024-04-19 19:50:59,399][root][INFO] - y: [ 0.00503723  0.01227723 -0.01518189  0.00831834]
[2024-04-19 19:50:59,399][root][INFO] - Reward: -0.3332619377348176
[2024-04-19 19:50:59,401][root][INFO] - --------------- Start iteration i=122 ---------------
[2024-04-19 19:50:59,401][root][INFO] - Length of data.x: 123
[2024-04-19 19:50:59,401][root][INFO] - Length of data.y: 123
[2024-04-19 19:50:59,609][root][INFO] - x: [ 0.02777713  0.06264955 -0.02798569 -0.01075978 -0.03324546]
[2024-04-19 19:50:59,609][root][INFO] - y: [ 0.00626496 -0.01140722 -0.00856237 -0.01998574]
[2024-04-19 19:50:59,609][root][INFO] - Reward: -0.4460097441576225
[2024-04-19 19:50:59,611][root][INFO] - --------------- Start iteration i=123 ---------------
[2024-04-19 19:50:59,611][root][INFO] - Length of data.x: 124
[2024-04-19 19:50:59,611][root][INFO] - Length of data.y: 124
[2024-04-19 19:50:59,821][root][INFO] - x: [ 0.03404209  0.05124234 -0.03654806 -0.03074552  0.02851052]
[2024-04-19 19:50:59,821][root][INFO] - y: [ 0.00512423 -0.00277969 -0.02446652 -0.01401186]
[2024-04-19 19:50:59,821][root][INFO] - Reward: -0.46010420310965827
[2024-04-19 19:50:59,823][root][INFO] - --------------- Start iteration i=124 ---------------
[2024-04-19 19:50:59,823][root][INFO] - Length of data.x: 125
[2024-04-19 19:50:59,823][root][INFO] - Length of data.y: 125
[2024-04-19 19:51:00,032][root][INFO] - x: [ 0.03916632  0.04846265 -0.06101458 -0.04475737 -0.19981605]
[2024-04-19 19:51:00,033][root][INFO] - y: [ 0.00484626 -0.0422723  -0.03561681 -0.06020628]
[2024-04-19 19:51:00,033][root][INFO] - Reward: -0.42305521814214864
[2024-04-19 19:51:00,033][root][INFO] - Explore episode complete with return -11.99796090489471, resetting
[2024-04-19 19:51:00,033][root][INFO] - Exploration Episode Rewards: [-0.9999901422427988, -0.9999920967130873, -0.9999959505056697, -0.9999987146196915, -0.999999633174286, -0.9999998586044128, -0.9999994860241235, -0.9998937959995055, -0.9569629974812457, -0.5096192092609968, -0.018617660287233218, -0.0917335034856187, -0.07078412713017501, -0.038028216952029736, -0.11026496764325411, -0.061163785320113684, -0.02218144399483868, -0.0033292276665237708, -0.039736308251400065, -0.13176395023930232, -0.28147472615415414, -0.3332619377348176, -0.4460097441576225, -0.46010420310965827, -0.42305521814214864]
[2024-04-19 19:51:00,035][root][INFO] - --------------- Start iteration i=125 ---------------
[2024-04-19 19:51:00,035][root][INFO] - Length of data.x: 126
[2024-04-19 19:51:00,035][root][INFO] - Length of data.y: 126
[2024-04-19 19:51:00,245][root][INFO] - x: [ 1.36959018e-03 -2.03397053e-03 -9.86741944e-01  8.92362186e-04
  4.11155489e-01]
[2024-04-19 19:51:00,245][root][INFO] - y: [-0.0002034   0.06819793  0.00071012 -0.072228  ]
[2024-04-19 19:51:00,245][root][INFO] - Reward: -0.999989977027415
[2024-04-19 19:51:00,247][root][INFO] - --------------- Start iteration i=126 ---------------
[2024-04-19 19:51:00,247][root][INFO] - Length of data.x: 127
[2024-04-19 19:51:00,247][root][INFO] - Length of data.y: 127
[2024-04-19 19:51:00,457][root][INFO] - x: [ 0.00116619  0.06616396 -0.98603182 -0.07133564  0.07390592]
[2024-04-19 19:51:00,458][root][INFO] - y: [ 0.0066164   0.01366779 -0.05676715 -0.01796273]
[2024-04-19 19:51:00,458][root][INFO] - Reward: -0.9999909850018237
[2024-04-19 19:51:00,460][root][INFO] - --------------- Start iteration i=127 ---------------
[2024-04-19 19:51:00,460][root][INFO] - Length of data.x: 128
[2024-04-19 19:51:00,460][root][INFO] - Length of data.y: 128
[2024-04-19 19:51:00,672][root][INFO] - x: [ 0.00778259  0.07983174  0.95720103 -0.08929838  0.26441976]
[2024-04-19 19:51:00,672][root][INFO] - y: [ 0.00798317  0.0312621  -0.07106145 -0.01781577]
[2024-04-19 19:51:00,673][root][INFO] - Reward: -0.9999931012823987
[2024-04-19 19:51:00,675][root][INFO] - --------------- Start iteration i=128 ---------------
[2024-04-19 19:51:00,675][root][INFO] - Length of data.x: 129
[2024-04-19 19:51:00,675][root][INFO] - Length of data.y: 129
[2024-04-19 19:51:00,886][root][INFO] - x: [ 0.01576576  0.11109385  0.88613958 -0.10711415  0.37500626]
[2024-04-19 19:51:00,886][root][INFO] - y: [ 0.01110938  0.03062184 -0.0852388   0.00569879]
[2024-04-19 19:51:00,886][root][INFO] - Reward: -0.9999963394530059
[2024-04-19 19:51:00,888][root][INFO] - --------------- Start iteration i=129 ---------------
[2024-04-19 19:51:00,888][root][INFO] - Length of data.x: 130
[2024-04-19 19:51:00,888][root][INFO] - Length of data.y: 130
[2024-04-19 19:51:01,100][root][INFO] - x: [ 0.02687515  0.14171569  0.80090078 -0.10141536 -0.07056862]
[2024-04-19 19:51:01,100][root][INFO] - y: [ 0.01417157 -0.0419326  -0.08070385  0.09148937]
[2024-04-19 19:51:01,100][root][INFO] - Reward: -0.99999900129991
[2024-04-19 19:51:01,103][root][INFO] - --------------- Start iteration i=130 ---------------
[2024-04-19 19:51:01,103][root][INFO] - Length of data.x: 131
[2024-04-19 19:51:01,103][root][INFO] - Length of data.y: 131
[2024-04-19 19:51:13,256][root][INFO] - Eval Returns: [-16.19277248 -16.66025071 -17.111853   -13.24857892 -11.03621446]
[2024-04-19 19:51:13,261][root][INFO] - Eval Returns: mean=-14.850 std=2.337
[2024-04-19 19:51:13,261][root][INFO] - Eval ndata: 131.000
[2024-04-19 19:51:13,262][root][INFO] - Model MSE (current real MPC): 0.352
[2024-04-19 19:51:14,446][root][INFO] - Model MSE (random test set): 0.004
[2024-04-19 19:51:14,446][root][INFO] - Model MSE (GT MPC): 0.000
[2024-04-19 19:51:14,446][root][INFO] - Model Likelihood (random test set): -3.696
[2024-04-19 19:51:14,446][root][INFO] - Model Likelihood (GT MPC): -3.682
[2024-04-19 19:51:14,446][root][INFO] - *[TIME] [Evaluate the current MPC policy] Elapsed: 13.13 seconds
