[2024-04-19 19:00:46,923][root][INFO] - Dumper dumping to /trajectory-information-rl/experiments/mpc_cartpole_2024-04-19/19-00-41/seed_0
[2024-04-19 19:00:46,927][root][INFO] - Start obs: None
[2024-04-19 19:01:00,857][root][INFO] - GT Returns: [-12.29026612 -13.13793347 -10.81863152 -13.31546357 -10.16242622]
[2024-04-19 19:01:00,857][root][INFO] - GT Returns: mean=-11.945 std=1.254
[2024-04-19 19:01:00,857][root][INFO] - Path Lengths: [36345, 36345, 36345, 36345, 36345]
[2024-04-19 19:01:00,857][root][INFO] - Path Lengths: mean=36345.000 std=0.000
[2024-04-19 19:01:00,918][root][INFO] - all_x.shape = (181725, 5)
[2024-04-19 19:01:00,923][root][INFO] - all_x.min(axis=0) = [-0.96906401 -1.5660071  -0.99998591 -0.9119305  -1.        ]
[2024-04-19 19:01:00,928][root][INFO] - all_x.max(axis=0) = [0.99541568 1.39875454 0.99997423 0.85401959 1.        ]
[2024-04-19 19:01:00,930][root][INFO] - all_x.mean(axis=0) = [-0.00523471 -0.00369944  0.00070027  0.00321191 -0.00307566]
[2024-04-19 19:01:00,938][root][INFO] - all_x.var(axis=0) = [0.01197494 0.05155858 0.24788605 0.0885873  0.20856241]
[2024-04-19 19:01:00,972][root][INFO] - --------------- Start iteration i=0 ---------------
[2024-04-19 19:01:00,972][root][INFO] - Length of data.x: 1
[2024-04-19 19:01:00,972][root][INFO] - Length of data.y: 1
[2024-04-19 19:01:06,358][root][INFO] - Eval Returns: [-24.9998091  -24.99760183 -24.99624295 -24.99916427 -24.99964546]
[2024-04-19 19:01:06,363][root][INFO] - Eval Returns: mean=-24.998 std=0.001
[2024-04-19 19:01:06,363][root][INFO] - Eval ndata: 1.000
[2024-04-19 19:01:06,363][root][INFO] - Model MSE (current real MPC): 0.497
[2024-04-19 19:01:07,369][root][INFO] - Model MSE (random test set): 0.379
[2024-04-19 19:01:07,369][root][INFO] - Model MSE (GT MPC): 0.087
[2024-04-19 19:01:07,369][root][INFO] - Model Likelihood (random test set): -4.110
[2024-04-19 19:01:07,369][root][INFO] - Model Likelihood (GT MPC): -3.885
[2024-04-19 19:01:07,369][root][INFO] - *[TIME] [Evaluate the current MPC policy] Elapsed: 6.21 seconds
[2024-04-19 19:01:09,379][root][INFO] - x: [ 3.40529502e-04 -1.55978973e-03  9.97928556e-01  7.52228503e-04
 -1.76258298e-01]
[2024-04-19 19:01:09,380][root][INFO] - y: [-0.00015598 -0.02855922  0.0005986   0.02919791]
[2024-04-19 19:01:09,380][root][INFO] - Reward: -0.9999900709677448
[2024-04-19 19:01:10,932][root][INFO] - --------------- Start iteration i=1 ---------------
[2024-04-19 19:01:10,932][root][INFO] - Length of data.x: 2
[2024-04-19 19:01:10,932][root][INFO] - Length of data.y: 2
[2024-04-19 19:01:11,087][root][INFO] - x: [ 1.84550529e-04 -3.01190080e-02  9.98527161e-01  2.99501351e-02
 -1.42515584e-01]
[2024-04-19 19:01:11,087][root][INFO] - y: [-0.0030119  -0.0225993   0.02383358  0.02305368]
[2024-04-19 19:01:11,087][root][INFO] - Reward: -0.9999901814769933
[2024-04-19 19:01:11,088][root][INFO] - --------------- Start iteration i=2 ---------------
[2024-04-19 19:01:11,088][root][INFO] - Length of data.x: 3
[2024-04-19 19:01:11,088][root][INFO] - Length of data.y: 3
[2024-04-19 19:01:11,254][root][INFO] - x: [-0.00282735 -0.05271831 -0.97763926  0.05300382 -0.11639411]
[2024-04-19 19:01:11,254][root][INFO] - y: [-0.00527183 -0.01331882  0.04217913  0.00639301]
[2024-04-19 19:01:11,254][root][INFO] - Reward: -0.9999909346682089
[2024-04-19 19:01:11,255][root][INFO] - --------------- Start iteration i=3 ---------------
[2024-04-19 19:01:11,255][root][INFO] - Length of data.x: 4
[2024-04-19 19:01:11,255][root][INFO] - Length of data.y: 4
[2024-04-19 19:01:11,416][root][INFO] - x: [-0.00809918 -0.06603712 -0.93546013  0.05939682  1.        ]
[2024-04-19 19:01:11,416][root][INFO] - y: [-0.00660371  0.16961722  0.04726653 -0.18591743]
[2024-04-19 19:01:11,416][root][INFO] - Reward: -0.9999926946371377
[2024-04-19 19:01:11,417][root][INFO] - --------------- Start iteration i=4 ---------------
[2024-04-19 19:01:11,417][root][INFO] - Length of data.x: 5
[2024-04-19 19:01:11,417][root][INFO] - Length of data.y: 5
[2024-04-19 19:01:17,048][root][INFO] - Eval Returns: [-23.14299729 -24.99300591 -24.99998301 -24.99997557 -24.99997359]
[2024-04-19 19:01:17,052][root][INFO] - Eval Returns: mean=-24.627 std=0.742
[2024-04-19 19:01:17,052][root][INFO] - Eval ndata: 5.000
[2024-04-19 19:01:17,052][root][INFO] - Model MSE (current real MPC): 0.820
[2024-04-19 19:01:18,094][root][INFO] - Model MSE (random test set): 0.272
[2024-04-19 19:01:18,094][root][INFO] - Model MSE (GT MPC): 0.205
[2024-04-19 19:01:18,094][root][INFO] - Model Likelihood (random test set): -3.790
[2024-04-19 19:01:18,094][root][INFO] - Model Likelihood (GT MPC): -3.768
[2024-04-19 19:01:18,094][root][INFO] - *[TIME] [Evaluate the current MPC policy] Elapsed: 6.52 seconds
[2024-04-19 19:01:20,263][root][INFO] - x: [-0.01470289  0.10358009 -0.8881936  -0.12652061 -1.        ]
[2024-04-19 19:01:20,263][root][INFO] - y: [ 0.01035801 -0.12544966 -0.10068198  0.08400195]
[2024-04-19 19:01:20,263][root][INFO] - Reward: -0.9999903268836325
