[2024-04-23 22:20:02,305][root][INFO] - Dumper dumping to /tirl/experiments/mpc_frozencartpole_initdata_gpforgetting_2024-04-23/22-19-45/seed_3
[2024-04-23 22:20:02,320][root][INFO] - Start obs: None
[2024-04-23 22:20:28,044][root][INFO] - GT Returns: [-10.39024067 -15.17161952 -10.1958391  -10.41091157 -11.50451172]
[2024-04-23 22:20:28,045][root][INFO] - GT Returns: mean=-11.535 std=1.876
[2024-04-23 22:20:28,045][root][INFO] - Path Lengths: [36345, 36345, 36345, 36345, 36345]
[2024-04-23 22:20:28,045][root][INFO] - Path Lengths: mean=36345.000 std=0.000
[2024-04-23 22:20:28,100][root][INFO] - all_x.shape = (181725, 5)
[2024-04-23 22:20:28,105][root][INFO] - all_x.min(axis=0) = [-0.53155177 -0.86928347 -0.99996867 -0.82924961 -1.        ]
[2024-04-23 22:20:28,110][root][INFO] - all_x.max(axis=0) = [0.83224169 1.32260819 0.9999605  0.86751897 1.        ]
[2024-04-23 22:20:28,114][root][INFO] - all_x.mean(axis=0) = [-0.01075192  0.00853089 -0.00533136 -0.02476029  0.01655948]
[2024-04-23 22:20:28,122][root][INFO] - all_x.var(axis=0) = [0.00548866 0.02701943 0.22895914 0.07005387 0.22377085]
[2024-04-23 22:20:28,158][root][INFO] - --------------- Start iteration i=0 ---------------
[2024-04-23 22:20:28,158][root][INFO] - Length of data.x: 301
[2024-04-23 22:20:28,159][root][INFO] - Length of data.y: 301
[2024-04-23 22:21:05,738][root][INFO] - Eval Returns: [-16.82124326 -19.88433482 -11.70600824 -20.43024955 -16.36546563]
[2024-04-23 22:21:05,745][root][INFO] - Eval Returns: mean=-17.041 std=3.116
[2024-04-23 22:21:05,746][root][INFO] - Eval ndata: 301.000
[2024-04-23 22:21:05,746][root][INFO] - Model MSE (current real MPC): 0.386
[2024-04-23 22:21:07,084][root][INFO] - Model MSE (random test set): 0.002
[2024-04-23 22:21:07,084][root][INFO] - Model MSE (GT MPC): 0.001
[2024-04-23 22:21:07,085][root][INFO] - Model Likelihood (random test set): -3.729
[2024-04-23 22:21:07,085][root][INFO] - Model Likelihood (GT MPC): -3.827
[2024-04-23 22:21:07,085][root][INFO] - *[TIME] [Evaluate the current MPC policy] Elapsed: 26.80 seconds
[2024-04-23 22:23:24,920][matplotlib.font_manager][WARNING] - findfont: Font family 'Times' not found.
[2024-04-23 22:23:24,921][matplotlib.font_manager][WARNING] - findfont: Font family 'Times' not found.
[2024-04-23 22:23:24,922][matplotlib.font_manager][WARNING] - findfont: Font family 'Times' not found.
[2024-04-23 22:23:24,923][matplotlib.font_manager][WARNING] - findfont: Font family 'Times' not found.
[2024-04-23 22:23:24,924][matplotlib.font_manager][WARNING] - findfont: Font family 'Times' not found.
[2024-04-23 22:23:24,924][matplotlib.font_manager][WARNING] - findfont: Font family 'Times' not found.
[2024-04-23 22:23:24,925][matplotlib.font_manager][WARNING] - findfont: Font family 'Times' not found.
[2024-04-23 22:23:24,926][matplotlib.font_manager][WARNING] - findfont: Font family 'Times' not found.
[2024-04-23 22:23:24,964][matplotlib.font_manager][WARNING] - findfont: Font family 'Times' not found.
[2024-04-23 22:23:24,971][matplotlib.font_manager][WARNING] - findfont: Font family 'Times' not found.
[2024-04-23 22:23:24,972][matplotlib.font_manager][WARNING] - findfont: Font family 'Times' not found.
[2024-04-23 22:23:24,972][matplotlib.font_manager][WARNING] - findfont: Font family 'Times' not found.
[2024-04-23 22:23:24,973][matplotlib.font_manager][WARNING] - findfont: Font family 'Times' not found.
[2024-04-23 22:23:24,974][matplotlib.font_manager][WARNING] - findfont: Font family 'Times' not found.
[2024-04-23 22:23:24,974][matplotlib.font_manager][WARNING] - findfont: Font family 'Times' not found.
[2024-04-23 22:23:24,975][matplotlib.font_manager][WARNING] - findfont: Font family 'Times' not found.
[2024-04-23 22:23:24,976][matplotlib.font_manager][WARNING] - findfont: Font family 'Times' not found.
[2024-04-23 22:23:24,977][matplotlib.font_manager][WARNING] - findfont: Font family 'Times' not found.
[2024-04-23 22:23:24,978][matplotlib.font_manager][WARNING] - findfont: Font family 'Times' not found.
[2024-04-23 22:23:24,979][matplotlib.font_manager][WARNING] - findfont: Font family 'Times' not found.
[2024-04-23 22:23:24,980][matplotlib.font_manager][WARNING] - findfont: Font family 'Times' not found.
[2024-04-23 22:23:24,981][matplotlib.font_manager][WARNING] - findfont: Font family 'Times' not found.
[2024-04-23 22:23:24,982][matplotlib.font_manager][WARNING] - findfont: Font family 'Times' not found.
[2024-04-23 22:23:24,988][matplotlib.font_manager][WARNING] - findfont: Font family 'Times' not found.
[2024-04-23 22:23:24,989][matplotlib.font_manager][WARNING] - findfont: Font family 'Times' not found.
[2024-04-23 22:23:24,990][matplotlib.font_manager][WARNING] - findfont: Font family 'Times' not found.
[2024-04-23 22:23:24,991][matplotlib.font_manager][WARNING] - findfont: Font family 'Times' not found.
[2024-04-23 22:23:24,992][matplotlib.font_manager][WARNING] - findfont: Font family 'Times' not found.
[2024-04-23 22:23:24,993][matplotlib.font_manager][WARNING] - findfont: Font family 'Times' not found.
[2024-04-23 22:23:24,994][matplotlib.font_manager][WARNING] - findfont: Font family 'Times' not found.
[2024-04-23 22:23:25,003][matplotlib.font_manager][WARNING] - findfont: Font family 'Times' not found.
[2024-04-23 22:23:25,023][matplotlib.font_manager][WARNING] - findfont: Font family 'Times' not found.
[2024-04-23 22:23:25,023][matplotlib.font_manager][WARNING] - findfont: Font family 'Times' not found.
[2024-04-23 22:23:25,024][matplotlib.font_manager][WARNING] - findfont: Font family 'Times' not found.
[2024-04-23 22:23:25,025][matplotlib.font_manager][WARNING] - findfont: Font family 'Times' not found.
[2024-04-23 22:23:25,026][matplotlib.font_manager][WARNING] - findfont: Font family 'Times' not found.
[2024-04-23 22:23:25,026][matplotlib.font_manager][WARNING] - findfont: Font family 'Times' not found.
[2024-04-23 22:23:25,027][matplotlib.font_manager][WARNING] - findfont: Font family 'Times' not found.
[2024-04-23 22:23:25,028][matplotlib.font_manager][WARNING] - findfont: Font family 'Times' not found.
[2024-04-23 22:23:25,031][matplotlib.font_manager][WARNING] - findfont: Font family 'Times' not found.
[2024-04-23 22:23:25,038][matplotlib.font_manager][WARNING] - findfont: Font family 'Times' not found.
[2024-04-23 22:23:25,038][matplotlib.font_manager][WARNING] - findfont: Font family 'Times' not found.
[2024-04-23 22:23:25,039][matplotlib.font_manager][WARNING] - findfont: Font family 'Times' not found.
[2024-04-23 22:23:25,040][matplotlib.font_manager][WARNING] - findfont: Font family 'Times' not found.
[2024-04-23 22:23:25,040][matplotlib.font_manager][WARNING] - findfont: Font family 'Times' not found.
[2024-04-23 22:23:25,041][matplotlib.font_manager][WARNING] - findfont: Font family 'Times' not found.
[2024-04-23 22:23:25,042][matplotlib.font_manager][WARNING] - findfont: Font family 'Times' not found.
[2024-04-23 22:23:25,043][matplotlib.font_manager][WARNING] - findfont: Font family 'Times' not found.
[2024-04-23 22:23:25,044][matplotlib.font_manager][WARNING] - findfont: Font family 'Times' not found.
[2024-04-23 22:23:25,045][matplotlib.font_manager][WARNING] - findfont: Font family 'Times' not found.
[2024-04-23 22:23:25,046][matplotlib.font_manager][WARNING] - findfont: Font family 'Times' not found.
[2024-04-23 22:23:25,047][matplotlib.font_manager][WARNING] - findfont: Font family 'Times' not found.
[2024-04-23 22:23:25,048][matplotlib.font_manager][WARNING] - findfont: Font family 'Times' not found.
[2024-04-23 22:23:25,049][matplotlib.font_manager][WARNING] - findfont: Font family 'Times' not found.
[2024-04-23 22:23:25,055][matplotlib.font_manager][WARNING] - findfont: Font family 'Times' not found.
[2024-04-23 22:23:25,056][matplotlib.font_manager][WARNING] - findfont: Font family 'Times' not found.
[2024-04-23 22:23:25,057][matplotlib.font_manager][WARNING] - findfont: Font family 'Times' not found.
[2024-04-23 22:23:25,058][matplotlib.font_manager][WARNING] - findfont: Font family 'Times' not found.
[2024-04-23 22:23:25,059][matplotlib.font_manager][WARNING] - findfont: Font family 'Times' not found.
[2024-04-23 22:23:25,060][matplotlib.font_manager][WARNING] - findfont: Font family 'Times' not found.
[2024-04-23 22:23:25,061][matplotlib.font_manager][WARNING] - findfont: Font family 'Times' not found.
[2024-04-23 22:23:25,067][matplotlib.font_manager][WARNING] - findfont: Font family 'Times' not found.
[2024-04-23 22:23:25,078][matplotlib.font_manager][WARNING] - findfont: Font family 'Times' not found.
[2024-04-23 22:23:25,078][matplotlib.font_manager][WARNING] - findfont: Font family 'Times' not found.
[2024-04-23 22:23:25,079][matplotlib.font_manager][WARNING] - findfont: Font family 'Times' not found.
[2024-04-23 22:23:25,080][matplotlib.font_manager][WARNING] - findfont: Font family 'Times' not found.
[2024-04-23 22:23:25,081][matplotlib.font_manager][WARNING] - findfont: Font family 'Times' not found.
[2024-04-23 22:23:25,081][matplotlib.font_manager][WARNING] - findfont: Font family 'Times' not found.
[2024-04-23 22:23:25,082][matplotlib.font_manager][WARNING] - findfont: Font family 'Times' not found.
[2024-04-23 22:23:25,083][matplotlib.font_manager][WARNING] - findfont: Font family 'Times' not found.
[2024-04-23 22:23:25,086][matplotlib.font_manager][WARNING] - findfont: Font family 'Times' not found.
[2024-04-23 22:23:25,094][matplotlib.font_manager][WARNING] - findfont: Font family 'Times' not found.
[2024-04-23 22:23:25,094][matplotlib.font_manager][WARNING] - findfont: Font family 'Times' not found.
[2024-04-23 22:23:25,095][matplotlib.font_manager][WARNING] - findfont: Font family 'Times' not found.
[2024-04-23 22:23:25,096][matplotlib.font_manager][WARNING] - findfont: Font family 'Times' not found.
[2024-04-23 22:23:25,097][matplotlib.font_manager][WARNING] - findfont: Font family 'Times' not found.
[2024-04-23 22:23:25,097][matplotlib.font_manager][WARNING] - findfont: Font family 'Times' not found.
[2024-04-23 22:23:25,098][matplotlib.font_manager][WARNING] - findfont: Font family 'Times' not found.
[2024-04-23 22:23:25,099][matplotlib.font_manager][WARNING] - findfont: Font family 'Times' not found.
[2024-04-23 22:23:25,100][matplotlib.font_manager][WARNING] - findfont: Font family 'Times' not found.
[2024-04-23 22:23:25,101][matplotlib.font_manager][WARNING] - findfont: Font family 'Times' not found.
[2024-04-23 22:23:25,102][matplotlib.font_manager][WARNING] - findfont: Font family 'Times' not found.
[2024-04-23 22:23:25,103][matplotlib.font_manager][WARNING] - findfont: Font family 'Times' not found.
[2024-04-23 22:23:25,104][matplotlib.font_manager][WARNING] - findfont: Font family 'Times' not found.
[2024-04-23 22:23:25,105][matplotlib.font_manager][WARNING] - findfont: Font family 'Times' not found.
[2024-04-23 22:23:25,111][matplotlib.font_manager][WARNING] - findfont: Font family 'Times' not found.
[2024-04-23 22:23:25,112][matplotlib.font_manager][WARNING] - findfont: Font family 'Times' not found.
[2024-04-23 22:23:25,113][matplotlib.font_manager][WARNING] - findfont: Font family 'Times' not found.
[2024-04-23 22:23:25,114][matplotlib.font_manager][WARNING] - findfont: Font family 'Times' not found.
[2024-04-23 22:23:25,115][matplotlib.font_manager][WARNING] - findfont: Font family 'Times' not found.
[2024-04-23 22:23:25,116][matplotlib.font_manager][WARNING] - findfont: Font family 'Times' not found.
[2024-04-23 22:23:25,117][matplotlib.font_manager][WARNING] - findfont: Font family 'Times' not found.
[2024-04-23 22:23:25,121][matplotlib.font_manager][WARNING] - findfont: Font family 'Times' not found.
[2024-04-23 22:23:25,132][matplotlib.font_manager][WARNING] - findfont: Font family 'Times' not found.
[2024-04-23 22:23:25,132][matplotlib.font_manager][WARNING] - findfont: Font family 'Times' not found.
[2024-04-23 22:23:25,133][matplotlib.font_manager][WARNING] - findfont: Font family 'Times' not found.
[2024-04-23 22:23:25,134][matplotlib.font_manager][WARNING] - findfont: Font family 'Times' not found.
[2024-04-23 22:23:25,135][matplotlib.font_manager][WARNING] - findfont: Font family 'Times' not found.
[2024-04-23 22:23:25,135][matplotlib.font_manager][WARNING] - findfont: Font family 'Times' not found.
[2024-04-23 22:23:25,136][matplotlib.font_manager][WARNING] - findfont: Font family 'Times' not found.
[2024-04-23 22:23:25,137][matplotlib.font_manager][WARNING] - findfont: Font family 'Times' not found.
[2024-04-23 22:23:25,140][matplotlib.font_manager][WARNING] - findfont: Font family 'Times' not found.
[2024-04-23 22:23:25,147][matplotlib.font_manager][WARNING] - findfont: Font family 'Times' not found.
[2024-04-23 22:23:25,148][matplotlib.font_manager][WARNING] - findfont: Font family 'Times' not found.
[2024-04-23 22:23:25,148][matplotlib.font_manager][WARNING] - findfont: Font family 'Times' not found.
[2024-04-23 22:23:25,149][matplotlib.font_manager][WARNING] - findfont: Font family 'Times' not found.
[2024-04-23 22:23:25,150][matplotlib.font_manager][WARNING] - findfont: Font family 'Times' not found.
[2024-04-23 22:23:25,150][matplotlib.font_manager][WARNING] - findfont: Font family 'Times' not found.
[2024-04-23 22:23:25,151][matplotlib.font_manager][WARNING] - findfont: Font family 'Times' not found.
[2024-04-23 22:23:25,152][matplotlib.font_manager][WARNING] - findfont: Font family 'Times' not found.
[2024-04-23 22:23:25,153][matplotlib.font_manager][WARNING] - findfont: Font family 'Times' not found.
[2024-04-23 22:23:25,154][matplotlib.font_manager][WARNING] - findfont: Font family 'Times' not found.
[2024-04-23 22:23:25,155][matplotlib.font_manager][WARNING] - findfont: Font family 'Times' not found.
[2024-04-23 22:23:25,156][matplotlib.font_manager][WARNING] - findfont: Font family 'Times' not found.
[2024-04-23 22:23:25,157][matplotlib.font_manager][WARNING] - findfont: Font family 'Times' not found.
[2024-04-23 22:23:25,158][matplotlib.font_manager][WARNING] - findfont: Font family 'Times' not found.
[2024-04-23 22:23:25,164][matplotlib.font_manager][WARNING] - findfont: Font family 'Times' not found.
[2024-04-23 22:23:25,165][matplotlib.font_manager][WARNING] - findfont: Font family 'Times' not found.
[2024-04-23 22:23:25,166][matplotlib.font_manager][WARNING] - findfont: Font family 'Times' not found.
[2024-04-23 22:23:25,167][matplotlib.font_manager][WARNING] - findfont: Font family 'Times' not found.
[2024-04-23 22:23:25,168][matplotlib.font_manager][WARNING] - findfont: Font family 'Times' not found.
[2024-04-23 22:23:25,169][matplotlib.font_manager][WARNING] - findfont: Font family 'Times' not found.
[2024-04-23 22:23:25,170][matplotlib.font_manager][WARNING] - findfont: Font family 'Times' not found.
[2024-04-23 22:23:25,173][matplotlib.font_manager][WARNING] - findfont: Font family 'Times' not found.
[2024-04-23 22:23:26,597][matplotlib.font_manager][WARNING] - findfont: Font family 'Times' not found.
[2024-04-23 22:23:26,598][matplotlib.font_manager][WARNING] - findfont: Font family 'Times' not found.
[2024-04-23 22:23:26,599][matplotlib.font_manager][WARNING] - findfont: Font family 'Times' not found.
[2024-04-23 22:23:26,600][matplotlib.font_manager][WARNING] - findfont: Font family 'Times' not found.
[2024-04-23 22:23:26,601][matplotlib.font_manager][WARNING] - findfont: Font family 'Times' not found.
[2024-04-23 22:23:26,602][matplotlib.font_manager][WARNING] - findfont: Font family 'Times' not found.
[2024-04-23 22:23:26,603][matplotlib.font_manager][WARNING] - findfont: Font family 'Times' not found.
[2024-04-23 22:23:26,610][matplotlib.font_manager][WARNING] - findfont: Font family 'Times' not found.
[2024-04-23 22:23:26,612][matplotlib.font_manager][WARNING] - findfont: Font family 'Times' not found.
[2024-04-23 22:23:26,613][matplotlib.font_manager][WARNING] - findfont: Font family 'Times' not found.
[2024-04-23 22:23:26,615][matplotlib.font_manager][WARNING] - findfont: Font family 'Times' not found.
[2024-04-23 22:23:26,617][matplotlib.font_manager][WARNING] - findfont: Font family 'Times' not found.
[2024-04-23 22:23:26,618][matplotlib.font_manager][WARNING] - findfont: Font family 'Times' not found.
[2024-04-23 22:23:26,620][matplotlib.font_manager][WARNING] - findfont: Font family 'Times' not found.
[2024-04-23 22:23:26,625][matplotlib.font_manager][WARNING] - findfont: Font family 'Times' not found.
[2024-04-23 22:23:27,204][matplotlib.font_manager][WARNING] - findfont: Font family 'Times' not found.
[2024-04-23 22:23:27,206][matplotlib.font_manager][WARNING] - findfont: Font family 'Times' not found.
[2024-04-23 22:23:27,207][matplotlib.font_manager][WARNING] - findfont: Font family 'Times' not found.
[2024-04-23 22:23:27,208][matplotlib.font_manager][WARNING] - findfont: Font family 'Times' not found.
[2024-04-23 22:23:27,209][matplotlib.font_manager][WARNING] - findfont: Font family 'Times' not found.
[2024-04-23 22:23:27,209][matplotlib.font_manager][WARNING] - findfont: Font family 'Times' not found.
[2024-04-23 22:23:27,210][matplotlib.font_manager][WARNING] - findfont: Font family 'Times' not found.
[2024-04-23 22:23:27,215][matplotlib.font_manager][WARNING] - findfont: Font family 'Times' not found.
[2024-04-23 22:23:27,216][matplotlib.font_manager][WARNING] - findfont: Font family 'Times' not found.
[2024-04-23 22:23:27,217][matplotlib.font_manager][WARNING] - findfont: Font family 'Times' not found.
[2024-04-23 22:23:27,218][matplotlib.font_manager][WARNING] - findfont: Font family 'Times' not found.
[2024-04-23 22:23:27,219][matplotlib.font_manager][WARNING] - findfont: Font family 'Times' not found.
[2024-04-23 22:23:27,220][matplotlib.font_manager][WARNING] - findfont: Font family 'Times' not found.
[2024-04-23 22:23:27,221][matplotlib.font_manager][WARNING] - findfont: Font family 'Times' not found.
[2024-04-23 22:23:27,224][matplotlib.font_manager][WARNING] - findfont: Font family 'Times' not found.
[2024-04-23 22:23:27,841][matplotlib.font_manager][WARNING] - findfont: Font family 'Times' not found.
[2024-04-23 22:23:27,842][matplotlib.font_manager][WARNING] - findfont: Font family 'Times' not found.
[2024-04-23 22:23:27,843][matplotlib.font_manager][WARNING] - findfont: Font family 'Times' not found.
[2024-04-23 22:23:27,844][matplotlib.font_manager][WARNING] - findfont: Font family 'Times' not found.
[2024-04-23 22:23:27,845][matplotlib.font_manager][WARNING] - findfont: Font family 'Times' not found.
[2024-04-23 22:23:27,846][matplotlib.font_manager][WARNING] - findfont: Font family 'Times' not found.
[2024-04-23 22:23:27,847][matplotlib.font_manager][WARNING] - findfont: Font family 'Times' not found.
[2024-04-23 22:23:27,852][matplotlib.font_manager][WARNING] - findfont: Font family 'Times' not found.
[2024-04-23 22:23:27,853][matplotlib.font_manager][WARNING] - findfont: Font family 'Times' not found.
[2024-04-23 22:23:27,854][matplotlib.font_manager][WARNING] - findfont: Font family 'Times' not found.
[2024-04-23 22:23:27,855][matplotlib.font_manager][WARNING] - findfont: Font family 'Times' not found.
[2024-04-23 22:23:27,856][matplotlib.font_manager][WARNING] - findfont: Font family 'Times' not found.
[2024-04-23 22:23:27,857][matplotlib.font_manager][WARNING] - findfont: Font family 'Times' not found.
[2024-04-23 22:23:27,858][matplotlib.font_manager][WARNING] - findfont: Font family 'Times' not found.
[2024-04-23 22:23:27,864][matplotlib.font_manager][WARNING] - findfont: Font family 'Times' not found.
[2024-04-23 22:23:30,857][matplotlib.font_manager][WARNING] - findfont: Font family 'Times' not found.
[2024-04-23 22:23:30,858][matplotlib.font_manager][WARNING] - findfont: Font family 'Times' not found.
[2024-04-23 22:23:30,859][matplotlib.font_manager][WARNING] - findfont: Font family 'Times' not found.
[2024-04-23 22:23:30,860][matplotlib.font_manager][WARNING] - findfont: Font family 'Times' not found.
[2024-04-23 22:23:30,861][matplotlib.font_manager][WARNING] - findfont: Font family 'Times' not found.
[2024-04-23 22:23:30,862][matplotlib.font_manager][WARNING] - findfont: Font family 'Times' not found.
[2024-04-23 22:23:30,863][matplotlib.font_manager][WARNING] - findfont: Font family 'Times' not found.
[2024-04-23 22:23:30,868][matplotlib.font_manager][WARNING] - findfont: Font family 'Times' not found.
[2024-04-23 22:23:30,869][matplotlib.font_manager][WARNING] - findfont: Font family 'Times' not found.
[2024-04-23 22:23:30,870][matplotlib.font_manager][WARNING] - findfont: Font family 'Times' not found.
[2024-04-23 22:23:30,871][matplotlib.font_manager][WARNING] - findfont: Font family 'Times' not found.
[2024-04-23 22:23:30,872][matplotlib.font_manager][WARNING] - findfont: Font family 'Times' not found.
[2024-04-23 22:23:30,873][matplotlib.font_manager][WARNING] - findfont: Font family 'Times' not found.
[2024-04-23 22:23:30,874][matplotlib.font_manager][WARNING] - findfont: Font family 'Times' not found.
[2024-04-23 22:23:30,884][matplotlib.font_manager][WARNING] - findfont: Font family 'Times' not found.
