[2024-04-23 19:52:55,916][root][INFO] - Dumper dumping to /tirl/experiments/mpc_frozencartpole_2024-04-23/19-52-39/seed_1
[2024-04-23 19:52:55,943][root][INFO] - Start obs: None
[2024-04-23 19:53:23,105][root][INFO] - GT Returns: [-12.69630068 -10.19804475 -11.00487376 -12.30663537 -11.14346368]
[2024-04-23 19:53:23,106][root][INFO] - GT Returns: mean=-11.470 std=0.910
[2024-04-23 19:53:23,106][root][INFO] - Path Lengths: [36345, 36345, 36345, 36345, 36345]
[2024-04-23 19:53:23,106][root][INFO] - Path Lengths: mean=36345.000 std=0.000
[2024-04-23 19:53:23,179][root][INFO] - all_x.shape = (181725, 5)
[2024-04-23 19:53:23,184][root][INFO] - all_x.min(axis=0) = [-0.55079147 -0.82355508 -0.99999211 -0.8140848  -1.        ]
[2024-04-23 19:53:23,190][root][INFO] - all_x.max(axis=0) = [0.73254076 1.26006927 0.99999825 0.84788961 1.        ]
[2024-04-23 19:53:23,193][root][INFO] - all_x.mean(axis=0) = [-0.02327782 -0.00909006  0.02999357  0.03235051 -0.00252889]
[2024-04-23 19:53:23,201][root][INFO] - all_x.var(axis=0) = [0.00503181 0.02628436 0.23202204 0.07268658 0.24344399]
[2024-04-23 19:53:23,247][root][INFO] - --------------- Start iteration i=0 ---------------
[2024-04-23 19:53:23,248][root][INFO] - Length of data.x: 301
[2024-04-23 19:53:23,248][root][INFO] - Length of data.y: 301
[2024-04-23 19:53:50,971][root][INFO] - Eval Returns: [-13.04742873 -15.0750459  -20.32786578 -19.461516   -17.93120809]
[2024-04-23 19:53:50,978][root][INFO] - Eval Returns: mean=-17.169 std=2.727
[2024-04-23 19:53:50,979][root][INFO] - Eval ndata: 301.000
[2024-04-23 19:53:50,979][root][INFO] - Model MSE (current real MPC): 0.417
[2024-04-23 19:53:52,465][root][INFO] - Model MSE (random test set): 0.003
[2024-04-23 19:53:52,466][root][INFO] - Model MSE (GT MPC): 0.001
[2024-04-23 19:53:52,466][root][INFO] - Model Likelihood (random test set): -3.726
[2024-04-23 19:53:52,466][root][INFO] - Model Likelihood (GT MPC): -3.808
[2024-04-23 19:53:52,467][root][INFO] - *[TIME] [Evaluate the current MPC policy] Elapsed: 28.64 seconds
[2024-04-23 19:53:55,214][root][INFO] - x: [ 3.35488772e-03  2.49063362e-03  9.96042483e-01 -4.58419395e-04
 -1.89313062e-01]
[2024-04-23 19:53:55,215][root][INFO] - y: [ 0.00024906 -0.03105968 -0.0003648   0.03227841]
[2024-04-23 19:53:55,215][root][INFO] - Reward: -0.9999902140053331
[2024-04-23 19:53:58,384][root][INFO] - --------------- Start iteration i=1 ---------------
[2024-04-23 19:53:58,384][root][INFO] - Length of data.x: 302
[2024-04-23 19:53:58,384][root][INFO] - Length of data.y: 302
[2024-04-23 19:53:58,819][root][INFO] - x: [ 0.00360395 -0.02856905  0.99567768  0.03181999 -0.46535379]
[2024-04-23 19:53:58,820][root][INFO] - y: [-0.0028569  -0.07481197  0.02532156  0.07613873]
[2024-04-23 19:53:58,820][root][INFO] - Reward: -0.9999899021478852
[2024-04-23 19:53:58,823][root][INFO] - --------------- Start iteration i=2 ---------------
[2024-04-23 19:53:58,823][root][INFO] - Length of data.x: 303
[2024-04-23 19:53:58,823][root][INFO] - Length of data.y: 303
[2024-04-23 19:53:59,254][root][INFO] - x: [ 7.47046220e-04 -1.03381020e-01 -9.79000752e-01  1.07958721e-01
 -1.81078825e-01]
[2024-04-23 19:53:59,255][root][INFO] - y: [-0.0103381  -0.02223209  0.08591089  0.01570982]
[2024-04-23 19:53:59,255][root][INFO] - Reward: -0.9999906038626295
[2024-04-23 19:53:59,258][root][INFO] - --------------- Start iteration i=3 ---------------
[2024-04-23 19:53:59,258][root][INFO] - Length of data.x: 304
[2024-04-23 19:53:59,258][root][INFO] - Length of data.y: 304
[2024-04-23 19:53:59,819][root][INFO] - x: [-0.00959106 -0.12561311 -0.89308986  0.12366854 -0.09511942]
[2024-04-23 19:53:59,820][root][INFO] - y: [-0.01256131  0.01905388  0.09841238 -0.05035506]
[2024-04-23 19:53:59,820][root][INFO] - Reward: -0.9999940602762761
[2024-04-23 19:53:59,824][root][INFO] - --------------- Start iteration i=4 ---------------
[2024-04-23 19:53:59,824][root][INFO] - Length of data.x: 305
[2024-04-23 19:53:59,825][root][INFO] - Length of data.y: 305
[2024-04-23 19:54:00,288][root][INFO] - x: [-0.02215237 -0.10655924 -0.79467748  0.07331349 -0.10167293]
[2024-04-23 19:54:00,289][root][INFO] - y: [-0.01065592  0.02196201  0.05834106 -0.07659025]
[2024-04-23 19:54:00,289][root][INFO] - Reward: -0.9999973371849544
[2024-04-23 19:54:00,291][root][INFO] - --------------- Start iteration i=5 ---------------
[2024-04-23 19:54:00,292][root][INFO] - Length of data.x: 306
[2024-04-23 19:54:00,292][root][INFO] - Length of data.y: 306
[2024-04-23 19:54:00,765][root][INFO] - x: [-0.03280829 -0.08459722 -0.73633642 -0.00327676  0.28767364]
[2024-04-23 19:54:00,765][root][INFO] - y: [-0.00845972  0.04052938 -0.00260757 -0.09975612]
[2024-04-23 19:54:00,766][root][INFO] - Reward: -0.9999991244674928
[2024-04-23 19:54:00,768][root][INFO] - --------------- Start iteration i=6 ---------------
[2024-04-23 19:54:00,768][root][INFO] - Length of data.x: 307
[2024-04-23 19:54:00,769][root][INFO] - Length of data.y: 307
[2024-04-23 19:54:01,199][root][INFO] - x: [-0.04126801 -0.04406784 -0.73894399 -0.10303289 -0.01912203]
[2024-04-23 19:54:01,199][root][INFO] - y: [-0.00440678  0.03044177 -0.08199103 -0.09257251]
[2024-04-23 19:54:01,200][root][INFO] - Reward: -0.9999995615072672
[2024-04-23 19:54:01,202][root][INFO] - --------------- Start iteration i=7 ---------------
[2024-04-23 19:54:01,203][root][INFO] - Length of data.x: 308
[2024-04-23 19:54:01,203][root][INFO] - Length of data.y: 308
[2024-04-23 19:54:01,638][root][INFO] - x: [-0.0456748  -0.01362607 -0.82093502 -0.1956054   0.24787576]
[2024-04-23 19:54:01,639][root][INFO] - y: [-0.00136261  0.06597912 -0.15565796 -0.10818613]
[2024-04-23 19:54:01,639][root][INFO] - Reward: -0.9999987671892111
[2024-04-23 19:54:01,643][root][INFO] - --------------- Start iteration i=8 ---------------
[2024-04-23 19:54:01,643][root][INFO] - Length of data.x: 309
[2024-04-23 19:54:01,643][root][INFO] - Length of data.y: 309
[2024-04-23 19:54:02,236][root][INFO] - x: [-0.0470374   0.05235305 -0.97659298 -0.30379153  0.44112688]
[2024-04-23 19:54:02,236][root][INFO] - y: [ 0.0052353   0.0487827  -0.24174982 -0.05586576]
[2024-04-23 19:54:02,237][root][INFO] - Reward: -0.9998853101958646
[2024-04-23 19:54:02,239][root][INFO] - --------------- Start iteration i=9 ---------------
[2024-04-23 19:54:02,240][root][INFO] - Length of data.x: 310
[2024-04-23 19:54:02,240][root][INFO] - Length of data.y: 310
[2024-04-23 19:54:02,675][root][INFO] - x: [-0.0418021   0.10113575  0.7816572  -0.3596573   0.10806194]
[2024-04-23 19:54:02,676][root][INFO] - y: [ 0.01011357 -0.11666765 -0.28620641  0.15248019]
[2024-04-23 19:54:02,676][root][INFO] - Reward: -0.9679102141839839
[2024-04-23 19:54:02,679][root][INFO] - --------------- Start iteration i=10 ---------------
[2024-04-23 19:54:02,679][root][INFO] - Length of data.x: 311
[2024-04-23 19:54:02,679][root][INFO] - Length of data.y: 311
[2024-04-23 19:54:30,795][root][INFO] - Eval Returns: [-16.58621545 -12.71440088 -16.51898517 -13.78230536 -18.0593073 ]
[2024-04-23 19:54:30,802][root][INFO] - Eval Returns: mean=-15.532 std=1.973
[2024-04-23 19:54:30,803][root][INFO] - Eval ndata: 311.000
[2024-04-23 19:54:30,803][root][INFO] - Model MSE (current real MPC): 0.321
[2024-04-23 19:54:32,276][root][INFO] - Model MSE (random test set): 0.003
[2024-04-23 19:54:32,277][root][INFO] - Model MSE (GT MPC): 0.001
[2024-04-23 19:54:32,277][root][INFO] - Model Likelihood (random test set): -3.726
[2024-04-23 19:54:32,277][root][INFO] - Model Likelihood (GT MPC): -3.806
[2024-04-23 19:54:32,278][root][INFO] - *[TIME] [Evaluate the current MPC policy] Elapsed: 29.16 seconds
[2024-04-23 19:54:36,627][root][INFO] - x: [-0.03168852 -0.01553191  0.49545079 -0.2071771  -0.44971551]
[2024-04-23 19:54:36,628][root][INFO] - y: [-0.00155319 -0.06204454 -0.16486643  0.0973032 ]
[2024-04-23 19:54:36,629][root][INFO] - Reward: -0.621391690774488
[2024-04-23 19:54:38,514][root][INFO] - --------------- Start iteration i=11 ---------------
[2024-04-23 19:54:38,515][root][INFO] - Length of data.x: 312
[2024-04-23 19:54:38,515][root][INFO] - Length of data.y: 312
[2024-04-23 19:54:38,978][root][INFO] - x: [-0.03324171 -0.07757644  0.33058436 -0.10987391 -0.26643541]
[2024-04-23 19:54:38,978][root][INFO] - y: [-0.00775764 -0.00685818 -0.08743495  0.08113619]
[2024-04-23 19:54:38,979][root][INFO] - Reward: -0.19950451888479626
[2024-04-23 19:54:38,981][root][INFO] - --------------- Start iteration i=12 ---------------
[2024-04-23 19:54:38,981][root][INFO] - Length of data.x: 313
[2024-04-23 19:54:38,982][root][INFO] - Length of data.y: 313
[2024-04-23 19:54:39,428][root][INFO] - x: [-0.04099936 -0.08443462  0.24314941 -0.02873772 -0.23040937]
[2024-04-23 19:54:39,429][root][INFO] - y: [-0.00844346  0.00893023 -0.02286877  0.07437651]
[2024-04-23 19:54:39,430][root][INFO] - Reward: -0.22275013431524637
[2024-04-23 19:54:39,432][root][INFO] - --------------- Start iteration i=13 ---------------
[2024-04-23 19:54:39,433][root][INFO] - Length of data.x: 314
[2024-04-23 19:54:39,433][root][INFO] - Length of data.y: 314
[2024-04-23 19:54:39,887][root][INFO] - x: [-0.04944282 -0.07550439  0.22028064  0.04563879  0.35831846]
[2024-04-23 19:54:39,888][root][INFO] - y: [-0.00755044  0.04567028  0.03631823  0.09782557]
[2024-04-23 19:54:39,888][root][INFO] - Reward: -0.34476200202814744
[2024-04-23 19:54:39,891][root][INFO] - --------------- Start iteration i=14 ---------------
[2024-04-23 19:54:39,891][root][INFO] - Length of data.x: 315
[2024-04-23 19:54:39,891][root][INFO] - Length of data.y: 315
[2024-04-23 19:54:40,343][root][INFO] - x: [-0.05699326 -0.02983411  0.25659886  0.14346436  0.25290872]
[2024-04-23 19:54:40,344][root][INFO] - y: [-0.00298341  0.02123257  0.1141654   0.08556159]
[2024-04-23 19:54:40,344][root][INFO] - Reward: -0.6580869399054647
[2024-04-23 19:54:40,347][root][INFO] - --------------- Start iteration i=15 ---------------
[2024-04-23 19:54:40,347][root][INFO] - Length of data.x: 316
[2024-04-23 19:54:40,348][root][INFO] - Length of data.y: 316
[2024-04-23 19:54:40,901][root][INFO] - x: [-0.05997667 -0.00860154  0.37076427  0.22902595  0.5685158 ]
[2024-04-23 19:54:40,901][root][INFO] - y: [-0.00086015 -0.0035089   0.1822532   0.08883103]
[2024-04-23 19:54:40,902][root][INFO] - Reward: -0.9800858939468029
[2024-04-23 19:54:40,905][root][INFO] - --------------- Start iteration i=16 ---------------
[2024-04-23 19:54:40,905][root][INFO] - Length of data.x: 317
[2024-04-23 19:54:40,905][root][INFO] - Length of data.y: 317
[2024-04-23 19:54:41,350][root][INFO] - x: [-0.06083683 -0.01211044  0.55301747  0.31785697  0.76069096]
[2024-04-23 19:54:41,350][root][INFO] - y: [-0.00121104 -0.06191087  0.25294275  0.10710517]
[2024-04-23 19:54:41,351][root][INFO] - Reward: -0.9999610054579721
[2024-04-23 19:54:41,354][root][INFO] - --------------- Start iteration i=17 ---------------
[2024-04-23 19:54:41,354][root][INFO] - Length of data.x: 318
[2024-04-23 19:54:41,355][root][INFO] - Length of data.y: 318
[2024-04-23 19:54:41,803][root][INFO] - x: [-0.06204787 -0.07402131  0.80596022  0.42496214  0.69846973]
[2024-04-23 19:54:41,803][root][INFO] - y: [-0.00740213 -0.1050321   0.3381744   0.14233671]
[2024-04-23 19:54:41,804][root][INFO] - Reward: -0.9999999797484137
[2024-04-23 19:54:41,806][root][INFO] - --------------- Start iteration i=18 ---------------
[2024-04-23 19:54:41,807][root][INFO] - Length of data.x: 319
[2024-04-23 19:54:41,807][root][INFO] - Length of data.y: 319
[2024-04-23 19:54:42,260][root][INFO] - x: [-0.06945    -0.17905341 -0.85586538  0.56729886  0.69146171]
[2024-04-23 19:54:42,261][root][INFO] - y: [-0.01790534  0.26242267  0.45144245 -0.27893785]
[2024-04-23 19:54:42,261][root][INFO] - Reward: -0.9999999871768096
[2024-04-23 19:54:42,264][root][INFO] - --------------- Start iteration i=19 ---------------
[2024-04-23 19:54:42,264][root][INFO] - Length of data.x: 320
[2024-04-23 19:54:42,265][root][INFO] - Length of data.y: 320
[2024-04-23 19:54:42,722][root][INFO] - x: [-0.08735534  0.08336926 -0.40442292  0.28836101 -0.08154299]
[2024-04-23 19:54:42,723][root][INFO] - y: [ 0.00833693  0.06115816  0.22947058 -0.07571737]
[2024-04-23 19:54:42,723][root][INFO] - Reward: -0.9999448828926606
[2024-04-23 19:54:42,726][root][INFO] - --------------- Start iteration i=20 ---------------
[2024-04-23 19:54:42,726][root][INFO] - Length of data.x: 321
[2024-04-23 19:54:42,726][root][INFO] - Length of data.y: 321
[2024-04-23 19:55:12,699][root][INFO] - Eval Returns: [-17.72466446 -10.17918231 -14.68007824 -11.30519103 -13.78929035]
[2024-04-23 19:55:12,708][root][INFO] - Eval Returns: mean=-13.536 std=2.652
[2024-04-23 19:55:12,709][root][INFO] - Eval ndata: 321.000
[2024-04-23 19:55:12,709][root][INFO] - Model MSE (current real MPC): 0.256
