[2024-04-23 17:33:45,020][root][INFO] - Dumper dumping to /tirl/experiments/mpc_frozencartpole_2024-04-23/17-33-29/seed_1
[2024-04-23 17:33:45,036][root][INFO] - Start obs: None
[2024-04-23 17:34:12,359][root][INFO] - GT Returns: [-12.35028331 -10.84009321 -11.21514381 -11.09734096 -12.22517464]
[2024-04-23 17:34:12,360][root][INFO] - GT Returns: mean=-11.546 std=0.619
[2024-04-23 17:34:12,360][root][INFO] - Path Lengths: [36345, 36345, 36345, 36345, 36345]
[2024-04-23 17:34:12,360][root][INFO] - Path Lengths: mean=36345.000 std=0.000
[2024-04-23 17:34:12,453][root][INFO] - all_x.shape = (181725, 5)
[2024-04-23 17:34:12,459][root][INFO] - all_x.min(axis=0) = [-0.53426111 -0.87237172 -0.99989233 -0.80686813 -1.        ]
[2024-04-23 17:34:12,465][root][INFO] - all_x.max(axis=0) = [0.83453116 1.33946962 0.99998902 0.86015801 1.        ]
[2024-04-23 17:34:12,469][root][INFO] - all_x.mean(axis=0) = [-0.01003394  0.00662858  0.01073985  0.0100448   0.0115657 ]
[2024-04-23 17:34:12,480][root][INFO] - all_x.var(axis=0) = [0.00604592 0.02822876 0.23946379 0.07229194 0.23215102]
[2024-04-23 17:34:12,533][root][INFO] - --------------- Start iteration i=0 ---------------
[2024-04-23 17:34:12,533][root][INFO] - Length of data.x: 301
[2024-04-23 17:34:12,533][root][INFO] - Length of data.y: 301
[2024-04-23 17:34:39,945][root][INFO] - Eval Returns: [-21.72315783 -18.49329871 -18.94720095 -19.64198529 -21.08214452]
[2024-04-23 17:34:39,952][root][INFO] - Eval Returns: mean=-19.978 std=1.236
[2024-04-23 17:34:39,953][root][INFO] - Eval ndata: 301.000
[2024-04-23 17:34:39,953][root][INFO] - Model MSE (current real MPC): 0.513
[2024-04-23 17:34:41,438][root][INFO] - Model MSE (random test set): 0.003
[2024-04-23 17:34:41,438][root][INFO] - Model MSE (GT MPC): 0.001
[2024-04-23 17:34:41,438][root][INFO] - Model Likelihood (random test set): -3.726
[2024-04-23 17:34:41,439][root][INFO] - Model Likelihood (GT MPC): -3.777
[2024-04-23 17:34:41,439][root][INFO] - *[TIME] [Evaluate the current MPC policy] Elapsed: 28.35 seconds
