[2024-04-23 19:55:52,637][root][INFO] - Dumper dumping to /tirl/experiments/mpc_frozencartpole_2024-04-23/19-55-35/seed_4
[2024-04-23 19:55:52,653][root][INFO] - Start obs: None
[2024-04-23 19:56:18,974][root][INFO] - GT Returns: [-11.03508323 -10.38079191 -10.74581434 -10.74787018 -11.06252026]
[2024-04-23 19:56:18,975][root][INFO] - GT Returns: mean=-10.794 std=0.247
[2024-04-23 19:56:18,975][root][INFO] - Path Lengths: [36345, 36345, 36345, 36345, 36345]
[2024-04-23 19:56:18,975][root][INFO] - Path Lengths: mean=36345.000 std=0.000
[2024-04-23 19:56:19,034][root][INFO] - all_x.shape = (181725, 5)
[2024-04-23 19:56:19,039][root][INFO] - all_x.min(axis=0) = [-0.63552521 -0.93156108 -0.99991539 -0.83865116 -1.        ]
[2024-04-23 19:56:19,044][root][INFO] - all_x.max(axis=0) = [0.90478441 1.48610913 0.99999596 0.8956684  1.        ]
[2024-04-23 19:56:19,047][root][INFO] - all_x.mean(axis=0) = [-0.01008912 -0.01163706  0.03114227  0.02881054 -0.0159176 ]
[2024-04-23 19:56:19,055][root][INFO] - all_x.var(axis=0) = [0.00696048 0.03178238 0.23832652 0.07672337 0.24837177]
[2024-04-23 19:56:19,100][root][INFO] - --------------- Start iteration i=0 ---------------
[2024-04-23 19:56:19,101][root][INFO] - Length of data.x: 301
[2024-04-23 19:56:19,101][root][INFO] - Length of data.y: 301
[2024-04-23 19:56:46,303][root][INFO] - Eval Returns: [-17.78068474 -19.89727228 -17.54624208 -11.82662552 -14.96505112]
[2024-04-23 19:56:46,312][root][INFO] - Eval Returns: mean=-16.403 std=2.772
[2024-04-23 19:56:46,313][root][INFO] - Eval ndata: 301.000
[2024-04-23 19:56:46,313][root][INFO] - Model MSE (current real MPC): 0.353
[2024-04-23 19:56:48,199][root][INFO] - Model MSE (random test set): 0.003
[2024-04-23 19:56:48,200][root][INFO] - Model MSE (GT MPC): 0.002
[2024-04-23 19:56:48,200][root][INFO] - Model Likelihood (random test set): -3.733
[2024-04-23 19:56:48,200][root][INFO] - Model Likelihood (GT MPC): -3.803
[2024-04-23 19:56:48,200][root][INFO] - *[TIME] [Evaluate the current MPC policy] Elapsed: 28.58 seconds
