[2024-04-23 19:52:57,020][root][INFO] - Dumper dumping to /tirl/experiments/mpc_frozencartpole_2024-04-23/19-52-39/seed_4
[2024-04-23 19:52:57,036][root][INFO] - Start obs: None
[2024-04-23 19:53:23,631][root][INFO] - GT Returns: [-12.7534738  -10.82034784 -10.50042744 -10.37356912 -10.40630172]
[2024-04-23 19:53:23,631][root][INFO] - GT Returns: mean=-10.971 std=0.905
[2024-04-23 19:53:23,631][root][INFO] - Path Lengths: [36345, 36345, 36345, 36345, 36345]
[2024-04-23 19:53:23,631][root][INFO] - Path Lengths: mean=36345.000 std=0.000
[2024-04-23 19:53:23,689][root][INFO] - all_x.shape = (181725, 5)
[2024-04-23 19:53:23,694][root][INFO] - all_x.min(axis=0) = [-0.59259708 -0.97962004 -0.99999815 -0.90494306 -1.        ]
[2024-04-23 19:53:23,699][root][INFO] - all_x.max(axis=0) = [0.94935169 1.41122676 0.99999552 0.87694116 1.        ]
[2024-04-23 19:53:23,702][root][INFO] - all_x.mean(axis=0) = [-0.00104126  0.0088588  -0.01577533 -0.0349429   0.01856053]
[2024-04-23 19:53:23,711][root][INFO] - all_x.var(axis=0) = [0.00759376 0.03392349 0.23896363 0.076653   0.23140436]
[2024-04-23 19:53:23,758][root][INFO] - --------------- Start iteration i=0 ---------------
[2024-04-23 19:53:23,758][root][INFO] - Length of data.x: 301
[2024-04-23 19:53:23,759][root][INFO] - Length of data.y: 301
[2024-04-23 19:53:51,199][root][INFO] - Eval Returns: [ -9.64278523 -22.23033831 -14.73248387 -20.67830736 -21.34449056]
[2024-04-23 19:53:51,205][root][INFO] - Eval Returns: mean=-17.726 std=4.825
[2024-04-23 19:53:51,206][root][INFO] - Eval ndata: 301.000
[2024-04-23 19:53:51,206][root][INFO] - Model MSE (current real MPC): 0.417
[2024-04-23 19:53:52,665][root][INFO] - Model MSE (random test set): 0.003
[2024-04-23 19:53:52,665][root][INFO] - Model MSE (GT MPC): 0.001
[2024-04-23 19:53:52,665][root][INFO] - Model Likelihood (random test set): -3.733
[2024-04-23 19:53:52,666][root][INFO] - Model Likelihood (GT MPC): -3.783
[2024-04-23 19:53:52,666][root][INFO] - *[TIME] [Evaluate the current MPC policy] Elapsed: 28.44 seconds
[2024-04-23 19:53:55,681][root][INFO] - x: [ 0.00109105 -0.00165801 -0.99641179 -0.00142776 -0.30411106]
[2024-04-23 19:53:55,682][root][INFO] - y: [-0.0001658  -0.04796327 -0.00113617  0.04685301]
[2024-04-23 19:53:55,682][root][INFO] - Reward: -0.9999900688015744
[2024-04-23 19:53:58,551][root][INFO] - --------------- Start iteration i=1 ---------------
[2024-04-23 19:53:58,551][root][INFO] - Length of data.x: 302
[2024-04-23 19:53:58,552][root][INFO] - Length of data.y: 302
[2024-04-23 19:53:59,014][root][INFO] - x: [ 9.25249914e-04 -4.96212728e-02 -9.97547960e-01  4.54252563e-02
  7.79193922e-01]
[2024-04-23 19:53:59,015][root][INFO] - y: [-0.00496213  0.12593834  0.0361483  -0.12669131]
[2024-04-23 19:53:59,015][root][INFO] - Reward: -0.99999024388928
[2024-04-23 19:53:59,018][root][INFO] - --------------- Start iteration i=2 ---------------
[2024-04-23 19:53:59,018][root][INFO] - Length of data.x: 303
[2024-04-23 19:53:59,018][root][INFO] - Length of data.y: 303
[2024-04-23 19:53:59,457][root][INFO] - x: [-0.00403688  0.07631707 -0.96139966 -0.08126605 -0.02836841]
[2024-04-23 19:53:59,458][root][INFO] - y: [ 0.00763171  0.00474152 -0.06466952 -0.01658615]
[2024-04-23 19:53:59,459][root][INFO] - Reward: -0.9999902599408174
[2024-04-23 19:53:59,461][root][INFO] - --------------- Start iteration i=3 ---------------
[2024-04-23 19:53:59,461][root][INFO] - Length of data.x: 304
[2024-04-23 19:53:59,462][root][INFO] - Length of data.y: 304
[2024-04-23 19:53:59,897][root][INFO] - x: [ 0.00359483  0.08105859  0.97393082 -0.0978522   0.23166816]
[2024-04-23 19:53:59,897][root][INFO] - y: [ 0.00810586  0.02967175 -0.07786837 -0.02153858]
[2024-04-23 19:53:59,898][root][INFO] - Reward: -0.9999915847774536
[2024-04-23 19:53:59,900][root][INFO] - --------------- Start iteration i=4 ---------------
[2024-04-23 19:53:59,900][root][INFO] - Length of data.x: 305
[2024-04-23 19:53:59,901][root][INFO] - Length of data.y: 305
[2024-04-23 19:54:00,353][root][INFO] - x: [ 0.01170069  0.11073034  0.89606245 -0.11939078  0.24511173]
[2024-04-23 19:54:00,354][root][INFO] - y: [ 0.01107303  0.01194971 -0.09500824  0.02018033]
[2024-04-23 19:54:00,354][root][INFO] - Reward: -0.9999945790128096
[2024-04-23 19:54:00,357][root][INFO] - --------------- Start iteration i=5 ---------------
[2024-04-23 19:54:00,357][root][INFO] - Length of data.x: 306
[2024-04-23 19:54:00,357][root][INFO] - Length of data.y: 306
[2024-04-23 19:54:00,793][root][INFO] - x: [ 0.02277372  0.12268005  0.80105421 -0.09921044 -0.17748304]
[2024-04-23 19:54:00,793][root][INFO] - y: [ 0.01226801 -0.05554627 -0.07894923  0.10250294]
[2024-04-23 19:54:00,794][root][INFO] - Reward: -0.999997786508661
[2024-04-23 19:54:00,796][root][INFO] - --------------- Start iteration i=6 ---------------
[2024-04-23 19:54:00,796][root][INFO] - Length of data.x: 307
[2024-04-23 19:54:00,797][root][INFO] - Length of data.y: 307
[2024-04-23 19:54:01,238][root][INFO] - x: [ 0.03504173  0.06713378  0.72210498  0.0032925  -0.22160049]
[2024-04-23 19:54:01,238][root][INFO] - y: [ 0.00671338 -0.04847348  0.00262009  0.10639333]
[2024-04-23 19:54:01,239][root][INFO] - Reward: -0.9999991189498902
[2024-04-23 19:54:01,241][root][INFO] - --------------- Start iteration i=7 ---------------
[2024-04-23 19:54:01,242][root][INFO] - Length of data.x: 308
[2024-04-23 19:54:01,242][root][INFO] - Length of data.y: 308
[2024-04-23 19:54:01,685][root][INFO] - x: [ 0.04175511  0.0186603   0.72472507  0.10968582 -0.22066179]
[2024-04-23 19:54:01,686][root][INFO] - y: [ 0.00186603 -0.05820395  0.08728527  0.11248916]
[2024-04-23 19:54:01,687][root][INFO] - Reward: -0.999999441748032
[2024-04-23 19:54:01,689][root][INFO] - --------------- Start iteration i=8 ---------------
[2024-04-23 19:54:01,689][root][INFO] - Length of data.x: 309
[2024-04-23 19:54:01,690][root][INFO] - Length of data.y: 309
[2024-04-23 19:54:02,129][root][INFO] - x: [ 0.04362114 -0.03954364  0.81201034  0.22217498 -0.24038364]
[2024-04-23 19:54:02,130][root][INFO] - y: [-0.00395436 -0.0896349   0.17680137  0.1291346 ]
[2024-04-23 19:54:02,131][root][INFO] - Reward: -0.9999975244148652
[2024-04-23 19:54:02,133][root][INFO] - --------------- Start iteration i=9 ---------------
[2024-04-23 19:54:02,133][root][INFO] - Length of data.x: 310
[2024-04-23 19:54:02,134][root][INFO] - Length of data.y: 310
[2024-04-23 19:54:02,600][root][INFO] - x: [ 0.03966677 -0.12917854  0.98881172  0.35130958 -0.11168622]
[2024-04-23 19:54:02,601][root][INFO] - y: [-0.01291785 -0.02436049  0.2795635   0.02779661]
[2024-04-23 19:54:02,601][root][INFO] - Reward: -0.9997377046360953
[2024-04-23 19:54:02,604][root][INFO] - --------------- Start iteration i=10 ---------------
[2024-04-23 19:54:02,604][root][INFO] - Length of data.x: 311
[2024-04-23 19:54:02,604][root][INFO] - Length of data.y: 311
[2024-04-23 19:54:31,428][root][INFO] - Eval Returns: [-21.33182168 -11.37341463 -14.65810519 -20.45332165 -13.47969065]
[2024-04-23 19:54:31,439][root][INFO] - Eval Returns: mean=-16.259 std=3.937
[2024-04-23 19:54:31,440][root][INFO] - Eval ndata: 311.000
[2024-04-23 19:54:31,440][root][INFO] - Model MSE (current real MPC): 0.449
[2024-04-23 19:54:32,859][root][INFO] - Model MSE (random test set): 0.003
[2024-04-23 19:54:32,859][root][INFO] - Model MSE (GT MPC): 0.001
[2024-04-23 19:54:32,859][root][INFO] - Model Likelihood (random test set): -3.734
[2024-04-23 19:54:32,860][root][INFO] - Model Likelihood (GT MPC): -3.783
[2024-04-23 19:54:32,860][root][INFO] - *[TIME] [Evaluate the current MPC policy] Elapsed: 29.80 seconds
[2024-04-23 19:54:37,463][root][INFO] - x: [ 0.02674892 -0.15353903 -0.73162478  0.37910619 -0.19827828]
[2024-04-23 19:54:37,464][root][INFO] - y: [-0.0153539   0.12062174  0.30168336 -0.15355781]
[2024-04-23 19:54:37,465][root][INFO] - Reward: -0.970951816757138
[2024-04-23 19:54:39,194][root][INFO] - --------------- Start iteration i=11 ---------------
[2024-04-23 19:54:39,194][root][INFO] - Length of data.x: 312
[2024-04-23 19:54:39,195][root][INFO] - Length of data.y: 312
[2024-04-23 19:54:39,755][root][INFO] - x: [ 0.01139501 -0.03291729 -0.42994142  0.22554838  0.17422984]
[2024-04-23 19:54:39,756][root][INFO] - y: [-0.00329173  0.05747572  0.17948584 -0.08328273]
[2024-04-23 19:54:39,756][root][INFO] - Reward: -0.697166105761972
[2024-04-23 19:54:39,760][root][INFO] - --------------- Start iteration i=12 ---------------
[2024-04-23 19:54:39,761][root][INFO] - Length of data.x: 313
[2024-04-23 19:54:39,761][root][INFO] - Length of data.y: 313
[2024-04-23 19:54:40,264][root][INFO] - x: [ 0.00810329  0.02455844 -0.25045558  0.14226564  0.08989917]
[2024-04-23 19:54:40,265][root][INFO] - y: [ 0.00245584  0.00463462  0.11321149 -0.06626467]
[2024-04-23 19:54:40,265][root][INFO] - Reward: -0.1752777682590293
[2024-04-23 19:54:40,268][root][INFO] - --------------- Start iteration i=13 ---------------
[2024-04-23 19:54:40,268][root][INFO] - Length of data.x: 314
[2024-04-23 19:54:40,268][root][INFO] - Length of data.y: 314
[2024-04-23 19:54:40,726][root][INFO] - x: [ 0.01055913  0.02919306 -0.13724409  0.07600097  0.07740953]
[2024-04-23 19:54:40,727][root][INFO] - y: [ 0.00291931 -0.00618328  0.0604797  -0.04665803]
[2024-04-23 19:54:40,728][root][INFO] - Reward: -0.002987393401770233
[2024-04-23 19:54:40,732][root][INFO] - --------------- Start iteration i=14 ---------------
[2024-04-23 19:54:40,732][root][INFO] - Length of data.x: 315
[2024-04-23 19:54:40,733][root][INFO] - Length of data.y: 315
[2024-04-23 19:54:41,377][root][INFO] - x: [ 0.01347844  0.02300977 -0.07676439  0.02934294  0.10469573]
[2024-04-23 19:54:41,378][root][INFO] - y: [ 0.00230098  0.00292673  0.02335039 -0.02061121]
[2024-04-23 19:54:41,378][root][INFO] - Reward: -0.026730894358696577
[2024-04-23 19:54:41,381][root][INFO] - --------------- Start iteration i=15 ---------------
[2024-04-23 19:54:41,381][root][INFO] - Length of data.x: 316
[2024-04-23 19:54:41,381][root][INFO] - Length of data.y: 316
[2024-04-23 19:54:41,863][root][INFO] - x: [ 0.01577941  0.0259365  -0.053414    0.00873173  0.07227957]
[2024-04-23 19:54:41,864][root][INFO] - y: [ 0.00259365  0.00144221  0.00694849 -0.01497927]
[2024-04-23 19:54:41,865][root][INFO] - Reward: -0.07202999065075244
[2024-04-23 19:54:41,870][root][INFO] - --------------- Start iteration i=16 ---------------
[2024-04-23 19:54:41,870][root][INFO] - Length of data.x: 317
[2024-04-23 19:54:41,870][root][INFO] - Length of data.y: 317
[2024-04-23 19:54:42,383][root][INFO] - x: [ 0.01837306  0.02737871 -0.04646551 -0.00624754 -0.06168084]
[2024-04-23 19:54:42,384][root][INFO] - y: [ 0.00273787 -0.0185423  -0.00497164 -0.03262904]
[2024-04-23 19:54:42,384][root][INFO] - Reward: -0.10013148041993425
[2024-04-23 19:54:42,387][root][INFO] - --------------- Start iteration i=17 ---------------
[2024-04-23 19:54:42,387][root][INFO] - Length of data.x: 318
[2024-04-23 19:54:42,387][root][INFO] - Length of data.y: 318
[2024-04-23 19:54:42,865][root][INFO] - x: [ 0.02111093  0.00883641 -0.05143714 -0.03887658  0.26577433]
[2024-04-23 19:54:42,865][root][INFO] - y: [ 0.00088364  0.03288032 -0.03093703  0.01665235]
[2024-04-23 19:54:42,866][root][INFO] - Reward: -0.0377361797196456
[2024-04-23 19:54:42,868][root][INFO] - --------------- Start iteration i=18 ---------------
[2024-04-23 19:54:42,869][root][INFO] - Length of data.x: 319
[2024-04-23 19:54:42,869][root][INFO] - Length of data.y: 319
[2024-04-23 19:54:43,355][root][INFO] - x: [ 0.02199457  0.04171672 -0.08237417 -0.02222423  0.26597437]
[2024-04-23 19:54:43,356][root][INFO] - y: [ 0.00417167  0.02646228 -0.01768549  0.00045105]
[2024-04-23 19:54:43,356][root][INFO] - Reward: -0.05190475088369273
[2024-04-23 19:54:43,359][root][INFO] - --------------- Start iteration i=19 ---------------
[2024-04-23 19:54:43,359][root][INFO] - Length of data.x: 320
[2024-04-23 19:54:43,359][root][INFO] - Length of data.y: 320
[2024-04-23 19:54:43,845][root][INFO] - x: [ 0.02616625  0.068179   -0.10005966 -0.02177318  0.26077868]
[2024-04-23 19:54:43,846][root][INFO] - y: [ 0.0068179   0.02225212 -0.01732656 -0.00920122]
[2024-04-23 19:54:43,847][root][INFO] - Reward: -0.1096816734275543
[2024-04-23 19:54:43,849][root][INFO] - --------------- Start iteration i=20 ---------------
[2024-04-23 19:54:43,850][root][INFO] - Length of data.x: 321
[2024-04-23 19:54:43,850][root][INFO] - Length of data.y: 321
