[2024-04-23 17:03:58,548][root][INFO] - Dumper dumping to /tirl/experiments/mpc_frozencartpole_2024-04-23/17-03-42/seed_2
[2024-04-23 17:03:58,564][root][INFO] - Start obs: None
[2024-04-23 17:04:26,384][root][INFO] - GT Returns: [-12.52606649 -10.75190275 -12.70413793 -11.90189082 -10.82537966]
[2024-04-23 17:04:26,384][root][INFO] - GT Returns: mean=-11.742 std=0.823
[2024-04-23 17:04:26,384][root][INFO] - Path Lengths: [36345, 36345, 36345, 36345, 36345]
[2024-04-23 17:04:26,385][root][INFO] - Path Lengths: mean=36345.000 std=0.000
[2024-04-23 17:04:26,444][root][INFO] - all_x.shape = (181725, 5)
[2024-04-23 17:04:26,449][root][INFO] - all_x.min(axis=0) = [-0.61095241 -1.03818295 -0.99996632 -0.8574131  -1.        ]
[2024-04-23 17:04:26,454][root][INFO] - all_x.max(axis=0) = [0.96274636 1.55901317 0.99995919 0.8564945  1.        ]
[2024-04-23 17:04:26,457][root][INFO] - all_x.mean(axis=0) = [ 0.00663996 -0.00472431  0.02017908  0.01940897  0.00282302]
[2024-04-23 17:04:26,466][root][INFO] - all_x.var(axis=0) = [0.0087836  0.03651346 0.24657052 0.08021979 0.22393768]
[2024-04-23 17:04:26,506][root][INFO] - --------------- Start iteration i=0 ---------------
[2024-04-23 17:04:26,506][root][INFO] - Length of data.x: 301
[2024-04-23 17:04:26,506][root][INFO] - Length of data.y: 301
[2024-04-23 17:04:53,723][root][INFO] - Eval Returns: [-10.88803574 -21.12657553 -13.59681727 -23.43316028 -21.70041172]
[2024-04-23 17:04:53,731][root][INFO] - Eval Returns: mean=-18.149 std=4.957
[2024-04-23 17:04:53,732][root][INFO] - Eval ndata: 301.000
[2024-04-23 17:04:53,732][root][INFO] - Model MSE (current real MPC): 0.353
[2024-04-23 17:04:55,255][root][INFO] - Model MSE (random test set): 0.004
[2024-04-23 17:04:55,255][root][INFO] - Model MSE (GT MPC): 0.001
[2024-04-23 17:04:55,256][root][INFO] - Model Likelihood (random test set): -3.731
[2024-04-23 17:04:55,256][root][INFO] - Model Likelihood (GT MPC): -3.749
[2024-04-23 17:04:55,256][root][INFO] - *[TIME] [Evaluate the current MPC policy] Elapsed: 28.30 seconds
