[2024-04-19 19:36:50,416][root][INFO] - Dumper dumping to /trajectory-information-rl/experiments/mpc_frozencartpole_2024-04-19/19-36-45/seed_4
[2024-04-19 19:36:50,421][root][INFO] - Start obs: None
[2024-04-19 19:37:04,306][root][INFO] - GT Returns: [-10.80374885 -11.09450062 -10.80987499  -9.79629691 -13.20186065]
[2024-04-19 19:37:04,306][root][INFO] - GT Returns: mean=-11.141 std=1.121
[2024-04-19 19:37:04,306][root][INFO] - Path Lengths: [36345, 36345, 36345, 36345, 36345]
[2024-04-19 19:37:04,306][root][INFO] - Path Lengths: mean=36345.000 std=0.000
[2024-04-19 19:37:04,367][root][INFO] - all_x.shape = (181725, 5)
[2024-04-19 19:37:04,372][root][INFO] - all_x.min(axis=0) = [-0.57544004 -0.90808632 -0.99997772 -0.77068098 -1.        ]
[2024-04-19 19:37:04,376][root][INFO] - all_x.max(axis=0) = [0.93241303 1.52335498 0.99999453 0.85745794 1.        ]
[2024-04-19 19:37:04,379][root][INFO] - all_x.mean(axis=0) = [-0.0182082  -0.00599499  0.03598403  0.05208112  0.01064257]
[2024-04-19 19:37:04,386][root][INFO] - all_x.var(axis=0) = [0.00570596 0.02798415 0.23921908 0.07400742 0.25608483]
[2024-04-19 19:37:04,420][root][INFO] - --------------- Start iteration i=0 ---------------
[2024-04-19 19:37:04,420][root][INFO] - Length of data.x: 1
[2024-04-19 19:37:04,421][root][INFO] - Length of data.y: 1
[2024-04-19 19:37:09,811][root][INFO] - Eval Returns: [-24.99997136 -24.99985555 -24.97746038 -24.99997871 -24.99986793]
[2024-04-19 19:37:09,816][root][INFO] - Eval Returns: mean=-24.995 std=0.009
[2024-04-19 19:37:09,816][root][INFO] - Eval ndata: 1.000
[2024-04-19 19:37:09,816][root][INFO] - Model MSE (current real MPC): 0.574
[2024-04-19 19:37:10,824][root][INFO] - Model MSE (random test set): 0.495
[2024-04-19 19:37:10,824][root][INFO] - Model MSE (GT MPC): 0.157
[2024-04-19 19:37:10,824][root][INFO] - Model Likelihood (random test set): -4.162
[2024-04-19 19:37:10,824][root][INFO] - Model Likelihood (GT MPC): -3.965
[2024-04-19 19:37:10,824][root][INFO] - *[TIME] [Evaluate the current MPC policy] Elapsed: 6.21 seconds
[2024-04-19 19:37:12,894][root][INFO] - x: [-7.88376901e-04  9.49252179e-04  9.98251002e-01  6.34835103e-04
 -9.99187782e-01]
[2024-04-19 19:37:12,894][root][INFO] - y: [ 9.49252179e-05 -8.02726452e-02  5.05186131e-04  8.08112518e-02]
[2024-04-19 19:37:12,894][root][INFO] - Reward: -0.9999900712936939
