[2024-04-23 20:05:11,546][root][INFO] - Dumper dumping to /tirl/experiments/mpc_frozencartpole_2024-04-23/20-04-54/seed_4
[2024-04-23 20:05:11,562][root][INFO] - Start obs: None
[2024-04-23 20:05:37,417][root][INFO] - GT Returns: [-10.49089397 -11.6257559  -10.7027786  -11.18880216 -12.16779676]
[2024-04-23 20:05:37,417][root][INFO] - GT Returns: mean=-11.235 std=0.610
[2024-04-23 20:05:37,418][root][INFO] - Path Lengths: [36345, 36345, 36345, 36345, 36345]
[2024-04-23 20:05:37,418][root][INFO] - Path Lengths: mean=36345.000 std=0.000
[2024-04-23 20:05:37,478][root][INFO] - all_x.shape = (181725, 5)
[2024-04-23 20:05:37,483][root][INFO] - all_x.min(axis=0) = [-0.55739718 -0.79099035 -0.99994121 -0.79466559 -1.        ]
[2024-04-23 20:05:37,489][root][INFO] - all_x.max(axis=0) = [0.82842727 1.44383041 0.99999419 0.88623881 1.        ]
[2024-04-23 20:05:37,492][root][INFO] - all_x.mean(axis=0) = [-0.02222735 -0.00325074  0.03158683  0.02501215  0.008159  ]
[2024-04-23 20:05:37,504][root][INFO] - all_x.var(axis=0) = [0.00460911 0.02511302 0.23218125 0.07016741 0.24732045]
[2024-04-23 20:05:37,565][root][INFO] - --------------- Start iteration i=0 ---------------
[2024-04-23 20:05:37,566][root][INFO] - Length of data.x: 301
[2024-04-23 20:05:37,566][root][INFO] - Length of data.y: 301
[2024-04-23 20:06:05,060][root][INFO] - Eval Returns: [-18.4260088  -15.01220329 -18.53763268 -16.31494818 -19.41856794]
[2024-04-23 20:06:05,071][root][INFO] - Eval Returns: mean=-17.542 std=1.625
[2024-04-23 20:06:05,071][root][INFO] - Eval ndata: 301.000
[2024-04-23 20:06:05,072][root][INFO] - Model MSE (current real MPC): 0.481
[2024-04-23 20:06:06,552][root][INFO] - Model MSE (random test set): 0.003
[2024-04-23 20:06:06,552][root][INFO] - Model MSE (GT MPC): 0.002
[2024-04-23 20:06:06,553][root][INFO] - Model Likelihood (random test set): -3.733
[2024-04-23 20:06:06,553][root][INFO] - Model Likelihood (GT MPC): -3.828
[2024-04-23 20:06:06,554][root][INFO] - *[TIME] [Evaluate the current MPC policy] Elapsed: 28.41 seconds
