[2024-04-24 22:56:31,649][root][INFO] - Dumper dumping to /tirl/experiments/mpc_pendulum_2024-04-24/22-56-25/seed_1
[2024-04-24 22:56:31,654][root][INFO] - Start obs: None
[2024-04-24 22:56:55,017][root][INFO] - GT Returns: [-123.53623447 -126.83195509 -360.4518418  -344.86944775 -343.69906855]
[2024-04-24 22:56:55,017][root][INFO] - GT Returns: mean=-259.878 std=110.141
[2024-04-24 22:56:55,017][root][INFO] - Path Lengths: [39420, 39420, 39420, 39420, 39420]
[2024-04-24 22:56:55,017][root][INFO] - Path Lengths: mean=39420.000 std=0.000
[2024-04-24 22:56:55,085][root][INFO] - all_x.shape = (197100, 3)
[2024-04-24 22:56:55,090][root][INFO] - all_x.min(axis=0) = [-0.99999459 -1.         -1.        ]
[2024-04-24 22:56:55,095][root][INFO] - all_x.max(axis=0) = [0.99999589 1.         1.        ]
[2024-04-24 22:56:55,098][root][INFO] - all_x.mean(axis=0) = [-0.00719612  0.05109738 -0.01861525]
[2024-04-24 22:56:55,107][root][INFO] - all_x.var(axis=0) = [0.13377701 0.11225315 0.26424381]
[2024-04-24 22:56:55,162][root][INFO] - --------------- Start iteration i=0 ---------------
[2024-04-24 22:56:55,162][root][INFO] - Length of data.x: 1
[2024-04-24 22:56:55,162][root][INFO] - Length of data.y: 1
[2024-04-24 22:57:28,360][root][INFO] - Eval Returns: [-1444.21255504 -1094.27142331 -1204.41520893 -1198.23737666
 -1290.00363161]
[2024-04-24 22:57:28,410][root][INFO] - Eval Returns: mean=-1246.228 std=116.839
[2024-04-24 22:57:28,410][root][INFO] - Eval ndata: 1.000
[2024-04-24 22:57:28,411][root][INFO] - Model MSE (current real MPC): 0.196
[2024-04-24 22:57:28,970][root][INFO] - Model MSE (random test set): 0.016
[2024-04-24 22:57:28,970][root][INFO] - Model MSE (GT MPC): 0.011
[2024-04-24 22:57:28,970][root][INFO] - Model Likelihood (random test set): -1.907
[2024-04-24 22:57:28,970][root][INFO] - Model Likelihood (GT MPC): -1.917
[2024-04-24 22:57:28,970][root][INFO] - *[TIME] [Evaluate the current MPC policy] Elapsed: 33.74 seconds
[2024-04-24 22:57:30,919][root][INFO] - x: [-0.47651291  0.06789214  0.92791919]
[2024-04-24 22:57:30,919][root][INFO] - y: [ 0.00117064 -0.05869794]
[2024-04-24 22:57:30,920][root][INFO] - Reward: -2.23402501674736
[2024-04-24 22:57:34,171][root][INFO] - --------------- Start iteration i=1 ---------------
[2024-04-24 22:57:34,172][root][INFO] - Length of data.x: 2
[2024-04-24 22:57:34,172][root][INFO] - Length of data.y: 2
[2024-04-24 22:57:34,270][root][INFO] - x: [-0.47534226  0.00919421  0.97651553]
[2024-04-24 22:57:34,270][root][INFO] - y: [-0.00606766 -0.05684952]
[2024-04-24 22:57:34,271][root][INFO] - Reward: -2.3056843049032016
[2024-04-24 22:57:34,271][root][INFO] - --------------- Start iteration i=2 ---------------
[2024-04-24 22:57:34,271][root][INFO] - Length of data.x: 3
[2024-04-24 22:57:34,272][root][INFO] - Length of data.y: 3
[2024-04-24 22:57:34,378][root][INFO] - x: [-0.48140993 -0.04765531  0.77525356]
[2024-04-24 22:57:34,379][root][INFO] - y: [-0.01428237 -0.06451815]
[2024-04-24 22:57:34,379][root][INFO] - Reward: -2.508003578193797
[2024-04-24 22:57:34,380][root][INFO] - --------------- Start iteration i=3 ---------------
[2024-04-24 22:57:34,380][root][INFO] - Length of data.x: 4
[2024-04-24 22:57:34,380][root][INFO] - Length of data.y: 4
[2024-04-24 22:57:34,481][root][INFO] - x: [-0.49569229 -0.11217347  0.82977166]
[2024-04-24 22:57:34,481][root][INFO] - y: [-0.02225603 -0.06262498]
[2024-04-24 22:57:34,481][root][INFO] - Reward: -2.846026379340284
[2024-04-24 22:57:34,482][root][INFO] - --------------- Start iteration i=4 ---------------
[2024-04-24 22:57:34,482][root][INFO] - Length of data.x: 5
[2024-04-24 22:57:34,482][root][INFO] - Length of data.y: 5
[2024-04-24 22:57:34,580][root][INFO] - x: [-0.51794832 -0.17479845  0.98814186]
[2024-04-24 22:57:34,581][root][INFO] - y: [-0.02945565 -0.05654568]
[2024-04-24 22:57:34,581][root][INFO] - Reward: -3.3038724467254017
[2024-04-24 22:57:34,582][root][INFO] - --------------- Start iteration i=5 ---------------
[2024-04-24 22:57:34,582][root][INFO] - Length of data.x: 6
[2024-04-24 22:57:34,582][root][INFO] - Length of data.y: 6
[2024-04-24 22:58:07,839][root][INFO] - Eval Returns: [-1402.46041218 -1526.87242619 -1583.20994119 -1041.6353662
 -1581.2293741 ]
[2024-04-24 22:58:07,900][root][INFO] - Eval Returns: mean=-1427.082 std=203.603
[2024-04-24 22:58:07,901][root][INFO] - Eval ndata: 6.000
[2024-04-24 22:58:07,903][root][INFO] - Model MSE (current real MPC): 0.169
[2024-04-24 22:58:08,504][root][INFO] - Model MSE (random test set): 0.012
[2024-04-24 22:58:08,505][root][INFO] - Model MSE (GT MPC): 0.009
[2024-04-24 22:58:08,505][root][INFO] - Model Likelihood (random test set): -1.911
[2024-04-24 22:58:08,505][root][INFO] - Model Likelihood (GT MPC): -1.920
[2024-04-24 22:58:08,505][root][INFO] - *[TIME] [Evaluate the current MPC policy] Elapsed: 33.82 seconds
[2024-04-24 22:58:13,203][root][INFO] - x: [-0.54740397 -0.23134413  0.98326476]
[2024-04-24 22:58:13,204][root][INFO] - y: [-0.0365654  -0.05583988]
[2024-04-24 22:58:13,204][root][INFO] - Reward: -3.897440000750188
[2024-04-24 22:58:15,548][root][INFO] - --------------- Start iteration i=6 ---------------
[2024-04-24 22:58:15,548][root][INFO] - Length of data.x: 7
[2024-04-24 22:58:15,548][root][INFO] - Length of data.y: 7
[2024-04-24 22:58:15,660][root][INFO] - x: [-0.58396938 -0.28718401  0.68956187]
[2024-04-24 22:58:15,661][root][INFO] - y: [-0.04479668 -0.06464831]
[2024-04-24 22:58:15,661][root][INFO] - Reward: -4.696048545307517
[2024-04-24 22:58:15,662][root][INFO] - --------------- Start iteration i=7 ---------------
[2024-04-24 22:58:15,662][root][INFO] - Length of data.x: 8
[2024-04-24 22:58:15,662][root][INFO] - Length of data.y: 8
[2024-04-24 22:58:15,763][root][INFO] - x: [-0.62876606 -0.35183232  0.6917336 ]
[2024-04-24 22:58:15,764][root][INFO] - y: [-0.05246708 -0.06024317]
[2024-04-24 22:58:15,764][root][INFO] - Reward: -5.668946044086247
[2024-04-24 22:58:15,765][root][INFO] - --------------- Start iteration i=8 ---------------
[2024-04-24 22:58:15,765][root][INFO] - Length of data.x: 9
[2024-04-24 22:58:15,765][root][INFO] - Length of data.y: 9
[2024-04-24 22:58:15,862][root][INFO] - x: [-0.68123314 -0.41207549  0.71238545]
[2024-04-24 22:58:15,862][root][INFO] - y: [-0.05911926 -0.05224609]
[2024-04-24 22:58:15,863][root][INFO] - Reward: -6.7915792750777495
[2024-04-24 22:58:15,864][root][INFO] - --------------- Start iteration i=9 ---------------
[2024-04-24 22:58:15,864][root][INFO] - Length of data.x: 10
[2024-04-24 22:58:15,864][root][INFO] - Length of data.y: 10
[2024-04-24 22:58:15,961][root][INFO] - x: [-0.74035239 -0.46432158 -0.16490557]
[2024-04-24 22:58:15,961][root][INFO] - y: [-0.06859899 -0.07445367]
[2024-04-24 22:58:15,961][root][INFO] - Reward: -8.31658557039422
[2024-04-24 22:58:15,962][root][INFO] - --------------- Start iteration i=10 ---------------
[2024-04-24 22:58:15,962][root][INFO] - Length of data.x: 11
[2024-04-24 22:58:15,962][root][INFO] - Length of data.y: 11
[2024-04-24 22:58:53,071][root][INFO] - Eval Returns: [-1367.53459541 -1497.80591147 -1341.78082125 -1331.67006264
 -1336.27108859]
[2024-04-24 22:58:53,119][root][INFO] - Eval Returns: mean=-1375.012 std=62.639
[2024-04-24 22:58:53,119][root][INFO] - Eval ndata: 11.000
[2024-04-24 22:58:53,120][root][INFO] - Model MSE (current real MPC): 0.233
[2024-04-24 22:58:53,689][root][INFO] - Model MSE (random test set): 0.008
[2024-04-24 22:58:53,690][root][INFO] - Model MSE (GT MPC): 0.006
[2024-04-24 22:58:53,690][root][INFO] - Model Likelihood (random test set): -1.897
[2024-04-24 22:58:53,690][root][INFO] - Model Likelihood (GT MPC): -1.903
[2024-04-24 22:58:53,690][root][INFO] - *[TIME] [Evaluate the current MPC policy] Elapsed: 37.63 seconds
[2024-04-24 22:58:57,495][root][INFO] - x: [-0.80895139 -0.53877525  0.9333468 ]
[2024-04-24 22:58:57,495][root][INFO] - y: [-0.07088445 -0.01794996]
[2024-04-24 22:58:57,496][root][INFO] - Reward: -9.627290293445393
[2024-04-24 22:58:59,013][root][INFO] - --------------- Start iteration i=11 ---------------
[2024-04-24 22:58:59,013][root][INFO] - Length of data.x: 12
[2024-04-24 22:58:59,013][root][INFO] - Length of data.y: 12
[2024-04-24 22:58:59,397][root][INFO] - x: [-0.87983584 -0.55672521  0.85139889]
[2024-04-24 22:58:59,397][root][INFO] - y: [-0.07121921 -0.00262916]
[2024-04-24 22:58:59,398][root][INFO] - Reward: -10.932428313018345
[2024-04-24 22:58:59,399][root][INFO] - --------------- Start iteration i=12 ---------------
[2024-04-24 22:58:59,399][root][INFO] - Length of data.x: 13
[2024-04-24 22:58:59,399][root][INFO] - Length of data.y: 13
[2024-04-24 22:58:59,500][root][INFO] - x: [-0.95105505 -0.55935437  1.        ]
[2024-04-24 22:58:59,500][root][INFO] - y: [-0.06827277  0.02314127]
[2024-04-24 22:58:59,501][root][INFO] - Reward: -11.335932727075662
[2024-04-24 22:58:59,502][root][INFO] - --------------- Start iteration i=13 ---------------
[2024-04-24 22:58:59,502][root][INFO] - Length of data.x: 14
[2024-04-24 22:58:59,502][root][INFO] - Length of data.y: 14
[2024-04-24 22:58:59,607][root][INFO] - x: [ 0.98067218 -0.5362131   0.74366466]
[2024-04-24 22:58:59,607][root][INFO] - y: [-0.06399769  0.03357643]
[2024-04-24 22:58:59,607][root][INFO] - Reward: -9.9124826599671
[2024-04-24 22:58:59,608][root][INFO] - --------------- Start iteration i=14 ---------------
[2024-04-24 22:58:59,609][root][INFO] - Length of data.x: 15
[2024-04-24 22:58:59,609][root][INFO] - Length of data.y: 15
[2024-04-24 22:58:59,711][root][INFO] - x: [ 0.91667449 -0.50263667 -0.7905443 ]
[2024-04-24 22:58:59,712][root][INFO] - y: [-0.06468312 -0.00538336]
[2024-04-24 22:58:59,712][root][INFO] - Reward: -8.818480358762063
[2024-04-24 22:58:59,713][root][INFO] - --------------- Start iteration i=15 ---------------
[2024-04-24 22:58:59,713][root][INFO] - Length of data.x: 16
[2024-04-24 22:58:59,713][root][INFO] - Length of data.y: 16
[2024-04-24 22:59:35,521][root][INFO] - Eval Returns: [ -880.00954392 -1006.57886889  -890.27042636  -925.78621128
  -781.88214773]
[2024-04-24 22:59:35,564][root][INFO] - Eval Returns: mean=-896.905 std=72.694
[2024-04-24 22:59:35,564][root][INFO] - Eval ndata: 16.000
[2024-04-24 22:59:35,565][root][INFO] - Model MSE (current real MPC): 0.138
[2024-04-24 22:59:36,033][root][INFO] - Model MSE (random test set): 0.002
[2024-04-24 22:59:36,033][root][INFO] - Model MSE (GT MPC): 0.002
[2024-04-24 22:59:36,033][root][INFO] - Model Likelihood (random test set): -1.871
[2024-04-24 22:59:36,033][root][INFO] - Model Likelihood (GT MPC): -1.868
[2024-04-24 22:59:36,033][root][INFO] - *[TIME] [Evaluate the current MPC policy] Elapsed: 36.22 seconds
[2024-04-24 22:59:40,065][root][INFO] - x: [ 0.85199138 -0.50802003  0.26066418]
[2024-04-24 22:59:40,065][root][INFO] - y: [-0.05808607  0.0518131 ]
[2024-04-24 22:59:40,065][root][INFO] - Reward: -7.552940517732201
[2024-04-24 22:59:41,890][root][INFO] - --------------- Start iteration i=16 ---------------
[2024-04-24 22:59:41,890][root][INFO] - Length of data.x: 17
[2024-04-24 22:59:41,890][root][INFO] - Length of data.y: 17
[2024-04-24 22:59:42,004][root][INFO] - x: [ 0.79390531 -0.45620693 -0.89110497]
[2024-04-24 22:59:42,005][root][INFO] - y: [-0.05514101  0.02313045]
[2024-04-24 22:59:42,005][root][INFO] - Reward: -6.59009063258424
[2024-04-24 22:59:42,006][root][INFO] - --------------- Start iteration i=17 ---------------
[2024-04-24 22:59:42,006][root][INFO] - Length of data.x: 18
[2024-04-24 22:59:42,006][root][INFO] - Length of data.y: 18
[2024-04-24 22:59:42,121][root][INFO] - x: [ 0.7387643  -0.43307648 -1.        ]
[2024-04-24 22:59:42,122][root][INFO] - y: [-0.05118258  0.03108943]
[2024-04-24 22:59:42,122][root][INFO] - Reward: -5.704238502604014
[2024-04-24 22:59:42,124][root][INFO] - --------------- Start iteration i=18 ---------------
[2024-04-24 22:59:42,124][root][INFO] - Length of data.x: 19
[2024-04-24 22:59:42,124][root][INFO] - Length of data.y: 19
[2024-04-24 22:59:42,238][root][INFO] - x: [ 0.68758172 -0.40198706 -0.33490785]
[2024-04-24 22:59:42,239][root][INFO] - y: [-0.04285841  0.06537785]
[2024-04-24 22:59:42,239][root][INFO] - Reward: -4.828085814932692
[2024-04-24 22:59:42,240][root][INFO] - --------------- Start iteration i=19 ---------------
[2024-04-24 22:59:42,240][root][INFO] - Length of data.x: 20
[2024-04-24 22:59:42,240][root][INFO] - Length of data.y: 20
[2024-04-24 22:59:42,340][root][INFO] - x: [ 0.64472331 -0.3366092  -0.73958634]
[2024-04-24 22:59:42,341][root][INFO] - y: [-0.0356657   0.05649142]
[2024-04-24 22:59:42,341][root][INFO] - Reward: -4.165511615293805
[2024-04-24 22:59:42,342][root][INFO] - --------------- Start iteration i=20 ---------------
[2024-04-24 22:59:42,342][root][INFO] - Length of data.x: 21
[2024-04-24 22:59:42,342][root][INFO] - Length of data.y: 21
[2024-04-24 23:00:17,147][root][INFO] - Eval Returns: [-260.6721644  -549.56071228 -496.84671605 -249.49992688 -485.23001389]
[2024-04-24 23:00:17,201][root][INFO] - Eval Returns: mean=-408.362 std=127.063
[2024-04-24 23:00:17,201][root][INFO] - Eval ndata: 21.000
[2024-04-24 23:00:17,202][root][INFO] - Model MSE (current real MPC): 0.062
[2024-04-24 23:00:17,807][root][INFO] - Model MSE (random test set): 0.000
[2024-04-24 23:00:17,808][root][INFO] - Model MSE (GT MPC): 0.000
[2024-04-24 23:00:17,808][root][INFO] - Model Likelihood (random test set): -1.849
[2024-04-24 23:00:17,808][root][INFO] - Model Likelihood (GT MPC): -1.843
[2024-04-24 23:00:17,808][root][INFO] - *[TIME] [Evaluate the current MPC policy] Elapsed: 35.36 seconds
[2024-04-24 23:00:21,534][root][INFO] - x: [ 0.6090576  -0.28011779 -1.        ]
[2024-04-24 23:00:21,534][root][INFO] - y: [-0.02919749  0.0508012 ]
[2024-04-24 23:00:21,535][root][INFO] - Reward: -3.659084727769068
[2024-04-24 23:00:23,117][root][INFO] - --------------- Start iteration i=21 ---------------
[2024-04-24 23:00:23,117][root][INFO] - Length of data.x: 22
[2024-04-24 23:00:23,117][root][INFO] - Length of data.y: 22
[2024-04-24 23:00:23,229][root][INFO] - x: [ 0.57986011 -0.22931658 -0.63371409]
[2024-04-24 23:00:23,230][root][INFO] - y: [-0.02066034  0.06705063]
[2024-04-24 23:00:23,230][root][INFO] - Reward: -3.2563885940452693
[2024-04-24 23:00:23,231][root][INFO] - --------------- Start iteration i=22 ---------------
[2024-04-24 23:00:23,231][root][INFO] - Length of data.x: 23
[2024-04-24 23:00:23,232][root][INFO] - Length of data.y: 23
[2024-04-24 23:00:23,338][root][INFO] - x: [ 0.55919977 -0.16226595 -0.93734894]
[2024-04-24 23:00:23,338][root][INFO] - y: [-0.01340508  0.05698272]
[2024-04-24 23:00:23,339][root][INFO] - Reward: -3.0145304802399813
[2024-04-24 23:00:23,339][root][INFO] - --------------- Start iteration i=23 ---------------
[2024-04-24 23:00:23,339][root][INFO] - Length of data.x: 24
[2024-04-24 23:00:23,340][root][INFO] - Length of data.y: 24
[2024-04-24 23:00:23,408][root][INFO] - x: [ 0.54579469 -0.10528324 -1.        ]
[2024-04-24 23:00:23,409][root][INFO] - y: [-0.00636643  0.05528145]
[2024-04-24 23:00:23,409][root][INFO] - Reward: -2.8918869410748176
[2024-04-24 23:00:23,410][root][INFO] - --------------- Start iteration i=24 ---------------
[2024-04-24 23:00:23,410][root][INFO] - Length of data.x: 25
[2024-04-24 23:00:23,410][root][INFO] - Length of data.y: 25
[2024-04-24 23:00:23,480][root][INFO] - x: [ 0.53942826 -0.05000179  0.47485807]
[2024-04-24 23:00:23,480][root][INFO] - y: [0.00774602 0.11083889]
[2024-04-24 23:00:23,480][root][INFO] - Reward: -2.9795460673039043
[2024-04-24 23:00:23,481][root][INFO] - --------------- Start iteration i=25 ---------------
[2024-04-24 23:00:23,481][root][INFO] - Length of data.x: 26
[2024-04-24 23:00:23,481][root][INFO] - Length of data.y: 26
[2024-04-24 23:00:59,322][root][INFO] - Eval Returns: [-121.40902878 -119.34549441 -116.73598551 -453.02302997 -334.74722106]
[2024-04-24 23:00:59,372][root][INFO] - Eval Returns: mean=-229.052 std=139.694
[2024-04-24 23:00:59,372][root][INFO] - Eval ndata: 26.000
[2024-04-24 23:00:59,372][root][INFO] - Model MSE (current real MPC): 0.036
[2024-04-24 23:00:59,891][root][INFO] - Model MSE (random test set): 0.000
[2024-04-24 23:00:59,891][root][INFO] - Model MSE (GT MPC): 0.000
[2024-04-24 23:00:59,891][root][INFO] - Model Likelihood (random test set): -1.847
[2024-04-24 23:00:59,891][root][INFO] - Model Likelihood (GT MPC): -1.842
[2024-04-24 23:00:59,891][root][INFO] - *[TIME] [Evaluate the current MPC policy] Elapsed: 36.34 seconds
[2024-04-24 23:01:03,858][root][INFO] - x: [0.54717428 0.0608371  0.98202719]
[2024-04-24 23:01:03,859][root][INFO] - y: [0.02424063 0.12954834]
[2024-04-24 23:01:03,859][root][INFO] - Reward: -3.458409909156632
[2024-04-24 23:01:05,574][root][INFO] - --------------- Start iteration i=26 ---------------
[2024-04-24 23:01:05,574][root][INFO] - Length of data.x: 27
[2024-04-24 23:01:05,574][root][INFO] - Length of data.y: 27
[2024-04-24 23:01:05,691][root][INFO] - x: [0.57141491 0.19038544 0.95066665]
[2024-04-24 23:01:05,691][root][INFO] - y: [0.04041718 0.12705039]
[2024-04-24 23:01:05,692][root][INFO] - Reward: -4.343087512078351
[2024-04-24 23:01:05,693][root][INFO] - --------------- Start iteration i=27 ---------------
[2024-04-24 23:01:05,693][root][INFO] - Length of data.x: 28
[2024-04-24 23:01:05,693][root][INFO] - Length of data.y: 28
[2024-04-24 23:01:05,800][root][INFO] - x: [0.61183209 0.31743583 0.27697188]
[2024-04-24 23:01:05,801][root][INFO] - y: [0.0529471  0.09840977]
[2024-04-24 23:01:05,801][root][INFO] - Reward: -5.468731420031042
[2024-04-24 23:01:05,802][root][INFO] - --------------- Start iteration i=28 ---------------
[2024-04-24 23:01:05,802][root][INFO] - Length of data.x: 29
[2024-04-24 23:01:05,802][root][INFO] - Length of data.y: 29
[2024-04-24 23:01:05,908][root][INFO] - x: [0.6647792  0.4158456  0.33766991]
[2024-04-24 23:01:05,908][root][INFO] - y: [0.06493198 0.09412902]
[2024-04-24 23:01:05,908][root][INFO] - Reward: -6.920281984257596
[2024-04-24 23:01:05,910][root][INFO] - --------------- Start iteration i=29 ---------------
[2024-04-24 23:01:05,910][root][INFO] - Length of data.x: 30
[2024-04-24 23:01:05,910][root][INFO] - Length of data.y: 30
[2024-04-24 23:01:06,015][root][INFO] - x: [0.72971118 0.50997462 0.49655623]
[2024-04-24 23:01:06,016][root][INFO] - y: [0.07626381 0.08899999]
[2024-04-24 23:01:06,016][root][INFO] - Reward: -8.70837095330801
[2024-04-24 23:01:06,017][root][INFO] - --------------- Start iteration i=30 ---------------
[2024-04-24 23:01:06,017][root][INFO] - Length of data.x: 31
[2024-04-24 23:01:06,017][root][INFO] - Length of data.y: 31
[2024-04-24 23:01:47,173][root][INFO] - Eval Returns: [  -5.57587706 -356.4109415  -234.61732211 -118.46545458 -124.97513338]
[2024-04-24 23:01:47,227][root][INFO] - Eval Returns: mean=-168.009 std=118.847
[2024-04-24 23:01:47,227][root][INFO] - Eval ndata: 31.000
[2024-04-24 23:01:47,227][root][INFO] - Model MSE (current real MPC): 0.028
[2024-04-24 23:01:47,827][root][INFO] - Model MSE (random test set): 0.000
[2024-04-24 23:01:47,827][root][INFO] - Model MSE (GT MPC): 0.000
[2024-04-24 23:01:47,827][root][INFO] - Model Likelihood (random test set): -1.847
[2024-04-24 23:01:47,827][root][INFO] - Model Likelihood (GT MPC): -1.842
[2024-04-24 23:01:47,827][root][INFO] - *[TIME] [Evaluate the current MPC policy] Elapsed: 41.71 seconds
[2024-04-24 23:01:51,802][root][INFO] - x: [0.805975   0.59897462 0.66403142]
[2024-04-24 23:01:51,803][root][INFO] - y: [0.086268   0.07857272]
[2024-04-24 23:01:51,803][root][INFO] - Reward: -10.796982839298646
[2024-04-24 23:01:53,354][root][INFO] - --------------- Start iteration i=31 ---------------
[2024-04-24 23:01:53,354][root][INFO] - Length of data.x: 32
[2024-04-24 23:01:53,354][root][INFO] - Length of data.y: 32
[2024-04-24 23:01:53,457][root][INFO] - x: [0.892243   0.67754734 0.94986186]
[2024-04-24 23:01:53,458][root][INFO] - y: [0.09476741 0.06675415]
[2024-04-24 23:01:53,458][root][INFO] - Reward: -13.163976980993622
[2024-04-24 23:01:53,459][root][INFO] - --------------- Start iteration i=32 ---------------
[2024-04-24 23:01:53,460][root][INFO] - Length of data.x: 33
[2024-04-24 23:01:53,460][root][INFO] - Length of data.y: 33
[2024-04-24 23:01:53,562][root][INFO] - x: [0.98701041 0.74430149 1.        ]
[2024-04-24 23:01:53,563][root][INFO] - y: [0.10002903 0.04132468]
[2024-04-24 23:01:53,563][root][INFO] - Reward: -12.180420287287438
[2024-04-24 23:01:53,565][root][INFO] - --------------- Start iteration i=33 ---------------
[2024-04-24 23:01:53,565][root][INFO] - Length of data.x: 34
[2024-04-24 23:01:53,565][root][INFO] - Length of data.y: 34
[2024-04-24 23:01:53,667][root][INFO] - x: [-0.91296057  0.78562617  0.97998972]
[2024-04-24 23:01:53,668][root][INFO] - y: [0.10148468 0.01143266]
[2024-04-24 23:01:53,668][root][INFO] - Reward: -10.568846174751537
[2024-04-24 23:01:53,669][root][INFO] - --------------- Start iteration i=34 ---------------
[2024-04-24 23:01:53,669][root][INFO] - Length of data.x: 35
[2024-04-24 23:01:53,669][root][INFO] - Length of data.y: 35
[2024-04-24 23:01:53,773][root][INFO] - x: [-0.81147589  0.79705883  0.43602156]
[2024-04-24 23:01:53,773][root][INFO] - y: [ 0.096903   -0.03598442]
[2024-04-24 23:01:53,773][root][INFO] - Reward: -8.747422195131538
[2024-04-24 23:01:53,775][root][INFO] - --------------- Start iteration i=35 ---------------
[2024-04-24 23:01:53,775][root][INFO] - Length of data.x: 36
[2024-04-24 23:01:53,775][root][INFO] - Length of data.y: 36
[2024-04-24 23:02:26,659][root][INFO] - Eval Returns: [-237.85047873 -117.98004665 -124.8239702  -233.45104555 -231.90909915]
[2024-04-24 23:02:26,708][root][INFO] - Eval Returns: mean=-189.203 std=55.436
[2024-04-24 23:02:26,708][root][INFO] - Eval ndata: 36.000
[2024-04-24 23:02:26,708][root][INFO] - Model MSE (current real MPC): 0.032
[2024-04-24 23:02:27,293][root][INFO] - Model MSE (random test set): 0.000
[2024-04-24 23:02:27,293][root][INFO] - Model MSE (GT MPC): 0.000
[2024-04-24 23:02:27,293][root][INFO] - Model Likelihood (random test set): -1.845
[2024-04-24 23:02:27,293][root][INFO] - Model Likelihood (GT MPC): -1.840
[2024-04-24 23:02:27,293][root][INFO] - *[TIME] [Evaluate the current MPC policy] Elapsed: 33.41 seconds
[2024-04-24 23:02:30,354][root][INFO] - x: [-0.71457289  0.76107441  0.10166108]
[2024-04-24 23:02:30,354][root][INFO] - y: [ 0.08806269 -0.06943164]
[2024-04-24 23:02:30,355][root][INFO] - Reward: -6.935575758294996
[2024-04-24 23:02:31,960][root][INFO] - --------------- Start iteration i=36 ---------------
[2024-04-24 23:02:31,961][root][INFO] - Length of data.x: 37
[2024-04-24 23:02:31,961][root][INFO] - Length of data.y: 37
[2024-04-24 23:02:32,075][root][INFO] - x: [-0.6265102   0.69164277  0.78066054]
[2024-04-24 23:02:32,076][root][INFO] - y: [ 0.08078387 -0.05716775]
[2024-04-24 23:02:32,076][root][INFO] - Reward: -5.518150823975138
[2024-04-24 23:02:32,077][root][INFO] - --------------- Start iteration i=37 ---------------
[2024-04-24 23:02:32,078][root][INFO] - Length of data.x: 38
[2024-04-24 23:02:32,078][root][INFO] - Length of data.y: 38
[2024-04-24 23:02:32,192][root][INFO] - x: [-0.54572633  0.63447502  0.39512405]
[2024-04-24 23:02:32,192][root][INFO] - y: [ 0.07085678 -0.07796718]
[2024-04-24 23:02:32,193][root][INFO] - Reward: -4.2083174212278225
[2024-04-24 23:02:32,195][root][INFO] - --------------- Start iteration i=38 ---------------
[2024-04-24 23:02:32,195][root][INFO] - Length of data.x: 39
[2024-04-24 23:02:32,195][root][INFO] - Length of data.y: 39
[2024-04-24 23:02:32,314][root][INFO] - x: [-0.47486955  0.55650784  0.73637299]
[2024-04-24 23:02:32,314][root][INFO] - y: [ 0.06247326 -0.06584399]
[2024-04-24 23:02:32,315][root][INFO] - Reward: -3.2215061011769444
[2024-04-24 23:02:32,317][root][INFO] - --------------- Start iteration i=39 ---------------
[2024-04-24 23:02:32,317][root][INFO] - Length of data.x: 40
[2024-04-24 23:02:32,317][root][INFO] - Length of data.y: 40
[2024-04-24 23:02:32,431][root][INFO] - x: [-0.41239629  0.49066385  0.85760356]
[2024-04-24 23:02:32,432][root][INFO] - y: [ 0.05508061 -0.05806175]
[2024-04-24 23:02:32,432][root][INFO] - Reward: -2.4607640787201723
[2024-04-24 23:02:32,433][root][INFO] - --------------- Start iteration i=40 ---------------
[2024-04-24 23:02:32,433][root][INFO] - Length of data.x: 41
[2024-04-24 23:02:32,434][root][INFO] - Length of data.y: 41
[2024-04-24 23:03:14,712][root][INFO] - Eval Returns: [-128.1336553  -117.04768644 -246.14478112   -1.63312462 -342.47621904]
[2024-04-24 23:03:14,767][root][INFO] - Eval Returns: mean=-167.087 std=116.968
[2024-04-24 23:03:14,767][root][INFO] - Eval ndata: 41.000
[2024-04-24 23:03:14,768][root][INFO] - Model MSE (current real MPC): 0.028
[2024-04-24 23:03:15,398][root][INFO] - Model MSE (random test set): 0.000
[2024-04-24 23:03:15,398][root][INFO] - Model MSE (GT MPC): 0.000
[2024-04-24 23:03:15,398][root][INFO] - Model Likelihood (random test set): -1.845
[2024-04-24 23:03:15,398][root][INFO] - Model Likelihood (GT MPC): -1.840
[2024-04-24 23:03:15,399][root][INFO] - *[TIME] [Evaluate the current MPC policy] Elapsed: 42.85 seconds
[2024-04-24 23:03:19,523][root][INFO] - x: [-0.35731569  0.4326021   0.82305808]
[2024-04-24 23:03:19,524][root][INFO] - y: [ 0.04825309 -0.05362323]
[2024-04-24 23:03:19,524][root][INFO] - Reward: -1.8646511950282034
[2024-04-24 23:03:21,556][root][INFO] - --------------- Start iteration i=41 ---------------
[2024-04-24 23:03:21,556][root][INFO] - Length of data.x: 42
[2024-04-24 23:03:21,556][root][INFO] - Length of data.y: 42
[2024-04-24 23:03:21,665][root][INFO] - x: [-0.3090626   0.37897887  0.33281234]
[2024-04-24 23:03:21,665][root][INFO] - y: [ 0.0399894  -0.06490282]
[2024-04-24 23:03:21,666][root][INFO] - Reward: -1.3463263340513174
[2024-04-24 23:03:21,667][root][INFO] - --------------- Start iteration i=42 ---------------
[2024-04-24 23:03:21,667][root][INFO] - Length of data.x: 43
[2024-04-24 23:03:21,667][root][INFO] - Length of data.y: 43
[2024-04-24 23:03:21,774][root][INFO] - x: [-0.2690732   0.31407605  0.83954281]
[2024-04-24 23:03:21,774][root][INFO] - y: [ 0.03506716 -0.03865925]
[2024-04-24 23:03:21,775][root][INFO] - Reward: -1.0287355709147215
[2024-04-24 23:03:21,776][root][INFO] - --------------- Start iteration i=43 ---------------
[2024-04-24 23:03:21,776][root][INFO] - Length of data.x: 44
[2024-04-24 23:03:21,776][root][INFO] - Length of data.y: 44
[2024-04-24 23:03:21,885][root][INFO] - x: [-0.23400604  0.2754168   1.        ]
[2024-04-24 23:03:21,885][root][INFO] - y: [ 0.03183592 -0.02537809]
[2024-04-24 23:03:21,885][root][INFO] - Reward: -0.8075218600098716
[2024-04-24 23:03:21,887][root][INFO] - --------------- Start iteration i=44 ---------------
[2024-04-24 23:03:21,887][root][INFO] - Length of data.x: 45
[2024-04-24 23:03:21,887][root][INFO] - Length of data.y: 45
[2024-04-24 23:03:21,996][root][INFO] - x: [-0.20217012  0.25003871  0.90023535]
[2024-04-24 23:03:21,997][root][INFO] - y: [ 0.02905238 -0.02186185]
[2024-04-24 23:03:21,997][root][INFO] - Reward: -0.6322452773567646
[2024-04-24 23:03:21,998][root][INFO] - --------------- Start iteration i=45 ---------------
[2024-04-24 23:03:21,998][root][INFO] - Length of data.x: 46
[2024-04-24 23:03:21,998][root][INFO] - Length of data.y: 46
[2024-04-24 23:04:02,960][root][INFO] - Eval Returns: [-403.61100417 -124.62221892 -128.02806683 -122.61973646 -338.74541834]
[2024-04-24 23:04:03,009][root][INFO] - Eval Returns: mean=-223.525 std=122.303
[2024-04-24 23:04:03,009][root][INFO] - Eval ndata: 46.000
[2024-04-24 23:04:03,009][root][INFO] - Model MSE (current real MPC): 0.036
[2024-04-24 23:04:03,626][root][INFO] - Model MSE (random test set): 0.000
[2024-04-24 23:04:03,626][root][INFO] - Model MSE (GT MPC): 0.000
[2024-04-24 23:04:03,626][root][INFO] - Model Likelihood (random test set): -1.846
[2024-04-24 23:04:03,627][root][INFO] - Model Likelihood (GT MPC): -1.841
[2024-04-24 23:04:03,627][root][INFO] - *[TIME] [Evaluate the current MPC policy] Elapsed: 41.52 seconds
[2024-04-24 23:04:06,786][root][INFO] - x: [-0.17311774  0.22817686  0.24732968]
[2024-04-24 23:04:06,787][root][INFO] - y: [ 0.02405672 -0.03923585]
[2024-04-24 23:04:06,787][root][INFO] - Reward: -0.44801104265924496
[2024-04-24 23:04:08,141][root][INFO] - --------------- Start iteration i=46 ---------------
[2024-04-24 23:04:08,141][root][INFO] - Length of data.x: 47
[2024-04-24 23:04:08,141][root][INFO] - Length of data.y: 47
[2024-04-24 23:04:08,249][root][INFO] - x: [-0.14906103  0.18894102  0.33662978]
[2024-04-24 23:04:08,250][root][INFO] - y: [ 0.02027629 -0.0296914 ]
[2024-04-24 23:04:08,250][root][INFO] - Reward: -0.32645251142341114
[2024-04-24 23:04:08,251][root][INFO] - --------------- Start iteration i=47 ---------------
[2024-04-24 23:04:08,251][root][INFO] - Length of data.x: 48
[2024-04-24 23:04:08,251][root][INFO] - Length of data.y: 48
[2024-04-24 23:04:08,356][root][INFO] - x: [-0.12878474  0.15924961  0.27085001]
[2024-04-24 23:04:08,357][root][INFO] - y: [ 0.01687076 -0.02674698]
[2024-04-24 23:04:08,357][root][INFO] - Reward: -0.23627212563676112
[2024-04-24 23:04:08,358][root][INFO] - --------------- Start iteration i=48 ---------------
[2024-04-24 23:04:08,358][root][INFO] - Length of data.x: 49
[2024-04-24 23:04:08,359][root][INFO] - Length of data.y: 49
[2024-04-24 23:04:08,471][root][INFO] - x: [-0.11191398  0.13250263  0.63600832]
[2024-04-24 23:04:08,472][root][INFO] - y: [ 0.01579663 -0.00843618]
[2024-04-24 23:04:08,472][root][INFO] - Reward: -0.191310714524787
[2024-04-24 23:04:08,473][root][INFO] - --------------- Start iteration i=49 ---------------
[2024-04-24 23:04:08,473][root][INFO] - Length of data.x: 50
[2024-04-24 23:04:08,474][root][INFO] - Length of data.y: 50
[2024-04-24 23:04:08,590][root][INFO] - x: [-0.09611735  0.12406645  0.67438356]
[2024-04-24 23:04:08,590][root][INFO] - y: [ 0.0154667  -0.00259127]
[2024-04-24 23:04:08,590][root][INFO] - Reward: -0.16045609938313177
[2024-04-24 23:04:08,592][root][INFO] - --------------- Start iteration i=50 ---------------
[2024-04-24 23:04:08,592][root][INFO] - Length of data.x: 51
[2024-04-24 23:04:08,592][root][INFO] - Length of data.y: 51
[2024-04-24 23:04:43,479][root][INFO] - Eval Returns: [-242.35378288 -118.62542939 -443.51029598 -120.9465622  -323.45813812]
[2024-04-24 23:04:43,523][root][INFO] - Eval Returns: mean=-249.779 std=123.947
[2024-04-24 23:04:43,523][root][INFO] - Eval ndata: 51.000
[2024-04-24 23:04:43,523][root][INFO] - Model MSE (current real MPC): 0.044
[2024-04-24 23:04:44,041][root][INFO] - Model MSE (random test set): 0.000
[2024-04-24 23:04:44,041][root][INFO] - Model MSE (GT MPC): 0.000
[2024-04-24 23:04:44,041][root][INFO] - Model Likelihood (random test set): -1.846
[2024-04-24 23:04:44,041][root][INFO] - Model Likelihood (GT MPC): -1.841
[2024-04-24 23:04:44,041][root][INFO] - *[TIME] [Evaluate the current MPC policy] Elapsed: 35.34 seconds
