[2024-04-24 23:39:01,671][root][INFO] - Dumper dumping to /tirl/experiments/mpc_pendulum_2024-04-24/23-38-55/seed_1
[2024-04-24 23:39:01,677][root][INFO] - Start obs: None
[2024-04-24 23:39:24,122][root][INFO] - GT Returns: [-239.68755975 -300.12963276 -114.74421679 -119.43106924 -117.64184079]
[2024-04-24 23:39:24,122][root][INFO] - GT Returns: mean=-178.327 std=77.195
[2024-04-24 23:39:24,122][root][INFO] - Path Lengths: [39420, 39420, 39420, 39420, 39420]
[2024-04-24 23:39:24,123][root][INFO] - Path Lengths: mean=39420.000 std=0.000
[2024-04-24 23:39:24,230][root][INFO] - all_x.shape = (197100, 3)
[2024-04-24 23:39:24,236][root][INFO] - all_x.min(axis=0) = [-0.99997771 -1.         -1.        ]
[2024-04-24 23:39:24,242][root][INFO] - all_x.max(axis=0) = [0.99983031 1.         1.        ]
[2024-04-24 23:39:24,246][root][INFO] - all_x.mean(axis=0) = [ 0.00990073 -0.00898267 -0.001262  ]
[2024-04-24 23:39:24,256][root][INFO] - all_x.var(axis=0) = [0.09986385 0.0960136  0.25623088]
[2024-04-24 23:39:24,329][root][INFO] - --------------- Start iteration i=0 ---------------
[2024-04-24 23:39:24,330][root][INFO] - Length of data.x: 1
[2024-04-24 23:39:24,330][root][INFO] - Length of data.y: 1
[2024-04-24 23:39:57,034][root][INFO] - Eval Returns: [-1209.29632656 -1492.12215905 -1496.7754882  -1349.6523108
 -1143.24690361]
[2024-04-24 23:39:57,098][root][INFO] - Eval Returns: mean=-1338.219 std=143.939
[2024-04-24 23:39:57,098][root][INFO] - Eval ndata: 1.000
[2024-04-24 23:39:57,098][root][INFO] - Model MSE (current real MPC): 0.213
[2024-04-24 23:39:57,616][root][INFO] - Model MSE (random test set): 0.016
[2024-04-24 23:39:57,616][root][INFO] - Model MSE (GT MPC): 0.012
[2024-04-24 23:39:57,616][root][INFO] - Model Likelihood (random test set): -1.907
[2024-04-24 23:39:57,616][root][INFO] - Model Likelihood (GT MPC): -1.925
[2024-04-24 23:39:57,616][root][INFO] - *[TIME] [Evaluate the current MPC policy] Elapsed: 33.17 seconds
[2024-04-24 23:39:59,713][root][INFO] - x: [-0.49159371 -0.04815193  1.        ]
[2024-04-24 23:39:59,713][root][INFO] - y: [-0.0132887  -0.05621731]
[2024-04-24 23:39:59,713][root][INFO] - Reward: -2.589538788175932
[2024-04-24 23:40:02,709][root][INFO] - --------------- Start iteration i=1 ---------------
[2024-04-24 23:40:02,709][root][INFO] - Length of data.x: 2
[2024-04-24 23:40:02,709][root][INFO] - Length of data.y: 2
[2024-04-24 23:40:02,805][root][INFO] - x: [-0.50488241 -0.10436924  1.        ]
[2024-04-24 23:40:02,806][root][INFO] - y: [-0.02044927 -0.05623897]
[2024-04-24 23:40:02,806][root][INFO] - Reward: -2.8928361963394544
[2024-04-24 23:40:02,806][root][INFO] - --------------- Start iteration i=2 ---------------
[2024-04-24 23:40:02,807][root][INFO] - Length of data.x: 3
[2024-04-24 23:40:02,807][root][INFO] - Length of data.y: 3
[2024-04-24 23:40:02,909][root][INFO] - x: [-0.52533168 -0.16060821  0.62558478]
[2024-04-24 23:40:02,909][root][INFO] - y: [-0.02936117 -0.06999386]
[2024-04-24 23:40:02,909][root][INFO] - Reward: -3.3786213036716473
[2024-04-24 23:40:02,910][root][INFO] - --------------- Start iteration i=3 ---------------
[2024-04-24 23:40:02,910][root][INFO] - Length of data.x: 4
[2024-04-24 23:40:02,910][root][INFO] - Length of data.y: 4
[2024-04-24 23:40:03,008][root][INFO] - x: [-0.55469285 -0.23060206  1.        ]
[2024-04-24 23:40:03,008][root][INFO] - y: [-0.03634737 -0.05486951]
[2024-04-24 23:40:03,008][root][INFO] - Reward: -3.9732964013221146
[2024-04-24 23:40:03,009][root][INFO] - --------------- Start iteration i=4 ---------------
[2024-04-24 23:40:03,009][root][INFO] - Length of data.x: 5
[2024-04-24 23:40:03,009][root][INFO] - Length of data.y: 5
[2024-04-24 23:40:03,109][root][INFO] - x: [-0.59104022 -0.28547157  1.        ]
[2024-04-24 23:40:03,110][root][INFO] - y: [-0.04302444 -0.05244158]
[2024-04-24 23:40:03,110][root][INFO] - Reward: -4.702742004711624
[2024-04-24 23:40:03,111][root][INFO] - --------------- Start iteration i=5 ---------------
[2024-04-24 23:40:03,111][root][INFO] - Length of data.x: 6
[2024-04-24 23:40:03,111][root][INFO] - Length of data.y: 6
[2024-04-24 23:40:26,635][root][INFO] - Eval Returns: [-1560.20414157  -950.25216358 -1528.52503253 -1613.49394175
 -1543.18907077]
[2024-04-24 23:40:26,678][root][INFO] - Eval Returns: mean=-1439.133 std=246.123
[2024-04-24 23:40:26,679][root][INFO] - Eval ndata: 6.000
[2024-04-24 23:40:26,679][root][INFO] - Model MSE (current real MPC): 0.154
[2024-04-24 23:40:27,156][root][INFO] - Model MSE (random test set): 0.015
[2024-04-24 23:40:27,156][root][INFO] - Model MSE (GT MPC): 0.010
[2024-04-24 23:40:27,156][root][INFO] - Model Likelihood (random test set): -1.926
[2024-04-24 23:40:27,156][root][INFO] - Model Likelihood (GT MPC): -1.934
[2024-04-24 23:40:27,156][root][INFO] - *[TIME] [Evaluate the current MPC policy] Elapsed: 23.94 seconds
[2024-04-24 23:40:30,691][root][INFO] - x: [-0.63406466 -0.33791315  1.        ]
[2024-04-24 23:40:30,691][root][INFO] - y: [-0.04914325 -0.04805705]
[2024-04-24 23:40:30,691][root][INFO] - Reward: -5.564292704623365
[2024-04-24 23:40:31,819][root][INFO] - --------------- Start iteration i=6 ---------------
[2024-04-24 23:40:31,819][root][INFO] - Length of data.x: 7
[2024-04-24 23:40:31,819][root][INFO] - Length of data.y: 7
[2024-04-24 23:40:31,927][root][INFO] - x: [-0.68320791 -0.3859702   0.72533514]
[2024-04-24 23:40:31,928][root][INFO] - y: [-0.05569348 -0.05144541]
[2024-04-24 23:40:31,928][root][INFO] - Reward: -6.615192061212918
[2024-04-24 23:40:31,929][root][INFO] - --------------- Start iteration i=7 ---------------
[2024-04-24 23:40:31,929][root][INFO] - Length of data.x: 8
[2024-04-24 23:40:31,929][root][INFO] - Length of data.y: 8
[2024-04-24 23:40:32,031][root][INFO] - x: [-0.73890139 -0.43741561  0.86846103]
[2024-04-24 23:40:32,031][root][INFO] - y: [-0.06027646 -0.03599461]
[2024-04-24 23:40:32,031][root][INFO] - Reward: -7.740938117656898
[2024-04-24 23:40:32,032][root][INFO] - --------------- Start iteration i=8 ---------------
[2024-04-24 23:40:32,032][root][INFO] - Length of data.x: 9
[2024-04-24 23:40:32,032][root][INFO] - Length of data.y: 9
[2024-04-24 23:40:32,134][root][INFO] - x: [-0.79917785 -0.47341021  1.        ]
[2024-04-24 23:40:32,134][root][INFO] - y: [-0.0625429  -0.01780058]
[2024-04-24 23:40:32,134][root][INFO] - Reward: -8.877043426533563
[2024-04-24 23:40:32,135][root][INFO] - --------------- Start iteration i=9 ---------------
[2024-04-24 23:40:32,135][root][INFO] - Length of data.x: 10
[2024-04-24 23:40:32,135][root][INFO] - Length of data.y: 10
[2024-04-24 23:40:32,241][root][INFO] - x: [-0.86172075 -0.49121079  1.        ]
[2024-04-24 23:40:32,241][root][INFO] - y: [-0.06279215 -0.00195765]
[2024-04-24 23:40:32,241][root][INFO] - Reward: -9.996365991744662
[2024-04-24 23:40:32,242][root][INFO] - --------------- Start iteration i=10 ---------------
[2024-04-24 23:40:32,242][root][INFO] - Length of data.x: 11
[2024-04-24 23:40:32,242][root][INFO] - Length of data.y: 11
[2024-04-24 23:41:01,168][root][INFO] - Eval Returns: [-1808.93335144  -116.36355508 -1810.82652501  -125.43876014
 -1738.39758304]
[2024-04-24 23:41:01,218][root][INFO] - Eval Returns: mean=-1119.992 std=816.177
[2024-04-24 23:41:01,219][root][INFO] - Eval ndata: 11.000
[2024-04-24 23:41:01,219][root][INFO] - Model MSE (current real MPC): 0.090
[2024-04-24 23:41:01,779][root][INFO] - Model MSE (random test set): 0.007
[2024-04-24 23:41:01,779][root][INFO] - Model MSE (GT MPC): 0.005
[2024-04-24 23:41:01,779][root][INFO] - Model Likelihood (random test set): -1.884
[2024-04-24 23:41:01,779][root][INFO] - Model Likelihood (GT MPC): -1.888
[2024-04-24 23:41:01,779][root][INFO] - *[TIME] [Evaluate the current MPC policy] Elapsed: 29.43 seconds
[2024-04-24 23:41:04,865][root][INFO] - x: [-0.9245129  -0.49316844  1.        ]
[2024-04-24 23:41:04,865][root][INFO] - y: [-0.06082181  0.01547503]
[2024-04-24 23:41:04,865][root][INFO] - Reward: -11.046668832511463
[2024-04-24 23:41:06,215][root][INFO] - --------------- Start iteration i=11 ---------------
[2024-04-24 23:41:06,215][root][INFO] - Length of data.x: 12
[2024-04-24 23:41:06,216][root][INFO] - Length of data.y: 12
[2024-04-24 23:41:06,566][root][INFO] - x: [-0.98533471 -0.47769341  0.95144925]
[2024-04-24 23:41:06,566][root][INFO] - y: [-0.05682873  0.0313616 ]
[2024-04-24 23:41:06,567][root][INFO] - Reward: -10.333456004734316
[2024-04-24 23:41:06,568][root][INFO] - --------------- Start iteration i=12 ---------------
[2024-04-24 23:41:06,568][root][INFO] - Length of data.x: 13
[2024-04-24 23:41:06,568][root][INFO] - Length of data.y: 13
[2024-04-24 23:41:06,666][root][INFO] - x: [ 0.95783656 -0.44633181  1.        ]
[2024-04-24 23:41:06,666][root][INFO] - y: [-0.05047757  0.04988187]
[2024-04-24 23:41:06,666][root][INFO] - Reward: -9.135553318225387
[2024-04-24 23:41:06,667][root][INFO] - --------------- Start iteration i=13 ---------------
[2024-04-24 23:41:06,667][root][INFO] - Length of data.x: 14
[2024-04-24 23:41:06,667][root][INFO] - Length of data.y: 14
[2024-04-24 23:41:06,767][root][INFO] - x: [ 0.90735898 -0.39644994 -0.97741871]
[2024-04-24 23:41:06,768][root][INFO] - y: [-0.0517192  -0.00975174]
[2024-04-24 23:41:06,768][root][INFO] - Reward: -8.285549740602013
[2024-04-24 23:41:06,769][root][INFO] - --------------- Start iteration i=14 ---------------
[2024-04-24 23:41:06,769][root][INFO] - Length of data.x: 15
[2024-04-24 23:41:06,769][root][INFO] - Length of data.y: 15
[2024-04-24 23:41:06,867][root][INFO] - x: [ 0.85563978 -0.40620169 -0.79331879]
[2024-04-24 23:41:06,867][root][INFO] - y: [-0.05027719  0.01132554]
[2024-04-24 23:41:06,868][root][INFO] - Reward: -7.40196491570169
[2024-04-24 23:41:06,869][root][INFO] - --------------- Start iteration i=15 ---------------
[2024-04-24 23:41:06,869][root][INFO] - Length of data.x: 16
[2024-04-24 23:41:06,869][root][INFO] - Length of data.y: 16
[2024-04-24 23:41:37,234][root][INFO] - Eval Returns: [-896.83049852 -910.52524445 -992.22039573 -988.60272595 -938.80635262]
[2024-04-24 23:41:37,280][root][INFO] - Eval Returns: mean=-945.397 std=39.185
[2024-04-24 23:41:37,280][root][INFO] - Eval ndata: 16.000
[2024-04-24 23:41:37,282][root][INFO] - Model MSE (current real MPC): 0.142
[2024-04-24 23:41:37,818][root][INFO] - Model MSE (random test set): 0.002
[2024-04-24 23:41:37,818][root][INFO] - Model MSE (GT MPC): 0.002
[2024-04-24 23:41:37,818][root][INFO] - Model Likelihood (random test set): -1.874
[2024-04-24 23:41:37,818][root][INFO] - Model Likelihood (GT MPC): -1.877
[2024-04-24 23:41:37,818][root][INFO] - *[TIME] [Evaluate the current MPC policy] Elapsed: 30.85 seconds
[2024-04-24 23:41:41,153][root][INFO] - x: [ 0.80536259 -0.39487615 -0.39355015]
[2024-04-24 23:41:41,153][root][INFO] - y: [-0.04530377  0.0390612 ]
[2024-04-24 23:41:41,153][root][INFO] - Reward: -6.5124532048103
