[2024-04-25 12:48:37,544][root][INFO] - Dumper dumping to /tirl/experiments/mpc_rustypendulum_2024-04-25/12-48-32/seed_3
[2024-04-25 12:48:37,549][root][INFO] - Start obs: None
[2024-04-25 12:49:04,443][root][INFO] - GT Returns: [-232.30672156   -1.26683788 -118.68752022 -342.85680935 -242.50115488]
[2024-04-25 12:49:04,443][root][INFO] - GT Returns: mean=-187.524 std=117.121
[2024-04-25 12:49:04,444][root][INFO] - Path Lengths: [39420, 39420, 39420, 39420, 39420]
[2024-04-25 12:49:04,444][root][INFO] - Path Lengths: mean=39420.000 std=0.000
[2024-04-25 12:49:04,550][root][INFO] - all_x.shape = (197100, 3)
[2024-04-25 12:49:04,556][root][INFO] - all_x.min(axis=0) = [-0.99998669 -1.         -1.        ]
[2024-04-25 12:49:04,562][root][INFO] - all_x.max(axis=0) = [0.99999281 1.         1.        ]
[2024-04-25 12:49:04,566][root][INFO] - all_x.mean(axis=0) = [-0.0088495  -0.00879547  0.02482224]
[2024-04-25 12:49:04,576][root][INFO] - all_x.var(axis=0) = [0.10605964 0.09493421 0.25478309]
[2024-04-25 12:49:04,658][root][INFO] - --------------- Start iteration i=0 ---------------
[2024-04-25 12:49:04,658][root][INFO] - Length of data.x: 1
[2024-04-25 12:49:04,659][root][INFO] - Length of data.y: 1
[2024-04-25 12:49:35,169][root][INFO] - Eval Returns: [-1563.29623303 -1539.91285918 -1181.13037228 -1421.14663316
 -1044.17868903]
[2024-04-25 12:49:35,220][root][INFO] - Eval Returns: mean=-1349.933 std=204.288
[2024-04-25 12:49:35,220][root][INFO] - Eval ndata: 1.000
[2024-04-25 12:49:35,221][root][INFO] - Model MSE (current real MPC): 0.191
[2024-04-25 12:49:35,768][root][INFO] - Model MSE (random test set): 0.013
[2024-04-25 12:49:35,769][root][INFO] - Model MSE (GT MPC): 0.007
[2024-04-25 12:49:35,769][root][INFO] - Model Likelihood (random test set): -1.897
[2024-04-25 12:49:35,769][root][INFO] - Model Likelihood (GT MPC): -1.889
[2024-04-25 12:49:35,769][root][INFO] - *[TIME] [Evaluate the current MPC policy] Elapsed: 31.00 seconds
[2024-04-25 12:49:37,381][root][INFO] - x: [-0.49564288  0.03156551  0.19914657]
[2024-04-25 12:49:37,382][root][INFO] - y: [-0.0069656  -0.08627322]
[2024-04-25 12:49:37,382][root][INFO] - Reward: -2.5125265387196807
[2024-04-25 12:49:40,049][root][INFO] - --------------- Start iteration i=1 ---------------
[2024-04-25 12:49:40,049][root][INFO] - Length of data.x: 2
[2024-04-25 12:49:40,049][root][INFO] - Length of data.y: 2
[2024-04-25 12:49:40,146][root][INFO] - x: [-0.50260849 -0.05470771 -1.        ]
[2024-04-25 12:49:40,147][root][INFO] - y: [-0.02367647 -0.13124685]
[2024-04-25 12:49:40,147][root][INFO] - Reward: -2.9589485134879814
[2024-04-25 12:49:40,148][root][INFO] - --------------- Start iteration i=2 ---------------
[2024-04-25 12:49:40,148][root][INFO] - Length of data.x: 3
[2024-04-25 12:49:40,148][root][INFO] - Length of data.y: 3
[2024-04-25 12:49:40,243][root][INFO] - x: [-0.52628496 -0.18595456  0.28649542]
[2024-04-25 12:49:40,243][root][INFO] - y: [-0.0342045  -0.08268697]
[2024-04-25 12:49:40,244][root][INFO] - Reward: -3.562726181929263
[2024-04-25 12:49:40,244][root][INFO] - --------------- Start iteration i=3 ---------------
[2024-04-25 12:49:40,244][root][INFO] - Length of data.x: 4
[2024-04-25 12:49:40,244][root][INFO] - Length of data.y: 4
[2024-04-25 12:49:40,337][root][INFO] - x: [-0.56048946 -0.26864153  0.94385526]
[2024-04-25 12:49:40,337][root][INFO] - y: [-0.04141966 -0.05666774]
[2024-04-25 12:49:40,338][root][INFO] - Reward: -4.25655506475019
[2024-04-25 12:49:40,338][root][INFO] - --------------- Start iteration i=4 ---------------
[2024-04-25 12:49:40,338][root][INFO] - Length of data.x: 5
[2024-04-25 12:49:40,338][root][INFO] - Length of data.y: 5
[2024-04-25 12:49:40,431][root][INFO] - x: [-0.60190912 -0.32530927  1.        ]
[2024-04-25 12:49:40,431][root][INFO] - y: [-0.04797509 -0.05148619]
[2024-04-25 12:49:40,431][root][INFO] - Reward: -5.081061339261441
[2024-04-25 12:49:40,432][root][INFO] - --------------- Start iteration i=5 ---------------
[2024-04-25 12:49:40,432][root][INFO] - Length of data.x: 6
[2024-04-25 12:49:40,432][root][INFO] - Length of data.y: 6
[2024-04-25 12:50:04,867][root][INFO] - Eval Returns: [-1316.1339836  -1820.88819426 -1744.35121021 -1077.20871465
 -1420.68449873]
[2024-04-25 12:50:04,904][root][INFO] - Eval Returns: mean=-1475.853 std=275.177
[2024-04-25 12:50:04,905][root][INFO] - Eval ndata: 6.000
[2024-04-25 12:50:04,905][root][INFO] - Model MSE (current real MPC): 0.160
[2024-04-25 12:50:05,388][root][INFO] - Model MSE (random test set): 0.005
[2024-04-25 12:50:05,389][root][INFO] - Model MSE (GT MPC): 0.002
[2024-04-25 12:50:05,389][root][INFO] - Model Likelihood (random test set): -1.874
[2024-04-25 12:50:05,389][root][INFO] - Model Likelihood (GT MPC): -1.856
[2024-04-25 12:50:05,389][root][INFO] - *[TIME] [Evaluate the current MPC policy] Elapsed: 24.86 seconds
[2024-04-25 12:50:09,944][root][INFO] - x: [-0.6498842  -0.37679546  1.        ]
[2024-04-25 12:50:09,944][root][INFO] - y: [-0.05383802 -0.04604734]
[2024-04-25 12:50:09,944][root][INFO] - Reward: -6.035969323382898
[2024-04-25 12:50:11,555][root][INFO] - --------------- Start iteration i=6 ---------------
[2024-04-25 12:50:11,555][root][INFO] - Length of data.x: 7
[2024-04-25 12:50:11,555][root][INFO] - Length of data.y: 7
[2024-04-25 12:50:11,653][root][INFO] - x: [-0.70372222 -0.42284279  0.95334584]
[2024-04-25 12:50:11,654][root][INFO] - y: [-0.05886035 -0.03944532]
[2024-04-25 12:50:11,654][root][INFO] - Reward: -7.110874222333415
[2024-04-25 12:50:11,655][root][INFO] - --------------- Start iteration i=7 ---------------
[2024-04-25 12:50:11,655][root][INFO] - Length of data.x: 8
[2024-04-25 12:50:11,655][root][INFO] - Length of data.y: 8
[2024-04-25 12:50:11,752][root][INFO] - x: [-0.76258257 -0.46228811  0.58089589]
[2024-04-25 12:50:11,753][root][INFO] - y: [-0.06418709 -0.04183611]
[2024-04-25 12:50:11,753][root][INFO] - Reward: -8.374203018430569
[2024-04-25 12:50:11,754][root][INFO] - --------------- Start iteration i=8 ---------------
[2024-04-25 12:50:11,754][root][INFO] - Length of data.x: 9
[2024-04-25 12:50:11,754][root][INFO] - Length of data.y: 9
[2024-04-25 12:50:11,853][root][INFO] - x: [-0.82676966 -0.50412422  0.7064383 ]
[2024-04-25 12:50:11,853][root][INFO] - y: [-0.06699428 -0.02204764]
[2024-04-25 12:50:11,853][root][INFO] - Reward: -9.657858313465628
[2024-04-25 12:50:11,854][root][INFO] - --------------- Start iteration i=9 ---------------
[2024-04-25 12:50:11,854][root][INFO] - Length of data.x: 10
[2024-04-25 12:50:11,854][root][INFO] - Length of data.y: 10
[2024-04-25 12:50:11,953][root][INFO] - x: [-0.89376394 -0.52617186  0.28776336]
[2024-04-25 12:50:11,953][root][INFO] - y: [-0.06953061 -0.01992032]
[2024-04-25 12:50:11,954][root][INFO] - Reward: -11.067283556363256
[2024-04-25 12:50:11,954][root][INFO] - --------------- Start iteration i=10 ---------------
[2024-04-25 12:50:11,955][root][INFO] - Length of data.x: 11
[2024-04-25 12:50:11,955][root][INFO] - Length of data.y: 11
[2024-04-25 12:50:36,156][root][INFO] - Eval Returns: [-1466.39771753 -1627.99102284  -416.79071646 -1289.27405809
 -1771.8243991 ]
[2024-04-25 12:50:36,194][root][INFO] - Eval Returns: mean=-1314.456 std=476.868
[2024-04-25 12:50:36,195][root][INFO] - Eval ndata: 11.000
[2024-04-25 12:50:36,195][root][INFO] - Model MSE (current real MPC): 0.210
[2024-04-25 12:50:36,656][root][INFO] - Model MSE (random test set): 0.006
[2024-04-25 12:50:36,656][root][INFO] - Model MSE (GT MPC): 0.002
[2024-04-25 12:50:36,656][root][INFO] - Model Likelihood (random test set): -1.882
[2024-04-25 12:50:36,656][root][INFO] - Model Likelihood (GT MPC): -1.859
[2024-04-25 12:50:36,656][root][INFO] - *[TIME] [Evaluate the current MPC policy] Elapsed: 24.60 seconds
[2024-04-25 12:50:39,920][root][INFO] - x: [-0.96329455 -0.54609218  0.24844193]
[2024-04-25 12:50:39,920][root][INFO] - y: [-0.0697178  -0.00147012]
[2024-04-25 12:50:39,920][root][INFO] - Reward: -11.147846889450014
[2024-04-25 12:50:41,509][root][INFO] - --------------- Start iteration i=11 ---------------
[2024-04-25 12:50:41,509][root][INFO] - Length of data.x: 12
[2024-04-25 12:50:41,509][root][INFO] - Length of data.y: 12
[2024-04-25 12:50:41,607][root][INFO] - x: [ 0.96698765 -0.54756231  0.52746343]
[2024-04-25 12:50:41,608][root][INFO] - y: [-0.06609473  0.02845551]
[2024-04-25 12:50:41,608][root][INFO] - Reward: -9.735983736893635
[2024-04-25 12:50:41,609][root][INFO] - --------------- Start iteration i=12 ---------------
[2024-04-25 12:50:41,609][root][INFO] - Length of data.x: 13
[2024-04-25 12:50:41,609][root][INFO] - Length of data.y: 13
[2024-04-25 12:50:41,707][root][INFO] - x: [ 0.90089292 -0.5191068  -1.        ]
[2024-04-25 12:50:41,708][root][INFO] - y: [-0.06482529  0.00997011]
[2024-04-25 12:50:41,708][root][INFO] - Reward: -8.561952555116294
[2024-04-25 12:50:41,709][root][INFO] - --------------- Start iteration i=13 ---------------
[2024-04-25 12:50:41,709][root][INFO] - Length of data.x: 14
[2024-04-25 12:50:41,709][root][INFO] - Length of data.y: 14
[2024-04-25 12:50:41,809][root][INFO] - x: [ 0.83606763 -0.50913669 -0.90577325]
[2024-04-25 12:50:41,809][root][INFO] - y: [-0.06133333  0.02742585]
[2024-04-25 12:50:41,809][root][INFO] - Reward: -7.412239381195901
[2024-04-25 12:50:41,810][root][INFO] - --------------- Start iteration i=14 ---------------
[2024-04-25 12:50:41,810][root][INFO] - Length of data.x: 15
[2024-04-25 12:50:41,810][root][INFO] - Length of data.y: 15
[2024-04-25 12:50:41,908][root][INFO] - x: [ 0.7747343  -0.48171084 -0.74483771]
[2024-04-25 12:50:41,909][root][INFO] - y: [-0.05596086  0.04219523]
[2024-04-25 12:50:41,909][root][INFO] - Reward: -6.33751840110434
[2024-04-25 12:50:41,910][root][INFO] - --------------- Start iteration i=15 ---------------
[2024-04-25 12:50:41,910][root][INFO] - Length of data.x: 16
[2024-04-25 12:50:41,910][root][INFO] - Length of data.y: 16
[2024-04-25 12:51:11,633][root][INFO] - Eval Returns: [-128.64106966 -115.34423159 -124.42087378 -126.41167402 -130.37100989]
[2024-04-25 12:51:11,675][root][INFO] - Eval Returns: mean=-125.038 std=5.247
[2024-04-25 12:51:11,675][root][INFO] - Eval ndata: 16.000
[2024-04-25 12:51:11,676][root][INFO] - Model MSE (current real MPC): 0.020
[2024-04-25 12:51:12,171][root][INFO] - Model MSE (random test set): 0.000
[2024-04-25 12:51:12,172][root][INFO] - Model MSE (GT MPC): 0.000
[2024-04-25 12:51:12,172][root][INFO] - Model Likelihood (random test set): -1.845
[2024-04-25 12:51:12,172][root][INFO] - Model Likelihood (GT MPC): -1.842
[2024-04-25 12:51:12,172][root][INFO] - *[TIME] [Evaluate the current MPC policy] Elapsed: 30.16 seconds
[2024-04-25 12:51:16,789][root][INFO] - x: [ 0.71877344 -0.43951561 -0.61512803]
[2024-04-25 12:51:16,789][root][INFO] - y: [-0.04912161  0.05371535]
[2024-04-25 12:51:16,789][root][INFO] - Reward: -5.379963451210831
[2024-04-25 12:51:18,989][root][INFO] - --------------- Start iteration i=16 ---------------
[2024-04-25 12:51:18,989][root][INFO] - Length of data.x: 17
[2024-04-25 12:51:18,989][root][INFO] - Length of data.y: 17
[2024-04-25 12:51:19,090][root][INFO] - x: [ 0.66965182 -0.38580026 -1.        ]
[2024-04-25 12:51:19,091][root][INFO] - y: [-0.04122795  0.06199671]
[2024-04-25 12:51:19,091][root][INFO] - Reward: -4.5727024444655076
[2024-04-25 12:51:19,092][root][INFO] - --------------- Start iteration i=17 ---------------
[2024-04-25 12:51:19,092][root][INFO] - Length of data.x: 18
[2024-04-25 12:51:19,092][root][INFO] - Length of data.y: 18
[2024-04-25 12:51:19,192][root][INFO] - x: [ 0.62842388 -0.32380355 -0.66016175]
[2024-04-25 12:51:19,192][root][INFO] - y: [-0.03263704  0.0674728 ]
[2024-04-25 12:51:19,192][root][INFO] - Reward: -3.92559238301396
[2024-04-25 12:51:19,193][root][INFO] - --------------- Start iteration i=18 ---------------
[2024-04-25 12:51:19,194][root][INFO] - Length of data.x: 19
[2024-04-25 12:51:19,194][root][INFO] - Length of data.y: 19
[2024-04-25 12:51:19,293][root][INFO] - x: [ 0.59578683 -0.25633075 -0.9528931 ]
[2024-04-25 12:51:19,293][root][INFO] - y: [-0.02362414  0.07078718]
[2024-04-25 12:51:19,294][root][INFO] - Reward: -3.454975115438938
[2024-04-25 12:51:19,295][root][INFO] - --------------- Start iteration i=19 ---------------
[2024-04-25 12:51:19,295][root][INFO] - Length of data.x: 20
[2024-04-25 12:51:19,295][root][INFO] - Length of data.y: 20
[2024-04-25 12:51:19,395][root][INFO] - x: [ 0.57216269 -0.18554357 -1.        ]
[2024-04-25 12:51:19,395][root][INFO] - y: [-0.01438028  0.07260113]
[2024-04-25 12:51:19,395][root][INFO] - Reward: -3.1562819302020735
[2024-04-25 12:51:19,396][root][INFO] - --------------- Start iteration i=20 ---------------
[2024-04-25 12:51:19,396][root][INFO] - Length of data.x: 21
[2024-04-25 12:51:19,396][root][INFO] - Length of data.y: 21
[2024-04-25 12:51:50,130][root][INFO] - Eval Returns: [-236.83912451 -358.83268703 -124.8895924    -1.51667406 -117.71650298]
[2024-04-25 12:51:50,174][root][INFO] - Eval Returns: mean=-167.959 std=121.045
[2024-04-25 12:51:50,175][root][INFO] - Eval ndata: 21.000
[2024-04-25 12:51:50,176][root][INFO] - Model MSE (current real MPC): 0.028
[2024-04-25 12:51:50,741][root][INFO] - Model MSE (random test set): 0.000
[2024-04-25 12:51:50,741][root][INFO] - Model MSE (GT MPC): 0.000
[2024-04-25 12:51:50,741][root][INFO] - Model Likelihood (random test set): -1.847
[2024-04-25 12:51:50,741][root][INFO] - Model Likelihood (GT MPC): -1.843
[2024-04-25 12:51:50,741][root][INFO] - *[TIME] [Evaluate the current MPC policy] Elapsed: 31.25 seconds
[2024-04-25 12:51:55,374][root][INFO] - x: [ 0.55778242 -0.11294244 -1.        ]
[2024-04-25 12:51:55,375][root][INFO] - y: [-0.00502711  0.07345958]
[2024-04-25 12:51:55,375][root][INFO] - Reward: -3.029520484039332
[2024-04-25 12:51:57,087][root][INFO] - --------------- Start iteration i=21 ---------------
[2024-04-25 12:51:57,087][root][INFO] - Length of data.x: 22
[2024-04-25 12:51:57,087][root][INFO] - Length of data.y: 22
[2024-04-25 12:51:57,189][root][INFO] - x: [ 0.5527553  -0.03948286 -0.56074057]
[2024-04-25 12:51:57,189][root][INFO] - y: [0.00435862 0.07371537]
[2024-04-25 12:51:57,190][root][INFO] - Reward: -3.072045381384413
[2024-04-25 12:51:57,191][root][INFO] - --------------- Start iteration i=22 ---------------
[2024-04-25 12:51:57,191][root][INFO] - Length of data.x: 23
[2024-04-25 12:51:57,191][root][INFO] - Length of data.y: 23
[2024-04-25 12:51:57,291][root][INFO] - x: [0.55711392 0.03423251 0.08528706]
[2024-04-25 12:51:57,292][root][INFO] - y: [0.01651082 0.09544318]
[2024-04-25 12:51:57,292][root][INFO] - Reward: -3.355197692937276
[2024-04-25 12:51:57,293][root][INFO] - --------------- Start iteration i=23 ---------------
[2024-04-25 12:51:57,293][root][INFO] - Length of data.x: 24
[2024-04-25 12:51:57,293][root][INFO] - Length of data.y: 24
[2024-04-25 12:51:57,394][root][INFO] - x: [0.57362474 0.12967569 0.43831597]
[2024-04-25 12:51:57,395][root][INFO] - y: [0.03022237 0.10769023]
[2024-04-25 12:51:57,395][root][INFO] - Reward: -3.960128220121766
[2024-04-25 12:51:57,396][root][INFO] - --------------- Start iteration i=24 ---------------
[2024-04-25 12:51:57,396][root][INFO] - Length of data.x: 25
[2024-04-25 12:51:57,396][root][INFO] - Length of data.y: 25
[2024-04-25 12:51:57,499][root][INFO] - x: [0.60384711 0.23736593 1.        ]
[2024-04-25 12:51:57,499][root][INFO] - y: [0.04391668 0.10755491]
[2024-04-25 12:51:57,500][root][INFO] - Reward: -4.906676265034124
[2024-04-25 12:51:57,501][root][INFO] - --------------- Start iteration i=25 ---------------
[2024-04-25 12:51:57,501][root][INFO] - Length of data.x: 26
[2024-04-25 12:51:57,501][root][INFO] - Length of data.y: 26
[2024-04-25 12:52:25,925][root][INFO] - Eval Returns: [-118.48386951 -333.58003169 -359.66927557 -123.37463595 -227.55602092]
[2024-04-25 12:52:25,963][root][INFO] - Eval Returns: mean=-232.533 std=101.313
[2024-04-25 12:52:25,964][root][INFO] - Eval ndata: 26.000
[2024-04-25 12:52:25,964][root][INFO] - Model MSE (current real MPC): 0.040
[2024-04-25 12:52:26,431][root][INFO] - Model MSE (random test set): 0.000
[2024-04-25 12:52:26,432][root][INFO] - Model MSE (GT MPC): 0.000
[2024-04-25 12:52:26,432][root][INFO] - Model Likelihood (random test set): -1.848
[2024-04-25 12:52:26,432][root][INFO] - Model Likelihood (GT MPC): -1.842
[2024-04-25 12:52:26,432][root][INFO] - *[TIME] [Evaluate the current MPC policy] Elapsed: 28.83 seconds
[2024-04-25 12:52:30,617][root][INFO] - x: [0.64776379 0.34492083 1.        ]
[2024-04-25 12:52:30,618][root][INFO] - y: [0.05697742 0.1025788 ]
[2024-04-25 12:52:30,618][root][INFO] - Reward: -6.187477675112143
[2024-04-25 12:52:32,686][root][INFO] - --------------- Start iteration i=26 ---------------
[2024-04-25 12:52:32,686][root][INFO] - Length of data.x: 27
[2024-04-25 12:52:32,686][root][INFO] - Length of data.y: 27
[2024-04-25 12:52:32,790][root][INFO] - x: [0.70474121 0.44749963 0.51710147]
[2024-04-25 12:52:32,791][root][INFO] - y: [0.0689161  0.09376617]
[2024-04-25 12:52:32,791][root][INFO] - Reward: -7.783478113256649
[2024-04-25 12:52:32,792][root][INFO] - --------------- Start iteration i=27 ---------------
[2024-04-25 12:52:32,793][root][INFO] - Length of data.x: 28
[2024-04-25 12:52:32,793][root][INFO] - Length of data.y: 28
[2024-04-25 12:52:32,897][root][INFO] - x: [0.77365732 0.54126581 0.81444765]
[2024-04-25 12:52:32,898][root][INFO] - y: [0.07909386 0.07993591]
[2024-04-25 12:52:32,898][root][INFO] - Reward: -9.649383735146987
[2024-04-25 12:52:32,899][root][INFO] - --------------- Start iteration i=28 ---------------
[2024-04-25 12:52:32,899][root][INFO] - Length of data.x: 29
[2024-04-25 12:52:32,899][root][INFO] - Length of data.y: 29
[2024-04-25 12:52:33,004][root][INFO] - x: [0.85275117 0.62120172 0.70795006]
[2024-04-25 12:52:33,004][root][INFO] - y: [0.08680817 0.06058805]
[2024-04-25 12:52:33,004][root][INFO] - Reward: -11.689571888101371
[2024-04-25 12:52:33,006][root][INFO] - --------------- Start iteration i=29 ---------------
[2024-04-25 12:52:33,006][root][INFO] - Length of data.x: 30
[2024-04-25 12:52:33,006][root][INFO] - Length of data.y: 30
[2024-04-25 12:52:33,111][root][INFO] - x: [0.93955934 0.68178977 0.93904951]
[2024-04-25 12:52:33,111][root][INFO] - y: [0.09144842 0.03644446]
[2024-04-25 12:52:33,111][root][INFO] - Reward: -12.57205957850787
[2024-04-25 12:52:33,113][root][INFO] - --------------- Start iteration i=30 ---------------
[2024-04-25 12:52:33,113][root][INFO] - Length of data.x: 31
[2024-04-25 12:52:33,113][root][INFO] - Length of data.y: 31
[2024-04-25 12:53:03,012][root][INFO] - Eval Returns: [-658.00520437   -1.40373605 -116.81906709 -123.33283075 -126.24959915]
[2024-04-25 12:53:03,051][root][INFO] - Eval Returns: mean=-205.162 std=231.219
[2024-04-25 12:53:03,052][root][INFO] - Eval ndata: 31.000
[2024-04-25 12:53:03,052][root][INFO] - Model MSE (current real MPC): 0.032
[2024-04-25 12:53:03,528][root][INFO] - Model MSE (random test set): 0.000
[2024-04-25 12:53:03,528][root][INFO] - Model MSE (GT MPC): 0.000
[2024-04-25 12:53:03,528][root][INFO] - Model Likelihood (random test set): -1.849
[2024-04-25 12:53:03,528][root][INFO] - Model Likelihood (GT MPC): -1.843
[2024-04-25 12:53:03,528][root][INFO] - *[TIME] [Evaluate the current MPC policy] Elapsed: 30.31 seconds
[2024-04-25 12:53:07,749][root][INFO] - x: [-0.96899224  0.71823423  0.64287617]
[2024-04-25 12:53:07,750][root][INFO] - y: [0.09335698 0.01498976]
[2024-04-25 12:53:07,750][root][INFO] - Reward: -11.00979710151883
[2024-04-25 12:53:09,688][root][INFO] - --------------- Start iteration i=31 ---------------
[2024-04-25 12:53:09,688][root][INFO] - Length of data.x: 32
[2024-04-25 12:53:09,688][root][INFO] - Length of data.y: 32
[2024-04-25 12:53:09,793][root][INFO] - x: [-0.87563526  0.73322399  0.75761555]
[2024-04-25 12:53:09,793][root][INFO] - y: [ 0.0924284  -0.00729305]
[2024-04-25 12:53:09,794][root][INFO] - Reward: -9.429084574717255
[2024-04-25 12:53:09,795][root][INFO] - --------------- Start iteration i=32 ---------------
[2024-04-25 12:53:09,795][root][INFO] - Length of data.x: 33
[2024-04-25 12:53:09,795][root][INFO] - Length of data.y: 33
[2024-04-25 12:53:09,900][root][INFO] - x: [-0.78320687  0.72593094  0.7759766 ]
[2024-04-25 12:53:09,901][root][INFO] - y: [ 0.08861777 -0.0299286 ]
[2024-04-25 12:53:09,901][root][INFO] - Reward: -7.864322382258573
[2024-04-25 12:53:09,902][root][INFO] - --------------- Start iteration i=33 ---------------
[2024-04-25 12:53:09,902][root][INFO] - Length of data.x: 34
[2024-04-25 12:53:09,902][root][INFO] - Length of data.y: 34
[2024-04-25 12:53:10,014][root][INFO] - x: [-0.6945891   0.69600234  0.90763405]
[2024-04-25 12:53:10,014][root][INFO] - y: [ 0.08317661 -0.04273478]
[2024-04-25 12:53:10,014][root][INFO] - Reward: -6.424057061883055
[2024-04-25 12:53:10,016][root][INFO] - --------------- Start iteration i=34 ---------------
[2024-04-25 12:53:10,016][root][INFO] - Length of data.x: 35
[2024-04-25 12:53:10,016][root][INFO] - Length of data.y: 35
[2024-04-25 12:53:10,130][root][INFO] - x: [-0.6114125   0.65326756  0.94202092]
[2024-04-25 12:53:10,130][root][INFO] - y: [ 0.07646154 -0.05274   ]
[2024-04-25 12:53:10,130][root][INFO] - Reward: -5.136012814680015
[2024-04-25 12:53:10,132][root][INFO] - --------------- Start iteration i=35 ---------------
[2024-04-25 12:53:10,132][root][INFO] - Length of data.x: 36
[2024-04-25 12:53:10,132][root][INFO] - Length of data.y: 36
[2024-04-25 12:53:37,837][root][INFO] - Eval Returns: [-118.84214104 -347.29084223 -509.18486501 -498.96772485 -126.75975601]
[2024-04-25 12:53:37,880][root][INFO] - Eval Returns: mean=-320.209 std=171.097
[2024-04-25 12:53:37,880][root][INFO] - Eval ndata: 36.000
[2024-04-25 12:53:37,881][root][INFO] - Model MSE (current real MPC): 0.052
[2024-04-25 12:53:38,380][root][INFO] - Model MSE (random test set): 0.000
[2024-04-25 12:53:38,380][root][INFO] - Model MSE (GT MPC): 0.000
[2024-04-25 12:53:38,380][root][INFO] - Model Likelihood (random test set): -1.846
[2024-04-25 12:53:38,380][root][INFO] - Model Likelihood (GT MPC): -1.841
[2024-04-25 12:53:38,380][root][INFO] - *[TIME] [Evaluate the current MPC policy] Elapsed: 28.14 seconds
[2024-04-25 12:53:41,734][root][INFO] - x: [-0.53495095  0.60052756  0.70451982]
[2024-04-25 12:53:41,734][root][INFO] - y: [ 0.06796064 -0.06676593]
[2024-04-25 12:53:41,734][root][INFO] - Reward: -3.97771784594916
[2024-04-25 12:53:43,708][root][INFO] - --------------- Start iteration i=36 ---------------
[2024-04-25 12:53:43,708][root][INFO] - Length of data.x: 37
[2024-04-25 12:53:43,708][root][INFO] - Length of data.y: 37
[2024-04-25 12:53:43,813][root][INFO] - x: [-0.46699031  0.53376163  0.85539518]
[2024-04-25 12:53:43,814][root][INFO] - y: [ 0.06017236 -0.06116902]
[2024-04-25 12:53:43,814][root][INFO] - Reward: -3.0657549473161647
[2024-04-25 12:53:43,815][root][INFO] - --------------- Start iteration i=37 ---------------
[2024-04-25 12:53:43,815][root][INFO] - Length of data.x: 38
[2024-04-25 12:53:43,815][root][INFO] - Length of data.y: 38
[2024-04-25 12:53:43,920][root][INFO] - x: [-0.40681796  0.47259261  0.75800839]
[2024-04-25 12:53:43,921][root][INFO] - y: [ 0.05236278 -0.06133626]
[2024-04-25 12:53:43,921][root][INFO] - Reward: -2.3247437897009178
[2024-04-25 12:53:43,922][root][INFO] - --------------- Start iteration i=38 ---------------
[2024-04-25 12:53:43,922][root][INFO] - Length of data.x: 39
[2024-04-25 12:53:43,922][root][INFO] - Length of data.y: 39
[2024-04-25 12:53:44,027][root][INFO] - x: [-0.35445517  0.41125635  0.67989059]
[2024-04-25 12:53:44,028][root][INFO] - y: [ 0.04489861 -0.05862347]
[2024-04-25 12:53:44,028][root][INFO] - Reward: -1.7434461706669895
[2024-04-25 12:53:44,030][root][INFO] - --------------- Start iteration i=39 ---------------
[2024-04-25 12:53:44,030][root][INFO] - Length of data.x: 40
[2024-04-25 12:53:44,030][root][INFO] - Length of data.y: 40
[2024-04-25 12:53:44,135][root][INFO] - x: [-0.30955656  0.35263288  0.76019766]
[2024-04-25 12:53:44,135][root][INFO] - y: [ 0.0386651  -0.04895791]
[2024-04-25 12:53:44,136][root][INFO] - Reward: -1.316763103054742
[2024-04-25 12:53:44,137][root][INFO] - --------------- Start iteration i=40 ---------------
[2024-04-25 12:53:44,137][root][INFO] - Length of data.x: 41
[2024-04-25 12:53:44,137][root][INFO] - Length of data.y: 41
[2024-04-25 12:54:14,787][root][INFO] - Eval Returns: [-231.76233665 -229.41709923   -1.36386884 -237.18109312 -229.7930722 ]
[2024-04-25 12:54:14,829][root][INFO] - Eval Returns: mean=-185.903 std=92.311
[2024-04-25 12:54:14,829][root][INFO] - Eval ndata: 41.000
[2024-04-25 12:54:14,829][root][INFO] - Model MSE (current real MPC): 0.032
[2024-04-25 12:54:15,326][root][INFO] - Model MSE (random test set): 0.000
[2024-04-25 12:54:15,326][root][INFO] - Model MSE (GT MPC): 0.000
[2024-04-25 12:54:15,326][root][INFO] - Model Likelihood (random test set): -1.846
[2024-04-25 12:54:15,326][root][INFO] - Model Likelihood (GT MPC): -1.841
[2024-04-25 12:54:15,326][root][INFO] - *[TIME] [Evaluate the current MPC policy] Elapsed: 31.08 seconds
[2024-04-25 12:54:18,910][root][INFO] - x: [-0.27089146  0.30367497  0.8017816 ]
[2024-04-25 12:54:18,910][root][INFO] - y: [ 0.03351746 -0.04042946]
[2024-04-25 12:54:18,910][root][INFO] - Reward: -1.0021967762325399
[2024-04-25 12:54:20,915][root][INFO] - --------------- Start iteration i=41 ---------------
[2024-04-25 12:54:20,915][root][INFO] - Length of data.x: 42
[2024-04-25 12:54:20,915][root][INFO] - Length of data.y: 42
[2024-04-25 12:54:21,021][root][INFO] - x: [-0.23737401  0.26324551  0.9438325 ]
[2024-04-25 12:54:21,022][root][INFO] - y: [ 0.02992481 -0.0282166 ]
[2024-04-25 12:54:21,022][root][INFO] - Reward: -0.7818303674476458
[2024-04-25 12:54:21,023][root][INFO] - --------------- Start iteration i=42 ---------------
[2024-04-25 12:54:21,023][root][INFO] - Length of data.x: 43
[2024-04-25 12:54:21,023][root][INFO] - Length of data.y: 43
[2024-04-25 12:54:21,127][root][INFO] - x: [-0.2074492   0.23502891  0.68387036]
[2024-04-25 12:54:21,127][root][INFO] - y: [ 0.02594983 -0.03121944]
[2024-04-25 12:54:21,127][root][INFO] - Reward: -0.5928405767560179
[2024-04-25 12:54:21,129][root][INFO] - --------------- Start iteration i=43 ---------------
[2024-04-25 12:54:21,129][root][INFO] - Length of data.x: 44
[2024-04-25 12:54:21,129][root][INFO] - Length of data.y: 44
[2024-04-25 12:54:21,234][root][INFO] - x: [-0.18149937  0.20380947  0.51440879]
[2024-04-25 12:54:21,234][root][INFO] - y: [ 0.02196258 -0.03131573]
[2024-04-25 12:54:21,234][root][INFO] - Reward: -0.44268569197317686
[2024-04-25 12:54:21,236][root][INFO] - --------------- Start iteration i=44 ---------------
[2024-04-25 12:54:21,236][root][INFO] - Length of data.x: 45
[2024-04-25 12:54:21,236][root][INFO] - Length of data.y: 45
[2024-04-25 12:54:21,341][root][INFO] - x: [-0.15953678  0.17249374  1.        ]
[2024-04-25 12:54:21,341][root][INFO] - y: [ 0.02100195 -0.00754481]
[2024-04-25 12:54:21,341][root][INFO] - Reward: -0.3675486420032321
[2024-04-25 12:54:21,343][root][INFO] - --------------- Start iteration i=45 ---------------
[2024-04-25 12:54:21,343][root][INFO] - Length of data.x: 46
[2024-04-25 12:54:21,343][root][INFO] - Length of data.y: 46
[2024-04-25 12:54:59,715][root][INFO] - Eval Returns: [-123.52733215 -117.29839141   -0.95214043 -229.26247025 -238.79703105]
[2024-04-25 12:54:59,760][root][INFO] - Eval Returns: mean=-141.967 std=86.983
[2024-04-25 12:54:59,760][root][INFO] - Eval ndata: 46.000
[2024-04-25 12:54:59,762][root][INFO] - Model MSE (current real MPC): 0.024
[2024-04-25 12:55:00,287][root][INFO] - Model MSE (random test set): 0.000
[2024-04-25 12:55:00,287][root][INFO] - Model MSE (GT MPC): 0.000
[2024-04-25 12:55:00,288][root][INFO] - Model Likelihood (random test set): -1.846
[2024-04-25 12:55:00,288][root][INFO] - Model Likelihood (GT MPC): -1.841
[2024-04-25 12:55:00,288][root][INFO] - *[TIME] [Evaluate the current MPC policy] Elapsed: 38.84 seconds
[2024-04-25 12:55:04,907][root][INFO] - x: [-0.13853483  0.16494894  0.52815841]
[2024-04-25 12:55:04,907][root][INFO] - y: [ 0.01849112 -0.01971999]
[2024-04-25 12:55:04,907][root][INFO] - Reward: -0.27832693118333807
[2024-04-25 12:55:06,996][root][INFO] - --------------- Start iteration i=46 ---------------
[2024-04-25 12:55:06,996][root][INFO] - Length of data.x: 47
[2024-04-25 12:55:06,996][root][INFO] - Length of data.y: 47
[2024-04-25 12:55:07,118][root][INFO] - x: [-0.12004371  0.14522895 -0.12829707]
[2024-04-25 12:55:07,119][root][INFO] - y: [ 0.01348286 -0.03933479]
[2024-04-25 12:55:07,120][root][INFO] - Reward: -0.1839041854985467
[2024-04-25 12:55:07,121][root][INFO] - --------------- Start iteration i=47 ---------------
[2024-04-25 12:55:07,121][root][INFO] - Length of data.x: 48
[2024-04-25 12:55:07,122][root][INFO] - Length of data.y: 48
[2024-04-25 12:55:07,244][root][INFO] - x: [-0.10656085  0.10589416  0.755808  ]
[2024-04-25 12:55:07,244][root][INFO] - y: [ 0.01316977 -0.00245901]
[2024-04-25 12:55:07,245][root][INFO] - Reward: -0.1568391286367401
[2024-04-25 12:55:07,246][root][INFO] - --------------- Start iteration i=48 ---------------
[2024-04-25 12:55:07,247][root][INFO] - Length of data.x: 49
[2024-04-25 12:55:07,247][root][INFO] - Length of data.y: 49
[2024-04-25 12:55:07,369][root][INFO] - x: [-0.09339108  0.10343514  0.08608935]
[2024-04-25 12:55:07,370][root][INFO] - y: [ 0.01012868 -0.02388466]
[2024-04-25 12:55:07,370][root][INFO] - Reward: -0.1089529165100986
[2024-04-25 12:55:07,372][root][INFO] - --------------- Start iteration i=49 ---------------
[2024-04-25 12:55:07,372][root][INFO] - Length of data.x: 50
[2024-04-25 12:55:07,372][root][INFO] - Length of data.y: 50
[2024-04-25 12:55:07,494][root][INFO] - x: [-0.0832624   0.07955048  0.24414855]
[2024-04-25 12:55:07,495][root][INFO] - y: [ 0.00820755 -0.01508853]
[2024-04-25 12:55:07,495][root][INFO] - Reward: -0.08243038042568981
[2024-04-25 12:55:07,497][root][INFO] - --------------- Start iteration i=50 ---------------
[2024-04-25 12:55:07,497][root][INFO] - Length of data.x: 51
[2024-04-25 12:55:07,497][root][INFO] - Length of data.y: 51
[2024-04-25 12:55:41,407][root][INFO] - Eval Returns: [-228.79069251 -126.32495043 -236.37589551 -236.33679001 -123.96329032]
[2024-04-25 12:55:41,461][root][INFO] - Eval Returns: mean=-190.358 std=53.324
[2024-04-25 12:55:41,462][root][INFO] - Eval ndata: 51.000
[2024-04-25 12:55:41,462][root][INFO] - Model MSE (current real MPC): 0.032
[2024-04-25 12:55:41,982][root][INFO] - Model MSE (random test set): 0.000
[2024-04-25 12:55:41,983][root][INFO] - Model MSE (GT MPC): 0.000
[2024-04-25 12:55:41,983][root][INFO] - Model Likelihood (random test set): -1.846
[2024-04-25 12:55:41,983][root][INFO] - Model Likelihood (GT MPC): -1.841
[2024-04-25 12:55:41,983][root][INFO] - *[TIME] [Evaluate the current MPC policy] Elapsed: 34.36 seconds
[2024-04-25 12:55:46,427][root][INFO] - x: [-0.07505485  0.06446195  0.7557573 ]
[2024-04-25 12:55:46,427][root][INFO] - y: [0.00902748 0.00643969]
[2024-04-25 12:55:46,427][root][INFO] - Reward: -0.07748540815415159
[2024-04-25 12:55:48,471][root][INFO] - --------------- Start iteration i=51 ---------------
[2024-04-25 12:55:48,471][root][INFO] - Length of data.x: 52
[2024-04-25 12:55:48,471][root][INFO] - Length of data.y: 52
[2024-04-25 12:55:48,581][root][INFO] - x: [-0.06602737  0.07090164  0.03454841]
[2024-04-25 12:55:48,581][root][INFO] - y: [ 0.00673412 -0.01801194]
[2024-04-25 12:55:48,582][root][INFO] - Reward: -0.05260608007600043
[2024-04-25 12:55:48,583][root][INFO] - --------------- Start iteration i=52 ---------------
[2024-04-25 12:55:48,583][root][INFO] - Length of data.x: 53
[2024-04-25 12:55:48,583][root][INFO] - Length of data.y: 53
[2024-04-25 12:55:48,696][root][INFO] - x: [-0.05929324  0.05288969  0.33906147]
[2024-04-25 12:55:48,697][root][INFO] - y: [ 0.00614236 -0.00464768]
[2024-04-25 12:55:48,697][root][INFO] - Reward: -0.04323631123546413
[2024-04-25 12:55:48,699][root][INFO] - --------------- Start iteration i=53 ---------------
[2024-04-25 12:55:48,699][root][INFO] - Length of data.x: 54
[2024-04-25 12:55:48,699][root][INFO] - Length of data.y: 54
[2024-04-25 12:55:48,812][root][INFO] - x: [-0.05315088  0.04824201  0.42840045]
[2024-04-25 12:55:48,813][root][INFO] - y: [0.00620392 0.00048343]
[2024-04-25 12:55:48,813][root][INFO] - Reward: -0.03768157162738562
[2024-04-25 12:55:48,815][root][INFO] - --------------- Start iteration i=54 ---------------
[2024-04-25 12:55:48,815][root][INFO] - Length of data.x: 55
[2024-04-25 12:55:48,815][root][INFO] - Length of data.y: 55
[2024-04-25 12:55:48,929][root][INFO] - x: [-0.04694696  0.04872545  0.0357583 ]
[2024-04-25 12:55:48,929][root][INFO] - y: [ 0.00462051 -0.01243601]
[2024-04-25 12:55:48,929][root][INFO] - Reward: -0.026115099577391596
[2024-04-25 12:55:48,931][root][INFO] - --------------- Start iteration i=55 ---------------
[2024-04-25 12:55:48,931][root][INFO] - Length of data.x: 56
[2024-04-25 12:55:48,931][root][INFO] - Length of data.y: 56
[2024-04-25 12:56:21,216][root][INFO] - Eval Returns: [-121.0972249  -349.86927566 -115.04813421 -233.66817495 -342.49706133]
[2024-04-25 12:56:21,260][root][INFO] - Eval Returns: mean=-232.436 std=102.061
[2024-04-25 12:56:21,261][root][INFO] - Eval ndata: 56.000
[2024-04-25 12:56:21,262][root][INFO] - Model MSE (current real MPC): 0.040
[2024-04-25 12:56:21,780][root][INFO] - Model MSE (random test set): 0.000
[2024-04-25 12:56:21,780][root][INFO] - Model MSE (GT MPC): 0.000
[2024-04-25 12:56:21,780][root][INFO] - Model Likelihood (random test set): -1.846
[2024-04-25 12:56:21,780][root][INFO] - Model Likelihood (GT MPC): -1.841
[2024-04-25 12:56:21,780][root][INFO] - *[TIME] [Evaluate the current MPC policy] Elapsed: 32.73 seconds
[2024-04-25 12:56:25,029][root][INFO] - x: [-0.04232645  0.03628943  0.21410459]
[2024-04-25 12:56:25,029][root][INFO] - y: [ 0.00406022 -0.00440054]
[2024-04-25 12:56:25,029][root][INFO] - Reward: -0.02114363825832744
[2024-04-25 12:56:26,420][root][INFO] - --------------- Start iteration i=56 ---------------
[2024-04-25 12:56:26,420][root][INFO] - Length of data.x: 57
[2024-04-25 12:56:26,420][root][INFO] - Length of data.y: 57
[2024-04-25 12:56:26,532][root][INFO] - x: [-0.03826623  0.03188889 -0.16600476]
[2024-04-25 12:56:26,533][root][INFO] - y: [ 0.00183608 -0.01746839]
[2024-04-25 12:56:26,534][root][INFO] - Reward: -0.014539623519067972
[2024-04-25 12:56:26,535][root][INFO] - --------------- Start iteration i=57 ---------------
[2024-04-25 12:56:26,535][root][INFO] - Length of data.x: 58
[2024-04-25 12:56:26,535][root][INFO] - Length of data.y: 58
[2024-04-25 12:56:26,651][root][INFO] - x: [-0.03643015  0.01442051  0.26001913]
[2024-04-25 12:56:26,651][root][INFO] - y: [ 0.00171443 -0.00095544]
[2024-04-25 12:56:26,652][root][INFO] - Reward: -0.013325479532627558
[2024-04-25 12:56:26,654][root][INFO] - --------------- Start iteration i=58 ---------------
[2024-04-25 12:56:26,654][root][INFO] - Length of data.x: 59
[2024-04-25 12:56:26,654][root][INFO] - Length of data.y: 59
[2024-04-25 12:56:26,773][root][INFO] - x: [-0.03471573  0.01346507  0.24827868]
[2024-04-25 12:56:26,774][root][INFO] - y: [ 0.00160061 -0.00089392]
[2024-04-25 12:56:26,774][root][INFO] - Reward: -0.0120811047950752
[2024-04-25 12:56:26,776][root][INFO] - --------------- Start iteration i=59 ---------------
[2024-04-25 12:56:26,776][root][INFO] - Length of data.x: 60
[2024-04-25 12:56:26,776][root][INFO] - Length of data.y: 60
[2024-04-25 12:56:26,896][root][INFO] - x: [-0.03311512  0.01257115  0.64695945]
[2024-04-25 12:56:26,897][root][INFO] - y: [0.00345003 0.01452535]
[2024-04-25 12:56:26,897][root][INFO] - Reward: -0.015058660775122103
[2024-04-25 12:56:26,899][root][INFO] - --------------- Start iteration i=60 ---------------
[2024-04-25 12:56:26,899][root][INFO] - Length of data.x: 61
[2024-04-25 12:56:26,899][root][INFO] - Length of data.y: 61
[2024-04-25 12:57:04,903][root][INFO] - Eval Returns: [-117.71689034 -124.45068297 -354.95987842   -0.45932641 -115.0143149 ]
[2024-04-25 12:57:04,945][root][INFO] - Eval Returns: mean=-142.520 std=115.767
[2024-04-25 12:57:04,946][root][INFO] - Eval ndata: 61.000
[2024-04-25 12:57:04,946][root][INFO] - Model MSE (current real MPC): 0.024
[2024-04-25 12:57:05,461][root][INFO] - Model MSE (random test set): 0.000
[2024-04-25 12:57:05,461][root][INFO] - Model MSE (GT MPC): 0.000
[2024-04-25 12:57:05,461][root][INFO] - Model Likelihood (random test set): -1.846
[2024-04-25 12:57:05,461][root][INFO] - Model Likelihood (GT MPC): -1.841
[2024-04-25 12:57:05,461][root][INFO] - *[TIME] [Evaluate the current MPC policy] Elapsed: 38.44 seconds
[2024-04-25 12:57:09,082][root][INFO] - x: [-0.02966509  0.0270965   0.21216917]
[2024-04-25 12:57:09,083][root][INFO] - y: [ 0.00335224 -0.0007681 ]
[2024-04-25 12:57:09,083][root][INFO] - Reward: -0.01144982453531588
[2024-04-25 12:57:10,601][root][INFO] - --------------- Start iteration i=61 ---------------
[2024-04-25 12:57:10,601][root][INFO] - Length of data.x: 62
[2024-04-25 12:57:10,601][root][INFO] - Length of data.y: 62
[2024-04-25 12:57:10,713][root][INFO] - x: [-0.02631285  0.0263284   0.34721464]
[2024-04-25 12:57:10,713][root][INFO] - y: [0.00402445 0.0052796 ]
[2024-04-25 12:57:10,714][root][INFO] - Reward: -0.01177920004116021
[2024-04-25 12:57:10,716][root][INFO] - --------------- Start iteration i=62 ---------------
[2024-04-25 12:57:10,716][root][INFO] - Length of data.x: 63
[2024-04-25 12:57:10,716][root][INFO] - Length of data.y: 63
[2024-04-25 12:57:10,827][root][INFO] - x: [-0.0222884   0.031608    0.27686169]
[2024-04-25 12:57:10,828][root][INFO] - y: [0.00451124 0.0038232 ]
[2024-04-25 12:57:10,828][root][INFO] - Reward: -0.011460040374353287
[2024-04-25 12:57:10,830][root][INFO] - --------------- Start iteration i=63 ---------------
[2024-04-25 12:57:10,830][root][INFO] - Length of data.x: 64
[2024-04-25 12:57:10,830][root][INFO] - Length of data.y: 64
[2024-04-25 12:57:10,943][root][INFO] - x: [-0.01777716  0.0354312  -0.32033955]
[2024-04-25 12:57:10,943][root][INFO] - y: [ 0.00231543 -0.01724582]
[2024-04-25 12:57:10,943][root][INFO] - Reward: -0.004886476925632783
[2024-04-25 12:57:10,945][root][INFO] - --------------- Start iteration i=64 ---------------
[2024-04-25 12:57:10,945][root][INFO] - Length of data.x: 65
[2024-04-25 12:57:10,945][root][INFO] - Length of data.y: 65
[2024-04-25 12:57:11,057][root][INFO] - x: [-0.01546172  0.01818538 -0.43392932]
[2024-04-25 12:57:11,057][root][INFO] - y: [-0.00033601 -0.02082441]
[2024-04-25 12:57:11,057][root][INFO] - Reward: -0.0032608930087058537
[2024-04-25 12:57:11,059][root][INFO] - --------------- Start iteration i=65 ---------------
[2024-04-25 12:57:11,060][root][INFO] - Length of data.x: 66
[2024-04-25 12:57:11,060][root][INFO] - Length of data.y: 66
[2024-04-25 12:57:51,546][root][INFO] - Eval Returns: [-121.2657797  -235.58895143   -1.53612859 -238.37764684 -243.86790056]
[2024-04-25 12:57:51,586][root][INFO] - Eval Returns: mean=-168.127 std=95.049
[2024-04-25 12:57:51,586][root][INFO] - Eval ndata: 66.000
[2024-04-25 12:57:51,587][root][INFO] - Model MSE (current real MPC): 0.028
[2024-04-25 12:57:52,102][root][INFO] - Model MSE (random test set): 0.000
[2024-04-25 12:57:52,102][root][INFO] - Model MSE (GT MPC): 0.000
[2024-04-25 12:57:52,102][root][INFO] - Model Likelihood (random test set): -1.846
[2024-04-25 12:57:52,102][root][INFO] - Model Likelihood (GT MPC): -1.841
[2024-04-25 12:57:52,102][root][INFO] - *[TIME] [Evaluate the current MPC policy] Elapsed: 40.93 seconds
[2024-04-25 12:57:56,095][root][INFO] - x: [-0.01579773 -0.00263903 -0.57740912]
[2024-04-25 12:57:56,095][root][INFO] - y: [-0.00368511 -0.02630375]
[2024-04-25 12:57:56,096][root][INFO] - Reward: -0.010441102943539445
[2024-04-25 12:57:58,067][root][INFO] - --------------- Start iteration i=66 ---------------
[2024-04-25 12:57:58,067][root][INFO] - Length of data.x: 67
[2024-04-25 12:57:58,067][root][INFO] - Length of data.y: 67
[2024-04-25 12:57:58,183][root][INFO] - x: [-0.01948284 -0.02894278  1.        ]
[2024-04-25 12:57:58,184][root][INFO] - y: [0.00035939 0.03176541]
[2024-04-25 12:57:58,184][root][INFO] - Reward: -0.007660369423566099
[2024-04-25 12:57:58,186][root][INFO] - --------------- Start iteration i=67 ---------------
[2024-04-25 12:57:58,186][root][INFO] - Length of data.x: 68
[2024-04-25 12:57:58,186][root][INFO] - Length of data.y: 68
[2024-04-25 12:57:58,301][root][INFO] - x: [-0.01912346  0.00282263  0.46617615]
[2024-04-25 12:57:58,301][root][INFO] - y: [0.00186852 0.01185267]
[2024-04-25 12:57:58,301][root][INFO] - Reward: -0.0051861192074047656
[2024-04-25 12:57:58,304][root][INFO] - --------------- Start iteration i=68 ---------------
[2024-04-25 12:57:58,304][root][INFO] - Length of data.x: 69
[2024-04-25 12:57:58,304][root][INFO] - Length of data.y: 69
[2024-04-25 12:57:58,419][root][INFO] - x: [-0.01725494  0.0146753   0.31910348]
[2024-04-25 12:57:58,420][root][INFO] - y: [0.00274538 0.00688687]
[2024-04-25 12:57:58,420][root][INFO] - Reward: -0.005460663037568774
[2024-04-25 12:57:58,422][root][INFO] - --------------- Start iteration i=69 ---------------
[2024-04-25 12:57:58,422][root][INFO] - Length of data.x: 70
[2024-04-25 12:57:58,422][root][INFO] - Length of data.y: 70
[2024-04-25 12:57:58,538][root][INFO] - x: [-0.01450956  0.02156217 -0.19975475]
[2024-04-25 12:57:58,538][root][INFO] - y: [ 0.0012477  -0.01176274]
[2024-04-25 12:57:58,539][root][INFO] - Reward: -0.002510026886181986
[2024-04-25 12:57:58,541][root][INFO] - --------------- Start iteration i=70 ---------------
[2024-04-25 12:57:58,541][root][INFO] - Length of data.x: 71
[2024-04-25 12:57:58,541][root][INFO] - Length of data.y: 71
[2024-04-25 12:58:36,526][root][INFO] - Eval Returns: [-116.33568399 -240.20636528 -126.0144851    -1.44629137 -126.27088382]
[2024-04-25 12:58:36,571][root][INFO] - Eval Returns: mean=-122.055 std=75.594
[2024-04-25 12:58:36,572][root][INFO] - Eval ndata: 71.000
[2024-04-25 12:58:36,573][root][INFO] - Model MSE (current real MPC): 0.020
[2024-04-25 12:58:37,108][root][INFO] - Model MSE (random test set): 0.000
[2024-04-25 12:58:37,108][root][INFO] - Model MSE (GT MPC): 0.000
[2024-04-25 12:58:37,108][root][INFO] - Model Likelihood (random test set): -1.846
[2024-04-25 12:58:37,108][root][INFO] - Model Likelihood (GT MPC): -1.841
[2024-04-25 12:58:37,108][root][INFO] - *[TIME] [Evaluate the current MPC policy] Elapsed: 38.45 seconds
[2024-04-25 12:58:41,836][root][INFO] - x: [-0.01326186  0.00979943  0.40608593]
[2024-04-25 12:58:41,836][root][INFO] - y: [0.00268944 0.01132341]
[2024-04-25 12:58:41,837][root][INFO] - Reward: -0.004618323814563684
[2024-04-25 12:58:43,397][root][INFO] - --------------- Start iteration i=71 ---------------
[2024-04-25 12:58:43,397][root][INFO] - Length of data.x: 72
[2024-04-25 12:58:43,397][root][INFO] - Length of data.y: 72
[2024-04-25 12:58:43,522][root][INFO] - x: [-0.01057241  0.02112284 -0.09332682]
[2024-04-25 12:58:43,523][root][INFO] - y: [ 0.00184745 -0.00661302]
[2024-04-25 12:58:43,524][root][INFO] - Reward: -0.0021335876569622205
[2024-04-25 12:58:43,526][root][INFO] - --------------- Start iteration i=72 ---------------
[2024-04-25 12:58:43,526][root][INFO] - Length of data.x: 73
[2024-04-25 12:58:43,526][root][INFO] - Length of data.y: 73
[2024-04-25 12:58:43,652][root][INFO] - x: [-0.00872496  0.01450983 -0.10026628]
[2024-04-25 12:58:43,653][root][INFO] - y: [ 0.00104157 -0.00632938]
[2024-04-25 12:58:43,653][root][INFO] - Reward: -0.001051147653618987
[2024-04-25 12:58:43,655][root][INFO] - --------------- Start iteration i=73 ---------------
[2024-04-25 12:58:43,655][root][INFO] - Length of data.x: 74
[2024-04-25 12:58:43,655][root][INFO] - Length of data.y: 74
[2024-04-25 12:58:43,781][root][INFO] - x: [-0.0076834   0.00818045 -0.15319911]
[2024-04-25 12:58:43,782][root][INFO] - y: [ 2.19960327e-05 -8.00769373e-03]
[2024-04-25 12:58:43,782][root][INFO] - Reward: -0.0006733874892676949
[2024-04-25 12:58:43,785][root][INFO] - --------------- Start iteration i=74 ---------------
[2024-04-25 12:58:43,785][root][INFO] - Length of data.x: 75
[2024-04-25 12:58:43,785][root][INFO] - Length of data.y: 75
[2024-04-25 12:58:43,911][root][INFO] - x: [-0.0076614   0.00017276  0.09545361]
[2024-04-25 12:58:43,912][root][INFO] - y: [0.00019048 0.00132326]
[2024-04-25 12:58:43,912][root][INFO] - Reward: -0.0006016377986358784
[2024-04-25 12:58:43,914][root][INFO] - --------------- Start iteration i=75 ---------------
[2024-04-25 12:58:43,914][root][INFO] - Length of data.x: 76
[2024-04-25 12:58:43,914][root][INFO] - Length of data.y: 76
[2024-04-25 12:59:20,300][root][INFO] - Eval Returns: [-124.01919375   -0.96592565 -117.19958083 -345.50656525 -464.11151442]
[2024-04-25 12:59:20,340][root][INFO] - Eval Returns: mean=-210.361 std=168.899
[2024-04-25 12:59:20,340][root][INFO] - Eval ndata: 76.000
[2024-04-25 12:59:20,341][root][INFO] - Model MSE (current real MPC): 0.036
[2024-04-25 12:59:20,861][root][INFO] - Model MSE (random test set): 0.000
[2024-04-25 12:59:20,861][root][INFO] - Model MSE (GT MPC): 0.000
[2024-04-25 12:59:20,861][root][INFO] - Model Likelihood (random test set): -1.846
[2024-04-25 12:59:20,861][root][INFO] - Model Likelihood (GT MPC): -1.841
[2024-04-25 12:59:20,861][root][INFO] - *[TIME] [Evaluate the current MPC policy] Elapsed: 36.82 seconds
[2024-04-25 12:59:23,985][root][INFO] - x: [-0.00747092  0.00149602  0.26719445]
[2024-04-25 12:59:23,985][root][INFO] - y: [0.0011861  0.00781963]
[2024-04-25 12:59:23,985][root][INFO] - Reward: -0.0012308098436531853
[2024-04-25 12:59:25,417][root][INFO] - --------------- Start iteration i=76 ---------------
[2024-04-25 12:59:25,417][root][INFO] - Length of data.x: 77
[2024-04-25 12:59:25,417][root][INFO] - Length of data.y: 77
[2024-04-25 12:59:25,559][root][INFO] - x: [-0.00628482  0.00931564 -0.0753506 ]
[2024-04-25 12:59:25,560][root][INFO] - y: [ 0.00059067 -0.00467656]
[2024-04-25 12:59:25,560][root][INFO] - Reward: -0.00048045147244947756
[2024-04-25 12:59:25,563][root][INFO] - --------------- Start iteration i=77 ---------------
[2024-04-25 12:59:25,564][root][INFO] - Length of data.x: 78
[2024-04-25 12:59:25,564][root][INFO] - Length of data.y: 78
[2024-04-25 12:59:25,696][root][INFO] - x: [-0.00569415  0.00463908  0.60705015]
[2024-04-25 12:59:25,697][root][INFO] - y: [0.0032756 0.0210874]
[2024-04-25 12:59:25,697][root][INFO] - Reward: -0.005767624877578021
[2024-04-25 12:59:25,699][root][INFO] - --------------- Start iteration i=78 ---------------
[2024-04-25 12:59:25,700][root][INFO] - Length of data.x: 79
[2024-04-25 12:59:25,700][root][INFO] - Length of data.y: 79
[2024-04-25 12:59:25,830][root][INFO] - x: [-0.00241855  0.02572649  0.11284085]
[2024-04-25 12:59:25,831][root][INFO] - y: [0.00372368 0.00351922]
[2024-04-25 12:59:25,831][root][INFO] - Reward: -0.00554173576230359
[2024-04-25 12:59:25,833][root][INFO] - --------------- Start iteration i=79 ---------------
[2024-04-25 12:59:25,833][root][INFO] - Length of data.x: 80
[2024-04-25 12:59:25,833][root][INFO] - Length of data.y: 80
[2024-04-25 12:59:25,964][root][INFO] - x: [ 0.00130513  0.02924571 -0.49536064]
[2024-04-25 12:59:25,964][root][INFO] - y: [ 0.00140745 -0.01819163]
[2024-04-25 12:59:25,965][root][INFO] - Reward: -0.001836181822697527
[2024-04-25 12:59:25,967][root][INFO] - --------------- Start iteration i=80 ---------------
[2024-04-25 12:59:25,967][root][INFO] - Length of data.x: 81
[2024-04-25 12:59:25,967][root][INFO] - Length of data.y: 81
[2024-04-25 13:00:07,303][root][INFO] - Eval Returns: [-364.02136885 -360.91569529 -126.64517989   -3.16349087 -350.35166122]
[2024-04-25 13:00:07,344][root][INFO] - Eval Returns: mean=-241.019 std=149.074
[2024-04-25 13:00:07,344][root][INFO] - Eval ndata: 81.000
[2024-04-25 13:00:07,346][root][INFO] - Model MSE (current real MPC): 0.040
[2024-04-25 13:00:07,864][root][INFO] - Model MSE (random test set): 0.000
[2024-04-25 13:00:07,864][root][INFO] - Model MSE (GT MPC): 0.000
[2024-04-25 13:00:07,864][root][INFO] - Model Likelihood (random test set): -1.846
[2024-04-25 13:00:07,864][root][INFO] - Model Likelihood (GT MPC): -1.841
[2024-04-25 13:00:07,864][root][INFO] - *[TIME] [Evaluate the current MPC policy] Elapsed: 41.77 seconds
[2024-04-25 13:00:12,369][root][INFO] - x: [0.00271258 0.01105407 0.1270641 ]
[2024-04-25 13:00:12,369][root][INFO] - y: [0.00211585 0.00556381]
[2024-04-25 13:00:12,370][root][INFO] - Reward: -0.0020620647661900382
[2024-04-25 13:00:13,985][root][INFO] - --------------- Start iteration i=81 ---------------
[2024-04-25 13:00:13,985][root][INFO] - Length of data.x: 82
[2024-04-25 13:00:13,985][root][INFO] - Length of data.y: 82
[2024-04-25 13:00:14,106][root][INFO] - x: [ 0.00482843  0.01661789 -0.2838326 ]
[2024-04-25 13:00:14,107][root][INFO] - y: [ 0.00094171 -0.00922169]
[2024-04-25 13:00:14,107][root][INFO] - Reward: -0.0010009518054546903
[2024-04-25 13:00:14,109][root][INFO] - --------------- Start iteration i=82 ---------------
[2024-04-25 13:00:14,109][root][INFO] - Length of data.x: 83
[2024-04-25 13:00:14,109][root][INFO] - Length of data.y: 83
[2024-04-25 13:00:14,229][root][INFO] - x: [ 0.00577014  0.0073962  -0.74494887]
[2024-04-25 13:00:14,230][root][INFO] - y: [-0.00239879 -0.02623623]
[2024-04-25 13:00:14,230][root][INFO] - Reward: -0.004603632804764349
[2024-04-25 13:00:14,232][root][INFO] - --------------- Start iteration i=83 ---------------
[2024-04-25 13:00:14,232][root][INFO] - Length of data.x: 84
[2024-04-25 13:00:14,233][root][INFO] - Length of data.y: 84
[2024-04-25 13:00:14,353][root][INFO] - x: [ 0.00337136 -0.01884003  0.25707418]
[2024-04-25 13:00:14,354][root][INFO] - y: [-0.00104492  0.01063321]
[2024-04-25 13:00:14,354][root][INFO] - Reward: -0.0007488178364195158
[2024-04-25 13:00:14,356][root][INFO] - --------------- Start iteration i=84 ---------------
[2024-04-25 13:00:14,356][root][INFO] - Length of data.x: 85
[2024-04-25 13:00:14,356][root][INFO] - Length of data.y: 85
[2024-04-25 13:00:14,477][root][INFO] - x: [ 0.00232643 -0.00820682 -0.03518875]
[2024-04-25 13:00:14,478][root][INFO] - y: [-0.0011257  -0.00063439]
[2024-04-25 13:00:14,478][root][INFO] - Reward: -0.0005194518505907672
[2024-04-25 13:00:14,480][root][INFO] - --------------- Start iteration i=85 ---------------
[2024-04-25 13:00:14,480][root][INFO] - Length of data.x: 86
[2024-04-25 13:00:14,480][root][INFO] - Length of data.y: 86
[2024-04-25 13:01:00,637][root][INFO] - Eval Returns: [-121.81242609 -466.29432369 -121.23801603 -238.68341074 -354.55292195]
[2024-04-25 13:01:00,677][root][INFO] - Eval Returns: mean=-260.516 std=134.389
[2024-04-25 13:01:00,678][root][INFO] - Eval ndata: 86.000
[2024-04-25 13:01:00,679][root][INFO] - Model MSE (current real MPC): 0.044
[2024-04-25 13:01:01,200][root][INFO] - Model MSE (random test set): 0.000
[2024-04-25 13:01:01,200][root][INFO] - Model MSE (GT MPC): 0.000
[2024-04-25 13:01:01,200][root][INFO] - Model Likelihood (random test set): -1.846
[2024-04-25 13:01:01,201][root][INFO] - Model Likelihood (GT MPC): -1.841
[2024-04-25 13:01:01,201][root][INFO] - *[TIME] [Evaluate the current MPC policy] Elapsed: 46.60 seconds
[2024-04-25 13:01:04,362][root][INFO] - x: [ 0.00120073 -0.00884121 -0.47269737]
[2024-04-25 13:01:04,362][root][INFO] - y: [-0.00333763 -0.01737251]
[2024-04-25 13:01:04,363][root][INFO] - Reward: -0.005336658141117771
[2024-04-25 13:01:05,839][root][INFO] - --------------- Start iteration i=86 ---------------
[2024-04-25 13:01:05,839][root][INFO] - Length of data.x: 87
[2024-04-25 13:01:05,839][root][INFO] - Length of data.y: 87
[2024-04-25 13:01:05,956][root][INFO] - x: [-0.0021369  -0.02621372  0.33337475]
[2024-04-25 13:01:05,957][root][INFO] - y: [-0.00182602  0.01187219]
[2024-04-25 13:01:05,957][root][INFO] - Reward: -0.0019159039335412615
[2024-04-25 13:01:05,959][root][INFO] - --------------- Start iteration i=87 ---------------
[2024-04-25 13:01:05,959][root][INFO] - Length of data.x: 88
[2024-04-25 13:01:05,959][root][INFO] - Length of data.y: 88
[2024-04-25 13:01:06,077][root][INFO] - x: [-0.00396292 -0.01434153  0.19075853]
[2024-04-25 13:01:06,077][root][INFO] - y: [-0.00106382  0.0059863 ]
[2024-04-25 13:01:06,077][root][INFO] - Reward: -0.0008417257232788986
[2024-04-25 13:01:06,080][root][INFO] - --------------- Start iteration i=88 ---------------
[2024-04-25 13:01:06,080][root][INFO] - Length of data.x: 89
[2024-04-25 13:01:06,080][root][INFO] - Length of data.y: 89
[2024-04-25 13:01:06,198][root][INFO] - x: [-0.00502674 -0.00835524  0.16528784]
[2024-04-25 13:01:06,198][root][INFO] - y: [-0.00046313  0.00471786]
[2024-04-25 13:01:06,198][root][INFO] - Reward: -0.0004914123444274193
[2024-04-25 13:01:06,200][root][INFO] - --------------- Start iteration i=89 ---------------
[2024-04-25 13:01:06,201][root][INFO] - Length of data.x: 90
[2024-04-25 13:01:06,201][root][INFO] - Length of data.y: 90
[2024-04-25 13:01:06,318][root][INFO] - x: [-0.00548987 -0.00363738  0.13715328]
[2024-04-25 13:01:06,318][root][INFO] - y: [-1.41265898e-05  3.52642799e-03]
[2024-04-25 13:01:06,319][root][INFO] - Reward: -0.0003743124161467806
[2024-04-25 13:01:06,321][root][INFO] - --------------- Start iteration i=90 ---------------
[2024-04-25 13:01:06,321][root][INFO] - Length of data.x: 91
[2024-04-25 13:01:06,321][root][INFO] - Length of data.y: 91
[2024-04-25 13:01:47,526][root][INFO] - Eval Returns: [-468.91557348 -123.22769902 -349.66660917 -240.79901233 -348.66320763]
[2024-04-25 13:01:47,572][root][INFO] - Eval Returns: mean=-306.254 std=116.555
[2024-04-25 13:01:47,572][root][INFO] - Eval ndata: 91.000
[2024-04-25 13:01:47,572][root][INFO] - Model MSE (current real MPC): 0.052
[2024-04-25 13:01:48,128][root][INFO] - Model MSE (random test set): 0.000
[2024-04-25 13:01:48,128][root][INFO] - Model MSE (GT MPC): 0.000
[2024-04-25 13:01:48,128][root][INFO] - Model Likelihood (random test set): -1.847
[2024-04-25 13:01:48,128][root][INFO] - Model Likelihood (GT MPC): -1.841
[2024-04-25 13:01:48,128][root][INFO] - *[TIME] [Evaluate the current MPC policy] Elapsed: 41.69 seconds
[2024-04-25 13:01:51,391][root][INFO] - x: [-5.50399610e-03 -1.10949980e-04 -5.57279206e-01]
[2024-04-25 13:01:51,392][root][INFO] - y: [-0.00288133 -0.02251895]
[2024-04-25 13:01:51,392][root][INFO] - Reward: -0.0052137277901297616
[2024-04-25 13:01:52,984][root][INFO] - --------------- Start iteration i=91 ---------------
[2024-04-25 13:01:52,984][root][INFO] - Length of data.x: 92
[2024-04-25 13:01:52,984][root][INFO] - Length of data.y: 92
[2024-04-25 13:01:53,114][root][INFO] - x: [-0.00838532 -0.0226299   0.32537258]
[2024-04-25 13:01:53,114][root][INFO] - y: [-0.0016422   0.00973208]
[2024-04-25 13:01:53,115][root][INFO] - Reward: -0.002480535596095704
[2024-04-25 13:01:53,117][root][INFO] - --------------- Start iteration i=92 ---------------
[2024-04-25 13:01:53,117][root][INFO] - Length of data.x: 93
[2024-04-25 13:01:53,118][root][INFO] - Length of data.y: 93
[2024-04-25 13:01:53,247][root][INFO] - x: [-0.01002753 -0.01289782  0.23907939]
[2024-04-25 13:01:53,248][root][INFO] - y: [-0.00087665  0.00601262]
[2024-04-25 13:01:53,248][root][INFO] - Reward: -0.0017055419202043653
[2024-04-25 13:01:53,251][root][INFO] - --------------- Start iteration i=93 ---------------
[2024-04-25 13:01:53,251][root][INFO] - Length of data.x: 94
[2024-04-25 13:01:53,251][root][INFO] - Length of data.y: 94
[2024-04-25 13:01:53,383][root][INFO] - x: [-0.01090418 -0.00688521  0.67187064]
[2024-04-25 13:01:53,383][root][INFO] - y: [0.00192247 0.02198423]
[2024-04-25 13:01:53,384][root][INFO] - Reward: -0.004060907806976392
[2024-04-25 13:01:53,387][root][INFO] - --------------- Start iteration i=94 ---------------
[2024-04-25 13:01:53,387][root][INFO] - Length of data.x: 95
[2024-04-25 13:01:53,387][root][INFO] - Length of data.y: 95
[2024-04-25 13:01:53,515][root][INFO] - x: [-0.00898171  0.01509902  0.20500015]
[2024-04-25 13:01:53,516][root][INFO] - y: [0.0025645  0.00504252]
[2024-04-25 13:01:53,516][root][INFO] - Reward: -0.003170900258073361
[2024-04-25 13:01:53,518][root][INFO] - --------------- Start iteration i=95 ---------------
[2024-04-25 13:01:53,518][root][INFO] - Length of data.x: 96
[2024-04-25 13:01:53,519][root][INFO] - Length of data.y: 96
[2024-04-25 13:02:36,306][root][INFO] - Eval Returns: [-118.19057408 -125.84758858 -117.69447956 -329.43359412 -123.30713397]
[2024-04-25 13:02:36,358][root][INFO] - Eval Returns: mean=-162.895 std=83.326
[2024-04-25 13:02:36,358][root][INFO] - Eval ndata: 96.000
[2024-04-25 13:02:36,358][root][INFO] - Model MSE (current real MPC): 0.028
[2024-04-25 13:02:36,923][root][INFO] - Model MSE (random test set): 0.000
[2024-04-25 13:02:36,924][root][INFO] - Model MSE (GT MPC): 0.000
[2024-04-25 13:02:36,924][root][INFO] - Model Likelihood (random test set): -1.847
[2024-04-25 13:02:36,924][root][INFO] - Model Likelihood (GT MPC): -1.841
[2024-04-25 13:02:36,924][root][INFO] - *[TIME] [Evaluate the current MPC policy] Elapsed: 43.28 seconds
[2024-04-25 13:02:41,778][root][INFO] - x: [-0.00641721  0.02014155 -0.11752722]
[2024-04-25 13:02:41,778][root][INFO] - y: [ 0.00176272 -0.00629717]
[2024-04-25 13:02:41,778][root][INFO] - Reward: -0.0014957359609078984
[2024-04-25 13:02:43,739][root][INFO] - --------------- Start iteration i=96 ---------------
[2024-04-25 13:02:43,739][root][INFO] - Length of data.x: 97
[2024-04-25 13:02:43,740][root][INFO] - Length of data.y: 97
[2024-04-25 13:02:43,861][root][INFO] - x: [-0.00465449  0.01384438  0.40307537]
[2024-04-25 13:02:43,862][root][INFO] - y: [0.00351273 0.01374451]
[2024-04-25 13:02:43,862][root][INFO] - Reward: -0.005534086136872644
[2024-04-25 13:02:43,864][root][INFO] - --------------- Start iteration i=97 ---------------
[2024-04-25 13:02:43,865][root][INFO] - Length of data.x: 98
[2024-04-25 13:02:43,865][root][INFO] - Length of data.y: 98
[2024-04-25 13:02:43,987][root][INFO] - x: [-0.00114176  0.02758889 -0.10186368]
[2024-04-25 13:02:43,987][root][INFO] - y: [ 0.00298355 -0.00415616]
[2024-04-25 13:02:43,988][root][INFO] - Reward: -0.003589178084928354
[2024-04-25 13:02:43,990][root][INFO] - --------------- Start iteration i=98 ---------------
[2024-04-25 13:02:43,990][root][INFO] - Length of data.x: 99
[2024-04-25 13:02:43,990][root][INFO] - Length of data.y: 99
[2024-04-25 13:02:44,113][root][INFO] - x: [ 0.00184179  0.02343273 -0.23001163]
[2024-04-25 13:02:44,114][root][INFO] - y: [ 0.00195439 -0.00808299]
[2024-04-25 13:02:44,114][root][INFO] - Reward: -0.0018617846797571933
[2024-04-25 13:02:44,116][root][INFO] - --------------- Start iteration i=99 ---------------
[2024-04-25 13:02:44,117][root][INFO] - Length of data.x: 100
[2024-04-25 13:02:44,117][root][INFO] - Length of data.y: 100
[2024-04-25 13:02:44,239][root][INFO] - x: [ 0.00379617  0.01534974 -0.34273126]
[2024-04-25 13:02:44,240][root][INFO] - y: [ 0.00046032 -0.01173438]
[2024-04-25 13:02:44,240][root][INFO] - Reward: -0.00073232717867028
[2024-04-25 13:02:44,243][root][INFO] - --------------- Start iteration i=100 ---------------
[2024-04-25 13:02:44,243][root][INFO] - Length of data.x: 101
[2024-04-25 13:02:44,243][root][INFO] - Length of data.y: 101
[2024-04-25 13:03:34,203][root][INFO] - Eval Returns: [-361.59870732 -118.96915006 -337.95135807 -123.24134007 -123.38072559]
[2024-04-25 13:03:34,212][root][INFO] - Eval Returns: mean=-213.028 std=111.915
[2024-04-25 13:03:34,212][root][INFO] - Eval ndata: 101.000
[2024-04-25 13:03:34,213][root][INFO] - Model MSE (current real MPC): 0.036
[2024-04-25 13:03:34,780][root][INFO] - Model MSE (random test set): 0.000
[2024-04-25 13:03:34,780][root][INFO] - Model MSE (GT MPC): 0.000
[2024-04-25 13:03:34,780][root][INFO] - Model Likelihood (random test set): -1.847
[2024-04-25 13:03:34,780][root][INFO] - Model Likelihood (GT MPC): -1.841
[2024-04-25 13:03:34,780][root][INFO] - *[TIME] [Evaluate the current MPC policy] Elapsed: 50.41 seconds
[2024-04-25 13:03:39,196][root][INFO] - x: [0.0042565  0.00361536 0.21111554]
[2024-04-25 13:03:39,197][root][INFO] - y: [0.00162794 0.00917044]
[2024-04-25 13:03:39,197][root][INFO] - Reward: -0.001566279428430764
[2024-04-25 13:03:40,790][root][INFO] - --------------- Start iteration i=101 ---------------
[2024-04-25 13:03:40,790][root][INFO] - Length of data.x: 102
[2024-04-25 13:03:40,790][root][INFO] - Length of data.y: 102
[2024-04-25 13:03:40,928][root][INFO] - x: [0.00588443 0.01278579 0.22171735]
[2024-04-25 13:03:40,930][root][INFO] - y: [0.00290721 0.01004741]
[2024-04-25 13:03:40,930][root][INFO] - Reward: -0.004296160106996093
[2024-04-25 13:03:40,933][root][INFO] - --------------- Start iteration i=102 ---------------
[2024-04-25 13:03:40,934][root][INFO] - Length of data.x: 103
[2024-04-25 13:03:40,934][root][INFO] - Length of data.y: 103
[2024-04-25 13:03:41,071][root][INFO] - x: [ 0.00879165  0.02283321 -0.41334328]
[2024-04-25 13:03:41,071][root][INFO] - y: [ 0.00126329 -0.01291135]
[2024-04-25 13:03:41,072][root][INFO] - Reward: -0.0023112820771010543
[2024-04-25 13:03:41,075][root][INFO] - --------------- Start iteration i=103 ---------------
[2024-04-25 13:03:41,075][root][INFO] - Length of data.x: 104
[2024-04-25 13:03:41,075][root][INFO] - Length of data.y: 104
[2024-04-25 13:03:41,214][root][INFO] - x: [ 0.01005494  0.00992186 -0.13206226]
[2024-04-25 13:03:41,215][root][INFO] - y: [ 0.00100974 -0.0019914 ]
[2024-04-25 13:03:41,216][root][INFO] - Reward: -0.0016805775461729388
[2024-04-25 13:03:41,218][root][INFO] - --------------- Start iteration i=104 ---------------
[2024-04-25 13:03:41,219][root][INFO] - Length of data.x: 105
[2024-04-25 13:03:41,219][root][INFO] - Length of data.y: 105
[2024-04-25 13:03:41,355][root][INFO] - x: [ 0.01106467  0.00793045 -0.06018824]
[2024-04-25 13:03:41,355][root][INFO] - y: [0.0011372 0.0010011]
[2024-04-25 13:03:41,356][root][INFO] - Reward: -0.0019944791722663687
[2024-04-25 13:03:41,358][root][INFO] - --------------- Start iteration i=105 ---------------
[2024-04-25 13:03:41,359][root][INFO] - Length of data.x: 106
[2024-04-25 13:03:41,359][root][INFO] - Length of data.y: 106
[2024-04-25 13:04:34,710][root][INFO] - Eval Returns: [-229.61733396 -237.25848062 -127.42851824 -121.5980628  -339.41162345]
[2024-04-25 13:04:34,763][root][INFO] - Eval Returns: mean=-211.063 std=80.626
[2024-04-25 13:04:34,763][root][INFO] - Eval ndata: 106.000
[2024-04-25 13:04:34,764][root][INFO] - Model MSE (current real MPC): 0.036
[2024-04-25 13:04:35,444][root][INFO] - Model MSE (random test set): 0.000
[2024-04-25 13:04:35,444][root][INFO] - Model MSE (GT MPC): 0.000
[2024-04-25 13:04:35,444][root][INFO] - Model Likelihood (random test set): -1.847
[2024-04-25 13:04:35,445][root][INFO] - Model Likelihood (GT MPC): -1.841
[2024-04-25 13:04:35,445][root][INFO] - *[TIME] [Evaluate the current MPC policy] Elapsed: 53.95 seconds
[2024-04-25 13:04:38,517][root][INFO] - x: [ 0.01220188  0.00893155 -0.67956721]
[2024-04-25 13:04:38,518][root][INFO] - y: [-0.00165004 -0.0218909 ]
[2024-04-25 13:04:38,518][root][INFO] - Reward: -0.0040209873179487465
[2024-04-25 13:04:40,108][root][INFO] - --------------- Start iteration i=106 ---------------
[2024-04-25 13:04:40,109][root][INFO] - Length of data.x: 107
[2024-04-25 13:04:40,109][root][INFO] - Length of data.y: 107
[2024-04-25 13:04:40,208][root][INFO] - x: [ 0.01055184 -0.01295935 -0.22175184]
[2024-04-25 13:04:40,209][root][INFO] - y: [-0.0023132  -0.00520849]
[2024-04-25 13:04:40,209][root][INFO] - Reward: -0.0029790466998478897
[2024-04-25 13:04:40,211][root][INFO] - --------------- Start iteration i=107 ---------------
[2024-04-25 13:04:40,211][root][INFO] - Length of data.x: 108
[2024-04-25 13:04:40,211][root][INFO] - Length of data.y: 108
[2024-04-25 13:04:40,296][root][INFO] - x: [ 0.00823864 -0.01816784 -0.25613334]
[2024-04-25 13:04:40,296][root][INFO] - y: [-0.00322723 -0.00717879]
[2024-04-25 13:04:40,296][root][INFO] - Reward: -0.004621974508472901
[2024-04-25 13:04:40,298][root][INFO] - --------------- Start iteration i=108 ---------------
[2024-04-25 13:04:40,299][root][INFO] - Length of data.x: 109
[2024-04-25 13:04:40,299][root][INFO] - Length of data.y: 109
[2024-04-25 13:04:40,386][root][INFO] - x: [ 0.00501141 -0.02534663 -0.1183989 ]
[2024-04-25 13:04:40,386][root][INFO] - y: [-0.00360463 -0.00296404]
[2024-04-25 13:04:40,387][root][INFO] - Reward: -0.0052051662918896095
[2024-04-25 13:04:40,389][root][INFO] - --------------- Start iteration i=109 ---------------
[2024-04-25 13:04:40,389][root][INFO] - Length of data.x: 110
[2024-04-25 13:04:40,389][root][INFO] - Length of data.y: 110
[2024-04-25 13:04:40,480][root][INFO] - x: [ 0.00140678 -0.02831067  0.33272048]
[2024-04-25 13:04:40,481][root][INFO] - y: [-0.00196325  0.01289135]
[2024-04-25 13:04:40,481][root][INFO] - Reward: -0.0019675025446479594
[2024-04-25 13:04:40,483][root][INFO] - --------------- Start iteration i=110 ---------------
[2024-04-25 13:04:40,483][root][INFO] - Length of data.x: 111
[2024-04-25 13:04:40,483][root][INFO] - Length of data.y: 111
[2024-04-25 13:05:30,783][root][INFO] - Eval Returns: [-338.29067324 -124.98688921 -118.40124209 -130.60060268 -362.99137243]
[2024-04-25 13:05:30,824][root][INFO] - Eval Returns: mean=-215.054 std=111.049
[2024-04-25 13:05:30,825][root][INFO] - Eval ndata: 111.000
[2024-04-25 13:05:30,825][root][INFO] - Model MSE (current real MPC): 0.036
[2024-04-25 13:05:31,366][root][INFO] - Model MSE (random test set): 0.000
[2024-04-25 13:05:31,366][root][INFO] - Model MSE (GT MPC): 0.000
[2024-04-25 13:05:31,366][root][INFO] - Model Likelihood (random test set): -1.847
[2024-04-25 13:05:31,366][root][INFO] - Model Likelihood (GT MPC): -1.841
[2024-04-25 13:05:31,366][root][INFO] - *[TIME] [Evaluate the current MPC policy] Elapsed: 50.79 seconds
[2024-04-25 13:05:35,208][root][INFO] - x: [-0.00055647 -0.01541932  0.05029304]
[2024-04-25 13:05:35,208][root][INFO] - y: [-0.00174398  0.0017221 ]
[2024-04-25 13:05:35,208][root][INFO] - Reward: -0.0012630775805887113
[2024-04-25 13:05:36,882][root][INFO] - --------------- Start iteration i=111 ---------------
[2024-04-25 13:05:36,882][root][INFO] - Length of data.x: 112
[2024-04-25 13:05:36,882][root][INFO] - Length of data.y: 112
[2024-04-25 13:05:37,021][root][INFO] - x: [-0.00230045 -0.01369722  0.58886352]
[2024-04-25 13:05:37,022][root][INFO] - y: [0.00098137 0.02140485]
[2024-04-25 13:05:37,022][root][INFO] - Reward: -0.0017844218428755664
[2024-04-25 13:05:37,025][root][INFO] - --------------- Start iteration i=112 ---------------
[2024-04-25 13:05:37,025][root][INFO] - Length of data.x: 113
[2024-04-25 13:05:37,025][root][INFO] - Length of data.y: 113
[2024-04-25 13:05:37,158][root][INFO] - x: [-0.00131909  0.00770762 -0.02519953]
[2024-04-25 13:05:37,159][root][INFO] - y: [ 0.00081158 -0.00133348]
[2024-04-25 13:05:37,159][root][INFO] - Reward: -0.00026511192619846715
[2024-04-25 13:05:37,162][root][INFO] - --------------- Start iteration i=113 ---------------
[2024-04-25 13:05:37,162][root][INFO] - Length of data.x: 114
[2024-04-25 13:05:37,162][root][INFO] - Length of data.y: 114
[2024-04-25 13:05:37,292][root][INFO] - x: [-0.00050751  0.00637414 -0.07593638]
[2024-04-25 13:05:37,292][root][INFO] - y: [ 0.00042998 -0.00299709]
[2024-04-25 13:05:37,292][root][INFO] - Reward: -9.611334891299064e-05
[2024-04-25 13:05:37,296][root][INFO] - --------------- Start iteration i=114 ---------------
[2024-04-25 13:05:37,296][root][INFO] - Length of data.x: 115
[2024-04-25 13:05:37,296][root][INFO] - Length of data.y: 115
[2024-04-25 13:05:37,425][root][INFO] - x: [-7.75274758e-05  3.37705246e-03  4.23171182e-02]
[2024-04-25 13:05:37,426][root][INFO] - y: [0.00062912 0.00156406]
[2024-04-25 13:05:37,426][root][INFO] - Reward: -0.00016641912013550808
[2024-04-25 13:05:37,429][root][INFO] - --------------- Start iteration i=115 ---------------
[2024-04-25 13:05:37,429][root][INFO] - Length of data.x: 116
[2024-04-25 13:05:37,429][root][INFO] - Length of data.y: 116
[2024-04-25 13:06:25,751][root][INFO] - Eval Returns: [-125.83936328 -121.3295326  -120.18042196 -119.59426424 -125.74576686]
[2024-04-25 13:06:25,797][root][INFO] - Eval Returns: mean=-122.538 std=2.716
[2024-04-25 13:06:25,798][root][INFO] - Eval ndata: 116.000
[2024-04-25 13:06:25,799][root][INFO] - Model MSE (current real MPC): 0.020
[2024-04-25 13:06:26,370][root][INFO] - Model MSE (random test set): 0.000
[2024-04-25 13:06:26,370][root][INFO] - Model MSE (GT MPC): 0.000
[2024-04-25 13:06:26,370][root][INFO] - Model Likelihood (random test set): -1.847
[2024-04-25 13:06:26,370][root][INFO] - Model Likelihood (GT MPC): -1.841
[2024-04-25 13:06:26,370][root][INFO] - *[TIME] [Evaluate the current MPC policy] Elapsed: 48.81 seconds
[2024-04-25 13:06:30,917][root][INFO] - x: [0.00055159 0.00494111 0.06446413]
[2024-04-25 13:06:30,917][root][INFO] - y: [0.0009576  0.00257986]
[2024-04-25 13:06:30,917][root][INFO] - Reward: -0.0004011184409260709
[2024-04-25 13:06:33,158][root][INFO] - --------------- Start iteration i=116 ---------------
[2024-04-25 13:06:33,158][root][INFO] - Length of data.x: 117
[2024-04-25 13:06:33,158][root][INFO] - Length of data.y: 117
[2024-04-25 13:06:33,294][root][INFO] - x: [ 0.00150919  0.00752097 -0.19525611]
[2024-04-25 13:06:33,294][root][INFO] - y: [ 8.19153843e-05 -6.87761150e-03]
[2024-04-25 13:06:33,295][root][INFO] - Reward: -0.0001801350416242621
[2024-04-25 13:06:33,298][root][INFO] - --------------- Start iteration i=117 ---------------
[2024-04-25 13:06:33,298][root][INFO] - Length of data.x: 118
[2024-04-25 13:06:33,298][root][INFO] - Length of data.y: 118
[2024-04-25 13:06:33,436][root][INFO] - x: [0.00159111 0.00064336 0.17838712]
[2024-04-25 13:06:33,436][root][INFO] - y: [0.00099332 0.00715814]
[2024-04-25 13:06:33,436][root][INFO] - Reward: -0.0005827350768357601
[2024-04-25 13:06:33,440][root][INFO] - --------------- Start iteration i=118 ---------------
[2024-04-25 13:06:33,440][root][INFO] - Length of data.x: 119
[2024-04-25 13:06:33,440][root][INFO] - Length of data.y: 119
[2024-04-25 13:06:33,576][root][INFO] - x: [ 0.00258443  0.0078015  -0.23125648]
[2024-04-25 13:06:33,577][root][INFO] - y: [-1.39358761e-05 -7.91094960e-03]
[2024-04-25 13:06:33,577][root][INFO] - Reward: -0.00027920758321994246
[2024-04-25 13:06:33,580][root][INFO] - --------------- Start iteration i=119 ---------------
[2024-04-25 13:06:33,580][root][INFO] - Length of data.x: 120
[2024-04-25 13:06:33,580][root][INFO] - Length of data.y: 120
[2024-04-25 13:06:33,721][root][INFO] - x: [ 0.00257049 -0.00010945  0.02253302]
[2024-04-25 13:06:33,721][root][INFO] - y: [0.00019004 0.00160205]
[2024-04-25 13:06:33,722][root][INFO] - Reward: -9.150106963565985e-05
[2024-04-25 13:06:33,725][root][INFO] - --------------- Start iteration i=120 ---------------
[2024-04-25 13:06:33,725][root][INFO] - Length of data.x: 121
[2024-04-25 13:06:33,725][root][INFO] - Length of data.y: 121
[2024-04-25 13:07:23,359][root][INFO] - Eval Returns: [-482.78279153 -476.24806436 -116.08149655 -122.00396962 -126.46061312]
[2024-04-25 13:07:23,404][root][INFO] - Eval Returns: mean=-264.715 std=175.427
[2024-04-25 13:07:23,404][root][INFO] - Eval ndata: 121.000
[2024-04-25 13:07:23,404][root][INFO] - Model MSE (current real MPC): 0.044
[2024-04-25 13:07:23,992][root][INFO] - Model MSE (random test set): 0.000
[2024-04-25 13:07:23,992][root][INFO] - Model MSE (GT MPC): 0.000
[2024-04-25 13:07:23,992][root][INFO] - Model Likelihood (random test set): -1.847
[2024-04-25 13:07:23,992][root][INFO] - Model Likelihood (GT MPC): -1.841
[2024-04-25 13:07:23,992][root][INFO] - *[TIME] [Evaluate the current MPC policy] Elapsed: 49.75 seconds
[2024-04-25 13:08:03,296][root][INFO] - x: [ 0.00276054  0.0014926  -0.55790373]
[2024-04-25 13:08:03,296][root][INFO] - y: [-0.00237023 -0.02010836]
[2024-04-25 13:08:03,297][root][INFO] - Reward: -0.003464426402714804
[2024-04-25 13:08:05,865][root][INFO] - --------------- Start iteration i=121 ---------------
[2024-04-25 13:08:05,866][root][INFO] - Length of data.x: 122
[2024-04-25 13:08:05,866][root][INFO] - Length of data.y: 122
[2024-04-25 13:08:05,962][root][INFO] - x: [ 3.90303500e-04 -1.86157553e-02  5.68523548e-01]
[2024-04-25 13:08:05,963][root][INFO] - y: [0.0003589  0.02143459]
[2024-04-25 13:08:05,963][root][INFO] - Reward: -0.0013492692275198306
[2024-04-25 13:08:05,965][root][INFO] - --------------- Start iteration i=122 ---------------
[2024-04-25 13:08:05,965][root][INFO] - Length of data.x: 123
[2024-04-25 13:08:05,965][root][INFO] - Length of data.y: 123
[2024-04-25 13:08:06,060][root][INFO] - x: [ 0.00074921  0.00281883 -0.01791112]
[2024-04-25 13:08:06,061][root][INFO] - y: [ 0.00030148 -0.00045101]
[2024-04-25 13:08:06,061][root][INFO] - Reward: -4.806094705053081e-05
[2024-04-25 13:08:06,063][root][INFO] - --------------- Start iteration i=123 ---------------
[2024-04-25 13:08:06,063][root][INFO] - Length of data.x: 124
[2024-04-25 13:08:06,063][root][INFO] - Length of data.y: 124
[2024-04-25 13:08:06,157][root][INFO] - x: [0.00105069 0.00236782 0.02848249]
[2024-04-25 13:08:06,157][root][INFO] - y: [0.00047688 0.00137755]
[2024-04-25 13:08:06,158][root][INFO] - Reward: -0.00011605319787181538
[2024-04-25 13:08:06,161][root][INFO] - --------------- Start iteration i=124 ---------------
[2024-04-25 13:08:06,161][root][INFO] - Length of data.x: 125
[2024-04-25 13:08:06,161][root][INFO] - Length of data.y: 125
[2024-04-25 13:08:06,257][root][INFO] - x: [0.00152756 0.00374537 0.23719609]
[2024-04-25 13:08:06,257][root][INFO] - y: [0.00166669 0.00934476]
[2024-04-25 13:08:06,258][root][INFO] - Reward: -0.0014223990283450281
[2024-04-25 13:08:06,260][root][INFO] - --------------- Start iteration i=125 ---------------
[2024-04-25 13:08:06,260][root][INFO] - Length of data.x: 126
[2024-04-25 13:08:06,260][root][INFO] - Length of data.y: 126
[2024-04-25 13:08:53,219][root][INFO] - Eval Returns: [-124.05532563 -228.98854268 -345.02288652 -125.56884629 -124.05717424]
[2024-04-25 13:08:53,271][root][INFO] - Eval Returns: mean=-189.539 std=87.635
[2024-04-25 13:08:53,271][root][INFO] - Eval ndata: 126.000
[2024-04-25 13:08:53,272][root][INFO] - Model MSE (current real MPC): 0.032
[2024-04-25 13:08:53,843][root][INFO] - Model MSE (random test set): 0.000
[2024-04-25 13:08:53,843][root][INFO] - Model MSE (GT MPC): 0.000
[2024-04-25 13:08:53,843][root][INFO] - Model Likelihood (random test set): -1.847
[2024-04-25 13:08:53,843][root][INFO] - Model Likelihood (GT MPC): -1.841
[2024-04-25 13:08:53,844][root][INFO] - *[TIME] [Evaluate the current MPC policy] Elapsed: 47.49 seconds
[2024-04-25 13:08:59,217][root][INFO] - x: [ 0.00319425  0.01309013 -0.19463568]
[2024-04-25 13:08:59,217][root][INFO] - y: [ 0.00085715 -0.00635807]
[2024-04-25 13:08:59,217][root][INFO] - Reward: -0.000603582465193412
[2024-04-25 13:09:00,944][root][INFO] - --------------- Start iteration i=126 ---------------
[2024-04-25 13:09:00,944][root][INFO] - Length of data.x: 127
[2024-04-25 13:09:00,945][root][INFO] - Length of data.y: 127
[2024-04-25 13:09:01,077][root][INFO] - x: [ 0.0040514   0.00673206 -0.1898646 ]
[2024-04-25 13:09:01,077][root][INFO] - y: [ 0.00010254 -0.00592672]
[2024-04-25 13:09:01,078][root][INFO] - Reward: -0.0003186475082126886
[2024-04-25 13:09:01,081][root][INFO] - --------------- Start iteration i=127 ---------------
[2024-04-25 13:09:01,081][root][INFO] - Length of data.x: 128
[2024-04-25 13:09:01,081][root][INFO] - Length of data.y: 128
[2024-04-25 13:09:01,214][root][INFO] - x: [0.00415394 0.00080534 0.57999551]
[2024-04-25 13:09:01,214][root][INFO] - y: [0.00302758 0.02297323]
[2024-04-25 13:09:01,214][root][INFO] - Reward: -0.005473288875294087
[2024-04-25 13:09:01,217][root][INFO] - --------------- Start iteration i=128 ---------------
[2024-04-25 13:09:01,217][root][INFO] - Length of data.x: 129
[2024-04-25 13:09:01,217][root][INFO] - Length of data.y: 129
[2024-04-25 13:09:01,351][root][INFO] - x: [ 0.00718152  0.02377857 -0.00029271]
[2024-04-25 13:09:01,352][root][INFO] - y: [0.00329547 0.00210398]
[2024-04-25 13:09:01,352][root][INFO] - Reward: -0.00537076253356554
[2024-04-25 13:09:01,355][root][INFO] - --------------- Start iteration i=129 ---------------
[2024-04-25 13:09:01,355][root][INFO] - Length of data.x: 130
[2024-04-25 13:09:01,355][root][INFO] - Length of data.y: 130
[2024-04-25 13:09:01,488][root][INFO] - x: [ 0.01047699  0.02588255 -0.28688056]
[2024-04-25 13:09:01,489][root][INFO] - y: [ 0.00231853 -0.00767285]
[2024-04-25 13:09:01,489][root][INFO] - Reward: -0.004067304264376463
[2024-04-25 13:09:01,492][root][INFO] - --------------- Start iteration i=130 ---------------
[2024-04-25 13:09:01,492][root][INFO] - Length of data.x: 131
[2024-04-25 13:09:01,492][root][INFO] - Length of data.y: 131
[2024-04-25 13:09:51,685][root][INFO] - Eval Returns: [-231.94026226 -117.49721154 -119.85681517 -118.93660293 -126.68713011]
[2024-04-25 13:09:51,729][root][INFO] - Eval Returns: mean=-142.984 std=44.590
[2024-04-25 13:09:51,729][root][INFO] - Eval ndata: 131.000
[2024-04-25 13:09:51,729][root][INFO] - Model MSE (current real MPC): 0.024
[2024-04-25 13:09:52,280][root][INFO] - Model MSE (random test set): 0.000
[2024-04-25 13:09:52,281][root][INFO] - Model MSE (GT MPC): 0.000
[2024-04-25 13:09:52,281][root][INFO] - Model Likelihood (random test set): -1.847
[2024-04-25 13:09:52,281][root][INFO] - Model Likelihood (GT MPC): -1.841
[2024-04-25 13:09:52,281][root][INFO] - *[TIME] [Evaluate the current MPC policy] Elapsed: 50.66 seconds
