[2024-04-24 22:56:31,525][root][INFO] - Dumper dumping to /tirl/experiments/mpc_pendulum_2024-04-24/22-56-25/seed_0
[2024-04-24 22:56:31,533][root][INFO] - Start obs: None
[2024-04-24 22:56:56,608][root][INFO] - GT Returns: [  -2.05348565   -1.75689128 -122.7947374  -219.23351332 -124.33911471]
[2024-04-24 22:56:56,608][root][INFO] - GT Returns: mean=-94.036 std=82.941
[2024-04-24 22:56:56,608][root][INFO] - Path Lengths: [39420, 39420, 39420, 39420, 39420]
[2024-04-24 22:56:56,609][root][INFO] - Path Lengths: mean=39420.000 std=0.000
[2024-04-24 22:56:56,715][root][INFO] - all_x.shape = (197100, 3)
[2024-04-24 22:56:56,721][root][INFO] - all_x.min(axis=0) = [-0.99995969 -1.         -1.        ]
[2024-04-24 22:56:56,727][root][INFO] - all_x.max(axis=0) = [0.99995878 1.         1.        ]
[2024-04-24 22:56:56,731][root][INFO] - all_x.mean(axis=0) = [ 0.00066868 -0.00361942 -0.01874445]
[2024-04-24 22:56:56,742][root][INFO] - all_x.var(axis=0) = [0.07623305 0.09481161 0.25278228]
[2024-04-24 22:56:56,815][root][INFO] - --------------- Start iteration i=0 ---------------
[2024-04-24 22:56:56,815][root][INFO] - Length of data.x: 1
[2024-04-24 22:56:56,815][root][INFO] - Length of data.y: 1
[2024-04-24 22:57:27,645][root][INFO] - Eval Returns: [-1652.58034689 -1674.03983611 -1595.54988495 -1661.54838269
 -1670.79730458]
[2024-04-24 22:57:27,696][root][INFO] - Eval Returns: mean=-1650.903 std=28.675
[2024-04-24 22:57:27,696][root][INFO] - Eval ndata: 1.000
[2024-04-24 22:57:27,696][root][INFO] - Model MSE (current real MPC): 0.066
[2024-04-24 22:57:28,242][root][INFO] - Model MSE (random test set): 0.014
[2024-04-24 22:57:28,242][root][INFO] - Model MSE (GT MPC): 0.008
[2024-04-24 22:57:28,242][root][INFO] - Model Likelihood (random test set): -1.900
[2024-04-24 22:57:28,242][root][INFO] - Model Likelihood (GT MPC): -1.908
[2024-04-24 22:57:28,242][root][INFO] - *[TIME] [Evaluate the current MPC policy] Elapsed: 31.32 seconds
[2024-04-24 22:57:29,844][root][INFO] - x: [ 0.63496685 -0.04645133 -0.98303575]
[2024-04-24 22:57:29,845][root][INFO] - y: [0.00027157 0.04858423]
[2024-04-24 22:57:29,845][root][INFO] - Reward: -3.986554997291032
[2024-04-24 22:57:33,263][root][INFO] - --------------- Start iteration i=1 ---------------
[2024-04-24 22:57:33,264][root][INFO] - Length of data.x: 2
[2024-04-24 22:57:33,264][root][INFO] - Length of data.y: 2
[2024-04-24 22:57:33,362][root][INFO] - x: [0.63523842 0.0021329  0.25301206]
[2024-04-24 22:57:33,363][root][INFO] - y: [0.01235501 0.09490309]
[2024-04-24 22:57:33,363][root][INFO] - Reward: -4.199606066673681
[2024-04-24 22:57:33,364][root][INFO] - --------------- Start iteration i=2 ---------------
[2024-04-24 22:57:33,364][root][INFO] - Length of data.x: 3
[2024-04-24 22:57:33,364][root][INFO] - Length of data.y: 3
[2024-04-24 22:57:33,472][root][INFO] - x: [ 0.64759342  0.09703599 -0.99389311]
[2024-04-24 22:57:33,473][root][INFO] - y: [0.01828579 0.04658026]
[2024-04-24 22:57:33,473][root][INFO] - Reward: -4.512090050995988
[2024-04-24 22:57:33,474][root][INFO] - --------------- Start iteration i=3 ---------------
[2024-04-24 22:57:33,474][root][INFO] - Length of data.x: 4
[2024-04-24 22:57:33,474][root][INFO] - Length of data.y: 4
[2024-04-24 22:57:33,564][root][INFO] - x: [ 0.66587921  0.14361626 -0.63487048]
[2024-04-24 22:57:33,564][root][INFO] - y: [0.02560666 0.05749795]
[2024-04-24 22:57:33,565][root][INFO] - Reward: -4.979650862643487
[2024-04-24 22:57:33,565][root][INFO] - --------------- Start iteration i=4 ---------------
[2024-04-24 22:57:33,566][root][INFO] - Length of data.x: 5
[2024-04-24 22:57:33,566][root][INFO] - Length of data.y: 5
[2024-04-24 22:57:33,666][root][INFO] - x: [0.69148587 0.2011142  0.20271363]
[2024-04-24 22:57:33,667][root][INFO] - y: [0.03641566 0.08489374]
[2024-04-24 22:57:33,667][root][INFO] - Reward: -5.753005607497946
[2024-04-24 22:57:33,668][root][INFO] - --------------- Start iteration i=5 ---------------
[2024-04-24 22:57:33,668][root][INFO] - Length of data.x: 6
[2024-04-24 22:57:33,668][root][INFO] - Length of data.y: 6
[2024-04-24 22:58:01,198][root][INFO] - Eval Returns: [-1388.64489924 -1398.1390825  -1401.05041276 -1607.40300284
  -802.191201  ]
[2024-04-24 22:58:01,248][root][INFO] - Eval Returns: mean=-1319.486 std=271.335
[2024-04-24 22:58:01,250][root][INFO] - Eval ndata: 6.000
[2024-04-24 22:58:01,250][root][INFO] - Model MSE (current real MPC): 0.159
[2024-04-24 22:58:01,802][root][INFO] - Model MSE (random test set): 0.003
[2024-04-24 22:58:01,802][root][INFO] - Model MSE (GT MPC): 0.002
[2024-04-24 22:58:01,802][root][INFO] - Model Likelihood (random test set): -1.867
[2024-04-24 22:58:01,802][root][INFO] - Model Likelihood (GT MPC): -1.863
[2024-04-24 22:58:01,802][root][INFO] - *[TIME] [Evaluate the current MPC policy] Elapsed: 28.04 seconds
[2024-04-24 22:58:04,923][root][INFO] - x: [ 0.72790153  0.28600794 -1.        ]
[2024-04-24 22:58:04,923][root][INFO] - y: [0.04064665 0.0332301 ]
[2024-04-24 22:58:04,923][root][INFO] - Reward: -6.485885798465025
[2024-04-24 22:58:06,385][root][INFO] - --------------- Start iteration i=6 ---------------
[2024-04-24 22:58:06,385][root][INFO] - Length of data.x: 7
[2024-04-24 22:58:06,385][root][INFO] - Length of data.y: 7
[2024-04-24 22:58:06,488][root][INFO] - x: [0.76854818 0.31923804 1.        ]
[2024-04-24 22:58:06,489][root][INFO] - y: [0.05335588 0.09981808]
[2024-04-24 22:58:06,489][root][INFO] - Reward: -7.79506897707159
[2024-04-24 22:58:06,490][root][INFO] - --------------- Start iteration i=7 ---------------
[2024-04-24 22:58:06,490][root][INFO] - Length of data.x: 8
[2024-04-24 22:58:06,490][root][INFO] - Length of data.y: 8
[2024-04-24 22:58:06,583][root][INFO] - x: [0.82190406 0.41905612 0.87883568]
[2024-04-24 22:58:06,584][root][INFO] - y: [0.06388757 0.08271571]
[2024-04-24 22:58:06,584][root][INFO] - Reward: -9.358405913872652
[2024-04-24 22:58:06,585][root][INFO] - --------------- Start iteration i=8 ---------------
[2024-04-24 22:58:06,585][root][INFO] - Length of data.x: 9
[2024-04-24 22:58:06,585][root][INFO] - Length of data.y: 9
[2024-04-24 22:58:06,680][root][INFO] - x: [0.88579163 0.50177183 0.17047993]
[2024-04-24 22:58:06,680][root][INFO] - y: [0.06889307 0.03931305]
[2024-04-24 22:58:06,680][root][INFO] - Reward: -10.869246168466073
[2024-04-24 22:58:06,681][root][INFO] - --------------- Start iteration i=9 ---------------
[2024-04-24 22:58:06,681][root][INFO] - Length of data.x: 10
[2024-04-24 22:58:06,681][root][INFO] - Length of data.y: 10
[2024-04-24 22:58:06,776][root][INFO] - x: [0.9546847  0.54108488 1.        ]
[2024-04-24 22:58:06,777][root][INFO] - y: [0.0753613  0.05080141]
[2024-04-24 22:58:06,777][root][INFO] - Reward: -11.531538672648727
[2024-04-24 22:58:06,778][root][INFO] - --------------- Start iteration i=10 ---------------
[2024-04-24 22:58:06,778][root][INFO] - Length of data.x: 11
[2024-04-24 22:58:06,778][root][INFO] - Length of data.y: 11
[2024-04-24 22:58:39,017][root][INFO] - Eval Returns: [-756.66049814 -644.82443255 -752.22936463 -750.53977286 -746.84592603]
[2024-04-24 22:58:39,059][root][INFO] - Eval Returns: mean=-730.220 std=42.814
[2024-04-24 22:58:39,059][root][INFO] - Eval ndata: 11.000
[2024-04-24 22:58:39,060][root][INFO] - Model MSE (current real MPC): 0.110
[2024-04-24 22:58:39,528][root][INFO] - Model MSE (random test set): 0.002
[2024-04-24 22:58:39,529][root][INFO] - Model MSE (GT MPC): 0.001
[2024-04-24 22:58:39,529][root][INFO] - Model Likelihood (random test set): -1.854
[2024-04-24 22:58:39,529][root][INFO] - Model Likelihood (GT MPC): -1.848
[2024-04-24 22:58:39,529][root][INFO] - *[TIME] [Evaluate the current MPC policy] Elapsed: 32.65 seconds
[2024-04-24 22:58:42,481][root][INFO] - x: [-0.969954    0.5918863   0.91040385]
[2024-04-24 22:58:42,482][root][INFO] - y: [0.07858311 0.02530401]
[2024-04-24 22:58:42,482][root][INFO] - Reward: -10.283044483504622
[2024-04-24 22:58:44,098][root][INFO] - --------------- Start iteration i=11 ---------------
[2024-04-24 22:58:44,098][root][INFO] - Length of data.x: 12
[2024-04-24 22:58:44,098][root][INFO] - Length of data.y: 12
[2024-04-24 22:58:44,437][root][INFO] - x: [-0.89137089  0.61719031  0.38948599]
[2024-04-24 22:58:44,438][root][INFO] - y: [ 0.07644779 -0.01677076]
[2024-04-24 22:58:44,438][root][INFO] - Reward: -8.862231372908214
[2024-04-24 22:58:44,439][root][INFO] - --------------- Start iteration i=12 ---------------
[2024-04-24 22:58:44,439][root][INFO] - Length of data.x: 13
[2024-04-24 22:58:44,439][root][INFO] - Length of data.y: 13
[2024-04-24 22:58:44,539][root][INFO] - x: [-0.8149231   0.60041954  0.90509741]
[2024-04-24 22:58:44,539][root][INFO] - y: [ 0.07421342 -0.01754866]
[2024-04-24 22:58:44,539][root][INFO] - Reward: -7.592569962508906
[2024-04-24 22:58:44,540][root][INFO] - --------------- Start iteration i=13 ---------------
[2024-04-24 22:58:44,540][root][INFO] - Length of data.x: 14
[2024-04-24 22:58:44,540][root][INFO] - Length of data.y: 14
[2024-04-24 22:58:44,639][root][INFO] - x: [-0.74070968  0.58287089  0.435515  ]
[2024-04-24 22:58:44,639][root][INFO] - y: [ 0.06760967 -0.05186574]
[2024-04-24 22:58:44,640][root][INFO] - Reward: -6.276903013986226
[2024-04-24 22:58:44,641][root][INFO] - --------------- Start iteration i=14 ---------------
[2024-04-24 22:58:44,641][root][INFO] - Length of data.x: 15
[2024-04-24 22:58:44,641][root][INFO] - Length of data.y: 15
[2024-04-24 22:58:44,740][root][INFO] - x: [-0.67310001  0.53100515  0.99410132]
[2024-04-24 22:58:44,741][root][INFO] - y: [ 0.06214147 -0.04294717]
[2024-04-24 22:58:44,741][root][INFO] - Reward: -5.212467432438495
[2024-04-24 22:58:44,742][root][INFO] - --------------- Start iteration i=15 ---------------
[2024-04-24 22:58:44,742][root][INFO] - Length of data.x: 16
[2024-04-24 22:58:44,742][root][INFO] - Length of data.y: 16
[2024-04-24 22:59:11,968][root][INFO] - Eval Returns: [-509.25327827 -774.05885302 -624.7298646  -511.01738646 -630.42509618]
[2024-04-24 22:59:12,024][root][INFO] - Eval Returns: mean=-609.897 std=97.465
[2024-04-24 22:59:12,025][root][INFO] - Eval ndata: 16.000
[2024-04-24 22:59:12,025][root][INFO] - Model MSE (current real MPC): 0.092
[2024-04-24 22:59:12,622][root][INFO] - Model MSE (random test set): 0.001
[2024-04-24 22:59:12,623][root][INFO] - Model MSE (GT MPC): 0.000
[2024-04-24 22:59:12,623][root][INFO] - Model Likelihood (random test set): -1.852
[2024-04-24 22:59:12,623][root][INFO] - Model Likelihood (GT MPC): -1.845
[2024-04-24 22:59:12,623][root][INFO] - *[TIME] [Evaluate the current MPC policy] Elapsed: 27.78 seconds
[2024-04-24 22:59:15,905][root][INFO] - x: [-0.61095854  0.48805797  0.79707378]
[2024-04-24 22:59:15,905][root][INFO] - y: [ 0.05472851 -0.05822127]
[2024-04-24 22:59:15,905][root][INFO] - Reward: -4.238577974303829
[2024-04-24 22:59:17,399][root][INFO] - --------------- Start iteration i=16 ---------------
[2024-04-24 22:59:17,399][root][INFO] - Length of data.x: 17
[2024-04-24 22:59:17,399][root][INFO] - Length of data.y: 17
[2024-04-24 22:59:17,505][root][INFO] - x: [-0.55623003  0.4298367   0.86227692]
[2024-04-24 22:59:17,506][root][INFO] - y: [ 0.04709472 -0.05995564]
[2024-04-24 22:59:17,507][root][INFO] - Reward: -3.4369577016742596
[2024-04-24 22:59:17,508][root][INFO] - --------------- Start iteration i=17 ---------------
[2024-04-24 22:59:17,508][root][INFO] - Length of data.x: 18
[2024-04-24 22:59:17,508][root][INFO] - Length of data.y: 18
[2024-04-24 22:59:17,616][root][INFO] - x: [-0.50913531  0.36988106  1.        ]
[2024-04-24 22:59:17,616][root][INFO] - y: [ 0.03993766 -0.05621139]
[2024-04-24 22:59:17,617][root][INFO] - Reward: -2.806445782648026
[2024-04-24 22:59:17,618][root][INFO] - --------------- Start iteration i=18 ---------------
[2024-04-24 22:59:17,618][root][INFO] - Length of data.x: 19
[2024-04-24 22:59:17,618][root][INFO] - Length of data.y: 19
[2024-04-24 22:59:17,733][root][INFO] - x: [-0.46919765  0.31366966  1.        ]
[2024-04-24 22:59:17,734][root][INFO] - y: [ 0.03283153 -0.0558114 ]
[2024-04-24 22:59:17,734][root][INFO] - Reward: -2.308866343492012
[2024-04-24 22:59:17,735][root][INFO] - --------------- Start iteration i=19 ---------------
[2024-04-24 22:59:17,735][root][INFO] - Length of data.x: 20
[2024-04-24 22:59:17,735][root][INFO] - Length of data.y: 20
[2024-04-24 22:59:17,839][root][INFO] - x: [-0.43636612  0.25785827  0.80715693]
[2024-04-24 22:59:17,840][root][INFO] - y: [ 0.02498653 -0.0616145 ]
[2024-04-24 22:59:17,840][root][INFO] - Reward: -1.9193448339118413
[2024-04-24 22:59:17,841][root][INFO] - --------------- Start iteration i=20 ---------------
[2024-04-24 22:59:17,841][root][INFO] - Length of data.x: 21
[2024-04-24 22:59:17,842][root][INFO] - Length of data.y: 21
[2024-04-24 22:59:53,135][root][INFO] - Eval Returns: [-112.8085095  -126.11460415 -123.27473796 -426.72947593 -117.82923975]
[2024-04-24 22:59:53,191][root][INFO] - Eval Returns: mean=-181.351 std=122.774
[2024-04-24 22:59:53,191][root][INFO] - Eval ndata: 21.000
[2024-04-24 22:59:53,192][root][INFO] - Model MSE (current real MPC): 0.028
[2024-04-24 22:59:53,797][root][INFO] - Model MSE (random test set): 0.000
[2024-04-24 22:59:53,797][root][INFO] - Model MSE (GT MPC): 0.000
[2024-04-24 22:59:53,797][root][INFO] - Model Likelihood (random test set): -1.847
[2024-04-24 22:59:53,797][root][INFO] - Model Likelihood (GT MPC): -1.842
[2024-04-24 22:59:53,797][root][INFO] - *[TIME] [Evaluate the current MPC policy] Elapsed: 35.86 seconds
[2024-04-24 22:59:56,679][root][INFO] - x: [-0.41137959  0.19624376  1.        ]
[2024-04-24 22:59:56,679][root][INFO] - y: [ 0.01828419 -0.05264005]
[2024-04-24 22:59:56,680][root][INFO] - Reward: -1.6610717119809995
[2024-04-24 22:59:58,280][root][INFO] - --------------- Start iteration i=21 ---------------
[2024-04-24 22:59:58,280][root][INFO] - Length of data.x: 22
[2024-04-24 22:59:58,280][root][INFO] - Length of data.y: 22
[2024-04-24 22:59:58,387][root][INFO] - x: [-0.3930954   0.14360372  0.68560007]
[2024-04-24 22:59:58,388][root][INFO] - y: [ 0.01028797 -0.06280221]
[2024-04-24 22:59:58,388][root][INFO] - Reward: -1.4899720281163136
[2024-04-24 22:59:58,389][root][INFO] - --------------- Start iteration i=22 ---------------
[2024-04-24 22:59:58,389][root][INFO] - Length of data.x: 23
[2024-04-24 22:59:58,389][root][INFO] - Length of data.y: 23
[2024-04-24 22:59:58,505][root][INFO] - x: [-0.38280743  0.0808015   0.92867454]
[2024-04-24 22:59:58,506][root][INFO] - y: [ 0.00358535 -0.05264224]
[2024-04-24 22:59:58,506][root][INFO] - Reward: -1.4278664193586483
[2024-04-24 22:59:58,507][root][INFO] - --------------- Start iteration i=23 ---------------
[2024-04-24 22:59:58,507][root][INFO] - Length of data.x: 24
[2024-04-24 22:59:58,507][root][INFO] - Length of data.y: 24
[2024-04-24 22:59:58,616][root][INFO] - x: [-0.37922208  0.02815926  0.91501512]
[2024-04-24 22:59:58,616][root][INFO] - y: [-0.00313339 -0.05276888]
[2024-04-24 22:59:58,616][root][INFO] - Reward: -1.4501189520183648
[2024-04-24 22:59:58,617][root][INFO] - --------------- Start iteration i=24 ---------------
[2024-04-24 22:59:58,618][root][INFO] - Length of data.x: 25
[2024-04-24 22:59:58,618][root][INFO] - Length of data.y: 25
[2024-04-24 22:59:58,727][root][INFO] - x: [-0.38235547 -0.02460962  0.19692752]
[2024-04-24 22:59:58,728][root][INFO] - y: [-0.01332374 -0.08003476]
[2024-04-24 22:59:58,728][root][INFO] - Reward: -1.615443425003129
[2024-04-24 22:59:58,729][root][INFO] - --------------- Start iteration i=25 ---------------
[2024-04-24 22:59:58,729][root][INFO] - Length of data.x: 26
[2024-04-24 22:59:58,730][root][INFO] - Length of data.y: 26
[2024-04-24 23:00:34,152][root][INFO] - Eval Returns: [-373.53662907 -367.96549037 -134.0894788  -475.86370681 -137.2973617 ]
[2024-04-24 23:00:34,195][root][INFO] - Eval Returns: mean=-297.751 std=137.788
[2024-04-24 23:00:34,195][root][INFO] - Eval ndata: 26.000
[2024-04-24 23:00:34,195][root][INFO] - Model MSE (current real MPC): 0.048
[2024-04-24 23:00:34,665][root][INFO] - Model MSE (random test set): 0.000
[2024-04-24 23:00:34,665][root][INFO] - Model MSE (GT MPC): 0.000
[2024-04-24 23:00:34,665][root][INFO] - Model Likelihood (random test set): -1.845
[2024-04-24 23:00:34,665][root][INFO] - Model Likelihood (GT MPC): -1.842
[2024-04-24 23:00:34,665][root][INFO] - *[TIME] [Evaluate the current MPC policy] Elapsed: 35.83 seconds
[2024-04-24 23:00:37,532][root][INFO] - x: [-0.39567921 -0.10464438  0.39501744]
[2024-04-24 23:00:37,532][root][INFO] - y: [-0.02273895 -0.07394694]
[2024-04-24 23:00:37,532][root][INFO] - Reward: -1.9326600884253904
[2024-04-24 23:00:39,276][root][INFO] - --------------- Start iteration i=26 ---------------
[2024-04-24 23:00:39,276][root][INFO] - Length of data.x: 27
[2024-04-24 23:00:39,277][root][INFO] - Length of data.y: 27
[2024-04-24 23:00:39,406][root][INFO] - x: [-0.41841816 -0.17859132  0.05104515]
[2024-04-24 23:00:39,406][root][INFO] - y: [-0.03404194 -0.0887735 ]
[2024-04-24 23:00:39,407][root][INFO] - Reward: -2.4780146592615195
[2024-04-24 23:00:39,408][root][INFO] - --------------- Start iteration i=27 ---------------
[2024-04-24 23:00:39,408][root][INFO] - Length of data.x: 28
[2024-04-24 23:00:39,408][root][INFO] - Length of data.y: 28
[2024-04-24 23:00:39,526][root][INFO] - x: [-0.45246011 -0.26736482  0.86992387]
[2024-04-24 23:00:39,526][root][INFO] - y: [-0.0416921  -0.06008422]
[2024-04-24 23:00:39,526][root][INFO] - Reward: -3.0992768177201726
[2024-04-24 23:00:39,528][root][INFO] - --------------- Start iteration i=28 ---------------
[2024-04-24 23:00:39,528][root][INFO] - Length of data.x: 29
[2024-04-24 23:00:39,528][root][INFO] - Length of data.y: 29
[2024-04-24 23:00:39,645][root][INFO] - x: [-0.49415221 -0.32744903 -0.39290826]
[2024-04-24 23:00:39,646][root][INFO] - y: [-0.05550271 -0.10846824]
[2024-04-24 23:00:39,646][root][INFO] - Reward: -4.198580569538571
[2024-04-24 23:00:39,648][root][INFO] - --------------- Start iteration i=29 ---------------
[2024-04-24 23:00:39,648][root][INFO] - Length of data.x: 30
[2024-04-24 23:00:39,648][root][INFO] - Length of data.y: 30
[2024-04-24 23:00:39,766][root][INFO] - x: [-0.54965492 -0.43591727 -0.19753299]
[2024-04-24 23:00:39,767][root][INFO] - y: [-0.06823754 -0.10001911]
[2024-04-24 23:00:39,767][root][INFO] - Reward: -5.606541305140718
[2024-04-24 23:00:39,768][root][INFO] - --------------- Start iteration i=30 ---------------
[2024-04-24 23:00:39,769][root][INFO] - Length of data.x: 31
[2024-04-24 23:00:39,769][root][INFO] - Length of data.y: 31
[2024-04-24 23:01:18,242][root][INFO] - Eval Returns: [-481.22444364 -481.78484911 -268.05536784 -371.54289384 -377.04050527]
[2024-04-24 23:01:18,298][root][INFO] - Eval Returns: mean=-395.930 std=79.937
[2024-04-24 23:01:18,298][root][INFO] - Eval ndata: 31.000
[2024-04-24 23:01:18,300][root][INFO] - Model MSE (current real MPC): 0.064
[2024-04-24 23:01:18,909][root][INFO] - Model MSE (random test set): 0.000
[2024-04-24 23:01:18,909][root][INFO] - Model MSE (GT MPC): 0.000
[2024-04-24 23:01:18,910][root][INFO] - Model Likelihood (random test set): -1.846
[2024-04-24 23:01:18,910][root][INFO] - Model Likelihood (GT MPC): -1.842
[2024-04-24 23:01:18,910][root][INFO] - *[TIME] [Evaluate the current MPC policy] Elapsed: 39.04 seconds
[2024-04-24 23:01:21,935][root][INFO] - x: [-0.61789246 -0.53593639 -0.04863846]
[2024-04-24 23:01:21,935][root][INFO] - y: [-0.07959701 -0.08921708]
[2024-04-24 23:01:21,935][root][INFO] - Reward: -7.3027168066472345
[2024-04-24 23:01:23,465][root][INFO] - --------------- Start iteration i=31 ---------------
[2024-04-24 23:01:23,466][root][INFO] - Length of data.x: 32
[2024-04-24 23:01:23,466][root][INFO] - Length of data.y: 32
[2024-04-24 23:01:23,571][root][INFO] - x: [-0.69748947 -0.62515346 -0.63125194]
[2024-04-24 23:01:23,572][root][INFO] - y: [-0.09232298 -0.09994954]
[2024-04-24 23:01:23,572][root][INFO] - Reward: -9.523245956281915
[2024-04-24 23:01:23,573][root][INFO] - --------------- Start iteration i=32 ---------------
[2024-04-24 23:01:23,573][root][INFO] - Length of data.x: 33
[2024-04-24 23:01:23,573][root][INFO] - Length of data.y: 33
[2024-04-24 23:01:23,677][root][INFO] - x: [-0.78981245 -0.725103   -0.11513368]
[2024-04-24 23:01:23,678][root][INFO] - y: [-0.1001943  -0.06182118]
[2024-04-24 23:01:23,678][root][INFO] - Reward: -11.781083477502747
[2024-04-24 23:01:23,679][root][INFO] - --------------- Start iteration i=33 ---------------
[2024-04-24 23:01:23,679][root][INFO] - Length of data.x: 34
[2024-04-24 23:01:23,679][root][INFO] - Length of data.y: 34
[2024-04-24 23:01:23,784][root][INFO] - x: [-0.89000674 -0.78692418 -1.        ]
[2024-04-24 23:01:23,784][root][INFO] - y: [-0.10901209 -0.0692548 ]
[2024-04-24 23:01:23,784][root][INFO] - Reward: -14.545718785338261
[2024-04-24 23:01:23,786][root][INFO] - --------------- Start iteration i=34 ---------------
[2024-04-24 23:01:23,786][root][INFO] - Length of data.x: 35
[2024-04-24 23:01:23,786][root][INFO] - Length of data.y: 35
[2024-04-24 23:01:23,890][root][INFO] - x: [-0.99901884 -0.85617899 -0.70610982]
[2024-04-24 23:01:23,890][root][INFO] - y: [-0.11242031 -0.02676809]
[2024-04-24 23:01:23,890][root][INFO] - Reward: -12.783857578336534
[2024-04-24 23:01:23,891][root][INFO] - --------------- Start iteration i=35 ---------------
[2024-04-24 23:01:23,892][root][INFO] - Length of data.x: 36
[2024-04-24 23:01:23,892][root][INFO] - Length of data.y: 36
[2024-04-24 23:01:56,785][root][INFO] - Eval Returns: [-587.21859566 -260.31281361 -369.80760007 -375.77925437 -480.43017452]
[2024-04-24 23:01:56,832][root][INFO] - Eval Returns: mean=-414.710 std=110.859
[2024-04-24 23:01:56,832][root][INFO] - Eval ndata: 36.000
[2024-04-24 23:01:56,832][root][INFO] - Model MSE (current real MPC): 0.068
[2024-04-24 23:01:57,352][root][INFO] - Model MSE (random test set): 0.000
[2024-04-24 23:01:57,352][root][INFO] - Model MSE (GT MPC): 0.000
[2024-04-24 23:01:57,352][root][INFO] - Model Likelihood (random test set): -1.847
[2024-04-24 23:01:57,352][root][INFO] - Model Likelihood (GT MPC): -1.843
[2024-04-24 23:01:57,352][root][INFO] - *[TIME] [Evaluate the current MPC policy] Elapsed: 33.36 seconds
[2024-04-24 23:02:00,388][root][INFO] - x: [ 0.88856085 -0.88294708 -0.07629516]
[2024-04-24 23:02:00,388][root][INFO] - y: [-0.10869047  0.02929408]
[2024-04-24 23:02:00,388][root][INFO] - Reward: -10.666525402741021
[2024-04-24 23:02:02,034][root][INFO] - --------------- Start iteration i=36 ---------------
[2024-04-24 23:02:02,034][root][INFO] - Length of data.x: 37
[2024-04-24 23:02:02,034][root][INFO] - Length of data.y: 37
[2024-04-24 23:02:02,144][root][INFO] - x: [ 0.77987038 -0.85365299  0.0891753 ]
[2024-04-24 23:02:02,145][root][INFO] - y: [-0.10065226  0.06313198]
[2024-04-24 23:02:02,145][root][INFO] - Reward: -8.552758553130118
[2024-04-24 23:02:02,146][root][INFO] - --------------- Start iteration i=37 ---------------
[2024-04-24 23:02:02,146][root][INFO] - Length of data.x: 38
[2024-04-24 23:02:02,146][root][INFO] - Length of data.y: 38
[2024-04-24 23:02:02,257][root][INFO] - x: [ 0.67921812 -0.79052101 -0.01154237]
[2024-04-24 23:02:02,257][root][INFO] - y: [-0.09061327  0.07884605]
[2024-04-24 23:02:02,257][root][INFO] - Reward: -6.6608611997829925
[2024-04-24 23:02:02,259][root][INFO] - --------------- Start iteration i=38 ---------------
[2024-04-24 23:02:02,259][root][INFO] - Length of data.x: 39
[2024-04-24 23:02:02,259][root][INFO] - Length of data.y: 39
[2024-04-24 23:02:02,369][root][INFO] - x: [ 0.58860486 -0.71167496 -0.20075408]
[2024-04-24 23:02:02,369][root][INFO] - y: [-0.08009465  0.08261303]
[2024-04-24 23:02:02,370][root][INFO] - Reward: -5.084870673360552
[2024-04-24 23:02:02,371][root][INFO] - --------------- Start iteration i=39 ---------------
[2024-04-24 23:02:02,371][root][INFO] - Length of data.x: 40
[2024-04-24 23:02:02,371][root][INFO] - Length of data.y: 40
[2024-04-24 23:02:02,479][root][INFO] - x: [ 0.50851021 -0.62906193 -0.11068115]
[2024-04-24 23:02:02,480][root][INFO] - y: [-0.06869076  0.08956595]
[2024-04-24 23:02:02,480][root][INFO] - Reward: -3.771994529544793
[2024-04-24 23:02:02,482][root][INFO] - --------------- Start iteration i=40 ---------------
[2024-04-24 23:02:02,482][root][INFO] - Length of data.x: 41
[2024-04-24 23:02:02,482][root][INFO] - Length of data.y: 41
[2024-04-24 23:02:43,221][root][INFO] - Eval Returns: [-246.00631456 -245.89649722 -129.60118913   -3.67780135 -126.70275577]
[2024-04-24 23:02:43,272][root][INFO] - Eval Returns: mean=-150.377 std=90.312
[2024-04-24 23:02:43,272][root][INFO] - Eval ndata: 41.000
[2024-04-24 23:02:43,272][root][INFO] - Model MSE (current real MPC): 0.024
[2024-04-24 23:02:43,860][root][INFO] - Model MSE (random test set): 0.000
[2024-04-24 23:02:43,860][root][INFO] - Model MSE (GT MPC): 0.000
[2024-04-24 23:02:43,860][root][INFO] - Model Likelihood (random test set): -1.846
[2024-04-24 23:02:43,860][root][INFO] - Model Likelihood (GT MPC): -1.841
[2024-04-24 23:02:43,861][root][INFO] - *[TIME] [Evaluate the current MPC policy] Elapsed: 41.27 seconds
[2024-04-24 23:02:46,840][root][INFO] - x: [ 0.43981945 -0.53949598 -0.85858626]
[2024-04-24 23:02:46,840][root][INFO] - y: [-0.06106629  0.05988247]
[2024-04-24 23:02:46,840][root][INFO] - Reward: -2.890968934206393
[2024-04-24 23:02:48,378][root][INFO] - --------------- Start iteration i=41 ---------------
[2024-04-24 23:02:48,378][root][INFO] - Length of data.x: 42
[2024-04-24 23:02:48,378][root][INFO] - Length of data.y: 42
[2024-04-24 23:02:48,488][root][INFO] - x: [ 0.37875316 -0.47961351 -0.14689322]
[2024-04-24 23:02:48,489][root][INFO] - y: [-0.05068656  0.0815222 ]
[2024-04-24 23:02:48,489][root][INFO] - Reward: -2.07657998176924
[2024-04-24 23:02:48,490][root][INFO] - --------------- Start iteration i=42 ---------------
[2024-04-24 23:02:48,491][root][INFO] - Length of data.x: 43
[2024-04-24 23:02:48,491][root][INFO] - Length of data.y: 43
[2024-04-24 23:02:48,600][root][INFO] - x: [ 0.3280666  -0.39809132 -0.66174177]
[2024-04-24 23:02:48,601][root][INFO] - y: [-0.04360889  0.0555879 ]
[2024-04-24 23:02:48,601][root][INFO] - Reward: -1.551137415042442
[2024-04-24 23:02:48,602][root][INFO] - --------------- Start iteration i=43 ---------------
[2024-04-24 23:02:48,602][root][INFO] - Length of data.x: 44
[2024-04-24 23:02:48,602][root][INFO] - Length of data.y: 44
[2024-04-24 23:02:48,715][root][INFO] - x: [ 0.28445771 -0.34250342 -0.62297239]
[2024-04-24 23:02:48,716][root][INFO] - y: [-0.03728039  0.04970392]
[2024-04-24 23:02:48,716][root][INFO] - Reward: -1.1532338621701637
[2024-04-24 23:02:48,718][root][INFO] - --------------- Start iteration i=44 ---------------
[2024-04-24 23:02:48,718][root][INFO] - Length of data.x: 45
[2024-04-24 23:02:48,718][root][INFO] - Length of data.y: 45
[2024-04-24 23:02:48,836][root][INFO] - x: [ 0.24717732 -0.2927995  -0.28208458]
[2024-04-24 23:02:48,837][root][INFO] - y: [-0.03026196  0.05512264]
[2024-04-24 23:02:48,837][root][INFO] - Reward: -0.8262435092418663
[2024-04-24 23:02:48,839][root][INFO] - --------------- Start iteration i=45 ---------------
[2024-04-24 23:02:48,839][root][INFO] - Length of data.x: 46
[2024-04-24 23:02:48,839][root][INFO] - Length of data.y: 46
[2024-04-24 23:03:27,270][root][INFO] - Eval Returns: [  -0.75527635 -120.01834097 -115.41794122 -121.98987899 -339.66099742]
[2024-04-24 23:03:27,320][root][INFO] - Eval Returns: mean=-139.568 std=110.073
[2024-04-24 23:03:27,322][root][INFO] - Eval ndata: 46.000
[2024-04-24 23:03:27,322][root][INFO] - Model MSE (current real MPC): 0.024
[2024-04-24 23:03:27,928][root][INFO] - Model MSE (random test set): 0.000
[2024-04-24 23:03:27,928][root][INFO] - Model MSE (GT MPC): 0.000
[2024-04-24 23:03:27,928][root][INFO] - Model Likelihood (random test set): -1.847
[2024-04-24 23:03:27,928][root][INFO] - Model Likelihood (GT MPC): -1.841
[2024-04-24 23:03:27,928][root][INFO] - *[TIME] [Evaluate the current MPC policy] Elapsed: 38.97 seconds
[2024-04-24 23:03:30,770][root][INFO] - x: [ 0.21691536 -0.23767686 -0.08558758]
[2024-04-24 23:03:30,771][root][INFO] - y: [-0.0231514   0.05584616]
[2024-04-24 23:03:30,771][root][INFO] - Reward: -0.5821777965568348
[2024-04-24 23:03:32,209][root][INFO] - --------------- Start iteration i=46 ---------------
[2024-04-24 23:03:32,209][root][INFO] - Length of data.x: 47
[2024-04-24 23:03:32,209][root][INFO] - Length of data.y: 47
[2024-04-24 23:03:32,323][root][INFO] - x: [ 0.19376396 -0.1818307  -0.98042543]
[2024-04-24 23:03:32,324][root][INFO] - y: [-0.02100694  0.01684254]
[2024-04-24 23:03:32,325][root][INFO] - Reward: -0.4726181571995114
[2024-04-24 23:03:32,326][root][INFO] - --------------- Start iteration i=47 ---------------
[2024-04-24 23:03:32,327][root][INFO] - Length of data.x: 48
[2024-04-24 23:03:32,327][root][INFO] - Length of data.y: 48
[2024-04-24 23:03:32,440][root][INFO] - x: [ 0.17275702 -0.16498816 -0.33767547]
[2024-04-24 23:03:32,440][root][INFO] - y: [-0.01645423  0.03575694]
[2024-04-24 23:03:32,440][root][INFO] - Reward: -0.3484606253247542
[2024-04-24 23:03:32,442][root][INFO] - --------------- Start iteration i=48 ---------------
[2024-04-24 23:03:32,442][root][INFO] - Length of data.x: 49
[2024-04-24 23:03:32,442][root][INFO] - Length of data.y: 49
[2024-04-24 23:03:32,561][root][INFO] - x: [ 0.15630279 -0.12923122 -0.84951903]
[2024-04-24 23:03:32,562][root][INFO] - y: [-0.01488175  0.01235019]
[2024-04-24 23:03:32,562][root][INFO] - Reward: -0.28770944850478053
[2024-04-24 23:03:32,564][root][INFO] - --------------- Start iteration i=49 ---------------
[2024-04-24 23:03:32,564][root][INFO] - Length of data.x: 50
[2024-04-24 23:03:32,564][root][INFO] - Length of data.y: 50
[2024-04-24 23:03:32,677][root][INFO] - x: [ 0.14142103 -0.11688103 -0.58279093]
[2024-04-24 23:03:32,677][root][INFO] - y: [-0.01253384  0.01844045]
[2024-04-24 23:03:32,678][root][INFO] - Reward: -0.22733105572667964
[2024-04-24 23:03:32,679][root][INFO] - --------------- Start iteration i=50 ---------------
[2024-04-24 23:03:32,680][root][INFO] - Length of data.x: 51
[2024-04-24 23:03:32,680][root][INFO] - Length of data.y: 51
[2024-04-24 23:04:10,352][root][INFO] - Eval Returns: [  -2.1658369    -0.54885877 -446.15277147 -114.93483039 -112.57143034]
[2024-04-24 23:04:10,390][root][INFO] - Eval Returns: mean=-135.275 std=163.367
[2024-04-24 23:04:10,391][root][INFO] - Eval ndata: 51.000
[2024-04-24 23:04:10,391][root][INFO] - Model MSE (current real MPC): 0.024
[2024-04-24 23:04:10,914][root][INFO] - Model MSE (random test set): 0.000
[2024-04-24 23:04:10,915][root][INFO] - Model MSE (GT MPC): 0.000
[2024-04-24 23:04:10,915][root][INFO] - Model Likelihood (random test set): -1.847
[2024-04-24 23:04:10,915][root][INFO] - Model Likelihood (GT MPC): -1.841
[2024-04-24 23:04:10,915][root][INFO] - *[TIME] [Evaluate the current MPC policy] Elapsed: 38.12 seconds
[2024-04-24 23:04:13,921][root][INFO] - x: [ 0.12888719 -0.09844058 -0.95184954]
[2024-04-24 23:04:13,922][root][INFO] - y: [-0.01237631  0.00123724]
[2024-04-24 23:04:13,922][root][INFO] - Reward: -0.19807216483638812
[2024-04-24 23:04:15,442][root][INFO] - --------------- Start iteration i=51 ---------------
[2024-04-24 23:04:15,442][root][INFO] - Length of data.x: 52
[2024-04-24 23:04:15,442][root][INFO] - Length of data.y: 52
[2024-04-24 23:04:15,570][root][INFO] - x: [ 0.11651088 -0.09720335 -0.31874817]
[2024-04-24 23:04:15,571][root][INFO] - y: [-0.00962598  0.0216011 ]
[2024-04-24 23:04:15,571][root][INFO] - Reward: -0.1497410124209194
[2024-04-24 23:04:15,573][root][INFO] - --------------- Start iteration i=52 ---------------
[2024-04-24 23:04:15,573][root][INFO] - Length of data.x: 53
[2024-04-24 23:04:15,573][root][INFO] - Length of data.y: 53
[2024-04-24 23:04:15,691][root][INFO] - x: [ 0.1068849  -0.07560225 -0.62684531]
[2024-04-24 23:04:15,692][root][INFO] - y: [-0.00868566  0.00738524]
[2024-04-24 23:04:15,692][root][INFO] - Reward: -0.12652801874914443
[2024-04-24 23:04:15,694][root][INFO] - --------------- Start iteration i=53 ---------------
[2024-04-24 23:04:15,694][root][INFO] - Length of data.x: 54
[2024-04-24 23:04:15,694][root][INFO] - Length of data.y: 54
[2024-04-24 23:04:15,809][root][INFO] - x: [ 0.09819924 -0.068217   -0.86177587]
[2024-04-24 23:04:15,809][root][INFO] - y: [-0.009176   -0.00385112]
[2024-04-24 23:04:15,810][root][INFO] - Reward: -0.11442902214550328
[2024-04-24 23:04:15,812][root][INFO] - --------------- Start iteration i=54 ---------------
[2024-04-24 23:04:15,812][root][INFO] - Length of data.x: 55
[2024-04-24 23:04:15,812][root][INFO] - Length of data.y: 55
[2024-04-24 23:04:15,935][root][INFO] - x: [ 0.08902324 -0.07206813 -0.53562907]
[2024-04-24 23:04:15,936][root][INFO] - y: [-0.00843842  0.00579295]
[2024-04-24 23:04:15,936][root][INFO] - Reward: -0.09335131395644634
[2024-04-24 23:04:15,938][root][INFO] - --------------- Start iteration i=55 ---------------
[2024-04-24 23:04:15,938][root][INFO] - Length of data.x: 56
[2024-04-24 23:04:15,938][root][INFO] - Length of data.y: 56
[2024-04-24 23:04:52,284][root][INFO] - Eval Returns: [-329.27937882 -119.51448764 -125.51758504   -1.52867625 -427.98940111]
[2024-04-24 23:04:52,329][root][INFO] - Eval Returns: mean=-200.766 std=154.988
[2024-04-24 23:04:52,330][root][INFO] - Eval ndata: 56.000
[2024-04-24 23:04:52,330][root][INFO] - Model MSE (current real MPC): 0.036
[2024-04-24 23:04:52,845][root][INFO] - Model MSE (random test set): 0.000
[2024-04-24 23:04:52,845][root][INFO] - Model MSE (GT MPC): 0.000
[2024-04-24 23:04:52,845][root][INFO] - Model Likelihood (random test set): -1.847
[2024-04-24 23:04:52,846][root][INFO] - Model Likelihood (GT MPC): -1.841
[2024-04-24 23:04:52,846][root][INFO] - *[TIME] [Evaluate the current MPC policy] Elapsed: 36.78 seconds
