[2024-04-25 14:26:57,531][root][INFO] - Dumper dumping to /tirl/experiments/mpc_rustypendulum_init_forgetting_2024-04-25/14-26-52/seed_3
[2024-04-25 14:26:57,536][root][INFO] - Start obs: None
[2024-04-25 14:27:15,032][root][INFO] - GT Returns: [-118.7569499  -230.53476394   -1.644961   -125.62996536 -126.86280446]
[2024-04-25 14:27:15,032][root][INFO] - GT Returns: mean=-120.686 std=72.531
[2024-04-25 14:27:15,032][root][INFO] - Path Lengths: [39420, 39420, 39420, 39420, 39420]
[2024-04-25 14:27:15,032][root][INFO] - Path Lengths: mean=39420.000 std=0.000
[2024-04-25 14:27:15,104][root][INFO] - all_x.shape = (197100, 3)
[2024-04-25 14:27:15,109][root][INFO] - all_x.min(axis=0) = [-0.9996631 -1.        -1.       ]
[2024-04-25 14:27:15,114][root][INFO] - all_x.max(axis=0) = [0.99989664 1.         1.        ]
[2024-04-25 14:27:15,118][root][INFO] - all_x.mean(axis=0) = [-0.00091496 -0.01502902  0.00898222]
[2024-04-25 14:27:15,127][root][INFO] - all_x.var(axis=0) = [0.07943412 0.1031089  0.248066  ]
[2024-04-25 14:27:15,185][root][INFO] - --------------- Start iteration i=0 ---------------
[2024-04-25 14:27:15,185][root][INFO] - Length of data.x: 17
[2024-04-25 14:27:15,185][root][INFO] - Length of data.y: 17
[2024-04-25 14:27:38,474][root][INFO] - Eval Returns: [ -125.61662787  -848.38777728  -484.98354383 -1745.80973864
  -123.40639294]
[2024-04-25 14:27:38,515][root][INFO] - Eval Returns: mean=-665.641 std=603.066
[2024-04-25 14:27:38,516][root][INFO] - Eval ndata: 17.000
[2024-04-25 14:27:38,516][root][INFO] - Model MSE (current real MPC): 0.052
[2024-04-25 14:27:38,993][root][INFO] - Model MSE (random test set): 0.000
[2024-04-25 14:27:38,993][root][INFO] - Model MSE (GT MPC): 0.000
[2024-04-25 14:27:38,993][root][INFO] - Model Likelihood (random test set): -1.849
[2024-04-25 14:27:38,993][root][INFO] - Model Likelihood (GT MPC): -1.843
[2024-04-25 14:27:38,993][root][INFO] - *[TIME] [Evaluate the current MPC policy] Elapsed: 23.73 seconds
[2024-04-25 14:27:40,485][root][INFO] - x: [-0.48329357 -0.04278438 -0.57329948]
[2024-04-25 14:27:40,485][root][INFO] - y: [-0.02010496 -0.11511964]
[2024-04-25 14:27:40,486][root][INFO] - Reward: -2.661947637294169
[2024-04-25 14:27:43,666][root][INFO] - --------------- Start iteration i=1 ---------------
[2024-04-25 14:27:43,666][root][INFO] - Length of data.x: 18
[2024-04-25 14:27:43,666][root][INFO] - Length of data.y: 18
[2024-04-25 14:27:43,823][root][INFO] - x: [-0.50339853 -0.15790402 -0.52242977]
[2024-04-25 14:27:43,824][root][INFO] - y: [-0.03453532 -0.11333577]
[2024-04-25 14:27:43,824][root][INFO] - Reward: -3.327941811058354
[2024-04-25 14:27:43,825][root][INFO] - --------------- Start iteration i=2 ---------------
[2024-04-25 14:27:43,825][root][INFO] - Length of data.x: 19
[2024-04-25 14:27:43,825][root][INFO] - Length of data.y: 19
[2024-04-25 14:27:43,984][root][INFO] - x: [-0.53793385 -0.27123979 -0.905243  ]
[2024-04-25 14:27:43,984][root][INFO] - y: [-0.0507095  -0.12703167]
[2024-04-25 14:27:43,985][root][INFO] - Reward: -4.4382748013665045
[2024-04-25 14:27:43,986][root][INFO] - --------------- Start iteration i=3 ---------------
[2024-04-25 14:27:43,987][root][INFO] - Length of data.x: 20
[2024-04-25 14:27:43,987][root][INFO] - Length of data.y: 20
[2024-04-25 14:27:44,097][root][INFO] - x: [-0.58864335 -0.39827146  0.00940702]
[2024-04-25 14:27:44,098][root][INFO] - y: [-0.06214133 -0.08978543]
[2024-04-25 14:27:44,098][root][INFO] - Reward: -5.704459346073045
[2024-04-25 14:27:44,099][root][INFO] - --------------- Start iteration i=4 ---------------
[2024-04-25 14:27:44,099][root][INFO] - Length of data.x: 21
[2024-04-25 14:27:44,099][root][INFO] - Length of data.y: 21
[2024-04-25 14:27:44,209][root][INFO] - x: [-0.65078468 -0.48805689 -0.27545678]
[2024-04-25 14:27:44,209][root][INFO] - y: [-0.07407876 -0.09375631]
[2024-04-25 14:27:44,210][root][INFO] - Reward: -7.352502720027644
[2024-04-25 14:27:44,211][root][INFO] - --------------- Start iteration i=5 ---------------
[2024-04-25 14:27:44,211][root][INFO] - Length of data.x: 22
[2024-04-25 14:27:44,211][root][INFO] - Length of data.y: 22
[2024-04-25 14:28:13,404][root][INFO] - Eval Returns: [-255.60416119 -238.97476578 -122.28451208 -248.69909064 -493.60805176]
[2024-04-25 14:28:13,436][root][INFO] - Eval Returns: mean=-271.834 std=121.183
[2024-04-25 14:28:13,436][root][INFO] - Eval ndata: 22.000
[2024-04-25 14:28:13,436][root][INFO] - Model MSE (current real MPC): 0.044
[2024-04-25 14:28:13,896][root][INFO] - Model MSE (random test set): 0.000
[2024-04-25 14:28:13,896][root][INFO] - Model MSE (GT MPC): 0.000
[2024-04-25 14:28:13,896][root][INFO] - Model Likelihood (random test set): -1.848
[2024-04-25 14:28:13,896][root][INFO] - Model Likelihood (GT MPC): -1.842
[2024-04-25 14:28:13,896][root][INFO] - *[TIME] [Evaluate the current MPC policy] Elapsed: 29.62 seconds
[2024-04-25 14:28:17,989][root][INFO] - x: [-0.72486344 -0.5818132  -0.30047174]
[2024-04-25 14:28:17,989][root][INFO] - y: [-0.0845934  -0.08258186]
[2024-04-25 14:28:17,990][root][INFO] - Reward: -9.292220557382205
[2024-04-25 14:28:20,538][root][INFO] - --------------- Start iteration i=6 ---------------
[2024-04-25 14:28:20,539][root][INFO] - Length of data.x: 23
[2024-04-25 14:28:20,539][root][INFO] - Length of data.y: 23
[2024-04-25 14:28:20,644][root][INFO] - x: [-0.80945684 -0.66439506 -0.3794506 ]
[2024-04-25 14:28:20,644][root][INFO] - y: [-0.09313136 -0.06705694]
[2024-04-25 14:28:20,645][root][INFO] - Reward: -11.465143242501783
[2024-04-25 14:28:20,645][root][INFO] - --------------- Start iteration i=7 ---------------
[2024-04-25 14:28:20,645][root][INFO] - Length of data.x: 24
[2024-04-25 14:28:20,645][root][INFO] - Length of data.y: 24
[2024-04-25 14:28:20,745][root][INFO] - x: [-0.9025882  -0.73145201 -0.50191666]
[2024-04-25 14:28:20,745][root][INFO] - y: [-0.09912402 -0.04706628]
[2024-04-25 14:28:20,746][root][INFO] - Reward: -13.715824220351205
[2024-04-25 14:28:20,747][root][INFO] - --------------- Start iteration i=8 ---------------
[2024-04-25 14:28:20,747][root][INFO] - Length of data.x: 25
[2024-04-25 14:28:20,747][root][INFO] - Length of data.y: 25
[2024-04-25 14:28:20,848][root][INFO] - x: [ 0.99828777 -0.77851829 -0.78343213]
[2024-04-25 14:28:20,849][root][INFO] - y: [-0.10144714 -0.01824572]
[2024-04-25 14:28:20,849][root][INFO] - Reward: -12.003736963895033
[2024-04-25 14:28:20,850][root][INFO] - --------------- Start iteration i=9 ---------------
[2024-04-25 14:28:20,850][root][INFO] - Length of data.x: 26
[2024-04-25 14:28:20,850][root][INFO] - Length of data.y: 26
[2024-04-25 14:28:20,956][root][INFO] - x: [ 0.89684063 -0.79676401 -0.29512991]
[2024-04-25 14:28:20,957][root][INFO] - y: [-0.09905517  0.01878649]
[2024-04-25 14:28:20,957][root][INFO] - Reward: -10.155567085018358
[2024-04-25 14:28:20,958][root][INFO] - --------------- Start iteration i=10 ---------------
[2024-04-25 14:28:20,958][root][INFO] - Length of data.x: 27
[2024-04-25 14:28:20,958][root][INFO] - Length of data.y: 27
[2024-04-25 14:28:49,902][root][INFO] - Eval Returns: [-346.60135915 -122.3042816  -356.84449668 -244.5577298  -697.91178851]
[2024-04-25 14:28:49,942][root][INFO] - Eval Returns: mean=-353.644 std=191.832
[2024-04-25 14:28:49,943][root][INFO] - Eval ndata: 27.000
[2024-04-25 14:28:49,944][root][INFO] - Model MSE (current real MPC): 0.056
[2024-04-25 14:28:50,425][root][INFO] - Model MSE (random test set): 0.000
[2024-04-25 14:28:50,426][root][INFO] - Model MSE (GT MPC): 0.000
[2024-04-25 14:28:50,426][root][INFO] - Model Likelihood (random test set): -1.846
[2024-04-25 14:28:50,426][root][INFO] - Model Likelihood (GT MPC): -1.841
[2024-04-25 14:28:50,426][root][INFO] - *[TIME] [Evaluate the current MPC policy] Elapsed: 29.40 seconds
[2024-04-25 14:28:54,581][root][INFO] - x: [ 0.79778546 -0.77797752 -0.00572394]
[2024-04-25 14:28:54,581][root][INFO] - y: [-0.09199932  0.05541655]
[2024-04-25 14:28:54,581][root][INFO] - Reward: -8.257790599922837
[2024-04-25 14:28:56,982][root][INFO] - --------------- Start iteration i=11 ---------------
[2024-04-25 14:28:56,983][root][INFO] - Length of data.x: 28
[2024-04-25 14:28:56,983][root][INFO] - Length of data.y: 28
[2024-04-25 14:28:57,144][root][INFO] - x: [ 0.70578614 -0.72256097 -0.62009631]
[2024-04-25 14:28:57,145][root][INFO] - y: [-0.08485884  0.05608118]
[2024-04-25 14:28:57,145][root][INFO] - Reward: -6.649621300222565
[2024-04-25 14:28:57,146][root][INFO] - --------------- Start iteration i=12 ---------------
[2024-04-25 14:28:57,146][root][INFO] - Length of data.x: 29
[2024-04-25 14:28:57,146][root][INFO] - Length of data.y: 29
[2024-04-25 14:28:57,293][root][INFO] - x: [ 0.6209273  -0.66647979 -0.60463777]
[2024-04-25 14:28:57,294][root][INFO] - y: [-0.07616062  0.06831563]
[2024-04-25 14:28:57,294][root][INFO] - Reward: -5.220394541649241
[2024-04-25 14:28:57,295][root][INFO] - --------------- Start iteration i=13 ---------------
[2024-04-25 14:28:57,296][root][INFO] - Length of data.x: 30
[2024-04-25 14:28:57,296][root][INFO] - Length of data.y: 30
[2024-04-25 14:28:57,412][root][INFO] - x: [ 0.54476668 -0.59816415 -0.8294135 ]
[2024-04-25 14:28:57,412][root][INFO] - y: [-0.06672918  0.07407437]
[2024-04-25 14:28:57,413][root][INFO] - Reward: -4.016040973081733
[2024-04-25 14:28:57,414][root][INFO] - --------------- Start iteration i=14 ---------------
[2024-04-25 14:28:57,414][root][INFO] - Length of data.x: 31
[2024-04-25 14:28:57,414][root][INFO] - Length of data.y: 31
[2024-04-25 14:28:57,533][root][INFO] - x: [ 0.4780375  -0.52408978 -1.        ]
[2024-04-25 14:28:57,533][root][INFO] - y: [-0.05959561  0.05602693]
[2024-04-25 14:28:57,533][root][INFO] - Reward: -3.1342348896513665
[2024-04-25 14:28:57,534][root][INFO] - --------------- Start iteration i=15 ---------------
[2024-04-25 14:28:57,534][root][INFO] - Length of data.x: 32
[2024-04-25 14:28:57,534][root][INFO] - Length of data.y: 32
[2024-04-25 14:29:27,854][root][INFO] - Eval Returns: [-244.29689853 -126.23801412 -119.53474511 -373.03786188 -230.92853592]
[2024-04-25 14:29:27,897][root][INFO] - Eval Returns: mean=-218.807 std=92.745
[2024-04-25 14:29:27,898][root][INFO] - Eval ndata: 32.000
[2024-04-25 14:29:27,899][root][INFO] - Model MSE (current real MPC): 0.036
[2024-04-25 14:29:28,396][root][INFO] - Model MSE (random test set): 0.000
[2024-04-25 14:29:28,396][root][INFO] - Model MSE (GT MPC): 0.000
[2024-04-25 14:29:28,396][root][INFO] - Model Likelihood (random test set): -1.845
[2024-04-25 14:29:28,396][root][INFO] - Model Likelihood (GT MPC): -1.840
[2024-04-25 14:29:28,396][root][INFO] - *[TIME] [Evaluate the current MPC policy] Elapsed: 30.79 seconds
[2024-04-25 14:29:31,890][root][INFO] - x: [ 0.41844189 -0.46806284 -0.72643853]
[2024-04-25 14:29:31,890][root][INFO] - y: [-0.05151716  0.06344802]
[2024-04-25 14:29:31,890][root][INFO] - Reward: -2.3786570755193788
[2024-04-25 14:29:33,932][root][INFO] - --------------- Start iteration i=16 ---------------
[2024-04-25 14:29:33,933][root][INFO] - Length of data.x: 33
[2024-04-25 14:29:33,933][root][INFO] - Length of data.y: 33
[2024-04-25 14:29:34,081][root][INFO] - x: [ 0.36692473 -0.40461483 -0.81710959]
[2024-04-25 14:29:34,081][root][INFO] - y: [-0.04450999  0.05503416]
[2024-04-25 14:29:34,082][root][INFO] - Reward: -1.8107510842303334
[2024-04-25 14:29:34,083][root][INFO] - --------------- Start iteration i=17 ---------------
[2024-04-25 14:29:34,083][root][INFO] - Length of data.x: 34
[2024-04-25 14:29:34,083][root][INFO] - Length of data.y: 34
[2024-04-25 14:29:34,198][root][INFO] - x: [ 0.32241474 -0.34958066 -0.9608067 ]
[2024-04-25 14:29:34,198][root][INFO] - y: [-0.03897085  0.04350429]
[2024-04-25 14:29:34,198][root][INFO] - Reward: -1.3961905437882978
[2024-04-25 14:29:34,199][root][INFO] - --------------- Start iteration i=18 ---------------
[2024-04-25 14:29:34,199][root][INFO] - Length of data.x: 35
[2024-04-25 14:29:34,199][root][INFO] - Length of data.y: 35
[2024-04-25 14:29:34,317][root][INFO] - x: [ 0.28344389 -0.30607637 -0.4380361 ]
[2024-04-25 14:29:34,317][root][INFO] - y: [-0.03178322  0.05645157]
[2024-04-25 14:29:34,317][root][INFO] - Reward: -1.024640386365589
[2024-04-25 14:29:34,318][root][INFO] - --------------- Start iteration i=19 ---------------
[2024-04-25 14:29:34,318][root][INFO] - Length of data.x: 36
[2024-04-25 14:29:34,318][root][INFO] - Length of data.y: 36
[2024-04-25 14:29:34,442][root][INFO] - x: [ 0.25166067 -0.2496248  -0.99469739]
[2024-04-25 14:29:34,442][root][INFO] - y: [-0.02804816  0.02933506]
[2024-04-25 14:29:34,443][root][INFO] - Reward: -0.8080396154488695
[2024-04-25 14:29:34,444][root][INFO] - --------------- Start iteration i=20 ---------------
[2024-04-25 14:29:34,444][root][INFO] - Length of data.x: 37
[2024-04-25 14:29:34,444][root][INFO] - Length of data.y: 37
[2024-04-25 14:30:05,576][root][INFO] - Eval Returns: [-125.68234399   -1.45566587 -242.94740873 -126.93841481 -126.35892659]
[2024-04-25 14:30:05,624][root][INFO] - Eval Returns: mean=-124.677 std=76.394
[2024-04-25 14:30:05,624][root][INFO] - Eval ndata: 37.000
[2024-04-25 14:30:05,626][root][INFO] - Model MSE (current real MPC): 0.020
[2024-04-25 14:30:06,212][root][INFO] - Model MSE (random test set): 0.000
[2024-04-25 14:30:06,212][root][INFO] - Model MSE (GT MPC): 0.000
[2024-04-25 14:30:06,213][root][INFO] - Model Likelihood (random test set): -1.845
[2024-04-25 14:30:06,213][root][INFO] - Model Likelihood (GT MPC): -1.840
[2024-04-25 14:30:06,213][root][INFO] - *[TIME] [Evaluate the current MPC policy] Elapsed: 31.69 seconds
