[2024-04-24 17:22:56,754][root][INFO] - Dumper dumping to /tirl/experiments/mpc_frozencartpole_newhypers_initdata_gpforgetting_2024-04-24/17-22-51/seed_3
[2024-04-24 17:22:56,760][root][INFO] - Start obs: None
[2024-04-24 17:23:20,368][root][INFO] - GT Returns: [-10.19376352 -10.61003225 -10.79490409 -11.48426532 -10.4200783 ]
[2024-04-24 17:23:20,368][root][INFO] - GT Returns: mean=-10.701 std=0.440
[2024-04-24 17:23:20,369][root][INFO] - Path Lengths: [36345, 36345, 36345, 36345, 36345]
[2024-04-24 17:23:20,369][root][INFO] - Path Lengths: mean=36345.000 std=0.000
[2024-04-24 17:23:20,464][root][INFO] - all_x.shape = (181725, 5)
[2024-04-24 17:23:20,470][root][INFO] - all_x.min(axis=0) = [-0.55212167 -0.88639882 -0.99999271 -0.82331087 -1.        ]
[2024-04-24 17:23:20,475][root][INFO] - all_x.max(axis=0) = [0.93164566 1.56328493 0.99998939 0.85372483 1.        ]
[2024-04-24 17:23:20,479][root][INFO] - all_x.mean(axis=0) = [-0.00198998  0.0092487  -0.00962412 -0.0230073   0.02087063]
[2024-04-24 17:23:20,490][root][INFO] - all_x.var(axis=0) = [0.00691059 0.03255462 0.23734533 0.0775185  0.23468893]
[2024-04-24 17:23:20,573][root][INFO] - --------------- Start iteration i=0 ---------------
[2024-04-24 17:23:20,573][root][INFO] - Length of data.x: 301
[2024-04-24 17:23:20,573][root][INFO] - Length of data.y: 301
[2024-04-24 17:23:54,503][root][INFO] - Eval Returns: [-23.00943943 -21.42044985 -24.38451325 -24.64972377 -20.53996509]
[2024-04-24 17:23:54,514][root][INFO] - Eval Returns: mean=-22.801 std=1.612
[2024-04-24 17:23:54,514][root][INFO] - Eval ndata: 301.000
[2024-04-24 17:23:54,514][root][INFO] - Model MSE (current real MPC): 0.510
[2024-04-24 17:23:56,293][root][INFO] - Model MSE (random test set): 0.371
[2024-04-24 17:23:56,293][root][INFO] - Model MSE (GT MPC): 0.054
[2024-04-24 17:23:56,293][root][INFO] - Model Likelihood (random test set): -3.723
[2024-04-24 17:23:56,293][root][INFO] - Model Likelihood (GT MPC): -3.681
[2024-04-24 17:23:56,293][root][INFO] - *[TIME] [Evaluate the current MPC policy] Elapsed: 35.26 seconds
[2024-04-24 17:23:58,396][root][INFO] - x: [-1.25349892e-04  1.14095872e-03 -9.98199114e-01 -4.17135626e-04
 -4.57501300e-01]
[2024-04-24 17:23:58,396][root][INFO] - y: [ 0.0001141  -0.03628417 -0.00033195  0.03572776]
[2024-04-24 17:23:58,396][root][INFO] - Reward: -0.9999900699365355
[2024-04-24 17:24:00,727][root][INFO] - --------------- Start iteration i=1 ---------------
[2024-04-24 17:24:00,727][root][INFO] - Length of data.x: 302
[2024-04-24 17:24:00,728][root][INFO] - Length of data.y: 302
[2024-04-24 17:24:01,449][root][INFO] - x: [-1.12540197e-05 -3.51432109e-02 -9.98531060e-01  3.53106258e-02
 -3.95709844e-01]
[2024-04-24 17:24:01,450][root][INFO] - y: [-0.00351432 -0.03081342  0.02809933  0.03035967]
[2024-04-24 17:24:01,450][root][INFO] - Reward: -0.9999902330323909
[2024-04-24 17:24:01,454][root][INFO] - --------------- Start iteration i=2 ---------------
[2024-04-24 17:24:01,455][root][INFO] - Length of data.x: 303
[2024-04-24 17:24:01,455][root][INFO] - Length of data.y: 303
[2024-04-24 17:24:02,035][root][INFO] - x: [-0.00352558 -0.06595663 -0.97043173  0.06567029 -0.39680153]
[2024-04-24 17:24:02,035][root][INFO] - y: [-0.00659566 -0.02452029  0.0522588   0.01530551]
[2024-04-24 17:24:02,036][root][INFO] - Reward: -0.9999913651998186
[2024-04-24 17:24:02,040][root][INFO] - --------------- Start iteration i=3 ---------------
[2024-04-24 17:24:02,040][root][INFO] - Length of data.x: 304
[2024-04-24 17:24:02,040][root][INFO] - Length of data.y: 304
[2024-04-24 17:24:02,541][root][INFO] - x: [-0.01012124 -0.09047692 -0.91817293  0.0809758  -0.36263775]
[2024-04-24 17:24:02,542][root][INFO] - y: [-0.00904769 -0.01017988  0.06443854 -0.01512176]
[2024-04-24 17:24:02,542][root][INFO] - Reward: -0.9999940530183293
[2024-04-24 17:24:02,544][root][INFO] - --------------- Start iteration i=4 ---------------
[2024-04-24 17:24:02,544][root][INFO] - Length of data.x: 305
[2024-04-24 17:24:02,544][root][INFO] - Length of data.y: 305
[2024-04-24 17:24:02,891][root][INFO] - x: [-0.01916893 -0.1006568  -0.85373439  0.06585404  0.06375028]
[2024-04-24 17:24:02,892][root][INFO] - y: [-0.01006568  0.02953123  0.05240502 -0.07002047]
[2024-04-24 17:24:02,892][root][INFO] - Reward: -0.9999971205181662
[2024-04-24 17:24:02,894][root][INFO] - --------------- Start iteration i=5 ---------------
[2024-04-24 17:24:02,895][root][INFO] - Length of data.x: 306
[2024-04-24 17:24:02,895][root][INFO] - Length of data.y: 306
[2024-04-24 17:24:03,243][root][INFO] - x: [-0.02923461 -0.07112556 -0.80132937 -0.00416643  0.01014954]
[2024-04-24 17:24:03,243][root][INFO] - y: [-0.00711256  0.02482026 -0.00331554 -0.07752912]
[2024-04-24 17:24:03,243][root][INFO] - Reward: -0.9999986765945093
[2024-04-24 17:24:03,245][root][INFO] - --------------- Start iteration i=6 ---------------
[2024-04-24 17:24:03,245][root][INFO] - Length of data.x: 307
[2024-04-24 17:24:03,245][root][INFO] - Length of data.y: 307
[2024-04-24 17:24:03,610][root][INFO] - x: [-0.03634717 -0.0463053  -0.80464491 -0.08169555  0.27860315]
[2024-04-24 17:24:03,610][root][INFO] - y: [-0.00463053  0.04715173 -0.06501131 -0.09510212]
[2024-04-24 17:24:03,611][root][INFO] - Reward: -0.9999991287658989
[2024-04-24 17:24:03,613][root][INFO] - --------------- Start iteration i=7 ---------------
[2024-04-24 17:24:03,614][root][INFO] - Length of data.x: 308
[2024-04-24 17:24:03,614][root][INFO] - Length of data.y: 308
[2024-04-24 17:24:03,985][root][INFO] - x: [-4.09776958e-02  8.46432914e-04 -8.69656216e-01 -1.76797674e-01
  6.87889065e-01]
[2024-04-24 17:24:03,986][root][INFO] - y: [ 8.46432914e-05  8.69354750e-02 -1.40691232e-01 -1.18845457e-01]
[2024-04-24 17:24:03,986][root][INFO] - Reward: -0.9999970305885506
[2024-04-24 17:24:03,989][root][INFO] - --------------- Start iteration i=8 ---------------
[2024-04-24 17:24:03,989][root][INFO] - Length of data.x: 309
[2024-04-24 17:24:03,989][root][INFO] - Length of data.y: 309
[2024-04-24 17:24:04,351][root][INFO] - x: [-0.04089305  0.08778191  0.98965255 -0.29564313  0.58881543]
[2024-04-24 17:24:04,352][root][INFO] - y: [ 0.00877819  0.0395     -0.23526552 -0.03628721]
[2024-04-24 17:24:04,352][root][INFO] - Reward: -0.9998091424222293
[2024-04-24 17:24:04,355][root][INFO] - --------------- Start iteration i=9 ---------------
[2024-04-24 17:24:04,355][root][INFO] - Length of data.x: 310
[2024-04-24 17:24:04,355][root][INFO] - Length of data.y: 310
[2024-04-24 17:24:04,725][root][INFO] - x: [-0.03211486  0.12728191  0.75438703 -0.33193034  0.19957695]
[2024-04-24 17:24:04,725][root][INFO] - y: [ 0.01272819 -0.1012275  -0.26414199  0.14103265]
[2024-04-24 17:24:04,725][root][INFO] - Reward: -0.982117397441775
[2024-04-24 17:24:04,728][root][INFO] - --------------- Start iteration i=10 ---------------
[2024-04-24 17:24:04,728][root][INFO] - Length of data.x: 311
[2024-04-24 17:24:04,728][root][INFO] - Length of data.y: 311
[2024-04-24 17:24:44,638][root][INFO] - Eval Returns: [-24.38239621 -21.6412501  -14.58116778 -19.27884819 -24.46918377]
[2024-04-24 17:24:44,651][root][INFO] - Eval Returns: mean=-20.871 std=3.687
[2024-04-24 17:24:44,652][root][INFO] - Eval ndata: 311.000
[2024-04-24 17:24:44,652][root][INFO] - Model MSE (current real MPC): 0.468
[2024-04-24 17:24:46,641][root][INFO] - Model MSE (random test set): 0.371
[2024-04-24 17:24:46,642][root][INFO] - Model MSE (GT MPC): 0.054
[2024-04-24 17:24:46,642][root][INFO] - Model Likelihood (random test set): -3.723
[2024-04-24 17:24:46,642][root][INFO] - Model Likelihood (GT MPC): -3.681
[2024-04-24 17:24:46,642][root][INFO] - *[TIME] [Evaluate the current MPC policy] Elapsed: 41.57 seconds
[2024-04-24 17:24:50,428][root][INFO] - x: [-0.01938667  0.02605441  0.49024505 -0.19089769 -0.20424908]
[2024-04-24 17:24:50,428][root][INFO] - y: [ 0.00260544 -0.0435087  -0.15191168  0.09682067]
[2024-04-24 17:24:50,429][root][INFO] - Reward: -0.8307447522615192
[2024-04-24 17:24:52,962][root][INFO] - --------------- Start iteration i=11 ---------------
[2024-04-24 17:24:52,962][root][INFO] - Length of data.x: 312
[2024-04-24 17:24:52,962][root][INFO] - Length of data.y: 312
[2024-04-24 17:24:53,439][root][INFO] - x: [-0.01678123 -0.01745429  0.33833337 -0.09407703  0.34859656]
[2024-04-24 17:24:53,439][root][INFO] - y: [-0.00174543  0.0285339  -0.07486418  0.09968146]
[2024-04-24 17:24:53,440][root][INFO] - Reward: -0.5630279315994486
[2024-04-24 17:24:53,444][root][INFO] - --------------- Start iteration i=12 ---------------
[2024-04-24 17:24:53,444][root][INFO] - Length of data.x: 313
[2024-04-24 17:24:53,444][root][INFO] - Length of data.y: 313
[2024-04-24 17:24:53,922][root][INFO] - x: [-0.01852666  0.01107961  0.26346919  0.00560444 -0.69647701]
[2024-04-24 17:24:53,922][root][INFO] - y: [ 0.00110796 -0.02005161  0.00445987  0.05874689]
[2024-04-24 17:24:53,922][root][INFO] - Reward: -0.6008547937653492
[2024-04-24 17:24:53,926][root][INFO] - --------------- Start iteration i=13 ---------------
[2024-04-24 17:24:53,926][root][INFO] - Length of data.x: 314
[2024-04-24 17:24:53,926][root][INFO] - Length of data.y: 314
[2024-04-24 17:24:54,392][root][INFO] - x: [-0.0174187  -0.008972    0.26792906  0.06435133 -0.83970259]
[2024-04-24 17:24:54,393][root][INFO] - y: [-0.0008972  -0.03178468  0.0512092   0.05206253]
[2024-04-24 17:24:54,393][root][INFO] - Reward: -0.7646801235579892
[2024-04-24 17:24:54,396][root][INFO] - --------------- Start iteration i=14 ---------------
[2024-04-24 17:24:54,396][root][INFO] - Length of data.x: 315
[2024-04-24 17:24:54,396][root][INFO] - Length of data.y: 315
[2024-04-24 17:24:54,848][root][INFO] - x: [-0.0183159  -0.04075667  0.31913826  0.11641386 -0.66790007]
[2024-04-24 17:24:54,849][root][INFO] - y: [-0.00407567 -0.03028219  0.09263928  0.06647502]
[2024-04-24 17:24:54,849][root][INFO] - Reward: -0.9193366003986287
[2024-04-24 17:24:54,851][root][INFO] - --------------- Start iteration i=15 ---------------
[2024-04-24 17:24:54,851][root][INFO] - Length of data.x: 316
[2024-04-24 17:24:54,851][root][INFO] - Length of data.y: 316
[2024-04-24 17:24:55,274][root][INFO] - x: [-0.02239157 -0.07103886  0.41177754  0.18288888 -0.13017561]
[2024-04-24 17:24:55,274][root][INFO] - y: [-0.00710389 -0.02702659  0.14553846  0.08705718]
[2024-04-24 17:24:55,274][root][INFO] - Reward: -0.9909207472160984
[2024-04-24 17:24:55,277][root][INFO] - --------------- Start iteration i=16 ---------------
[2024-04-24 17:24:55,277][root][INFO] - Length of data.x: 317
[2024-04-24 17:24:55,277][root][INFO] - Length of data.y: 317
[2024-04-24 17:24:55,613][root][INFO] - x: [-0.02949545 -0.09806545  0.557316    0.26994605 -0.75307338]
[2024-04-24 17:24:55,614][root][INFO] - y: [-0.00980655 -0.11171703  0.21481642  0.11661984]
[2024-04-24 17:24:55,614][root][INFO] - Reward: -0.9998588456890812
[2024-04-24 17:24:55,616][root][INFO] - --------------- Start iteration i=17 ---------------
[2024-04-24 17:24:55,616][root][INFO] - Length of data.x: 318
[2024-04-24 17:24:55,617][root][INFO] - Length of data.y: 318
[2024-04-24 17:24:55,954][root][INFO] - x: [-0.039302   -0.20978248  0.77213241  0.38656589 -1.        ]
[2024-04-24 17:24:55,955][root][INFO] - y: [-0.02097825 -0.20098478  0.30761961  0.21609372]
[2024-04-24 17:24:55,955][root][INFO] - Reward: -0.9999998453198979
[2024-04-24 17:24:55,958][root][INFO] - --------------- Start iteration i=18 ---------------
[2024-04-24 17:24:55,958][root][INFO] - Length of data.x: 319
[2024-04-24 17:24:55,958][root][INFO] - Length of data.y: 319
[2024-04-24 17:24:56,292][root][INFO] - x: [-0.06028025 -0.41076726 -0.92024798  0.60265961  0.69986314]
[2024-04-24 17:24:56,293][root][INFO] - y: [-0.04107673  0.20425577  0.47958167 -0.22222556]
[2024-04-24 17:24:56,293][root][INFO] - Reward: -0.9999999998261494
[2024-04-24 17:24:56,296][root][INFO] - --------------- Start iteration i=19 ---------------
[2024-04-24 17:24:56,296][root][INFO] - Length of data.x: 320
[2024-04-24 17:24:56,296][root][INFO] - Length of data.y: 320
[2024-04-24 17:24:56,643][root][INFO] - x: [-0.10135697 -0.20651149 -0.44066631  0.38043405 -0.0884518 ]
[2024-04-24 17:24:56,643][root][INFO] - y: [-0.02065115  0.12589155  0.30274004 -0.07316794]
[2024-04-24 17:24:56,644][root][INFO] - Reward: -0.9999999710882935
[2024-04-24 17:24:56,646][root][INFO] - --------------- Start iteration i=20 ---------------
[2024-04-24 17:24:56,646][root][INFO] - Length of data.x: 321
[2024-04-24 17:24:56,646][root][INFO] - Length of data.y: 321
[2024-04-24 17:25:34,003][root][INFO] - Eval Returns: [-23.02277029 -23.66628993 -20.39743796 -23.68107502 -21.35811628]
[2024-04-24 17:25:34,014][root][INFO] - Eval Returns: mean=-22.425 std=1.321
[2024-04-24 17:25:34,014][root][INFO] - Eval ndata: 321.000
[2024-04-24 17:25:34,014][root][INFO] - Model MSE (current real MPC): 0.411
[2024-04-24 17:25:36,020][root][INFO] - Model MSE (random test set): 0.371
[2024-04-24 17:25:36,020][root][INFO] - Model MSE (GT MPC): 0.054
[2024-04-24 17:25:36,020][root][INFO] - Model Likelihood (random test set): -3.723
[2024-04-24 17:25:36,021][root][INFO] - Model Likelihood (GT MPC): -3.681
[2024-04-24 17:25:36,021][root][INFO] - *[TIME] [Evaluate the current MPC policy] Elapsed: 39.03 seconds
[2024-04-24 17:25:39,941][root][INFO] - x: [-0.12200812 -0.08061994 -0.13792627  0.30726611 -0.25034074]
[2024-04-24 17:25:39,942][root][INFO] - y: [-0.00806199  0.01652424  0.2445148  -0.02623464]
[2024-04-24 17:25:39,942][root][INFO] - Reward: -0.9999417602821804
[2024-04-24 17:25:41,630][root][INFO] - --------------- Start iteration i=21 ---------------
[2024-04-24 17:25:41,630][root][INFO] - Length of data.x: 322
[2024-04-24 17:25:41,630][root][INFO] - Length of data.y: 322
[2024-04-24 17:25:42,271][root][INFO] - x: [-0.13007011 -0.0640957   0.10658853  0.28103147  0.78857872]
[2024-04-24 17:25:42,273][root][INFO] - y: [-0.00640957  0.04082155  0.22363792  0.07082612]
[2024-04-24 17:25:42,274][root][INFO] - Reward: -0.998420405803292
[2024-04-24 17:25:42,279][root][INFO] - --------------- Start iteration i=22 ---------------
[2024-04-24 17:25:42,280][root][INFO] - Length of data.x: 323
[2024-04-24 17:25:42,280][root][INFO] - Length of data.y: 323
[2024-04-24 17:25:42,951][root][INFO] - x: [-0.13647968 -0.02327415  0.33022645  0.35185759 -0.47004142]
[2024-04-24 17:25:42,952][root][INFO] - y: [-0.00232741 -0.11858742  0.2799996   0.024267  ]
[2024-04-24 17:25:42,952][root][INFO] - Reward: -0.9999749443475797
[2024-04-24 17:25:42,957][root][INFO] - --------------- Start iteration i=23 ---------------
[2024-04-24 17:25:42,957][root][INFO] - Length of data.x: 324
[2024-04-24 17:25:42,957][root][INFO] - Length of data.y: 324
[2024-04-24 17:25:43,513][root][INFO] - x: [-0.1388071  -0.14186157  0.61022605  0.37612459 -0.21405627]
[2024-04-24 17:25:43,513][root][INFO] - y: [-0.01418616 -0.15237848  0.29931068  0.14408885]
[2024-04-24 17:25:43,513][root][INFO] - Reward: -0.9999999999943326
[2024-04-24 17:25:43,516][root][INFO] - --------------- Start iteration i=24 ---------------
[2024-04-24 17:25:43,517][root][INFO] - Length of data.x: 325
[2024-04-24 17:25:43,517][root][INFO] - Length of data.y: 325
[2024-04-24 17:25:43,909][root][INFO] - x: [-0.15299325 -0.29424005  0.90953673  0.52021344  0.25472695]
[2024-04-24 17:25:43,910][root][INFO] - y: [-0.029424   -0.09988025  0.41397304  0.12340801]
[2024-04-24 17:25:43,910][root][INFO] - Reward: -1.0
[2024-04-24 17:25:43,910][root][INFO] - Explore episode complete with return -23.649644938668043, resetting
[2024-04-24 17:25:43,910][root][INFO] - Exploration Episode Rewards: [-0.9999900699365355, -0.9999902330323909, -0.9999913651998186, -0.9999940530183293, -0.9999971205181662, -0.9999986765945093, -0.9999991287658989, -0.9999970305885506, -0.9998091424222293, -0.982117397441775, -0.8307447522615192, -0.5630279315994486, -0.6008547937653492, -0.7646801235579892, -0.9193366003986287, -0.9909207472160984, -0.9998588456890812, -0.9999998453198979, -0.9999999998261494, -0.9999999710882935, -0.9999417602821804, -0.998420405803292, -0.9999749443475797, -0.9999999999943326, -1.0]
[2024-04-24 17:25:43,912][root][INFO] - --------------- Start iteration i=25 ---------------
[2024-04-24 17:25:43,913][root][INFO] - Length of data.x: 326
[2024-04-24 17:25:43,913][root][INFO] - Length of data.y: 326
[2024-04-24 17:25:44,296][root][INFO] - x: [ 1.57828610e-03 -1.56055751e-04 -9.98951151e-01  8.88309873e-04
  4.13964255e-01]
[2024-04-24 17:25:44,297][root][INFO] - y: [-1.56055751e-05  6.64306407e-02  7.06895107e-04 -6.67541023e-02]
[2024-04-24 17:25:44,297][root][INFO] - Reward: -0.9999900807974463
[2024-04-24 17:25:44,300][root][INFO] - --------------- Start iteration i=26 ---------------
[2024-04-24 17:25:44,300][root][INFO] - Length of data.x: 327
[2024-04-24 17:25:44,300][root][INFO] - Length of data.y: 327
[2024-04-24 17:25:44,701][root][INFO] - x: [ 0.00156268  0.06627458 -0.99824426 -0.06586579  0.19464458]
[2024-04-24 17:25:44,703][root][INFO] - y: [ 0.00662746  0.03044323 -0.05241437 -0.03098467]
[2024-04-24 17:25:44,703][root][INFO] - Reward: -0.9999910644629816
[2024-04-24 17:25:44,706][root][INFO] - --------------- Start iteration i=27 ---------------
[2024-04-24 17:25:44,706][root][INFO] - Length of data.x: 328
[2024-04-24 17:25:44,706][root][INFO] - Length of data.y: 328
[2024-04-24 17:25:45,101][root][INFO] - x: [ 0.00819014  0.09671781  0.94934137 -0.09685046  0.18568298]
[2024-04-24 17:25:45,102][root][INFO] - y: [ 0.00967178  0.01646422 -0.07707121 -0.00069339]
[2024-04-24 17:25:45,102][root][INFO] - Reward: -0.9999937781930963
[2024-04-24 17:25:45,105][root][INFO] - --------------- Start iteration i=28 ---------------
[2024-04-24 17:25:45,105][root][INFO] - Length of data.x: 329
[2024-04-24 17:25:45,105][root][INFO] - Length of data.y: 329
[2024-04-24 17:25:45,501][root][INFO] - x: [ 0.01786192  0.11318203  0.87227016 -0.09754385  0.02890373]
[2024-04-24 17:25:45,502][root][INFO] - y: [ 0.0113182  -0.02193843 -0.07762299  0.05855208]
[2024-04-24 17:25:45,502][root][INFO] - Reward: -0.9999970330109212
[2024-04-24 17:25:45,505][root][INFO] - --------------- Start iteration i=29 ---------------
[2024-04-24 17:25:45,505][root][INFO] - Length of data.x: 330
[2024-04-24 17:25:45,505][root][INFO] - Length of data.y: 330
[2024-04-24 17:25:45,887][root][INFO] - x: [ 0.02918012  0.09124361  0.79464717 -0.03899177 -0.15730189]
[2024-04-24 17:25:45,888][root][INFO] - y: [ 0.00912436 -0.04627    -0.03102869  0.09601897]
[2024-04-24 17:25:45,888][root][INFO] - Reward: -0.999998836174123
[2024-04-24 17:25:45,891][root][INFO] - --------------- Start iteration i=30 ---------------
[2024-04-24 17:25:45,891][root][INFO] - Length of data.x: 331
[2024-04-24 17:25:45,891][root][INFO] - Length of data.y: 331
[2024-04-24 17:26:22,002][root][INFO] - Eval Returns: [-21.32339355 -24.35411908 -22.88708878 -22.8938741  -23.98920598]
[2024-04-24 17:26:22,012][root][INFO] - Eval Returns: mean=-23.090 std=1.059
[2024-04-24 17:26:22,012][root][INFO] - Eval ndata: 331.000
[2024-04-24 17:26:22,013][root][INFO] - Model MSE (current real MPC): 0.413
[2024-04-24 17:26:23,777][root][INFO] - Model MSE (random test set): 0.371
[2024-04-24 17:26:23,777][root][INFO] - Model MSE (GT MPC): 0.053
[2024-04-24 17:26:23,777][root][INFO] - Model Likelihood (random test set): -3.723
[2024-04-24 17:26:23,777][root][INFO] - Model Likelihood (GT MPC): -3.681
[2024-04-24 17:26:23,777][root][INFO] - *[TIME] [Evaluate the current MPC policy] Elapsed: 37.50 seconds
[2024-04-24 17:26:27,180][root][INFO] - x: [ 0.03830448  0.0449736   0.76361848  0.0570272  -0.14945493]
[2024-04-24 17:26:27,180][root][INFO] - y: [ 0.00449736 -0.04495055  0.04538084  0.09951973]
[2024-04-24 17:26:27,180][root][INFO] - Reward: -0.9999993837672907
[2024-04-24 17:26:28,874][root][INFO] - --------------- Start iteration i=31 ---------------
[2024-04-24 17:26:28,874][root][INFO] - Length of data.x: 332
[2024-04-24 17:26:28,874][root][INFO] - Length of data.y: 332
[2024-04-24 17:26:29,468][root][INFO] - x: [ 4.28018447e-02  2.30522882e-05  8.08999321e-01  1.56546936e-01
 -2.32224211e-01]
[2024-04-24 17:26:29,470][root][INFO] - y: [ 2.30522882e-06 -7.16626311e-02  1.24576194e-01  1.14595576e-01]
[2024-04-24 17:26:29,470][root][INFO] - Reward: -0.9999988910474394
[2024-04-24 17:26:29,475][root][INFO] - --------------- Start iteration i=32 ---------------
[2024-04-24 17:26:29,475][root][INFO] - Length of data.x: 333
[2024-04-24 17:26:29,475][root][INFO] - Length of data.y: 333
[2024-04-24 17:26:30,082][root][INFO] - x: [ 0.04280415 -0.07163958  0.93357551  0.27114251 -0.40691346]
[2024-04-24 17:26:30,083][root][INFO] - y: [-0.00716396 -0.09626861  0.21576853  0.11452413]
[2024-04-24 17:26:30,083][root][INFO] - Reward: -0.9999685376154575
[2024-04-24 17:26:30,088][root][INFO] - --------------- Start iteration i=33 ---------------
[2024-04-24 17:26:30,088][root][INFO] - Length of data.x: 334
[2024-04-24 17:26:30,088][root][INFO] - Length of data.y: 334
[2024-04-24 17:26:30,685][root][INFO] - x: [ 0.03564019 -0.16790819 -0.85065596  0.38566665 -0.86694428]
[2024-04-24 17:26:30,686][root][INFO] - y: [-0.01679082 -0.01013914  0.30690401 -0.03535816]
[2024-04-24 17:26:30,686][root][INFO] - Reward: -0.9935326164567118
[2024-04-24 17:26:30,691][root][INFO] - --------------- Start iteration i=34 ---------------
[2024-04-24 17:26:30,691][root][INFO] - Length of data.x: 335
[2024-04-24 17:26:30,692][root][INFO] - Length of data.y: 335
[2024-04-24 17:26:31,306][root][INFO] - x: [ 0.01884937 -0.17804733 -0.54375194  0.35030849 -0.56162931]
[2024-04-24 17:26:31,306][root][INFO] - y: [-0.01780473  0.06503471  0.27876686 -0.10618471]
[2024-04-24 17:26:31,307][root][INFO] - Reward: -0.8363372490991919
[2024-04-24 17:26:31,312][root][INFO] - --------------- Start iteration i=35 ---------------
[2024-04-24 17:26:31,312][root][INFO] - Length of data.x: 336
[2024-04-24 17:26:31,312][root][INFO] - Length of data.y: 336
[2024-04-24 17:26:31,929][root][INFO] - x: [ 0.00104464 -0.11301262 -0.26498508  0.24412378 -0.25706082]
[2024-04-24 17:26:31,930][root][INFO] - y: [-0.01130126 -0.00190849  0.19426769 -0.07391313]
[2024-04-24 17:26:31,931][root][INFO] - Reward: -0.35768765051334994
[2024-04-24 17:26:31,935][root][INFO] - --------------- Start iteration i=36 ---------------
[2024-04-24 17:26:31,936][root][INFO] - Length of data.x: 337
[2024-04-24 17:26:31,936][root][INFO] - Length of data.y: 337
[2024-04-24 17:26:32,550][root][INFO] - x: [-0.01025662 -0.11492111 -0.07071739  0.17021065  0.7099554 ]
[2024-04-24 17:26:32,550][root][INFO] - y: [-0.01149211  0.0539749   0.13544944  0.03101076]
[2024-04-24 17:26:32,551][root][INFO] - Reward: -0.07265293790050975
[2024-04-24 17:26:32,556][root][INFO] - --------------- Start iteration i=37 ---------------
[2024-04-24 17:26:32,557][root][INFO] - Length of data.x: 338
[2024-04-24 17:26:32,557][root][INFO] - Length of data.y: 338
[2024-04-24 17:26:33,164][root][INFO] - x: [-0.02174873 -0.06094621  0.06473205  0.20122141 -0.84283228]
[2024-04-24 17:26:33,165][root][INFO] - y: [-0.00609462 -0.06546118  0.16012704 -0.04427949]
[2024-04-24 17:26:33,165][root][INFO] - Reward: -0.23168615103094437
[2024-04-24 17:26:33,171][root][INFO] - --------------- Start iteration i=38 ---------------
[2024-04-24 17:26:33,171][root][INFO] - Length of data.x: 339
[2024-04-24 17:26:33,171][root][INFO] - Length of data.y: 339
[2024-04-24 17:26:33,805][root][INFO] - x: [-0.02784335 -0.12640739  0.22485909  0.15694192 -1.        ]
[2024-04-24 17:26:33,805][root][INFO] - y: [-0.01264074 -0.05816253  0.12489051  0.01949882]
[2024-04-24 17:26:33,806][root][INFO] - Reward: -0.6286688489288332
[2024-04-24 17:26:33,811][root][INFO] - --------------- Start iteration i=39 ---------------
[2024-04-24 17:26:33,812][root][INFO] - Length of data.x: 340
[2024-04-24 17:26:33,812][root][INFO] - Length of data.y: 340
[2024-04-24 17:26:34,393][root][INFO] - x: [-0.04048409 -0.18456992  0.3497496   0.17644073 -0.80596886]
[2024-04-24 17:26:34,394][root][INFO] - y: [-0.01845699 -0.05369692  0.14040719  0.06304614]
[2024-04-24 17:26:34,394][root][INFO] - Reward: -0.9331634442919623
[2024-04-24 17:26:34,399][root][INFO] - --------------- Start iteration i=40 ---------------
[2024-04-24 17:26:34,399][root][INFO] - Length of data.x: 341
[2024-04-24 17:26:34,399][root][INFO] - Length of data.y: 341
[2024-04-24 17:27:14,908][root][INFO] - Eval Returns: [-23.61521607 -12.51492518 -23.21999865 -23.14389888 -21.91855552]
[2024-04-24 17:27:14,919][root][INFO] - Eval Returns: mean=-20.883 std=4.222
[2024-04-24 17:27:14,919][root][INFO] - Eval ndata: 341.000
[2024-04-24 17:27:14,919][root][INFO] - Model MSE (current real MPC): 0.360
[2024-04-24 17:27:16,915][root][INFO] - Model MSE (random test set): 0.371
[2024-04-24 17:27:16,915][root][INFO] - Model MSE (GT MPC): 0.053
[2024-04-24 17:27:16,915][root][INFO] - Model Likelihood (random test set): -3.723
[2024-04-24 17:27:16,915][root][INFO] - Model Likelihood (GT MPC): -3.681
[2024-04-24 17:27:16,915][root][INFO] - *[TIME] [Evaluate the current MPC policy] Elapsed: 41.99 seconds
[2024-04-24 17:27:20,146][root][INFO] - x: [-0.05894109 -0.23826684  0.49015679  0.23948688  0.18424313]
[2024-04-24 17:27:20,146][root][INFO] - y: [-0.02382668 -0.04102544  0.19057775  0.09688455]
[2024-04-24 17:27:20,147][root][INFO] - Reward: -0.9995187026774366
[2024-04-24 17:27:21,830][root][INFO] - --------------- Start iteration i=41 ---------------
[2024-04-24 17:27:21,830][root][INFO] - Length of data.x: 342
[2024-04-24 17:27:21,830][root][INFO] - Length of data.y: 342
[2024-04-24 17:27:22,432][root][INFO] - x: [-0.08276777 -0.27929228  0.68073454  0.33637143  0.99168898]
[2024-04-24 17:27:22,433][root][INFO] - y: [-0.02792923 -0.06028688  0.2676761   0.11521206]
[2024-04-24 17:27:22,433][root][INFO] - Reward: -0.9999999967112062
[2024-04-24 17:27:22,439][root][INFO] - --------------- Start iteration i=42 ---------------
[2024-04-24 17:27:22,439][root][INFO] - Length of data.x: 343
[2024-04-24 17:27:22,439][root][INFO] - Length of data.y: 343
[2024-04-24 17:27:22,993][root][INFO] - x: [-0.110697   -0.33957916  0.94841064  0.45158349 -0.64641512]
[2024-04-24 17:27:22,993][root][INFO] - y: [-0.03395792 -0.1034081   0.35935902  0.11789909]
[2024-04-24 17:27:22,994][root][INFO] - Reward: -0.9999999999999999
[2024-04-24 17:27:22,999][root][INFO] - --------------- Start iteration i=43 ---------------
[2024-04-24 17:27:22,999][root][INFO] - Length of data.x: 344
[2024-04-24 17:27:22,999][root][INFO] - Length of data.y: 344
[2024-04-24 17:27:23,571][root][INFO] - x: [-0.14465491 -0.44298726 -0.69223035  0.56948258 -0.6430871 ]
[2024-04-24 17:27:23,572][root][INFO] - y: [-0.04429873  0.27273171  0.4531802  -0.235705  ]
[2024-04-24 17:27:23,572][root][INFO] - Reward: -1.0
[2024-04-24 17:27:23,577][root][INFO] - --------------- Start iteration i=44 ---------------
[2024-04-24 17:27:23,577][root][INFO] - Length of data.x: 345
[2024-04-24 17:27:23,577][root][INFO] - Length of data.y: 345
[2024-04-24 17:27:24,180][root][INFO] - x: [-0.18895364 -0.17025555 -0.23905014  0.33377758 -0.11843841]
[2024-04-24 17:27:24,181][root][INFO] - y: [-0.01702556  0.06088133  0.26561198 -0.0225038 ]
[2024-04-24 17:27:24,181][root][INFO] - Reward: -0.9999999999999908
[2024-04-24 17:27:24,186][root][INFO] - --------------- Start iteration i=45 ---------------
[2024-04-24 17:27:24,186][root][INFO] - Length of data.x: 346
[2024-04-24 17:27:24,186][root][INFO] - Length of data.y: 346
[2024-04-24 17:27:24,760][root][INFO] - x: [-0.20597919 -0.10937422  0.02656183  0.31127379  0.90545844]
[2024-04-24 17:27:24,761][root][INFO] - y: [-0.01093742  0.06668877  0.24770401  0.07464165]
[2024-04-24 17:27:24,761][root][INFO] - Reward: -0.9999999999560467
[2024-04-24 17:27:24,766][root][INFO] - --------------- Start iteration i=46 ---------------
[2024-04-24 17:27:24,766][root][INFO] - Length of data.x: 347
[2024-04-24 17:27:24,766][root][INFO] - Length of data.y: 347
[2024-04-24 17:27:25,350][root][INFO] - x: [-0.21691662 -0.04268545  0.27426584  0.38591544  0.89860834]
[2024-04-24 17:27:25,351][root][INFO] - y: [-0.00426854 -0.05042251  0.30710199  0.04168935]
[2024-04-24 17:27:25,351][root][INFO] - Reward: -0.9999999999938274
[2024-04-24 17:27:25,356][root][INFO] - --------------- Start iteration i=47 ---------------
[2024-04-24 17:27:25,356][root][INFO] - Length of data.x: 348
[2024-04-24 17:27:25,356][root][INFO] - Length of data.y: 348
[2024-04-24 17:27:25,937][root][INFO] - x: [-0.22118516 -0.09310796  0.58136784  0.42760479 -0.97317159]
[2024-04-24 17:27:25,938][root][INFO] - y: [-0.0093108  -0.22805145  0.34027735  0.15267151]
[2024-04-24 17:27:25,938][root][INFO] - Reward: -1.0
[2024-04-24 17:27:25,943][root][INFO] - --------------- Start iteration i=48 ---------------
[2024-04-24 17:27:25,944][root][INFO] - Length of data.x: 349
[2024-04-24 17:27:25,944][root][INFO] - Length of data.y: 349
[2024-04-24 17:27:26,510][root][INFO] - x: [-0.23049596 -0.32115941  0.92164519  0.5802763  -0.50400014]
[2024-04-24 17:27:26,511][root][INFO] - y: [-0.03211594 -0.16626219  0.46176958  0.18517986]
[2024-04-24 17:27:26,511][root][INFO] - Reward: -1.0
[2024-04-24 17:27:26,516][root][INFO] - --------------- Start iteration i=49 ---------------
[2024-04-24 17:27:26,516][root][INFO] - Length of data.x: 350
[2024-04-24 17:27:26,516][root][INFO] - Length of data.y: 350
[2024-04-24 17:27:27,052][root][INFO] - x: [-0.2626119  -0.4874216  -0.61658523  0.76545616 -0.28006458]
[2024-04-24 17:27:27,052][root][INFO] - y: [-0.04874216  0.54212748  0.60913115 -0.28583748]
[2024-04-24 17:27:27,053][root][INFO] - Reward: -1.0
[2024-04-24 17:27:27,053][root][INFO] - Explore episode complete with return -22.053185202628764, resetting
[2024-04-24 17:27:27,053][root][INFO] - Exploration Episode Rewards: [-0.9999900807974463, -0.9999910644629816, -0.9999937781930963, -0.9999970330109212, -0.999998836174123, -0.9999993837672907, -0.9999988910474394, -0.9999685376154575, -0.9935326164567118, -0.8363372490991919, -0.35768765051334994, -0.07265293790050975, -0.23168615103094437, -0.6286688489288332, -0.9331634442919623, -0.9995187026774366, -0.9999999967112062, -0.9999999999999999, -1.0, -0.9999999999999908, -0.9999999999560467, -0.9999999999938274, -1.0, -1.0, -1.0]
[2024-04-24 17:27:27,058][root][INFO] - --------------- Start iteration i=50 ---------------
[2024-04-24 17:27:27,058][root][INFO] - Length of data.x: 351
[2024-04-24 17:27:27,058][root][INFO] - Length of data.y: 351
[2024-04-24 17:28:12,854][root][INFO] - Eval Returns: [-23.45382147 -21.29542171 -23.98214991 -19.20680693 -21.62046168]
[2024-04-24 17:28:12,864][root][INFO] - Eval Returns: mean=-21.912 std=1.700
[2024-04-24 17:28:12,864][root][INFO] - Eval ndata: 351.000
[2024-04-24 17:28:12,865][root][INFO] - Model MSE (current real MPC): 0.463
[2024-04-24 17:28:14,801][root][INFO] - Model MSE (random test set): 0.371
[2024-04-24 17:28:14,801][root][INFO] - Model MSE (GT MPC): 0.053
[2024-04-24 17:28:14,802][root][INFO] - Model Likelihood (random test set): -3.723
[2024-04-24 17:28:14,802][root][INFO] - Model Likelihood (GT MPC): -3.681
[2024-04-24 17:28:14,802][root][INFO] - *[TIME] [Evaluate the current MPC policy] Elapsed: 47.15 seconds
[2024-04-24 17:28:17,923][root][INFO] - x: [ 2.99233365e-06 -2.19539687e-04 -9.92288162e-01 -6.64644100e-04
 -4.12195714e-01]
[2024-04-24 17:28:17,923][root][INFO] - y: [-2.19539687e-05 -6.44979992e-02 -5.28907396e-04  6.20999169e-02]
[2024-04-24 17:28:17,924][root][INFO] - Reward: -0.9999900563316413
[2024-04-24 17:28:19,704][root][INFO] - --------------- Start iteration i=51 ---------------
[2024-04-24 17:28:19,704][root][INFO] - Length of data.x: 352
[2024-04-24 17:28:19,704][root][INFO] - Length of data.y: 352
[2024-04-24 17:28:20,271][root][INFO] - x: [-1.89616350e-05 -6.47175389e-02 -9.92817069e-01  6.14352728e-02
 -3.33996310e-01]
[2024-04-24 17:28:20,272][root][INFO] - y: [-0.00647175 -0.02421979  0.04888868  0.0219976 ]
[2024-04-24 17:28:20,272][root][INFO] - Reward: -0.9999905902351519
[2024-04-24 17:28:20,277][root][INFO] - --------------- Start iteration i=52 ---------------
[2024-04-24 17:28:20,277][root][INFO] - Length of data.x: 353
[2024-04-24 17:28:20,277][root][INFO] - Length of data.y: 353
[2024-04-24 17:28:20,859][root][INFO] - x: [-0.00649072 -0.08893733 -0.94392839  0.08343287 -0.24121969]
[2024-04-24 17:28:20,860][root][INFO] - y: [-0.00889373 -0.0057726   0.06639382 -0.01152598]
[2024-04-24 17:28:20,860][root][INFO] - Reward: -0.9999928082590167
[2024-04-24 17:28:20,865][root][INFO] - --------------- Start iteration i=53 ---------------
[2024-04-24 17:28:20,866][root][INFO] - Length of data.x: 354
[2024-04-24 17:28:20,866][root][INFO] - Length of data.y: 354
[2024-04-24 17:28:21,427][root][INFO] - x: [-0.01538445 -0.09470993 -0.87753457  0.07190689 -0.09606637]
[2024-04-24 17:28:21,428][root][INFO] - y: [-0.00947099  0.01589468  0.05722173 -0.05158885]
[2024-04-24 17:28:21,428][root][INFO] - Reward: -0.9999958696962249
[2024-04-24 17:28:21,433][root][INFO] - --------------- Start iteration i=54 ---------------
[2024-04-24 17:28:21,433][root][INFO] - Length of data.x: 355
[2024-04-24 17:28:21,433][root][INFO] - Length of data.y: 355
[2024-04-24 17:28:22,052][root][INFO] - x: [-0.02485544 -0.07881525 -0.82031284  0.02031804  0.07217074]
[2024-04-24 17:28:22,053][root][INFO] - y: [-0.00788153  0.02901473  0.0161686  -0.07705003]
[2024-04-24 17:28:22,053][root][INFO] - Reward: -0.9999980250942779
[2024-04-24 17:28:22,059][root][INFO] - --------------- Start iteration i=55 ---------------
[2024-04-24 17:28:22,059][root][INFO] - Length of data.x: 356
[2024-04-24 17:28:22,059][root][INFO] - Length of data.y: 356
[2024-04-24 17:28:22,743][root][INFO] - x: [-0.03273697 -0.04980052 -0.80414424 -0.05673199  0.29064316]
[2024-04-24 17:28:22,745][root][INFO] - y: [-0.00498005  0.04550926 -0.04514592 -0.09384432]
[2024-04-24 17:28:22,745][root][INFO] - Reward: -0.9999988496311568
[2024-04-24 17:28:22,753][root][INFO] - --------------- Start iteration i=56 ---------------
[2024-04-24 17:28:22,753][root][INFO] - Length of data.x: 357
[2024-04-24 17:28:22,753][root][INFO] - Length of data.y: 357
[2024-04-24 17:28:23,417][root][INFO] - x: [-0.03771702 -0.00429126 -0.84929016 -0.15057631  0.57777222]
[2024-04-24 17:28:23,418][root][INFO] - y: [-0.00042913  0.07620264 -0.11982492 -0.11259672]
[2024-04-24 17:28:23,418][root][INFO] - Reward: -0.9999977661402636
[2024-04-24 17:28:23,424][root][INFO] - --------------- Start iteration i=57 ---------------
[2024-04-24 17:28:23,424][root][INFO] - Length of data.x: 358
[2024-04-24 17:28:23,425][root][INFO] - Length of data.y: 358
[2024-04-24 17:28:24,043][root][INFO] - x: [-0.03814614  0.07191138 -0.96911508 -0.26317303  0.48588062]
[2024-04-24 17:28:24,044][root][INFO] - y: [ 0.00719114  0.05316636 -0.20942661 -0.06242971]
[2024-04-24 17:28:24,044][root][INFO] - Reward: -0.9999458190766909
[2024-04-24 17:28:24,050][root][INFO] - --------------- Start iteration i=58 ---------------
[2024-04-24 17:28:24,050][root][INFO] - Length of data.x: 359
[2024-04-24 17:28:24,050][root][INFO] - Length of data.y: 359
[2024-04-24 17:28:24,684][root][INFO] - x: [-0.03095501  0.12507774  0.82145831 -0.32560274  0.55926005]
[2024-04-24 17:28:24,685][root][INFO] - y: [ 0.01250777 -0.05846809 -0.25910664  0.10174715]
[2024-04-24 17:28:24,686][root][INFO] - Reward: -0.9955562305887927
[2024-04-24 17:28:24,691][root][INFO] - --------------- Start iteration i=59 ---------------
[2024-04-24 17:28:24,692][root][INFO] - Length of data.x: 360
[2024-04-24 17:28:24,692][root][INFO] - Length of data.y: 360
[2024-04-24 17:28:25,308][root][INFO] - x: [-0.01844723  0.06660964  0.56235167 -0.22385559  0.06052255]
[2024-04-24 17:28:25,309][root][INFO] - y: [ 0.00666096 -0.05148251 -0.17813877  0.1063422 ]
[2024-04-24 17:28:25,309][root][INFO] - Reward: -0.936982960623651
[2024-04-24 17:28:25,314][root][INFO] - --------------- Start iteration i=60 ---------------
[2024-04-24 17:28:25,314][root][INFO] - Length of data.x: 361
[2024-04-24 17:28:25,314][root][INFO] - Length of data.y: 361
[2024-04-24 17:29:10,819][root][INFO] - Eval Returns: [-21.21693312 -22.75944864 -23.28772504 -23.80445303 -24.10396444]
[2024-04-24 17:29:10,832][root][INFO] - Eval Returns: mean=-23.035 std=1.018
[2024-04-24 17:29:10,832][root][INFO] - Eval ndata: 361.000
[2024-04-24 17:29:10,832][root][INFO] - Model MSE (current real MPC): 0.413
[2024-04-24 17:29:12,986][root][INFO] - Model MSE (random test set): 0.371
[2024-04-24 17:29:12,987][root][INFO] - Model MSE (GT MPC): 0.053
[2024-04-24 17:29:12,987][root][INFO] - Model Likelihood (random test set): -3.723
[2024-04-24 17:29:12,987][root][INFO] - Model Likelihood (GT MPC): -3.681
[2024-04-24 17:29:12,987][root][INFO] - *[TIME] [Evaluate the current MPC policy] Elapsed: 47.02 seconds
[2024-04-24 17:29:16,189][root][INFO] - x: [-0.01178627  0.01512713  0.38421291 -0.1175134   0.12951941]
[2024-04-24 17:29:16,189][root][INFO] - y: [ 0.00151271  0.00679253 -0.09351427  0.09419116]
[2024-04-24 17:29:16,190][root][INFO] - Reward: -0.7863599990393209
[2024-04-24 17:29:17,790][root][INFO] - --------------- Start iteration i=61 ---------------
[2024-04-24 17:29:17,790][root][INFO] - Length of data.x: 362
[2024-04-24 17:29:17,790][root][INFO] - Length of data.y: 362
[2024-04-24 17:29:18,411][root][INFO] - x: [-0.01027356  0.02191966  0.29069864 -0.02332224 -0.39342098]
[2024-04-24 17:29:18,411][root][INFO] - y: [ 0.00219197 -0.00288407 -0.01855926  0.07596243]
[2024-04-24 17:29:18,411][root][INFO] - Reward: -0.7646825843946553
[2024-04-24 17:29:18,418][root][INFO] - --------------- Start iteration i=62 ---------------
[2024-04-24 17:29:18,418][root][INFO] - Length of data.x: 363
[2024-04-24 17:29:18,418][root][INFO] - Length of data.y: 363
[2024-04-24 17:29:19,074][root][INFO] - x: [-0.00808159  0.01903559  0.27213938  0.05264019 -1.        ]
[2024-04-24 17:29:19,075][root][INFO] - y: [ 0.00190356 -0.04044834  0.04188977  0.0475512 ]
[2024-04-24 17:29:19,076][root][INFO] - Reward: -0.8798214029816543
[2024-04-24 17:29:19,082][root][INFO] - --------------- Start iteration i=63 ---------------
[2024-04-24 17:29:19,082][root][INFO] - Length of data.x: 364
[2024-04-24 17:29:19,083][root][INFO] - Length of data.y: 364
[2024-04-24 17:29:19,718][root][INFO] - x: [-0.00617803 -0.02141274  0.31402915  0.1001914  -1.        ]
[2024-04-24 17:29:19,719][root][INFO] - y: [-0.00214127 -0.04593373  0.07972985  0.05657574]
[2024-04-24 17:29:19,720][root][INFO] - Reward: -0.958155194582734
[2024-04-24 17:29:19,726][root][INFO] - --------------- Start iteration i=64 ---------------
[2024-04-24 17:29:19,726][root][INFO] - Length of data.x: 365
[2024-04-24 17:29:19,726][root][INFO] - Length of data.y: 365
[2024-04-24 17:29:20,338][root][INFO] - x: [-0.0083193  -0.06734648  0.39375899  0.15676714 -0.37405393]
[2024-04-24 17:29:20,339][root][INFO] - y: [-0.00673465 -0.02959035  0.12475143  0.0830869 ]
[2024-04-24 17:29:20,339][root][INFO] - Reward: -0.9920399574287864
[2024-04-24 17:29:20,344][root][INFO] - --------------- Start iteration i=65 ---------------
[2024-04-24 17:29:20,345][root][INFO] - Length of data.x: 366
[2024-04-24 17:29:20,345][root][INFO] - Length of data.y: 366
[2024-04-24 17:29:20,957][root][INFO] - x: [-0.01505395 -0.09693682  0.51851042  0.23985404 -1.        ]
[2024-04-24 17:29:20,957][root][INFO] - y: [-0.00969368 -0.10514357  0.19086994  0.10414476]
[2024-04-24 17:29:20,958][root][INFO] - Reward: -0.9996260407550251
[2024-04-24 17:29:20,964][root][INFO] - --------------- Start iteration i=66 ---------------
[2024-04-24 17:29:20,964][root][INFO] - Length of data.x: 367
[2024-04-24 17:29:20,964][root][INFO] - Length of data.y: 367
[2024-04-24 17:29:21,553][root][INFO] - x: [-0.02474763 -0.20208039  0.70938036  0.3439988   0.45269346]
[2024-04-24 17:29:21,554][root][INFO] - y: [-0.02020804 -0.09414821  0.27374577  0.13526939]
[2024-04-24 17:29:21,554][root][INFO] - Reward: -0.9999975020325993
[2024-04-24 17:29:21,560][root][INFO] - --------------- Start iteration i=67 ---------------
[2024-04-24 17:29:21,560][root][INFO] - Length of data.x: 368
[2024-04-24 17:29:21,560][root][INFO] - Length of data.y: 368
[2024-04-24 17:29:22,176][root][INFO] - x: [-0.04495567 -0.2962286   0.98312613  0.4792682  -0.54924605]
[2024-04-24 17:29:22,177][root][INFO] - y: [-0.02962286 -0.06047287  0.38138982  0.06559138]
[2024-04-24 17:29:22,177][root][INFO] - Reward: -0.9999999949738186
[2024-04-24 17:29:22,183][root][INFO] - --------------- Start iteration i=68 ---------------
[2024-04-24 17:29:22,183][root][INFO] - Length of data.x: 369
[2024-04-24 17:29:22,183][root][INFO] - Length of data.y: 369
[2024-04-24 17:29:22,805][root][INFO] - x: [-0.07457853 -0.35670148 -0.63548405  0.54485958 -0.60329368]
[2024-04-24 17:29:22,805][root][INFO] - y: [-0.03567015  0.25717771  0.43358583 -0.19562657]
[2024-04-24 17:29:22,805][root][INFO] - Reward: -0.9999999631401265
[2024-04-24 17:29:22,811][root][INFO] - --------------- Start iteration i=69 ---------------
[2024-04-24 17:29:22,811][root][INFO] - Length of data.x: 370
[2024-04-24 17:29:22,811][root][INFO] - Length of data.y: 370
[2024-04-24 17:29:23,432][root][INFO] - x: [-0.11024868 -0.09952376 -0.20189822  0.34923301 -0.3084375 ]
[2024-04-24 17:29:23,433][root][INFO] - y: [-0.00995238  0.0472502   0.27791102 -0.02013329]
[2024-04-24 17:29:23,433][root][INFO] - Reward: -0.9998756747350623
[2024-04-24 17:29:23,438][root][INFO] - --------------- Start iteration i=70 ---------------
[2024-04-24 17:29:23,439][root][INFO] - Length of data.x: 371
[2024-04-24 17:29:23,439][root][INFO] - Length of data.y: 371
[2024-04-24 17:30:09,289][root][INFO] - Eval Returns: [-21.7244132  -22.04779629 -20.6049232  -20.71893385 -22.5014323 ]
[2024-04-24 17:30:09,302][root][INFO] - Eval Returns: mean=-21.519 std=0.743
[2024-04-24 17:30:09,302][root][INFO] - Eval ndata: 371.000
[2024-04-24 17:30:09,302][root][INFO] - Model MSE (current real MPC): 0.471
[2024-04-24 17:30:11,541][root][INFO] - Model MSE (random test set): 0.371
[2024-04-24 17:30:11,541][root][INFO] - Model MSE (GT MPC): 0.052
[2024-04-24 17:30:11,541][root][INFO] - Model Likelihood (random test set): -3.723
[2024-04-24 17:30:11,541][root][INFO] - Model Likelihood (GT MPC): -3.681
[2024-04-24 17:30:11,542][root][INFO] - *[TIME] [Evaluate the current MPC policy] Elapsed: 47.50 seconds
[2024-04-24 17:30:14,668][root][INFO] - x: [-0.12020106 -0.05227356  0.0760128   0.32909972  0.04418653]
[2024-04-24 17:30:14,669][root][INFO] - y: [-0.00522736 -0.01984898  0.26188945  0.00394231]
[2024-04-24 17:30:14,669][root][INFO] - Reward: -0.9934248808388877
[2024-04-24 17:30:16,304][root][INFO] - --------------- Start iteration i=71 ---------------
[2024-04-24 17:30:16,305][root][INFO] - Length of data.x: 372
[2024-04-24 17:30:16,305][root][INFO] - Length of data.y: 372
[2024-04-24 17:30:16,964][root][INFO] - x: [-0.12542841 -0.07212254  0.33790225  0.33304203 -0.0170938 ]
[2024-04-24 17:30:16,965][root][INFO] - y: [-0.00721225 -0.08261193  0.26502664  0.04546475]
[2024-04-24 17:30:16,965][root][INFO] - Reward: -0.9999316949583411
[2024-04-24 17:30:16,971][root][INFO] - --------------- Start iteration i=72 ---------------
[2024-04-24 17:30:16,971][root][INFO] - Length of data.x: 373
[2024-04-24 17:30:16,972][root][INFO] - Length of data.y: 373
[2024-04-24 17:30:17,624][root][INFO] - x: [-0.13264067 -0.15473447  0.60292889  0.37850678 -0.49848164]
[2024-04-24 17:30:17,625][root][INFO] - y: [-0.01547345 -0.16819194  0.30120637  0.14655418]
[2024-04-24 17:30:17,626][root][INFO] - Reward: -0.999999999979138
[2024-04-24 17:30:17,631][root][INFO] - --------------- Start iteration i=73 ---------------
[2024-04-24 17:30:17,631][root][INFO] - Length of data.x: 374
[2024-04-24 17:30:17,632][root][INFO] - Length of data.y: 374
[2024-04-24 17:30:18,127][root][INFO] - x: [-0.14811412 -0.32292641  0.90413525  0.52506096  0.82210745]
[2024-04-24 17:30:18,128][root][INFO] - y: [-0.03229264 -0.06499411  0.41783057  0.09119858]
[2024-04-24 17:30:18,128][root][INFO] - Reward: -1.0
[2024-04-24 17:30:18,132][root][INFO] - --------------- Start iteration i=74 ---------------
[2024-04-24 17:30:18,132][root][INFO] - Length of data.x: 375
[2024-04-24 17:30:18,132][root][INFO] - Length of data.y: 375
[2024-04-24 17:30:18,577][root][INFO] - x: [-0.18040676 -0.38792053 -0.67803417  0.61625954 -0.31640548]
[2024-04-24 17:30:18,578][root][INFO] - y: [-0.03879205  0.34257604  0.49040416 -0.26500757]
[2024-04-24 17:30:18,578][root][INFO] - Reward: -1.0
[2024-04-24 17:30:18,578][root][INFO] - Explore episode complete with return -24.30636386551702, resetting
[2024-04-24 17:30:18,578][root][INFO] - Exploration Episode Rewards: [-0.9999900563316413, -0.9999905902351519, -0.9999928082590167, -0.9999958696962249, -0.9999980250942779, -0.9999988496311568, -0.9999977661402636, -0.9999458190766909, -0.9955562305887927, -0.936982960623651, -0.7863599990393209, -0.7646825843946553, -0.8798214029816543, -0.958155194582734, -0.9920399574287864, -0.9996260407550251, -0.9999975020325993, -0.9999999949738186, -0.9999999631401265, -0.9998756747350623, -0.9934248808388877, -0.9999316949583411, -0.999999999979138, -1.0, -1.0]
[2024-04-24 17:30:18,581][root][INFO] - --------------- Start iteration i=75 ---------------
[2024-04-24 17:30:18,582][root][INFO] - Length of data.x: 376
[2024-04-24 17:30:18,582][root][INFO] - Length of data.y: 376
[2024-04-24 17:30:19,002][root][INFO] - x: [ 3.39974120e-03 -2.13614625e-03 -9.98013029e-01 -5.40969667e-04
 -1.89634337e-01]
[2024-04-24 17:30:19,003][root][INFO] - y: [-0.00021361 -0.02993868 -0.00043049  0.02932486]
[2024-04-24 17:30:19,003][root][INFO] - Reward: -0.9999901353784036
[2024-04-24 17:30:19,007][root][INFO] - --------------- Start iteration i=76 ---------------
[2024-04-24 17:30:19,007][root][INFO] - Length of data.x: 377
[2024-04-24 17:30:19,007][root][INFO] - Length of data.y: 377
[2024-04-24 17:30:19,442][root][INFO] - x: [ 0.00318613 -0.03207483 -0.99844352  0.02878389 -0.28890122]
[2024-04-24 17:30:19,442][root][INFO] - y: [-0.00320748 -0.04541601  0.02290551  0.04493504]
[2024-04-24 17:30:19,442][root][INFO] - Reward: -0.9999899018281777
[2024-04-24 17:30:19,446][root][INFO] - --------------- Start iteration i=77 ---------------
[2024-04-24 17:30:19,446][root][INFO] - Length of data.x: 378
[2024-04-24 17:30:19,446][root][INFO] - Length of data.y: 378
[2024-04-24 17:30:19,900][root][INFO] - x: [-2.13559755e-05 -7.74908376e-02 -9.75538007e-01  7.37189326e-02
 -2.78166494e-01]
[2024-04-24 17:30:19,900][root][INFO] - y: [-0.00774908 -0.01582133  0.05866371  0.00823518]
[2024-04-24 17:30:19,900][root][INFO] - Reward: -0.9999905131620291
[2024-04-24 17:30:19,904][root][INFO] - --------------- Start iteration i=78 ---------------
[2024-04-24 17:30:19,904][root][INFO] - Length of data.x: 379
[2024-04-24 17:30:19,904][root][INFO] - Length of data.y: 379
[2024-04-24 17:30:20,382][root][INFO] - x: [-0.00777044 -0.09331217 -0.9168743   0.08195412 -0.17480289]
[2024-04-24 17:30:20,383][root][INFO] - y: [-0.00933122  0.00462192  0.06521707 -0.02981958]
[2024-04-24 17:30:20,383][root][INFO] - Reward: -0.9999930545958485
[2024-04-24 17:30:20,387][root][INFO] - --------------- Start iteration i=79 ---------------
[2024-04-24 17:30:20,387][root][INFO] - Length of data.x: 380
[2024-04-24 17:30:20,387][root][INFO] - Length of data.y: 380
[2024-04-24 17:30:20,858][root][INFO] - x: [-0.01710166 -0.08869025 -0.85165723  0.05213453 -0.34776304]
[2024-04-24 17:30:20,859][root][INFO] - y: [-0.00886902 -0.0008187   0.04148738 -0.04339452]
[2024-04-24 17:30:20,859][root][INFO] - Reward: -0.9999961427930456
[2024-04-24 17:30:20,863][root][INFO] - --------------- Start iteration i=80 ---------------
[2024-04-24 17:30:20,863][root][INFO] - Length of data.x: 381
[2024-04-24 17:30:20,863][root][INFO] - Length of data.y: 381
[2024-04-24 17:31:10,841][root][INFO] - Eval Returns: [-17.75032153 -22.95092008 -22.77649509 -18.87209879 -22.92181828]
[2024-04-24 17:31:10,855][root][INFO] - Eval Returns: mean=-21.054 std=2.268
[2024-04-24 17:31:10,855][root][INFO] - Eval ndata: 381.000
[2024-04-24 17:31:10,855][root][INFO] - Model MSE (current real MPC): 0.490
[2024-04-24 17:31:13,016][root][INFO] - Model MSE (random test set): 0.371
[2024-04-24 17:31:13,016][root][INFO] - Model MSE (GT MPC): 0.052
[2024-04-24 17:31:13,016][root][INFO] - Model Likelihood (random test set): -3.723
[2024-04-24 17:31:13,016][root][INFO] - Model Likelihood (GT MPC): -3.681
[2024-04-24 17:31:13,016][root][INFO] - *[TIME] [Evaluate the current MPC policy] Elapsed: 51.69 seconds
[2024-04-24 17:31:16,347][root][INFO] - x: [-0.02597068 -0.08950895 -0.81016985  0.00874001 -0.31423096]
[2024-04-24 17:31:16,347][root][INFO] - y: [-0.00895089  0.00314285  0.00695508 -0.05775374]
[2024-04-24 17:31:16,348][root][INFO] - Reward: -0.9999984426830986
[2024-04-24 17:31:18,068][root][INFO] - --------------- Start iteration i=81 ---------------
[2024-04-24 17:31:18,068][root][INFO] - Length of data.x: 382
[2024-04-24 17:31:18,068][root][INFO] - Length of data.y: 382
[2024-04-24 17:31:18,675][root][INFO] - x: [-0.03492158 -0.08636609 -0.80321477 -0.04901373  0.33707267]
[2024-04-24 17:31:18,676][root][INFO] - y: [-0.00863661  0.04849127 -0.03900392 -0.09643145]
[2024-04-24 17:31:18,676][root][INFO] - Reward: -0.9999994042853566
[2024-04-24 17:31:18,682][root][INFO] - --------------- Start iteration i=82 ---------------
[2024-04-24 17:31:18,682][root][INFO] - Length of data.x: 383
[2024-04-24 17:31:18,683][root][INFO] - Length of data.y: 383
[2024-04-24 17:31:19,317][root][INFO] - x: [-0.04355819 -0.03787482 -0.84221869 -0.14544518  0.28967852]
[2024-04-24 17:31:19,317][root][INFO] - y: [-0.00378748  0.05593228 -0.11574169 -0.09590784]
[2024-04-24 17:31:19,318][root][INFO] - Reward: -0.9999990451213185
[2024-04-24 17:31:19,325][root][INFO] - --------------- Start iteration i=83 ---------------
[2024-04-24 17:31:19,325][root][INFO] - Length of data.x: 384
[2024-04-24 17:31:19,325][root][INFO] - Length of data.y: 384
[2024-04-24 17:31:19,956][root][INFO] - x: [-0.04734567  0.01805746 -0.95796038 -0.24135302  0.43918706]
[2024-04-24 17:31:19,957][root][INFO] - y: [ 0.00180575  0.05348777 -0.19206278 -0.06595392]
[2024-04-24 17:31:19,957][root][INFO] - Reward: -0.9999742234908446
[2024-04-24 17:31:19,963][root][INFO] - --------------- Start iteration i=84 ---------------
[2024-04-24 17:31:19,963][root][INFO] - Length of data.x: 385
[2024-04-24 17:31:19,963][root][INFO] - Length of data.y: 385
[2024-04-24 17:31:20,544][root][INFO] - x: [-0.04553992  0.07154523  0.84997684 -0.30730694  0.53543918]
[2024-04-24 17:31:20,544][root][INFO] - y: [ 0.00715452 -0.04135078 -0.24454729  0.08143083]
[2024-04-24 17:31:20,544][root][INFO] - Reward: -0.9951420972441701
[2024-04-24 17:31:20,547][root][INFO] - --------------- Start iteration i=85 ---------------
[2024-04-24 17:31:20,547][root][INFO] - Length of data.x: 386
[2024-04-24 17:31:20,547][root][INFO] - Length of data.y: 386
[2024-04-24 17:31:20,942][root][INFO] - x: [-0.0383854   0.03019445  0.60542955 -0.2258761  -0.37682439]
[2024-04-24 17:31:20,943][root][INFO] - y: [ 0.00301945 -0.07882493 -0.17974664  0.11849589]
[2024-04-24 17:31:20,943][root][INFO] - Reward: -0.8805613987256486
[2024-04-24 17:31:20,946][root][INFO] - --------------- Start iteration i=86 ---------------
[2024-04-24 17:31:20,946][root][INFO] - Length of data.x: 387
[2024-04-24 17:31:20,946][root][INFO] - Length of data.y: 387
[2024-04-24 17:31:21,343][root][INFO] - x: [-0.03536595 -0.04863048  0.42568292 -0.10738021  0.57984281]
[2024-04-24 17:31:21,344][root][INFO] - y: [-0.00486305  0.02780874 -0.08545053  0.10196949]
[2024-04-24 17:31:21,344][root][INFO] - Reward: -0.5925512061092048
[2024-04-24 17:31:21,347][root][INFO] - --------------- Start iteration i=87 ---------------
[2024-04-24 17:31:21,347][root][INFO] - Length of data.x: 388
[2024-04-24 17:31:21,347][root][INFO] - Length of data.y: 388
[2024-04-24 17:31:21,723][root][INFO] - x: [-0.040229   -0.02082174  0.34023239 -0.00541073  0.81208458]
[2024-04-24 17:31:21,723][root][INFO] - y: [-0.00208217  0.06167354 -0.00430572  0.11575983]
[2024-04-24 17:31:21,724][root][INFO] - Reward: -0.5590426720924209
[2024-04-24 17:31:21,727][root][INFO] - --------------- Start iteration i=88 ---------------
[2024-04-24 17:31:21,727][root][INFO] - Length of data.x: 389
[2024-04-24 17:31:21,727][root][INFO] - Length of data.y: 389
[2024-04-24 17:31:22,112][root][INFO] - x: [-0.04231117  0.0408518   0.33592667  0.1103491   0.55908367]
[2024-04-24 17:31:22,112][root][INFO] - y: [0.00408518 0.03675572 0.08781309 0.1035588 ]
[2024-04-24 17:31:22,112][root][INFO] - Reward: -0.8642967906792658
[2024-04-24 17:31:22,115][root][INFO] - --------------- Start iteration i=89 ---------------
[2024-04-24 17:31:22,115][root][INFO] - Length of data.x: 390
[2024-04-24 17:31:22,115][root][INFO] - Length of data.y: 390
[2024-04-24 17:31:22,816][root][INFO] - x: [-0.03822599  0.07760752  0.42373976  0.2139079  -0.8405115 ]
[2024-04-24 17:31:22,817][root][INFO] - y: [ 0.00776075 -0.07762353  0.17022264  0.07697557]
[2024-04-24 17:31:22,817][root][INFO] - Reward: -0.9953924148326978
[2024-04-24 17:31:22,821][root][INFO] - --------------- Start iteration i=90 ---------------
[2024-04-24 17:31:22,821][root][INFO] - Length of data.x: 391
[2024-04-24 17:31:22,821][root][INFO] - Length of data.y: 391
[2024-04-24 17:32:11,522][root][INFO] - Eval Returns: [-22.63511879 -22.91533491 -21.16815767 -16.18633405 -20.56135909]
[2024-04-24 17:32:11,530][root][INFO] - Eval Returns: mean=-20.693 std=2.419
[2024-04-24 17:32:11,530][root][INFO] - Eval ndata: 391.000
[2024-04-24 17:32:11,531][root][INFO] - Model MSE (current real MPC): 0.487
[2024-04-24 17:32:13,465][root][INFO] - Model MSE (random test set): 0.371
[2024-04-24 17:32:13,466][root][INFO] - Model MSE (GT MPC): 0.052
[2024-04-24 17:32:13,466][root][INFO] - Model Likelihood (random test set): -3.723
[2024-04-24 17:32:13,466][root][INFO] - Model Likelihood (GT MPC): -3.681
[2024-04-24 17:32:13,466][root][INFO] - *[TIME] [Evaluate the current MPC policy] Elapsed: 50.25 seconds
[2024-04-24 17:32:17,500][root][INFO] - x: [-3.04652424e-02 -1.60031207e-05  5.93962396e-01  2.90883468e-01
 -4.24946585e-01]
[2024-04-24 17:32:17,500][root][INFO] - y: [-1.60031207e-06 -1.10910923e-01  2.31477896e-01  1.26218937e-01]
[2024-04-24 17:32:17,500][root][INFO] - Reward: -0.9999494817141413
[2024-04-24 17:32:19,852][root][INFO] - --------------- Start iteration i=91 ---------------
[2024-04-24 17:32:19,853][root][INFO] - Length of data.x: 392
[2024-04-24 17:32:19,853][root][INFO] - Length of data.y: 392
[2024-04-24 17:32:20,518][root][INFO] - x: [-0.03046684 -0.11092693  0.82544029  0.41710241 -0.21027581]
[2024-04-24 17:32:20,519][root][INFO] - y: [-0.01109269 -0.15244537  0.33191982  0.1812846 ]
[2024-04-24 17:32:20,519][root][INFO] - Reward: -0.9999992514459082
[2024-04-24 17:32:20,525][root][INFO] - --------------- Start iteration i=92 ---------------
[2024-04-24 17:32:20,525][root][INFO] - Length of data.x: 393
[2024-04-24 17:32:20,525][root][INFO] - Length of data.y: 393
[2024-04-24 17:32:21,174][root][INFO] - x: [-0.04155954 -0.2633723  -0.84263989  0.59838701 -0.16458852]
[2024-04-24 17:32:21,175][root][INFO] - y: [-0.02633723  0.2383056   0.47618163 -0.25636658]
[2024-04-24 17:32:21,175][root][INFO] - Reward: -0.999997859680293
[2024-04-24 17:32:21,182][root][INFO] - --------------- Start iteration i=93 ---------------
[2024-04-24 17:32:21,182][root][INFO] - Length of data.x: 394
[2024-04-24 17:32:21,182][root][INFO] - Length of data.y: 394
[2024-04-24 17:32:21,858][root][INFO] - x: [-0.06789677 -0.0250667  -0.36645826  0.34202043  0.05534041]
[2024-04-24 17:32:21,859][root][INFO] - y: [-0.00250667  0.09541135  0.27217143 -0.05081952]
[2024-04-24 17:32:21,860][root][INFO] - Reward: -0.9979481737329474
[2024-04-24 17:32:21,867][root][INFO] - --------------- Start iteration i=94 ---------------
[2024-04-24 17:32:21,867][root][INFO] - Length of data.x: 395
[2024-04-24 17:32:21,867][root][INFO] - Length of data.y: 395
[2024-04-24 17:32:22,606][root][INFO] - x: [-0.07040343  0.07034465 -0.09428683  0.29120091 -0.7701507 ]
[2024-04-24 17:32:22,606][root][INFO] - y: [ 0.00703446 -0.04001309  0.2317305  -0.06693487]
[2024-04-24 17:32:22,607][root][INFO] - Reward: -0.6973762474118546
[2024-04-24 17:32:22,614][root][INFO] - --------------- Start iteration i=95 ---------------
[2024-04-24 17:32:22,614][root][INFO] - Length of data.x: 396
[2024-04-24 17:32:22,614][root][INFO] - Length of data.y: 396
[2024-04-24 17:32:23,329][root][INFO] - x: [-0.06336897  0.03033156  0.13744368  0.22426603  1.        ]
[2024-04-24 17:32:23,329][root][INFO] - y: [0.00303316 0.06364826 0.17846538 0.09890303]
[2024-04-24 17:32:23,330][root][INFO] - Reward: -0.4900588676587616
[2024-04-24 17:32:23,337][root][INFO] - --------------- Start iteration i=96 ---------------
[2024-04-24 17:32:23,337][root][INFO] - Length of data.x: 397
[2024-04-24 17:32:23,338][root][INFO] - Length of data.y: 397
[2024-04-24 17:32:24,042][root][INFO] - x: [-0.06033581  0.09397982  0.31590906  0.32316906 -0.99987941]
[2024-04-24 17:32:24,043][root][INFO] - y: [ 0.00939798 -0.13071214  0.25716998  0.01077814]
[2024-04-24 17:32:24,044][root][INFO] - Reward: -0.9875348498458767
[2024-04-24 17:32:24,049][root][INFO] - --------------- Start iteration i=97 ---------------
[2024-04-24 17:32:24,050][root][INFO] - Length of data.x: 398
[2024-04-24 17:32:24,050][root][INFO] - Length of data.y: 398
[2024-04-24 17:32:24,729][root][INFO] - x: [-0.05093783 -0.03673231  0.57307904  0.33394721 -0.3751617 ]
[2024-04-24 17:32:24,730][root][INFO] - y: [-0.00367323 -0.13090082  0.26574696  0.12541267]
[2024-04-24 17:32:24,730][root][INFO] - Reward: -0.9999760738263165
[2024-04-24 17:32:24,737][root][INFO] - --------------- Start iteration i=98 ---------------
[2024-04-24 17:32:24,738][root][INFO] - Length of data.x: 399
[2024-04-24 17:32:24,738][root][INFO] - Length of data.y: 399
[2024-04-24 17:32:25,417][root][INFO] - x: [-0.05461106 -0.16763313  0.838826    0.45935988 -0.20525405]
[2024-04-24 17:32:25,418][root][INFO] - y: [-0.01676331 -0.16845979  0.36554727  0.19494739]
[2024-04-24 17:32:25,418][root][INFO] - Reward: -0.9999999912277834
[2024-04-24 17:32:25,422][root][INFO] - --------------- Start iteration i=99 ---------------
[2024-04-24 17:32:25,422][root][INFO] - Length of data.x: 400
[2024-04-24 17:32:25,422][root][INFO] - Length of data.y: 400
[2024-04-24 17:32:26,107][root][INFO] - x: [-0.07137438 -0.33609292 -0.79562673  0.65430727 -0.2736772 ]
[2024-04-24 17:32:26,108][root][INFO] - y: [-0.03360929  0.32613234  0.5206816  -0.31999437]
[2024-04-24 17:32:26,108][root][INFO] - Reward: -0.9999999907463188
[2024-04-24 17:32:26,109][root][INFO] - Explore episode complete with return -23.05975823031173, resetting
[2024-04-24 17:32:26,109][root][INFO] - Exploration Episode Rewards: [-0.9999901353784036, -0.9999899018281777, -0.9999905131620291, -0.9999930545958485, -0.9999961427930456, -0.9999984426830986, -0.9999994042853566, -0.9999990451213185, -0.9999742234908446, -0.9951420972441701, -0.8805613987256486, -0.5925512061092048, -0.5590426720924209, -0.8642967906792658, -0.9953924148326978, -0.9999494817141413, -0.9999992514459082, -0.999997859680293, -0.9979481737329474, -0.6973762474118546, -0.4900588676587616, -0.9875348498458767, -0.9999760738263165, -0.9999999912277834, -0.9999999907463188]
[2024-04-24 17:32:26,116][root][INFO] - --------------- Start iteration i=100 ---------------
[2024-04-24 17:32:26,116][root][INFO] - Length of data.x: 401
[2024-04-24 17:32:26,117][root][INFO] - Length of data.y: 401
[2024-04-24 17:33:14,889][root][INFO] - Eval Returns: [-21.75974247 -22.1721494  -20.47574535 -20.09754114 -18.62054887]
[2024-04-24 17:33:14,896][root][INFO] - Eval Returns: mean=-20.625 std=1.265
[2024-04-24 17:33:14,896][root][INFO] - Eval ndata: 401.000
[2024-04-24 17:33:14,896][root][INFO] - Model MSE (current real MPC): 0.418
[2024-04-24 17:33:16,742][root][INFO] - Model MSE (random test set): 0.371
[2024-04-24 17:33:16,743][root][INFO] - Model MSE (GT MPC): 0.051
[2024-04-24 17:33:16,743][root][INFO] - Model Likelihood (random test set): -3.723
[2024-04-24 17:33:16,743][root][INFO] - Model Likelihood (GT MPC): -3.681
[2024-04-24 17:33:16,743][root][INFO] - *[TIME] [Evaluate the current MPC policy] Elapsed: 49.91 seconds
[2024-04-24 17:33:21,264][root][INFO] - x: [-3.24872890e-03 -4.17651020e-03  9.90750472e-01  5.07201605e-04
  5.13484199e-01]
[2024-04-24 17:33:21,264][root][INFO] - y: [-0.00041765  0.03941429  0.00040362 -0.03654428]
[2024-04-24 17:33:21,264][root][INFO] - Reward: -0.9999900580598612
[2024-04-24 17:33:23,233][root][INFO] - --------------- Start iteration i=101 ---------------
[2024-04-24 17:33:23,233][root][INFO] - Length of data.x: 402
[2024-04-24 17:33:23,233][root][INFO] - Length of data.y: 402
[2024-04-24 17:33:23,945][root][INFO] - x: [-0.00366638  0.03523778  0.99115409 -0.03603708  0.3173923 ]
[2024-04-24 17:33:23,945][root][INFO] - y: [ 0.00352378  0.02312602 -0.02867742 -0.0203882 ]
[2024-04-24 17:33:23,946][root][INFO] - Reward: -0.9999896490183857
[2024-04-24 17:33:23,953][root][INFO] - --------------- Start iteration i=102 ---------------
[2024-04-24 17:33:23,953][root][INFO] - Length of data.x: 403
[2024-04-24 17:33:23,953][root][INFO] - Length of data.y: 403
[2024-04-24 17:33:24,666][root][INFO] - x: [-1.42602295e-04  5.83638013e-02  9.62476672e-01 -5.64252744e-02
  2.86655696e-01]
[2024-04-24 17:33:24,666][root][INFO] - y: [ 0.00583638  0.0144355  -0.04490184 -0.00278576]
[2024-04-24 17:33:24,667][root][INFO] - Reward: -0.9999898075244384
[2024-04-24 17:33:24,673][root][INFO] - --------------- Start iteration i=103 ---------------
[2024-04-24 17:33:24,674][root][INFO] - Length of data.x: 404
[2024-04-24 17:33:24,674][root][INFO] - Length of data.y: 404
[2024-04-24 17:33:25,310][root][INFO] - x: [ 0.00569378  0.0727993   0.91757483 -0.05921103  0.30975605]
[2024-04-24 17:33:25,311][root][INFO] - y: [ 0.00727993  0.03123638 -0.04711868 -0.00504942]
[2024-04-24 17:33:25,311][root][INFO] - Reward: -0.9999915148263981
[2024-04-24 17:33:25,317][root][INFO] - --------------- Start iteration i=104 ---------------
[2024-04-24 17:33:25,317][root][INFO] - Length of data.x: 405
[2024-04-24 17:33:25,317][root][INFO] - Length of data.y: 405
[2024-04-24 17:33:25,920][root][INFO] - x: [ 0.01297371  0.10403568  0.87045615 -0.06426046  0.69862992]
[2024-04-24 17:33:25,921][root][INFO] - y: [ 0.01040357  0.07883537 -0.05113689 -0.03352532]
[2024-04-24 17:33:25,921][root][INFO] - Reward: -0.9999952647421299
[2024-04-24 17:33:25,927][root][INFO] - --------------- Start iteration i=105 ---------------
[2024-04-24 17:33:25,927][root][INFO] - Length of data.x: 406
[2024-04-24 17:33:25,927][root][INFO] - Length of data.y: 406
[2024-04-24 17:33:26,505][root][INFO] - x: [ 0.02337728  0.18287105  0.81931926 -0.09778578 -0.24464429]
[2024-04-24 17:33:26,505][root][INFO] - y: [ 0.01828711 -0.065185   -0.07781551  0.10775818]
[2024-04-24 17:33:26,506][root][INFO] - Reward: -0.9999991802483458
[2024-04-24 17:33:26,512][root][INFO] - --------------- Start iteration i=106 ---------------
[2024-04-24 17:33:26,512][root][INFO] - Length of data.x: 407
[2024-04-24 17:33:26,512][root][INFO] - Length of data.y: 407
[2024-04-24 17:33:27,093][root][INFO] - x: [ 0.04166438  0.11768605  0.74150375  0.0099724  -0.17040733]
[2024-04-24 17:33:27,094][root][INFO] - y: [ 0.01176861 -0.04458515  0.00793579  0.10194025]
[2024-04-24 17:33:27,094][root][INFO] - Reward: -0.9999998545387432
[2024-04-24 17:33:27,101][root][INFO] - --------------- Start iteration i=107 ---------------
[2024-04-24 17:33:27,101][root][INFO] - Length of data.x: 408
[2024-04-24 17:33:27,101][root][INFO] - Length of data.y: 408
[2024-04-24 17:33:27,716][root][INFO] - x: [ 0.05343299  0.07310091  0.74943954  0.11191265 -0.40485964]
[2024-04-24 17:33:27,717][root][INFO] - y: [ 0.00731009 -0.0835586   0.08905733  0.12854079]
[2024-04-24 17:33:27,717][root][INFO] - Reward: -0.999999936961186
[2024-04-24 17:33:27,724][root][INFO] - --------------- Start iteration i=108 ---------------
[2024-04-24 17:33:27,724][root][INFO] - Length of data.x: 409
[2024-04-24 17:33:27,724][root][INFO] - Length of data.y: 409
[2024-04-24 17:33:28,375][root][INFO] - x: [ 0.06074308 -0.01045769  0.83849688  0.24045344 -0.20814988]
[2024-04-24 17:33:28,376][root][INFO] - y: [-0.00104577 -0.08785347  0.19134692  0.12449999]
[2024-04-24 17:33:28,377][root][INFO] - Reward: -0.9999989936418209
[2024-04-24 17:33:28,383][root][INFO] - --------------- Start iteration i=109 ---------------
[2024-04-24 17:33:28,383][root][INFO] - Length of data.x: 410
[2024-04-24 17:33:28,384][root][INFO] - Length of data.y: 410
[2024-04-24 17:33:29,035][root][INFO] - x: [ 0.05969731 -0.09831115 -0.9701562   0.36495343 -1.        ]
[2024-04-24 17:33:29,036][root][INFO] - y: [-0.00983112 -0.13352834  0.29042095  0.12374816]
[2024-04-24 17:33:29,036][root][INFO] - Reward: -0.9988722751027663
[2024-04-24 17:33:29,043][root][INFO] - --------------- Start iteration i=110 ---------------
[2024-04-24 17:33:29,043][root][INFO] - Length of data.x: 411
[2024-04-24 17:33:29,043][root][INFO] - Length of data.y: 411
[2024-04-24 17:33:38,891][root][INFO] - *[TIME] [Evaluate the current MPC policy] Elapsed: 9.16 seconds
