[2024-04-19 19:02:00,648][root][INFO] - Dumper dumping to /trajectory-information-rl/experiments/mpc_cartpole_2024-04-19/19-01-55/seed_0
[2024-04-19 19:02:00,653][root][INFO] - Start obs: None
[2024-04-19 19:02:14,641][root][INFO] - GT Returns: [-14.51186176 -12.9319723  -10.08515435 -11.07189606 -10.93249133]
[2024-04-19 19:02:14,641][root][INFO] - GT Returns: mean=-11.907 std=1.600
[2024-04-19 19:02:14,641][root][INFO] - Path Lengths: [36345, 36345, 36345, 36345, 36345]
[2024-04-19 19:02:14,641][root][INFO] - Path Lengths: mean=36345.000 std=0.000
[2024-04-19 19:02:14,704][root][INFO] - all_x.shape = (181725, 5)
[2024-04-19 19:02:14,708][root][INFO] - all_x.min(axis=0) = [-0.93371433 -1.58487637 -0.99996626 -0.86488515 -1.        ]
[2024-04-19 19:02:14,713][root][INFO] - all_x.max(axis=0) = [0.98412241 1.55051114 0.99995527 0.86653009 1.        ]
[2024-04-19 19:02:14,715][root][INFO] - all_x.mean(axis=0) = [ 8.54592896e-05 -1.29780492e-03 -4.72353580e-03 -1.41841601e-02
 -1.66334608e-03]
[2024-04-19 19:02:14,723][root][INFO] - all_x.var(axis=0) = [0.01160572 0.04986998 0.23926037 0.08766376 0.20373588]
[2024-04-19 19:02:14,758][root][INFO] - --------------- Start iteration i=0 ---------------
[2024-04-19 19:02:14,758][root][INFO] - Length of data.x: 1
[2024-04-19 19:02:14,758][root][INFO] - Length of data.y: 1
[2024-04-19 19:02:20,127][root][INFO] - Eval Returns: [-24.98785939 -24.99991857 -24.99735844 -24.99960582 -24.99991733]
[2024-04-19 19:02:20,132][root][INFO] - Eval Returns: mean=-24.997 std=0.005
[2024-04-19 19:02:20,132][root][INFO] - Eval ndata: 1.000
[2024-04-19 19:02:20,132][root][INFO] - Model MSE (current real MPC): 0.517
[2024-04-19 19:02:21,133][root][INFO] - Model MSE (random test set): 0.379
[2024-04-19 19:02:21,133][root][INFO] - Model MSE (GT MPC): 0.088
[2024-04-19 19:02:21,133][root][INFO] - Model Likelihood (random test set): -4.110
[2024-04-19 19:02:21,133][root][INFO] - Model Likelihood (GT MPC): -3.887
[2024-04-19 19:02:21,133][root][INFO] - *[TIME] [Evaluate the current MPC policy] Elapsed: 6.19 seconds
[2024-04-19 19:02:22,856][root][INFO] - x: [ 1.02964145e-03  3.12837280e-04  9.96971290e-01  9.66253387e-05
 -1.78159958e-01]
[2024-04-19 19:02:22,856][root][INFO] - y: [ 3.12837280e-05 -2.90697562e-02  7.68920634e-05  3.00030439e-02]
[2024-04-19 19:02:22,857][root][INFO] - Reward: -0.9999900863441977
[2024-04-19 19:02:24,409][root][INFO] - --------------- Start iteration i=1 ---------------
[2024-04-19 19:02:24,409][root][INFO] - Length of data.x: 2
[2024-04-19 19:02:24,409][root][INFO] - Length of data.y: 2
[2024-04-19 19:02:24,568][root][INFO] - x: [ 0.00106093 -0.02875692  0.99704818  0.03009967 -0.16562625]
[2024-04-19 19:02:24,569][root][INFO] - y: [-0.00287569 -0.02659783  0.02395258  0.02750757]
[2024-04-19 19:02:24,569][root][INFO] - Reward: -0.999990086255794
[2024-04-19 19:02:24,569][root][INFO] - --------------- Start iteration i=2 ---------------
[2024-04-19 19:02:24,569][root][INFO] - Length of data.x: 3
[2024-04-19 19:02:24,569][root][INFO] - Length of data.y: 3
[2024-04-19 19:02:24,735][root][INFO] - x: [-0.00181477 -0.05535475 -0.97899924  0.05760724 -0.07449303]
[2024-04-19 19:02:24,735][root][INFO] - y: [-0.00553547 -0.00681108  0.04584242  0.00032189]
[2024-04-19 19:02:24,736][root][INFO] - Reward: -0.9999906839783743
[2024-04-19 19:02:24,736][root][INFO] - --------------- Start iteration i=3 ---------------
[2024-04-19 19:02:24,736][root][INFO] - Length of data.x: 4
[2024-04-19 19:02:24,736][root][INFO] - Length of data.y: 4
[2024-04-19 19:02:24,891][root][INFO] - x: [-0.00735024 -0.06216583 -0.93315682  0.05792913  1.        ]
[2024-04-19 19:02:24,891][root][INFO] - y: [-0.00621658  0.16963362  0.04609857 -0.18637747]
[2024-04-19 19:02:24,891][root][INFO] - Reward: -0.9999921965044715
[2024-04-19 19:02:24,891][root][INFO] - --------------- Start iteration i=4 ---------------
[2024-04-19 19:02:24,892][root][INFO] - Length of data.x: 5
[2024-04-19 19:02:24,892][root][INFO] - Length of data.y: 5
[2024-04-19 19:02:30,500][root][INFO] - Eval Returns: [-24.9999833  -22.44600887 -24.9999814  -24.99998143 -24.99998364]
[2024-04-19 19:02:30,504][root][INFO] - Eval Returns: mean=-24.489 std=1.022
[2024-04-19 19:02:30,504][root][INFO] - Eval ndata: 5.000
[2024-04-19 19:02:30,504][root][INFO] - Model MSE (current real MPC): 0.863
[2024-04-19 19:02:31,543][root][INFO] - Model MSE (random test set): 0.237
[2024-04-19 19:02:31,543][root][INFO] - Model MSE (GT MPC): 0.155
[2024-04-19 19:02:31,543][root][INFO] - Model Likelihood (random test set): -3.778
[2024-04-19 19:02:31,543][root][INFO] - Model Likelihood (GT MPC): -3.746
[2024-04-19 19:02:31,544][root][INFO] - *[TIME] [Evaluate the current MPC policy] Elapsed: 6.49 seconds
[2024-04-19 19:02:33,728][root][INFO] - x: [-0.01356682  0.10746779 -0.88705825 -0.12844834 -1.        ]
[2024-04-19 19:02:33,728][root][INFO] - y: [ 0.01074678 -0.12488234 -0.10221603  0.0829866 ]
[2024-04-19 19:02:33,728][root][INFO] - Reward: -0.9999901910291847
