[2024-04-23 17:10:57,650][root][INFO] - Dumper dumping to /tirl/experiments/mpc_frozencartpole_2024-04-23/17-10-41/seed_1
[2024-04-23 17:10:57,672][root][INFO] - Start obs: None
[2024-04-23 17:11:24,316][root][INFO] - GT Returns: [-10.90424908 -10.11936971 -11.04389086 -10.30857046 -12.44404781]
[2024-04-23 17:11:24,316][root][INFO] - GT Returns: mean=-10.964 std=0.818
[2024-04-23 17:11:24,316][root][INFO] - Path Lengths: [36345, 36345, 36345, 36345, 36345]
[2024-04-23 17:11:24,316][root][INFO] - Path Lengths: mean=36345.000 std=0.000
[2024-04-23 17:11:24,373][root][INFO] - all_x.shape = (181725, 5)
[2024-04-23 17:11:24,384][root][INFO] - all_x.min(axis=0) = [-0.60251946 -0.82706494 -0.99999791 -0.79819857 -1.        ]
[2024-04-23 17:11:24,389][root][INFO] - all_x.max(axis=0) = [0.86147207 1.36145561 0.99999361 0.85453224 1.        ]
[2024-04-23 17:11:24,392][root][INFO] - all_x.mean(axis=0) = [-0.01516793  0.00302647  0.01052878 -0.00554345  0.00911954]
[2024-04-23 17:11:24,401][root][INFO] - all_x.var(axis=0) = [0.00526748 0.02660173 0.23234018 0.06984709 0.23645583]
[2024-04-23 17:11:24,440][root][INFO] - --------------- Start iteration i=0 ---------------
[2024-04-23 17:11:24,441][root][INFO] - Length of data.x: 301
[2024-04-23 17:11:24,441][root][INFO] - Length of data.y: 301
[2024-04-23 17:11:51,955][root][INFO] - Eval Returns: [-21.68731767 -22.13614241 -15.2022573  -13.79683105 -20.92372445]
[2024-04-23 17:11:51,962][root][INFO] - Eval Returns: mean=-18.749 std=3.520
[2024-04-23 17:11:51,962][root][INFO] - Eval ndata: 301.000
[2024-04-23 17:11:51,963][root][INFO] - Model MSE (current real MPC): 0.417
[2024-04-23 17:11:53,530][root][INFO] - Model MSE (random test set): 0.003
[2024-04-23 17:11:53,530][root][INFO] - Model MSE (GT MPC): 0.001
[2024-04-23 17:11:53,530][root][INFO] - Model Likelihood (random test set): -3.726
[2024-04-23 17:11:53,531][root][INFO] - Model Likelihood (GT MPC): -3.800
[2024-04-23 17:11:53,531][root][INFO] - *[TIME] [Evaluate the current MPC policy] Elapsed: 28.58 seconds
