[2024-04-25 12:48:38,385][root][INFO] - Dumper dumping to /tirl/experiments/mpc_rustypendulum_2024-04-25/12-48-32/seed_0
[2024-04-25 12:48:38,390][root][INFO] - Start obs: None
[2024-04-25 12:48:57,017][root][INFO] - GT Returns: [  -2.27434812 -348.92754173 -243.39895201 -368.81567744 -239.41864591]
[2024-04-25 12:48:57,017][root][INFO] - GT Returns: mean=-240.567 std=130.371
[2024-04-25 12:48:57,017][root][INFO] - Path Lengths: [39420, 39420, 39420, 39420, 39420]
[2024-04-25 12:48:57,017][root][INFO] - Path Lengths: mean=39420.000 std=0.000
[2024-04-25 12:48:57,087][root][INFO] - all_x.shape = (197100, 3)
[2024-04-25 12:48:57,092][root][INFO] - all_x.min(axis=0) = [-0.99996514 -1.         -1.        ]
[2024-04-25 12:48:57,096][root][INFO] - all_x.max(axis=0) = [0.99999931 1.         1.        ]
[2024-04-25 12:48:57,100][root][INFO] - all_x.mean(axis=0) = [-0.01640354 -0.00353739  0.01241892]
[2024-04-25 12:48:57,108][root][INFO] - all_x.var(axis=0) = [0.12414206 0.10781191 0.27257967]
[2024-04-25 12:48:57,162][root][INFO] - --------------- Start iteration i=0 ---------------
[2024-04-25 12:48:57,163][root][INFO] - Length of data.x: 1
[2024-04-25 12:48:57,163][root][INFO] - Length of data.y: 1
[2024-04-25 12:49:18,751][root][INFO] - Eval Returns: [-1557.56987345 -1651.07277472 -1601.32768453 -1553.14262148
 -1780.42365605]
[2024-04-25 12:49:18,792][root][INFO] - Eval Returns: mean=-1628.707 std=83.712
[2024-04-25 12:49:18,792][root][INFO] - Eval ndata: 1.000
[2024-04-25 12:49:18,792][root][INFO] - Model MSE (current real MPC): 0.132
[2024-04-25 12:49:19,231][root][INFO] - Model MSE (random test set): 0.014
[2024-04-25 12:49:19,231][root][INFO] - Model MSE (GT MPC): 0.009
[2024-04-25 12:49:19,231][root][INFO] - Model Likelihood (random test set): -1.900
[2024-04-25 12:49:19,231][root][INFO] - Model Likelihood (GT MPC): -1.903
[2024-04-25 12:49:19,231][root][INFO] - *[TIME] [Evaluate the current MPC policy] Elapsed: 22.00 seconds
[2024-04-25 12:49:20,762][root][INFO] - x: [ 0.14304096 -0.11440459 -0.59514031]
[2024-04-25 12:49:20,762][root][INFO] - y: [-0.01222271  0.01840761]
[2024-04-25 12:49:20,762][root][INFO] - Reward: -0.22929808614337896
[2024-04-25 12:49:22,902][root][INFO] - --------------- Start iteration i=1 ---------------
[2024-04-25 12:49:22,902][root][INFO] - Length of data.x: 2
[2024-04-25 12:49:22,902][root][INFO] - Length of data.y: 2
[2024-04-25 12:49:22,999][root][INFO] - x: [ 0.13081825 -0.09599698 -0.99210895]
[2024-04-25 12:49:22,999][root][INFO] - y: [-0.01219094  0.00024958]
[2024-04-25 12:49:22,999][root][INFO] - Reward: -0.20149894113116457
[2024-04-25 12:49:23,000][root][INFO] - --------------- Start iteration i=2 ---------------
[2024-04-25 12:49:23,000][root][INFO] - Length of data.x: 3
[2024-04-25 12:49:23,000][root][INFO] - Length of data.y: 3
[2024-04-25 12:49:23,095][root][INFO] - x: [ 0.11862731 -0.0957474  -0.67263186]
[2024-04-25 12:49:23,095][root][INFO] - y: [-0.01105626  0.00891176]
[2024-04-25 12:49:23,096][root][INFO] - Reward: -0.1642749149763924
[2024-04-25 12:49:23,096][root][INFO] - --------------- Start iteration i=3 ---------------
[2024-04-25 12:49:23,096][root][INFO] - Length of data.x: 4
[2024-04-25 12:49:23,097][root][INFO] - Length of data.y: 4
[2024-04-25 12:49:23,194][root][INFO] - x: [ 0.10757105 -0.08683564 -1.        ]
[2024-04-25 12:49:23,195][root][INFO] - y: [-0.01187334 -0.00641733]
[2024-04-25 12:49:23,195][root][INFO] - Reward: -0.1500415035718264
[2024-04-25 12:49:23,196][root][INFO] - --------------- Start iteration i=4 ---------------
[2024-04-25 12:49:23,196][root][INFO] - Length of data.x: 5
[2024-04-25 12:49:23,196][root][INFO] - Length of data.y: 5
[2024-04-25 12:49:23,294][root][INFO] - x: [ 0.09569772 -0.09325296 -0.65059326]
[2024-04-25 12:49:23,294][root][INFO] - y: [-0.01144484  0.00336538]
[2024-04-25 12:49:23,295][root][INFO] - Reward: -0.1234635194342048
[2024-04-25 12:49:23,295][root][INFO] - --------------- Start iteration i=5 ---------------
[2024-04-25 12:49:23,295][root][INFO] - Length of data.x: 6
[2024-04-25 12:49:23,295][root][INFO] - Length of data.y: 6
[2024-04-25 12:49:51,207][root][INFO] - Eval Returns: [-1123.61458003  -983.53459766 -1017.82977025  -991.84418385
  -992.77304733]
[2024-04-25 12:49:51,241][root][INFO] - Eval Returns: mean=-1021.919 std=52.127
[2024-04-25 12:49:51,242][root][INFO] - Eval ndata: 6.000
[2024-04-25 12:49:51,242][root][INFO] - Model MSE (current real MPC): 0.161
[2024-04-25 12:49:51,708][root][INFO] - Model MSE (random test set): 0.002
[2024-04-25 12:49:51,709][root][INFO] - Model MSE (GT MPC): 0.001
[2024-04-25 12:49:51,709][root][INFO] - Model Likelihood (random test set): -1.850
[2024-04-25 12:49:51,709][root][INFO] - Model Likelihood (GT MPC): -1.848
[2024-04-25 12:49:51,709][root][INFO] - *[TIME] [Evaluate the current MPC policy] Elapsed: 28.32 seconds
[2024-04-25 12:49:54,897][root][INFO] - x: [ 0.08425287 -0.08988759 -0.60616081]
[2024-04-25 12:49:54,898][root][INFO] - y: [-0.01121633  0.00179475]
[2024-04-25 12:49:54,898][root][INFO] - Reward: -0.10378374677408035
[2024-04-25 12:49:56,398][root][INFO] - --------------- Start iteration i=6 ---------------
[2024-04-25 12:49:56,398][root][INFO] - Length of data.x: 7
[2024-04-25 12:49:56,398][root][INFO] - Length of data.y: 7
[2024-04-25 12:49:56,496][root][INFO] - x: [ 0.07303655 -0.08809283 -0.61792206]
[2024-04-25 12:49:56,496][root][INFO] - y: [-0.01145179 -0.00184929]
[2024-04-25 12:49:56,497][root][INFO] - Reward: -0.09073294154146282
[2024-04-25 12:49:56,497][root][INFO] - --------------- Start iteration i=7 ---------------
[2024-04-25 12:49:56,497][root][INFO] - Length of data.x: 8
[2024-04-25 12:49:56,497][root][INFO] - Length of data.y: 8
[2024-04-25 12:49:56,594][root][INFO] - x: [ 0.06158476 -0.08994213  0.20166632]
[2024-04-25 12:49:56,595][root][INFO] - y: [-0.00819385  0.02558775]
[2024-04-25 12:49:56,595][root][INFO] - Reward: -0.05480237296512742
[2024-04-25 12:49:56,596][root][INFO] - --------------- Start iteration i=8 ---------------
[2024-04-25 12:49:56,596][root][INFO] - Length of data.x: 9
[2024-04-25 12:49:56,596][root][INFO] - Length of data.y: 9
[2024-04-25 12:49:56,695][root][INFO] - x: [ 0.05339091 -0.06435438 -0.18370881]
[2024-04-25 12:49:56,696][root][INFO] - y: [-0.00707821  0.00876221]
[2024-04-25 12:49:56,696][root][INFO] - Reward: -0.04108310076916134
[2024-04-25 12:49:56,697][root][INFO] - --------------- Start iteration i=9 ---------------
[2024-04-25 12:49:56,697][root][INFO] - Length of data.x: 10
[2024-04-25 12:49:56,697][root][INFO] - Length of data.y: 10
[2024-04-25 12:49:56,796][root][INFO] - x: [ 0.04631269 -0.05559217 -0.41416251]
[2024-04-25 12:49:56,796][root][INFO] - y: [-0.00732509 -0.00193895]
[2024-04-25 12:49:56,796][root][INFO] - Reward: -0.03687116111304466
[2024-04-25 12:49:56,797][root][INFO] - --------------- Start iteration i=10 ---------------
[2024-04-25 12:49:56,797][root][INFO] - Length of data.x: 11
[2024-04-25 12:49:56,797][root][INFO] - Length of data.y: 11
[2024-04-25 12:50:24,057][root][INFO] - Eval Returns: [-939.82506082 -256.22600208 -839.20015371 -251.89942606 -356.41756429]
[2024-04-25 12:50:24,103][root][INFO] - Eval Returns: mean=-528.714 std=298.656
[2024-04-25 12:50:24,104][root][INFO] - Eval ndata: 11.000
[2024-04-25 12:50:24,104][root][INFO] - Model MSE (current real MPC): 0.089
[2024-04-25 12:50:24,657][root][INFO] - Model MSE (random test set): 0.002
[2024-04-25 12:50:24,657][root][INFO] - Model MSE (GT MPC): 0.001
[2024-04-25 12:50:24,657][root][INFO] - Model Likelihood (random test set): -1.847
[2024-04-25 12:50:24,657][root][INFO] - Model Likelihood (GT MPC): -1.843
[2024-04-25 12:50:24,657][root][INFO] - *[TIME] [Evaluate the current MPC policy] Elapsed: 27.76 seconds
[2024-04-25 12:50:28,533][root][INFO] - x: [ 0.0389876  -0.05753112 -0.22963064]
[2024-04-25 12:50:28,533][root][INFO] - y: [-0.00696311  0.00284296]
[2024-04-25 12:50:28,533][root][INFO] - Reward: -0.02947396109199298
[2024-04-25 12:50:30,166][root][INFO] - --------------- Start iteration i=11 ---------------
[2024-04-25 12:50:30,166][root][INFO] - Length of data.x: 12
[2024-04-25 12:50:30,166][root][INFO] - Length of data.y: 12
[2024-04-25 12:50:30,264][root][INFO] - x: [ 0.03202449 -0.05468817 -0.28197689]
[2024-04-25 12:50:30,265][root][INFO] - y: [-0.00711056 -0.00115805]
[2024-04-25 12:50:30,265][root][INFO] - Reward: -0.026404461436659643
[2024-04-25 12:50:30,266][root][INFO] - --------------- Start iteration i=12 ---------------
[2024-04-25 12:50:30,266][root][INFO] - Length of data.x: 13
[2024-04-25 12:50:30,266][root][INFO] - Length of data.y: 13
[2024-04-25 12:50:30,364][root][INFO] - x: [ 0.02491393 -0.05584621 -0.29394775]
[2024-04-25 12:50:30,364][root][INFO] - y: [-0.00758074 -0.00369277]
[2024-04-25 12:50:30,365][root][INFO] - Reward: -0.025998140917547072
[2024-04-25 12:50:30,366][root][INFO] - --------------- Start iteration i=13 ---------------
[2024-04-25 12:50:30,366][root][INFO] - Length of data.x: 14
[2024-04-25 12:50:30,366][root][INFO] - Length of data.y: 14
[2024-04-25 12:50:30,464][root][INFO] - x: [ 0.01733319 -0.05953899  0.29377763]
[2024-04-25 12:50:30,465][root][INFO] - y: [-0.00552838  0.01611918]
[2024-04-25 12:50:30,465][root][INFO] - Reward: -0.013786371922385453
[2024-04-25 12:50:30,466][root][INFO] - --------------- Start iteration i=14 ---------------
[2024-04-25 12:50:30,466][root][INFO] - Length of data.x: 15
[2024-04-25 12:50:30,466][root][INFO] - Length of data.y: 15
[2024-04-25 12:50:30,563][root][INFO] - x: [ 0.01180481 -0.0434198   0.45913555]
[2024-04-25 12:50:30,563][root][INFO] - y: [-0.00289359  0.02069359]
[2024-04-25 12:50:30,564][root][INFO] - Reward: -0.004932441753587417
[2024-04-25 12:50:30,564][root][INFO] - --------------- Start iteration i=15 ---------------
[2024-04-25 12:50:30,565][root][INFO] - Length of data.x: 16
[2024-04-25 12:50:30,565][root][INFO] - Length of data.y: 16
[2024-04-25 12:51:01,674][root][INFO] - Eval Returns: [ -127.99085169  -245.69381212  -132.90877933 -1893.34013818
    -4.22629537]
[2024-04-25 12:51:01,716][root][INFO] - Eval Returns: mean=-480.832 std=710.376
[2024-04-25 12:51:01,718][root][INFO] - Eval ndata: 16.000
[2024-04-25 12:51:01,718][root][INFO] - Model MSE (current real MPC): 0.043
[2024-04-25 12:51:02,266][root][INFO] - Model MSE (random test set): 0.002
[2024-04-25 12:51:02,266][root][INFO] - Model MSE (GT MPC): 0.001
[2024-04-25 12:51:02,266][root][INFO] - Model Likelihood (random test set): -1.849
[2024-04-25 12:51:02,267][root][INFO] - Model Likelihood (GT MPC): -1.843
[2024-04-25 12:51:02,267][root][INFO] - *[TIME] [Evaluate the current MPC policy] Elapsed: 31.61 seconds
[2024-04-25 12:51:05,832][root][INFO] - x: [ 0.00891122 -0.02272621 -0.28028323]
[2024-04-25 12:51:05,832][root][INFO] - y: [-0.00389772 -0.00788639]
[2024-04-25 12:51:05,832][root][INFO] - Reward: -0.006559952080087185
[2024-04-25 12:51:07,442][root][INFO] - --------------- Start iteration i=16 ---------------
[2024-04-25 12:51:07,442][root][INFO] - Length of data.x: 17
[2024-04-25 12:51:07,442][root][INFO] - Length of data.y: 17
[2024-04-25 12:51:07,543][root][INFO] - x: [ 0.0050135  -0.03061261  0.19312323]
[2024-04-25 12:51:07,543][root][INFO] - y: [-0.00278762  0.00871866]
[2024-04-25 12:51:07,544][root][INFO] - Reward: -0.003265893927268192
[2024-04-25 12:51:07,545][root][INFO] - --------------- Start iteration i=17 ---------------
[2024-04-25 12:51:07,545][root][INFO] - Length of data.x: 18
[2024-04-25 12:51:07,545][root][INFO] - Length of data.y: 18
[2024-04-25 12:51:07,647][root][INFO] - x: [ 0.00222587 -0.02189395  0.36776514]
[2024-04-25 12:51:07,647][root][INFO] - y: [-0.00094821  0.01444676]
[2024-04-25 12:51:07,647][root][INFO] - Reward: -0.0009120643316479038
[2024-04-25 12:51:07,648][root][INFO] - --------------- Start iteration i=18 ---------------
[2024-04-25 12:51:07,648][root][INFO] - Length of data.x: 19
[2024-04-25 12:51:07,648][root][INFO] - Length of data.y: 19
[2024-04-25 12:51:07,750][root][INFO] - x: [ 0.00127767 -0.00744719  0.57814235]
[2024-04-25 12:51:07,750][root][INFO] - y: [0.00186013 0.02205664]
[2024-04-25 12:51:07,750][root][INFO] - Reward: -0.0028001592567275012
[2024-04-25 12:51:07,751][root][INFO] - --------------- Start iteration i=19 ---------------
[2024-04-25 12:51:07,751][root][INFO] - Length of data.x: 20
[2024-04-25 12:51:07,752][root][INFO] - Length of data.y: 20
[2024-04-25 12:51:07,854][root][INFO] - x: [ 0.0031378   0.01460945 -0.06814719]
[2024-04-25 12:51:07,854][root][INFO] - y: [ 0.00165242 -0.00163138]
[2024-04-25 12:51:07,855][root][INFO] - Reward: -0.0013230010380979715
[2024-04-25 12:51:07,856][root][INFO] - --------------- Start iteration i=20 ---------------
[2024-04-25 12:51:07,856][root][INFO] - Length of data.x: 21
[2024-04-25 12:51:07,856][root][INFO] - Length of data.y: 21
[2024-04-25 12:51:34,379][root][INFO] - Eval Returns: [ -129.39814875 -1236.08507603 -1407.32215796 -1829.05808412
 -1908.40062414]
[2024-04-25 12:51:34,419][root][INFO] - Eval Returns: mean=-1302.053 std=638.114
[2024-04-25 12:51:34,419][root][INFO] - Eval ndata: 21.000
[2024-04-25 12:51:34,420][root][INFO] - Model MSE (current real MPC): 0.175
[2024-04-25 12:51:34,899][root][INFO] - Model MSE (random test set): 0.003
[2024-04-25 12:51:34,899][root][INFO] - Model MSE (GT MPC): 0.001
[2024-04-25 12:51:34,899][root][INFO] - Model Likelihood (random test set): -1.851
[2024-04-25 12:51:34,899][root][INFO] - Model Likelihood (GT MPC): -1.843
[2024-04-25 12:51:34,899][root][INFO] - *[TIME] [Evaluate the current MPC policy] Elapsed: 26.94 seconds
[2024-04-25 12:51:38,549][root][INFO] - x: [0.00479022 0.01297808 0.02671507]
[2024-04-25 12:51:38,549][root][INFO] - y: [0.0019596 0.0024126]
[2024-04-25 12:51:38,549][root][INFO] - Reward: -0.001968501113844479
[2024-04-25 12:51:40,163][root][INFO] - --------------- Start iteration i=21 ---------------
[2024-04-25 12:51:40,163][root][INFO] - Length of data.x: 22
[2024-04-25 12:51:40,163][root][INFO] - Length of data.y: 22
[2024-04-25 12:51:40,279][root][INFO] - x: [0.00674982 0.01539067 0.10439629]
[2024-04-25 12:51:40,280][root][INFO] - y: [0.00271116 0.0059027 ]
[2024-04-25 12:51:40,280][root][INFO] - Reward: -0.003828833086727353
[2024-04-25 12:51:40,282][root][INFO] - --------------- Start iteration i=22 ---------------
[2024-04-25 12:51:40,282][root][INFO] - Length of data.x: 23
[2024-04-25 12:51:40,282][root][INFO] - Length of data.y: 23
[2024-04-25 12:51:40,391][root][INFO] - x: [ 0.00946098  0.02129337 -0.15300109]
[2024-04-25 12:51:40,392][root][INFO] - y: [ 0.00233536 -0.00295146]
[2024-04-25 12:51:40,392][root][INFO] - Reward: -0.0036201534088341363
[2024-04-25 12:51:40,393][root][INFO] - --------------- Start iteration i=23 ---------------
[2024-04-25 12:51:40,393][root][INFO] - Length of data.x: 24
[2024-04-25 12:51:40,393][root][INFO] - Length of data.y: 24
[2024-04-25 12:51:40,499][root][INFO] - x: [ 0.01179634  0.01834191 -0.24212247]
[2024-04-25 12:51:40,500][root][INFO] - y: [ 0.00162158 -0.00560608]
[2024-04-25 12:51:40,500][root][INFO] - Reward: -0.003049511153292258
[2024-04-25 12:51:40,501][root][INFO] - --------------- Start iteration i=24 ---------------
[2024-04-25 12:51:40,501][root][INFO] - Length of data.x: 25
[2024-04-25 12:51:40,501][root][INFO] - Length of data.y: 25
[2024-04-25 12:51:40,609][root][INFO] - x: [ 0.01341792  0.01273583 -0.25014243]
[2024-04-25 12:51:40,610][root][INFO] - y: [ 0.00093026 -0.00542961]
[2024-04-25 12:51:40,610][root][INFO] - Reward: -0.002623779794292097
[2024-04-25 12:51:40,611][root][INFO] - --------------- Start iteration i=25 ---------------
[2024-04-25 12:51:40,612][root][INFO] - Length of data.x: 26
[2024-04-25 12:51:40,612][root][INFO] - Length of data.y: 26
[2024-04-25 12:52:12,369][root][INFO] - Eval Returns: [ -122.80830544  -119.25976167 -1064.72122922  -119.56301998
  -128.8563542 ]
[2024-04-25 12:52:12,414][root][INFO] - Eval Returns: mean=-311.042 std=376.856
[2024-04-25 12:52:12,414][root][INFO] - Eval ndata: 26.000
[2024-04-25 12:52:12,416][root][INFO] - Model MSE (current real MPC): 0.053
[2024-04-25 12:52:12,977][root][INFO] - Model MSE (random test set): 0.003
[2024-04-25 12:52:12,977][root][INFO] - Model MSE (GT MPC): 0.001
[2024-04-25 12:52:12,977][root][INFO] - Model Likelihood (random test set): -1.852
[2024-04-25 12:52:12,977][root][INFO] - Model Likelihood (GT MPC): -1.843
[2024-04-25 12:52:12,977][root][INFO] - *[TIME] [Evaluate the current MPC policy] Elapsed: 32.26 seconds
[2024-04-25 12:52:16,092][root][INFO] - x: [ 0.01434818  0.00730622 -0.47032882]
[2024-04-25 12:52:16,092][root][INFO] - y: [-0.00077752 -0.01341287]
[2024-04-25 12:52:16,092][root][INFO] - Reward: -0.002941112766090638
[2024-04-25 12:52:17,605][root][INFO] - --------------- Start iteration i=26 ---------------
[2024-04-25 12:52:17,605][root][INFO] - Length of data.x: 27
[2024-04-25 12:52:17,605][root][INFO] - Length of data.y: 27
[2024-04-25 12:52:17,714][root][INFO] - x: [ 0.01357065 -0.00610665 -0.12651995]
[2024-04-25 12:52:17,715][root][INFO] - y: [-0.00087287 -0.00074882]
[2024-04-25 12:52:17,715][root][INFO] - Reward: -0.0019561271462451364
[2024-04-25 12:52:17,716][root][INFO] - --------------- Start iteration i=27 ---------------
[2024-04-25 12:52:17,717][root][INFO] - Length of data.x: 28
[2024-04-25 12:52:17,717][root][INFO] - Length of data.y: 28
[2024-04-25 12:52:17,828][root][INFO] - x: [ 0.01269779 -0.00685547  0.49384559]
[2024-04-25 12:52:17,829][root][INFO] - y: [0.00196111 0.02225802]
[2024-04-25 12:52:17,829][root][INFO] - Reward: -0.004614674890327017
[2024-04-25 12:52:17,830][root][INFO] - --------------- Start iteration i=28 ---------------
[2024-04-25 12:52:17,830][root][INFO] - Length of data.x: 29
[2024-04-25 12:52:17,830][root][INFO] - Length of data.y: 29
[2024-04-25 12:52:17,943][root][INFO] - x: [ 0.0146589   0.01540255 -0.23420567]
[2024-04-25 12:52:17,943][root][INFO] - y: [ 0.00139238 -0.00446684]
[2024-04-25 12:52:17,944][root][INFO] - Reward: -0.00352762469583358
[2024-04-25 12:52:17,945][root][INFO] - --------------- Start iteration i=29 ---------------
[2024-04-25 12:52:17,946][root][INFO] - Length of data.x: 30
[2024-04-25 12:52:17,946][root][INFO] - Length of data.y: 30
[2024-04-25 12:52:18,061][root][INFO] - x: [ 0.01605128  0.01093572 -0.26323377]
[2024-04-25 12:52:18,061][root][INFO] - y: [ 0.0007372  -0.00514578]
[2024-04-25 12:52:18,061][root][INFO] - Reward: -0.003273495205700637
[2024-04-25 12:52:18,063][root][INFO] - --------------- Start iteration i=30 ---------------
[2024-04-25 12:52:18,063][root][INFO] - Length of data.x: 31
[2024-04-25 12:52:18,063][root][INFO] - Length of data.y: 31
[2024-04-25 12:52:49,028][root][INFO] - Eval Returns: [-1428.70259706  -124.7358827   -122.25141378 -1801.05256268
  -127.09238689]
[2024-04-25 12:52:49,070][root][INFO] - Eval Returns: mean=-720.767 std=739.475
[2024-04-25 12:52:49,070][root][INFO] - Eval ndata: 31.000
[2024-04-25 12:52:49,071][root][INFO] - Model MSE (current real MPC): 0.108
[2024-04-25 12:52:49,569][root][INFO] - Model MSE (random test set): 0.003
[2024-04-25 12:52:49,569][root][INFO] - Model MSE (GT MPC): 0.001
[2024-04-25 12:52:49,569][root][INFO] - Model Likelihood (random test set): -1.853
[2024-04-25 12:52:49,569][root][INFO] - Model Likelihood (GT MPC): -1.843
[2024-04-25 12:52:49,569][root][INFO] - *[TIME] [Evaluate the current MPC policy] Elapsed: 31.40 seconds
[2024-04-25 12:52:52,633][root][INFO] - x: [0.01678848 0.00578994 0.06591394]
[2024-04-25 12:52:52,633][root][INFO] - y: [0.00168119 0.0074141 ]
[2024-04-25 12:52:52,633][root][INFO] - Reward: -0.004500000833550861
[2024-04-25 12:52:54,279][root][INFO] - --------------- Start iteration i=31 ---------------
[2024-04-25 12:52:54,279][root][INFO] - Length of data.x: 32
[2024-04-25 12:52:54,279][root][INFO] - Length of data.y: 32
[2024-04-25 12:52:54,390][root][INFO] - x: [0.01846967 0.01320403 0.16211771]
[2024-04-25 12:52:54,391][root][INFO] - y: [0.00314747 0.01151613]
[2024-04-25 12:52:54,391][root][INFO] - Reward: -0.008628153630894326
[2024-04-25 12:52:54,393][root][INFO] - --------------- Start iteration i=32 ---------------
[2024-04-25 12:52:54,393][root][INFO] - Length of data.x: 33
[2024-04-25 12:52:54,393][root][INFO] - Length of data.y: 33
[2024-04-25 12:52:54,510][root][INFO] - x: [ 0.02161714  0.02472016 -0.03790629]
[2024-04-25 12:52:54,510][root][INFO] - y: [0.0037765  0.00494039]
[2024-04-25 12:52:54,510][root][INFO] - Reward: -0.012000421758785634
[2024-04-25 12:52:54,512][root][INFO] - --------------- Start iteration i=33 ---------------
[2024-04-25 12:52:54,512][root][INFO] - Length of data.x: 34
[2024-04-25 12:52:54,512][root][INFO] - Length of data.y: 34
[2024-04-25 12:52:54,626][root][INFO] - x: [ 0.02539363  0.02966056 -0.78018492]
[2024-04-25 12:52:54,627][root][INFO] - y: [ 0.00100264 -0.02178582]
[2024-04-25 12:52:54,627][root][INFO] - Reward: -0.009708407122791505
[2024-04-25 12:52:54,629][root][INFO] - --------------- Start iteration i=34 ---------------
[2024-04-25 12:52:54,629][root][INFO] - Length of data.x: 35
[2024-04-25 12:52:54,629][root][INFO] - Length of data.y: 35
[2024-04-25 12:52:54,745][root][INFO] - x: [ 0.02639628  0.00787473 -0.20101402]
[2024-04-25 12:52:54,745][root][INFO] - y: [0.0010316  0.00022741]
[2024-04-25 12:52:54,745][root][INFO] - Reward: -0.008006541287691413
[2024-04-25 12:52:54,747][root][INFO] - --------------- Start iteration i=35 ---------------
[2024-04-25 12:52:54,747][root][INFO] - Length of data.x: 36
[2024-04-25 12:52:54,747][root][INFO] - Length of data.y: 36
[2024-04-25 12:53:26,541][root][INFO] - Eval Returns: [-1129.72830123  -125.2493042   -127.43217975  -126.34666473
    -2.42846943]
[2024-04-25 12:53:26,582][root][INFO] - Eval Returns: mean=-302.237 std=416.520
[2024-04-25 12:53:26,582][root][INFO] - Eval ndata: 36.000
[2024-04-25 12:53:26,582][root][INFO] - Model MSE (current real MPC): 0.053
[2024-04-25 12:53:27,051][root][INFO] - Model MSE (random test set): 0.003
[2024-04-25 12:53:27,051][root][INFO] - Model MSE (GT MPC): 0.001
[2024-04-25 12:53:27,051][root][INFO] - Model Likelihood (random test set): -1.854
[2024-04-25 12:53:27,051][root][INFO] - Model Likelihood (GT MPC): -1.844
[2024-04-25 12:53:27,051][root][INFO] - *[TIME] [Evaluate the current MPC policy] Elapsed: 32.19 seconds
[2024-04-25 12:53:30,184][root][INFO] - x: [ 0.02742787  0.00810215 -0.50679281]
[2024-04-25 12:53:30,184][root][INFO] - y: [-0.00036089 -0.01093655]
[2024-04-25 12:53:30,185][root][INFO] - Reward: -0.008309460006206255
[2024-04-25 12:53:31,639][root][INFO] - --------------- Start iteration i=36 ---------------
[2024-04-25 12:53:31,639][root][INFO] - Length of data.x: 37
[2024-04-25 12:53:31,639][root][INFO] - Length of data.y: 37
[2024-04-25 12:53:31,745][root][INFO] - x: [ 0.02706699 -0.0028344  -0.4492416 ]
[2024-04-25 12:53:31,746][root][INFO] - y: [-0.00149207 -0.00888428]
[2024-04-25 12:53:31,746][root][INFO] - Reward: -0.008141643919065456
[2024-04-25 12:53:31,747][root][INFO] - --------------- Start iteration i=37 ---------------
[2024-04-25 12:53:31,747][root][INFO] - Length of data.x: 38
[2024-04-25 12:53:31,747][root][INFO] - Length of data.y: 38
[2024-04-25 12:53:31,854][root][INFO] - x: [ 0.02557492 -0.01171868 -0.26605471]
[2024-04-25 12:53:31,855][root][INFO] - y: [-0.00180436 -0.00245272]
[2024-04-25 12:53:31,855][root][INFO] - Reward: -0.007145159819069728
[2024-04-25 12:53:31,856][root][INFO] - --------------- Start iteration i=38 ---------------
[2024-04-25 12:53:31,856][root][INFO] - Length of data.x: 39
[2024-04-25 12:53:31,856][root][INFO] - Length of data.y: 39
[2024-04-25 12:53:31,964][root][INFO] - x: [ 0.02377056 -0.0141714  -0.1602582 ]
[2024-04-25 12:53:31,964][root][INFO] - y: [-0.00167897  0.00098482]
[2024-04-25 12:53:31,965][root][INFO] - Reward: -0.006032347078564437
[2024-04-25 12:53:31,966][root][INFO] - --------------- Start iteration i=39 ---------------
[2024-04-25 12:53:31,966][root][INFO] - Length of data.x: 40
[2024-04-25 12:53:31,966][root][INFO] - Length of data.y: 40
[2024-04-25 12:53:32,074][root][INFO] - x: [ 0.02209159 -0.01318658 -0.0220485 ]
[2024-04-25 12:53:32,074][root][INFO] - y: [-0.00095647  0.00567447]
[2024-04-25 12:53:32,074][root][INFO] - Reward: -0.004771795060198094
[2024-04-25 12:53:32,076][root][INFO] - --------------- Start iteration i=40 ---------------
[2024-04-25 12:53:32,076][root][INFO] - Length of data.x: 41
[2024-04-25 12:53:32,076][root][INFO] - Length of data.y: 41
[2024-04-25 12:54:03,948][root][INFO] - Eval Returns: [-1010.38184947  -573.22143261 -1402.87363552  -125.64626818
  -122.01729672]
[2024-04-25 12:54:03,991][root][INFO] - Eval Returns: mean=-646.828 std=501.249
[2024-04-25 12:54:03,991][root][INFO] - Eval ndata: 41.000
[2024-04-25 12:54:03,992][root][INFO] - Model MSE (current real MPC): 0.115
[2024-04-25 12:54:04,502][root][INFO] - Model MSE (random test set): 0.003
[2024-04-25 12:54:04,503][root][INFO] - Model MSE (GT MPC): 0.001
[2024-04-25 12:54:04,503][root][INFO] - Model Likelihood (random test set): -1.854
[2024-04-25 12:54:04,503][root][INFO] - Model Likelihood (GT MPC): -1.844
[2024-04-25 12:54:04,503][root][INFO] - *[TIME] [Evaluate the current MPC policy] Elapsed: 32.32 seconds
[2024-04-25 12:54:08,614][root][INFO] - x: [ 0.02113512 -0.00751211  0.04140156]
[2024-04-25 12:54:08,614][root][INFO] - y: [3.31918125e-05 7.77279339e-03]
[2024-04-25 12:54:08,614][root][INFO] - Reward: -0.00442983692583868
[2024-04-25 12:54:10,272][root][INFO] - --------------- Start iteration i=41 ---------------
[2024-04-25 12:54:10,272][root][INFO] - Length of data.x: 42
[2024-04-25 12:54:10,272][root][INFO] - Length of data.y: 42
[2024-04-25 12:54:10,384][root][INFO] - x: [ 0.02116831  0.00026069 -0.17196144]
[2024-04-25 12:54:10,385][root][INFO] - y: [ 5.36323157e-06 -2.18565169e-04]
[2024-04-25 12:54:10,386][root][INFO] - Reward: -0.004543081230366205
[2024-04-25 12:54:10,387][root][INFO] - --------------- Start iteration i=42 ---------------
[2024-04-25 12:54:10,387][root][INFO] - Length of data.x: 43
[2024-04-25 12:54:10,387][root][INFO] - Length of data.y: 43
[2024-04-25 12:54:10,497][root][INFO] - x: [ 2.11736776e-02  4.21227234e-05 -2.53208530e-01]
[2024-04-25 12:54:10,497][root][INFO] - y: [-0.00041019 -0.00326375]
[2024-04-25 12:54:10,497][root][INFO] - Reward: -0.00457789085124522
[2024-04-25 12:54:10,499][root][INFO] - --------------- Start iteration i=43 ---------------
[2024-04-25 12:54:10,499][root][INFO] - Length of data.x: 44
[2024-04-25 12:54:10,499][root][INFO] - Length of data.y: 44
[2024-04-25 12:54:10,609][root][INFO] - x: [ 0.02076349 -0.00322163 -0.05974398]
[2024-04-25 12:54:10,610][root][INFO] - y: [8.26312862e-05 3.87061670e-03]
[2024-04-25 12:54:10,610][root][INFO] - Reward: -0.004305914718903937
[2024-04-25 12:54:10,611][root][INFO] - --------------- Start iteration i=44 ---------------
[2024-04-25 12:54:10,611][root][INFO] - Length of data.x: 45
[2024-04-25 12:54:10,611][root][INFO] - Length of data.y: 45
[2024-04-25 12:54:10,722][root][INFO] - x: [ 0.02084612  0.00064898 -0.23035167]
[2024-04-25 12:54:10,722][root][INFO] - y: [-0.00023605 -0.00250289]
[2024-04-25 12:54:10,722][root][INFO] - Reward: -0.004426606104389295
[2024-04-25 12:54:10,724][root][INFO] - --------------- Start iteration i=45 ---------------
[2024-04-25 12:54:10,724][root][INFO] - Length of data.x: 46
[2024-04-25 12:54:10,724][root][INFO] - Length of data.y: 46
[2024-04-25 12:54:39,553][root][INFO] - Eval Returns: [ -125.61965631  -122.27834648 -1146.48545429  -126.00138941
  -125.51671713]
[2024-04-25 12:54:39,597][root][INFO] - Eval Returns: mean=-329.180 std=408.655
[2024-04-25 12:54:39,598][root][INFO] - Eval ndata: 46.000
[2024-04-25 12:54:39,599][root][INFO] - Model MSE (current real MPC): 0.057
[2024-04-25 12:54:40,111][root][INFO] - Model MSE (random test set): 0.003
[2024-04-25 12:54:40,111][root][INFO] - Model MSE (GT MPC): 0.001
[2024-04-25 12:54:40,112][root][INFO] - Model Likelihood (random test set): -1.854
[2024-04-25 12:54:40,112][root][INFO] - Model Likelihood (GT MPC): -1.844
[2024-04-25 12:54:40,112][root][INFO] - *[TIME] [Evaluate the current MPC policy] Elapsed: 29.28 seconds
[2024-04-25 12:54:44,883][root][INFO] - x: [ 0.02061007 -0.0018539  -0.27456958]
[2024-04-25 12:54:44,884][root][INFO] - y: [-0.00077468 -0.00423043]
[2024-04-25 12:54:44,884][root][INFO] - Reward: -0.004421600336693879
[2024-04-25 12:54:46,659][root][INFO] - --------------- Start iteration i=46 ---------------
[2024-04-25 12:54:46,659][root][INFO] - Length of data.x: 47
[2024-04-25 12:54:46,660][root][INFO] - Length of data.y: 47
[2024-04-25 12:54:46,775][root][INFO] - x: [ 0.01983539 -0.00608433 -0.26231137]
[2024-04-25 12:54:46,776][root][INFO] - y: [-0.00128378 -0.00399845]
[2024-04-25 12:54:46,777][root][INFO] - Reward: -0.0043226148660731375
[2024-04-25 12:54:46,778][root][INFO] - --------------- Start iteration i=47 ---------------
[2024-04-25 12:54:46,778][root][INFO] - Length of data.x: 48
[2024-04-25 12:54:46,778][root][INFO] - Length of data.y: 48
[2024-04-25 12:54:46,895][root][INFO] - x: [ 0.01855161 -0.01008279  0.10878461]
[2024-04-25 12:54:46,896][root][INFO] - y: [-6.90803249e-05  9.54023047e-03]
[2024-04-25 12:54:46,896][root][INFO] - Reward: -0.003420715957912368
[2024-04-25 12:54:46,898][root][INFO] - --------------- Start iteration i=48 ---------------
[2024-04-25 12:54:46,898][root][INFO] - Length of data.x: 49
[2024-04-25 12:54:46,898][root][INFO] - Length of data.y: 49
[2024-04-25 12:54:47,014][root][INFO] - x: [ 0.01848253 -0.00054256 -0.11622768]
[2024-04-25 12:54:47,014][root][INFO] - y: [6.86788636e-05 1.08195817e-03]
[2024-04-25 12:54:47,014][root][INFO] - Reward: -0.003452495955459836
[2024-04-25 12:54:47,016][root][INFO] - --------------- Start iteration i=49 ---------------
[2024-04-25 12:54:47,017][root][INFO] - Length of data.x: 50
[2024-04-25 12:54:47,017][root][INFO] - Length of data.y: 50
[2024-04-25 12:54:47,135][root][INFO] - x: [ 0.01855121  0.0005394  -0.32701822]
[2024-04-25 12:54:47,136][root][INFO] - y: [-0.00079744 -0.00680249]
[2024-04-25 12:54:47,136][root][INFO] - Reward: -0.0037896745445030315
[2024-04-25 12:54:47,138][root][INFO] - --------------- Start iteration i=50 ---------------
[2024-04-25 12:54:47,138][root][INFO] - Length of data.x: 51
[2024-04-25 12:54:47,138][root][INFO] - Length of data.y: 51
[2024-04-25 12:55:18,139][root][INFO] - Eval Returns: [-1433.93053689  -115.71079392  -128.11643474  -915.24948399
  -461.51410462]
[2024-04-25 12:55:18,191][root][INFO] - Eval Returns: mean=-610.904 std=504.106
[2024-04-25 12:55:18,191][root][INFO] - Eval ndata: 51.000
[2024-04-25 12:55:18,192][root][INFO] - Model MSE (current real MPC): 0.107
[2024-04-25 12:55:18,726][root][INFO] - Model MSE (random test set): 0.003
[2024-04-25 12:55:18,727][root][INFO] - Model MSE (GT MPC): 0.001
[2024-04-25 12:55:18,727][root][INFO] - Model Likelihood (random test set): -1.855
[2024-04-25 12:55:18,727][root][INFO] - Model Likelihood (GT MPC): -1.844
[2024-04-25 12:55:18,727][root][INFO] - *[TIME] [Evaluate the current MPC policy] Elapsed: 31.47 seconds
[2024-04-25 12:55:23,776][root][INFO] - x: [ 0.01775377 -0.00626309 -0.00148846]
[2024-04-25 12:55:23,777][root][INFO] - y: [-0.00013913  0.00517039]
[2024-04-25 12:55:23,777][root][INFO] - Reward: -0.003069947481167579
[2024-04-25 12:55:25,570][root][INFO] - --------------- Start iteration i=51 ---------------
[2024-04-25 12:55:25,570][root][INFO] - Length of data.x: 52
[2024-04-25 12:55:25,570][root][INFO] - Length of data.y: 52
[2024-04-25 12:55:25,685][root][INFO] - x: [ 0.01761464 -0.0010927  -0.21340491]
[2024-04-25 12:55:25,686][root][INFO] - y: [-0.00049785 -0.00281739]
[2024-04-25 12:55:25,686][root][INFO] - Reward: -0.00317165690133713
[2024-04-25 12:55:25,688][root][INFO] - --------------- Start iteration i=52 ---------------
[2024-04-25 12:55:25,688][root][INFO] - Length of data.x: 53
[2024-04-25 12:55:25,688][root][INFO] - Length of data.y: 53
[2024-04-25 12:55:25,805][root][INFO] - x: [ 0.01711679 -0.00391009 -0.05074024]
[2024-04-25 12:55:25,806][root][INFO] - y: [-9.85450826e-05  3.13612313e-03]
[2024-04-25 12:55:25,810][root][INFO] - Reward: -0.0028725740310239986
[2024-04-25 12:55:25,812][root][INFO] - --------------- Start iteration i=53 ---------------
[2024-04-25 12:55:25,812][root][INFO] - Length of data.x: 54
[2024-04-25 12:55:25,812][root][INFO] - Length of data.y: 54
[2024-04-25 12:55:25,929][root][INFO] - x: [ 0.01701825 -0.00077397 -0.41581934]
[2024-04-25 12:55:25,930][root][INFO] - y: [-0.00144606 -0.01058333]
[2024-04-25 12:55:25,930][root][INFO] - Reward: -0.003910458509913354
[2024-04-25 12:55:25,932][root][INFO] - --------------- Start iteration i=54 ---------------
[2024-04-25 12:55:25,932][root][INFO] - Length of data.x: 55
[2024-04-25 12:55:25,932][root][INFO] - Length of data.y: 55
[2024-04-25 12:55:26,048][root][INFO] - x: [ 0.01557219 -0.0113573   0.05957597]
[2024-04-25 12:55:26,048][root][INFO] - y: [-0.00057788  0.00681866]
[2024-04-25 12:55:26,048][root][INFO] - Reward: -0.002365009882220282
[2024-04-25 12:55:26,050][root][INFO] - --------------- Start iteration i=55 ---------------
[2024-04-25 12:55:26,050][root][INFO] - Length of data.x: 56
[2024-04-25 12:55:26,051][root][INFO] - Length of data.y: 56
[2024-04-25 12:56:02,050][root][INFO] - Eval Returns: [-1.28612464e+02 -1.01659933e+03 -1.52186556e+03 -1.07269777e+03
 -1.22834371e+00]
[2024-04-25 12:56:02,091][root][INFO] - Eval Returns: mean=-748.201 std=586.132
[2024-04-25 12:56:02,091][root][INFO] - Eval ndata: 56.000
[2024-04-25 12:56:02,091][root][INFO] - Model MSE (current real MPC): 0.128
[2024-04-25 12:56:02,595][root][INFO] - Model MSE (random test set): 0.003
[2024-04-25 12:56:02,595][root][INFO] - Model MSE (GT MPC): 0.001
[2024-04-25 12:56:02,595][root][INFO] - Model Likelihood (random test set): -1.855
[2024-04-25 12:56:02,595][root][INFO] - Model Likelihood (GT MPC): -1.844
[2024-04-25 12:56:02,595][root][INFO] - *[TIME] [Evaluate the current MPC policy] Elapsed: 36.43 seconds
[2024-04-25 12:56:07,252][root][INFO] - x: [ 0.01499431 -0.00453864 -0.06094112]
[2024-04-25 12:56:07,252][root][INFO] - y: [-0.00030677  0.00212926]
[2024-04-25 12:56:07,252][root][INFO] - Reward: -0.0021811173764778834
[2024-04-25 12:56:09,200][root][INFO] - --------------- Start iteration i=56 ---------------
[2024-04-25 12:56:09,201][root][INFO] - Length of data.x: 57
[2024-04-25 12:56:09,201][root][INFO] - Length of data.y: 57
[2024-04-25 12:56:09,315][root][INFO] - x: [ 0.01468754 -0.00240937  0.04283016]
[2024-04-25 12:56:09,316][root][INFO] - y: [0.00044832 0.00593043]
[2024-04-25 12:56:09,316][root][INFO] - Reward: -0.0023477531154890464
[2024-04-25 12:56:09,317][root][INFO] - --------------- Start iteration i=57 ---------------
[2024-04-25 12:56:09,318][root][INFO] - Length of data.x: 58
[2024-04-25 12:56:09,318][root][INFO] - Length of data.y: 58
[2024-04-25 12:56:09,431][root][INFO] - x: [0.01513586 0.00352106 0.17474922]
[2024-04-25 12:56:09,432][root][INFO] - y: [0.00185006 0.01100929]
[2024-04-25 12:56:09,432][root][INFO] - Reward: -0.004320981827986563
[2024-04-25 12:56:09,434][root][INFO] - --------------- Start iteration i=58 ---------------
[2024-04-25 12:56:09,434][root][INFO] - Length of data.x: 59
[2024-04-25 12:56:09,434][root][INFO] - Length of data.y: 59
[2024-04-25 12:56:09,547][root][INFO] - x: [ 0.01698592  0.01453035 -0.14499083]
[2024-04-25 12:56:09,548][root][INFO] - y: [ 0.00179445 -0.00043676]
[2024-04-25 12:56:09,548][root][INFO] - Reward: -0.004836349868560002
[2024-04-25 12:56:09,550][root][INFO] - --------------- Start iteration i=59 ---------------
[2024-04-25 12:56:09,550][root][INFO] - Length of data.x: 60
[2024-04-25 12:56:09,550][root][INFO] - Length of data.y: 60
[2024-04-25 12:56:09,663][root][INFO] - x: [ 0.01878037  0.01409359 -0.27373464]
[2024-04-25 12:56:09,663][root][INFO] - y: [ 0.00119132 -0.00473698]
[2024-04-25 12:56:09,664][root][INFO] - Reward: -0.0047966923227637645
[2024-04-25 12:56:09,666][root][INFO] - --------------- Start iteration i=60 ---------------
[2024-04-25 12:56:09,666][root][INFO] - Length of data.x: 61
[2024-04-25 12:56:09,666][root][INFO] - Length of data.y: 61
[2024-04-25 12:56:47,747][root][INFO] - Eval Returns: [-122.53977026 -902.72405163   -1.86680485 -123.45023532 -122.69495387]
[2024-04-25 12:56:47,793][root][INFO] - Eval Returns: mean=-254.655 std=327.407
[2024-04-25 12:56:47,793][root][INFO] - Eval ndata: 61.000
[2024-04-25 12:56:47,793][root][INFO] - Model MSE (current real MPC): 0.045
[2024-04-25 12:56:48,319][root][INFO] - Model MSE (random test set): 0.003
[2024-04-25 12:56:48,319][root][INFO] - Model MSE (GT MPC): 0.001
[2024-04-25 12:56:48,319][root][INFO] - Model Likelihood (random test set): -1.855
[2024-04-25 12:56:48,319][root][INFO] - Model Likelihood (GT MPC): -1.844
[2024-04-25 12:56:48,319][root][INFO] - *[TIME] [Evaluate the current MPC policy] Elapsed: 38.54 seconds
[2024-04-25 12:56:51,898][root][INFO] - x: [ 0.01997169  0.00935661 -0.12671976]
[2024-04-25 12:56:51,898][root][INFO] - y: [0.00133473 0.0011263 ]
[2024-04-25 12:56:51,898][root][INFO] - Reward: -0.005247976166652725
[2024-04-25 12:56:53,445][root][INFO] - --------------- Start iteration i=61 ---------------
[2024-04-25 12:56:53,445][root][INFO] - Length of data.x: 62
[2024-04-25 12:56:53,445][root][INFO] - Length of data.y: 62
[2024-04-25 12:56:53,570][root][INFO] - x: [ 0.02130642  0.01048291 -0.10345293]
[2024-04-25 12:56:53,571][root][INFO] - y: [0.00163917 0.00239109]
[2024-04-25 12:56:53,571][root][INFO] - Reward: -0.006299890914277676
[2024-04-25 12:56:53,573][root][INFO] - --------------- Start iteration i=62 ---------------
[2024-04-25 12:56:53,573][root][INFO] - Length of data.x: 63
[2024-04-25 12:56:53,573][root][INFO] - Length of data.y: 63
[2024-04-25 12:56:53,698][root][INFO] - x: [ 0.02294559  0.012874   -0.44149921]
[2024-04-25 12:56:53,698][root][INFO] - y: [ 0.00039088 -0.00980404]
[2024-04-25 12:56:53,699][root][INFO] - Reward: -0.006214898030327052
[2024-04-25 12:56:53,701][root][INFO] - --------------- Start iteration i=63 ---------------
[2024-04-25 12:56:53,701][root][INFO] - Length of data.x: 64
[2024-04-25 12:56:53,701][root][INFO] - Length of data.y: 64
[2024-04-25 12:56:53,827][root][INFO] - x: [ 0.02333647  0.00306996 -0.402278  ]
[2024-04-25 12:56:53,828][root][INFO] - y: [-0.00065552 -0.00821842]
[2024-04-25 12:56:53,828][root][INFO] - Reward: -0.0058941260414653125
[2024-04-25 12:56:53,830][root][INFO] - --------------- Start iteration i=64 ---------------
[2024-04-25 12:56:53,830][root][INFO] - Length of data.x: 65
[2024-04-25 12:56:53,830][root][INFO] - Length of data.y: 65
[2024-04-25 12:56:53,951][root][INFO] - x: [ 0.02268094 -0.00514846 -0.4397394 ]
[2024-04-25 12:56:53,951][root][INFO] - y: [-0.00190531 -0.00981579]
[2024-04-25 12:56:53,952][root][INFO] - Reward: -0.006466615742263664
[2024-04-25 12:56:53,953][root][INFO] - --------------- Start iteration i=65 ---------------
[2024-04-25 12:56:53,953][root][INFO] - Length of data.x: 66
[2024-04-25 12:56:53,953][root][INFO] - Length of data.y: 66
[2024-04-25 12:57:29,633][root][INFO] - Eval Returns: [ -125.40914243  -127.16730458 -1848.81711346  -236.81321129
  -119.83838155]
[2024-04-25 12:57:29,673][root][INFO] - Eval Returns: mean=-491.609 std=680.010
[2024-04-25 12:57:29,674][root][INFO] - Eval ndata: 66.000
[2024-04-25 12:57:29,675][root][INFO] - Model MSE (current real MPC): 0.072
[2024-04-25 12:57:30,177][root][INFO] - Model MSE (random test set): 0.003
[2024-04-25 12:57:30,177][root][INFO] - Model MSE (GT MPC): 0.001
[2024-04-25 12:57:30,177][root][INFO] - Model Likelihood (random test set): -1.855
[2024-04-25 12:57:30,178][root][INFO] - Model Likelihood (GT MPC): -1.844
[2024-04-25 12:57:30,178][root][INFO] - *[TIME] [Evaluate the current MPC policy] Elapsed: 36.11 seconds
[2024-04-25 12:57:34,838][root][INFO] - x: [ 0.02077563 -0.01496425  0.00785087]
[2024-04-25 12:57:34,839][root][INFO] - y: [-0.00108929  0.00640899]
[2024-04-25 12:57:34,839][root][INFO] - Reward: -0.0042936651992653875
[2024-04-25 12:57:36,503][root][INFO] - --------------- Start iteration i=66 ---------------
[2024-04-25 12:57:36,504][root][INFO] - Length of data.x: 67
[2024-04-25 12:57:36,504][root][INFO] - Length of data.y: 67
[2024-04-25 12:57:36,621][root][INFO] - x: [ 0.01968634 -0.00855526 -0.19617971]
[2024-04-25 12:57:36,621][root][INFO] - y: [-0.00128821 -0.00156233]
[2024-04-25 12:57:36,621][root][INFO] - Reward: -0.004149861183539761
[2024-04-25 12:57:36,624][root][INFO] - --------------- Start iteration i=67 ---------------
[2024-04-25 12:57:36,624][root][INFO] - Length of data.x: 68
[2024-04-25 12:57:36,624][root][INFO] - Length of data.y: 68
[2024-04-25 12:57:36,742][root][INFO] - x: [ 0.01839813 -0.01011759  0.01800627]
[2024-04-25 12:57:36,742][root][INFO] - y: [-0.00051269  0.00609092]
[2024-04-25 12:57:36,742][root][INFO] - Reward: -0.003262245261358703
[2024-04-25 12:57:36,744][root][INFO] - --------------- Start iteration i=68 ---------------
[2024-04-25 12:57:36,744][root][INFO] - Length of data.x: 69
[2024-04-25 12:57:36,744][root][INFO] - Length of data.y: 69
[2024-04-25 12:57:36,863][root][INFO] - x: [ 0.01788544 -0.00402667 -0.08046227]
[2024-04-25 12:57:36,864][root][INFO] - y: [-0.00022652  0.00224759]
[2024-04-25 12:57:36,864][root][INFO] - Reward: -0.00312386663376421
[2024-04-25 12:57:36,866][root][INFO] - --------------- Start iteration i=69 ---------------
[2024-04-25 12:57:36,866][root][INFO] - Length of data.x: 70
[2024-04-25 12:57:36,866][root][INFO] - Length of data.y: 70
[2024-04-25 12:57:36,985][root][INFO] - x: [ 0.01765892 -0.00177908 -0.28563624]
[2024-04-25 12:57:36,985][root][INFO] - y: [-0.00092846 -0.00551304]
[2024-04-25 12:57:36,985][root][INFO] - Reward: -0.003429256981644693
[2024-04-25 12:57:36,987][root][INFO] - --------------- Start iteration i=70 ---------------
[2024-04-25 12:57:36,987][root][INFO] - Length of data.x: 71
[2024-04-25 12:57:36,988][root][INFO] - Length of data.y: 71
[2024-04-25 12:58:15,112][root][INFO] - Eval Returns: [-7.80211832e+02 -1.67285930e+00 -1.23765489e+03 -2.42761018e+02
 -1.85205544e+03]
[2024-04-25 12:58:15,154][root][INFO] - Eval Returns: mean=-822.871 std=669.922
[2024-04-25 12:58:15,155][root][INFO] - Eval ndata: 71.000
[2024-04-25 12:58:15,155][root][INFO] - Model MSE (current real MPC): 0.134
[2024-04-25 12:58:15,669][root][INFO] - Model MSE (random test set): 0.003
[2024-04-25 12:58:15,670][root][INFO] - Model MSE (GT MPC): 0.001
[2024-04-25 12:58:15,670][root][INFO] - Model Likelihood (random test set): -1.855
[2024-04-25 12:58:15,670][root][INFO] - Model Likelihood (GT MPC): -1.844
[2024-04-25 12:58:15,670][root][INFO] - *[TIME] [Evaluate the current MPC policy] Elapsed: 38.56 seconds
[2024-04-25 12:58:19,166][root][INFO] - x: [ 0.01673046 -0.00729213  0.04086773]
[2024-04-25 12:58:19,166][root][INFO] - y: [-0.00010623  0.0064578 ]
[2024-04-25 12:58:19,166][root][INFO] - Reward: -0.0027387491801021484
[2024-04-25 12:58:20,778][root][INFO] - --------------- Start iteration i=71 ---------------
[2024-04-25 12:58:20,778][root][INFO] - Length of data.x: 72
[2024-04-25 12:58:20,778][root][INFO] - Length of data.y: 72
[2024-04-25 12:58:20,906][root][INFO] - x: [ 0.01662423 -0.00083433 -0.24263969]
[2024-04-25 12:58:20,907][root][INFO] - y: [-0.00064162 -0.00420497]
[2024-04-25 12:58:20,907][root][INFO] - Reward: -0.0029191495278850796
[2024-04-25 12:58:20,910][root][INFO] - --------------- Start iteration i=72 ---------------
[2024-04-25 12:58:20,910][root][INFO] - Length of data.x: 73
[2024-04-25 12:58:20,910][root][INFO] - Length of data.y: 73
[2024-04-25 12:58:21,037][root][INFO] - x: [ 0.01598261 -0.0050393  -0.51326357]
[2024-04-25 12:58:21,038][root][INFO] - y: [-0.00249318 -0.0145421 ]
[2024-04-25 12:58:21,038][root][INFO] - Reward: -0.005303635597503244
[2024-04-25 12:58:21,040][root][INFO] - --------------- Start iteration i=73 ---------------
[2024-04-25 12:58:21,040][root][INFO] - Length of data.x: 74
[2024-04-25 12:58:21,040][root][INFO] - Length of data.y: 74
[2024-04-25 12:58:21,168][root][INFO] - x: [ 0.01348942 -0.0195814   0.04638199]
[2024-04-25 12:58:21,169][root][INFO] - y: [-0.00176602  0.0057111 ]
[2024-04-25 12:58:21,169][root][INFO] - Reward: -0.0025963308949518743
[2024-04-25 12:58:21,171][root][INFO] - --------------- Start iteration i=74 ---------------
[2024-04-25 12:58:21,171][root][INFO] - Length of data.x: 75
[2024-04-25 12:58:21,172][root][INFO] - Length of data.y: 75
[2024-04-25 12:58:21,299][root][INFO] - x: [ 0.0117234  -0.0138703   0.20821872]
[2024-04-25 12:58:21,300][root][INFO] - y: [-0.00033232  0.01126025]
[2024-04-25 12:58:21,300][root][INFO] - Reward: -0.0014976670782173385
[2024-04-25 12:58:21,302][root][INFO] - --------------- Start iteration i=75 ---------------
[2024-04-25 12:58:21,302][root][INFO] - Length of data.x: 76
[2024-04-25 12:58:21,303][root][INFO] - Length of data.y: 76
[2024-04-25 12:59:00,885][root][INFO] - Eval Returns: [-125.52742061 -124.81969494   -1.78076514 -560.39554652 -121.46529074]
[2024-04-25 12:59:00,931][root][INFO] - Eval Returns: mean=-186.798 std=192.702
[2024-04-25 12:59:00,933][root][INFO] - Eval ndata: 76.000
[2024-04-25 12:59:00,933][root][INFO] - Model MSE (current real MPC): 0.033
[2024-04-25 12:59:01,551][root][INFO] - Model MSE (random test set): 0.004
[2024-04-25 12:59:01,551][root][INFO] - Model MSE (GT MPC): 0.001
[2024-04-25 12:59:01,551][root][INFO] - Model Likelihood (random test set): -1.855
[2024-04-25 12:59:01,552][root][INFO] - Model Likelihood (GT MPC): -1.844
[2024-04-25 12:59:01,552][root][INFO] - *[TIME] [Evaluate the current MPC policy] Elapsed: 40.12 seconds
[2024-04-25 12:59:04,718][root][INFO] - x: [ 0.01139108 -0.00261005  0.03659362]
[2024-04-25 12:59:04,719][root][INFO] - y: [0.00026947 0.0047265 ]
[2024-04-25 12:59:04,719][root][INFO] - Reward: -0.0013759802967879126
[2024-04-25 12:59:06,305][root][INFO] - --------------- Start iteration i=76 ---------------
[2024-04-25 12:59:06,305][root][INFO] - Length of data.x: 77
[2024-04-25 12:59:06,305][root][INFO] - Length of data.y: 77
[2024-04-25 12:59:06,426][root][INFO] - x: [0.01166056 0.00211645 0.04618075]
[2024-04-25 12:59:06,426][root][INFO] - y: [0.00092714 0.00516533]
[2024-04-25 12:59:06,427][root][INFO] - Reward: -0.0019117266367035212
[2024-04-25 12:59:06,429][root][INFO] - --------------- Start iteration i=77 ---------------
[2024-04-25 12:59:06,429][root][INFO] - Length of data.x: 78
[2024-04-25 12:59:06,429][root][INFO] - Length of data.y: 78
[2024-04-25 12:59:06,550][root][INFO] - x: [ 0.0125877   0.00728177 -0.34300218]
[2024-04-25 12:59:06,550][root][INFO] - y: [-0.00023865 -0.00915616]
[2024-04-25 12:59:06,550][root][INFO] - Reward: -0.001998191562506907
[2024-04-25 12:59:06,553][root][INFO] - --------------- Start iteration i=78 ---------------
[2024-04-25 12:59:06,553][root][INFO] - Length of data.x: 79
[2024-04-25 12:59:06,553][root][INFO] - Length of data.y: 79
[2024-04-25 12:59:06,675][root][INFO] - x: [ 0.01234905 -0.00187439 -0.63647578]
[2024-04-25 12:59:06,675][root][INFO] - y: [-0.00281463 -0.02023166]
[2024-04-25 12:59:06,675][root][INFO] - Reward: -0.005645138738086818
[2024-04-25 12:59:06,678][root][INFO] - --------------- Start iteration i=79 ---------------
[2024-04-25 12:59:06,678][root][INFO] - Length of data.x: 80
[2024-04-25 12:59:06,678][root][INFO] - Length of data.y: 80
[2024-04-25 12:59:06,800][root][INFO] - x: [ 0.00953442 -0.02210605 -0.22453178]
[2024-04-25 12:59:06,800][root][INFO] - y: [-0.0035292  -0.00561224]
[2024-04-25 12:59:06,800][root][INFO] - Reward: -0.005474726173317388
[2024-04-25 12:59:06,803][root][INFO] - --------------- Start iteration i=80 ---------------
[2024-04-25 12:59:06,803][root][INFO] - Length of data.x: 81
[2024-04-25 12:59:06,803][root][INFO] - Length of data.y: 81
[2024-04-25 12:59:51,524][root][INFO] - Eval Returns: [-1029.35259688  -895.7091723  -1244.40006682 -1060.71388698
  -118.7490245 ]
[2024-04-25 12:59:51,563][root][INFO] - Eval Returns: mean=-869.785 std=391.658
[2024-04-25 12:59:51,564][root][INFO] - Eval ndata: 81.000
[2024-04-25 12:59:51,565][root][INFO] - Model MSE (current real MPC): 0.153
[2024-04-25 12:59:52,077][root][INFO] - Model MSE (random test set): 0.004
[2024-04-25 12:59:52,077][root][INFO] - Model MSE (GT MPC): 0.001
[2024-04-25 12:59:52,077][root][INFO] - Model Likelihood (random test set): -1.856
[2024-04-25 12:59:52,077][root][INFO] - Model Likelihood (GT MPC): -1.844
[2024-04-25 12:59:52,077][root][INFO] - *[TIME] [Evaluate the current MPC policy] Elapsed: 45.15 seconds
[2024-04-25 12:59:55,441][root][INFO] - x: [ 0.00600521 -0.02771829  0.25172479]
[2024-04-25 12:59:55,441][root][INFO] - y: [-0.00210212  0.01120826]
[2024-04-25 12:59:55,442][root][INFO] - Reward: -0.0021483368577459904
[2024-04-25 12:59:56,969][root][INFO] - --------------- Start iteration i=81 ---------------
[2024-04-25 12:59:56,970][root][INFO] - Length of data.x: 82
[2024-04-25 12:59:56,970][root][INFO] - Length of data.y: 82
[2024-04-25 12:59:57,092][root][INFO] - x: [ 0.00390309 -0.01651004  0.14660728]
[2024-04-25 12:59:57,093][root][INFO] - y: [-0.00125576  0.0066473 ]
[2024-04-25 12:59:57,093][root][INFO] - Reward: -0.0007776954944326221
[2024-04-25 12:59:57,096][root][INFO] - --------------- Start iteration i=82 ---------------
[2024-04-25 12:59:57,096][root][INFO] - Length of data.x: 83
[2024-04-25 12:59:57,096][root][INFO] - Length of data.y: 83
[2024-04-25 12:59:57,218][root][INFO] - x: [ 0.00264733 -0.00986274  0.22273316]
[2024-04-25 12:59:57,218][root][INFO] - y: [-9.30167568e-05  9.13218691e-03]
[2024-04-25 12:59:57,219][root][INFO] - Reward: -0.0002662502247992428
[2024-04-25 12:59:57,221][root][INFO] - --------------- Start iteration i=83 ---------------
[2024-04-25 12:59:57,221][root][INFO] - Length of data.x: 84
[2024-04-25 12:59:57,221][root][INFO] - Length of data.y: 84
[2024-04-25 12:59:57,343][root][INFO] - x: [ 0.00255431 -0.00073055 -0.00485729]
[2024-04-25 12:59:57,344][root][INFO] - y: [-2.04229961e-05  5.70150079e-04]
[2024-04-25 12:59:57,344][root][INFO] - Reward: -6.362768068419258e-05
[2024-04-25 12:59:57,346][root][INFO] - --------------- Start iteration i=84 ---------------
[2024-04-25 12:59:57,346][root][INFO] - Length of data.x: 85
[2024-04-25 12:59:57,347][root][INFO] - Length of data.y: 85
[2024-04-25 12:59:57,469][root][INFO] - x: [ 0.00253389 -0.0001604   0.0043025 ]
[2024-04-25 12:59:57,469][root][INFO] - y: [9.51397037e-05 9.07627347e-04]
[2024-04-25 12:59:57,470][root][INFO] - Reward: -7.186403559818066e-05
[2024-04-25 12:59:57,472][root][INFO] - --------------- Start iteration i=85 ---------------
[2024-04-25 12:59:57,472][root][INFO] - Length of data.x: 86
[2024-04-25 12:59:57,472][root][INFO] - Length of data.y: 86
[2024-04-25 13:00:37,170][root][INFO] - Eval Returns: [ -592.0503451   -456.40611255 -1528.75277771  -458.48079617
  -125.3277502 ]
[2024-04-25 13:00:37,221][root][INFO] - Eval Returns: mean=-632.204 std=474.008
[2024-04-25 13:00:37,223][root][INFO] - Eval ndata: 86.000
[2024-04-25 13:00:37,224][root][INFO] - Model MSE (current real MPC): 0.112
[2024-04-25 13:00:37,864][root][INFO] - Model MSE (random test set): 0.004
[2024-04-25 13:00:37,864][root][INFO] - Model MSE (GT MPC): 0.001
[2024-04-25 13:00:37,864][root][INFO] - Model Likelihood (random test set): -1.856
[2024-04-25 13:00:37,864][root][INFO] - Model Likelihood (GT MPC): -1.844
[2024-04-25 13:00:37,864][root][INFO] - *[TIME] [Evaluate the current MPC policy] Elapsed: 40.27 seconds
[2024-04-25 13:00:41,080][root][INFO] - x: [ 0.00262903  0.00074723 -0.24468247]
[2024-04-25 13:00:41,080][root][INFO] - y: [-0.00097455 -0.00840129]
[2024-04-25 13:00:41,080][root][INFO] - Reward: -0.0006414362098995189
[2024-04-25 13:00:42,652][root][INFO] - --------------- Start iteration i=86 ---------------
[2024-04-25 13:00:42,652][root][INFO] - Length of data.x: 87
[2024-04-25 13:00:42,652][root][INFO] - Length of data.y: 87
[2024-04-25 13:00:42,774][root][INFO] - x: [ 0.00165448 -0.00765406 -0.02637379]
[2024-04-25 13:00:42,775][root][INFO] - y: [-0.00103843 -0.00050173]
[2024-04-25 13:00:42,775][root][INFO] - Reward: -0.00043223706631091545
[2024-04-25 13:00:42,777][root][INFO] - --------------- Start iteration i=87 ---------------
[2024-04-25 13:00:42,777][root][INFO] - Length of data.x: 88
[2024-04-25 13:00:42,778][root][INFO] - Length of data.y: 88
[2024-04-25 13:00:42,900][root][INFO] - x: [ 0.00061605 -0.0081558   0.17434587]
[2024-04-25 13:00:42,900][root][INFO] - y: [-0.00018289  0.00671941]
[2024-04-25 13:00:42,900][root][INFO] - Reward: -0.0001366422891488487
[2024-04-25 13:00:42,903][root][INFO] - --------------- Start iteration i=88 ---------------
[2024-04-25 13:00:42,903][root][INFO] - Length of data.x: 89
[2024-04-25 13:00:42,903][root][INFO] - Length of data.y: 89
[2024-04-25 13:00:43,025][root][INFO] - x: [ 0.00043317 -0.00143639  0.27817942]
[2024-04-25 13:00:43,026][root][INFO] - y: [0.00116157 0.01055931]
[2024-04-25 13:00:43,026][root][INFO] - Reward: -0.0008672925217067548
[2024-04-25 13:00:43,029][root][INFO] - --------------- Start iteration i=89 ---------------
[2024-04-25 13:00:43,029][root][INFO] - Length of data.x: 90
[2024-04-25 13:00:43,029][root][INFO] - Length of data.y: 90
[2024-04-25 13:00:43,152][root][INFO] - x: [0.00159473 0.00912292 0.03139291]
[2024-04-25 13:00:43,152][root][INFO] - y: [0.00137126 0.00164692]
[2024-04-25 13:00:43,152][root][INFO] - Reward: -0.0008330987203228434
[2024-04-25 13:00:43,155][root][INFO] - --------------- Start iteration i=90 ---------------
[2024-04-25 13:00:43,155][root][INFO] - Length of data.x: 91
[2024-04-25 13:00:43,155][root][INFO] - Length of data.y: 91
[2024-04-25 13:01:27,594][root][INFO] - Eval Returns: [-1159.07376351  -119.63733546  -232.00054809  -811.66750802
  -126.20800591]
[2024-04-25 13:01:27,639][root][INFO] - Eval Returns: mean=-489.717 std=421.238
[2024-04-25 13:01:27,639][root][INFO] - Eval ndata: 91.000
[2024-04-25 13:01:27,640][root][INFO] - Model MSE (current real MPC): 0.086
[2024-04-25 13:01:28,270][root][INFO] - Model MSE (random test set): 0.004
[2024-04-25 13:01:28,270][root][INFO] - Model MSE (GT MPC): 0.001
[2024-04-25 13:01:28,270][root][INFO] - Model Likelihood (random test set): -1.856
[2024-04-25 13:01:28,270][root][INFO] - Model Likelihood (GT MPC): -1.844
[2024-04-25 13:01:28,270][root][INFO] - *[TIME] [Evaluate the current MPC policy] Elapsed: 44.99 seconds
[2024-04-25 13:01:31,692][root][INFO] - x: [ 0.00296599  0.01076984 -0.03034221]
[2024-04-25 13:01:31,692][root][INFO] - y: [ 0.00133761 -0.00026429]
[2024-04-25 13:01:31,692][root][INFO] - Reward: -0.0008928237861438637
[2024-04-25 13:01:33,349][root][INFO] - --------------- Start iteration i=91 ---------------
[2024-04-25 13:01:33,349][root][INFO] - Length of data.x: 92
[2024-04-25 13:01:33,349][root][INFO] - Length of data.y: 92
[2024-04-25 13:01:33,477][root][INFO] - x: [ 0.0043036   0.01050555 -0.27134224]
[2024-04-25 13:01:33,478][root][INFO] - y: [ 0.00020342 -0.00890786]
[2024-04-25 13:01:33,478][root][INFO] - Reward: -0.000511327288553239
[2024-04-25 13:01:33,480][root][INFO] - --------------- Start iteration i=92 ---------------
[2024-04-25 13:01:33,481][root][INFO] - Length of data.x: 93
[2024-04-25 13:01:33,481][root][INFO] - Length of data.y: 93
[2024-04-25 13:01:33,607][root][INFO] - x: [ 0.00450703  0.0015977  -0.29095512]
[2024-04-25 13:01:33,607][root][INFO] - y: [-0.00101678 -0.00958343]
[2024-04-25 13:01:33,608][root][INFO] - Reward: -0.0008669903499819549
[2024-04-25 13:01:33,610][root][INFO] - --------------- Start iteration i=93 ---------------
[2024-04-25 13:01:33,610][root][INFO] - Length of data.x: 94
[2024-04-25 13:01:33,611][root][INFO] - Length of data.y: 94
[2024-04-25 13:01:33,738][root][INFO] - x: [ 0.00349025 -0.00798574  0.48630631]
[2024-04-25 13:01:33,739][root][INFO] - y: [0.00143605 0.01926443]
[2024-04-25 13:01:33,739][root][INFO] - Reward: -0.001999631720823367
[2024-04-25 13:01:33,742][root][INFO] - --------------- Start iteration i=94 ---------------
[2024-04-25 13:01:33,742][root][INFO] - Length of data.x: 95
[2024-04-25 13:01:33,742][root][INFO] - Length of data.y: 95
[2024-04-25 13:01:33,869][root][INFO] - x: [ 0.0049263   0.01127869 -0.30424582]
[2024-04-25 13:01:33,870][root][INFO] - y: [ 0.00016811 -0.00995836]
[2024-04-25 13:01:33,870][root][INFO] - Reward: -0.0006375646798819029
[2024-04-25 13:01:33,872][root][INFO] - --------------- Start iteration i=95 ---------------
[2024-04-25 13:01:33,873][root][INFO] - Length of data.x: 96
[2024-04-25 13:01:33,873][root][INFO] - Length of data.y: 96
[2024-04-25 13:02:12,512][root][INFO] - Eval Returns: [ -120.17979781 -1765.26569882  -125.34973899  -121.27131733
 -1698.64658887]
[2024-04-25 13:02:12,558][root][INFO] - Eval Returns: mean=-766.143 std=788.867
[2024-04-25 13:02:12,558][root][INFO] - Eval ndata: 96.000
[2024-04-25 13:02:12,559][root][INFO] - Model MSE (current real MPC): 0.099
[2024-04-25 13:02:13,117][root][INFO] - Model MSE (random test set): 0.004
[2024-04-25 13:02:13,117][root][INFO] - Model MSE (GT MPC): 0.001
[2024-04-25 13:02:13,117][root][INFO] - Model Likelihood (random test set): -1.856
[2024-04-25 13:02:13,117][root][INFO] - Model Likelihood (GT MPC): -1.844
[2024-04-25 13:02:13,117][root][INFO] - *[TIME] [Evaluate the current MPC policy] Elapsed: 39.12 seconds
[2024-04-25 13:02:17,694][root][INFO] - x: [ 0.00509441  0.00132033 -0.08493517]
[2024-04-25 13:02:17,694][root][INFO] - y: [-4.63938481e-05 -1.68470622e-03]
[2024-04-25 13:02:17,694][root][INFO] - Reward: -0.00028120723118495655
[2024-04-25 13:02:19,155][root][INFO] - --------------- Start iteration i=96 ---------------
[2024-04-25 13:02:19,155][root][INFO] - Length of data.x: 97
[2024-04-25 13:02:19,155][root][INFO] - Length of data.y: 97
[2024-04-25 13:02:19,277][root][INFO] - x: [ 0.00504801 -0.00036438 -0.15808452]
[2024-04-25 13:02:19,278][root][INFO] - y: [-0.0006119  -0.00444147]
[2024-04-25 13:02:19,279][root][INFO] - Reward: -0.00044200324110562554
[2024-04-25 13:02:19,281][root][INFO] - --------------- Start iteration i=97 ---------------
[2024-04-25 13:02:19,281][root][INFO] - Length of data.x: 98
[2024-04-25 13:02:19,281][root][INFO] - Length of data.y: 98
[2024-04-25 13:02:19,403][root][INFO] - x: [ 0.00443611 -0.00480585 -0.30193804]
[2024-04-25 13:02:19,404][root][INFO] - y: [-0.0018872  -0.01001618]
[2024-04-25 13:02:19,404][root][INFO] - Reward: -0.0018348196137938887
[2024-04-25 13:02:19,406][root][INFO] - --------------- Start iteration i=98 ---------------
[2024-04-25 13:02:19,406][root][INFO] - Length of data.x: 99
[2024-04-25 13:02:19,407][root][INFO] - Length of data.y: 99
[2024-04-25 13:02:19,530][root][INFO] - x: [ 0.00254892 -0.01482202 -0.30255639]
[2024-04-25 13:02:19,530][root][INFO] - y: [-0.00323622 -0.01059515]
[2024-04-25 13:02:19,530][root][INFO] - Reward: -0.004505433841135208
[2024-04-25 13:02:19,533][root][INFO] - --------------- Start iteration i=99 ---------------
[2024-04-25 13:02:19,533][root][INFO] - Length of data.x: 100
[2024-04-25 13:02:19,533][root][INFO] - Length of data.y: 100
[2024-04-25 13:02:19,658][root][INFO] - x: [-0.0006873  -0.02541718  0.19344821]
[2024-04-25 13:02:19,658][root][INFO] - y: [-0.00233834  0.00705188]
[2024-04-25 13:02:19,658][root][INFO] - Reward: -0.0023986580953019544
[2024-04-25 13:02:19,661][root][INFO] - --------------- Start iteration i=100 ---------------
[2024-04-25 13:02:19,661][root][INFO] - Length of data.x: 101
[2024-04-25 13:02:19,661][root][INFO] - Length of data.y: 101
[2024-04-25 13:02:59,376][root][INFO] - Eval Returns: [-8.07921408e+02 -6.48385894e-01 -1.17828634e+02 -1.25726427e+02
 -1.82010745e+03]
[2024-04-25 13:02:59,379][root][INFO] - Eval Returns: mean=-574.446 std=684.876
[2024-04-25 13:02:59,379][root][INFO] - Eval ndata: 101.000
[2024-04-25 13:02:59,379][root][INFO] - Model MSE (current real MPC): 0.060
[2024-04-25 13:02:59,957][root][INFO] - Model MSE (random test set): 0.004
[2024-04-25 13:02:59,958][root][INFO] - Model MSE (GT MPC): 0.001
[2024-04-25 13:02:59,958][root][INFO] - Model Likelihood (random test set): -1.856
[2024-04-25 13:02:59,958][root][INFO] - Model Likelihood (GT MPC): -1.844
[2024-04-25 13:02:59,958][root][INFO] - *[TIME] [Evaluate the current MPC policy] Elapsed: 40.17 seconds
[2024-04-25 13:03:05,230][root][INFO] - x: [-0.00302564 -0.01836529  0.24045704]
[2024-04-25 13:03:05,230][root][INFO] - y: [-0.0013037   0.00812603]
[2024-04-25 13:03:05,231][root][INFO] - Reward: -0.001087259260314114
[2024-04-25 13:03:07,346][root][INFO] - --------------- Start iteration i=101 ---------------
[2024-04-25 13:03:07,346][root][INFO] - Length of data.x: 102
[2024-04-25 13:03:07,346][root][INFO] - Length of data.y: 102
[2024-04-25 13:03:07,436][root][INFO] - x: [-0.00432935 -0.01023927 -0.0780605 ]
[2024-04-25 13:03:07,436][root][INFO] - y: [-0.00183876 -0.00420233]
[2024-04-25 13:03:07,437][root][INFO] - Reward: -0.0017346498996026847
[2024-04-25 13:03:07,438][root][INFO] - --------------- Start iteration i=102 ---------------
[2024-04-25 13:03:07,438][root][INFO] - Length of data.x: 103
[2024-04-25 13:03:07,438][root][INFO] - Length of data.y: 103
[2024-04-25 13:03:07,522][root][INFO] - x: [-0.00616811 -0.01444159 -0.3109951 ]
[2024-04-25 13:03:07,523][root][INFO] - y: [-0.00355494 -0.01347886]
[2024-04-25 13:03:07,523][root][INFO] - Reward: -0.006309052645729374
[2024-04-25 13:03:07,525][root][INFO] - --------------- Start iteration i=103 ---------------
[2024-04-25 13:03:07,525][root][INFO] - Length of data.x: 104
[2024-04-25 13:03:07,525][root][INFO] - Length of data.y: 104
[2024-04-25 13:03:07,608][root][INFO] - x: [-0.00972305 -0.02792045  0.14262335]
[2024-04-25 13:03:07,609][root][INFO] - y: [-0.00323852  0.00248515]
[2024-04-25 13:03:07,609][root][INFO] - Reward: -0.005879993848144039
[2024-04-25 13:03:07,610][root][INFO] - --------------- Start iteration i=104 ---------------
[2024-04-25 13:03:07,610][root][INFO] - Length of data.x: 105
[2024-04-25 13:03:07,610][root][INFO] - Length of data.y: 105
[2024-04-25 13:03:07,693][root][INFO] - x: [-0.01296157 -0.02543531  0.24343482]
[2024-04-25 13:03:07,694][root][INFO] - y: [-0.00256213  0.00531236]
[2024-04-25 13:03:07,694][root][INFO] - Reward: -0.005207043833920062
[2024-04-25 13:03:07,696][root][INFO] - --------------- Start iteration i=105 ---------------
[2024-04-25 13:03:07,696][root][INFO] - Length of data.x: 106
[2024-04-25 13:03:07,696][root][INFO] - Length of data.y: 106
[2024-04-25 13:03:47,952][root][INFO] - Eval Returns: [-1.22771312e+00 -4.28696209e-01 -1.20224818e+02 -9.01694897e+02
 -6.82347084e+02]
[2024-04-25 13:03:47,989][root][INFO] - Eval Returns: mean=-341.185 std=377.113
[2024-04-25 13:03:47,990][root][INFO] - Eval ndata: 106.000
[2024-04-25 13:03:47,991][root][INFO] - Model MSE (current real MPC): 0.062
[2024-04-25 13:03:48,510][root][INFO] - Model MSE (random test set): 0.004
[2024-04-25 13:03:48,510][root][INFO] - Model MSE (GT MPC): 0.001
[2024-04-25 13:03:48,510][root][INFO] - Model Likelihood (random test set): -1.857
[2024-04-25 13:03:48,510][root][INFO] - Model Likelihood (GT MPC): -1.844
[2024-04-25 13:03:48,510][root][INFO] - *[TIME] [Evaluate the current MPC policy] Elapsed: 40.73 seconds
[2024-04-25 13:03:51,686][root][INFO] - x: [-0.01552371 -0.02012295  0.52385201]
[2024-04-25 13:03:51,686][root][INFO] - y: [-0.00064283  0.01507415]
[2024-04-25 13:03:51,686][root][INFO] - Reward: -0.00384031139396414
[2024-04-25 13:03:53,143][root][INFO] - --------------- Start iteration i=106 ---------------
[2024-04-25 13:03:53,143][root][INFO] - Length of data.x: 107
[2024-04-25 13:03:53,143][root][INFO] - Length of data.y: 107
[2024-04-25 13:03:53,277][root][INFO] - x: [-0.01616654 -0.00504879 -0.22785238]
[2024-04-25 13:03:53,278][root][INFO] - y: [-0.00233673 -0.01330386]
[2024-04-25 13:03:53,278][root][INFO] - Reward: -0.00574237907241237
[2024-04-25 13:03:53,281][root][INFO] - --------------- Start iteration i=107 ---------------
[2024-04-25 13:03:53,281][root][INFO] - Length of data.x: 108
[2024-04-25 13:03:53,281][root][INFO] - Length of data.y: 108
[2024-04-25 13:03:53,417][root][INFO] - x: [-0.01850327 -0.01835265  0.58077241]
[2024-04-25 13:03:53,418][root][INFO] - y: [-0.00025723  0.01633237]
[2024-04-25 13:03:53,418][root][INFO] - Reward: -0.004848977940216278
[2024-04-25 13:03:53,421][root][INFO] - --------------- Start iteration i=108 ---------------
[2024-04-25 13:03:53,421][root][INFO] - Length of data.x: 109
[2024-04-25 13:03:53,421][root][INFO] - Length of data.y: 109
[2024-04-25 13:03:53,558][root][INFO] - x: [-0.0187605  -0.00202028  0.74385583]
[2024-04-25 13:03:53,559][root][INFO] - y: [0.00259131 0.02237237]
[2024-04-25 13:03:53,559][root][INFO] - Reward: -0.007444551260304241
[2024-04-25 13:03:53,562][root][INFO] - --------------- Start iteration i=109 ---------------
[2024-04-25 13:03:53,562][root][INFO] - Length of data.x: 110
[2024-04-25 13:03:53,562][root][INFO] - Length of data.y: 110
[2024-04-25 13:03:53,698][root][INFO] - x: [-0.01616919  0.02035209  0.18835019]
[2024-04-25 13:03:53,699][root][INFO] - y: [0.00288453 0.00230296]
[2024-04-25 13:03:53,699][root][INFO] - Reward: -0.005168521498026935
[2024-04-25 13:03:53,702][root][INFO] - --------------- Start iteration i=110 ---------------
[2024-04-25 13:03:53,702][root][INFO] - Length of data.x: 111
[2024-04-25 13:03:53,702][root][INFO] - Length of data.y: 111
[2024-04-25 13:04:40,500][root][INFO] - Eval Returns: [-1.26538081e+02 -7.87938377e+02 -1.25142296e+02 -3.50742197e+02
 -6.60248162e-01]
[2024-04-25 13:04:40,551][root][INFO] - Eval Returns: mean=-278.204 std=278.766
[2024-04-25 13:04:40,552][root][INFO] - Eval ndata: 111.000
[2024-04-25 13:04:40,554][root][INFO] - Model MSE (current real MPC): 0.049
[2024-04-25 13:04:41,206][root][INFO] - Model MSE (random test set): 0.004
[2024-04-25 13:04:41,206][root][INFO] - Model MSE (GT MPC): 0.001
[2024-04-25 13:04:41,206][root][INFO] - Model Likelihood (random test set): -1.857
[2024-04-25 13:04:41,206][root][INFO] - Model Likelihood (GT MPC): -1.844
[2024-04-25 13:04:41,206][root][INFO] - *[TIME] [Evaluate the current MPC policy] Elapsed: 47.37 seconds
[2024-04-25 13:04:44,465][root][INFO] - x: [-0.01328466  0.02265505 -0.03908022]
[2024-04-25 13:04:44,466][root][INFO] - y: [ 0.00219991 -0.00537703]
[2024-04-25 13:04:44,466][root][INFO] - Reward: -0.0031293975388751575
[2024-04-25 13:04:46,246][root][INFO] - --------------- Start iteration i=111 ---------------
[2024-04-25 13:04:46,246][root][INFO] - Length of data.x: 112
[2024-04-25 13:04:46,246][root][INFO] - Length of data.y: 112
[2024-04-25 13:04:46,379][root][INFO] - x: [-0.01108475  0.01727802  0.0652184 ]
[2024-04-25 13:04:46,380][root][INFO] - y: [ 0.00209571 -0.00081838]
[2024-04-25 13:04:46,380][root][INFO] - Reward: -0.002548394377509896
[2024-04-25 13:04:46,383][root][INFO] - --------------- Start iteration i=112 ---------------
[2024-04-25 13:04:46,383][root][INFO] - Length of data.x: 113
[2024-04-25 13:04:46,383][root][INFO] - Length of data.y: 113
[2024-04-25 13:04:46,519][root][INFO] - x: [-0.00898905  0.01645964 -0.66599215]
[2024-04-25 13:04:46,520][root][INFO] - y: [-0.00142122 -0.02762185]
[2024-04-25 13:04:46,520][root][INFO] - Reward: -0.0036411926440834737
[2024-04-25 13:04:46,524][root][INFO] - --------------- Start iteration i=113 ---------------
[2024-04-25 13:04:46,524][root][INFO] - Length of data.x: 114
[2024-04-25 13:04:46,524][root][INFO] - Length of data.y: 114
[2024-04-25 13:04:46,663][root][INFO] - x: [-0.01041026 -0.0111622  -0.11695131]
[2024-04-25 13:04:46,664][root][INFO] - y: [-0.00236993 -0.0074512 ]
[2024-04-25 13:04:46,664][root][INFO] - Reward: -0.0038840825801332024
[2024-04-25 13:04:46,668][root][INFO] - --------------- Start iteration i=114 ---------------
[2024-04-25 13:04:46,668][root][INFO] - Length of data.x: 115
[2024-04-25 13:04:46,668][root][INFO] - Length of data.y: 115
[2024-04-25 13:04:46,806][root][INFO] - x: [-0.01278019 -0.0186134   0.03408174]
[2024-04-25 13:04:46,807][root][INFO] - y: [-0.00268633 -0.002485  ]
[2024-04-25 13:04:46,807][root][INFO] - Reward: -0.0052145017533919
[2024-04-25 13:04:46,810][root][INFO] - --------------- Start iteration i=115 ---------------
[2024-04-25 13:04:46,810][root][INFO] - Length of data.x: 116
[2024-04-25 13:04:46,810][root][INFO] - Length of data.y: 116
[2024-04-25 13:05:27,685][root][INFO] - Eval Returns: [-1.26406977e+02 -1.28845825e+02 -1.19179068e+02 -1.79695160e+03
 -8.86399438e-01]
[2024-04-25 13:05:27,725][root][INFO] - Eval Returns: mean=-434.454 std=682.945
[2024-04-25 13:05:27,726][root][INFO] - Eval ndata: 116.000
[2024-04-25 13:05:27,726][root][INFO] - Model MSE (current real MPC): 0.040
[2024-04-25 13:05:28,263][root][INFO] - Model MSE (random test set): 0.004
[2024-04-25 13:05:28,263][root][INFO] - Model MSE (GT MPC): 0.001
[2024-04-25 13:05:28,263][root][INFO] - Model Likelihood (random test set): -1.857
[2024-04-25 13:05:28,263][root][INFO] - Model Likelihood (GT MPC): -1.844
[2024-04-25 13:05:28,263][root][INFO] - *[TIME] [Evaluate the current MPC policy] Elapsed: 41.32 seconds
[2024-04-25 13:05:31,520][root][INFO] - x: [-0.01546653 -0.02109841  0.36780229]
[2024-04-25 13:05:31,521][root][INFO] - y: [-0.00150997  0.00923911]
[2024-04-25 13:05:31,521][root][INFO] - Reward: -0.004285663606990978
[2024-04-25 13:05:33,210][root][INFO] - --------------- Start iteration i=116 ---------------
[2024-04-25 13:05:33,211][root][INFO] - Length of data.x: 117
[2024-04-25 13:05:33,211][root][INFO] - Length of data.y: 117
[2024-04-25 13:05:33,341][root][INFO] - x: [-0.0169765  -0.0118593   0.45901743]
[2024-04-25 13:05:33,342][root][INFO] - y: [4.53574358e-05 1.22155321e-02]
[2024-04-25 13:05:33,342][root][INFO] - Reward: -0.0036728561102833276
[2024-04-25 13:05:33,345][root][INFO] - --------------- Start iteration i=117 ---------------
[2024-04-25 13:05:33,345][root][INFO] - Length of data.x: 118
[2024-04-25 13:05:33,345][root][INFO] - Length of data.y: 118
[2024-04-25 13:05:33,475][root][INFO] - x: [-0.01693114  0.00035624  0.0470578 ]
[2024-04-25 13:05:33,476][root][INFO] - y: [-0.00036458 -0.00321961]
[2024-04-25 13:05:33,476][root][INFO] - Reward: -0.0030137428147389866
[2024-04-25 13:05:33,479][root][INFO] - --------------- Start iteration i=118 ---------------
[2024-04-25 13:05:33,479][root][INFO] - Length of data.x: 119
[2024-04-25 13:05:33,480][root][INFO] - Length of data.y: 119
[2024-04-25 13:05:33,611][root][INFO] - x: [-0.01729572 -0.00286338  0.10115479]
[2024-04-25 13:05:33,611][root][INFO] - y: [-0.00052987 -0.0012982 ]
[2024-04-25 13:05:33,611][root][INFO] - Reward: -0.003287850945778571
[2024-04-25 13:05:33,615][root][INFO] - --------------- Start iteration i=119 ---------------
[2024-04-25 13:05:33,615][root][INFO] - Length of data.x: 120
[2024-04-25 13:05:33,615][root][INFO] - Length of data.y: 120
[2024-04-25 13:05:33,752][root][INFO] - x: [-0.01782559 -0.00416158  0.48340738]
[2024-04-25 13:05:33,753][root][INFO] - y: [0.00111012 0.01288045]
[2024-04-25 13:05:33,753][root][INFO] - Reward: -0.0041788852657195
[2024-04-25 13:05:33,756][root][INFO] - --------------- Start iteration i=120 ---------------
[2024-04-25 13:05:33,756][root][INFO] - Length of data.x: 121
[2024-04-25 13:05:33,757][root][INFO] - Length of data.y: 121
[2024-04-25 13:06:21,749][root][INFO] - Eval Returns: [-1.17333623e+02 -5.04345791e-01 -4.64280654e+00 -2.45555819e+02
 -8.28309765e+02]
[2024-04-25 13:06:21,792][root][INFO] - Eval Returns: mean=-239.269 std=307.875
[2024-04-25 13:06:21,792][root][INFO] - Eval ndata: 121.000
[2024-04-25 13:06:21,792][root][INFO] - Model MSE (current real MPC): 0.041
[2024-04-25 13:06:22,339][root][INFO] - Model MSE (random test set): 0.004
[2024-04-25 13:06:22,339][root][INFO] - Model MSE (GT MPC): 0.001
[2024-04-25 13:06:22,339][root][INFO] - Model Likelihood (random test set): -1.858
[2024-04-25 13:06:22,340][root][INFO] - Model Likelihood (GT MPC): -1.844
[2024-04-25 13:06:22,340][root][INFO] - *[TIME] [Evaluate the current MPC policy] Elapsed: 48.07 seconds
[2024-04-25 13:06:26,273][root][INFO] - x: [-0.01671546  0.00871888  0.09486225]
[2024-04-25 13:06:26,274][root][INFO] - y: [ 0.00093651 -0.00136351]
[2024-04-25 13:06:26,274][root][INFO] - Reward: -0.0028395316902304806
[2024-04-25 13:06:28,367][root][INFO] - --------------- Start iteration i=121 ---------------
[2024-04-25 13:06:28,367][root][INFO] - Length of data.x: 122
[2024-04-25 13:06:28,367][root][INFO] - Length of data.y: 122
[2024-04-25 13:06:28,508][root][INFO] - x: [-0.01577895  0.00735536  0.06850432]
[2024-04-25 13:06:28,508][root][INFO] - y: [ 0.00067213 -0.00207647]
[2024-04-25 13:06:28,509][root][INFO] - Reward: -0.0024495205336632184
[2024-04-25 13:06:28,512][root][INFO] - --------------- Start iteration i=122 ---------------
[2024-04-25 13:06:28,512][root][INFO] - Length of data.x: 123
[2024-04-25 13:06:28,512][root][INFO] - Length of data.y: 123
[2024-04-25 13:06:28,627][root][INFO] - x: [-0.01510682  0.00527889  0.29068608]
[2024-04-25 13:06:28,627][root][INFO] - y: [0.00149376 0.00645307]
[2024-04-25 13:06:28,627][root][INFO] - Reward: -0.0030478731566008295
[2024-04-25 13:06:28,629][root][INFO] - --------------- Start iteration i=123 ---------------
[2024-04-25 13:06:28,630][root][INFO] - Length of data.x: 124
[2024-04-25 13:06:28,630][root][INFO] - Length of data.y: 124
[2024-04-25 13:06:28,726][root][INFO] - x: [-0.01361306  0.01173196 -0.20322745]
[2024-04-25 13:06:28,727][root][INFO] - y: [ 1.30860814e-05 -1.16291852e-02]
[2024-04-25 13:06:28,727][root][INFO] - Reward: -0.001990748769243922
[2024-04-25 13:06:28,729][root][INFO] - --------------- Start iteration i=124 ---------------
[2024-04-25 13:06:28,729][root][INFO] - Length of data.x: 125
[2024-04-25 13:06:28,729][root][INFO] - Length of data.y: 125
[2024-04-25 13:06:28,821][root][INFO] - x: [-0.01359998  0.00010278  0.02306418]
[2024-04-25 13:06:28,821][root][INFO] - y: [-0.00038663 -0.0031394 ]
[2024-04-25 13:06:28,821][root][INFO] - Reward: -0.001991886690475299
[2024-04-25 13:06:28,823][root][INFO] - --------------- Start iteration i=125 ---------------
[2024-04-25 13:06:28,823][root][INFO] - Length of data.x: 126
[2024-04-25 13:06:28,823][root][INFO] - Length of data.y: 126
[2024-04-25 13:07:12,991][root][INFO] - Eval Returns: [-122.89036103 -793.11599293 -128.05572275 -124.59074159 -697.11764534]
[2024-04-25 13:07:13,035][root][INFO] - Eval Returns: mean=-373.154 std=305.224
[2024-04-25 13:07:13,036][root][INFO] - Eval ndata: 126.000
[2024-04-25 13:07:13,036][root][INFO] - Model MSE (current real MPC): 0.066
[2024-04-25 13:07:13,603][root][INFO] - Model MSE (random test set): 0.004
[2024-04-25 13:07:13,603][root][INFO] - Model MSE (GT MPC): 0.001
[2024-04-25 13:07:13,603][root][INFO] - Model Likelihood (random test set): -1.858
[2024-04-25 13:07:13,603][root][INFO] - Model Likelihood (GT MPC): -1.844
[2024-04-25 13:07:13,604][root][INFO] - *[TIME] [Evaluate the current MPC policy] Elapsed: 44.69 seconds
[2024-04-25 13:08:03,346][root][INFO] - x: [-0.01398661 -0.00303662  0.50438399]
[2024-04-25 13:08:03,346][root][INFO] - y: [0.00149729 0.01479633]
[2024-04-25 13:08:03,346][root][INFO] - Reward: -0.003442164593492513
[2024-04-25 13:08:06,389][root][INFO] - --------------- Start iteration i=126 ---------------
[2024-04-25 13:08:06,389][root][INFO] - Length of data.x: 127
[2024-04-25 13:08:06,389][root][INFO] - Length of data.y: 127
[2024-04-25 13:08:06,516][root][INFO] - x: [-0.01248932  0.01175971 -0.00045577]
[2024-04-25 13:08:06,517][root][INFO] - y: [ 0.00102689 -0.00369456]
[2024-04-25 13:08:06,517][root][INFO] - Reward: -0.0017130404838134805
[2024-04-25 13:08:06,519][root][INFO] - --------------- Start iteration i=127 ---------------
[2024-04-25 13:08:06,519][root][INFO] - Length of data.x: 128
[2024-04-25 13:08:06,519][root][INFO] - Length of data.y: 128
[2024-04-25 13:08:06,614][root][INFO] - x: [-0.01146243  0.00806515  0.15348832]
[2024-04-25 13:08:06,614][root][INFO] - y: [0.00132999 0.00238058]
[2024-04-25 13:08:06,614][root][INFO] - Reward: -0.0018058355318779642
[2024-04-25 13:08:06,616][root][INFO] - --------------- Start iteration i=128 ---------------
[2024-04-25 13:08:06,616][root][INFO] - Length of data.x: 129
[2024-04-25 13:08:06,617][root][INFO] - Length of data.y: 129
[2024-04-25 13:08:06,708][root][INFO] - x: [-0.01013244  0.01044573  0.19583973]
[2024-04-25 13:08:06,709][root][INFO] - y: [0.00188516 0.00436024]
[2024-04-25 13:08:06,709][root][INFO] - Reward: -0.0022277083945191675
[2024-04-25 13:08:06,711][root][INFO] - --------------- Start iteration i=129 ---------------
[2024-04-25 13:08:06,711][root][INFO] - Length of data.x: 130
[2024-04-25 13:08:06,711][root][INFO] - Length of data.y: 130
[2024-04-25 13:08:06,804][root][INFO] - x: [-0.00824728  0.01480597 -0.03429096]
[2024-04-25 13:08:06,805][root][INFO] - y: [ 0.00141219 -0.00371466]
[2024-04-25 13:08:06,805][root][INFO] - Reward: -0.0012531064253014106
[2024-04-25 13:08:06,807][root][INFO] - --------------- Start iteration i=130 ---------------
[2024-04-25 13:08:06,807][root][INFO] - Length of data.x: 131
[2024-04-25 13:08:06,807][root][INFO] - Length of data.y: 131
[2024-04-25 13:08:49,062][root][INFO] - Eval Returns: [ -125.63239057 -1607.20121437  -714.81262239 -1818.45240745
  -126.9120865 ]
[2024-04-25 13:08:49,100][root][INFO] - Eval Returns: mean=-878.602 std=717.357
[2024-04-25 13:08:49,101][root][INFO] - Eval ndata: 131.000
[2024-04-25 13:08:49,101][root][INFO] - Model MSE (current real MPC): 0.124
[2024-04-25 13:08:49,642][root][INFO] - Model MSE (random test set): 0.004
[2024-04-25 13:08:49,642][root][INFO] - Model MSE (GT MPC): 0.001
[2024-04-25 13:08:49,642][root][INFO] - Model Likelihood (random test set): -1.858
[2024-04-25 13:08:49,642][root][INFO] - Model Likelihood (GT MPC): -1.844
[2024-04-25 13:08:49,642][root][INFO] - *[TIME] [Evaluate the current MPC policy] Elapsed: 42.74 seconds
[2024-04-25 13:08:52,998][root][INFO] - x: [-0.00683509  0.01109131  0.13554073]
[2024-04-25 13:08:52,998][root][INFO] - y: [0.00180305 0.00306983]
[2024-04-25 13:08:52,999][root][INFO] - Reward: -0.001606840145130073
[2024-04-25 13:08:54,641][root][INFO] - --------------- Start iteration i=131 ---------------
[2024-04-25 13:08:54,641][root][INFO] - Length of data.x: 132
[2024-04-25 13:08:54,641][root][INFO] - Length of data.y: 132
[2024-04-25 13:08:54,780][root][INFO] - x: [-0.00503204  0.01416114  0.0400111 ]
[2024-04-25 13:08:54,781][root][INFO] - y: [1.80539734e-03 1.84191897e-05]
[2024-04-25 13:08:54,781][root][INFO] - Reward: -0.001395941507728491
[2024-04-25 13:08:54,785][root][INFO] - --------------- Start iteration i=132 ---------------
[2024-04-25 13:08:54,785][root][INFO] - Length of data.x: 133
[2024-04-25 13:08:54,785][root][INFO] - Length of data.y: 133
[2024-04-25 13:08:54,920][root][INFO] - x: [-0.00322665  0.01417956 -0.18281031]
[2024-04-25 13:08:54,920][root][INFO] - y: [ 0.00081155 -0.0078057 ]
[2024-04-25 13:08:54,921][root][INFO] - Reward: -0.0004512521121026828
[2024-04-25 13:08:54,924][root][INFO] - --------------- Start iteration i=133 ---------------
[2024-04-25 13:08:54,924][root][INFO] - Length of data.x: 134
[2024-04-25 13:08:54,924][root][INFO] - Length of data.y: 134
[2024-04-25 13:08:55,061][root][INFO] - x: [-0.0024151   0.00637386 -0.41315203]
[2024-04-25 13:08:55,062][root][INFO] - y: [-0.00125168 -0.0162045 ]
[2024-04-25 13:08:55,062][root][INFO] - Reward: -0.001433982894897308
[2024-04-25 13:08:55,064][root][INFO] - --------------- Start iteration i=134 ---------------
[2024-04-25 13:08:55,064][root][INFO] - Length of data.x: 135
[2024-04-25 13:08:55,064][root][INFO] - Length of data.y: 135
[2024-04-25 13:08:55,160][root][INFO] - x: [-0.00366678 -0.00983064  0.06011808]
[2024-04-25 13:08:55,160][root][INFO] - y: [-0.00110213  0.0011745 ]
[2024-04-25 13:08:55,160][root][INFO] - Reward: -0.0007184604040627067
[2024-04-25 13:08:55,162][root][INFO] - --------------- Start iteration i=135 ---------------
[2024-04-25 13:08:55,162][root][INFO] - Length of data.x: 136
[2024-04-25 13:08:55,162][root][INFO] - Length of data.y: 136
[2024-04-25 13:09:48,632][root][INFO] - Eval Returns: [-123.32829981 -914.45876342 -128.91433614   -2.82849817 -121.19279387]
[2024-04-25 13:09:48,682][root][INFO] - Eval Returns: mean=-258.145 std=331.532
[2024-04-25 13:09:48,685][root][INFO] - Eval ndata: 136.000
[2024-04-25 13:09:48,685][root][INFO] - Model MSE (current real MPC): 0.045
[2024-04-25 13:09:49,366][root][INFO] - Model MSE (random test set): 0.004
[2024-04-25 13:09:49,366][root][INFO] - Model MSE (GT MPC): 0.001
[2024-04-25 13:09:49,366][root][INFO] - Model Likelihood (random test set): -1.858
[2024-04-25 13:09:49,366][root][INFO] - Model Likelihood (GT MPC): -1.844
[2024-04-25 13:09:49,366][root][INFO] - *[TIME] [Evaluate the current MPC policy] Elapsed: 54.11 seconds
