[2024-04-25 12:48:37,291][root][INFO] - Dumper dumping to /tirl/experiments/mpc_rustypendulum_2024-04-25/12-48-32/seed_1
[2024-04-25 12:48:37,296][root][INFO] - Start obs: None
[2024-04-25 12:48:54,316][root][INFO] - GT Returns: [-235.86843672 -116.25123584   -0.4678369  -378.81422456 -121.79292847]
[2024-04-25 12:48:54,316][root][INFO] - GT Returns: mean=-170.639 std=127.980
[2024-04-25 12:48:54,316][root][INFO] - Path Lengths: [39420, 39420, 39420, 39420, 39420]
[2024-04-25 12:48:54,316][root][INFO] - Path Lengths: mean=39420.000 std=0.000
[2024-04-25 12:48:54,383][root][INFO] - all_x.shape = (197100, 3)
[2024-04-25 12:48:54,388][root][INFO] - all_x.min(axis=0) = [-0.99976843 -1.         -1.        ]
[2024-04-25 12:48:54,393][root][INFO] - all_x.max(axis=0) = [0.99987878 1.         1.        ]
[2024-04-25 12:48:54,396][root][INFO] - all_x.mean(axis=0) = [-0.00983537  0.02025227  0.00662298]
[2024-04-25 12:48:54,404][root][INFO] - all_x.var(axis=0) = [0.09738189 0.0972     0.24908472]
[2024-04-25 12:48:54,456][root][INFO] - --------------- Start iteration i=0 ---------------
[2024-04-25 12:48:54,456][root][INFO] - Length of data.x: 1
[2024-04-25 12:48:54,456][root][INFO] - Length of data.y: 1
[2024-04-25 12:49:14,890][root][INFO] - Eval Returns: [-1217.69828536 -1467.29855842 -1241.37277248 -1562.77866775
 -1159.62198084]
[2024-04-25 12:49:14,927][root][INFO] - Eval Returns: mean=-1329.754 std=156.545
[2024-04-25 12:49:14,928][root][INFO] - Eval ndata: 1.000
[2024-04-25 12:49:14,928][root][INFO] - Model MSE (current real MPC): 0.193
[2024-04-25 12:49:15,356][root][INFO] - Model MSE (random test set): 0.016
[2024-04-25 12:49:15,356][root][INFO] - Model MSE (GT MPC): 0.011
[2024-04-25 12:49:15,356][root][INFO] - Model Likelihood (random test set): -1.907
[2024-04-25 12:49:15,356][root][INFO] - Model Likelihood (GT MPC): -1.921
[2024-04-25 12:49:15,356][root][INFO] - *[TIME] [Evaluate the current MPC policy] Elapsed: 20.83 seconds
[2024-04-25 12:49:16,928][root][INFO] - x: [-0.0935159   0.02063717  0.76054804]
[2024-04-25 12:49:16,929][root][INFO] - y: [0.00280234 0.00137235]
[2024-04-25 12:49:16,929][root][INFO] - Reward: -0.08663049659771271
[2024-04-25 12:49:19,310][root][INFO] - --------------- Start iteration i=1 ---------------
[2024-04-25 12:49:19,310][root][INFO] - Length of data.x: 2
[2024-04-25 12:49:19,310][root][INFO] - Length of data.y: 2
[2024-04-25 12:49:19,406][root][INFO] - x: [-0.09071356  0.02200952  0.57829656]
[2024-04-25 12:49:19,406][root][INFO] - y: [ 0.0022076  -0.00467105]
[2024-04-25 12:49:19,407][root][INFO] - Reward: -0.08057330911535719
[2024-04-25 12:49:19,407][root][INFO] - --------------- Start iteration i=2 ---------------
[2024-04-25 12:49:19,407][root][INFO] - Length of data.x: 3
[2024-04-25 12:49:19,407][root][INFO] - Length of data.y: 3
[2024-04-25 12:49:19,503][root][INFO] - x: [-0.08850595  0.01733848  0.51205045]
[2024-04-25 12:49:19,504][root][INFO] - y: [ 0.00137609 -0.00653068]
[2024-04-25 12:49:19,504][root][INFO] - Reward: -0.0767225784354712
[2024-04-25 12:49:19,505][root][INFO] - --------------- Start iteration i=3 ---------------
[2024-04-25 12:49:19,505][root][INFO] - Length of data.x: 4
[2024-04-25 12:49:19,505][root][INFO] - Length of data.y: 4
[2024-04-25 12:49:19,599][root][INFO] - x: [-0.08712986  0.0108078   0.75240414]
[2024-04-25 12:49:19,600][root][INFO] - y: [0.00174184 0.00287255]
[2024-04-25 12:49:19,600][root][INFO] - Reward: -0.07542264631859745
[2024-04-25 12:49:19,601][root][INFO] - --------------- Start iteration i=4 ---------------
[2024-04-25 12:49:19,601][root][INFO] - Length of data.x: 5
[2024-04-25 12:49:19,601][root][INFO] - Length of data.y: 5
[2024-04-25 12:49:19,698][root][INFO] - x: [-0.08538803  0.01368035  0.80707476]
[2024-04-25 12:49:19,698][root][INFO] - y: [0.00243155 0.00541699]
[2024-04-25 12:49:19,698][root][INFO] - Reward: -0.0728600350507054
[2024-04-25 12:49:19,699][root][INFO] - --------------- Start iteration i=5 ---------------
[2024-04-25 12:49:19,699][root][INFO] - Length of data.x: 6
[2024-04-25 12:49:19,699][root][INFO] - Length of data.y: 6
[2024-04-25 12:49:41,821][root][INFO] - Eval Returns: [-1105.05794983 -1274.90734041 -1069.40839572 -1144.5723789
 -1587.46207151]
[2024-04-25 12:49:41,854][root][INFO] - Eval Returns: mean=-1236.282 std=188.837
[2024-04-25 12:49:41,855][root][INFO] - Eval ndata: 6.000
[2024-04-25 12:49:41,855][root][INFO] - Model MSE (current real MPC): 0.133
[2024-04-25 12:49:42,324][root][INFO] - Model MSE (random test set): 0.012
[2024-04-25 12:49:42,324][root][INFO] - Model MSE (GT MPC): 0.004
[2024-04-25 12:49:42,324][root][INFO] - Model Likelihood (random test set): -1.881
[2024-04-25 12:49:42,324][root][INFO] - Model Likelihood (GT MPC): -1.858
[2024-04-25 12:49:42,324][root][INFO] - *[TIME] [Evaluate the current MPC policy] Elapsed: 22.53 seconds
[2024-04-25 12:49:45,584][root][INFO] - x: [-0.08295648  0.01909734  0.87638284]
[2024-04-25 12:49:45,584][root][INFO] - y: [0.0035402 0.0087073]
[2024-04-25 12:49:45,584][root][INFO] - Reward: -0.07026707746498348
[2024-04-25 12:49:47,521][root][INFO] - --------------- Start iteration i=6 ---------------
[2024-04-25 12:49:47,522][root][INFO] - Length of data.x: 7
[2024-04-25 12:49:47,522][root][INFO] - Length of data.y: 7
[2024-04-25 12:49:47,618][root][INFO] - x: [-0.07941628  0.02780464  0.47959859]
[2024-04-25 12:49:47,619][root][INFO] - y: [ 0.0028828  -0.00516317]
[2024-04-25 12:49:47,619][root][INFO] - Reward: -0.062010893506317416
[2024-04-25 12:49:47,620][root][INFO] - --------------- Start iteration i=7 ---------------
[2024-04-25 12:49:47,620][root][INFO] - Length of data.x: 8
[2024-04-25 12:49:47,620][root][INFO] - Length of data.y: 8
[2024-04-25 12:49:47,716][root][INFO] - x: [-0.07653348  0.02264146  0.80183482]
[2024-04-25 12:49:47,717][root][INFO] - y: [0.00386885 0.00774439]
[2024-04-25 12:49:47,717][root][INFO] - Reward: -0.060593862061010285
[2024-04-25 12:49:47,718][root][INFO] - --------------- Start iteration i=8 ---------------
[2024-04-25 12:49:47,718][root][INFO] - Length of data.x: 9
[2024-04-25 12:49:47,718][root][INFO] - Length of data.y: 9
[2024-04-25 12:49:47,815][root][INFO] - x: [-0.07266463  0.03038585  0.69319848]
[2024-04-25 12:49:47,816][root][INFO] - y: [0.00447731 0.00477884]
[2024-04-25 12:49:47,816][root][INFO] - Reward: -0.05572489416338449
[2024-04-25 12:49:47,817][root][INFO] - --------------- Start iteration i=9 ---------------
[2024-04-25 12:49:47,817][root][INFO] - Length of data.x: 10
[2024-04-25 12:49:47,817][root][INFO] - Length of data.y: 10
[2024-04-25 12:49:47,912][root][INFO] - x: [-0.06818733  0.03516469 -0.11230205]
[2024-04-25 12:49:47,912][root][INFO] - y: [ 0.00140359 -0.02414091]
[2024-04-25 12:49:47,912][root][INFO] - Reward: -0.0448473001097543
[2024-04-25 12:49:47,913][root][INFO] - --------------- Start iteration i=10 ---------------
[2024-04-25 12:49:47,913][root][INFO] - Length of data.x: 11
[2024-04-25 12:49:47,913][root][INFO] - Length of data.y: 11
[2024-04-25 12:50:12,839][root][INFO] - Eval Returns: [-1027.4155012  -1592.17968379 -1111.24137152 -1144.68634654
 -1609.08800865]
[2024-04-25 12:50:12,880][root][INFO] - Eval Returns: mean=-1296.922 std=250.963
[2024-04-25 12:50:12,880][root][INFO] - Eval ndata: 11.000
[2024-04-25 12:50:12,880][root][INFO] - Model MSE (current real MPC): 0.110
[2024-04-25 12:50:13,346][root][INFO] - Model MSE (random test set): 0.010
[2024-04-25 12:50:13,346][root][INFO] - Model MSE (GT MPC): 0.004
[2024-04-25 12:50:13,347][root][INFO] - Model Likelihood (random test set): -1.881
[2024-04-25 12:50:13,347][root][INFO] - Model Likelihood (GT MPC): -1.858
[2024-04-25 12:50:13,347][root][INFO] - *[TIME] [Evaluate the current MPC policy] Elapsed: 25.34 seconds
[2024-04-25 12:50:16,619][root][INFO] - x: [-0.06678373  0.01102379  0.55859902]
[2024-04-25 12:50:16,619][root][INFO] - y: [0.00158465 0.00142202]
[2024-04-25 12:50:16,619][root][INFO] - Reward: -0.04419438655550798
[2024-04-25 12:50:18,160][root][INFO] - --------------- Start iteration i=11 ---------------
[2024-04-25 12:50:18,160][root][INFO] - Length of data.x: 12
[2024-04-25 12:50:18,160][root][INFO] - Length of data.y: 12
[2024-04-25 12:50:18,254][root][INFO] - x: [-0.06519908  0.0124458   0.28674034]
[2024-04-25 12:50:18,255][root][INFO] - y: [ 0.00052583 -0.00831596]
[2024-04-25 12:50:18,255][root][INFO] - Reward: -0.04171894331124766
[2024-04-25 12:50:18,256][root][INFO] - --------------- Start iteration i=12 ---------------
[2024-04-25 12:50:18,256][root][INFO] - Length of data.x: 13
[2024-04-25 12:50:18,256][root][INFO] - Length of data.y: 13
[2024-04-25 12:50:18,348][root][INFO] - x: [-0.06467326  0.00412984  0.81835344]
[2024-04-25 12:50:18,348][root][INFO] - y: [0.00202458 0.01177119]
[2024-04-25 12:50:18,348][root][INFO] - Reward: -0.043033786042996104
[2024-04-25 12:50:18,349][root][INFO] - --------------- Start iteration i=13 ---------------
[2024-04-25 12:50:18,349][root][INFO] - Length of data.x: 14
[2024-04-25 12:50:18,349][root][INFO] - Length of data.y: 14
[2024-04-25 12:50:18,443][root][INFO] - x: [-0.06264867  0.01590103  0.75531545]
[2024-04-25 12:50:18,443][root][INFO] - y: [0.00329676 0.00999167]
[2024-04-25 12:50:18,443][root][INFO] - Reward: -0.0413399303202813
[2024-04-25 12:50:18,444][root][INFO] - --------------- Start iteration i=14 ---------------
[2024-04-25 12:50:18,444][root][INFO] - Length of data.x: 15
[2024-04-25 12:50:18,444][root][INFO] - Length of data.y: 15
[2024-04-25 12:50:18,537][root][INFO] - x: [-0.05935191  0.0258927   0.65786832]
[2024-04-25 12:50:18,537][root][INFO] - y: [0.00422503 0.0072906 ]
[2024-04-25 12:50:18,537][root][INFO] - Reward: -0.038771869794302916
[2024-04-25 12:50:18,538][root][INFO] - --------------- Start iteration i=15 ---------------
[2024-04-25 12:50:18,538][root][INFO] - Length of data.x: 16
[2024-04-25 12:50:18,538][root][INFO] - Length of data.y: 16
[2024-04-25 12:50:44,484][root][INFO] - Eval Returns: [-1133.99845286  -866.61938898 -1104.16547048  -866.72474145
  -754.3274871 ]
[2024-04-25 12:50:44,527][root][INFO] - Eval Returns: mean=-945.167 std=148.108
[2024-04-25 12:50:44,528][root][INFO] - Eval ndata: 16.000
[2024-04-25 12:50:44,528][root][INFO] - Model MSE (current real MPC): 0.134
[2024-04-25 12:50:45,017][root][INFO] - Model MSE (random test set): 0.008
[2024-04-25 12:50:45,017][root][INFO] - Model MSE (GT MPC): 0.003
[2024-04-25 12:50:45,017][root][INFO] - Model Likelihood (random test set): -1.875
[2024-04-25 12:50:45,017][root][INFO] - Model Likelihood (GT MPC): -1.854
[2024-04-25 12:50:45,017][root][INFO] - *[TIME] [Evaluate the current MPC policy] Elapsed: 26.39 seconds
[2024-04-25 12:50:48,646][root][INFO] - x: [-0.05512689  0.03318329  0.496891  ]
[2024-04-25 12:50:48,647][root][INFO] - y: [0.00454057 0.00247825]
[2024-04-25 12:50:48,647][root][INFO] - Reward: -0.03438285110381875
[2024-04-25 12:50:50,336][root][INFO] - --------------- Start iteration i=16 ---------------
[2024-04-25 12:50:50,336][root][INFO] - Length of data.x: 17
[2024-04-25 12:50:50,336][root][INFO] - Length of data.y: 17
[2024-04-25 12:50:50,442][root][INFO] - x: [-0.05058632  0.03566154  0.25829221]
[2024-04-25 12:50:50,442][root][INFO] - y: [ 0.00388481 -0.00515031]
[2024-04-25 12:50:50,442][root][INFO] - Reward: -0.027750757406492417
[2024-04-25 12:50:50,444][root][INFO] - --------------- Start iteration i=17 ---------------
[2024-04-25 12:50:50,444][root][INFO] - Length of data.x: 18
[2024-04-25 12:50:50,444][root][INFO] - Length of data.y: 18
[2024-04-25 12:50:50,549][root][INFO] - x: [-0.04670151  0.03051123  0.2976933 ]
[2024-04-25 12:50:50,549][root][INFO] - y: [ 0.00356116 -0.00254194]
[2024-04-25 12:50:50,550][root][INFO] - Reward: -0.02372930426954601
[2024-04-25 12:50:50,551][root][INFO] - --------------- Start iteration i=18 ---------------
[2024-04-25 12:50:50,551][root][INFO] - Length of data.x: 19
[2024-04-25 12:50:50,551][root][INFO] - Length of data.y: 19
[2024-04-25 12:50:50,655][root][INFO] - x: [-0.04314035  0.0279693   0.46328511]
[2024-04-25 12:50:50,655][root][INFO] - y: [0.00416037 0.00470617]
[2024-04-25 12:50:50,656][root][INFO] - Reward: -0.022687982247741142
[2024-04-25 12:50:50,657][root][INFO] - --------------- Start iteration i=19 ---------------
[2024-04-25 12:50:50,657][root][INFO] - Length of data.x: 20
[2024-04-25 12:50:50,657][root][INFO] - Length of data.y: 20
[2024-04-25 12:50:50,759][root][INFO] - x: [-0.03897998  0.03267547  0.60302108]
[2024-04-25 12:50:50,760][root][INFO] - y: [0.00558148 0.01116141]
[2024-04-25 12:50:50,760][root][INFO] - Reward: -0.024762380939685753
[2024-04-25 12:50:50,761][root][INFO] - --------------- Start iteration i=20 ---------------
[2024-04-25 12:50:50,761][root][INFO] - Length of data.x: 21
[2024-04-25 12:50:50,761][root][INFO] - Length of data.y: 21
[2024-04-25 12:51:22,103][root][INFO] - Eval Returns: [-1553.86905494  -133.42557887 -1889.31985245 -1859.63110351
 -1452.30083086]
[2024-04-25 12:51:22,140][root][INFO] - Eval Returns: mean=-1377.709 std=644.800
[2024-04-25 12:51:22,140][root][INFO] - Eval ndata: 21.000
[2024-04-25 12:51:22,141][root][INFO] - Model MSE (current real MPC): 0.374
[2024-04-25 12:51:22,599][root][INFO] - Model MSE (random test set): 0.005
[2024-04-25 12:51:22,599][root][INFO] - Model MSE (GT MPC): 0.002
[2024-04-25 12:51:22,599][root][INFO] - Model Likelihood (random test set): -1.868
[2024-04-25 12:51:22,599][root][INFO] - Model Likelihood (GT MPC): -1.850
[2024-04-25 12:51:22,599][root][INFO] - *[TIME] [Evaluate the current MPC policy] Elapsed: 31.74 seconds
[2024-04-25 12:51:26,847][root][INFO] - x: [-0.03339849  0.04383688 -0.20636299]
[2024-04-25 12:51:26,847][root][INFO] - y: [ 0.00334603 -0.01755724]
[2024-04-25 12:51:26,847][root][INFO] - Reward: -0.013504046514136284
[2024-04-25 12:51:28,946][root][INFO] - --------------- Start iteration i=21 ---------------
[2024-04-25 12:51:28,946][root][INFO] - Length of data.x: 22
[2024-04-25 12:51:28,946][root][INFO] - Length of data.y: 22
[2024-04-25 12:51:29,046][root][INFO] - x: [-0.03005246  0.02627964  0.23716394]
[2024-04-25 12:51:29,046][root][INFO] - y: [3.35310817e-03 5.56101320e-05]
[2024-04-25 12:51:29,046][root][INFO] - Reward: -0.011699280299584454
[2024-04-25 12:51:29,047][root][INFO] - --------------- Start iteration i=22 ---------------
[2024-04-25 12:51:29,048][root][INFO] - Length of data.x: 23
[2024-04-25 12:51:29,048][root][INFO] - Length of data.y: 23
[2024-04-25 12:51:29,147][root][INFO] - x: [-0.02669935  0.02633525  0.27519392]
[2024-04-25 12:51:29,148][root][INFO] - y: [0.00366701 0.00246538]
[2024-04-25 12:51:29,148][root][INFO] - Reward: -0.01084729129546513
[2024-04-25 12:51:29,149][root][INFO] - --------------- Start iteration i=23 ---------------
[2024-04-25 12:51:29,149][root][INFO] - Length of data.x: 24
[2024-04-25 12:51:29,149][root][INFO] - Length of data.y: 24
[2024-04-25 12:51:29,251][root][INFO] - x: [-0.02303234  0.02880063  0.46432659]
[2024-04-25 12:51:29,251][root][INFO] - y: [0.00502105 0.01063458]
[2024-04-25 12:51:29,252][root][INFO] - Reward: -0.014017033471241858
[2024-04-25 12:51:29,253][root][INFO] - --------------- Start iteration i=24 ---------------
[2024-04-25 12:51:29,253][root][INFO] - Length of data.x: 25
[2024-04-25 12:51:29,253][root][INFO] - Length of data.y: 25
[2024-04-25 12:51:29,355][root][INFO] - x: [-0.0180113   0.03943521 -0.04295943]
[2024-04-25 12:51:29,355][root][INFO] - y: [ 0.00414087 -0.00691291]
[2024-04-25 12:51:29,355][root][INFO] - Reward: -0.008675462695336702
[2024-04-25 12:51:29,356][root][INFO] - --------------- Start iteration i=25 ---------------
[2024-04-25 12:51:29,356][root][INFO] - Length of data.x: 26
[2024-04-25 12:51:29,357][root][INFO] - Length of data.y: 26
[2024-04-25 12:51:56,426][root][INFO] - Eval Returns: [-1841.73349578  -124.90980134 -1570.06145096 -1904.65974972
  -130.6615057 ]
[2024-04-25 12:51:56,470][root][INFO] - Eval Returns: mean=-1114.405 std=813.386
[2024-04-25 12:51:56,470][root][INFO] - Eval ndata: 26.000
[2024-04-25 12:51:56,470][root][INFO] - Model MSE (current real MPC): 0.167
[2024-04-25 12:51:56,964][root][INFO] - Model MSE (random test set): 0.005
[2024-04-25 12:51:56,964][root][INFO] - Model MSE (GT MPC): 0.002
[2024-04-25 12:51:56,964][root][INFO] - Model Likelihood (random test set): -1.867
[2024-04-25 12:51:56,964][root][INFO] - Model Likelihood (GT MPC): -1.850
[2024-04-25 12:51:56,964][root][INFO] - *[TIME] [Evaluate the current MPC policy] Elapsed: 27.51 seconds
[2024-04-25 12:52:00,223][root][INFO] - x: [-0.01387043  0.0325223   0.02390031]
[2024-04-25 12:52:00,223][root][INFO] - y: [ 0.00373501 -0.00318762]
[2024-04-25 12:52:00,223][root][INFO] - Reward: -0.006523505257687706
[2024-04-25 12:52:01,821][root][INFO] - --------------- Start iteration i=26 ---------------
[2024-04-25 12:52:01,821][root][INFO] - Length of data.x: 27
[2024-04-25 12:52:01,821][root][INFO] - Length of data.y: 27
[2024-04-25 12:52:01,925][root][INFO] - x: [-0.01013542  0.02933467 -0.0597318 ]
[2024-04-25 12:52:01,926][root][INFO] - y: [ 0.00306979 -0.00522457]
[2024-04-25 12:52:01,926][root][INFO] - Reward: -0.00422729504615674
[2024-04-25 12:52:01,927][root][INFO] - --------------- Start iteration i=27 ---------------
[2024-04-25 12:52:01,927][root][INFO] - Length of data.x: 28
[2024-04-25 12:52:01,927][root][INFO] - Length of data.y: 28
[2024-04-25 12:52:02,033][root][INFO] - x: [-0.00706563  0.02411011 -0.10841578]
[2024-04-25 12:52:02,034][root][INFO] - y: [ 0.00228721 -0.00614642]
[2024-04-25 12:52:02,034][root][INFO] - Reward: -0.002337613152469628
[2024-04-25 12:52:02,035][root][INFO] - --------------- Start iteration i=28 ---------------
[2024-04-25 12:52:02,035][root][INFO] - Length of data.x: 29
[2024-04-25 12:52:02,035][root][INFO] - Length of data.y: 29
[2024-04-25 12:52:02,141][root][INFO] - x: [-0.00477842  0.01796368 -0.20309977]
[2024-04-25 12:52:02,141][root][INFO] - y: [ 0.00113829 -0.00902355]
[2024-04-25 12:52:02,142][root][INFO] - Reward: -0.0008073020907645883
[2024-04-25 12:52:02,143][root][INFO] - --------------- Start iteration i=29 ---------------
[2024-04-25 12:52:02,143][root][INFO] - Length of data.x: 30
[2024-04-25 12:52:02,143][root][INFO] - Length of data.y: 30
[2024-04-25 12:52:02,248][root][INFO] - x: [-0.00364013  0.00894013  0.25904754]
[2024-04-25 12:52:02,249][root][INFO] - y: [0.00223865 0.0086422 ]
[2024-04-25 12:52:02,249][root][INFO] - Reward: -0.002266293886482485
[2024-04-25 12:52:02,251][root][INFO] - --------------- Start iteration i=30 ---------------
[2024-04-25 12:52:02,251][root][INFO] - Length of data.x: 31
[2024-04-25 12:52:02,251][root][INFO] - Length of data.y: 31
[2024-04-25 12:52:30,880][root][INFO] - Eval Returns: [   -3.41688261 -1826.19864971 -1894.71708821 -1753.14783589
 -1463.88677896]
[2024-04-25 12:52:30,921][root][INFO] - Eval Returns: mean=-1388.273 std=707.805
[2024-04-25 12:52:30,921][root][INFO] - Eval ndata: 31.000
[2024-04-25 12:52:30,921][root][INFO] - Model MSE (current real MPC): 0.177
[2024-04-25 12:52:31,405][root][INFO] - Model MSE (random test set): 0.005
[2024-04-25 12:52:31,405][root][INFO] - Model MSE (GT MPC): 0.002
[2024-04-25 12:52:31,405][root][INFO] - Model Likelihood (random test set): -1.868
[2024-04-25 12:52:31,405][root][INFO] - Model Likelihood (GT MPC): -1.850
[2024-04-25 12:52:31,405][root][INFO] - *[TIME] [Evaluate the current MPC policy] Elapsed: 29.05 seconds
[2024-04-25 12:52:35,564][root][INFO] - x: [-0.00140148  0.01758233  0.32835797]
[2024-04-25 12:52:35,564][root][INFO] - y: [0.00375389 0.01190066]
[2024-04-25 12:52:35,564][root][INFO] - Reward: -0.00604907140928573
[2024-04-25 12:52:37,108][root][INFO] - --------------- Start iteration i=31 ---------------
[2024-04-25 12:52:37,108][root][INFO] - Length of data.x: 32
[2024-04-25 12:52:37,108][root][INFO] - Length of data.y: 32
[2024-04-25 12:52:37,210][root][INFO] - x: [ 0.00235241  0.02948299 -0.14798034]
[2024-04-25 12:52:37,210][root][INFO] - y: [ 0.00313555 -0.00485643]
[2024-04-25 12:52:37,211][root][INFO] - Reward: -0.004266235792814269
[2024-04-25 12:52:37,212][root][INFO] - --------------- Start iteration i=32 ---------------
[2024-04-25 12:52:37,212][root][INFO] - Length of data.x: 33
[2024-04-25 12:52:37,212][root][INFO] - Length of data.y: 33
[2024-04-25 12:52:37,313][root][INFO] - x: [ 0.00548796  0.02462656 -0.44547117]
[2024-04-25 12:52:37,313][root][INFO] - y: [ 0.00121437 -0.01508891]
[2024-04-25 12:52:37,313][root][INFO] - Reward: -0.0018193215518092375
[2024-04-25 12:52:37,314][root][INFO] - --------------- Start iteration i=33 ---------------
[2024-04-25 12:52:37,315][root][INFO] - Length of data.x: 34
[2024-04-25 12:52:37,315][root][INFO] - Length of data.y: 34
[2024-04-25 12:52:37,416][root][INFO] - x: [0.00670234 0.00953765 0.10676846]
[2024-04-25 12:52:37,416][root][INFO] - y: [0.00197547 0.00597767]
[2024-04-25 12:52:37,416][root][INFO] - Reward: -0.00232946450415873
[2024-04-25 12:52:37,418][root][INFO] - --------------- Start iteration i=34 ---------------
[2024-04-25 12:52:37,418][root][INFO] - Length of data.x: 35
[2024-04-25 12:52:37,418][root][INFO] - Length of data.y: 35
[2024-04-25 12:52:37,519][root][INFO] - x: [ 0.00867781  0.01551533 -0.14552241]
[2024-04-25 12:52:37,520][root][INFO] - y: [ 0.00160603 -0.00290158]
[2024-04-25 12:52:37,520][root][INFO] - Reward: -0.002146772543842095
[2024-04-25 12:52:37,521][root][INFO] - --------------- Start iteration i=35 ---------------
[2024-04-25 12:52:37,521][root][INFO] - Length of data.x: 36
[2024-04-25 12:52:37,521][root][INFO] - Length of data.y: 36
[2024-04-25 12:53:13,259][root][INFO] - Eval Returns: [-1746.16356544 -1764.40784155 -1830.23687763    -2.18795265
  -127.06495968]
[2024-04-25 12:53:13,297][root][INFO] - Eval Returns: mean=-1094.012 std=841.882
[2024-04-25 12:53:13,297][root][INFO] - Eval ndata: 36.000
[2024-04-25 12:53:13,297][root][INFO] - Model MSE (current real MPC): 0.142
[2024-04-25 12:53:13,772][root][INFO] - Model MSE (random test set): 0.005
[2024-04-25 12:53:13,772][root][INFO] - Model MSE (GT MPC): 0.002
[2024-04-25 12:53:13,772][root][INFO] - Model Likelihood (random test set): -1.868
[2024-04-25 12:53:13,772][root][INFO] - Model Likelihood (GT MPC): -1.850
[2024-04-25 12:53:13,773][root][INFO] - *[TIME] [Evaluate the current MPC policy] Elapsed: 36.15 seconds
[2024-04-25 12:53:17,720][root][INFO] - x: [ 0.01028384  0.01261374 -0.13655071]
[2024-04-25 12:53:17,720][root][INFO] - y: [ 0.00133963 -0.00209234]
[2024-04-25 12:53:17,720][root][INFO] - Reward: -0.002116497423420118
[2024-04-25 12:53:19,863][root][INFO] - --------------- Start iteration i=36 ---------------
[2024-04-25 12:53:19,863][root][INFO] - Length of data.x: 37
[2024-04-25 12:53:19,863][root][INFO] - Length of data.y: 37
[2024-04-25 12:53:19,972][root][INFO] - x: [ 0.01162347  0.01052141 -0.27009212]
[2024-04-25 12:53:19,973][root][INFO] - y: [ 0.00048582 -0.00670582]
[2024-04-25 12:53:19,973][root][INFO] - Reward: -0.0018322016010176565
[2024-04-25 12:53:19,975][root][INFO] - --------------- Start iteration i=37 ---------------
[2024-04-25 12:53:19,975][root][INFO] - Length of data.x: 38
[2024-04-25 12:53:19,975][root][INFO] - Length of data.y: 38
[2024-04-25 12:53:20,082][root][INFO] - x: [ 0.01210928  0.00381559 -0.24069804]
[2024-04-25 12:53:20,082][root][INFO] - y: [-0.00020944 -0.00546056]
[2024-04-25 12:53:20,082][root][INFO] - Reward: -0.0016466570431331526
[2024-04-25 12:53:20,083][root][INFO] - --------------- Start iteration i=38 ---------------
[2024-04-25 12:53:20,083][root][INFO] - Length of data.x: 39
[2024-04-25 12:53:20,083][root][INFO] - Length of data.y: 39
[2024-04-25 12:53:20,190][root][INFO] - x: [ 0.01189984 -0.00164497  0.15298481]
[2024-04-25 12:53:20,190][root][INFO] - y: [0.00096714 0.00924091]
[2024-04-25 12:53:20,190][root][INFO] - Reward: -0.0020968903746196024
[2024-04-25 12:53:20,192][root][INFO] - --------------- Start iteration i=39 ---------------
[2024-04-25 12:53:20,192][root][INFO] - Length of data.x: 40
[2024-04-25 12:53:20,192][root][INFO] - Length of data.y: 40
[2024-04-25 12:53:20,302][root][INFO] - x: [ 0.01286698  0.00759593 -0.43092712]
[2024-04-25 12:53:20,302][root][INFO] - y: [-0.000608   -0.01237116]
[2024-04-25 12:53:20,302][root][INFO] - Reward: -0.0023719609201592502
[2024-04-25 12:53:20,304][root][INFO] - --------------- Start iteration i=40 ---------------
[2024-04-25 12:53:20,304][root][INFO] - Length of data.x: 41
[2024-04-25 12:53:20,304][root][INFO] - Length of data.y: 41
[2024-04-25 12:53:59,478][root][INFO] - Eval Returns: [-1.41502044e+00 -2.51815206e+02 -1.45956055e+03 -3.73554425e+02
 -1.76335789e+03]
[2024-04-25 12:53:59,526][root][INFO] - Eval Returns: mean=-769.941 std=704.083
[2024-04-25 12:53:59,526][root][INFO] - Eval ndata: 41.000
[2024-04-25 12:53:59,526][root][INFO] - Model MSE (current real MPC): 0.124
[2024-04-25 12:54:00,122][root][INFO] - Model MSE (random test set): 0.005
[2024-04-25 12:54:00,122][root][INFO] - Model MSE (GT MPC): 0.002
[2024-04-25 12:54:00,122][root][INFO] - Model Likelihood (random test set): -1.868
[2024-04-25 12:54:00,122][root][INFO] - Model Likelihood (GT MPC): -1.851
[2024-04-25 12:54:00,123][root][INFO] - *[TIME] [Evaluate the current MPC policy] Elapsed: 39.71 seconds
[2024-04-25 12:54:03,999][root][INFO] - x: [ 0.01225898 -0.00477523  0.00538899]
[2024-04-25 12:54:03,999][root][INFO] - y: [-0.00012267  0.00381176]
[2024-04-25 12:54:03,999][root][INFO] - Reward: -0.0014597514927547925
[2024-04-25 12:54:05,937][root][INFO] - --------------- Start iteration i=41 ---------------
[2024-04-25 12:54:05,937][root][INFO] - Length of data.x: 42
[2024-04-25 12:54:05,938][root][INFO] - Length of data.y: 42
[2024-04-25 12:54:06,049][root][INFO] - x: [ 0.01213631 -0.00096346 -0.22355989]
[2024-04-25 12:54:06,050][root][INFO] - y: [-0.00073509 -0.00480992]
[2024-04-25 12:54:06,050][root][INFO] - Reward: -0.0016961692667589398
[2024-04-25 12:54:06,051][root][INFO] - --------------- Start iteration i=42 ---------------
[2024-04-25 12:54:06,052][root][INFO] - Length of data.x: 43
[2024-04-25 12:54:06,052][root][INFO] - Length of data.y: 43
[2024-04-25 12:54:06,161][root][INFO] - x: [ 0.01140122 -0.00577339 -0.23147266]
[2024-04-25 12:54:06,162][root][INFO] - y: [-0.00141284 -0.00532301]
[2024-04-25 12:54:06,162][root][INFO] - Reward: -0.001987018677074715
[2024-04-25 12:54:06,163][root][INFO] - --------------- Start iteration i=43 ---------------
[2024-04-25 12:54:06,164][root][INFO] - Length of data.x: 44
[2024-04-25 12:54:06,164][root][INFO] - Length of data.y: 44
[2024-04-25 12:54:06,273][root][INFO] - x: [ 0.00998838 -0.01109639  0.12397519]
[2024-04-25 12:54:06,273][root][INFO] - y: [-0.0004464   0.00759041]
[2024-04-25 12:54:06,274][root][INFO] - Reward: -0.0010387706547076582
[2024-04-25 12:54:06,275][root][INFO] - --------------- Start iteration i=44 ---------------
[2024-04-25 12:54:06,275][root][INFO] - Length of data.x: 45
[2024-04-25 12:54:06,276][root][INFO] - Length of data.y: 45
[2024-04-25 12:54:06,385][root][INFO] - x: [ 0.00954199 -0.00350598 -0.28873491]
[2024-04-25 12:54:06,386][root][INFO] - y: [-0.00146723 -0.00801763]
[2024-04-25 12:54:06,386][root][INFO] - Reward: -0.0018268660399832748
[2024-04-25 12:54:06,388][root][INFO] - --------------- Start iteration i=45 ---------------
[2024-04-25 12:54:06,388][root][INFO] - Length of data.x: 46
[2024-04-25 12:54:06,388][root][INFO] - Length of data.y: 46
[2024-04-25 12:54:38,103][root][INFO] - Eval Returns: [-1736.79822242 -1784.18175487  -127.94184529  -125.96242499
  -374.0211432 ]
[2024-04-25 12:54:38,144][root][INFO] - Eval Returns: mean=-829.781 std=765.404
[2024-04-25 12:54:38,144][root][INFO] - Eval ndata: 46.000
[2024-04-25 12:54:38,144][root][INFO] - Model MSE (current real MPC): 0.115
[2024-04-25 12:54:38,703][root][INFO] - Model MSE (random test set): 0.005
[2024-04-25 12:54:38,703][root][INFO] - Model MSE (GT MPC): 0.002
[2024-04-25 12:54:38,703][root][INFO] - Model Likelihood (random test set): -1.869
[2024-04-25 12:54:38,703][root][INFO] - Model Likelihood (GT MPC): -1.851
[2024-04-25 12:54:38,703][root][INFO] - *[TIME] [Evaluate the current MPC policy] Elapsed: 32.21 seconds
[2024-04-25 12:54:43,333][root][INFO] - x: [ 0.00807476 -0.01152362 -0.37270801]
[2024-04-25 12:54:43,334][root][INFO] - y: [-0.00294401 -0.01159859]
[2024-04-25 12:54:43,334][root][INFO] - Reward: -0.004237131816502506
[2024-04-25 12:54:45,483][root][INFO] - --------------- Start iteration i=46 ---------------
[2024-04-25 12:54:45,483][root][INFO] - Length of data.x: 47
[2024-04-25 12:54:45,483][root][INFO] - Length of data.y: 47
[2024-04-25 12:54:45,592][root][INFO] - x: [ 0.00513075 -0.02312221  0.10773258]
[2024-04-25 12:54:45,593][root][INFO] - y: [-0.00223723  0.00555104]
[2024-04-25 12:54:45,593][root][INFO] - Reward: -0.0021050330055182127
[2024-04-25 12:54:45,595][root][INFO] - --------------- Start iteration i=47 ---------------
[2024-04-25 12:54:45,595][root][INFO] - Length of data.x: 48
[2024-04-25 12:54:45,595][root][INFO] - Length of data.y: 48
[2024-04-25 12:54:45,705][root][INFO] - x: [ 0.00289351 -0.01757117  0.10456707]
[2024-04-25 12:54:45,705][root][INFO] - y: [-0.00162945  0.00477346]
[2024-04-25 12:54:45,706][root][INFO] - Reward: -0.0011077080027993116
[2024-04-25 12:54:45,707][root][INFO] - --------------- Start iteration i=48 ---------------
[2024-04-25 12:54:45,707][root][INFO] - Length of data.x: 49
[2024-04-25 12:54:45,707][root][INFO] - Length of data.y: 49
[2024-04-25 12:54:45,817][root][INFO] - x: [ 0.00126406 -0.01279771 -0.07608754]
[2024-04-25 12:54:45,817][root][INFO] - y: [-0.00194534 -0.00248099]
[2024-04-25 12:54:45,818][root][INFO] - Reward: -0.0015217452852453108
[2024-04-25 12:54:45,820][root][INFO] - --------------- Start iteration i=49 ---------------
[2024-04-25 12:54:45,820][root][INFO] - Length of data.x: 50
[2024-04-25 12:54:45,820][root][INFO] - Length of data.y: 50
[2024-04-25 12:54:45,930][root][INFO] - x: [-0.00068129 -0.0152787  -0.26182056]
[2024-04-25 12:54:45,930][root][INFO] - y: [-0.00322099 -0.01001893]
[2024-04-25 12:54:45,930][root][INFO] - Reward: -0.004520298679426135
[2024-04-25 12:54:45,932][root][INFO] - --------------- Start iteration i=50 ---------------
[2024-04-25 12:54:45,933][root][INFO] - Length of data.x: 51
[2024-04-25 12:54:45,933][root][INFO] - Length of data.y: 51
[2024-04-25 12:55:15,920][root][INFO] - Eval Returns: [ -128.60288958 -1723.13138323  -606.53374217  -128.05594457
 -1192.79044701]
[2024-04-25 12:55:15,962][root][INFO] - Eval Returns: mean=-755.823 std=622.320
[2024-04-25 12:55:15,962][root][INFO] - Eval ndata: 51.000
[2024-04-25 12:55:15,962][root][INFO] - Model MSE (current real MPC): 0.119
[2024-04-25 12:55:16,466][root][INFO] - Model MSE (random test set): 0.005
[2024-04-25 12:55:16,467][root][INFO] - Model MSE (GT MPC): 0.002
[2024-04-25 12:55:16,467][root][INFO] - Model Likelihood (random test set): -1.868
[2024-04-25 12:55:16,467][root][INFO] - Model Likelihood (GT MPC): -1.851
[2024-04-25 12:55:16,467][root][INFO] - *[TIME] [Evaluate the current MPC policy] Elapsed: 30.42 seconds
[2024-04-25 12:55:20,442][root][INFO] - x: [-0.00390228 -0.02529762  0.41047214]
[2024-04-25 12:55:20,442][root][INFO] - y: [-0.00140747  0.01424342]
[2024-04-25 12:55:20,442][root][INFO] - Reward: -0.0017342579854164129
[2024-04-25 12:55:22,485][root][INFO] - --------------- Start iteration i=51 ---------------
[2024-04-25 12:55:22,485][root][INFO] - Length of data.x: 52
[2024-04-25 12:55:22,485][root][INFO] - Length of data.y: 52
[2024-04-25 12:55:22,595][root][INFO] - x: [-0.00530974 -0.01105421  0.46154642]
[2024-04-25 12:55:22,595][root][INFO] - y: [0.00059715 0.01574421]
[2024-04-25 12:55:22,596][root][INFO] - Reward: -0.0012120654356954984
[2024-04-25 12:55:22,598][root][INFO] - --------------- Start iteration i=52 ---------------
[2024-04-25 12:55:22,598][root][INFO] - Length of data.x: 53
[2024-04-25 12:55:22,598][root][INFO] - Length of data.y: 53
[2024-04-25 12:55:22,708][root][INFO] - x: [-0.00471259  0.00469001 -0.04755808]
[2024-04-25 12:55:22,708][root][INFO] - y: [ 0.00019336 -0.00317135]
[2024-04-25 12:55:22,708][root][INFO] - Reward: -0.00022537899080163492
[2024-04-25 12:55:22,710][root][INFO] - --------------- Start iteration i=53 ---------------
[2024-04-25 12:55:22,710][root][INFO] - Length of data.x: 54
[2024-04-25 12:55:22,710][root][INFO] - Length of data.y: 54
[2024-04-25 12:55:22,813][root][INFO] - x: [-0.00451923  0.00151866  0.0960824 ]
[2024-04-25 12:55:22,813][root][INFO] - y: [0.00048266 0.00227211]
[2024-04-25 12:55:22,813][root][INFO] - Reward: -0.0002897096808566324
[2024-04-25 12:55:22,815][root][INFO] - --------------- Start iteration i=54 ---------------
[2024-04-25 12:55:22,815][root][INFO] - Length of data.x: 55
[2024-04-25 12:55:22,815][root][INFO] - Length of data.y: 55
[2024-04-25 12:55:22,928][root][INFO] - x: [-0.00403658  0.00379077  0.04916619]
[2024-04-25 12:55:22,929][root][INFO] - y: [0.00056604 0.00065489]
[2024-04-25 12:55:22,929][root][INFO] - Reward: -0.0002550340508596586
[2024-04-25 12:55:22,931][root][INFO] - --------------- Start iteration i=55 ---------------
[2024-04-25 12:55:22,931][root][INFO] - Length of data.x: 56
[2024-04-25 12:55:22,931][root][INFO] - Length of data.y: 56
[2024-04-25 12:55:57,516][root][INFO] - Eval Returns: [-1658.90869955 -1459.21792068 -1664.47199293 -1866.93035905
  -128.90414706]
[2024-04-25 12:55:57,561][root][INFO] - Eval Returns: mean=-1355.687 std=626.798
[2024-04-25 12:55:57,561][root][INFO] - Eval ndata: 56.000
[2024-04-25 12:55:57,561][root][INFO] - Model MSE (current real MPC): 0.181
[2024-04-25 12:55:58,151][root][INFO] - Model MSE (random test set): 0.005
[2024-04-25 12:55:58,151][root][INFO] - Model MSE (GT MPC): 0.002
[2024-04-25 12:55:58,151][root][INFO] - Model Likelihood (random test set): -1.868
[2024-04-25 12:55:58,151][root][INFO] - Model Likelihood (GT MPC): -1.851
[2024-04-25 12:55:58,152][root][INFO] - *[TIME] [Evaluate the current MPC policy] Elapsed: 35.11 seconds
[2024-04-25 12:56:01,252][root][INFO] - x: [-0.00347054  0.00444566  0.36514223]
[2024-04-25 12:56:01,253][root][INFO] - y: [0.00217932 0.0126707 ]
[2024-04-25 12:56:01,253][root][INFO] - Reward: -0.0024247768547724334
[2024-04-25 12:56:02,830][root][INFO] - --------------- Start iteration i=56 ---------------
[2024-04-25 12:56:02,830][root][INFO] - Length of data.x: 57
[2024-04-25 12:56:02,830][root][INFO] - Length of data.y: 57
[2024-04-25 12:56:02,952][root][INFO] - x: [-0.00129121  0.01711636 -0.1353104 ]
[2024-04-25 12:56:02,953][root][INFO] - y: [ 0.00148484 -0.00545443]
[2024-04-25 12:56:02,953][root][INFO] - Reward: -0.0009440091022408112
[2024-04-25 12:56:02,955][root][INFO] - --------------- Start iteration i=57 ---------------
[2024-04-25 12:56:02,955][root][INFO] - Length of data.x: 58
[2024-04-25 12:56:02,955][root][INFO] - Length of data.y: 58
[2024-04-25 12:56:03,071][root][INFO] - x: [ 0.00019363  0.01166193 -0.12615786]
[2024-04-25 12:56:03,072][root][INFO] - y: [ 0.00088974 -0.00467389]
[2024-04-25 12:56:03,072][root][INFO] - Reward: -0.0003877760362465292
[2024-04-25 12:56:03,074][root][INFO] - --------------- Start iteration i=58 ---------------
[2024-04-25 12:56:03,074][root][INFO] - Length of data.x: 59
[2024-04-25 12:56:03,074][root][INFO] - Length of data.y: 59
[2024-04-25 12:56:03,184][root][INFO] - x: [ 0.00108337  0.00698804 -0.17750604]
[2024-04-25 12:56:03,185][root][INFO] - y: [ 8.28417996e-05 -6.33739741e-03]
[2024-04-25 12:56:03,185][root][INFO] - Reward: -0.00014216610637654315
[2024-04-25 12:56:03,187][root][INFO] - --------------- Start iteration i=59 ---------------
[2024-04-25 12:56:03,187][root][INFO] - Length of data.x: 60
[2024-04-25 12:56:03,187][root][INFO] - Length of data.y: 60
[2024-04-25 12:56:03,294][root][INFO] - x: [0.00116621 0.00065064 0.26948722]
[2024-04-25 12:56:03,295][root][INFO] - y: [0.00141328 0.01044925]
[2024-04-25 12:56:03,295][root][INFO] - Reward: -0.0011446916775648608
[2024-04-25 12:56:03,296][root][INFO] - --------------- Start iteration i=60 ---------------
[2024-04-25 12:56:03,297][root][INFO] - Length of data.x: 61
[2024-04-25 12:56:03,297][root][INFO] - Length of data.y: 61
[2024-04-25 12:56:37,100][root][INFO] - Eval Returns: [-1.78678922e+03 -1.88413675e+03 -1.05968141e+00 -2.69852264e+00
 -1.62054419e+03]
[2024-04-25 12:56:37,138][root][INFO] - Eval Returns: mean=-1059.046 std=867.280
[2024-04-25 12:56:37,139][root][INFO] - Eval ndata: 61.000
[2024-04-25 12:56:37,139][root][INFO] - Model MSE (current real MPC): 0.119
[2024-04-25 12:56:37,628][root][INFO] - Model MSE (random test set): 0.005
[2024-04-25 12:56:37,628][root][INFO] - Model MSE (GT MPC): 0.002
[2024-04-25 12:56:37,628][root][INFO] - Model Likelihood (random test set): -1.868
[2024-04-25 12:56:37,628][root][INFO] - Model Likelihood (GT MPC): -1.851
[2024-04-25 12:56:37,628][root][INFO] - *[TIME] [Evaluate the current MPC policy] Elapsed: 34.22 seconds
[2024-04-25 12:56:41,167][root][INFO] - x: [ 0.0025795   0.01109989 -0.22732303]
[2024-04-25 12:56:41,168][root][INFO] - y: [ 0.00042462 -0.0077649 ]
[2024-04-25 12:56:41,168][root][INFO] - Reward: -0.0003669553885146879
[2024-04-25 12:56:42,788][root][INFO] - --------------- Start iteration i=61 ---------------
[2024-04-25 12:56:42,788][root][INFO] - Length of data.x: 62
[2024-04-25 12:56:42,788][root][INFO] - Length of data.y: 62
[2024-04-25 12:56:42,911][root][INFO] - x: [0.00300412 0.00333499 0.04204777]
[2024-04-25 12:56:42,912][root][INFO] - y: [0.00073804 0.00246156]
[2024-04-25 12:56:42,912][root][INFO] - Reward: -0.00036032385107013945
[2024-04-25 12:56:42,913][root][INFO] - --------------- Start iteration i=62 ---------------
[2024-04-25 12:56:42,914][root][INFO] - Length of data.x: 63
[2024-04-25 12:56:42,914][root][INFO] - Length of data.y: 63
[2024-04-25 12:56:43,033][root][INFO] - x: [ 0.00374216  0.00579655 -0.10787495]
[2024-04-25 12:56:43,034][root][INFO] - y: [ 0.0003633  -0.00294318]
[2024-04-25 12:56:43,034][root][INFO] - Reward: -0.00026500566977703983
[2024-04-25 12:56:43,036][root][INFO] - --------------- Start iteration i=63 ---------------
[2024-04-25 12:56:43,036][root][INFO] - Length of data.x: 64
[2024-04-25 12:56:43,036][root][INFO] - Length of data.y: 64
[2024-04-25 12:56:43,151][root][INFO] - x: [ 0.00410546  0.00285337 -0.61879247]
[2024-04-25 12:56:43,151][root][INFO] - y: [-0.00243726 -0.02199559]
[2024-04-25 12:56:43,152][root][INFO] - Reward: -0.0039041993191272694
[2024-04-25 12:56:43,154][root][INFO] - --------------- Start iteration i=64 ---------------
[2024-04-25 12:56:43,154][root][INFO] - Length of data.x: 65
[2024-04-25 12:56:43,154][root][INFO] - Length of data.y: 65
[2024-04-25 12:56:43,267][root][INFO] - x: [ 0.0016682  -0.01914222 -0.00536653]
[2024-04-25 12:56:43,268][root][INFO] - y: [-0.00240033  0.00029008]
[2024-04-25 12:56:43,268][root][INFO] - Reward: -0.002279985673706005
[2024-04-25 12:56:43,270][root][INFO] - --------------- Start iteration i=65 ---------------
[2024-04-25 12:56:43,270][root][INFO] - Length of data.x: 66
[2024-04-25 12:56:43,270][root][INFO] - Length of data.y: 66
[2024-04-25 12:57:20,193][root][INFO] - Eval Returns: [-1913.46527865  -127.96301557  -250.8376566  -1340.186504
  -128.20431683]
[2024-04-25 12:57:20,240][root][INFO] - Eval Returns: mean=-752.131 std=738.197
[2024-04-25 12:57:20,240][root][INFO] - Eval ndata: 66.000
[2024-04-25 12:57:20,241][root][INFO] - Model MSE (current real MPC): 0.079
[2024-04-25 12:57:20,849][root][INFO] - Model MSE (random test set): 0.005
[2024-04-25 12:57:20,849][root][INFO] - Model MSE (GT MPC): 0.002
[2024-04-25 12:57:20,849][root][INFO] - Model Likelihood (random test set): -1.868
[2024-04-25 12:57:20,849][root][INFO] - Model Likelihood (GT MPC): -1.850
[2024-04-25 12:57:20,849][root][INFO] - *[TIME] [Evaluate the current MPC policy] Elapsed: 37.46 seconds
[2024-04-25 12:57:24,055][root][INFO] - x: [-0.00073213 -0.01885214  0.32959372]
[2024-04-25 12:57:24,055][root][INFO] - y: [-0.00085409  0.01214413]
[2024-04-25 12:57:24,055][root][INFO] - Reward: -0.0007473437608014629
[2024-04-25 12:57:25,690][root][INFO] - --------------- Start iteration i=66 ---------------
[2024-04-25 12:57:25,690][root][INFO] - Length of data.x: 67
[2024-04-25 12:57:25,690][root][INFO] - Length of data.y: 67
[2024-04-25 12:57:25,806][root][INFO] - x: [-0.00158622 -0.006708    0.25841876]
[2024-04-25 12:57:25,807][root][INFO] - y: [0.00032029 0.00922353]
[2024-04-25 12:57:25,807][root][INFO] - Reward: -0.00032343609762910806
[2024-04-25 12:57:25,809][root][INFO] - --------------- Start iteration i=67 ---------------
[2024-04-25 12:57:25,809][root][INFO] - Length of data.x: 68
[2024-04-25 12:57:25,809][root][INFO] - Length of data.y: 68
[2024-04-25 12:57:25,925][root][INFO] - x: [-0.00126593  0.00251552  0.24479169]
[2024-04-25 12:57:25,926][root][INFO] - y: [0.00144161 0.00880684]
[2024-04-25 12:57:25,926][root][INFO] - Reward: -0.0010604501951326014
[2024-04-25 12:57:25,928][root][INFO] - --------------- Start iteration i=68 ---------------
[2024-04-25 12:57:25,928][root][INFO] - Length of data.x: 69
[2024-04-25 12:57:25,928][root][INFO] - Length of data.y: 69
[2024-04-25 12:57:26,045][root][INFO] - x: [ 1.75675599e-04  1.13223624e-02 -3.10535124e-01]
[2024-04-25 12:57:26,045][root][INFO] - y: [-3.45002013e-05 -1.15933264e-02]
[2024-04-25 12:57:26,046][root][INFO] - Reward: -0.00038639485564528843
[2024-04-25 12:57:26,047][root][INFO] - --------------- Start iteration i=69 ---------------
[2024-04-25 12:57:26,048][root][INFO] - Length of data.x: 70
[2024-04-25 12:57:26,048][root][INFO] - Length of data.y: 70
[2024-04-25 12:57:26,167][root][INFO] - x: [ 0.00014118 -0.00027096  0.08829361]
[2024-04-25 12:57:26,168][root][INFO] - y: [0.00039236 0.00335259]
[2024-04-25 12:57:26,168][root][INFO] - Reward: -9.476966951704459e-05
[2024-04-25 12:57:26,170][root][INFO] - --------------- Start iteration i=70 ---------------
[2024-04-25 12:57:26,170][root][INFO] - Length of data.x: 71
[2024-04-25 12:57:26,170][root][INFO] - Length of data.y: 71
[2024-04-25 12:58:03,819][root][INFO] - Eval Returns: [-1818.60559201  -249.92730754 -1812.18677649  -247.56661382
  -124.37312223]
[2024-04-25 12:58:03,865][root][INFO] - Eval Returns: mean=-850.532 std=789.119
[2024-04-25 12:58:03,866][root][INFO] - Eval ndata: 71.000
[2024-04-25 12:58:03,866][root][INFO] - Model MSE (current real MPC): 0.085
[2024-04-25 12:58:04,468][root][INFO] - Model MSE (random test set): 0.005
[2024-04-25 12:58:04,468][root][INFO] - Model MSE (GT MPC): 0.002
[2024-04-25 12:58:04,468][root][INFO] - Model Likelihood (random test set): -1.868
[2024-04-25 12:58:04,468][root][INFO] - Model Likelihood (GT MPC): -1.850
[2024-04-25 12:58:04,468][root][INFO] - *[TIME] [Evaluate the current MPC policy] Elapsed: 38.18 seconds
[2024-04-25 12:58:07,509][root][INFO] - x: [0.00053354 0.00308163 0.13733476]
[2024-04-25 12:58:07,510][root][INFO] - y: [0.0010681  0.00530719]
[2024-04-25 12:58:07,510][root][INFO] - Reward: -0.0005511440123570781
[2024-04-25 12:58:09,094][root][INFO] - --------------- Start iteration i=71 ---------------
[2024-04-25 12:58:09,094][root][INFO] - Length of data.x: 72
[2024-04-25 12:58:09,094][root][INFO] - Length of data.y: 72
[2024-04-25 12:58:09,208][root][INFO] - x: [ 0.00160164  0.00838882 -0.10646525]
[2024-04-25 12:58:09,208][root][INFO] - y: [ 0.00061982 -0.00352073]
[2024-04-25 12:58:09,209][root][INFO] - Reward: -0.00024571415439422317
[2024-04-25 12:58:09,210][root][INFO] - --------------- Start iteration i=72 ---------------
[2024-04-25 12:58:09,211][root][INFO] - Length of data.x: 73
[2024-04-25 12:58:09,211][root][INFO] - Length of data.y: 73
[2024-04-25 12:58:09,325][root][INFO] - x: [0.00222146 0.00486809 0.13112685]
[2024-04-25 12:58:09,325][root][INFO] - y: [0.00132921 0.00557153]
[2024-04-25 12:58:09,326][root][INFO] - Reward: -0.0008907141732882165
[2024-04-25 12:58:09,328][root][INFO] - --------------- Start iteration i=73 ---------------
[2024-04-25 12:58:09,328][root][INFO] - Length of data.x: 74
[2024-04-25 12:58:09,328][root][INFO] - Length of data.y: 74
[2024-04-25 12:58:09,442][root][INFO] - x: [ 0.00355068  0.01043962 -0.08377561]
[2024-04-25 12:58:09,443][root][INFO] - y: [ 0.00106236 -0.00209585]
[2024-04-25 12:58:09,443][root][INFO] - Reward: -0.0006836584318040916
[2024-04-25 12:58:09,445][root][INFO] - --------------- Start iteration i=74 ---------------
[2024-04-25 12:58:09,446][root][INFO] - Length of data.x: 75
[2024-04-25 12:58:09,446][root][INFO] - Length of data.y: 75
[2024-04-25 12:58:09,561][root][INFO] - x: [0.00461304 0.00834377 0.1391435 ]
[2024-04-25 12:58:09,561][root][INFO] - y: [0.00189971 0.00657649]
[2024-04-25 12:58:09,562][root][INFO] - Reward: -0.0019208014656912546
[2024-04-25 12:58:09,564][root][INFO] - --------------- Start iteration i=75 ---------------
[2024-04-25 12:58:09,564][root][INFO] - Length of data.x: 76
[2024-04-25 12:58:09,564][root][INFO] - Length of data.y: 76
[2024-04-25 12:58:50,428][root][INFO] - Eval Returns: [-1777.36995615  -251.66847522 -1871.17852195 -1873.01319867
 -1759.68996986]
[2024-04-25 12:58:50,466][root][INFO] - Eval Returns: mean=-1506.584 std=629.190
[2024-04-25 12:58:50,466][root][INFO] - Eval ndata: 76.000
[2024-04-25 12:58:50,467][root][INFO] - Model MSE (current real MPC): 0.132
[2024-04-25 12:58:50,960][root][INFO] - Model MSE (random test set): 0.005
[2024-04-25 12:58:50,960][root][INFO] - Model MSE (GT MPC): 0.002
[2024-04-25 12:58:50,960][root][INFO] - Model Likelihood (random test set): -1.868
[2024-04-25 12:58:50,960][root][INFO] - Model Likelihood (GT MPC): -1.850
[2024-04-25 12:58:50,960][root][INFO] - *[TIME] [Evaluate the current MPC policy] Elapsed: 41.28 seconds
[2024-04-25 12:58:54,343][root][INFO] - x: [ 0.00651274  0.01492026 -0.03097232]
[2024-04-25 12:58:54,343][root][INFO] - y: [0.00199604 0.00075657]
[2024-04-25 12:58:54,344][root][INFO] - Reward: -0.00229127185479994
[2024-04-25 12:58:56,143][root][INFO] - --------------- Start iteration i=76 ---------------
[2024-04-25 12:58:56,143][root][INFO] - Length of data.x: 77
[2024-04-25 12:58:56,143][root][INFO] - Length of data.y: 77
[2024-04-25 12:58:56,260][root][INFO] - x: [0.00850878 0.01567682 0.06316642]
[2024-04-25 12:58:56,261][root][INFO] - y: [0.00261667 0.00487448]
[2024-04-25 12:58:56,262][root][INFO] - Reward: -0.003940657629784315
[2024-04-25 12:58:56,264][root][INFO] - --------------- Start iteration i=77 ---------------
[2024-04-25 12:58:56,264][root][INFO] - Length of data.x: 78
[2024-04-25 12:58:56,264][root][INFO] - Length of data.y: 78
[2024-04-25 12:58:56,383][root][INFO] - x: [ 0.01112545  0.02055131 -0.52887607]
[2024-04-25 12:58:56,384][root][INFO] - y: [ 0.0005086 -0.0165568]
[2024-04-25 12:58:56,384][root][INFO] - Reward: -0.0025568204610857672
[2024-04-25 12:58:56,386][root][INFO] - --------------- Start iteration i=78 ---------------
[2024-04-25 12:58:56,387][root][INFO] - Length of data.x: 79
[2024-04-25 12:58:56,387][root][INFO] - Length of data.y: 79
[2024-04-25 12:58:56,505][root][INFO] - x: [ 0.01163405  0.00399451 -0.31551868]
[2024-04-25 12:58:56,505][root][INFO] - y: [-0.00056171 -0.0084062 ]
[2024-04-25 12:58:56,506][root][INFO] - Reward: -0.0017327518239622793
[2024-04-25 12:58:56,508][root][INFO] - --------------- Start iteration i=79 ---------------
[2024-04-25 12:58:56,508][root][INFO] - Length of data.x: 80
[2024-04-25 12:58:56,508][root][INFO] - Length of data.y: 80
[2024-04-25 12:58:56,626][root][INFO] - x: [ 0.01107233 -0.0044117  -0.17233917]
[2024-04-25 12:58:56,627][root][INFO] - y: [-0.00096944 -0.0032023 ]
[2024-04-25 12:58:56,627][root][INFO] - Reward: -0.0014972051778760955
[2024-04-25 12:58:56,629][root][INFO] - --------------- Start iteration i=80 ---------------
[2024-04-25 12:58:56,629][root][INFO] - Length of data.x: 81
[2024-04-25 12:58:56,630][root][INFO] - Length of data.y: 81
[2024-04-25 12:59:37,092][root][INFO] - Eval Returns: [-1761.66786112 -1802.49497709 -1840.42353495  -505.56886666
 -1699.74402253]
[2024-04-25 12:59:37,141][root][INFO] - Eval Returns: mean=-1521.980 std=510.340
[2024-04-25 12:59:37,141][root][INFO] - Eval ndata: 81.000
[2024-04-25 12:59:37,142][root][INFO] - Model MSE (current real MPC): 0.156
[2024-04-25 12:59:37,762][root][INFO] - Model MSE (random test set): 0.005
[2024-04-25 12:59:37,762][root][INFO] - Model MSE (GT MPC): 0.002
[2024-04-25 12:59:37,762][root][INFO] - Model Likelihood (random test set): -1.867
[2024-04-25 12:59:37,762][root][INFO] - Model Likelihood (GT MPC): -1.850
[2024-04-25 12:59:37,762][root][INFO] - *[TIME] [Evaluate the current MPC policy] Elapsed: 41.01 seconds
[2024-04-25 12:59:42,010][root][INFO] - x: [ 0.01010289 -0.007614   -0.20677477]
[2024-04-25 12:59:42,011][root][INFO] - y: [-0.00157793 -0.00477901]
[2024-04-25 12:59:42,011][root][INFO] - Reward: -0.0018712513764892087
[2024-04-25 12:59:43,953][root][INFO] - --------------- Start iteration i=81 ---------------
[2024-04-25 12:59:43,953][root][INFO] - Length of data.x: 82
[2024-04-25 12:59:43,953][root][INFO] - Length of data.y: 82
[2024-04-25 12:59:44,069][root][INFO] - x: [ 0.00852496 -0.01239301  0.01761135]
[2024-04-25 12:59:44,070][root][INFO] - y: [-0.00117419  0.00317093]
[2024-04-25 12:59:44,070][root][INFO] - Reward: -0.0010788319822128405
[2024-04-25 12:59:44,073][root][INFO] - --------------- Start iteration i=82 ---------------
[2024-04-25 12:59:44,073][root][INFO] - Length of data.x: 83
[2024-04-25 12:59:44,073][root][INFO] - Length of data.y: 83
[2024-04-25 12:59:44,190][root][INFO] - x: [ 0.00735077 -0.00922207  0.26617888]
[2024-04-25 12:59:44,190][root][INFO] - y: [0.00037235 0.0121465 ]
[2024-04-25 12:59:44,191][root][INFO] - Reward: -0.0009268276114939079
[2024-04-25 12:59:44,193][root][INFO] - --------------- Start iteration i=83 ---------------
[2024-04-25 12:59:44,193][root][INFO] - Length of data.x: 84
[2024-04-25 12:59:44,193][root][INFO] - Length of data.y: 84
[2024-04-25 12:59:44,310][root][INFO] - x: [0.00772312 0.00292442 0.05080224]
[2024-04-25 12:59:44,310][root][INFO] - y: [0.0009045  0.00417951]
[2024-04-25 12:59:44,310][root][INFO] - Reward: -0.0010679573457343062
[2024-04-25 12:59:44,313][root][INFO] - --------------- Start iteration i=84 ---------------
[2024-04-25 12:59:44,313][root][INFO] - Length of data.x: 85
[2024-04-25 12:59:44,313][root][INFO] - Length of data.y: 85
[2024-04-25 12:59:44,429][root][INFO] - x: [ 0.00862762  0.00710393 -0.34724914]
[2024-04-25 12:59:44,430][root][INFO] - y: [-0.00043    -0.01048111]
[2024-04-25 12:59:44,430][root][INFO] - Reward: -0.001218570097598141
[2024-04-25 12:59:44,432][root][INFO] - --------------- Start iteration i=85 ---------------
[2024-04-25 12:59:44,433][root][INFO] - Length of data.x: 86
[2024-04-25 12:59:44,433][root][INFO] - Length of data.y: 86
[2024-04-25 13:00:27,996][root][INFO] - Eval Returns: [ -250.74907033  -125.21149332  -248.93442315    -2.31430496
 -1609.26122688]
[2024-04-25 13:00:28,043][root][INFO] - Eval Returns: mean=-447.294 std=588.199
[2024-04-25 13:00:28,044][root][INFO] - Eval ndata: 86.000
[2024-04-25 13:00:28,046][root][INFO] - Model MSE (current real MPC): 0.069
[2024-04-25 13:00:28,671][root][INFO] - Model MSE (random test set): 0.005
[2024-04-25 13:00:28,671][root][INFO] - Model MSE (GT MPC): 0.002
[2024-04-25 13:00:28,671][root][INFO] - Model Likelihood (random test set): -1.867
[2024-04-25 13:00:28,672][root][INFO] - Model Likelihood (GT MPC): -1.850
[2024-04-25 13:00:28,672][root][INFO] - *[TIME] [Evaluate the current MPC policy] Elapsed: 44.12 seconds
[2024-04-25 13:00:33,120][root][INFO] - x: [ 0.00819763 -0.00337718 -0.15693385]
[2024-04-25 13:00:33,120][root][INFO] - y: [-0.00087192 -0.00347089]
[2024-04-25 13:00:33,121][root][INFO] - Reward: -0.0009283088154743022
[2024-04-25 13:00:35,080][root][INFO] - --------------- Start iteration i=86 ---------------
[2024-04-25 13:00:35,080][root][INFO] - Length of data.x: 87
[2024-04-25 13:00:35,081][root][INFO] - Length of data.y: 87
[2024-04-25 13:00:35,217][root][INFO] - x: [ 0.0073257  -0.00684806 -0.00443936]
[2024-04-25 13:00:35,218][root][INFO] - y: [-0.00061843  0.00199093]
[2024-04-25 13:00:35,218][root][INFO] - Reward: -0.0005950751089005255
[2024-04-25 13:00:35,221][root][INFO] - --------------- Start iteration i=87 ---------------
[2024-04-25 13:00:35,221][root][INFO] - Length of data.x: 88
[2024-04-25 13:00:35,221][root][INFO] - Length of data.y: 88
[2024-04-25 13:00:35,354][root][INFO] - x: [ 0.00670727 -0.00485713 -0.07102055]
[2024-04-25 13:00:35,354][root][INFO] - y: [-0.00070602 -0.00068796]
[2024-04-25 13:00:35,354][root][INFO] - Reward: -0.0005724172977740962
[2024-04-25 13:00:35,357][root][INFO] - --------------- Start iteration i=88 ---------------
[2024-04-25 13:00:35,357][root][INFO] - Length of data.x: 89
[2024-04-25 13:00:35,357][root][INFO] - Length of data.y: 89
[2024-04-25 13:00:35,462][root][INFO] - x: [ 0.00600125 -0.00554509  0.16844505]
[2024-04-25 13:00:35,462][root][INFO] - y: [0.00032328 0.0080841 ]
[2024-04-25 13:00:35,462][root][INFO] - Reward: -0.0005495334586501791
[2024-04-25 13:00:35,464][root][INFO] - --------------- Start iteration i=89 ---------------
[2024-04-25 13:00:35,464][root][INFO] - Length of data.x: 90
[2024-04-25 13:00:35,464][root][INFO] - Length of data.y: 90
[2024-04-25 13:00:35,548][root][INFO] - x: [0.00632453 0.002539   0.39291766]
[2024-04-25 13:00:35,548][root][INFO] - y: [0.00243647 0.01659702]
[2024-04-25 13:00:35,549][root][INFO] - Reward: -0.003718678657295323
[2024-04-25 13:00:35,551][root][INFO] - --------------- Start iteration i=90 ---------------
[2024-04-25 13:00:35,551][root][INFO] - Length of data.x: 91
[2024-04-25 13:00:35,551][root][INFO] - Length of data.y: 91
[2024-04-25 13:01:16,406][root][INFO] - Eval Returns: [ -125.92477453 -1966.73751782 -1616.33971953  -122.33440457
  -247.17336066]
[2024-04-25 13:01:16,454][root][INFO] - Eval Returns: mean=-815.702 std=805.690
[2024-04-25 13:01:16,455][root][INFO] - Eval ndata: 91.000
[2024-04-25 13:01:16,456][root][INFO] - Model MSE (current real MPC): 0.072
[2024-04-25 13:01:17,002][root][INFO] - Model MSE (random test set): 0.005
[2024-04-25 13:01:17,002][root][INFO] - Model MSE (GT MPC): 0.002
[2024-04-25 13:01:17,002][root][INFO] - Model Likelihood (random test set): -1.867
[2024-04-25 13:01:17,002][root][INFO] - Model Likelihood (GT MPC): -1.850
[2024-04-25 13:01:17,002][root][INFO] - *[TIME] [Evaluate the current MPC policy] Elapsed: 41.37 seconds
[2024-04-25 13:01:21,745][root][INFO] - x: [ 0.008761    0.01913602 -0.16475986]
[2024-04-25 13:01:21,745][root][INFO] - y: [ 0.0019783  -0.00359849]
[2024-04-25 13:01:21,745][root][INFO] - Reward: -0.002791924742946955
[2024-04-25 13:01:23,778][root][INFO] - --------------- Start iteration i=91 ---------------
[2024-04-25 13:01:23,779][root][INFO] - Length of data.x: 92
[2024-04-25 13:01:23,779][root][INFO] - Length of data.y: 92
[2024-04-25 13:01:23,903][root][INFO] - x: [ 0.0107393   0.01553753 -0.10738708]
[2024-04-25 13:01:23,904][root][INFO] - y: [ 0.00186821 -0.00086463]
[2024-04-25 13:01:23,904][root][INFO] - Reward: -0.002992776343458419
[2024-04-25 13:01:23,906][root][INFO] - --------------- Start iteration i=92 ---------------
[2024-04-25 13:01:23,907][root][INFO] - Length of data.x: 93
[2024-04-25 13:01:23,907][root][INFO] - Length of data.y: 93
[2024-04-25 13:01:24,033][root][INFO] - x: [0.01260751 0.0146729  0.21820685]
[2024-04-25 13:01:24,034][root][INFO] - y: [0.00338273 0.011895  ]
[2024-04-25 13:01:24,034][root][INFO] - Reward: -0.007231456909666316
[2024-04-25 13:01:24,036][root][INFO] - --------------- Start iteration i=93 ---------------
[2024-04-25 13:01:24,036][root][INFO] - Length of data.x: 94
[2024-04-25 13:01:24,036][root][INFO] - Length of data.y: 94
[2024-04-25 13:01:24,159][root][INFO] - x: [ 0.01599024  0.0265679  -0.05523587]
[2024-04-25 13:01:24,160][root][INFO] - y: [0.00371838 0.00263619]
[2024-04-25 13:01:24,160][root][INFO] - Reward: -0.00930427818431745
[2024-04-25 13:01:24,162][root][INFO] - --------------- Start iteration i=94 ---------------
[2024-04-25 13:01:24,162][root][INFO] - Length of data.x: 95
[2024-04-25 13:01:24,162][root][INFO] - Length of data.y: 95
[2024-04-25 13:01:24,282][root][INFO] - x: [ 0.01970862  0.02920409 -0.3466109 ]
[2024-04-25 13:01:24,282][root][INFO] - y: [ 0.00280204 -0.00719695]
[2024-04-25 13:01:24,282][root][INFO] - Reward: -0.008581390987005166
[2024-04-25 13:01:24,285][root][INFO] - --------------- Start iteration i=95 ---------------
[2024-04-25 13:01:24,285][root][INFO] - Length of data.x: 96
[2024-04-25 13:01:24,285][root][INFO] - Length of data.y: 96
[2024-04-25 13:02:06,677][root][INFO] - Eval Returns: [ -126.80985874  -128.11355044  -123.06035476  -126.92744641
 -1744.59033309]
[2024-04-25 13:02:06,715][root][INFO] - Eval Returns: mean=-449.900 std=647.347
[2024-04-25 13:02:06,715][root][INFO] - Eval ndata: 96.000
[2024-04-25 13:02:06,715][root][INFO] - Model MSE (current real MPC): 0.054
[2024-04-25 13:02:07,227][root][INFO] - Model MSE (random test set): 0.005
[2024-04-25 13:02:07,227][root][INFO] - Model MSE (GT MPC): 0.001
[2024-04-25 13:02:07,227][root][INFO] - Model Likelihood (random test set): -1.866
[2024-04-25 13:02:07,227][root][INFO] - Model Likelihood (GT MPC): -1.849
[2024-04-25 13:02:07,227][root][INFO] - *[TIME] [Evaluate the current MPC policy] Elapsed: 42.82 seconds
[2024-04-25 13:02:10,582][root][INFO] - x: [ 0.02251066  0.02200714 -0.29781012]
[2024-04-25 13:02:10,583][root][INFO] - y: [ 0.00222354 -0.00454347]
[2024-04-25 13:02:10,583][root][INFO] - Reward: -0.008344670078160891
[2024-04-25 13:02:12,351][root][INFO] - --------------- Start iteration i=96 ---------------
[2024-04-25 13:02:12,351][root][INFO] - Length of data.x: 97
[2024-04-25 13:02:12,351][root][INFO] - Length of data.y: 97
[2024-04-25 13:02:12,479][root][INFO] - x: [ 0.0247342   0.01746368 -0.46250878]
[2024-04-25 13:02:12,480][root][INFO] - y: [ 0.00094183 -0.01006658]
[2024-04-25 13:02:12,480][root][INFO] - Reward: -0.00771246721228043
[2024-04-25 13:02:12,482][root][INFO] - --------------- Start iteration i=97 ---------------
[2024-04-25 13:02:12,483][root][INFO] - Length of data.x: 98
[2024-04-25 13:02:12,483][root][INFO] - Length of data.y: 98
[2024-04-25 13:02:12,610][root][INFO] - x: [ 0.02567603  0.00739709 -0.02899262]
[2024-04-25 13:02:12,610][root][INFO] - y: [0.0017652  0.00646679]
[2024-04-25 13:02:12,610][root][INFO] - Reward: -0.008665512696264421
[2024-04-25 13:02:12,614][root][INFO] - --------------- Start iteration i=98 ---------------
[2024-04-25 13:02:12,614][root][INFO] - Length of data.x: 99
[2024-04-25 13:02:12,614][root][INFO] - Length of data.y: 99
[2024-04-25 13:02:12,747][root][INFO] - x: [0.02744123 0.01386389 0.15397657]
[2024-04-25 13:02:12,748][root][INFO] - y: [0.00352816 0.01384623]
[2024-04-25 13:02:12,748][root][INFO] - Reward: -0.014475049248630079
[2024-04-25 13:02:12,751][root][INFO] - --------------- Start iteration i=99 ---------------
[2024-04-25 13:02:12,751][root][INFO] - Length of data.x: 100
[2024-04-25 13:02:12,751][root][INFO] - Length of data.y: 100
[2024-04-25 13:02:12,888][root][INFO] - x: [ 0.0309694   0.02771011 -0.49574579]
[2024-04-25 13:02:12,888][root][INFO] - y: [ 0.00232067 -0.00948361]
[2024-04-25 13:02:12,888][root][INFO] - Reward: -0.014046947024155713
[2024-04-25 13:02:12,892][root][INFO] - --------------- Start iteration i=100 ---------------
[2024-04-25 13:02:12,892][root][INFO] - Length of data.x: 101
[2024-04-25 13:02:12,892][root][INFO] - Length of data.y: 101
[2024-04-25 13:02:59,540][root][INFO] - Eval Returns: [-2.45930555e+00 -1.92808597e+03 -1.37507883e+00 -1.65698574e+03
 -1.57864288e+03]
[2024-04-25 13:02:59,595][root][INFO] - Eval Returns: mean=-1033.510 std=850.238
[2024-04-25 13:02:59,595][root][INFO] - Eval ndata: 101.000
[2024-04-25 13:02:59,596][root][INFO] - Model MSE (current real MPC): 0.108
[2024-04-25 13:03:00,166][root][INFO] - Model MSE (random test set): 0.004
[2024-04-25 13:03:00,166][root][INFO] - Model MSE (GT MPC): 0.001
[2024-04-25 13:03:00,166][root][INFO] - Model Likelihood (random test set): -1.866
[2024-04-25 13:03:00,166][root][INFO] - Model Likelihood (GT MPC): -1.849
[2024-04-25 13:03:00,166][root][INFO] - *[TIME] [Evaluate the current MPC policy] Elapsed: 47.14 seconds
[2024-04-25 13:03:05,357][root][INFO] - x: [ 0.03329007  0.0182265  -0.75289648]
[2024-04-25 13:03:05,358][root][INFO] - y: [-2.8042704e-05 -1.8446748e-02]
[2024-04-25 13:03:05,358][root][INFO] - Reward: -0.013187080529893338
[2024-04-25 13:03:07,952][root][INFO] - --------------- Start iteration i=101 ---------------
[2024-04-25 13:03:07,952][root][INFO] - Length of data.x: 102
[2024-04-25 13:03:07,952][root][INFO] - Length of data.y: 102
[2024-04-25 13:03:08,073][root][INFO] - x: [ 0.03326202 -0.00022025 -0.04141638]
[2024-04-25 13:03:08,073][root][INFO] - y: [0.00101927 0.00822554]
[2024-04-25 13:03:08,074][root][INFO] - Reward: -0.012015830104351052
[2024-04-25 13:03:08,076][root][INFO] - --------------- Start iteration i=102 ---------------
[2024-04-25 13:03:08,076][root][INFO] - Length of data.x: 103
[2024-04-25 13:03:08,076][root][INFO] - Length of data.y: 103
[2024-04-25 13:03:08,196][root][INFO] - x: [ 0.03428129  0.00800529 -0.40341107]
[2024-04-25 13:03:08,197][root][INFO] - y: [ 0.00037618 -0.00505075]
[2024-04-25 13:03:08,197][root][INFO] - Reward: -0.01256161151627807
[2024-04-25 13:03:08,200][root][INFO] - --------------- Start iteration i=103 ---------------
[2024-04-25 13:03:08,200][root][INFO] - Length of data.x: 104
[2024-04-25 13:03:08,200][root][INFO] - Length of data.y: 104
[2024-04-25 13:03:08,320][root][INFO] - x: [ 0.03465747  0.00295455 -0.16214207]
[2024-04-25 13:03:08,321][root][INFO] - y: [0.0008991  0.00410699]
[2024-04-25 13:03:08,321][root][INFO] - Reward: -0.012902143559989237
[2024-04-25 13:03:08,323][root][INFO] - --------------- Start iteration i=104 ---------------
[2024-04-25 13:03:08,324][root][INFO] - Length of data.x: 105
[2024-04-25 13:03:08,324][root][INFO] - Length of data.y: 105
[2024-04-25 13:03:08,445][root][INFO] - x: [ 0.03555658  0.00706153 -0.4748809 ]
[2024-04-25 13:03:08,445][root][INFO] - y: [-3.76868003e-05 -7.35752263e-03]
[2024-04-25 13:03:08,445][root][INFO] - Reward: -0.01335401733321746
[2024-04-25 13:03:08,448][root][INFO] - --------------- Start iteration i=105 ---------------
[2024-04-25 13:03:08,448][root][INFO] - Length of data.x: 106
[2024-04-25 13:03:08,448][root][INFO] - Length of data.y: 106
[2024-04-25 13:03:59,852][root][INFO] - Eval Returns: [   -1.967897   -1638.88544922  -128.3178773  -1826.64145491
 -1931.20640943]
[2024-04-25 13:03:59,895][root][INFO] - Eval Returns: mean=-1105.404 std=855.454
[2024-04-25 13:03:59,895][root][INFO] - Eval ndata: 106.000
[2024-04-25 13:03:59,895][root][INFO] - Model MSE (current real MPC): 0.055
[2024-04-25 13:04:00,522][root][INFO] - Model MSE (random test set): 0.004
[2024-04-25 13:04:00,522][root][INFO] - Model MSE (GT MPC): 0.001
[2024-04-25 13:04:00,523][root][INFO] - Model Likelihood (random test set): -1.866
[2024-04-25 13:04:00,523][root][INFO] - Model Likelihood (GT MPC): -1.849
[2024-04-25 13:04:00,523][root][INFO] - *[TIME] [Evaluate the current MPC policy] Elapsed: 51.95 seconds
[2024-04-25 13:04:04,219][root][INFO] - x: [ 3.55188885e-02 -2.95991446e-04 -4.08274309e-01]
[2024-04-25 13:04:04,219][root][INFO] - y: [-0.00065786 -0.00487081]
[2024-04-25 13:04:04,219][root][INFO] - Reward: -0.01283205188592642
[2024-04-25 13:04:05,966][root][INFO] - --------------- Start iteration i=106 ---------------
[2024-04-25 13:04:05,966][root][INFO] - Length of data.x: 107
[2024-04-25 13:04:05,966][root][INFO] - Length of data.y: 107
[2024-04-25 13:04:06,104][root][INFO] - x: [ 0.03486103 -0.0051668  -0.44795362]
[2024-04-25 13:04:06,105][root][INFO] - y: [-0.001492   -0.00655135]
[2024-04-25 13:04:06,105][root][INFO] - Reward: -0.01267119400588781
[2024-04-25 13:04:06,108][root][INFO] - --------------- Start iteration i=107 ---------------
[2024-04-25 13:04:06,108][root][INFO] - Length of data.x: 108
[2024-04-25 13:04:06,108][root][INFO] - Length of data.y: 108
[2024-04-25 13:04:06,243][root][INFO] - x: [ 0.03336903 -0.01171815  0.36462884]
[2024-04-25 13:04:06,243][root][INFO] - y: [0.00149802 0.02348358]
[2024-04-25 13:04:06,243][root][INFO] - Reward: -0.013416329229097565
[2024-04-25 13:04:06,246][root][INFO] - --------------- Start iteration i=108 ---------------
[2024-04-25 13:04:06,246][root][INFO] - Length of data.x: 109
[2024-04-25 13:04:06,246][root][INFO] - Length of data.y: 109
[2024-04-25 13:04:06,380][root][INFO] - x: [0.03486705 0.01176543 0.07921874]
[2024-04-25 13:04:06,381][root][INFO] - y: [0.00318116 0.01321937]
[2024-04-25 13:04:06,381][root][INFO] - Reward: -0.018308140013862204
[2024-04-25 13:04:06,384][root][INFO] - --------------- Start iteration i=109 ---------------
[2024-04-25 13:04:06,384][root][INFO] - Length of data.x: 110
[2024-04-25 13:04:06,384][root][INFO] - Length of data.y: 110
[2024-04-25 13:04:06,518][root][INFO] - x: [ 0.03804822  0.0249848  -0.41520057]
[2024-04-25 13:04:06,518][root][INFO] - y: [ 0.00262214 -0.00439056]
[2024-04-25 13:04:06,518][root][INFO] - Reward: -0.01972904692572719
[2024-04-25 13:04:06,521][root][INFO] - --------------- Start iteration i=110 ---------------
[2024-04-25 13:04:06,522][root][INFO] - Length of data.x: 111
[2024-04-25 13:04:06,522][root][INFO] - Length of data.y: 111
[2024-04-25 13:04:52,527][root][INFO] - Eval Returns: [-1382.56635611  -252.37963316  -127.86672187 -1510.76464433
 -1737.09437651]
[2024-04-25 13:04:52,571][root][INFO] - Eval Returns: mean=-1002.134 std=673.806
[2024-04-25 13:04:52,571][root][INFO] - Eval ndata: 111.000
[2024-04-25 13:04:52,572][root][INFO] - Model MSE (current real MPC): 0.136
[2024-04-25 13:04:53,206][root][INFO] - Model MSE (random test set): 0.004
[2024-04-25 13:04:53,207][root][INFO] - Model MSE (GT MPC): 0.001
[2024-04-25 13:04:53,207][root][INFO] - Model Likelihood (random test set): -1.866
[2024-04-25 13:04:53,207][root][INFO] - Model Likelihood (GT MPC): -1.849
[2024-04-25 13:04:53,207][root][INFO] - *[TIME] [Evaluate the current MPC policy] Elapsed: 46.55 seconds
[2024-04-25 13:04:56,465][root][INFO] - x: [ 0.04067036  0.02059424 -0.8299421 ]
[2024-04-25 13:04:56,465][root][INFO] - y: [ 0.00018045 -0.01917698]
[2024-04-25 13:04:56,466][root][INFO] - Reward: -0.019238353035468846
[2024-04-25 13:04:57,998][root][INFO] - --------------- Start iteration i=111 ---------------
[2024-04-25 13:04:57,998][root][INFO] - Length of data.x: 112
[2024-04-25 13:04:57,998][root][INFO] - Length of data.y: 112
[2024-04-25 13:04:58,134][root][INFO] - x: [ 0.04085081  0.00141726 -0.39494557]
[2024-04-25 13:04:58,135][root][INFO] - y: [-0.00017757 -0.0028119 ]
[2024-04-25 13:04:58,135][root][INFO] - Reward: -0.01696378252311883
[2024-04-25 13:04:58,138][root][INFO] - --------------- Start iteration i=112 ---------------
[2024-04-25 13:04:58,138][root][INFO] - Length of data.x: 113
[2024-04-25 13:04:58,138][root][INFO] - Length of data.y: 113
[2024-04-25 13:04:58,276][root][INFO] - x: [ 0.04067323 -0.00139465 -0.23219479]
[2024-04-25 13:04:58,276][root][INFO] - y: [0.00023488 0.00323938]
[2024-04-25 13:04:58,276][root][INFO] - Reward: -0.016753962331013388
[2024-04-25 13:04:58,280][root][INFO] - --------------- Start iteration i=113 ---------------
[2024-04-25 13:04:58,280][root][INFO] - Length of data.x: 114
[2024-04-25 13:04:58,280][root][INFO] - Length of data.y: 114
[2024-04-25 13:04:58,417][root][INFO] - x: [ 0.04090811  0.00184474 -0.29768932]
[2024-04-25 13:04:58,418][root][INFO] - y: [0.00034335 0.00085195]
[2024-04-25 13:04:58,418][root][INFO] - Reward: -0.01719596047702293
[2024-04-25 13:04:58,421][root][INFO] - --------------- Start iteration i=114 ---------------
[2024-04-25 13:04:58,421][root][INFO] - Length of data.x: 115
[2024-04-25 13:04:58,421][root][INFO] - Length of data.y: 115
[2024-04-25 13:04:58,558][root][INFO] - x: [ 0.04125147  0.00269668 -0.42713856]
[2024-04-25 13:04:58,559][root][INFO] - y: [-0.00015348 -0.00390212]
[2024-04-25 13:04:58,559][root][INFO] - Reward: -0.01740928996197285
[2024-04-25 13:04:58,562][root][INFO] - --------------- Start iteration i=115 ---------------
[2024-04-25 13:04:58,562][root][INFO] - Length of data.x: 116
[2024-04-25 13:04:58,562][root][INFO] - Length of data.y: 116
[2024-04-25 13:05:52,984][root][INFO] - Eval Returns: [   -2.81054875 -1552.48713137 -1761.80080033 -1567.23824653
 -1559.54560054]
[2024-04-25 13:05:53,028][root][INFO] - Eval Returns: mean=-1288.776 std=647.744
[2024-04-25 13:05:53,028][root][INFO] - Eval ndata: 116.000
[2024-04-25 13:05:53,028][root][INFO] - Model MSE (current real MPC): 0.170
[2024-04-25 13:05:53,658][root][INFO] - Model MSE (random test set): 0.004
[2024-04-25 13:05:53,659][root][INFO] - Model MSE (GT MPC): 0.001
[2024-04-25 13:05:53,659][root][INFO] - Model Likelihood (random test set): -1.866
[2024-04-25 13:05:53,659][root][INFO] - Model Likelihood (GT MPC): -1.849
[2024-04-25 13:05:53,659][root][INFO] - *[TIME] [Evaluate the current MPC policy] Elapsed: 54.96 seconds
[2024-04-25 13:05:56,854][root][INFO] - x: [ 0.04109799 -0.00120544 -0.38002355]
[2024-04-25 13:05:56,854][root][INFO] - y: [-0.00043106 -0.00218013]
[2024-04-25 13:05:56,854][root][INFO] - Reward: -0.016973366840267606
[2024-04-25 13:05:58,365][root][INFO] - --------------- Start iteration i=116 ---------------
[2024-04-25 13:05:58,365][root][INFO] - Length of data.x: 117
[2024-04-25 13:05:58,365][root][INFO] - Length of data.y: 117
[2024-04-25 13:05:58,499][root][INFO] - x: [ 0.04066692 -0.00338556  0.14838915]
[2024-04-25 13:05:58,500][root][INFO] - y: [0.00179831 0.01750943]
[2024-04-25 13:05:58,500][root][INFO] - Reward: -0.0191625886939854
[2024-04-25 13:05:58,503][root][INFO] - --------------- Start iteration i=117 ---------------
[2024-04-25 13:05:58,503][root][INFO] - Length of data.x: 118
[2024-04-25 13:05:58,503][root][INFO] - Length of data.y: 118
[2024-04-25 13:05:58,636][root][INFO] - x: [ 0.04246523  0.01412387 -0.7646561 ]
[2024-04-25 13:05:58,637][root][INFO] - y: [-0.00026493 -0.01620463]
[2024-04-25 13:05:58,637][root][INFO] - Reward: -0.01994294078910487
[2024-04-25 13:05:58,640][root][INFO] - --------------- Start iteration i=118 ---------------
[2024-04-25 13:05:58,640][root][INFO] - Length of data.x: 119
[2024-04-25 13:05:58,640][root][INFO] - Length of data.y: 119
[2024-04-25 13:05:58,774][root][INFO] - x: [ 0.0422003  -0.00208076  0.00294816]
[2024-04-25 13:05:58,774][root][INFO] - y: [0.00132703 0.01250319]
[2024-04-25 13:05:58,774][root][INFO] - Reward: -0.019394477592016835
[2024-04-25 13:05:58,777][root][INFO] - --------------- Start iteration i=119 ---------------
[2024-04-25 13:05:58,778][root][INFO] - Length of data.x: 120
[2024-04-25 13:05:58,778][root][INFO] - Length of data.y: 120
[2024-04-25 13:05:58,913][root][INFO] - x: [ 0.04352732  0.01042243 -0.44321366]
[2024-04-25 13:05:58,914][root][INFO] - y: [ 0.00083803 -0.00384057]
[2024-04-25 13:05:58,914][root][INFO] - Reward: -0.020489197574291487
[2024-04-25 13:05:58,917][root][INFO] - --------------- Start iteration i=120 ---------------
[2024-04-25 13:05:58,917][root][INFO] - Length of data.x: 121
[2024-04-25 13:05:58,917][root][INFO] - Length of data.y: 121
[2024-04-25 13:06:49,632][root][INFO] - Eval Returns: [-1743.54415039 -1505.06297929 -1522.22156455  -128.42826091
 -1721.19608569]
[2024-04-25 13:06:49,674][root][INFO] - Eval Returns: mean=-1324.091 std=605.846
[2024-04-25 13:06:49,674][root][INFO] - Eval ndata: 121.000
[2024-04-25 13:06:49,675][root][INFO] - Model MSE (current real MPC): 0.139
[2024-04-25 13:06:50,291][root][INFO] - Model MSE (random test set): 0.004
[2024-04-25 13:06:50,291][root][INFO] - Model MSE (GT MPC): 0.001
[2024-04-25 13:06:50,292][root][INFO] - Model Likelihood (random test set): -1.866
[2024-04-25 13:06:50,292][root][INFO] - Model Likelihood (GT MPC): -1.849
[2024-04-25 13:06:50,292][root][INFO] - *[TIME] [Evaluate the current MPC policy] Elapsed: 50.91 seconds
[2024-04-25 13:08:03,283][root][INFO] - x: [ 0.04436535  0.00658186 -0.50649615]
[2024-04-25 13:08:03,283][root][INFO] - y: [ 7.80070449e-05 -5.96919528e-03]
[2024-04-25 13:08:03,283][root][INFO] - Reward: -0.02052311984309975
[2024-04-25 13:08:06,602][root][INFO] - --------------- Start iteration i=121 ---------------
[2024-04-25 13:08:06,602][root][INFO] - Length of data.x: 122
[2024-04-25 13:08:06,603][root][INFO] - Length of data.y: 122
[2024-04-25 13:08:06,741][root][INFO] - x: [ 0.04444336  0.00061267 -0.6082928 ]
[2024-04-25 13:08:06,741][root][INFO] - y: [-0.00116516 -0.00976382]
[2024-04-25 13:08:06,742][root][INFO] - Reward: -0.020501834003450004
[2024-04-25 13:08:06,744][root][INFO] - --------------- Start iteration i=122 ---------------
[2024-04-25 13:08:06,745][root][INFO] - Length of data.x: 123
[2024-04-25 13:08:06,745][root][INFO] - Length of data.y: 123
[2024-04-25 13:08:06,882][root][INFO] - x: [ 0.0432782  -0.00915115 -0.48580852]
[2024-04-25 13:08:06,883][root][INFO] - y: [-0.00186679 -0.00551057]
[2024-04-25 13:08:06,883][root][INFO] - Reward: -0.019245256770891794
[2024-04-25 13:08:06,886][root][INFO] - --------------- Start iteration i=123 ---------------
[2024-04-25 13:08:06,886][root][INFO] - Length of data.x: 124
[2024-04-25 13:08:06,886][root][INFO] - Length of data.y: 124
[2024-04-25 13:08:07,023][root][INFO] - x: [ 0.04141141 -0.01466172 -0.64460362]
[2024-04-25 13:08:07,024][root][INFO] - y: [-0.00339599 -0.01201034]
[2024-04-25 13:08:07,024][root][INFO] - Reward: -0.02047828654214591
[2024-04-25 13:08:07,027][root][INFO] - --------------- Start iteration i=124 ---------------
[2024-04-25 13:08:07,027][root][INFO] - Length of data.x: 125
[2024-04-25 13:08:07,027][root][INFO] - Length of data.y: 125
[2024-04-25 13:08:07,163][root][INFO] - x: [ 0.03801542 -0.02667207 -0.17264367]
[2024-04-25 13:08:07,164][root][INFO] - y: [-0.00279811  0.00469573]
[2024-04-25 13:08:07,164][root][INFO] - Reward: -0.015451024460944492
[2024-04-25 13:08:07,167][root][INFO] - --------------- Start iteration i=125 ---------------
[2024-04-25 13:08:07,167][root][INFO] - Length of data.x: 126
[2024-04-25 13:08:07,167][root][INFO] - Length of data.y: 126
[2024-04-25 13:09:03,328][root][INFO] - Eval Returns: [-1783.15927305 -1934.27788581  -357.35566878 -1955.15448045
 -1532.08974773]
[2024-04-25 13:09:03,369][root][INFO] - Eval Returns: mean=-1512.407 std=596.965
[2024-04-25 13:09:03,369][root][INFO] - Eval ndata: 126.000
[2024-04-25 13:09:03,370][root][INFO] - Model MSE (current real MPC): 0.098
[2024-04-25 13:09:03,999][root][INFO] - Model MSE (random test set): 0.004
[2024-04-25 13:09:03,999][root][INFO] - Model MSE (GT MPC): 0.001
[2024-04-25 13:09:03,999][root][INFO] - Model Likelihood (random test set): -1.866
[2024-04-25 13:09:03,999][root][INFO] - Model Likelihood (GT MPC): -1.849
[2024-04-25 13:09:03,999][root][INFO] - *[TIME] [Evaluate the current MPC policy] Elapsed: 56.69 seconds
[2024-04-25 13:09:08,059][root][INFO] - x: [ 0.0352173  -0.02197634  0.07605727]
[2024-04-25 13:09:08,059][root][INFO] - y: [-0.00111701  0.01320335]
[2024-04-25 13:09:08,059][root][INFO] - Reward: -0.011992387990013035
[2024-04-25 13:09:09,676][root][INFO] - --------------- Start iteration i=126 ---------------
[2024-04-25 13:09:09,677][root][INFO] - Length of data.x: 127
[2024-04-25 13:09:09,677][root][INFO] - Length of data.y: 127
[2024-04-25 13:09:09,822][root][INFO] - x: [ 0.03410029 -0.00877299 -0.47189872]
[2024-04-25 13:09:09,822][root][INFO] - y: [-0.00209385 -0.00767204]
[2024-04-25 13:09:09,823][root][INFO] - Reward: -0.012732109305422032
[2024-04-25 13:09:09,826][root][INFO] - --------------- Start iteration i=127 ---------------
[2024-04-25 13:09:09,826][root][INFO] - Length of data.x: 128
[2024-04-25 13:09:09,826][root][INFO] - Length of data.y: 128
[2024-04-25 13:09:09,972][root][INFO] - x: [ 0.03200645 -0.01644502 -0.17572281]
[2024-04-25 13:09:09,972][root][INFO] - y: [-0.00173464  0.00282119]
[2024-04-25 13:09:09,973][root][INFO] - Reward: -0.010355740379928936
[2024-04-25 13:09:09,977][root][INFO] - --------------- Start iteration i=128 ---------------
[2024-04-25 13:09:09,977][root][INFO] - Length of data.x: 129
[2024-04-25 13:09:09,977][root][INFO] - Length of data.y: 129
[2024-04-25 13:09:10,119][root][INFO] - x: [ 0.03027181 -0.01362383 -0.17440363]
[2024-04-25 13:09:10,120][root][INFO] - y: [-0.00143387  0.00236221]
[2024-04-25 13:09:10,120][root][INFO] - Reward: -0.009141163421266712
[2024-04-25 13:09:10,123][root][INFO] - --------------- Start iteration i=129 ---------------
[2024-04-25 13:09:10,123][root][INFO] - Length of data.x: 130
[2024-04-25 13:09:10,123][root][INFO] - Length of data.y: 130
[2024-04-25 13:09:10,266][root][INFO] - x: [ 0.02883793 -0.01126162 -0.43785225]
[2024-04-25 13:09:10,267][root][INFO] - y: [-0.00244452 -0.0079376 ]
[2024-04-25 13:09:10,267][root][INFO] - Reward: -0.010001249244092422
[2024-04-25 13:09:10,271][root][INFO] - --------------- Start iteration i=130 ---------------
[2024-04-25 13:09:10,271][root][INFO] - Length of data.x: 131
[2024-04-25 13:09:10,271][root][INFO] - Length of data.y: 131
