[2024-04-19 19:36:50,270][root][INFO] - Dumper dumping to /trajectory-information-rl/experiments/mpc_frozencartpole_2024-04-19/19-36-45/seed_2
[2024-04-19 19:36:50,275][root][INFO] - Start obs: None
[2024-04-19 19:37:03,941][root][INFO] - GT Returns: [-11.10269836 -11.48518167 -10.94255554 -12.10801732 -10.44251037]
[2024-04-19 19:37:03,941][root][INFO] - GT Returns: mean=-11.216 std=0.558
[2024-04-19 19:37:03,941][root][INFO] - Path Lengths: [36345, 36345, 36345, 36345, 36345]
[2024-04-19 19:37:03,941][root][INFO] - Path Lengths: mean=36345.000 std=0.000
[2024-04-19 19:37:04,002][root][INFO] - all_x.shape = (181725, 5)
[2024-04-19 19:37:04,007][root][INFO] - all_x.min(axis=0) = [-0.5565796  -0.86540821 -0.99997788 -0.89429311 -1.        ]
[2024-04-19 19:37:04,012][root][INFO] - all_x.max(axis=0) = [0.95536431 1.47808095 0.99998868 0.87678403 1.        ]
[2024-04-19 19:37:04,014][root][INFO] - all_x.mean(axis=0) = [ 0.00142723  0.01085928 -0.0081977  -0.03250859  0.02078462]
[2024-04-19 19:37:04,022][root][INFO] - all_x.var(axis=0) = [0.0070081  0.03175841 0.23872618 0.07340887 0.21900413]
[2024-04-19 19:37:04,056][root][INFO] - --------------- Start iteration i=0 ---------------
[2024-04-19 19:37:04,056][root][INFO] - Length of data.x: 1
[2024-04-19 19:37:04,056][root][INFO] - Length of data.y: 1
[2024-04-19 19:37:09,398][root][INFO] - Eval Returns: [-24.76024507 -23.89831149 -24.56114145 -21.95967174 -24.97179021]
[2024-04-19 19:37:09,403][root][INFO] - Eval Returns: mean=-24.030 std=1.096
[2024-04-19 19:37:09,403][root][INFO] - Eval ndata: 1.000
[2024-04-19 19:37:09,403][root][INFO] - Model MSE (current real MPC): 0.548
[2024-04-19 19:37:10,388][root][INFO] - Model MSE (random test set): 0.377
[2024-04-19 19:37:10,388][root][INFO] - Model MSE (GT MPC): 0.084
[2024-04-19 19:37:10,388][root][INFO] - Model Likelihood (random test set): -4.124
[2024-04-19 19:37:10,388][root][INFO] - Model Likelihood (GT MPC): -3.913
[2024-04-19 19:37:10,388][root][INFO] - *[TIME] [Evaluate the current MPC policy] Elapsed: 6.14 seconds
[2024-04-19 19:37:11,623][root][INFO] - x: [ 9.11225090e-04 -3.77082588e-03 -9.99355220e-01 -4.38032420e-04
 -7.81549897e-01]
[2024-04-19 19:37:11,623][root][INFO] - y: [-0.00037708 -0.12486784 -0.00034858  0.12466842]
[2024-04-19 19:37:11,623][root][INFO] - Reward: -0.9999900722619203
