[2024-04-23 17:09:05,870][root][INFO] - Dumper dumping to /tirl/experiments/mpc_frozencartpole_2024-04-23/17-08-49/seed_1
[2024-04-23 17:09:05,887][root][INFO] - Start obs: None
[2024-04-23 17:09:33,166][root][INFO] - GT Returns: [-11.63603873 -11.45627951 -10.79825645 -12.82184708 -12.7994776 ]
[2024-04-23 17:09:33,166][root][INFO] - GT Returns: mean=-11.902 std=0.792
[2024-04-23 17:09:33,167][root][INFO] - Path Lengths: [36345, 36345, 36345, 36345, 36345]
[2024-04-23 17:09:33,167][root][INFO] - Path Lengths: mean=36345.000 std=0.000
[2024-04-23 17:09:33,225][root][INFO] - all_x.shape = (181725, 5)
[2024-04-23 17:09:33,231][root][INFO] - all_x.min(axis=0) = [-0.59110527 -0.90564956 -0.99998048 -0.81540808 -1.        ]
[2024-04-23 17:09:33,236][root][INFO] - all_x.max(axis=0) = [0.93993682 1.39530831 0.99998335 0.86685247 1.        ]
[2024-04-23 17:09:33,239][root][INFO] - all_x.mean(axis=0) = [-0.01204486 -0.00130587  0.01237659  0.01403435  0.00610604]
[2024-04-23 17:09:33,248][root][INFO] - all_x.var(axis=0) = [0.00640368 0.02988386 0.2372841  0.07622656 0.24253303]
[2024-04-23 17:09:33,291][root][INFO] - --------------- Start iteration i=0 ---------------
[2024-04-23 17:09:33,292][root][INFO] - Length of data.x: 301
[2024-04-23 17:09:33,292][root][INFO] - Length of data.y: 301
[2024-04-23 17:10:00,816][root][INFO] - Eval Returns: [-11.96895612 -16.9347512  -21.01868259 -11.8821281  -12.57619085]
[2024-04-23 17:10:00,824][root][INFO] - Eval Returns: mean=-14.876 std=3.597
[2024-04-23 17:10:00,825][root][INFO] - Eval ndata: 301.000
[2024-04-23 17:10:00,825][root][INFO] - Model MSE (current real MPC): 0.321
[2024-04-23 17:10:02,389][root][INFO] - Model MSE (random test set): 0.003
[2024-04-23 17:10:02,389][root][INFO] - Model MSE (GT MPC): 0.001
[2024-04-23 17:10:02,389][root][INFO] - Model Likelihood (random test set): -3.726
[2024-04-23 17:10:02,390][root][INFO] - Model Likelihood (GT MPC): -3.790
[2024-04-23 17:10:02,390][root][INFO] - *[TIME] [Evaluate the current MPC policy] Elapsed: 28.65 seconds
