[2024-04-24 17:51:21,368][root][INFO] - Dumper dumping to /tirl/experiments/mpc_frozencartpole_newhypers_initdata_gpforgetting_2024-04-24/17-51-14/seed_4
[2024-04-24 17:51:21,373][root][INFO] - Start obs: None
[2024-04-24 17:51:46,798][root][INFO] - GT Returns: [-12.24808845 -10.13705936 -10.26653968 -11.99405585 -11.03628662]
[2024-04-24 17:51:46,798][root][INFO] - GT Returns: mean=-11.136 std=0.864
[2024-04-24 17:51:46,798][root][INFO] - Path Lengths: [36345, 36345, 36345, 36345, 36345]
[2024-04-24 17:51:46,798][root][INFO] - Path Lengths: mean=36345.000 std=0.000
[2024-04-24 17:51:46,901][root][INFO] - all_x.shape = (181725, 5)
[2024-04-24 17:51:46,907][root][INFO] - all_x.min(axis=0) = [-0.57871882 -0.83305084 -0.99999845 -0.8216857  -1.        ]
[2024-04-24 17:51:46,913][root][INFO] - all_x.max(axis=0) = [1.01464586 1.38570995 0.99997008 0.88950173 1.        ]
[2024-04-24 17:51:46,916][root][INFO] - all_x.mean(axis=0) = [-0.01865404 -0.01286047  0.02318221  0.03198132 -0.02297324]
[2024-04-24 17:51:46,928][root][INFO] - all_x.var(axis=0) = [0.00553413 0.02811989 0.22820225 0.07236569 0.23951256]
[2024-04-24 17:51:47,024][root][INFO] - --------------- Start iteration i=0 ---------------
[2024-04-24 17:51:47,024][root][INFO] - Length of data.x: 301
[2024-04-24 17:51:47,024][root][INFO] - Length of data.y: 301
[2024-04-24 17:52:23,700][root][INFO] - Eval Returns: [-21.33054699 -19.95478568 -23.11666978 -21.25886123 -22.05254278]
[2024-04-24 17:52:23,712][root][INFO] - Eval Returns: mean=-21.543 std=1.038
[2024-04-24 17:52:23,712][root][INFO] - Eval ndata: 301.000
[2024-04-24 17:52:23,712][root][INFO] - Model MSE (current real MPC): 0.518
[2024-04-24 17:52:25,778][root][INFO] - Model MSE (random test set): 0.378
[2024-04-24 17:52:25,779][root][INFO] - Model MSE (GT MPC): 0.011
[2024-04-24 17:52:25,779][root][INFO] - Model Likelihood (random test set): -3.893
[2024-04-24 17:52:25,779][root][INFO] - Model Likelihood (GT MPC): -3.756
[2024-04-24 17:52:25,779][root][INFO] - *[TIME] [Evaluate the current MPC policy] Elapsed: 38.18 seconds
[2024-04-24 17:52:29,254][root][INFO] - x: [ 4.35742325e-03 -4.62363319e-04  9.91597772e-01 -2.28051970e-04
  6.64388295e-01]
[2024-04-24 17:52:29,255][root][INFO] - y: [-4.62363319e-05  1.04711049e-01 -1.81478138e-04 -1.02082494e-01]
[2024-04-24 17:52:29,255][root][INFO] - Reward: -0.9999903053358417
[2024-04-24 17:52:32,474][root][INFO] - --------------- Start iteration i=1 ---------------
[2024-04-24 17:52:32,475][root][INFO] - Length of data.x: 302
[2024-04-24 17:52:32,475][root][INFO] - Length of data.y: 302
[2024-04-24 17:52:32,857][root][INFO] - x: [ 0.00431119  0.10424869  0.99141629 -0.10231055  0.31612803]
[2024-04-24 17:52:32,858][root][INFO] - y: [ 0.01042487  0.04688041 -0.08141621 -0.04421533]
[2024-04-24 17:52:32,858][root][INFO] - Reward: -0.9999929302830409
[2024-04-24 17:52:32,861][root][INFO] - --------------- Start iteration i=2 ---------------
[2024-04-24 17:52:32,861][root][INFO] - Length of data.x: 303
[2024-04-24 17:52:32,861][root][INFO] - Length of data.y: 303
[2024-04-24 17:52:33,209][root][INFO] - x: [ 0.01473606  0.1511291   0.91000008 -0.14652588  0.10631287]
[2024-04-24 17:52:33,210][root][INFO] - y: [ 0.01511291 -0.00972432 -0.11660168  0.03673532]
[2024-04-24 17:52:33,210][root][INFO] - Reward: -0.9999972212319
[2024-04-24 17:52:33,212][root][INFO] - --------------- Start iteration i=3 ---------------
[2024-04-24 17:52:33,213][root][INFO] - Length of data.x: 304
[2024-04-24 17:52:33,213][root][INFO] - Length of data.y: 304
[2024-04-24 17:52:33,556][root][INFO] - x: [ 0.02984897  0.14140478  0.7933984  -0.10979056 -0.21149808]
[2024-04-24 17:52:33,557][root][INFO] - y: [ 0.01414048 -0.06184556 -0.08736862  0.1086252 ]
[2024-04-24 17:52:33,557][root][INFO] - Reward: -0.9999992844356339
[2024-04-24 17:52:33,559][root][INFO] - --------------- Start iteration i=4 ---------------
[2024-04-24 17:52:33,559][root][INFO] - Length of data.x: 305
[2024-04-24 17:52:33,559][root][INFO] - Length of data.y: 305
[2024-04-24 17:52:33,906][root][INFO] - x: [ 0.04398944  0.07955922  0.70602978 -0.00116536 -0.6350013 ]
[2024-04-24 17:52:33,906][root][INFO] - y: [ 0.00795592 -0.09495911 -0.00092736  0.13559858]
[2024-04-24 17:52:33,907][root][INFO] - Reward: -0.9999997877337178
[2024-04-24 17:52:33,909][root][INFO] - --------------- Start iteration i=5 ---------------
[2024-04-24 17:52:33,909][root][INFO] - Length of data.x: 306
[2024-04-24 17:52:33,909][root][INFO] - Length of data.y: 306
[2024-04-24 17:52:34,257][root][INFO] - x: [ 0.05194537 -0.01539988  0.70510242  0.13443323 -0.46442182]
[2024-04-24 17:52:34,258][root][INFO] - y: [-0.00153999 -0.08964831  0.10697865  0.13235976]
[2024-04-24 17:52:34,258][root][INFO] - Reward: -0.9999997667752426
[2024-04-24 17:52:34,261][root][INFO] - --------------- Start iteration i=6 ---------------
[2024-04-24 17:52:34,261][root][INFO] - Length of data.x: 307
[2024-04-24 17:52:34,262][root][INFO] - Length of data.y: 307
[2024-04-24 17:52:34,622][root][INFO] - x: [ 0.05040538 -0.10504819  0.81208107  0.26679298 -0.13248802]
[2024-04-24 17:52:34,623][root][INFO] - y: [-0.01050482 -0.0895489   0.21230728  0.12905613]
[2024-04-24 17:52:34,623][root][INFO] - Reward: -0.9999962114950558
[2024-04-24 17:52:34,626][root][INFO] - --------------- Start iteration i=7 ---------------
[2024-04-24 17:52:34,626][root][INFO] - Length of data.x: 308
[2024-04-24 17:52:34,626][root][INFO] - Length of data.y: 308
[2024-04-24 17:52:34,975][root][INFO] - x: [ 0.03990056 -0.19459709 -0.97561165  0.39584911 -0.28370185]
[2024-04-24 17:52:34,976][root][INFO] - y: [-0.01945971 -0.01972088  0.31500697  0.01214622]
[2024-04-24 17:52:34,976][root][INFO] - Reward: -0.999223676218753
[2024-04-24 17:52:34,978][root][INFO] - --------------- Start iteration i=8 ---------------
[2024-04-24 17:52:34,979][root][INFO] - Length of data.x: 309
[2024-04-24 17:52:34,979][root][INFO] - Length of data.y: 309
[2024-04-24 17:52:35,421][root][INFO] - x: [ 0.02044085 -0.21431797 -0.66060468  0.40799533  0.52203563]
[2024-04-24 17:52:35,421][root][INFO] - y: [-0.0214318   0.22637917  0.32467263 -0.19539869]
[2024-04-24 17:52:35,421][root][INFO] - Reward: -0.9504301927444097
[2024-04-24 17:52:35,424][root][INFO] - --------------- Start iteration i=9 ---------------
[2024-04-24 17:52:35,424][root][INFO] - Length of data.x: 310
[2024-04-24 17:52:35,424][root][INFO] - Length of data.y: 310
[2024-04-24 17:52:35,752][root][INFO] - x: [-0.00099095  0.01206119 -0.33593205  0.21259664 -0.26345426]
[2024-04-24 17:52:35,752][root][INFO] - y: [ 0.00120612  0.00856078  0.16917917 -0.08122195]
[2024-04-24 17:52:35,752][root][INFO] - Reward: -0.5333504164578093
[2024-04-24 17:52:35,754][root][INFO] - --------------- Start iteration i=10 ---------------
[2024-04-24 17:52:35,754][root][INFO] - Length of data.x: 311
[2024-04-24 17:52:35,755][root][INFO] - Length of data.y: 311
[2024-04-24 17:53:14,219][root][INFO] - Eval Returns: [-21.54925981 -19.99537674 -21.52041314 -17.71873487 -17.35389468]
[2024-04-24 17:53:14,228][root][INFO] - Eval Returns: mean=-19.628 std=1.801
[2024-04-24 17:53:14,229][root][INFO] - Eval ndata: 311.000
[2024-04-24 17:53:14,229][root][INFO] - Model MSE (current real MPC): 0.386
[2024-04-24 17:53:15,856][root][INFO] - Model MSE (random test set): 0.372
[2024-04-24 17:53:15,856][root][INFO] - Model MSE (GT MPC): 0.010
[2024-04-24 17:53:15,856][root][INFO] - Model Likelihood (random test set): -3.893
[2024-04-24 17:53:15,856][root][INFO] - Model Likelihood (GT MPC): -3.753
[2024-04-24 17:53:15,856][root][INFO] - *[TIME] [Evaluate the current MPC policy] Elapsed: 39.74 seconds
