[2024-04-24 17:22:56,730][root][INFO] - Dumper dumping to /tirl/experiments/mpc_frozencartpole_newhypers_initdata_gpforgetting_2024-04-24/17-22-51/seed_4
[2024-04-24 17:22:56,738][root][INFO] - Start obs: None
[2024-04-24 17:23:18,391][root][INFO] - GT Returns: [-12.9966797  -12.16162303 -10.67720428 -12.13361162 -12.22246164]
[2024-04-24 17:23:18,391][root][INFO] - GT Returns: mean=-12.038 std=0.752
[2024-04-24 17:23:18,391][root][INFO] - Path Lengths: [36345, 36345, 36345, 36345, 36345]
[2024-04-24 17:23:18,391][root][INFO] - Path Lengths: mean=36345.000 std=0.000
[2024-04-24 17:23:18,452][root][INFO] - all_x.shape = (181725, 5)
[2024-04-24 17:23:18,457][root][INFO] - all_x.min(axis=0) = [-0.5746903  -0.86789508 -0.99999832 -0.79929809 -1.        ]
[2024-04-24 17:23:18,462][root][INFO] - all_x.max(axis=0) = [0.83424599 1.37519986 0.99996456 0.87596579 1.        ]
[2024-04-24 17:23:18,465][root][INFO] - all_x.mean(axis=0) = [-0.00729628 -0.00590427  0.00896167  0.01469374 -0.00306656]
[2024-04-24 17:23:18,475][root][INFO] - all_x.var(axis=0) = [0.00667994 0.03016148 0.2446009  0.07563335 0.22070205]
[2024-04-24 17:23:18,533][root][INFO] - --------------- Start iteration i=0 ---------------
[2024-04-24 17:23:18,533][root][INFO] - Length of data.x: 301
[2024-04-24 17:23:18,533][root][INFO] - Length of data.y: 301
[2024-04-24 17:23:53,976][root][INFO] - Eval Returns: [-21.08418824 -20.40640699 -20.72542908 -23.59730941 -22.64216605]
[2024-04-24 17:23:53,988][root][INFO] - Eval Returns: mean=-21.691 std=1.224
[2024-04-24 17:23:53,988][root][INFO] - Eval ndata: 301.000
[2024-04-24 17:23:53,988][root][INFO] - Model MSE (current real MPC): 0.476
[2024-04-24 17:23:56,065][root][INFO] - Model MSE (random test set): 0.375
[2024-04-24 17:23:56,065][root][INFO] - Model MSE (GT MPC): 0.060
[2024-04-24 17:23:56,065][root][INFO] - Model Likelihood (random test set): -3.724
[2024-04-24 17:23:56,065][root][INFO] - Model Likelihood (GT MPC): -3.682
[2024-04-24 17:23:56,065][root][INFO] - *[TIME] [Evaluate the current MPC policy] Elapsed: 37.22 seconds
[2024-04-24 17:23:58,018][root][INFO] - x: [-0.00289855 -0.0024409   0.99953717 -0.00184361 -0.92404577]
[2024-04-24 17:23:58,018][root][INFO] - y: [-0.00024409 -0.07397034 -0.0014671   0.0741133 ]
[2024-04-24 17:23:58,019][root][INFO] - Reward: -0.9999901295492872
[2024-04-24 17:24:00,476][root][INFO] - --------------- Start iteration i=1 ---------------
[2024-04-24 17:24:00,477][root][INFO] - Length of data.x: 302
[2024-04-24 17:24:00,477][root][INFO] - Length of data.y: 302
[2024-04-24 17:24:00,936][root][INFO] - x: [-0.00314264 -0.07641124  0.99807007  0.07226969 -0.15965591]
[2024-04-24 17:24:00,937][root][INFO] - y: [-0.00764112 -0.01195452  0.05751044  0.01254994]
[2024-04-24 17:24:00,937][root][INFO] - Reward: -0.9999917499686068
[2024-04-24 17:24:00,940][root][INFO] - --------------- Start iteration i=2 ---------------
[2024-04-24 17:24:00,941][root][INFO] - Length of data.x: 303
[2024-04-24 17:24:00,941][root][INFO] - Length of data.y: 303
[2024-04-24 17:24:01,330][root][INFO] - x: [-0.01078376 -0.08836577 -0.9444195   0.08481963 -0.10411702]
[2024-04-24 17:24:01,331][root][INFO] - y: [-0.00883658  0.00495003  0.06749737 -0.02193482]
[2024-04-24 17:24:01,331][root][INFO] - Reward: -0.9999945123357662
[2024-04-24 17:24:01,333][root][INFO] - --------------- Start iteration i=3 ---------------
[2024-04-24 17:24:01,334][root][INFO] - Length of data.x: 304
[2024-04-24 17:24:01,334][root][INFO] - Length of data.y: 304
[2024-04-24 17:24:01,821][root][INFO] - x: [-0.01962034 -0.08341574 -0.87692212  0.06288481 -0.33477169]
[2024-04-24 17:24:01,822][root][INFO] - y: [-0.00834157 -0.00242495  0.05004218 -0.03478526]
[2024-04-24 17:24:01,822][root][INFO] - Reward: -0.9999969592715824
[2024-04-24 17:24:01,827][root][INFO] - --------------- Start iteration i=4 ---------------
[2024-04-24 17:24:01,827][root][INFO] - Length of data.x: 305
[2024-04-24 17:24:01,827][root][INFO] - Length of data.y: 305
[2024-04-24 17:24:02,270][root][INFO] - x: [-0.02796191 -0.08584069 -0.82687994  0.02809955 -0.11005755]
[2024-04-24 17:24:02,271][root][INFO] - y: [-0.00858407  0.01660355  0.02236093 -0.06502196]
[2024-04-24 17:24:02,271][root][INFO] - Reward: -0.9999987059195158
[2024-04-24 17:24:02,273][root][INFO] - --------------- Start iteration i=5 ---------------
[2024-04-24 17:24:02,273][root][INFO] - Length of data.x: 306
[2024-04-24 17:24:02,273][root][INFO] - Length of data.y: 306
[2024-04-24 17:24:02,608][root][INFO] - x: [-0.03654598 -0.06923715 -0.80451901 -0.03692241  0.01324573]
[2024-04-24 17:24:02,609][root][INFO] - y: [-0.00692371  0.02592842 -0.02938195 -0.07777777]
[2024-04-24 17:24:02,609][root][INFO] - Reward: -0.9999994112268356
[2024-04-24 17:24:02,611][root][INFO] - --------------- Start iteration i=6 ---------------
[2024-04-24 17:24:02,611][root][INFO] - Length of data.x: 307
[2024-04-24 17:24:02,611][root][INFO] - Length of data.y: 307
[2024-04-24 17:24:02,941][root][INFO] - x: [-0.0434697  -0.04330872 -0.83390096 -0.11470018  0.25738333]
[2024-04-24 17:24:02,941][root][INFO] - y: [-0.00433087  0.04924022 -0.09127558 -0.09163551]
[2024-04-24 17:24:02,941][root][INFO] - Reward: -0.9999993577514668
[2024-04-24 17:24:02,943][root][INFO] - --------------- Start iteration i=7 ---------------
[2024-04-24 17:24:02,943][root][INFO] - Length of data.x: 308
[2024-04-24 17:24:02,944][root][INFO] - Length of data.y: 308
[2024-04-24 17:24:03,291][root][INFO] - x: [-0.04780057  0.00593149 -0.92517654 -0.20633569  0.49495711]
[2024-04-24 17:24:03,291][root][INFO] - y: [ 0.00059315  0.06558644 -0.16419686 -0.08665432]
[2024-04-24 17:24:03,291][root][INFO] - Reward: -0.999992654842245
[2024-04-24 17:24:03,294][root][INFO] - --------------- Start iteration i=8 ---------------
[2024-04-24 17:24:03,294][root][INFO] - Length of data.x: 309
[2024-04-24 17:24:03,294][root][INFO] - Length of data.y: 309
[2024-04-24 17:24:03,653][root][INFO] - x: [-0.04720742  0.07151793  0.91062661 -0.29299001  0.5009072 ]
[2024-04-24 17:24:03,653][root][INFO] - y: [ 0.00715179 -0.01189235 -0.23315423  0.0386381 ]
[2024-04-24 17:24:03,653][root][INFO] - Reward: -0.9989172061016608
[2024-04-24 17:24:03,656][root][INFO] - --------------- Start iteration i=9 ---------------
[2024-04-24 17:24:03,656][root][INFO] - Length of data.x: 310
[2024-04-24 17:24:03,656][root][INFO] - Length of data.y: 310
[2024-04-24 17:24:04,007][root][INFO] - x: [-0.04005563  0.05962558  0.67747238 -0.25435191  0.33832567]
[2024-04-24 17:24:04,008][root][INFO] - y: [ 0.00596256 -0.05774149 -0.20240698  0.11387955]
[2024-04-24 17:24:04,008][root][INFO] - Reward: -0.9490148425272171
[2024-04-24 17:24:04,011][root][INFO] - --------------- Start iteration i=10 ---------------
[2024-04-24 17:24:04,011][root][INFO] - Length of data.x: 311
[2024-04-24 17:24:04,011][root][INFO] - Length of data.y: 311
[2024-04-24 17:24:37,940][root][INFO] - Eval Returns: [-23.01195683 -20.56305138 -17.75838286 -23.36806577 -21.91747305]
[2024-04-24 17:24:37,949][root][INFO] - Eval Returns: mean=-21.324 std=2.033
[2024-04-24 17:24:37,949][root][INFO] - Eval ndata: 311.000
[2024-04-24 17:24:37,949][root][INFO] - Model MSE (current real MPC): 0.384
[2024-04-24 17:24:39,858][root][INFO] - Model MSE (random test set): 0.375
[2024-04-24 17:24:39,858][root][INFO] - Model MSE (GT MPC): 0.060
[2024-04-24 17:24:39,858][root][INFO] - Model Likelihood (random test set): -3.724
[2024-04-24 17:24:39,858][root][INFO] - Model Likelihood (GT MPC): -3.682
[2024-04-24 17:24:39,858][root][INFO] - *[TIME] [Evaluate the current MPC policy] Elapsed: 35.49 seconds
[2024-04-24 17:24:43,082][root][INFO] - x: [-0.03409307  0.00188409  0.4750654  -0.14047236  0.57113341]
[2024-04-24 17:24:43,083][root][INFO] - y: [ 0.00018841  0.01299813 -0.11178444  0.09891603]
[2024-04-24 17:24:43,083][root][INFO] - Reward: -0.7333388076199092
[2024-04-24 17:24:44,824][root][INFO] - --------------- Start iteration i=11 ---------------
[2024-04-24 17:24:44,824][root][INFO] - Length of data.x: 312
[2024-04-24 17:24:44,824][root][INFO] - Length of data.y: 312
[2024-04-24 17:24:45,407][root][INFO] - x: [-0.03390466  0.01488222  0.36328096 -0.04155633  0.58186469]
[2024-04-24 17:24:45,408][root][INFO] - y: [ 0.00148822  0.04429517 -0.0330695   0.10772611]
[2024-04-24 17:24:45,408][root][INFO] - Reward: -0.6292440055752611
[2024-04-24 17:24:45,413][root][INFO] - --------------- Start iteration i=12 ---------------
[2024-04-24 17:24:45,413][root][INFO] - Length of data.x: 313
[2024-04-24 17:24:45,413][root][INFO] - Length of data.y: 313
[2024-04-24 17:24:45,976][root][INFO] - x: [-0.03241644  0.05917739  0.33021145  0.06616978 -0.86101672]
[2024-04-24 17:24:45,977][root][INFO] - y: [ 0.00591774 -0.03438797  0.05265628  0.06707275]
[2024-04-24 17:24:45,978][root][INFO] - Reward: -0.8468138953345234
[2024-04-24 17:24:45,982][root][INFO] - --------------- Start iteration i=13 ---------------
[2024-04-24 17:24:45,982][root][INFO] - Length of data.x: 314
[2024-04-24 17:24:45,982][root][INFO] - Length of data.y: 314
[2024-04-24 17:24:46,550][root][INFO] - x: [-0.0264987   0.02478942  0.38286774  0.13324254  1.        ]
[2024-04-24 17:24:46,551][root][INFO] - y: [0.00247894 0.04895861 0.10603113 0.10923807]
[2024-04-24 17:24:46,551][root][INFO] - Reward: -0.9756741751341595
[2024-04-24 17:24:46,556][root][INFO] - --------------- Start iteration i=14 ---------------
[2024-04-24 17:24:46,556][root][INFO] - Length of data.x: 315
[2024-04-24 17:24:46,556][root][INFO] - Length of data.y: 315
[2024-04-24 17:24:47,081][root][INFO] - x: [-0.02401976  0.07374803  0.48889886  0.2424806  -1.        ]
[2024-04-24 17:24:47,082][root][INFO] - y: [ 0.0073748  -0.1045904   0.19296009  0.09449328]
[2024-04-24 17:24:47,082][root][INFO] - Reward: -0.9995702057616986
[2024-04-24 17:24:47,086][root][INFO] - --------------- Start iteration i=15 ---------------
[2024-04-24 17:24:47,086][root][INFO] - Length of data.x: 316
[2024-04-24 17:24:47,087][root][INFO] - Length of data.y: 316
[2024-04-24 17:24:47,661][root][INFO] - x: [-0.01664495 -0.03084238  0.68185895  0.33697388  0.28185848]
[2024-04-24 17:24:47,662][root][INFO] - y: [-0.00308424 -0.10321488  0.26815551  0.13841753]
[2024-04-24 17:24:47,662][root][INFO] - Reward: -0.999989501830176
[2024-04-24 17:24:47,666][root][INFO] - --------------- Start iteration i=16 ---------------
[2024-04-24 17:24:47,667][root][INFO] - Length of data.x: 317
[2024-04-24 17:24:47,667][root][INFO] - Length of data.y: 317
[2024-04-24 17:24:48,265][root][INFO] - x: [-0.01972919 -0.13405725  0.95001446  0.47539141  0.82292572]
[2024-04-24 17:24:48,266][root][INFO] - y: [-0.01340573  0.00577679  0.37830477  0.00965198]
[2024-04-24 17:24:48,266][root][INFO] - Reward: -0.9999955648096331
[2024-04-24 17:24:48,271][root][INFO] - --------------- Start iteration i=17 ---------------
[2024-04-24 17:24:48,271][root][INFO] - Length of data.x: 318
[2024-04-24 17:24:48,271][root][INFO] - Length of data.y: 318
[2024-04-24 17:24:48,863][root][INFO] - x: [-0.03313492 -0.12828046 -0.67168077  0.4850434  -0.1466357 ]
[2024-04-24 17:24:48,863][root][INFO] - y: [-0.01282805  0.2213224   0.38598558 -0.1979261 ]
[2024-04-24 17:24:48,863][root][INFO] - Reward: -0.9993299252996207
[2024-04-24 17:24:48,868][root][INFO] - --------------- Start iteration i=18 ---------------
[2024-04-24 17:24:48,868][root][INFO] - Length of data.x: 319
[2024-04-24 17:24:48,868][root][INFO] - Length of data.y: 319
[2024-04-24 17:24:49,503][root][INFO] - x: [-0.04596296  0.09304194 -0.28569519  0.2871173   1.        ]
[2024-04-24 17:24:49,503][root][INFO] - y: [ 0.00930419  0.10716269  0.22848087 -0.0099522 ]
[2024-04-24 17:24:49,504][root][INFO] - Reward: -0.8342128378785342
[2024-04-24 17:24:49,509][root][INFO] - --------------- Start iteration i=19 ---------------
[2024-04-24 17:24:49,509][root][INFO] - Length of data.x: 320
[2024-04-24 17:24:49,509][root][INFO] - Length of data.y: 320
[2024-04-24 17:24:50,101][root][INFO] - x: [-0.03665877  0.20020462 -0.05721432  0.27716509 -0.29919518]
[2024-04-24 17:24:50,101][root][INFO] - y: [ 0.02002046 -0.01658406  0.22056115 -0.03387284]
[2024-04-24 17:24:50,102][root][INFO] - Reward: -0.16408293907543203
[2024-04-24 17:24:50,106][root][INFO] - --------------- Start iteration i=20 ---------------
[2024-04-24 17:24:50,106][root][INFO] - Length of data.x: 321
[2024-04-24 17:24:50,106][root][INFO] - Length of data.y: 321
[2024-04-24 17:25:27,029][root][INFO] - Eval Returns: [-20.80146553 -22.15513262 -23.43855006 -23.01808924 -21.38242801]
[2024-04-24 17:25:27,040][root][INFO] - Eval Returns: mean=-22.159 std=0.982
[2024-04-24 17:25:27,040][root][INFO] - Eval ndata: 321.000
[2024-04-24 17:25:27,041][root][INFO] - Model MSE (current real MPC): 0.470
[2024-04-24 17:25:29,040][root][INFO] - Model MSE (random test set): 0.375
[2024-04-24 17:25:29,041][root][INFO] - Model MSE (GT MPC): 0.060
[2024-04-24 17:25:29,041][root][INFO] - Model Likelihood (random test set): -3.724
[2024-04-24 17:25:29,041][root][INFO] - Model Likelihood (GT MPC): -3.682
[2024-04-24 17:25:29,041][root][INFO] - *[TIME] [Evaluate the current MPC policy] Elapsed: 38.35 seconds
[2024-04-24 17:25:32,567][root][INFO] - x: [-0.01663831  0.18362057  0.16334684  0.24329225  0.77833029]
[2024-04-24 17:25:32,568][root][INFO] - y: [0.01836206 0.0357674  0.19360598 0.07937065]
[2024-04-24 17:25:32,568][root][INFO] - Reward: -0.9669308163121727
[2024-04-24 17:25:34,205][root][INFO] - --------------- Start iteration i=21 ---------------
[2024-04-24 17:25:34,206][root][INFO] - Length of data.x: 322
[2024-04-24 17:25:34,206][root][INFO] - Length of data.y: 322
[2024-04-24 17:25:34,772][root][INFO] - x: [ 0.00172375  0.21938796  0.35695281  0.32266291 -0.80745959]
[2024-04-24 17:25:34,772][root][INFO] - y: [ 0.0219388  -0.16835875  0.25676719  0.01531084]
[2024-04-24 17:25:34,773][root][INFO] - Reward: -0.9999680208960237
[2024-04-24 17:25:34,777][root][INFO] - --------------- Start iteration i=22 ---------------
[2024-04-24 17:25:34,777][root][INFO] - Length of data.x: 323
[2024-04-24 17:25:34,777][root][INFO] - Length of data.y: 323
[2024-04-24 17:25:35,327][root][INFO] - x: [ 0.02366255  0.05102921  0.61372     0.33797374 -1.        ]
[2024-04-24 17:25:35,328][root][INFO] - y: [ 0.00510292 -0.22313381  0.26895118  0.17003138]
[2024-04-24 17:25:35,328][root][INFO] - Reward: -0.9999972116732962
[2024-04-24 17:25:35,331][root][INFO] - --------------- Start iteration i=23 ---------------
[2024-04-24 17:25:35,331][root][INFO] - Length of data.x: 324
[2024-04-24 17:25:35,331][root][INFO] - Length of data.y: 324
[2024-04-24 17:25:35,712][root][INFO] - x: [ 0.02876547 -0.1721046   0.88267118  0.50800512  0.07251636]
[2024-04-24 17:25:35,713][root][INFO] - y: [-0.01721046 -0.1344521   0.40425796  0.16080381]
[2024-04-24 17:25:35,714][root][INFO] - Reward: -0.9998104749084765
[2024-04-24 17:25:35,716][root][INFO] - --------------- Start iteration i=24 ---------------
[2024-04-24 17:25:35,716][root][INFO] - Length of data.x: 325
[2024-04-24 17:25:35,716][root][INFO] - Length of data.y: 325
[2024-04-24 17:25:36,102][root][INFO] - x: [ 0.01155501 -0.3065567  -0.71307087  0.66880893  0.04672874]
[2024-04-24 17:25:36,102][root][INFO] - y: [-0.03065567  0.4143365   0.53222166 -0.33410486]
[2024-04-24 17:25:36,102][root][INFO] - Reward: -0.8873468395114708
[2024-04-24 17:25:36,102][root][INFO] - Explore episode complete with return -22.98420075111457, resetting
[2024-04-24 17:25:36,102][root][INFO] - Exploration Episode Rewards: [-0.9999901295492872, -0.9999917499686068, -0.9999945123357662, -0.9999969592715824, -0.9999987059195158, -0.9999994112268356, -0.9999993577514668, -0.999992654842245, -0.9989172061016608, -0.9490148425272171, -0.7333388076199092, -0.6292440055752611, -0.8468138953345234, -0.9756741751341595, -0.9995702057616986, -0.999989501830176, -0.9999955648096331, -0.9993299252996207, -0.8342128378785342, -0.16408293907543203, -0.9669308163121727, -0.9999680208960237, -0.9999972116732962, -0.9998104749084765, -0.8873468395114708]
[2024-04-24 17:25:36,105][root][INFO] - --------------- Start iteration i=25 ---------------
[2024-04-24 17:25:36,105][root][INFO] - Length of data.x: 326
[2024-04-24 17:25:36,105][root][INFO] - Length of data.y: 326
[2024-04-24 17:25:36,469][root][INFO] - x: [-5.62917871e-03  9.77276096e-04  9.99418469e-01  1.02963295e-03
 -2.52579571e-01]
[2024-04-24 17:25:36,469][root][INFO] - y: [ 9.77276096e-05 -2.03297560e-02  8.19356528e-04  2.05093755e-02]
[2024-04-24 17:25:36,469][root][INFO] - Reward: -0.9999903144361179
[2024-04-24 17:25:36,473][root][INFO] - --------------- Start iteration i=26 ---------------
[2024-04-24 17:25:36,473][root][INFO] - Length of data.x: 327
[2024-04-24 17:25:36,473][root][INFO] - Length of data.y: 327
[2024-04-24 17:25:36,836][root][INFO] - x: [-0.00553145 -0.01935248 -0.99976217  0.02153901 -0.19631809]
[2024-04-24 17:25:36,837][root][INFO] - y: [-0.00193525 -0.01535111  0.01714021  0.01527749]
[2024-04-24 17:25:36,837][root][INFO] - Reward: -0.9999907892064955
[2024-04-24 17:25:36,839][root][INFO] - --------------- Start iteration i=27 ---------------
[2024-04-24 17:25:36,840][root][INFO] - Length of data.x: 328
[2024-04-24 17:25:36,840][root][INFO] - Length of data.y: 328
[2024-04-24 17:25:37,200][root][INFO] - x: [-0.0074667  -0.03470359 -0.98262196  0.03681649 -0.39285379]
[2024-04-24 17:25:37,200][root][INFO] - y: [-0.00347036 -0.02750248  0.02929766  0.02210271]
[2024-04-24 17:25:37,201][root][INFO] - Reward: -0.9999917664318195
[2024-04-24 17:25:37,203][root][INFO] - --------------- Start iteration i=28 ---------------
[2024-04-24 17:25:37,204][root][INFO] - Length of data.x: 329
[2024-04-24 17:25:37,204][root][INFO] - Length of data.y: 329
[2024-04-24 17:25:37,570][root][INFO] - x: [-0.01093706 -0.06220607 -0.9533243   0.05891921 -0.23892484]
[2024-04-24 17:25:37,571][root][INFO] - y: [-0.00622061 -0.00872941  0.04688645 -0.00571262]
[2024-04-24 17:25:37,571][root][INFO] - Reward: -0.9999937671588165
[2024-04-24 17:25:37,574][root][INFO] - --------------- Start iteration i=29 ---------------
[2024-04-24 17:25:37,574][root][INFO] - Length of data.x: 330
[2024-04-24 17:25:37,574][root][INFO] - Length of data.y: 330
[2024-04-24 17:25:37,940][root][INFO] - x: [-0.01715766 -0.07093548 -0.90643785  0.05320659 -0.47023912]
[2024-04-24 17:25:37,941][root][INFO] - y: [-0.00709355 -0.01800862  0.0423405  -0.01121447]
[2024-04-24 17:25:37,941][root][INFO] - Reward: -0.9999960330107197
[2024-04-24 17:25:37,944][root][INFO] - --------------- Start iteration i=30 ---------------
[2024-04-24 17:25:37,944][root][INFO] - Length of data.x: 331
[2024-04-24 17:25:37,944][root][INFO] - Length of data.y: 331
[2024-04-24 17:26:11,989][root][INFO] - Eval Returns: [-21.16955314 -23.28374838 -19.20389684 -21.70706784 -22.31962416]
[2024-04-24 17:26:11,999][root][INFO] - Eval Returns: mean=-21.537 std=1.362
[2024-04-24 17:26:11,999][root][INFO] - Eval ndata: 331.000
[2024-04-24 17:26:11,999][root][INFO] - Model MSE (current real MPC): 0.503
[2024-04-24 17:26:13,699][root][INFO] - Model MSE (random test set): 0.375
[2024-04-24 17:26:13,699][root][INFO] - Model MSE (GT MPC): 0.059
[2024-04-24 17:26:13,699][root][INFO] - Model Likelihood (random test set): -3.724
[2024-04-24 17:26:13,699][root][INFO] - Model Likelihood (GT MPC): -3.682
[2024-04-24 17:26:13,699][root][INFO] - *[TIME] [Evaluate the current MPC policy] Elapsed: 35.38 seconds
[2024-04-24 17:26:18,112][root][INFO] - x: [-0.02425121 -0.0889441  -0.86409735  0.04199213 -0.38844893]
[2024-04-24 17:26:18,113][root][INFO] - y: [-0.00889441 -0.00575673  0.0334163  -0.03542459]
[2024-04-24 17:26:18,113][root][INFO] - Reward: -0.9999981804791583
[2024-04-24 17:26:23,369][root][INFO] - --------------- Start iteration i=31 ---------------
[2024-04-24 17:26:23,369][root][INFO] - Length of data.x: 332
[2024-04-24 17:26:23,369][root][INFO] - Length of data.y: 332
[2024-04-24 17:26:23,987][root][INFO] - x: [-0.03314562 -0.09470083 -0.83068105  0.00656754  0.3478872 ]
[2024-04-24 17:26:23,988][root][INFO] - y: [-0.00947008  0.04776197  0.00522629 -0.09096969]
[2024-04-24 17:26:23,988][root][INFO] - Reward: -0.999999359485384
[2024-04-24 17:26:23,993][root][INFO] - --------------- Start iteration i=32 ---------------
[2024-04-24 17:26:23,993][root][INFO] - Length of data.x: 333
[2024-04-24 17:26:23,993][root][INFO] - Length of data.y: 333
[2024-04-24 17:26:24,447][root][INFO] - x: [-0.04261571 -0.04693886 -0.82545477 -0.08440215  0.80421478]
[2024-04-24 17:26:24,447][root][INFO] - y: [-0.00469389  0.08328959 -0.06716515 -0.12226792]
[2024-04-24 17:26:24,448][root][INFO] - Reward: -0.9999994901461414
[2024-04-24 17:26:24,451][root][INFO] - --------------- Start iteration i=33 ---------------
[2024-04-24 17:26:24,451][root][INFO] - Length of data.x: 334
[2024-04-24 17:26:24,451][root][INFO] - Length of data.y: 334
[2024-04-24 17:26:24,839][root][INFO] - x: [-0.04730959  0.03635073 -0.89261992 -0.20667007  0.38579753]
[2024-04-24 17:26:24,839][root][INFO] - y: [ 0.00363507  0.0655798  -0.16446295 -0.09438615]
[2024-04-24 17:26:24,839][root][INFO] - Reward: -0.9999949982321603
[2024-04-24 17:26:24,842][root][INFO] - --------------- Start iteration i=34 ---------------
[2024-04-24 17:26:24,842][root][INFO] - Length of data.x: 335
[2024-04-24 17:26:24,842][root][INFO] - Length of data.y: 335
[2024-04-24 17:26:25,237][root][INFO] - x: [-0.04367452  0.10193053  0.94291714 -0.30105622  0.3794714 ]
[2024-04-24 17:26:25,238][root][INFO] - y: [ 0.01019305 -0.00575487 -0.23957312  0.02317889]
[2024-04-24 17:26:25,238][root][INFO] - Reward: -0.9994528772522984
[2024-04-24 17:26:25,240][root][INFO] - --------------- Start iteration i=35 ---------------
[2024-04-24 17:26:25,240][root][INFO] - Length of data.x: 336
[2024-04-24 17:26:25,240][root][INFO] - Length of data.y: 336
[2024-04-24 17:26:25,631][root][INFO] - x: [-0.03348146  0.09617566  0.70334401 -0.27787733  0.17176049]
[2024-04-24 17:26:25,631][root][INFO] - y: [ 0.00961757 -0.07859302 -0.22112794  0.12569593]
[2024-04-24 17:26:25,631][root][INFO] - Reward: -0.9728554519456727
[2024-04-24 17:26:25,633][root][INFO] - --------------- Start iteration i=36 ---------------
[2024-04-24 17:26:25,634][root][INFO] - Length of data.x: 337
[2024-04-24 17:26:25,634][root][INFO] - Length of data.y: 337
[2024-04-24 17:26:26,016][root][INFO] - x: [-0.0238639   0.01758264  0.48221608 -0.1521814  -0.15103299]
[2024-04-24 17:26:26,017][root][INFO] - y: [ 0.00175826 -0.02738418 -0.12110221  0.09651758]
[2024-04-24 17:26:26,017][root][INFO] - Reward: -0.8336009919900296
[2024-04-24 17:26:26,019][root][INFO] - --------------- Start iteration i=37 ---------------
[2024-04-24 17:26:26,019][root][INFO] - Length of data.x: 338
[2024-04-24 17:26:26,020][root][INFO] - Length of data.y: 338
[2024-04-24 17:26:26,381][root][INFO] - x: [-0.02210564 -0.00980154  0.36111387 -0.05566382 -0.25783409]
[2024-04-24 17:26:26,381][root][INFO] - y: [-0.00098015 -0.00141662 -0.04429589  0.08840107]
[2024-04-24 17:26:26,381][root][INFO] - Reward: -0.6964687057548347
[2024-04-24 17:26:26,385][root][INFO] - --------------- Start iteration i=38 ---------------
[2024-04-24 17:26:26,386][root][INFO] - Length of data.x: 339
[2024-04-24 17:26:26,386][root][INFO] - Length of data.y: 339
[2024-04-24 17:26:26,758][root][INFO] - x: [-0.02308579 -0.01121816  0.31681798  0.03273725  0.26924283]
[2024-04-24 17:26:26,759][root][INFO] - y: [-0.00112182  0.0332367   0.0260515   0.10047159]
[2024-04-24 17:26:26,759][root][INFO] - Reward: -0.766139609893722
[2024-04-24 17:26:26,762][root][INFO] - --------------- Start iteration i=39 ---------------
[2024-04-24 17:26:26,762][root][INFO] - Length of data.x: 340
[2024-04-24 17:26:26,762][root][INFO] - Length of data.y: 340
[2024-04-24 17:26:27,229][root][INFO] - x: [-0.0242076   0.02201854  0.34286947  0.13320885  0.57386964]
[2024-04-24 17:26:27,230][root][INFO] - y: [0.00220185 0.03187317 0.10600432 0.10157888]
[2024-04-24 17:26:27,230][root][INFO] - Reward: -0.9567539903033062
[2024-04-24 17:26:27,234][root][INFO] - --------------- Start iteration i=40 ---------------
[2024-04-24 17:26:27,234][root][INFO] - Length of data.x: 341
[2024-04-24 17:26:27,235][root][INFO] - Length of data.y: 341
[2024-04-24 17:27:04,321][root][INFO] - Eval Returns: [-18.36685488 -21.86283692 -21.25017773 -20.75726055 -22.19307553]
[2024-04-24 17:27:04,335][root][INFO] - Eval Returns: mean=-20.886 std=1.353
[2024-04-24 17:27:04,335][root][INFO] - Eval ndata: 341.000
[2024-04-24 17:27:04,335][root][INFO] - Model MSE (current real MPC): 0.542
[2024-04-24 17:27:06,229][root][INFO] - Model MSE (random test set): 0.375
[2024-04-24 17:27:06,229][root][INFO] - Model MSE (GT MPC): 0.059
[2024-04-24 17:27:06,229][root][INFO] - Model Likelihood (random test set): -3.724
[2024-04-24 17:27:06,229][root][INFO] - Model Likelihood (GT MPC): -3.682
[2024-04-24 17:27:06,229][root][INFO] - *[TIME] [Evaluate the current MPC policy] Elapsed: 38.49 seconds
[2024-04-24 17:27:09,433][root][INFO] - x: [-0.02200575  0.05389171  0.44887379  0.23478772  0.03144086]
[2024-04-24 17:27:09,434][root][INFO] - y: [ 0.00538917 -0.04459578  0.18683828  0.08980385]
[2024-04-24 17:27:09,434][root][INFO] - Reward: -0.9990027897328323
[2024-04-24 17:27:11,044][root][INFO] - --------------- Start iteration i=41 ---------------
[2024-04-24 17:27:11,044][root][INFO] - Length of data.x: 342
[2024-04-24 17:27:11,044][root][INFO] - Length of data.y: 342
[2024-04-24 17:27:11,648][root][INFO] - x: [-0.01661658  0.00929594  0.63571208  0.32459158  0.3455943 ]
[2024-04-24 17:27:11,649][root][INFO] - y: [ 0.00092959 -0.09254688  0.25830198  0.12768207]
[2024-04-24 17:27:11,649][root][INFO] - Reward: -0.9999816941481053
[2024-04-24 17:27:11,654][root][INFO] - --------------- Start iteration i=42 ---------------
[2024-04-24 17:27:11,654][root][INFO] - Length of data.x: 343
[2024-04-24 17:27:11,654][root][INFO] - Length of data.y: 343
[2024-04-24 17:27:12,200][root][INFO] - x: [-0.01568699 -0.08325094  0.89401405  0.45227365  0.367011  ]
[2024-04-24 17:27:12,201][root][INFO] - y: [-0.00832509 -0.0825049   0.35990822  0.11006998]
[2024-04-24 17:27:12,201][root][INFO] - Reward: -0.9999931663640281
[2024-04-24 17:27:12,206][root][INFO] - --------------- Start iteration i=43 ---------------
[2024-04-24 17:27:12,206][root][INFO] - Length of data.x: 344
[2024-04-24 17:27:12,206][root][INFO] - Length of data.y: 344
[2024-04-24 17:27:12,764][root][INFO] - x: [-0.02401208 -0.16575584 -0.74607772  0.56234363 -0.40685672]
[2024-04-24 17:27:12,765][root][INFO] - y: [-0.01657558  0.25935236  0.4474992  -0.25140418]
[2024-04-24 17:27:12,765][root][INFO] - Reward: -0.998901126582033
[2024-04-24 17:27:12,770][root][INFO] - --------------- Start iteration i=44 ---------------
[2024-04-24 17:27:12,771][root][INFO] - Length of data.x: 345
[2024-04-24 17:27:12,771][root][INFO] - Length of data.y: 345
[2024-04-24 17:27:13,347][root][INFO] - x: [-0.04058766  0.09359651 -0.29857852  0.31093945 -0.79507395]
[2024-04-24 17:27:13,348][root][INFO] - y: [ 0.00935965  0.01708014  0.24743795 -0.0690858 ]
[2024-04-24 17:27:13,348][root][INFO] - Reward: -0.736555019606643
[2024-04-24 17:27:13,353][root][INFO] - --------------- Start iteration i=45 ---------------
[2024-04-24 17:27:13,353][root][INFO] - Length of data.x: 346
[2024-04-24 17:27:13,353][root][INFO] - Length of data.y: 346
[2024-04-24 17:27:13,904][root][INFO] - x: [-0.03122801  0.11067666 -0.05114056  0.24185366  0.53801295]
[2024-04-24 17:27:13,904][root][INFO] - y: [0.01106767 0.0453063  0.19246118 0.02901354]
[2024-04-24 17:27:13,905][root][INFO] - Reward: -0.0509166852725732
[2024-04-24 17:27:13,909][root][INFO] - --------------- Start iteration i=46 ---------------
[2024-04-24 17:27:13,910][root][INFO] - Length of data.x: 347
[2024-04-24 17:27:13,910][root][INFO] - Length of data.y: 347
[2024-04-24 17:27:14,468][root][INFO] - x: [-0.02016035  0.15598296  0.14132062  0.27086719  0.20387741]
[2024-04-24 17:27:14,468][root][INFO] - y: [ 0.0155983  -0.00954573  0.21554944  0.03355948]
[2024-04-24 17:27:14,469][root][INFO] - Reward: -0.9437869172179078
[2024-04-24 17:27:14,473][root][INFO] - --------------- Start iteration i=47 ---------------
[2024-04-24 17:27:14,473][root][INFO] - Length of data.x: 348
[2024-04-24 17:27:14,473][root][INFO] - Length of data.y: 348
[2024-04-24 17:27:15,025][root][INFO] - x: [-0.00456205  0.14643723  0.35687006  0.30442667  1.        ]
[2024-04-24 17:27:15,025][root][INFO] - y: [ 0.01464372 -0.01646238  0.24225524  0.08128307]
[2024-04-24 17:27:15,026][root][INFO] - Reward: -0.9998020450793081
[2024-04-24 17:27:15,030][root][INFO] - --------------- Start iteration i=48 ---------------
[2024-04-24 17:27:15,031][root][INFO] - Length of data.x: 349
[2024-04-24 17:27:15,031][root][INFO] - Length of data.y: 349
[2024-04-24 17:27:15,617][root][INFO] - x: [ 0.01008167  0.12997484  0.5991253   0.38570974 -0.83347977]
[2024-04-24 17:27:15,617][root][INFO] - y: [ 0.01299748 -0.23647905  0.30693831  0.16593423]
[2024-04-24 17:27:15,618][root][INFO] - Reward: -0.9999956333355495
[2024-04-24 17:27:15,624][root][INFO] - --------------- Start iteration i=49 ---------------
[2024-04-24 17:27:15,624][root][INFO] - Length of data.x: 350
[2024-04-24 17:27:15,624][root][INFO] - Length of data.y: 350
[2024-04-24 17:27:16,219][root][INFO] - x: [ 0.02307916 -0.1065042   0.90606361  0.55164397  0.32623775]
[2024-04-24 17:27:16,221][root][INFO] - y: [-0.01065042 -0.09065461  0.43898468  0.11529676]
[2024-04-24 17:27:16,222][root][INFO] - Reward: -0.9994597700186652
[2024-04-24 17:27:16,222][root][INFO] - Explore episode complete with return -22.953621173084326, resetting
[2024-04-24 17:27:16,222][root][INFO] - Exploration Episode Rewards: [-0.9999903144361179, -0.9999907892064955, -0.9999917664318195, -0.9999937671588165, -0.9999960330107197, -0.9999981804791583, -0.999999359485384, -0.9999994901461414, -0.9999949982321603, -0.9994528772522984, -0.9728554519456727, -0.8336009919900296, -0.6964687057548347, -0.766139609893722, -0.9567539903033062, -0.9990027897328323, -0.9999816941481053, -0.9999931663640281, -0.998901126582033, -0.736555019606643, -0.0509166852725732, -0.9437869172179078, -0.9998020450793081, -0.9999956333355495, -0.9994597700186652]
[2024-04-24 17:27:16,227][root][INFO] - --------------- Start iteration i=50 ---------------
[2024-04-24 17:27:16,227][root][INFO] - Length of data.x: 351
[2024-04-24 17:27:16,227][root][INFO] - Length of data.y: 351
[2024-04-24 17:27:59,979][root][INFO] - Eval Returns: [-22.19652882 -23.78308677 -20.76845117 -17.95214066 -21.8330695 ]
[2024-04-24 17:27:59,990][root][INFO] - Eval Returns: mean=-21.307 std=1.936
[2024-04-24 17:27:59,990][root][INFO] - Eval ndata: 351.000
[2024-04-24 17:27:59,990][root][INFO] - Model MSE (current real MPC): 0.441
[2024-04-24 17:28:01,751][root][INFO] - Model MSE (random test set): 0.375
[2024-04-24 17:28:01,751][root][INFO] - Model MSE (GT MPC): 0.058
[2024-04-24 17:28:01,751][root][INFO] - Model Likelihood (random test set): -3.724
[2024-04-24 17:28:01,751][root][INFO] - Model Likelihood (GT MPC): -3.682
[2024-04-24 17:28:01,751][root][INFO] - *[TIME] [Evaluate the current MPC policy] Elapsed: 44.90 seconds
[2024-04-24 17:28:05,271][root][INFO] - x: [-1.56747851e-03  1.78750076e-03 -9.94002498e-01 -8.74781312e-05
  4.76594474e-01]
[2024-04-24 17:28:05,271][root][INFO] - y: [ 1.78750076e-04  3.92006461e-02 -6.96129412e-05 -4.10440799e-02]
[2024-04-24 17:28:05,271][root][INFO] - Reward: -0.9999901005044235
[2024-04-24 17:28:06,982][root][INFO] - --------------- Start iteration i=51 ---------------
[2024-04-24 17:28:06,982][root][INFO] - Length of data.x: 352
[2024-04-24 17:28:06,982][root][INFO] - Length of data.y: 352
[2024-04-24 17:28:07,560][root][INFO] - x: [-0.00138873  0.04098815 -0.99407211 -0.04113156  0.59016479]
[2024-04-24 17:28:07,561][root][INFO] - y: [ 0.00409881  0.04769187 -0.03273148 -0.04951252]
[2024-04-24 17:28:07,561][root][INFO] - Reward: -0.9999901431897544
[2024-04-24 17:28:07,566][root][INFO] - --------------- Start iteration i=52 ---------------
[2024-04-24 17:28:07,566][root][INFO] - Length of data.x: 353
[2024-04-24 17:28:07,566][root][INFO] - Length of data.y: 353
[2024-04-24 17:28:08,188][root][INFO] - x: [ 0.00271009  0.08868002  0.97319641 -0.09064408  0.3632904 ]
[2024-04-24 17:28:08,188][root][INFO] - y: [ 0.008868    0.05051841 -0.07213233 -0.0420799 ]
[2024-04-24 17:28:08,189][root][INFO] - Reward: -0.9999916327124706
[2024-04-24 17:28:08,194][root][INFO] - --------------- Start iteration i=53 ---------------
[2024-04-24 17:28:08,194][root][INFO] - Length of data.x: 354
[2024-04-24 17:28:08,194][root][INFO] - Length of data.y: 354
[2024-04-24 17:28:08,797][root][INFO] - x: [ 0.01157809  0.13919843  0.90106408 -0.13272399 -0.12136077]
[2024-04-24 17:28:08,798][root][INFO] - y: [ 0.01391984 -0.04439139 -0.10561848  0.07229762]
[2024-04-24 17:28:08,798][root][INFO] - Reward: -0.9999957051802112
[2024-04-24 17:28:08,803][root][INFO] - --------------- Start iteration i=54 ---------------
[2024-04-24 17:28:08,803][root][INFO] - Length of data.x: 355
[2024-04-24 17:28:08,803][root][INFO] - Length of data.y: 355
[2024-04-24 17:28:09,414][root][INFO] - x: [ 0.02549793  0.09480704  0.79544561 -0.06042636 -0.21297361]
[2024-04-24 17:28:09,415][root][INFO] - y: [ 0.0094807  -0.05523848 -0.04808581  0.10307112]
[2024-04-24 17:28:09,416][root][INFO] - Reward: -0.9999980965725624
[2024-04-24 17:28:09,422][root][INFO] - --------------- Start iteration i=55 ---------------
[2024-04-24 17:28:09,422][root][INFO] - Length of data.x: 356
[2024-04-24 17:28:09,422][root][INFO] - Length of data.y: 356
[2024-04-24 17:28:10,057][root][INFO] - x: [ 0.03497864  0.03956856  0.74735979  0.04264475 -0.36779952]
[2024-04-24 17:28:10,058][root][INFO] - y: [ 0.00395686 -0.06964242  0.03393564  0.11884595]
[2024-04-24 17:28:10,058][root][INFO] - Reward: -0.99999898097626
[2024-04-24 17:28:10,064][root][INFO] - --------------- Start iteration i=56 ---------------
[2024-04-24 17:28:10,064][root][INFO] - Length of data.x: 357
[2024-04-24 17:28:10,064][root][INFO] - Length of data.y: 357
[2024-04-24 17:28:10,712][root][INFO] - x: [ 0.03893549 -0.03007386  0.78129544  0.16149071 -0.48795313]
[2024-04-24 17:28:10,712][root][INFO] - y: [-0.00300739 -0.10576541  0.12851033  0.14405394]
[2024-04-24 17:28:10,713][root][INFO] - Reward: -0.9999983040466511
[2024-04-24 17:28:10,718][root][INFO] - --------------- Start iteration i=57 ---------------
[2024-04-24 17:28:10,718][root][INFO] - Length of data.x: 358
[2024-04-24 17:28:10,719][root][INFO] - Length of data.y: 358
[2024-04-24 17:28:11,303][root][INFO] - x: [ 0.03592811 -0.13583927  0.90980576  0.30554465 -0.1477895 ]
[2024-04-24 17:28:11,303][root][INFO] - y: [-0.01358393 -0.07301571  0.24314491  0.09755872]
[2024-04-24 17:28:11,304][root][INFO] - Reward: -0.9999655373351948
[2024-04-24 17:28:11,309][root][INFO] - --------------- Start iteration i=58 ---------------
[2024-04-24 17:28:11,309][root][INFO] - Length of data.x: 359
[2024-04-24 17:28:11,309][root][INFO] - Length of data.y: 359
[2024-04-24 17:28:11,894][root][INFO] - x: [ 0.02234418 -0.20885498 -0.84704933  0.40310337 -0.07737502]
[2024-04-24 17:28:11,894][root][INFO] - y: [-0.0208855   0.11325708  0.32077973 -0.14582293]
[2024-04-24 17:28:11,895][root][INFO] - Reward: -0.9977503078057111
[2024-04-24 17:28:11,899][root][INFO] - --------------- Start iteration i=59 ---------------
[2024-04-24 17:28:11,899][root][INFO] - Length of data.x: 360
[2024-04-24 17:28:11,899][root][INFO] - Length of data.y: 360
[2024-04-24 17:28:12,418][root][INFO] - x: [ 0.00145868 -0.09559789 -0.5262696   0.25728044 -0.56925659]
[2024-04-24 17:28:12,419][root][INFO] - y: [-0.00955979  0.00892328  0.20473743 -0.09860136]
[2024-04-24 17:28:12,419][root][INFO] - Reward: -0.966899877088893
[2024-04-24 17:28:12,424][root][INFO] - --------------- Start iteration i=60 ---------------
[2024-04-24 17:28:12,424][root][INFO] - Length of data.x: 361
[2024-04-24 17:28:12,424][root][INFO] - Length of data.y: 361
[2024-04-24 17:28:55,804][root][INFO] - Eval Returns: [-22.73591342 -22.30783469 -21.24178735 -22.48032542 -21.18163107]
[2024-04-24 17:28:55,813][root][INFO] - Eval Returns: mean=-21.989 std=0.650
[2024-04-24 17:28:55,814][root][INFO] - Eval ndata: 361.000
[2024-04-24 17:28:55,814][root][INFO] - Model MSE (current real MPC): 0.502
[2024-04-24 17:28:57,682][root][INFO] - Model MSE (random test set): 0.375
[2024-04-24 17:28:57,682][root][INFO] - Model MSE (GT MPC): 0.058
[2024-04-24 17:28:57,682][root][INFO] - Model Likelihood (random test set): -3.724
[2024-04-24 17:28:57,682][root][INFO] - Model Likelihood (GT MPC): -3.682
[2024-04-24 17:28:57,682][root][INFO] - *[TIME] [Evaluate the current MPC policy] Elapsed: 44.73 seconds
[2024-04-24 17:29:00,987][root][INFO] - x: [-0.00810111 -0.08667461 -0.32153217  0.15867908  1.        ]
[2024-04-24 17:29:00,988][root][INFO] - y: [-0.00866746  0.06071186  0.1262729  -0.05088131]
[2024-04-24 17:29:00,988][root][INFO] - Reward: -0.8893970550189778
[2024-04-24 17:29:02,734][root][INFO] - --------------- Start iteration i=61 ---------------
[2024-04-24 17:29:02,735][root][INFO] - Length of data.x: 362
[2024-04-24 17:29:02,735][root][INFO] - Length of data.y: 362
[2024-04-24 17:29:03,326][root][INFO] - x: [-0.01676857 -0.02596275 -0.19525927  0.10779777 -0.44192252]
[2024-04-24 17:29:03,326][root][INFO] - y: [-0.00259627 -0.04390809  0.08578281 -0.09243372]
[2024-04-24 17:29:03,331][root][INFO] - Reward: -0.7175253154805887
[2024-04-24 17:29:03,336][root][INFO] - --------------- Start iteration i=62 ---------------
[2024-04-24 17:29:03,336][root][INFO] - Length of data.x: 363
[2024-04-24 17:29:03,336][root][INFO] - Length of data.y: 363
[2024-04-24 17:29:03,940][root][INFO] - x: [-0.01936484 -0.06987084 -0.10947646  0.01536405  0.34753343]
[2024-04-24 17:29:03,940][root][INFO] - y: [-0.00698708  0.00967618  0.01222633 -0.02400252]
[2024-04-24 17:29:03,941][root][INFO] - Reward: -0.7946856737978545
[2024-04-24 17:29:03,946][root][INFO] - --------------- Start iteration i=63 ---------------
[2024-04-24 17:29:03,946][root][INFO] - Length of data.x: 364
[2024-04-24 17:29:03,946][root][INFO] - Length of data.y: 364
[2024-04-24 17:29:04,549][root][INFO] - x: [-0.02635193 -0.06019466 -0.09725013 -0.00863847 -0.92824619]
[2024-04-24 17:29:04,550][root][INFO] - y: [-0.00601947 -0.08552217 -0.00687428 -0.11109919]
[2024-04-24 17:29:04,550][root][INFO] - Reward: -0.8826146507436443
[2024-04-24 17:29:04,555][root][INFO] - --------------- Start iteration i=64 ---------------
[2024-04-24 17:29:04,556][root][INFO] - Length of data.x: 365
[2024-04-24 17:29:04,556][root][INFO] - Length of data.y: 365
[2024-04-24 17:29:05,155][root][INFO] - x: [-0.03237139 -0.14571682 -0.10412441 -0.11973766 -0.49220285]
[2024-04-24 17:29:05,156][root][INFO] - y: [-0.01457168 -0.045259   -0.09528428 -0.07441204]
[2024-04-24 17:29:05,156][root][INFO] - Reward: -0.995908309067302
[2024-04-24 17:29:05,162][root][INFO] - --------------- Start iteration i=65 ---------------
[2024-04-24 17:29:05,162][root][INFO] - Length of data.x: 366
[2024-04-24 17:29:05,162][root][INFO] - Length of data.y: 366
[2024-04-24 17:29:05,763][root][INFO] - x: [-0.04694308 -0.19097583 -0.19940869 -0.1941497   1.        ]
[2024-04-24 17:29:05,764][root][INFO] - y: [-0.01909758  0.07313708 -0.15449954  0.00167612]
[2024-04-24 17:29:05,764][root][INFO] - Reward: -0.999995802912148
[2024-04-24 17:29:05,770][root][INFO] - --------------- Start iteration i=66 ---------------
[2024-04-24 17:29:05,770][root][INFO] - Length of data.x: 367
[2024-04-24 17:29:05,770][root][INFO] - Length of data.y: 367
[2024-04-24 17:29:06,378][root][INFO] - x: [-0.06604066 -0.11783875 -0.35390824 -0.19247357 -0.21399315]
[2024-04-24 17:29:06,378][root][INFO] - y: [-0.01178388  0.00754471 -0.15316573 -0.08469513]
[2024-04-24 17:29:06,379][root][INFO] - Reward: -0.9999999875634569
[2024-04-24 17:29:06,383][root][INFO] - --------------- Start iteration i=67 ---------------
[2024-04-24 17:29:06,384][root][INFO] - Length of data.x: 368
[2024-04-24 17:29:06,384][root][INFO] - Length of data.y: 368
[2024-04-24 17:29:06,987][root][INFO] - x: [-0.07782453 -0.11029404 -0.50707396 -0.2771687   0.20972517]
[2024-04-24 17:29:06,987][root][INFO] - y: [-0.0110294   0.0844262  -0.22056402 -0.10005174]
[2024-04-24 17:29:06,988][root][INFO] - Reward: -0.9999999997919253
[2024-04-24 17:29:06,993][root][INFO] - --------------- Start iteration i=68 ---------------
[2024-04-24 17:29:06,993][root][INFO] - Length of data.x: 369
[2024-04-24 17:29:06,993][root][INFO] - Length of data.y: 369
[2024-04-24 17:29:07,603][root][INFO] - x: [-0.08885394 -0.02586784 -0.72763799 -0.37722044  0.33148047]
[2024-04-24 17:29:07,604][root][INFO] - y: [-0.00258678  0.1618844  -0.30018273 -0.18029272]
[2024-04-24 17:29:07,604][root][INFO] - Reward: -0.9999999728219343
[2024-04-24 17:29:07,610][root][INFO] - --------------- Start iteration i=69 ---------------
[2024-04-24 17:29:07,610][root][INFO] - Length of data.x: 370
[2024-04-24 17:29:07,610][root][INFO] - Length of data.y: 370
[2024-04-24 17:29:08,216][root][INFO] - x: [-0.09144072  0.13601657  0.97217928 -0.55751316  0.42828002]
[2024-04-24 17:29:08,217][root][INFO] - y: [ 0.01360166 -0.01367354 -0.44365524  0.02219348]
[2024-04-24 17:29:08,217][root][INFO] - Reward: -0.9747777389623479
[2024-04-24 17:29:08,222][root][INFO] - --------------- Start iteration i=70 ---------------
[2024-04-24 17:29:08,222][root][INFO] - Length of data.x: 371
[2024-04-24 17:29:08,222][root][INFO] - Length of data.y: 371
[2024-04-24 17:29:54,519][root][INFO] - Eval Returns: [-19.00706766 -21.0934089  -20.26010735 -21.41106543 -20.44258219]
[2024-04-24 17:29:54,531][root][INFO] - Eval Returns: mean=-20.443 std=0.831
[2024-04-24 17:29:54,531][root][INFO] - Eval ndata: 371.000
[2024-04-24 17:29:54,531][root][INFO] - Model MSE (current real MPC): 0.439
[2024-04-24 17:29:56,616][root][INFO] - Model MSE (random test set): 0.375
[2024-04-24 17:29:56,616][root][INFO] - Model MSE (GT MPC): 0.058
[2024-04-24 17:29:56,616][root][INFO] - Model Likelihood (random test set): -3.724
[2024-04-24 17:29:56,616][root][INFO] - Model Likelihood (GT MPC): -3.681
[2024-04-24 17:29:56,617][root][INFO] - *[TIME] [Evaluate the current MPC policy] Elapsed: 47.79 seconds
[2024-04-24 17:29:59,975][root][INFO] - x: [-0.07783907  0.12234303  0.52852404 -0.53531968  0.16292058]
[2024-04-24 17:29:59,975][root][INFO] - y: [ 0.0122343  -0.26473347 -0.42599421  0.12149692]
[2024-04-24 17:29:59,976][root][INFO] - Reward: -0.8254724780501195
[2024-04-24 17:30:01,576][root][INFO] - --------------- Start iteration i=71 ---------------
[2024-04-24 17:30:01,576][root][INFO] - Length of data.x: 372
[2024-04-24 17:30:01,576][root][INFO] - Length of data.y: 372
[2024-04-24 17:30:02,205][root][INFO] - x: [-0.06560476 -0.14239045  0.10252983 -0.41382277 -0.93855196]
[2024-04-24 17:30:02,205][root][INFO] - y: [-0.01423904 -0.12869252 -0.32930996 -0.0909872 ]
[2024-04-24 17:30:02,206][root][INFO] - Reward: -0.9999899868593513
[2024-04-24 17:30:02,211][root][INFO] - --------------- Start iteration i=72 ---------------
[2024-04-24 17:30:02,212][root][INFO] - Length of data.x: 373
[2024-04-24 17:30:02,212][root][INFO] - Length of data.y: 373
[2024-04-24 17:30:02,902][root][INFO] - x: [-0.07984381 -0.27108297 -0.22678013 -0.50480997  0.34863728]
[2024-04-24 17:30:02,903][root][INFO] - y: [-0.0271083   0.20133461 -0.40171533  0.08817012]
[2024-04-24 17:30:02,903][root][INFO] - Reward: -0.9999999999972397
[2024-04-24 17:30:02,909][root][INFO] - --------------- Start iteration i=73 ---------------
[2024-04-24 17:30:02,909][root][INFO] - Length of data.x: 374
[2024-04-24 17:30:02,909][root][INFO] - Length of data.y: 374
[2024-04-24 17:30:03,592][root][INFO] - x: [-0.1069521  -0.06974836 -0.62849546 -0.41663985  0.39754497]
[2024-04-24 17:30:03,592][root][INFO] - y: [-0.00697484  0.19480759 -0.33155172 -0.16682812]
[2024-04-24 17:30:03,593][root][INFO] - Reward: -0.9999999999182495
[2024-04-24 17:30:03,599][root][INFO] - --------------- Start iteration i=74 ---------------
[2024-04-24 17:30:03,599][root][INFO] - Length of data.x: 375
[2024-04-24 17:30:03,599][root][INFO] - Length of data.y: 375
[2024-04-24 17:30:04,287][root][INFO] - x: [-0.11392694  0.12505923 -0.96004718 -0.58346796  0.24824946]
[2024-04-24 17:30:04,288][root][INFO] - y: [ 0.01250592  0.08827486 -0.46430943 -0.09987391]
[2024-04-24 17:30:04,288][root][INFO] - Reward: -0.9972112000787688
[2024-04-24 17:30:04,288][root][INFO] - Explore episode complete with return -24.042156856476048, resetting
[2024-04-24 17:30:04,288][root][INFO] - Exploration Episode Rewards: [-0.9999901005044235, -0.9999901431897544, -0.9999916327124706, -0.9999957051802112, -0.9999980965725624, -0.99999898097626, -0.9999983040466511, -0.9999655373351948, -0.9977503078057111, -0.966899877088893, -0.8893970550189778, -0.7175253154805887, -0.7946856737978545, -0.8826146507436443, -0.995908309067302, -0.999995802912148, -0.9999999875634569, -0.9999999997919253, -0.9999999728219343, -0.9747777389623479, -0.8254724780501195, -0.9999899868593513, -0.9999999999972397, -0.9999999999182495, -0.9972112000787688]
[2024-04-24 17:30:04,295][root][INFO] - --------------- Start iteration i=75 ---------------
[2024-04-24 17:30:04,295][root][INFO] - Length of data.x: 376
[2024-04-24 17:30:04,295][root][INFO] - Length of data.y: 376
[2024-04-24 17:30:04,953][root][INFO] - x: [-3.95695820e-03 -4.13914120e-03  9.92402006e-01 -4.15774141e-04
  2.98555972e-01]
[2024-04-24 17:30:04,954][root][INFO] - y: [-0.00041391  0.02253697 -0.00033086 -0.02018651]
[2024-04-24 17:30:04,955][root][INFO] - Reward: -0.9999901006792475
[2024-04-24 17:30:04,961][root][INFO] - --------------- Start iteration i=76 ---------------
[2024-04-24 17:30:04,961][root][INFO] - Length of data.x: 377
[2024-04-24 17:30:04,961][root][INFO] - Length of data.y: 377
[2024-04-24 17:30:05,603][root][INFO] - x: [-0.00437087  0.01839783  0.99207114 -0.02060228  0.62918233]
[2024-04-24 17:30:05,604][root][INFO] - y: [ 0.00183978  0.0485391  -0.01639479 -0.04607796]
[2024-04-24 17:30:05,604][root][INFO] - Reward: -0.9999897656923256
[2024-04-24 17:30:05,610][root][INFO] - --------------- Start iteration i=77 ---------------
[2024-04-24 17:30:05,610][root][INFO] - Length of data.x: 378
[2024-04-24 17:30:05,610][root][INFO] - Length of data.y: 378
[2024-04-24 17:30:06,316][root][INFO] - x: [-0.00253109  0.06693693  0.97567635 -0.06668024  0.278931  ]
[2024-04-24 17:30:06,317][root][INFO] - y: [ 0.00669369  0.01619269 -0.05306249 -0.00864854]
[2024-04-24 17:30:06,318][root][INFO] - Reward: -0.9999894635550896
[2024-04-24 17:30:06,324][root][INFO] - --------------- Start iteration i=78 ---------------
[2024-04-24 17:30:06,325][root][INFO] - Length of data.x: 379
[2024-04-24 17:30:06,325][root][INFO] - Length of data.y: 379
[2024-04-24 17:30:07,004][root][INFO] - x: [ 0.0041626   0.08312962  0.92261386 -0.07532878  0.63670529]
[2024-04-24 17:30:07,005][root][INFO] - y: [ 0.00831296  0.08188004 -0.05994479 -0.05583242]
[2024-04-24 17:30:07,005][root][INFO] - Reward: -0.9999909931536083
[2024-04-24 17:30:07,011][root][INFO] - --------------- Start iteration i=79 ---------------
[2024-04-24 17:30:07,011][root][INFO] - Length of data.x: 380
[2024-04-24 17:30:07,011][root][INFO] - Length of data.y: 380
[2024-04-24 17:30:07,676][root][INFO] - x: [ 0.01247557  0.16500966  0.86266907 -0.1311612  -0.03430077]
[2024-04-24 17:30:07,677][root][INFO] - y: [ 0.01650097 -0.03737872 -0.10437485  0.07501871]
[2024-04-24 17:30:07,677][root][INFO] - Reward: -0.999996363370045
[2024-04-24 17:30:07,684][root][INFO] - --------------- Start iteration i=80 ---------------
[2024-04-24 17:30:07,684][root][INFO] - Length of data.x: 381
[2024-04-24 17:30:07,684][root][INFO] - Length of data.y: 381
[2024-04-24 17:30:58,592][root][INFO] - Eval Returns: [-23.6472307  -22.69151115 -23.39824484 -22.50339311 -19.5752497 ]
[2024-04-24 17:30:58,606][root][INFO] - Eval Returns: mean=-22.363 std=1.457
[2024-04-24 17:30:58,606][root][INFO] - Eval ndata: 381.000
[2024-04-24 17:30:58,606][root][INFO] - Model MSE (current real MPC): 0.489
[2024-04-24 17:31:00,757][root][INFO] - Model MSE (random test set): 0.375
[2024-04-24 17:31:00,757][root][INFO] - Model MSE (GT MPC): 0.057
[2024-04-24 17:31:00,757][root][INFO] - Model Likelihood (random test set): -3.724
[2024-04-24 17:31:00,757][root][INFO] - Model Likelihood (GT MPC): -3.681
[2024-04-24 17:31:00,757][root][INFO] - *[TIME] [Evaluate the current MPC policy] Elapsed: 52.40 seconds
[2024-04-24 17:31:03,873][root][INFO] - x: [ 0.02897653  0.12763095  0.75829422 -0.05614249 -0.2831542 ]
[2024-04-24 17:31:03,873][root][INFO] - y: [ 0.01276309 -0.06230407 -0.04467681  0.11279373]
[2024-04-24 17:31:03,873][root][INFO] - Reward: -0.999999056464858
[2024-04-24 17:31:05,414][root][INFO] - --------------- Start iteration i=81 ---------------
[2024-04-24 17:31:05,414][root][INFO] - Length of data.x: 382
[2024-04-24 17:31:05,415][root][INFO] - Length of data.y: 382
[2024-04-24 17:31:06,101][root][INFO] - x: [ 0.04173963  0.06532688  0.7136174   0.05665124 -0.94832913]
[2024-04-24 17:31:06,102][root][INFO] - y: [ 0.00653269 -0.13541197  0.04508166  0.16110967]
[2024-04-24 17:31:06,102][root][INFO] - Reward: -0.9999996919333516
[2024-04-24 17:31:06,108][root][INFO] - --------------- Start iteration i=82 ---------------
[2024-04-24 17:31:06,109][root][INFO] - Length of data.x: 383
[2024-04-24 17:31:06,109][root][INFO] - Length of data.y: 383
[2024-04-24 17:31:06,808][root][INFO] - x: [ 0.04827231 -0.0700851   0.75869906  0.2177609   0.64620119]
[2024-04-24 17:31:06,808][root][INFO] - y: [-0.00700851  0.0204067   0.17328876  0.05269607]
[2024-04-24 17:31:06,809][root][INFO] - Reward: -0.9999987484933183
[2024-04-24 17:31:06,815][root][INFO] - --------------- Start iteration i=83 ---------------
[2024-04-24 17:31:06,816][root][INFO] - Length of data.x: 384
[2024-04-24 17:31:06,816][root][INFO] - Length of data.y: 384
[2024-04-24 17:31:07,479][root][INFO] - x: [ 0.0412638  -0.04967839  0.93198782  0.27045697 -0.23572994]
[2024-04-24 17:31:07,479][root][INFO] - y: [-0.00496784 -0.07049564  0.21522299  0.08971553]
[2024-04-24 17:31:07,480][root][INFO] - Reward: -0.9999699964188867
[2024-04-24 17:31:07,486][root][INFO] - --------------- Start iteration i=84 ---------------
[2024-04-24 17:31:07,486][root][INFO] - Length of data.x: 385
[2024-04-24 17:31:07,486][root][INFO] - Length of data.y: 385
[2024-04-24 17:31:08,197][root][INFO] - x: [ 0.03629597 -0.12017403 -0.85278918  0.3601725  -1.        ]
[2024-04-24 17:31:08,197][root][INFO] - y: [-0.0120174  -0.04263962  0.2866164  -0.00565336]
[2024-04-24 17:31:08,198][root][INFO] - Reward: -0.9941412521341826
[2024-04-24 17:31:08,205][root][INFO] - --------------- Start iteration i=85 ---------------
[2024-04-24 17:31:08,205][root][INFO] - Length of data.x: 386
[2024-04-24 17:31:08,205][root][INFO] - Length of data.y: 386
[2024-04-24 17:31:08,880][root][INFO] - x: [ 0.02427856 -0.16281365 -0.56617278  0.35451914 -0.62523286]
[2024-04-24 17:31:08,881][root][INFO] - y: [-0.01628137  0.06283703  0.28211759 -0.10905477]
[2024-04-24 17:31:08,881][root][INFO] - Reward: -0.7978415311631867
[2024-04-24 17:31:08,888][root][INFO] - --------------- Start iteration i=86 ---------------
[2024-04-24 17:31:08,889][root][INFO] - Length of data.x: 387
[2024-04-24 17:31:08,889][root][INFO] - Length of data.y: 387
[2024-04-24 17:31:09,589][root][INFO] - x: [ 0.0079972  -0.09997663 -0.28405519  0.24546437  0.1492639 ]
[2024-04-24 17:31:09,589][root][INFO] - y: [-0.00999766  0.04917509  0.1953345  -0.04559547]
[2024-04-24 17:31:09,590][root][INFO] - Reward: -0.24295510004183007
[2024-04-24 17:31:09,597][root][INFO] - --------------- Start iteration i=87 ---------------
[2024-04-24 17:31:09,597][root][INFO] - Length of data.x: 388
[2024-04-24 17:31:09,597][root][INFO] - Length of data.y: 388
[2024-04-24 17:31:10,297][root][INFO] - x: [-0.00200047 -0.05080154 -0.08872069  0.1998689  -0.00153469]
[2024-04-24 17:31:10,299][root][INFO] - y: [-0.00508015  0.00152204  0.15905074 -0.02555439]
[2024-04-24 17:31:10,299][root][INFO] - Reward: -0.03068439712341664
[2024-04-24 17:31:10,306][root][INFO] - --------------- Start iteration i=88 ---------------
[2024-04-24 17:31:10,306][root][INFO] - Length of data.x: 389
[2024-04-24 17:31:10,306][root][INFO] - Length of data.y: 389
[2024-04-24 17:31:11,027][root][INFO] - x: [-0.00708062 -0.0492795   0.07033005  0.17431451 -1.        ]
[2024-04-24 17:31:11,028][root][INFO] - y: [-0.00492795 -0.07445592  0.13871519 -0.0511249 ]
[2024-04-24 17:31:11,028][root][INFO] - Reward: -0.4564665008478843
[2024-04-24 17:31:11,036][root][INFO] - --------------- Start iteration i=89 ---------------
[2024-04-24 17:31:11,036][root][INFO] - Length of data.x: 390
[2024-04-24 17:31:11,036][root][INFO] - Length of data.y: 390
[2024-04-24 17:31:12,454][root][INFO] - x: [-0.01200857 -0.12373542  0.20904524  0.12318961 -0.50867785]
[2024-04-24 17:31:12,455][root][INFO] - y: [-0.01237354 -0.01971344  0.09803126  0.04434157]
[2024-04-24 17:31:12,456][root][INFO] - Reward: -0.6432076974655823
[2024-04-24 17:31:12,464][root][INFO] - --------------- Start iteration i=90 ---------------
[2024-04-24 17:31:12,464][root][INFO] - Length of data.x: 391
[2024-04-24 17:31:12,464][root][INFO] - Length of data.y: 391
[2024-04-24 17:32:07,336][root][INFO] - Eval Returns: [-18.96259698 -22.32374555 -20.73553719 -20.39958572 -20.58946198]
[2024-04-24 17:32:07,349][root][INFO] - Eval Returns: mean=-20.602 std=1.069
[2024-04-24 17:32:07,349][root][INFO] - Eval ndata: 391.000
[2024-04-24 17:32:07,350][root][INFO] - Model MSE (current real MPC): 0.499
[2024-04-24 17:32:09,549][root][INFO] - Model MSE (random test set): 0.375
[2024-04-24 17:32:09,549][root][INFO] - Model MSE (GT MPC): 0.057
[2024-04-24 17:32:09,549][root][INFO] - Model Likelihood (random test set): -3.724
[2024-04-24 17:32:09,549][root][INFO] - Model Likelihood (GT MPC): -3.681
[2024-04-24 17:32:09,549][root][INFO] - *[TIME] [Evaluate the current MPC policy] Elapsed: 56.35 seconds
[2024-04-24 17:32:12,773][root][INFO] - x: [-0.02438211 -0.14344886  0.3070765   0.16753118 -0.79209379]
[2024-04-24 17:32:12,774][root][INFO] - y: [-0.01434489 -0.04845091  0.13331719  0.05310852]
[2024-04-24 17:32:12,774][root][INFO] - Reward: -0.8929760508339718
[2024-04-24 17:32:14,596][root][INFO] - --------------- Start iteration i=91 ---------------
[2024-04-24 17:32:14,596][root][INFO] - Length of data.x: 392
[2024-04-24 17:32:14,597][root][INFO] - Length of data.y: 392
[2024-04-24 17:32:15,242][root][INFO] - x: [-0.038727   -0.19189977  0.44039368  0.22063971 -0.28717406]
[2024-04-24 17:32:15,243][root][INFO] - y: [-0.01918998 -0.05121092  0.17557964  0.08694947]
[2024-04-24 17:32:15,243][root][INFO] - Reward: -0.9950129365511741
[2024-04-24 17:32:15,249][root][INFO] - --------------- Start iteration i=92 ---------------
[2024-04-24 17:32:15,249][root][INFO] - Length of data.x: 393
[2024-04-24 17:32:15,249][root][INFO] - Length of data.y: 393
[2024-04-24 17:32:15,806][root][INFO] - x: [-0.05791697 -0.24311069  0.61597332  0.30758917 -0.76369552]
[2024-04-24 17:32:15,807][root][INFO] - y: [-0.02431107 -0.13743386  0.24477188  0.14072619]
[2024-04-24 17:32:15,807][root][INFO] - Reward: -0.9999978333891012
[2024-04-24 17:32:15,812][root][INFO] - --------------- Start iteration i=93 ---------------
[2024-04-24 17:32:15,813][root][INFO] - Length of data.x: 394
[2024-04-24 17:32:15,813][root][INFO] - Length of data.y: 394
[2024-04-24 17:32:16,381][root][INFO] - x: [-0.08222804 -0.38054456  0.86074521  0.44831536 -0.41993086]
[2024-04-24 17:32:16,382][root][INFO] - y: [-0.03805446 -0.1605521   0.35675832  0.18703497]
[2024-04-24 17:32:16,382][root][INFO] - Reward: -0.9999999999997679
[2024-04-24 17:32:16,388][root][INFO] - --------------- Start iteration i=94 ---------------
[2024-04-24 17:32:16,388][root][INFO] - Length of data.x: 395
[2024-04-24 17:32:16,388][root][INFO] - Length of data.y: 395
[2024-04-24 17:32:16,985][root][INFO] - x: [-0.1202825  -0.54109666 -0.78249648  0.63535033  1.        ]
[2024-04-24 17:32:16,986][root][INFO] - y: [-0.05410967  0.40333324  0.50559613 -0.37477972]
[2024-04-24 17:32:16,986][root][INFO] - Reward: -1.0
[2024-04-24 17:32:16,992][root][INFO] - --------------- Start iteration i=95 ---------------
[2024-04-24 17:32:16,992][root][INFO] - Length of data.x: 396
[2024-04-24 17:32:16,992][root][INFO] - Length of data.y: 396
[2024-04-24 17:32:17,570][root][INFO] - x: [-0.17439217 -0.13776342 -0.27690034  0.2605706   1.        ]
[2024-04-24 17:32:17,570][root][INFO] - y: [-0.01377634  0.09700473  0.20735566 -0.01249315]
[2024-04-24 17:32:17,570][root][INFO] - Reward: -0.9999999999999913
[2024-04-24 17:32:17,576][root][INFO] - --------------- Start iteration i=96 ---------------
[2024-04-24 17:32:17,576][root][INFO] - Length of data.x: 397
[2024-04-24 17:32:17,576][root][INFO] - Length of data.y: 397
[2024-04-24 17:32:18,207][root][INFO] - x: [-0.18816851 -0.04075869 -0.06954468  0.24807746  0.46697203]
[2024-04-24 17:32:18,208][root][INFO] - y: [-0.00407587  0.04430267  0.19741393  0.02196496]
[2024-04-24 17:32:18,208][root][INFO] - Reward: -0.9999999998757667
[2024-04-24 17:32:18,215][root][INFO] - --------------- Start iteration i=97 ---------------
[2024-04-24 17:32:18,215][root][INFO] - Length of data.x: 398
[2024-04-24 17:32:18,215][root][INFO] - Length of data.y: 398
[2024-04-24 17:32:18,830][root][INFO] - x: [-0.19224438  0.00354398  0.12786925  0.27004242  0.15597668]
[2024-04-24 17:32:18,831][root][INFO] - y: [ 0.0003544  -0.00837559  0.2148931   0.03068691]
[2024-04-24 17:32:18,831][root][INFO] - Reward: -0.9999999138507788
[2024-04-24 17:32:18,837][root][INFO] - --------------- Start iteration i=98 ---------------
[2024-04-24 17:32:18,837][root][INFO] - Length of data.x: 399
[2024-04-24 17:32:18,837][root][INFO] - Length of data.y: 399
[2024-04-24 17:32:19,428][root][INFO] - x: [-0.19188998 -0.00483161  0.34276235  0.30072933  0.86454332]
[2024-04-24 17:32:19,429][root][INFO] - y: [-0.00048316 -0.01747497  0.23931299  0.07817514]
[2024-04-24 17:32:19,429][root][INFO] - Reward: -0.9999999942692869
[2024-04-24 17:32:19,435][root][INFO] - --------------- Start iteration i=99 ---------------
[2024-04-24 17:32:19,435][root][INFO] - Length of data.x: 400
[2024-04-24 17:32:19,435][root][INFO] - Length of data.y: 400
[2024-04-24 17:32:20,070][root][INFO] - x: [-0.19237314 -0.02230658  0.58207534  0.37890447 -0.58205899]
[2024-04-24 17:32:20,071][root][INFO] - y: [-0.00223066 -0.17230735  0.30152284  0.13889172]
[2024-04-24 17:32:20,071][root][INFO] - Reward: -0.9999999999999992
[2024-04-24 17:32:20,071][root][INFO] - Explore episode complete with return -22.053207387306653, resetting
[2024-04-24 17:32:20,071][root][INFO] - Exploration Episode Rewards: [-0.9999901006792475, -0.9999897656923256, -0.9999894635550896, -0.9999909931536083, -0.999996363370045, -0.999999056464858, -0.9999996919333516, -0.9999987484933183, -0.9999699964188867, -0.9941412521341826, -0.7978415311631867, -0.24295510004183007, -0.03068439712341664, -0.4564665008478843, -0.6432076974655823, -0.8929760508339718, -0.9950129365511741, -0.9999978333891012, -0.9999999999997679, -1.0, -0.9999999999999913, -0.9999999998757667, -0.9999999138507788, -0.9999999942692869, -0.9999999999999992]
[2024-04-24 17:32:20,078][root][INFO] - --------------- Start iteration i=100 ---------------
[2024-04-24 17:32:20,079][root][INFO] - Length of data.x: 401
[2024-04-24 17:32:20,079][root][INFO] - Length of data.y: 401
[2024-04-24 17:33:11,317][root][INFO] - Eval Returns: [-21.92138098 -18.60914226 -23.83887189 -22.48429832 -23.41538914]
[2024-04-24 17:33:11,328][root][INFO] - Eval Returns: mean=-22.054 std=1.850
[2024-04-24 17:33:11,329][root][INFO] - Eval ndata: 401.000
[2024-04-24 17:33:11,329][root][INFO] - Model MSE (current real MPC): 0.509
[2024-04-24 17:33:13,560][root][INFO] - Model MSE (random test set): 0.375
[2024-04-24 17:33:13,560][root][INFO] - Model MSE (GT MPC): 0.056
[2024-04-24 17:33:13,560][root][INFO] - Model Likelihood (random test set): -3.724
[2024-04-24 17:33:13,560][root][INFO] - Model Likelihood (GT MPC): -3.681
[2024-04-24 17:33:13,560][root][INFO] - *[TIME] [Evaluate the current MPC policy] Elapsed: 52.81 seconds
[2024-04-24 17:33:16,935][root][INFO] - x: [-7.13128633e-04 -1.07539511e-03  9.91487567e-01  4.62878508e-04
 -5.32249685e-01]
[2024-04-24 17:33:16,936][root][INFO] - y: [-0.00010754 -0.04411892  0.00036835  0.0467292 ]
[2024-04-24 17:33:16,936][root][INFO] - Reward: -0.9999900370519639
[2024-04-24 17:33:19,259][root][INFO] - --------------- Start iteration i=101 ---------------
[2024-04-24 17:33:19,259][root][INFO] - Length of data.x: 402
[2024-04-24 17:33:19,260][root][INFO] - Length of data.y: 402
[2024-04-24 17:33:19,990][root][INFO] - x: [-8.20668145e-04 -4.51943123e-02  9.91855914e-01  4.71920744e-02
 -2.71378300e-01]
[2024-04-24 17:33:19,990][root][INFO] - y: [-0.00451943 -0.02257074  0.03755429  0.02507581]
[2024-04-24 17:33:19,990][root][INFO] - Reward: -0.9999905125773484
[2024-04-24 17:33:19,998][root][INFO] - --------------- Start iteration i=102 ---------------
[2024-04-24 17:33:19,998][root][INFO] - Length of data.x: 403
[2024-04-24 17:33:19,998][root][INFO] - Length of data.y: 403
[2024-04-24 17:33:20,739][root][INFO] - x: [-0.0053401  -0.06776506 -0.9705898   0.07226789 -0.24157412]
[2024-04-24 17:33:20,740][root][INFO] - y: [-0.00677651 -0.01204424  0.057509    0.00293235]
[2024-04-24 17:33:20,741][root][INFO] - Reward: -0.9999920132696449
[2024-04-24 17:33:20,748][root][INFO] - --------------- Start iteration i=103 ---------------
[2024-04-24 17:33:20,748][root][INFO] - Length of data.x: 404
[2024-04-24 17:33:20,748][root][INFO] - Length of data.y: 404
[2024-04-24 17:33:21,527][root][INFO] - x: [-0.0121166  -0.0798093  -0.91308079  0.07520024 -0.37571942]
[2024-04-24 17:33:21,529][root][INFO] - y: [-0.00798093 -0.01072383  0.0598425  -0.01615668]
[2024-04-24 17:33:21,529][root][INFO] - Reward: -0.9999944407118413
[2024-04-24 17:33:21,537][root][INFO] - --------------- Start iteration i=104 ---------------
[2024-04-24 17:33:21,537][root][INFO] - Length of data.x: 405
[2024-04-24 17:33:21,537][root][INFO] - Length of data.y: 405
[2024-04-24 17:33:22,089][root][INFO] - x: [-0.02009753 -0.09053313 -0.8532383   0.05904356 -0.31437856]
[2024-04-24 17:33:22,089][root][INFO] - y: [-0.00905331  0.00187817  0.04698541 -0.04537167]
[2024-04-24 17:33:22,090][root][INFO] - Reward: -0.9999971422466547
[2024-04-24 17:33:22,094][root][INFO] - --------------- Start iteration i=105 ---------------
[2024-04-24 17:33:22,095][root][INFO] - Length of data.x: 406
[2024-04-24 17:33:22,095][root][INFO] - Length of data.y: 406
[2024-04-24 17:33:22,630][root][INFO] - x: [-0.02915085 -0.08865496 -0.80625289  0.01367189 -0.0145919 ]
[2024-04-24 17:33:22,631][root][INFO] - y: [-0.0088655   0.02345037  0.01087975 -0.07538782]
[2024-04-24 17:33:22,631][root][INFO] - Reward: -0.9999988934679649
[2024-04-24 17:33:22,634][root][INFO] - --------------- Start iteration i=106 ---------------
[2024-04-24 17:33:22,635][root][INFO] - Length of data.x: 407
[2024-04-24 17:33:22,635][root][INFO] - Length of data.y: 407
[2024-04-24 17:33:23,123][root][INFO] - x: [-0.03801634 -0.06520459 -0.79537314 -0.06171594  0.74255778]
[2024-04-24 17:33:23,124][root][INFO] - y: [-0.00652046  0.07579935 -0.04911202 -0.11953812]
[2024-04-24 17:33:23,124][root][INFO] - Reward: -0.9999994643077526
[2024-04-24 17:33:23,128][root][INFO] - --------------- Start iteration i=107 ---------------
[2024-04-24 17:33:23,128][root][INFO] - Length of data.x: 408
[2024-04-24 17:33:23,128][root][INFO] - Length of data.y: 408
[2024-04-24 17:33:23,611][root][INFO] - x: [-0.0445368   0.01059476 -0.84448516 -0.18125406  0.17428945]
[2024-04-24 17:33:23,611][root][INFO] - y: [ 0.00105948  0.05416351 -0.14423751 -0.09391794]
[2024-04-24 17:33:23,612][root][INFO] - Reward: -0.9999981053193395
[2024-04-24 17:33:23,616][root][INFO] - --------------- Start iteration i=108 ---------------
[2024-04-24 17:33:23,616][root][INFO] - Length of data.x: 409
[2024-04-24 17:33:23,616][root][INFO] - Length of data.y: 409
[2024-04-24 17:33:24,121][root][INFO] - x: [-0.04347733  0.06475826 -0.98872267 -0.275172    0.45084815]
[2024-04-24 17:33:24,121][root][INFO] - y: [ 0.00647583  0.04111006 -0.21897509 -0.04456288]
[2024-04-24 17:33:24,122][root][INFO] - Reward: -0.9999062807144166
[2024-04-24 17:33:24,126][root][INFO] - --------------- Start iteration i=109 ---------------
[2024-04-24 17:33:24,126][root][INFO] - Length of data.x: 410
[2024-04-24 17:33:24,126][root][INFO] - Length of data.y: 410
[2024-04-24 17:33:24,786][root][INFO] - x: [-0.0370015   0.10586832  0.79230224 -0.31973488  0.57962325]
[2024-04-24 17:33:24,787][root][INFO] - y: [ 0.01058683 -0.06293618 -0.25443714  0.1096318 ]
[2024-04-24 17:33:24,787][root][INFO] - Reward: -0.988710338252023
[2024-04-24 17:33:24,793][root][INFO] - --------------- Start iteration i=110 ---------------
[2024-04-24 17:33:24,794][root][INFO] - Length of data.x: 411
[2024-04-24 17:33:24,794][root][INFO] - Length of data.y: 411
[2024-04-24 17:33:38,891][root][INFO] - *[TIME] [Evaluate the current MPC policy] Elapsed: 13.47 seconds
