[2024-04-25 12:48:37,332][root][INFO] - Dumper dumping to /tirl/experiments/mpc_rustypendulum_2024-04-25/12-48-32/seed_2
[2024-04-25 12:48:37,338][root][INFO] - Start obs: None
[2024-04-25 12:48:54,545][root][INFO] - GT Returns: [-122.87114341 -237.80044968 -332.26695866 -122.79464349   -2.06074921]
[2024-04-25 12:48:54,545][root][INFO] - GT Returns: mean=-163.559 std=112.582
[2024-04-25 12:48:54,545][root][INFO] - Path Lengths: [39420, 39420, 39420, 39420, 39420]
[2024-04-25 12:48:54,545][root][INFO] - Path Lengths: mean=39420.000 std=0.000
[2024-04-25 12:48:54,612][root][INFO] - all_x.shape = (197100, 3)
[2024-04-25 12:48:54,617][root][INFO] - all_x.min(axis=0) = [-0.99998569 -1.         -1.        ]
[2024-04-25 12:48:54,622][root][INFO] - all_x.max(axis=0) = [0.99995475 1.         1.        ]
[2024-04-25 12:48:54,625][root][INFO] - all_x.mean(axis=0) = [ 0.0038525   0.00322087 -0.0062857 ]
[2024-04-25 12:48:54,633][root][INFO] - all_x.var(axis=0) = [0.0974824  0.1022748  0.25685584]
[2024-04-25 12:48:54,688][root][INFO] - --------------- Start iteration i=0 ---------------
[2024-04-25 12:48:54,688][root][INFO] - Length of data.x: 1
[2024-04-25 12:48:54,688][root][INFO] - Length of data.y: 1
[2024-04-25 12:49:16,058][root][INFO] - Eval Returns: [-1307.38975599 -1417.60551668 -1359.32129432 -1351.10114486
 -1454.77973327]
[2024-04-25 12:49:16,096][root][INFO] - Eval Returns: mean=-1378.039 std=52.004
[2024-04-25 12:49:16,097][root][INFO] - Eval ndata: 1.000
[2024-04-25 12:49:16,097][root][INFO] - Model MSE (current real MPC): 0.207
[2024-04-25 12:49:16,540][root][INFO] - Model MSE (random test set): 0.024
[2024-04-25 12:49:16,541][root][INFO] - Model MSE (GT MPC): 0.020
[2024-04-25 12:49:16,541][root][INFO] - Model Likelihood (random test set): -1.929
[2024-04-25 12:49:16,541][root][INFO] - Model Likelihood (GT MPC): -1.952
[2024-04-25 12:49:16,541][root][INFO] - *[TIME] [Evaluate the current MPC policy] Elapsed: 21.78 seconds
[2024-04-25 12:49:18,319][root][INFO] - x: [ 0.97710954 -0.09127557 -0.42452054]
[2024-04-25 12:49:18,319][root][INFO] - y: [-0.01279085 -0.00918354]
[2024-04-25 12:49:18,319][root][INFO] - Reward: -9.243159513859462
[2024-04-25 12:49:20,958][root][INFO] - --------------- Start iteration i=1 ---------------
[2024-04-25 12:49:20,958][root][INFO] - Length of data.x: 2
[2024-04-25 12:49:20,958][root][INFO] - Length of data.y: 2
[2024-04-25 12:49:21,061][root][INFO] - x: [ 0.96431869 -0.10045912  0.70441357]
[2024-04-25 12:49:21,061][root][INFO] - y: [-0.00906828  0.02923701]
[2024-04-25 12:49:21,062][root][INFO] - Reward: -9.040496898306799
[2024-04-25 12:49:21,062][root][INFO] - --------------- Start iteration i=2 ---------------
[2024-04-25 12:49:21,062][root][INFO] - Length of data.x: 3
[2024-04-25 12:49:21,062][root][INFO] - Length of data.y: 3
[2024-04-25 12:49:21,161][root][INFO] - x: [ 0.95525041 -0.07122211 -1.        ]
[2024-04-25 12:49:21,161][root][INFO] - y: [-0.00978302 -0.00561354]
[2024-04-25 12:49:21,162][root][INFO] - Reward: -8.864308428756592
[2024-04-25 12:49:21,162][root][INFO] - --------------- Start iteration i=3 ---------------
[2024-04-25 12:49:21,163][root][INFO] - Length of data.x: 4
[2024-04-25 12:49:21,163][root][INFO] - Length of data.y: 4
[2024-04-25 12:49:21,262][root][INFO] - x: [ 0.94546739 -0.07683564 -0.42337227]
[2024-04-25 12:49:21,262][root][INFO] - y: [-0.00976949  0.00010626]
[2024-04-25 12:49:21,262][root][INFO] - Reward: -8.67953715256679
[2024-04-25 12:49:21,263][root][INFO] - --------------- Start iteration i=4 ---------------
[2024-04-25 12:49:21,263][root][INFO] - Length of data.x: 5
[2024-04-25 12:49:21,263][root][INFO] - Length of data.y: 5
[2024-04-25 12:49:21,362][root][INFO] - x: [ 0.9356979  -0.07672938 -0.93581869]
[2024-04-25 12:49:21,362][root][INFO] - y: [-9.76185173e-03  5.99768840e-05]
[2024-04-25 12:49:21,362][root][INFO] - Reward: -8.502904042240461
[2024-04-25 12:49:21,363][root][INFO] - --------------- Start iteration i=5 ---------------
[2024-04-25 12:49:21,363][root][INFO] - Length of data.x: 6
[2024-04-25 12:49:21,363][root][INFO] - Length of data.y: 6
[2024-04-25 12:49:43,896][root][INFO] - Eval Returns: [-1604.6067333  -1654.46780186 -1675.1119292  -1525.90615037
 -1601.10861301]
[2024-04-25 12:49:43,935][root][INFO] - Eval Returns: mean=-1612.240 std=51.714
[2024-04-25 12:49:43,935][root][INFO] - Eval ndata: 6.000
[2024-04-25 12:49:43,936][root][INFO] - Model MSE (current real MPC): 0.274
[2024-04-25 12:49:44,425][root][INFO] - Model MSE (random test set): 0.017
[2024-04-25 12:49:44,425][root][INFO] - Model MSE (GT MPC): 0.013
[2024-04-25 12:49:44,425][root][INFO] - Model Likelihood (random test set): -1.939
[2024-04-25 12:49:44,425][root][INFO] - Model Likelihood (GT MPC): -1.940
[2024-04-25 12:49:44,425][root][INFO] - *[TIME] [Evaluate the current MPC policy] Elapsed: 22.96 seconds
[2024-04-25 12:49:48,490][root][INFO] - x: [ 0.92593605 -0.07666941 -1.        ]
[2024-04-25 12:49:48,490][root][INFO] - y: [-0.00939677  0.00286733]
[2024-04-25 12:49:48,491][root][INFO] - Reward: -8.329764090650544
[2024-04-25 12:49:50,029][root][INFO] - --------------- Start iteration i=6 ---------------
[2024-04-25 12:49:50,029][root][INFO] - Length of data.x: 7
[2024-04-25 12:49:50,029][root][INFO] - Length of data.y: 7
[2024-04-25 12:49:50,122][root][INFO] - x: [ 0.91653928 -0.07380208 -1.        ]
[2024-04-25 12:49:50,123][root][INFO] - y: [-0.00869006  0.00555052]
[2024-04-25 12:49:50,123][root][INFO] - Reward: -8.168244736693271
[2024-04-25 12:49:50,124][root][INFO] - --------------- Start iteration i=7 ---------------
[2024-04-25 12:49:50,124][root][INFO] - Length of data.x: 8
[2024-04-25 12:49:50,124][root][INFO] - Length of data.y: 8
[2024-04-25 12:49:50,216][root][INFO] - x: [ 0.90784922 -0.06825156 -1.        ]
[2024-04-25 12:49:50,217][root][INFO] - y: [-0.0076698   0.00801311]
[2024-04-25 12:49:50,217][root][INFO] - Reward: -8.024791346631257
[2024-04-25 12:49:50,218][root][INFO] - --------------- Start iteration i=8 ---------------
[2024-04-25 12:49:50,218][root][INFO] - Length of data.x: 9
[2024-04-25 12:49:50,218][root][INFO] - Length of data.y: 9
[2024-04-25 12:49:50,313][root][INFO] - x: [ 0.90017942 -0.06023845 -0.75073046]
[2024-04-25 12:49:50,313][root][INFO] - y: [-0.0063749   0.01017007]
[2024-04-25 12:49:50,313][root][INFO] - Reward: -7.902992542274014
[2024-04-25 12:49:50,314][root][INFO] - --------------- Start iteration i=9 ---------------
[2024-04-25 12:49:50,314][root][INFO] - Length of data.x: 10
[2024-04-25 12:49:50,314][root][INFO] - Length of data.y: 10
[2024-04-25 12:49:50,407][root][INFO] - x: [ 0.89380452 -0.05006838 -1.        ]
[2024-04-25 12:49:50,408][root][INFO] - y: [-0.00485336  0.01195015]
[2024-04-25 12:49:50,408][root][INFO] - Reward: -7.812598178191577
[2024-04-25 12:49:50,409][root][INFO] - --------------- Start iteration i=10 ---------------
[2024-04-25 12:49:50,409][root][INFO] - Length of data.x: 11
[2024-04-25 12:49:50,409][root][INFO] - Length of data.y: 11
[2024-04-25 12:50:20,477][root][INFO] - Eval Returns: [-1340.00064869 -1312.8611261  -1301.28510151 -1314.22368595
 -1648.90946755]
[2024-04-25 12:50:20,514][root][INFO] - Eval Returns: mean=-1383.456 std=133.329
[2024-04-25 12:50:20,515][root][INFO] - Eval ndata: 11.000
[2024-04-25 12:50:20,516][root][INFO] - Model MSE (current real MPC): 0.244
[2024-04-25 12:50:20,970][root][INFO] - Model MSE (random test set): 0.012
[2024-04-25 12:50:20,970][root][INFO] - Model MSE (GT MPC): 0.008
[2024-04-25 12:50:20,970][root][INFO] - Model Likelihood (random test set): -1.907
[2024-04-25 12:50:20,971][root][INFO] - Model Likelihood (GT MPC): -1.901
[2024-04-25 12:50:20,971][root][INFO] - *[TIME] [Evaluate the current MPC policy] Elapsed: 30.47 seconds
[2024-04-25 12:50:24,190][root][INFO] - x: [ 0.88895116 -0.03811823 -0.94209853]
[2024-04-25 12:50:24,190][root][INFO] - y: [-0.00316032  0.01329715]
[2024-04-25 12:50:24,190][root][INFO] - Reward: -7.751435997132783
[2024-04-25 12:50:26,158][root][INFO] - --------------- Start iteration i=11 ---------------
[2024-04-25 12:50:26,158][root][INFO] - Length of data.x: 12
[2024-04-25 12:50:26,158][root][INFO] - Length of data.y: 12
[2024-04-25 12:50:26,261][root][INFO] - x: [ 0.88579084 -0.02482108 -0.84605168]
[2024-04-25 12:50:26,262][root][INFO] - y: [-0.0013561   0.01417027]
[2024-04-25 12:50:26,263][root][INFO] - Reward: -7.723839025820139
[2024-04-25 12:50:26,264][root][INFO] - --------------- Start iteration i=12 ---------------
[2024-04-25 12:50:26,264][root][INFO] - Length of data.x: 13
[2024-04-25 12:50:26,264][root][INFO] - Length of data.y: 13
[2024-04-25 12:50:26,369][root][INFO] - x: [ 0.88443474 -0.01065081 -0.89937739]
[2024-04-25 12:50:26,369][root][INFO] - y: [0.00049569 0.01454394]
[2024-04-25 12:50:26,369][root][INFO] - Reward: -7.732238514377311
[2024-04-25 12:50:26,370][root][INFO] - --------------- Start iteration i=13 ---------------
[2024-04-25 12:50:26,370][root][INFO] - Length of data.x: 14
[2024-04-25 12:50:26,370][root][INFO] - Length of data.y: 14
[2024-04-25 12:50:26,475][root][INFO] - x: [ 0.88493043  0.00389314 -1.        ]
[2024-04-25 12:50:26,476][root][INFO] - y: [0.0023301  0.01440743]
[2024-04-25 12:50:26,476][root][INFO] - Reward: -7.775804795862967
[2024-04-25 12:50:26,477][root][INFO] - --------------- Start iteration i=14 ---------------
[2024-04-25 12:50:26,477][root][INFO] - Length of data.x: 15
[2024-04-25 12:50:26,477][root][INFO] - Length of data.y: 15
[2024-04-25 12:50:26,581][root][INFO] - x: [0.88726053 0.01830056 0.02662022]
[2024-04-25 12:50:26,582][root][INFO] - y: [0.00659709 0.03351289]
[2024-04-25 12:50:26,582][root][INFO] - Reward: -7.902815718570766
[2024-04-25 12:50:26,583][root][INFO] - --------------- Start iteration i=15 ---------------
[2024-04-25 12:50:26,583][root][INFO] - Length of data.x: 16
[2024-04-25 12:50:26,583][root][INFO] - Length of data.y: 16
[2024-04-25 12:50:52,784][root][INFO] - Eval Returns: [-1336.51779308 -1375.38379413 -1042.38293063 -1272.353661
 -1057.66252437]
[2024-04-25 12:50:52,827][root][INFO] - Eval Returns: mean=-1216.860 std=140.224
[2024-04-25 12:50:52,828][root][INFO] - Eval ndata: 16.000
[2024-04-25 12:50:52,828][root][INFO] - Model MSE (current real MPC): 0.217
[2024-04-25 12:50:53,314][root][INFO] - Model MSE (random test set): 0.005
[2024-04-25 12:50:53,314][root][INFO] - Model MSE (GT MPC): 0.003
[2024-04-25 12:50:53,314][root][INFO] - Model Likelihood (random test set): -1.870
[2024-04-25 12:50:53,314][root][INFO] - Model Likelihood (GT MPC): -1.862
[2024-04-25 12:50:53,314][root][INFO] - *[TIME] [Evaluate the current MPC policy] Elapsed: 26.63 seconds
[2024-04-25 12:50:56,914][root][INFO] - x: [ 0.89385762  0.05181345 -0.59639696]
[2024-04-25 12:50:56,915][root][INFO] - y: [0.00811675 0.01193537]
[2024-04-25 12:50:56,915][root][INFO] - Reward: -8.05692558102754
[2024-04-25 12:50:58,560][root][INFO] - --------------- Start iteration i=16 ---------------
[2024-04-25 12:50:58,560][root][INFO] - Length of data.x: 17
[2024-04-25 12:50:58,560][root][INFO] - Length of data.y: 17
[2024-04-25 12:50:58,652][root][INFO] - x: [ 0.90197437  0.06374883 -0.67515594]
[2024-04-25 12:50:58,653][root][INFO] - y: [0.00934756 0.00966674]
[2024-04-25 12:50:58,653][root][INFO] - Reward: -8.233100916448107
[2024-04-25 12:50:58,654][root][INFO] - --------------- Start iteration i=17 ---------------
[2024-04-25 12:50:58,654][root][INFO] - Length of data.x: 18
[2024-04-25 12:50:58,654][root][INFO] - Length of data.y: 18
[2024-04-25 12:50:58,746][root][INFO] - x: [ 0.91132193  0.07341557 -0.36597677]
[2024-04-25 12:50:58,746][root][INFO] - y: [0.01088273 0.01205717]
[2024-04-25 12:50:58,747][root][INFO] - Reward: -8.441009915064964
[2024-04-25 12:50:58,748][root][INFO] - --------------- Start iteration i=18 ---------------
[2024-04-25 12:50:58,748][root][INFO] - Length of data.x: 19
[2024-04-25 12:50:58,748][root][INFO] - Length of data.y: 19
[2024-04-25 12:50:58,839][root][INFO] - x: [ 0.92220466  0.08547274 -0.80102937]
[2024-04-25 12:50:58,840][root][INFO] - y: [0.01138377 0.00393519]
[2024-04-25 12:50:58,840][root][INFO] - Reward: -8.655949677610124
[2024-04-25 12:50:58,841][root][INFO] - --------------- Start iteration i=19 ---------------
[2024-04-25 12:50:58,841][root][INFO] - Length of data.x: 20
[2024-04-25 12:50:58,841][root][INFO] - Length of data.y: 20
[2024-04-25 12:50:58,933][root][INFO] - x: [ 0.93358843  0.08940793 -0.26169781]
[2024-04-25 12:50:58,933][root][INFO] - y: [0.01260666 0.00960455]
[2024-04-25 12:50:58,933][root][INFO] - Reward: -8.899126908520762
[2024-04-25 12:50:58,934][root][INFO] - --------------- Start iteration i=20 ---------------
[2024-04-25 12:50:58,934][root][INFO] - Length of data.x: 21
[2024-04-25 12:50:58,934][root][INFO] - Length of data.y: 21
[2024-04-25 12:51:23,855][root][INFO] - Eval Returns: [-1064.12202634  -959.68304185  -980.00029223 -1187.5732647
  -921.906373  ]
[2024-04-25 12:51:23,892][root][INFO] - Eval Returns: mean=-1022.657 std=94.713
[2024-04-25 12:51:23,892][root][INFO] - Eval ndata: 21.000
[2024-04-25 12:51:23,892][root][INFO] - Model MSE (current real MPC): 0.178
[2024-04-25 12:51:24,346][root][INFO] - Model MSE (random test set): 0.003
[2024-04-25 12:51:24,346][root][INFO] - Model MSE (GT MPC): 0.001
[2024-04-25 12:51:24,346][root][INFO] - Model Likelihood (random test set): -1.858
[2024-04-25 12:51:24,346][root][INFO] - Model Likelihood (GT MPC): -1.853
[2024-04-25 12:51:24,346][root][INFO] - *[TIME] [Evaluate the current MPC policy] Elapsed: 25.32 seconds
[2024-04-25 12:51:29,162][root][INFO] - x: [ 0.94619509  0.09901248 -0.88952986]
[2024-04-25 12:51:29,163][root][INFO] - y: [ 0.01222742 -0.00297851]
[2024-04-25 12:51:29,163][root][INFO] - Reward: -9.128148920342083
[2024-04-25 12:51:30,768][root][INFO] - --------------- Start iteration i=21 ---------------
[2024-04-25 12:51:30,768][root][INFO] - Length of data.x: 22
[2024-04-25 12:51:30,768][root][INFO] - Length of data.y: 22
[2024-04-25 12:51:30,869][root][INFO] - x: [ 0.95842252  0.09603397 -1.        ]
[2024-04-25 12:51:30,869][root][INFO] - y: [ 0.01139483 -0.00653922]
[2024-04-25 12:51:30,870][root][INFO] - Reward: -9.338073831951831
[2024-04-25 12:51:30,871][root][INFO] - --------------- Start iteration i=22 ---------------
[2024-04-25 12:51:30,871][root][INFO] - Length of data.x: 23
[2024-04-25 12:51:30,871][root][INFO] - Length of data.y: 23
[2024-04-25 12:51:30,971][root][INFO] - x: [ 0.96981734  0.08949475 -0.97324732]
[2024-04-25 12:51:30,972][root][INFO] - y: [ 0.01013765 -0.0098738 ]
[2024-04-25 12:51:30,972][root][INFO] - Reward: -9.522259643532017
[2024-04-25 12:51:30,973][root][INFO] - --------------- Start iteration i=23 ---------------
[2024-04-25 12:51:30,973][root][INFO] - Length of data.x: 24
[2024-04-25 12:51:30,973][root][INFO] - Length of data.y: 24
[2024-04-25 12:51:31,073][root][INFO] - x: [ 0.979955    0.07962095 -1.        ]
[2024-04-25 12:51:31,073][root][INFO] - y: [ 0.00850152 -0.01285017]
[2024-04-25 12:51:31,074][root][INFO] - Reward: -9.675594198890845
[2024-04-25 12:51:31,075][root][INFO] - --------------- Start iteration i=24 ---------------
[2024-04-25 12:51:31,075][root][INFO] - Length of data.x: 25
[2024-04-25 12:51:31,075][root][INFO] - Length of data.y: 25
[2024-04-25 12:51:31,175][root][INFO] - x: [ 0.98845652  0.06677079 -0.86448756]
[2024-04-25 12:51:31,176][root][INFO] - y: [ 0.00654698 -0.01535092]
[2024-04-25 12:51:31,176][root][INFO] - Reward: -9.791135293618387
[2024-04-25 12:51:31,177][root][INFO] - --------------- Start iteration i=25 ---------------
[2024-04-25 12:51:31,177][root][INFO] - Length of data.x: 26
[2024-04-25 12:51:31,177][root][INFO] - Length of data.y: 26
[2024-04-25 12:52:00,830][root][INFO] - Eval Returns: [-1024.18031172  -954.50404326  -955.72905395 -1188.93228079
  -971.342839  ]
[2024-04-25 12:52:00,875][root][INFO] - Eval Returns: mean=-1018.938 std=88.699
[2024-04-25 12:52:00,875][root][INFO] - Eval ndata: 26.000
[2024-04-25 12:52:00,875][root][INFO] - Model MSE (current real MPC): 0.178
[2024-04-25 12:52:01,375][root][INFO] - Model MSE (random test set): 0.003
[2024-04-25 12:52:01,375][root][INFO] - Model MSE (GT MPC): 0.001
[2024-04-25 12:52:01,375][root][INFO] - Model Likelihood (random test set): -1.859
[2024-04-25 12:52:01,375][root][INFO] - Model Likelihood (GT MPC): -1.853
[2024-04-25 12:52:01,375][root][INFO] - *[TIME] [Evaluate the current MPC policy] Elapsed: 30.10 seconds
[2024-04-25 12:52:04,783][root][INFO] - x: [ 0.9950035   0.05141987 -0.56406348]
[2024-04-25 12:52:04,784][root][INFO] - y: [ 0.00434702 -0.01727848]
[2024-04-25 12:52:04,784][root][INFO] - Reward: -9.865521502925287
[2024-04-25 12:52:06,285][root][INFO] - --------------- Start iteration i=26 ---------------
[2024-04-25 12:52:06,286][root][INFO] - Length of data.x: 27
[2024-04-25 12:52:06,286][root][INFO] - Length of data.y: 27
[2024-04-25 12:52:06,390][root][INFO] - x: [ 0.99935051  0.03414139 -1.        ]
[2024-04-25 12:52:06,391][root][INFO] - y: [ 0.00198405 -0.01855872]
[2024-04-25 12:52:06,391][root][INFO] - Reward: -9.84883338494439
[2024-04-25 12:52:06,392][root][INFO] - --------------- Start iteration i=27 ---------------
[2024-04-25 12:52:06,392][root][INFO] - Length of data.x: 28
[2024-04-25 12:52:06,392][root][INFO] - Length of data.y: 28
[2024-04-25 12:52:06,495][root][INFO] - x: [-0.99866544  0.01558267 -0.53950411]
[2024-04-25 12:52:06,496][root][INFO] - y: [-0.00064194 -0.02062446]
[2024-04-25 12:52:06,496][root][INFO] - Reward: -9.857264817675476
[2024-04-25 12:52:06,497][root][INFO] - --------------- Start iteration i=28 ---------------
[2024-04-25 12:52:06,497][root][INFO] - Length of data.x: 29
[2024-04-25 12:52:06,497][root][INFO] - Length of data.y: 29
[2024-04-25 12:52:06,604][root][INFO] - x: [-0.99930738 -0.00504178 -0.35240216]
[2024-04-25 12:52:06,605][root][INFO] - y: [-0.00235051 -0.01341907]
[2024-04-25 12:52:06,605][root][INFO] - Reward: -9.83958460415099
[2024-04-25 12:52:06,607][root][INFO] - --------------- Start iteration i=29 ---------------
[2024-04-25 12:52:06,607][root][INFO] - Length of data.x: 30
[2024-04-25 12:52:06,607][root][INFO] - Length of data.y: 30
[2024-04-25 12:52:06,722][root][INFO] - x: [ 0.99834211 -0.01846085 -0.52336895]
[2024-04-25 12:52:06,722][root][INFO] - y: [-0.00467566 -0.01826172]
[2024-04-25 12:52:06,723][root][INFO] - Reward: -9.754707969976874
[2024-04-25 12:52:06,724][root][INFO] - --------------- Start iteration i=30 ---------------
[2024-04-25 12:52:06,724][root][INFO] - Length of data.x: 31
[2024-04-25 12:52:06,724][root][INFO] - Length of data.y: 31
[2024-04-25 12:52:38,375][root][INFO] - Eval Returns: [-362.12954115 -368.50681379 -260.0554218  -248.37875959 -477.27821225]
[2024-04-25 12:52:38,412][root][INFO] - Eval Returns: mean=-343.270 std=83.522
[2024-04-25 12:52:38,412][root][INFO] - Eval ndata: 31.000
[2024-04-25 12:52:38,412][root][INFO] - Model MSE (current real MPC): 0.056
[2024-04-25 12:52:38,873][root][INFO] - Model MSE (random test set): 0.001
[2024-04-25 12:52:38,873][root][INFO] - Model MSE (GT MPC): 0.000
[2024-04-25 12:52:38,873][root][INFO] - Model Likelihood (random test set): -1.853
[2024-04-25 12:52:38,873][root][INFO] - Model Likelihood (GT MPC): -1.848
[2024-04-25 12:52:38,873][root][INFO] - *[TIME] [Evaluate the current MPC policy] Elapsed: 32.03 seconds
[2024-04-25 12:52:42,097][root][INFO] - x: [ 0.99366645 -0.03672257 -0.85474174]
[2024-04-25 12:52:42,098][root][INFO] - y: [-0.0068255  -0.01688475]
[2024-04-25 12:52:42,098][root][INFO] - Reward: -9.63287913571292
[2024-04-25 12:52:43,610][root][INFO] - --------------- Start iteration i=31 ---------------
[2024-04-25 12:52:43,611][root][INFO] - Length of data.x: 32
[2024-04-25 12:52:43,611][root][INFO] - Length of data.y: 32
[2024-04-25 12:52:43,718][root][INFO] - x: [ 0.98684096 -0.05360732 -0.64021031]
[2024-04-25 12:52:43,719][root][INFO] - y: [-0.0087195  -0.01487545]
[2024-04-25 12:52:43,720][root][INFO] - Reward: -9.474118892467908
[2024-04-25 12:52:43,721][root][INFO] - --------------- Start iteration i=32 ---------------
[2024-04-25 12:52:43,721][root][INFO] - Length of data.x: 33
[2024-04-25 12:52:43,721][root][INFO] - Length of data.y: 33
[2024-04-25 12:52:43,828][root][INFO] - x: [ 0.97812146 -0.06848277 -0.58489767]
[2024-04-25 12:52:43,829][root][INFO] - y: [-0.01028702 -0.01231132]
[2024-04-25 12:52:43,829][root][INFO] - Reward: -9.288039060392109
[2024-04-25 12:52:43,830][root][INFO] - --------------- Start iteration i=33 ---------------
[2024-04-25 12:52:43,830][root][INFO] - Length of data.x: 34
[2024-04-25 12:52:43,830][root][INFO] - Length of data.y: 34
[2024-04-25 12:52:43,939][root][INFO] - x: [ 0.96783444 -0.08079409 -0.46993926]
[2024-04-25 12:52:43,940][root][INFO] - y: [-0.01132666 -0.0081653 ]
[2024-04-25 12:52:43,940][root][INFO] - Reward: -9.081303391212195
[2024-04-25 12:52:43,942][root][INFO] - --------------- Start iteration i=34 ---------------
[2024-04-25 12:52:43,942][root][INFO] - Length of data.x: 35
[2024-04-25 12:52:43,942][root][INFO] - Length of data.y: 35
[2024-04-25 12:52:44,049][root][INFO] - x: [ 0.95650777 -0.08895939 -0.94592455]
[2024-04-25 12:52:44,049][root][INFO] - y: [-0.0120881  -0.00598031]
[2024-04-25 12:52:44,050][root][INFO] - Reward: -8.864247983549683
[2024-04-25 12:52:44,051][root][INFO] - --------------- Start iteration i=35 ---------------
[2024-04-25 12:52:44,051][root][INFO] - Length of data.x: 36
[2024-04-25 12:52:44,051][root][INFO] - Length of data.y: 36
[2024-04-25 12:53:14,362][root][INFO] - Eval Returns: [-128.83672707   -2.69315073 -474.61342185 -121.41571179 -241.01015053]
[2024-04-25 12:53:14,410][root][INFO] - Eval Returns: mean=-193.714 std=159.415
[2024-04-25 12:53:14,411][root][INFO] - Eval ndata: 36.000
[2024-04-25 12:53:14,411][root][INFO] - Model MSE (current real MPC): 0.032
[2024-04-25 12:53:14,963][root][INFO] - Model MSE (random test set): 0.001
[2024-04-25 12:53:14,963][root][INFO] - Model MSE (GT MPC): 0.000
[2024-04-25 12:53:14,963][root][INFO] - Model Likelihood (random test set): -1.852
[2024-04-25 12:53:14,963][root][INFO] - Model Likelihood (GT MPC): -1.848
[2024-04-25 12:53:14,963][root][INFO] - *[TIME] [Evaluate the current MPC policy] Elapsed: 30.80 seconds
[2024-04-25 12:53:19,536][root][INFO] - x: [ 0.94441968 -0.0949397  -0.77289258]
[2024-04-25 12:53:19,536][root][INFO] - y: [-0.01240174 -0.00246331]
[2024-04-25 12:53:19,536][root][INFO] - Reward: -8.636414249819229
[2024-04-25 12:53:21,215][root][INFO] - --------------- Start iteration i=36 ---------------
[2024-04-25 12:53:21,215][root][INFO] - Length of data.x: 37
[2024-04-25 12:53:21,215][root][INFO] - Length of data.y: 37
[2024-04-25 12:53:21,323][root][INFO] - x: [ 0.93201794 -0.09740301 -1.        ]
[2024-04-25 12:53:21,323][root][INFO] - y: [-0.01225907  0.0011205 ]
[2024-04-25 12:53:21,324][root][INFO] - Reward: -8.412585333017397
[2024-04-25 12:53:21,325][root][INFO] - --------------- Start iteration i=37 ---------------
[2024-04-25 12:53:21,325][root][INFO] - Length of data.x: 38
[2024-04-25 12:53:21,325][root][INFO] - Length of data.y: 38
[2024-04-25 12:53:21,433][root][INFO] - x: [ 0.91975887 -0.09628251 -0.42778778]
[2024-04-25 12:53:21,433][root][INFO] - y: [-0.01132433  0.00734141]
[2024-04-25 12:53:21,433][root][INFO] - Reward: -8.196283475420772
[2024-04-25 12:53:21,435][root][INFO] - --------------- Start iteration i=38 ---------------
[2024-04-25 12:53:21,435][root][INFO] - Length of data.x: 39
[2024-04-25 12:53:21,435][root][INFO] - Length of data.y: 39
[2024-04-25 12:53:21,543][root][INFO] - x: [ 0.90843454 -0.08894111 -0.9450962 ]
[2024-04-25 12:53:21,543][root][INFO] - y: [-0.01032511  0.00784785]
[2024-04-25 12:53:21,543][root][INFO] - Reward: -8.006488616597691
[2024-04-25 12:53:21,545][root][INFO] - --------------- Start iteration i=39 ---------------
[2024-04-25 12:53:21,545][root][INFO] - Length of data.x: 40
[2024-04-25 12:53:21,545][root][INFO] - Length of data.y: 40
[2024-04-25 12:53:21,653][root][INFO] - x: [ 0.89810942 -0.08109326 -0.34183069]
[2024-04-25 12:53:21,653][root][INFO] - y: [-0.00820126  0.01668074]
[2024-04-25 12:53:21,654][root][INFO] - Reward: -7.843121671625666
[2024-04-25 12:53:21,655][root][INFO] - --------------- Start iteration i=40 ---------------
[2024-04-25 12:53:21,655][root][INFO] - Length of data.x: 41
[2024-04-25 12:53:21,655][root][INFO] - Length of data.y: 41
[2024-04-25 12:53:52,714][root][INFO] - Eval Returns: [-367.24210419 -116.58230351 -119.17853629 -121.71652594 -363.18040117]
[2024-04-25 12:53:52,762][root][INFO] - Eval Returns: mean=-217.580 std=120.558
[2024-04-25 12:53:52,762][root][INFO] - Eval ndata: 41.000
[2024-04-25 12:53:52,762][root][INFO] - Model MSE (current real MPC): 0.036
[2024-04-25 12:53:53,345][root][INFO] - Model MSE (random test set): 0.001
[2024-04-25 12:53:53,345][root][INFO] - Model MSE (GT MPC): 0.000
[2024-04-25 12:53:53,345][root][INFO] - Model Likelihood (random test set): -1.852
[2024-04-25 12:53:53,345][root][INFO] - Model Likelihood (GT MPC): -1.848
[2024-04-25 12:53:53,345][root][INFO] - *[TIME] [Evaluate the current MPC policy] Elapsed: 31.58 seconds
[2024-04-25 12:53:56,962][root][INFO] - x: [ 0.88990817 -0.06441252 -0.68395745]
[2024-04-25 12:53:56,962][root][INFO] - y: [-0.00654196  0.01303212]
[2024-04-25 12:53:56,962][root][INFO] - Reward: -7.720373553891825
[2024-04-25 12:53:58,345][root][INFO] - --------------- Start iteration i=41 ---------------
[2024-04-25 12:53:58,346][root][INFO] - Length of data.x: 42
[2024-04-25 12:53:58,346][root][INFO] - Length of data.y: 42
[2024-04-25 12:53:58,456][root][INFO] - x: [ 0.88336621 -0.0513804  -0.42878758]
[2024-04-25 12:53:58,457][root][INFO] - y: [-0.00431271  0.01750841]
[2024-04-25 12:53:58,457][root][INFO] - Reward: -7.634667914912617
[2024-04-25 12:53:58,458][root][INFO] - --------------- Start iteration i=42 ---------------
[2024-04-25 12:53:58,458][root][INFO] - Length of data.x: 43
[2024-04-25 12:53:58,458][root][INFO] - Length of data.y: 43
[2024-04-25 12:53:58,566][root][INFO] - x: [ 0.8790535  -0.03387198 -0.27902402]
[2024-04-25 12:53:58,567][root][INFO] - y: [-0.00121781  0.02430731]
[2024-04-25 12:53:58,567][root][INFO] - Reward: -7.606369974237645
[2024-04-25 12:53:58,569][root][INFO] - --------------- Start iteration i=43 ---------------
[2024-04-25 12:53:58,569][root][INFO] - Length of data.x: 44
[2024-04-25 12:53:58,569][root][INFO] - Length of data.y: 44
[2024-04-25 12:53:58,676][root][INFO] - x: [ 0.87783569 -0.00956467  1.        ]
[2024-04-25 12:53:58,677][root][INFO] - y: [0.00563903 0.05385355]
[2024-04-25 12:53:58,677][root][INFO] - Reward: -7.720052494612813
[2024-04-25 12:53:58,678][root][INFO] - --------------- Start iteration i=44 ---------------
[2024-04-25 12:53:58,678][root][INFO] - Length of data.x: 45
[2024-04-25 12:53:58,678][root][INFO] - Length of data.y: 45
[2024-04-25 12:53:58,786][root][INFO] - x: [0.88347472 0.04428887 0.60925035]
[2024-04-25 12:53:58,787][root][INFO] - y: [0.01229911 0.05230811]
[2024-04-25 12:53:58,787][root][INFO] - Reward: -7.980680132348321
[2024-04-25 12:53:58,789][root][INFO] - --------------- Start iteration i=45 ---------------
[2024-04-25 12:53:58,789][root][INFO] - Length of data.x: 46
[2024-04-25 12:53:58,789][root][INFO] - Length of data.y: 46
[2024-04-25 12:54:36,806][root][INFO] - Eval Returns: [-359.08010004 -124.03736493 -362.30474243 -122.33423406 -244.98177685]
[2024-04-25 12:54:36,845][root][INFO] - Eval Returns: mean=-242.548 std=106.229
[2024-04-25 12:54:36,845][root][INFO] - Eval ndata: 46.000
[2024-04-25 12:54:36,846][root][INFO] - Model MSE (current real MPC): 0.040
[2024-04-25 12:54:37,329][root][INFO] - Model MSE (random test set): 0.001
[2024-04-25 12:54:37,330][root][INFO] - Model MSE (GT MPC): 0.000
[2024-04-25 12:54:37,330][root][INFO] - Model Likelihood (random test set): -1.850
[2024-04-25 12:54:37,330][root][INFO] - Model Likelihood (GT MPC): -1.847
[2024-04-25 12:54:37,330][root][INFO] - *[TIME] [Evaluate the current MPC policy] Elapsed: 38.43 seconds
[2024-04-25 12:54:41,295][root][INFO] - x: [0.89577383 0.09659698 1.        ]
[2024-04-25 12:54:41,296][root][INFO] - y: [0.01852545 0.04890154]
[2024-04-25 12:54:41,296][root][INFO] - Reward: -8.389915641948763
[2024-04-25 12:54:43,625][root][INFO] - --------------- Start iteration i=46 ---------------
[2024-04-25 12:54:43,625][root][INFO] - Length of data.x: 47
[2024-04-25 12:54:43,625][root][INFO] - Length of data.y: 47
[2024-04-25 12:54:43,715][root][INFO] - x: [0.91429928 0.14549852 0.91918089]
[2024-04-25 12:54:43,715][root][INFO] - y: [0.02408786 0.0436871 ]
[2024-04-25 12:54:43,715][root][INFO] - Reward: -8.923325377183177
[2024-04-25 12:54:43,717][root][INFO] - --------------- Start iteration i=47 ---------------
[2024-04-25 12:54:43,717][root][INFO] - Length of data.x: 48
[2024-04-25 12:54:43,717][root][INFO] - Length of data.y: 48
[2024-04-25 12:54:43,791][root][INFO] - x: [0.93838714 0.18918562 1.        ]
[2024-04-25 12:54:43,792][root][INFO] - y: [0.02877127 0.03678338]
[2024-04-25 12:54:43,792][root][INFO] - Reward: -9.562779504427482
[2024-04-25 12:54:43,793][root][INFO] - --------------- Start iteration i=48 ---------------
[2024-04-25 12:54:43,793][root][INFO] - Length of data.x: 49
[2024-04-25 12:54:43,793][root][INFO] - Length of data.y: 49
[2024-04-25 12:54:43,867][root][INFO] - x: [0.9671584  0.22596899 0.88717637]
[2024-04-25 12:54:43,867][root][INFO] - y: [0.03238796 0.02840549]
[2024-04-25 12:54:43,868][root][INFO] - Reward: -10.277921728441983
[2024-04-25 12:54:43,869][root][INFO] - --------------- Start iteration i=49 ---------------
[2024-04-25 12:54:43,869][root][INFO] - Length of data.x: 50
[2024-04-25 12:54:43,869][root][INFO] - Length of data.y: 50
[2024-04-25 12:54:43,942][root][INFO] - x: [0.99954636 0.25437448 0.9105049 ]
[2024-04-25 12:54:43,943][root][INFO] - y: [0.0347923 0.0188836]
[2024-04-25 12:54:43,943][root][INFO] - Reward: -9.684628492024576
[2024-04-25 12:54:43,944][root][INFO] - --------------- Start iteration i=50 ---------------
[2024-04-25 12:54:43,944][root][INFO] - Length of data.x: 51
[2024-04-25 12:54:43,944][root][INFO] - Length of data.y: 51
[2024-04-25 12:55:17,767][root][INFO] - Eval Returns: [-595.21915773 -238.12717162 -123.70133165 -233.94242064 -117.75187019]
[2024-04-25 12:55:17,820][root][INFO] - Eval Returns: mean=-261.748 std=174.543
[2024-04-25 12:55:17,820][root][INFO] - Eval ndata: 51.000
[2024-04-25 12:55:17,820][root][INFO] - Model MSE (current real MPC): 0.044
[2024-04-25 12:55:18,462][root][INFO] - Model MSE (random test set): 0.001
[2024-04-25 12:55:18,462][root][INFO] - Model MSE (GT MPC): 0.000
[2024-04-25 12:55:18,462][root][INFO] - Model Likelihood (random test set): -1.851
[2024-04-25 12:55:18,462][root][INFO] - Model Likelihood (GT MPC): -1.847
[2024-04-25 12:55:18,462][root][INFO] - *[TIME] [Evaluate the current MPC policy] Elapsed: 34.44 seconds
[2024-04-25 12:55:23,491][root][INFO] - x: [-0.96566134  0.27325808  0.94133222]
[2024-04-25 12:55:23,491][root][INFO] - y: [0.03800163 0.025206  ]
[2024-04-25 12:55:23,491][root][INFO] - Reward: -9.066975189560878
[2024-04-25 12:55:25,463][root][INFO] - --------------- Start iteration i=51 ---------------
[2024-04-25 12:55:25,463][root][INFO] - Length of data.x: 52
[2024-04-25 12:55:25,463][root][INFO] - Length of data.y: 52
[2024-04-25 12:55:25,584][root][INFO] - x: [-0.92765971  0.29846408  0.94088264]
[2024-04-25 12:55:25,585][root][INFO] - y: [0.03980454 0.01416006]
[2024-04-25 12:55:25,585][root][INFO] - Reward: -8.409117037674138
[2024-04-25 12:55:25,587][root][INFO] - --------------- Start iteration i=52 ---------------
[2024-04-25 12:55:25,587][root][INFO] - Length of data.x: 53
[2024-04-25 12:55:25,587][root][INFO] - Length of data.y: 53
[2024-04-25 12:55:25,706][root][INFO] - x: [-0.88785517  0.31262415  0.9680185 ]
[2024-04-25 12:55:25,707][root][INFO] - y: [0.04030752 0.00395039]
[2024-04-25 12:55:25,707][root][INFO] - Reward: -7.734855199963723
[2024-04-25 12:55:25,709][root][INFO] - --------------- Start iteration i=53 ---------------
[2024-04-25 12:55:25,709][root][INFO] - Length of data.x: 54
[2024-04-25 12:55:25,709][root][INFO] - Length of data.y: 54
[2024-04-25 12:55:25,828][root][INFO] - x: [-0.84754765  0.31657453  0.39576293]
[2024-04-25 12:55:25,828][root][INFO] - y: [ 0.03669626 -0.02836278]
[2024-04-25 12:55:25,829][root][INFO] - Reward: -7.021316637236622
[2024-04-25 12:55:25,830][root][INFO] - --------------- Start iteration i=54 ---------------
[2024-04-25 12:55:25,831][root][INFO] - Length of data.x: 55
[2024-04-25 12:55:25,831][root][INFO] - Length of data.y: 55
[2024-04-25 12:55:25,952][root][INFO] - x: [-0.81085139  0.28821176  0.82201868]
[2024-04-25 12:55:25,952][root][INFO] - y: [ 0.03393816 -0.02166203]
[2024-04-25 12:55:25,952][root][INFO] - Reward: -6.414650804943984
[2024-04-25 12:55:25,954][root][INFO] - --------------- Start iteration i=55 ---------------
[2024-04-25 12:55:25,954][root][INFO] - Length of data.x: 56
[2024-04-25 12:55:25,954][root][INFO] - Length of data.y: 56
[2024-04-25 12:56:02,516][root][INFO] - Eval Returns: [-426.12529588 -504.11722635 -345.62624663 -359.7307824  -349.47794277]
[2024-04-25 12:56:02,567][root][INFO] - Eval Returns: mean=-397.015 std=61.007
[2024-04-25 12:56:02,567][root][INFO] - Eval ndata: 56.000
[2024-04-25 12:56:02,567][root][INFO] - Model MSE (current real MPC): 0.064
[2024-04-25 12:56:03,109][root][INFO] - Model MSE (random test set): 0.000
[2024-04-25 12:56:03,109][root][INFO] - Model MSE (GT MPC): 0.000
[2024-04-25 12:56:03,109][root][INFO] - Model Likelihood (random test set): -1.847
[2024-04-25 12:56:03,109][root][INFO] - Model Likelihood (GT MPC): -1.844
[2024-04-25 12:56:03,109][root][INFO] - *[TIME] [Evaluate the current MPC policy] Elapsed: 37.03 seconds
[2024-04-25 12:56:07,873][root][INFO] - x: [-0.77691322  0.26654973  0.63986307]
[2024-04-25 12:56:07,873][root][INFO] - y: [ 0.02929577 -0.03646131]
[2024-04-25 12:56:07,873][root][INFO] - Reward: -5.8568947498828585
[2024-04-25 12:56:09,833][root][INFO] - --------------- Start iteration i=56 ---------------
[2024-04-25 12:56:09,834][root][INFO] - Length of data.x: 57
[2024-04-25 12:56:09,834][root][INFO] - Length of data.y: 57
[2024-04-25 12:56:09,949][root][INFO] - x: [-0.74761746  0.23008842 -0.08056882]
[2024-04-25 12:56:09,950][root][INFO] - y: [ 0.02040767 -0.06980691]
[2024-04-25 12:56:09,950][root][INFO] - Reward: -5.383826342534703
[2024-04-25 12:56:09,953][root][INFO] - --------------- Start iteration i=57 ---------------
[2024-04-25 12:56:09,953][root][INFO] - Length of data.x: 58
[2024-04-25 12:56:09,953][root][INFO] - Length of data.y: 58
[2024-04-25 12:56:10,068][root][INFO] - x: [-0.72720978  0.16028151 -0.30000319]
[2024-04-25 12:56:10,069][root][INFO] - y: [ 0.00995262 -0.08211378]
[2024-04-25 12:56:10,069][root][INFO] - Reward: -5.116960813946287
[2024-04-25 12:56:10,071][root][INFO] - --------------- Start iteration i=58 ---------------
[2024-04-25 12:56:10,071][root][INFO] - Length of data.x: 59
[2024-04-25 12:56:10,071][root][INFO] - Length of data.y: 59
[2024-04-25 12:56:10,191][root][INFO] - x: [-0.71725716  0.07816773 -1.        ]
[2024-04-25 12:56:10,191][root][INFO] - y: [-0.00408457 -0.11024786]
[2024-04-25 12:56:10,192][root][INFO] - Reward: -5.146076371759187
[2024-04-25 12:56:10,193][root][INFO] - --------------- Start iteration i=59 ---------------
[2024-04-25 12:56:10,194][root][INFO] - Length of data.x: 60
[2024-04-25 12:56:10,194][root][INFO] - Length of data.y: 60
[2024-04-25 12:56:10,314][root][INFO] - x: [-0.72134173 -0.03208013 -0.69700981]
[2024-04-25 12:56:10,315][root][INFO] - y: [-0.01657772 -0.09812095]
[2024-04-25 12:56:10,315][root][INFO] - Reward: -5.484685793784838
[2024-04-25 12:56:10,317][root][INFO] - --------------- Start iteration i=60 ---------------
[2024-04-25 12:56:10,317][root][INFO] - Length of data.x: 61
[2024-04-25 12:56:10,317][root][INFO] - Length of data.y: 61
[2024-04-25 12:56:42,407][root][INFO] - Eval Returns: [-263.64537163  -11.3696187   -16.01584207 -138.04233561 -229.08606331]
[2024-04-25 12:56:42,451][root][INFO] - Eval Returns: mean=-131.632 std=104.686
[2024-04-25 12:56:42,451][root][INFO] - Eval ndata: 61.000
[2024-04-25 12:56:42,451][root][INFO] - Model MSE (current real MPC): 0.020
[2024-04-25 12:56:42,976][root][INFO] - Model MSE (random test set): 0.000
[2024-04-25 12:56:42,976][root][INFO] - Model MSE (GT MPC): 0.000
[2024-04-25 12:56:42,976][root][INFO] - Model Likelihood (random test set): -1.844
[2024-04-25 12:56:42,976][root][INFO] - Model Likelihood (GT MPC): -1.842
[2024-04-25 12:56:42,976][root][INFO] - *[TIME] [Evaluate the current MPC policy] Elapsed: 32.54 seconds
[2024-04-25 12:56:46,573][root][INFO] - x: [-0.73791944 -0.13020107 -0.16312523]
[2024-04-25 12:56:46,573][root][INFO] - y: [-0.02611122 -0.07487601]
[2024-04-25 12:56:46,573][root][INFO] - Reward: -6.030580173676447
[2024-04-25 12:56:48,003][root][INFO] - --------------- Start iteration i=61 ---------------
[2024-04-25 12:56:48,003][root][INFO] - Length of data.x: 62
[2024-04-25 12:56:48,003][root][INFO] - Length of data.y: 62
[2024-04-25 12:56:48,127][root][INFO] - x: [-0.76403067 -0.20507709 -0.66856674]
[2024-04-25 12:56:48,128][root][INFO] - y: [-0.03736374 -0.08837704]
[2024-04-25 12:56:48,128][root][INFO] - Reward: -6.891511914783446
[2024-04-25 12:56:48,130][root][INFO] - --------------- Start iteration i=62 ---------------
[2024-04-25 12:56:48,130][root][INFO] - Length of data.x: 63
[2024-04-25 12:56:48,130][root][INFO] - Length of data.y: 63
[2024-04-25 12:56:48,253][root][INFO] - x: [-0.80139441 -0.29345412 -1.        ]
[2024-04-25 12:56:48,254][root][INFO] - y: [-0.04911218 -0.09227208]
[2024-04-25 12:56:48,254][root][INFO] - Reward: -8.095513951899159
[2024-04-25 12:56:48,256][root][INFO] - --------------- Start iteration i=63 ---------------
[2024-04-25 12:56:48,256][root][INFO] - Length of data.x: 64
[2024-04-25 12:56:48,256][root][INFO] - Length of data.y: 64
[2024-04-25 12:56:48,378][root][INFO] - x: [-0.85050659 -0.3857262  -0.89510113]
[2024-04-25 12:56:48,379][root][INFO] - y: [-0.05878816 -0.0759949 ]
[2024-04-25 12:56:48,379][root][INFO] - Reward: -9.527954154303409
[2024-04-25 12:56:48,381][root][INFO] - --------------- Start iteration i=64 ---------------
[2024-04-25 12:56:48,381][root][INFO] - Length of data.x: 65
[2024-04-25 12:56:48,381][root][INFO] - Length of data.y: 65
[2024-04-25 12:56:48,468][root][INFO] - x: [-0.90929475 -0.46172111 -1.        ]
[2024-04-25 12:56:48,469][root][INFO] - y: [-0.0669184  -0.06385481]
[2024-04-25 12:56:48,469][root][INFO] - Reward: -11.177527929092776
[2024-04-25 12:56:48,470][root][INFO] - --------------- Start iteration i=65 ---------------
[2024-04-25 12:56:48,470][root][INFO] - Length of data.x: 66
[2024-04-25 12:56:48,470][root][INFO] - Length of data.y: 66
[2024-04-25 12:57:28,124][root][INFO] - Eval Returns: [-241.61546297 -133.77953023 -468.70268254 -227.58885881 -366.03004712]
[2024-04-25 12:57:28,163][root][INFO] - Eval Returns: mean=-287.543 std=116.898
[2024-04-25 12:57:28,163][root][INFO] - Eval ndata: 66.000
[2024-04-25 12:57:28,165][root][INFO] - Model MSE (current real MPC): 0.048
[2024-04-25 12:57:28,663][root][INFO] - Model MSE (random test set): 0.000
[2024-04-25 12:57:28,663][root][INFO] - Model MSE (GT MPC): 0.000
[2024-04-25 12:57:28,663][root][INFO] - Model Likelihood (random test set): -1.844
[2024-04-25 12:57:28,663][root][INFO] - Model Likelihood (GT MPC): -1.843
[2024-04-25 12:57:28,663][root][INFO] - *[TIME] [Evaluate the current MPC policy] Elapsed: 40.12 seconds
[2024-04-25 12:57:32,496][root][INFO] - x: [-0.97621315 -0.52557592 -0.26300495]
[2024-04-25 12:57:32,497][root][INFO] - y: [-0.06906533 -0.01686197]
[2024-04-25 12:57:32,497][root][INFO] - Reward: -10.879482941443712
[2024-04-25 12:57:34,811][root][INFO] - --------------- Start iteration i=66 ---------------
[2024-04-25 12:57:34,811][root][INFO] - Length of data.x: 67
[2024-04-25 12:57:34,811][root][INFO] - Length of data.y: 67
[2024-04-25 12:57:34,927][root][INFO] - x: [ 0.95472152 -0.54243788 -0.78518713]
[2024-04-25 12:57:34,927][root][INFO] - y: [-0.06976044 -0.00545932]
[2024-04-25 12:57:34,928][root][INFO] - Reward: -9.653132163614613
[2024-04-25 12:57:34,929][root][INFO] - --------------- Start iteration i=67 ---------------
[2024-04-25 12:57:34,930][root][INFO] - Length of data.x: 68
[2024-04-25 12:57:34,930][root][INFO] - Length of data.y: 68
[2024-04-25 12:57:35,045][root][INFO] - x: [ 0.88496108 -0.5478972  -1.        ]
[2024-04-25 12:57:35,046][root][INFO] - y: [-0.0679271   0.01439898]
[2024-04-25 12:57:35,046][root][INFO] - Reward: -8.413970999353523
[2024-04-25 12:57:35,048][root][INFO] - --------------- Start iteration i=68 ---------------
[2024-04-25 12:57:35,049][root][INFO] - Length of data.x: 69
[2024-04-25 12:57:35,049][root][INFO] - Length of data.y: 69
[2024-04-25 12:57:35,165][root][INFO] - x: [ 0.81703398 -0.53349822 -1.        ]
[2024-04-25 12:57:35,165][root][INFO] - y: [-0.06382483  0.03221914]
[2024-04-25 12:57:35,166][root][INFO] - Reward: -7.211460537102668
[2024-04-25 12:57:35,168][root][INFO] - --------------- Start iteration i=69 ---------------
[2024-04-25 12:57:35,168][root][INFO] - Length of data.x: 70
[2024-04-25 12:57:35,168][root][INFO] - Length of data.y: 70
[2024-04-25 12:57:35,284][root][INFO] - x: [ 0.75320915 -0.50127908 -1.        ]
[2024-04-25 12:57:35,285][root][INFO] - y: [-0.05785722  0.04686956]
[2024-04-25 12:57:35,285][root][INFO] - Reward: -6.0976184899970605
[2024-04-25 12:57:35,287][root][INFO] - --------------- Start iteration i=70 ---------------
[2024-04-25 12:57:35,287][root][INFO] - Length of data.x: 71
[2024-04-25 12:57:35,287][root][INFO] - Length of data.y: 71
[2024-04-25 12:58:10,926][root][INFO] - Eval Returns: [  -3.17952424 -229.18182411 -122.77940997 -123.51018501 -117.80234997]
[2024-04-25 12:58:10,967][root][INFO] - Eval Returns: mean=-119.291 std=71.540
[2024-04-25 12:58:10,967][root][INFO] - Eval ndata: 71.000
[2024-04-25 12:58:10,967][root][INFO] - Model MSE (current real MPC): 0.020
[2024-04-25 12:58:11,488][root][INFO] - Model MSE (random test set): 0.000
[2024-04-25 12:58:11,488][root][INFO] - Model MSE (GT MPC): 0.000
[2024-04-25 12:58:11,488][root][INFO] - Model Likelihood (random test set): -1.844
[2024-04-25 12:58:11,488][root][INFO] - Model Likelihood (GT MPC): -1.842
[2024-04-25 12:58:11,488][root][INFO] - *[TIME] [Evaluate the current MPC policy] Elapsed: 36.09 seconds
[2024-04-25 12:58:14,749][root][INFO] - x: [ 0.69535193 -0.45440952 -1.        ]
[2024-04-25 12:58:14,749][root][INFO] - y: [-0.05048619  0.05789189]
[2024-04-25 12:58:14,750][root][INFO] - Reward: -5.114541104613029
[2024-04-25 12:58:16,524][root][INFO] - --------------- Start iteration i=71 ---------------
[2024-04-25 12:58:16,524][root][INFO] - Length of data.x: 72
[2024-04-25 12:58:16,524][root][INFO] - Length of data.y: 72
[2024-04-25 12:58:16,637][root][INFO] - x: [ 0.64486574 -0.39651763 -1.        ]
[2024-04-25 12:58:16,638][root][INFO] - y: [-0.04215189  0.06545747]
[2024-04-25 12:58:16,638][root][INFO] - Reward: -4.290717366045862
[2024-04-25 12:58:16,640][root][INFO] - --------------- Start iteration i=72 ---------------
[2024-04-25 12:58:16,641][root][INFO] - Length of data.x: 73
[2024-04-25 12:58:16,641][root][INFO] - Length of data.y: 73
[2024-04-25 12:58:16,755][root][INFO] - x: [ 0.60271385 -0.33106016 -1.        ]
[2024-04-25 12:58:16,756][root][INFO] - y: [-0.03321867  0.07016131]
[2024-04-25 12:58:16,756][root][INFO] - Reward: -3.6405937922780005
[2024-04-25 12:58:16,758][root][INFO] - --------------- Start iteration i=73 ---------------
[2024-04-25 12:58:16,758][root][INFO] - Length of data.x: 74
[2024-04-25 12:58:16,758][root][INFO] - Length of data.y: 74
[2024-04-25 12:58:16,872][root][INFO] - x: [ 0.56949518 -0.26089885  0.4063136 ]
[2024-04-25 12:58:16,872][root][INFO] - y: [-0.01962541  0.10676127]
[2024-04-25 12:58:16,873][root][INFO] - Reward: -3.136855933890521
[2024-04-25 12:58:16,875][root][INFO] - --------------- Start iteration i=74 ---------------
[2024-04-25 12:58:16,875][root][INFO] - Length of data.x: 75
[2024-04-25 12:58:16,875][root][INFO] - Length of data.y: 75
[2024-04-25 12:58:16,989][root][INFO] - x: [ 0.54986977 -0.15413757  0.31225241]
[2024-04-25 12:58:16,990][root][INFO] - y: [-0.00634409  0.10431124]
[2024-04-25 12:58:16,990][root][INFO] - Reward: -2.931959465851363
[2024-04-25 12:58:16,992][root][INFO] - --------------- Start iteration i=75 ---------------
[2024-04-25 12:58:16,992][root][INFO] - Length of data.x: 76
[2024-04-25 12:58:16,992][root][INFO] - Length of data.y: 76
[2024-04-25 12:58:54,546][root][INFO] - Eval Returns: [-343.70366414 -232.16791383 -430.83354466 -122.99303469   -5.57282587]
[2024-04-25 12:58:54,589][root][INFO] - Eval Returns: mean=-227.054 std=151.685
[2024-04-25 12:58:54,589][root][INFO] - Eval ndata: 76.000
[2024-04-25 12:58:54,589][root][INFO] - Model MSE (current real MPC): 0.040
[2024-04-25 12:58:55,127][root][INFO] - Model MSE (random test set): 0.000
[2024-04-25 12:58:55,127][root][INFO] - Model MSE (GT MPC): 0.000
[2024-04-25 12:58:55,127][root][INFO] - Model Likelihood (random test set): -1.845
[2024-04-25 12:58:55,127][root][INFO] - Model Likelihood (GT MPC): -1.843
[2024-04-25 12:58:55,127][root][INFO] - *[TIME] [Evaluate the current MPC policy] Elapsed: 38.02 seconds
[2024-04-25 12:58:58,829][root][INFO] - x: [ 0.54352569 -0.04982634 -0.0233768 ]
[2024-04-25 12:58:58,829][root][INFO] - y: [0.0053695  0.09199827]
[2024-04-25 12:58:58,830][root][INFO] - Reward: -2.984957469233803
[2024-04-25 12:59:00,328][root][INFO] - --------------- Start iteration i=76 ---------------
[2024-04-25 12:59:00,328][root][INFO] - Length of data.x: 77
[2024-04-25 12:59:00,329][root][INFO] - Length of data.y: 77
[2024-04-25 12:59:00,446][root][INFO] - x: [0.54889519 0.04217194 0.8236701 ]
[2024-04-25 12:59:00,447][root][INFO] - y: [0.01955289 0.11139613]
[2024-04-25 12:59:00,448][root][INFO] - Reward: -3.342843102076349
[2024-04-25 12:59:00,450][root][INFO] - --------------- Start iteration i=77 ---------------
[2024-04-25 12:59:00,450][root][INFO] - Length of data.x: 78
[2024-04-25 12:59:00,450][root][INFO] - Length of data.y: 78
[2024-04-25 12:59:00,569][root][INFO] - x: [0.56844808 0.15356806 0.92261538]
[2024-04-25 12:59:00,569][root][INFO] - y: [0.03360192 0.11034082]
[2024-04-25 12:59:00,569][root][INFO] - Reward: -4.026529906037583
[2024-04-25 12:59:00,572][root][INFO] - --------------- Start iteration i=78 ---------------
[2024-04-25 12:59:00,572][root][INFO] - Length of data.x: 79
[2024-04-25 12:59:00,572][root][INFO] - Length of data.y: 79
[2024-04-25 12:59:00,690][root][INFO] - x: [0.60205    0.26390888 1.        ]
[2024-04-25 12:59:00,690][root][INFO] - y: [0.04731765 0.10772312]
[2024-04-25 12:59:00,691][root][INFO] - Reward: -5.049704953462814
[2024-04-25 12:59:00,693][root][INFO] - --------------- Start iteration i=79 ---------------
[2024-04-25 12:59:00,693][root][INFO] - Length of data.x: 80
[2024-04-25 12:59:00,693][root][INFO] - Length of data.y: 80
[2024-04-25 12:59:00,813][root][INFO] - x: [0.64936765 0.371632   0.42275014]
[2024-04-25 12:59:00,814][root][INFO] - y: [0.05998249 0.09946938]
[2024-04-25 12:59:00,814][root][INFO] - Reward: -6.387272922201951
[2024-04-25 12:59:00,816][root][INFO] - --------------- Start iteration i=80 ---------------
[2024-04-25 12:59:00,816][root][INFO] - Length of data.x: 81
[2024-04-25 12:59:00,816][root][INFO] - Length of data.y: 81
[2024-04-25 12:59:38,861][root][INFO] - Eval Returns: [-240.38955113 -233.65153248   -4.96355648 -128.18691617 -353.58647084]
[2024-04-25 12:59:38,905][root][INFO] - Eval Returns: mean=-192.156 std=117.679
[2024-04-25 12:59:38,905][root][INFO] - Eval ndata: 81.000
[2024-04-25 12:59:38,906][root][INFO] - Model MSE (current real MPC): 0.032
[2024-04-25 12:59:39,441][root][INFO] - Model MSE (random test set): 0.000
[2024-04-25 12:59:39,441][root][INFO] - Model MSE (GT MPC): 0.000
[2024-04-25 12:59:39,441][root][INFO] - Model Likelihood (random test set): -1.846
[2024-04-25 12:59:39,441][root][INFO] - Model Likelihood (GT MPC): -1.844
[2024-04-25 12:59:39,441][root][INFO] - *[TIME] [Evaluate the current MPC policy] Elapsed: 38.50 seconds
[2024-04-25 12:59:43,989][root][INFO] - x: [0.70935014 0.47110138 0.97478397]
[2024-04-25 12:59:43,990][root][INFO] - y: [0.07181651 0.09294418]
[2024-04-25 12:59:43,990][root][INFO] - Reward: -8.062587715034704
[2024-04-25 12:59:45,592][root][INFO] - --------------- Start iteration i=81 ---------------
[2024-04-25 12:59:45,592][root][INFO] - Length of data.x: 82
[2024-04-25 12:59:45,592][root][INFO] - Length of data.y: 82
[2024-04-25 12:59:45,712][root][INFO] - x: [0.78116665 0.56404556 0.9892525 ]
[2024-04-25 12:59:45,713][root][INFO] - y: [0.08177876 0.07824334]
[2024-04-25 12:59:45,713][root][INFO] - Reward: -9.993784662291251
[2024-04-25 12:59:45,716][root][INFO] - --------------- Start iteration i=82 ---------------
[2024-04-25 12:59:45,716][root][INFO] - Length of data.x: 83
[2024-04-25 12:59:45,716][root][INFO] - Length of data.y: 83
[2024-04-25 12:59:45,836][root][INFO] - x: [0.86294541 0.6422889  0.51002772]
[2024-04-25 12:59:45,836][root][INFO] - y: [0.08914829 0.05788017]
[2024-04-25 12:59:45,837][root][INFO] - Reward: -12.085179022090013
[2024-04-25 12:59:45,839][root][INFO] - --------------- Start iteration i=83 ---------------
[2024-04-25 12:59:45,839][root][INFO] - Length of data.x: 84
[2024-04-25 12:59:45,839][root][INFO] - Length of data.y: 84
[2024-04-25 12:59:45,962][root][INFO] - x: [ 0.95209371  0.70016907 -0.02173883]
[2024-04-25 12:59:45,963][root][INFO] - y: [0.09083421 0.01324115]
[2024-04-25 12:59:45,963][root][INFO] - Reward: -12.297738009552408
[2024-04-25 12:59:45,965][root][INFO] - --------------- Start iteration i=84 ---------------
[2024-04-25 12:59:45,965][root][INFO] - Length of data.x: 85
[2024-04-25 12:59:45,965][root][INFO] - Length of data.y: 85
[2024-04-25 12:59:46,086][root][INFO] - x: [-0.95707209  0.71341022  0.74718178]
[2024-04-25 12:59:46,087][root][INFO] - y: [0.09279682 0.0154143 ]
[2024-04-25 12:59:46,087][root][INFO] - Reward: -10.774134266730035
[2024-04-25 12:59:46,089][root][INFO] - --------------- Start iteration i=85 ---------------
[2024-04-25 12:59:46,090][root][INFO] - Length of data.x: 86
[2024-04-25 12:59:46,090][root][INFO] - Length of data.y: 86
[2024-04-25 13:00:26,559][root][INFO] - Eval Returns: [-122.71860748 -123.13025844 -131.10269984 -115.84802055 -128.06272895]
[2024-04-25 13:00:26,599][root][INFO] - Eval Returns: mean=-124.172 std=5.209
[2024-04-25 13:00:26,600][root][INFO] - Eval ndata: 86.000
[2024-04-25 13:00:26,600][root][INFO] - Model MSE (current real MPC): 0.020
[2024-04-25 13:00:27,217][root][INFO] - Model MSE (random test set): 0.000
[2024-04-25 13:00:27,217][root][INFO] - Model MSE (GT MPC): 0.000
[2024-04-25 13:00:27,218][root][INFO] - Model Likelihood (random test set): -1.847
[2024-04-25 13:00:27,218][root][INFO] - Model Likelihood (GT MPC): -1.844
[2024-04-25 13:00:27,218][root][INFO] - *[TIME] [Evaluate the current MPC policy] Elapsed: 41.00 seconds
[2024-04-25 13:00:31,244][root][INFO] - x: [-0.86427527  0.72882452  0.86881552]
[2024-04-25 13:00:31,244][root][INFO] - y: [ 0.09200826 -0.00619332]
[2024-04-25 13:00:31,245][root][INFO] - Reward: -9.231268997173283
[2024-04-25 13:00:33,270][root][INFO] - --------------- Start iteration i=86 ---------------
[2024-04-25 13:00:33,270][root][INFO] - Length of data.x: 87
[2024-04-25 13:00:33,270][root][INFO] - Length of data.y: 87
[2024-04-25 13:00:33,390][root][INFO] - x: [-0.77226701  0.7226312   0.9885917 ]
[2024-04-25 13:00:33,391][root][INFO] - y: [ 0.08889858 -0.02442338]
[2024-04-25 13:00:33,391][root][INFO] - Reward: -7.732902455849058
[2024-04-25 13:00:33,393][root][INFO] - --------------- Start iteration i=87 ---------------
[2024-04-25 13:00:33,394][root][INFO] - Length of data.x: 88
[2024-04-25 13:00:33,394][root][INFO] - Length of data.y: 88
[2024-04-25 13:00:33,513][root][INFO] - x: [-0.68336843  0.69820781  0.3558092 ]
[2024-04-25 13:00:33,513][root][INFO] - y: [ 0.08058727 -0.06527689]
[2024-04-25 13:00:33,513][root][INFO] - Reward: -6.150429294425626
[2024-04-25 13:00:33,516][root][INFO] - --------------- Start iteration i=88 ---------------
[2024-04-25 13:00:33,516][root][INFO] - Length of data.x: 89
[2024-04-25 13:00:33,516][root][INFO] - Length of data.y: 89
[2024-04-25 13:00:33,636][root][INFO] - x: [-0.60278116  0.63293093  1.        ]
[2024-04-25 13:00:33,636][root][INFO] - y: [ 0.07404218 -0.05140502]
[2024-04-25 13:00:33,636][root][INFO] - Reward: -4.92749850828147
[2024-04-25 13:00:33,638][root][INFO] - --------------- Start iteration i=89 ---------------
[2024-04-25 13:00:33,639][root][INFO] - Length of data.x: 90
[2024-04-25 13:00:33,639][root][INFO] - Length of data.y: 90
[2024-04-25 13:00:33,758][root][INFO] - x: [-0.52873899  0.5815259   0.53977708]
[2024-04-25 13:00:33,758][root][INFO] - y: [ 0.06473142 -0.07312651]
[2024-04-25 13:00:33,759][root][INFO] - Reward: -3.7803288560980173
[2024-04-25 13:00:33,761][root][INFO] - --------------- Start iteration i=90 ---------------
[2024-04-25 13:00:33,761][root][INFO] - Length of data.x: 91
[2024-04-25 13:00:33,761][root][INFO] - Length of data.y: 91
[2024-04-25 13:01:16,149][root][INFO] - Eval Returns: [-118.94848769 -235.66825975 -120.9150153  -124.65115252 -125.7533594 ]
[2024-04-25 13:01:16,196][root][INFO] - Eval Returns: mean=-145.187 std=45.307
[2024-04-25 13:01:16,196][root][INFO] - Eval ndata: 91.000
[2024-04-25 13:01:16,199][root][INFO] - Model MSE (current real MPC): 0.024
[2024-04-25 13:01:16,857][root][INFO] - Model MSE (random test set): 0.000
[2024-04-25 13:01:16,857][root][INFO] - Model MSE (GT MPC): 0.000
[2024-04-25 13:01:16,857][root][INFO] - Model Likelihood (random test set): -1.847
[2024-04-25 13:01:16,857][root][INFO] - Model Likelihood (GT MPC): -1.844
[2024-04-25 13:01:16,857][root][INFO] - *[TIME] [Evaluate the current MPC policy] Elapsed: 42.97 seconds
[2024-04-25 13:01:21,685][root][INFO] - x: [-0.46400757  0.50839939 -0.14254047]
[2024-04-25 13:01:21,685][root][INFO] - y: [ 0.05219045 -0.09849658]
[2024-04-25 13:01:21,685][root][INFO] - Reward: -2.749230589653437
[2024-04-25 13:01:23,787][root][INFO] - --------------- Start iteration i=91 ---------------
[2024-04-25 13:01:23,787][root][INFO] - Length of data.x: 92
[2024-04-25 13:01:23,787][root][INFO] - Length of data.y: 92
[2024-04-25 13:01:23,913][root][INFO] - x: [-0.41181712  0.40990281  0.99644245]
[2024-04-25 13:01:23,913][root][INFO] - y: [ 0.04546662 -0.05280879]
[2024-04-25 13:01:23,914][root][INFO] - Reward: -2.1447011344891487
[2024-04-25 13:01:23,916][root][INFO] - --------------- Start iteration i=92 ---------------
[2024-04-25 13:01:23,916][root][INFO] - Length of data.x: 93
[2024-04-25 13:01:23,916][root][INFO] - Length of data.y: 93
[2024-04-25 13:01:24,043][root][INFO] - x: [-0.3663505   0.35709402  0.76905001]
[2024-04-25 13:01:24,043][root][INFO] - y: [ 0.03823875 -0.0567676 ]
[2024-04-25 13:01:24,044][root][INFO] - Reward: -1.6421551746348761
[2024-04-25 13:01:24,047][root][INFO] - --------------- Start iteration i=93 ---------------
[2024-04-25 13:01:24,047][root][INFO] - Length of data.x: 94
[2024-04-25 13:01:24,047][root][INFO] - Length of data.y: 94
[2024-04-25 13:01:24,136][root][INFO] - x: [-0.32811176  0.30032643  1.        ]
[2024-04-25 13:01:24,136][root][INFO] - y: [ 0.03277527 -0.04291005]
[2024-04-25 13:01:24,136][root][INFO] - Reward: -1.2889472823644907
[2024-04-25 13:01:24,138][root][INFO] - --------------- Start iteration i=94 ---------------
[2024-04-25 13:01:24,138][root][INFO] - Length of data.x: 95
[2024-04-25 13:01:24,138][root][INFO] - Length of data.y: 95
[2024-04-25 13:01:24,219][root][INFO] - x: [-0.29533649  0.25741637  1.        ]
[2024-04-25 13:01:24,220][root][INFO] - y: [ 0.02799681 -0.0375299 ]
[2024-04-25 13:01:24,220][root][INFO] - Reward: -1.0188259930038095
[2024-04-25 13:01:24,221][root][INFO] - --------------- Start iteration i=95 ---------------
[2024-04-25 13:01:24,221][root][INFO] - Length of data.x: 96
[2024-04-25 13:01:24,221][root][INFO] - Length of data.y: 96
[2024-04-25 13:02:09,945][root][INFO] - Eval Returns: [-118.38172211   -0.93975101   -0.64755044   -2.21253761 -126.22939342]
[2024-04-25 13:02:09,989][root][INFO] - Eval Returns: mean=-49.682 std=59.351
[2024-04-25 13:02:09,989][root][INFO] - Eval ndata: 96.000
[2024-04-25 13:02:09,990][root][INFO] - Model MSE (current real MPC): 0.008
[2024-04-25 13:02:10,539][root][INFO] - Model MSE (random test set): 0.000
[2024-04-25 13:02:10,539][root][INFO] - Model MSE (GT MPC): 0.000
[2024-04-25 13:02:10,539][root][INFO] - Model Likelihood (random test set): -1.848
[2024-04-25 13:02:10,539][root][INFO] - Model Likelihood (GT MPC): -1.844
[2024-04-25 13:02:10,539][root][INFO] - *[TIME] [Evaluate the current MPC policy] Elapsed: 46.24 seconds
[2024-04-25 13:02:14,758][root][INFO] - x: [-0.26733967  0.21988647  1.        ]
[2024-04-25 13:02:14,759][root][INFO] - y: [ 0.02388396 -0.03230231]
[2024-04-25 13:02:14,759][root][INFO] - Reward: -0.8141802921085086
[2024-04-25 13:02:16,960][root][INFO] - --------------- Start iteration i=96 ---------------
[2024-04-25 13:02:16,960][root][INFO] - Length of data.x: 97
[2024-04-25 13:02:16,960][root][INFO] - Length of data.y: 97
[2024-04-25 13:02:17,085][root][INFO] - x: [-0.24345571  0.18758417  0.99325994]
[2024-04-25 13:02:17,085][root][INFO] - y: [ 0.02036126 -0.02766719]
[2024-04-25 13:02:17,086][root][INFO] - Reward: -0.6588377191391388
[2024-04-25 13:02:17,088][root][INFO] - --------------- Start iteration i=97 ---------------
[2024-04-25 13:02:17,088][root][INFO] - Length of data.x: 98
[2024-04-25 13:02:17,088][root][INFO] - Length of data.y: 98
[2024-04-25 13:02:17,212][root][INFO] - x: [-0.22309445  0.15991698  0.95564235]
[2024-04-25 13:02:17,213][root][INFO] - y: [ 0.01722638 -0.02462132]
[2024-04-25 13:02:17,213][root][INFO] - Reward: -0.5390947547364451
[2024-04-25 13:02:17,216][root][INFO] - --------------- Start iteration i=98 ---------------
[2024-04-25 13:02:17,216][root][INFO] - Length of data.x: 99
[2024-04-25 13:02:17,216][root][INFO] - Length of data.y: 99
[2024-04-25 13:02:17,340][root][INFO] - x: [-0.20586807  0.13529567  0.94301716]
[2024-04-25 13:02:17,341][root][INFO] - y: [ 0.01453596 -0.0211305 ]
[2024-04-25 13:02:17,341][root][INFO] - Reward: -0.44827898727041354
[2024-04-25 13:02:17,343][root][INFO] - --------------- Start iteration i=99 ---------------
[2024-04-25 13:02:17,343][root][INFO] - Length of data.x: 100
[2024-04-25 13:02:17,344][root][INFO] - Length of data.y: 100
[2024-04-25 13:02:17,469][root][INFO] - x: [-0.19133211  0.11416517  0.64196685]
[2024-04-25 13:02:17,470][root][INFO] - y: [ 0.01085049 -0.0289456 ]
[2024-04-25 13:02:17,470][root][INFO] - Reward: -0.3696164035546257
[2024-04-25 13:02:17,472][root][INFO] - --------------- Start iteration i=100 ---------------
[2024-04-25 13:02:17,472][root][INFO] - Length of data.x: 101
[2024-04-25 13:02:17,473][root][INFO] - Length of data.y: 101
[2024-04-25 13:03:02,760][root][INFO] - Eval Returns: [-237.89368855 -118.503662   -127.07120481 -445.6175988  -226.34542058]
[2024-04-25 13:03:02,761][root][INFO] - Eval Returns: mean=-231.086 std=117.972
[2024-04-25 13:03:02,762][root][INFO] - Eval ndata: 101.000
[2024-04-25 13:03:02,762][root][INFO] - Model MSE (current real MPC): 0.040
[2024-04-25 13:03:03,314][root][INFO] - Model MSE (random test set): 0.000
[2024-04-25 13:03:03,314][root][INFO] - Model MSE (GT MPC): 0.000
[2024-04-25 13:03:03,314][root][INFO] - Model Likelihood (random test set): -1.848
[2024-04-25 13:03:03,314][root][INFO] - Model Likelihood (GT MPC): -1.844
[2024-04-25 13:03:03,314][root][INFO] - *[TIME] [Evaluate the current MPC policy] Elapsed: 45.72 seconds
[2024-04-25 13:03:08,461][root][INFO] - x: [-0.18048162  0.08521957  1.        ]
[2024-04-25 13:03:08,461][root][INFO] - y: [ 0.00921394 -0.01285347]
[2024-04-25 13:03:08,461][root][INFO] - Reward: -0.3270172183979087
[2024-04-25 13:03:10,138][root][INFO] - --------------- Start iteration i=101 ---------------
[2024-04-25 13:03:10,138][root][INFO] - Length of data.x: 102
[2024-04-25 13:03:10,138][root][INFO] - Length of data.y: 102
[2024-04-25 13:03:10,261][root][INFO] - x: [-0.17126768  0.0723661   0.91214063]
[2024-04-25 13:03:10,262][root][INFO] - y: [ 0.00745198 -0.01383835]
[2024-04-25 13:03:10,262][root][INFO] - Reward: -0.29010778961318195
[2024-04-25 13:03:10,265][root][INFO] - --------------- Start iteration i=102 ---------------
[2024-04-25 13:03:10,265][root][INFO] - Length of data.x: 103
[2024-04-25 13:03:10,265][root][INFO] - Length of data.y: 103
[2024-04-25 13:03:10,389][root][INFO] - x: [-0.1638157   0.05852775  1.        ]
[2024-04-25 13:03:10,389][root][INFO] - y: [ 0.00635115 -0.00864595]
[2024-04-25 13:03:10,390][root][INFO] - Reward: -0.26464213373902673
[2024-04-25 13:03:10,392][root][INFO] - --------------- Start iteration i=103 ---------------
[2024-04-25 13:03:10,393][root][INFO] - Length of data.x: 104
[2024-04-25 13:03:10,393][root][INFO] - Length of data.y: 104
[2024-04-25 13:03:10,517][root][INFO] - x: [-0.15746455  0.0498818   1.        ]
[2024-04-25 13:03:10,518][root][INFO] - y: [ 0.00545879 -0.0070086 ]
[2024-04-25 13:03:10,518][root][INFO] - Reward: -0.243808564946718
[2024-04-25 13:03:10,521][root][INFO] - --------------- Start iteration i=104 ---------------
[2024-04-25 13:03:10,521][root][INFO] - Length of data.x: 105
[2024-04-25 13:03:10,521][root][INFO] - Length of data.y: 105
[2024-04-25 13:03:10,620][root][INFO] - x: [-0.15200577  0.0428732   0.8531058 ]
[2024-04-25 13:03:10,620][root][INFO] - y: [ 0.00404604 -0.01109565]
[2024-04-25 13:03:10,621][root][INFO] - Reward: -0.2254401346692419
[2024-04-25 13:03:10,622][root][INFO] - --------------- Start iteration i=105 ---------------
[2024-04-25 13:03:10,622][root][INFO] - Length of data.x: 106
[2024-04-25 13:03:10,622][root][INFO] - Length of data.y: 106
[2024-04-25 13:03:55,757][root][INFO] - Eval Returns: [-347.6425169  -237.88740176 -352.31044061 -229.55550382 -465.23832221]
[2024-04-25 13:03:55,800][root][INFO] - Eval Returns: mean=-326.527 std=86.732
[2024-04-25 13:03:55,800][root][INFO] - Eval ndata: 106.000
[2024-04-25 13:03:55,801][root][INFO] - Model MSE (current real MPC): 0.056
[2024-04-25 13:03:56,339][root][INFO] - Model MSE (random test set): 0.000
[2024-04-25 13:03:56,340][root][INFO] - Model MSE (GT MPC): 0.000
[2024-04-25 13:03:56,340][root][INFO] - Model Likelihood (random test set): -1.848
[2024-04-25 13:03:56,340][root][INFO] - Model Likelihood (GT MPC): -1.844
[2024-04-25 13:03:56,340][root][INFO] - *[TIME] [Evaluate the current MPC policy] Elapsed: 45.63 seconds
[2024-04-25 13:03:59,644][root][INFO] - x: [-0.14795972  0.03177755  0.85179038]
[2024-04-25 13:03:59,644][root][INFO] - y: [ 0.00276221 -0.01008318]
[2024-04-25 13:03:59,644][root][INFO] - Reward: -0.21398845878281517
[2024-04-25 13:04:01,357][root][INFO] - --------------- Start iteration i=106 ---------------
[2024-04-25 13:04:01,357][root][INFO] - Length of data.x: 107
[2024-04-25 13:04:01,357][root][INFO] - Length of data.y: 107
[2024-04-25 13:04:01,499][root][INFO] - x: [-0.14519751  0.02169436  1.        ]
[2024-04-25 13:04:01,500][root][INFO] - y: [ 0.00227882 -0.00379653]
[2024-04-25 13:04:01,500][root][INFO] - Reward: -0.20764422357502513
[2024-04-25 13:04:01,503][root][INFO] - --------------- Start iteration i=107 ---------------
[2024-04-25 13:04:01,504][root][INFO] - Length of data.x: 108
[2024-04-25 13:04:01,504][root][INFO] - Length of data.y: 108
[2024-04-25 13:04:01,642][root][INFO] - x: [-0.14291869  0.01789783  0.91098361]
[2024-04-25 13:04:01,642][root][INFO] - y: [ 0.00144726 -0.00653105]
[2024-04-25 13:04:01,643][root][INFO] - Reward: -0.20167835788188823
[2024-04-25 13:04:01,645][root][INFO] - --------------- Start iteration i=108 ---------------
[2024-04-25 13:04:01,645][root][INFO] - Length of data.x: 109
[2024-04-25 13:04:01,646][root][INFO] - Length of data.y: 109
[2024-04-25 13:04:01,787][root][INFO] - x: [-0.14147142  0.01136679  0.7622174 ]
[2024-04-25 13:04:01,788][root][INFO] - y: [-4.56542639e-05 -1.17253542e-02]
[2024-04-25 13:04:01,788][root][INFO] - Reward: -0.19998412478576738
[2024-04-25 13:04:01,790][root][INFO] - --------------- Start iteration i=109 ---------------
[2024-04-25 13:04:01,790][root][INFO] - Length of data.x: 110
[2024-04-25 13:04:01,791][root][INFO] - Length of data.y: 110
[2024-04-25 13:04:01,925][root][INFO] - x: [-1.41517078e-01 -3.58567760e-04  1.00000000e+00]
[2024-04-25 13:04:01,926][root][INFO] - y: [-0.00040479 -0.00282065]
[2024-04-25 13:04:01,926][root][INFO] - Reward: -0.20285645993891877
[2024-04-25 13:04:01,930][root][INFO] - --------------- Start iteration i=110 ---------------
[2024-04-25 13:04:01,930][root][INFO] - Length of data.x: 111
[2024-04-25 13:04:01,930][root][INFO] - Length of data.y: 111
[2024-04-25 13:04:45,480][root][INFO] - Eval Returns: [-230.06327038 -121.22845117 -122.08750384 -114.89590414 -531.54470664]
[2024-04-25 13:04:45,520][root][INFO] - Eval Returns: mean=-223.964 std=159.670
[2024-04-25 13:04:45,520][root][INFO] - Eval ndata: 111.000
[2024-04-25 13:04:45,520][root][INFO] - Model MSE (current real MPC): 0.036
[2024-04-25 13:04:46,072][root][INFO] - Model MSE (random test set): 0.000
[2024-04-25 13:04:46,072][root][INFO] - Model MSE (GT MPC): 0.000
[2024-04-25 13:04:46,072][root][INFO] - Model Likelihood (random test set): -1.848
[2024-04-25 13:04:46,072][root][INFO] - Model Likelihood (GT MPC): -1.844
[2024-04-25 13:04:46,072][root][INFO] - *[TIME] [Evaluate the current MPC policy] Elapsed: 44.01 seconds
[2024-04-25 13:04:49,440][root][INFO] - x: [-0.14192187 -0.00317921  0.9898768 ]
[2024-04-25 13:04:49,440][root][INFO] - y: [-0.00082596 -0.00330786]
[2024-04-25 13:04:49,441][root][INFO] - Reward: -0.20530112272716322
[2024-04-25 13:04:50,886][root][INFO] - --------------- Start iteration i=111 ---------------
[2024-04-25 13:04:50,886][root][INFO] - Length of data.x: 112
[2024-04-25 13:04:50,886][root][INFO] - Length of data.y: 112
[2024-04-25 13:04:51,014][root][INFO] - x: [-0.14274783 -0.00648708  0.95085126]
[2024-04-25 13:04:51,014][root][INFO] - y: [-0.00146139 -0.00499067]
[2024-04-25 13:04:51,015][root][INFO] - Reward: -0.20971085849811258
[2024-04-25 13:04:51,017][root][INFO] - --------------- Start iteration i=112 ---------------
[2024-04-25 13:04:51,017][root][INFO] - Length of data.x: 113
[2024-04-25 13:04:51,018][root][INFO] - Length of data.y: 113
[2024-04-25 13:04:51,149][root][INFO] - x: [-0.14420922 -0.01147775  0.72352548]
[2024-04-25 13:04:51,149][root][INFO] - y: [-0.00323155 -0.01390281]
[2024-04-25 13:04:51,149][root][INFO] - Reward: -0.2207698502528729
[2024-04-25 13:04:51,152][root][INFO] - --------------- Start iteration i=113 ---------------
[2024-04-25 13:04:51,152][root][INFO] - Length of data.x: 114
[2024-04-25 13:04:51,152][root][INFO] - Length of data.y: 114
[2024-04-25 13:04:51,289][root][INFO] - x: [-0.14744077 -0.02538056  0.93506568]
[2024-04-25 13:04:51,290][root][INFO] - y: [-0.00410037 -0.00682368]
[2024-04-25 13:04:51,290][root][INFO] - Reward: -0.23678761376765242
[2024-04-25 13:04:51,293][root][INFO] - --------------- Start iteration i=114 ---------------
[2024-04-25 13:04:51,293][root][INFO] - Length of data.x: 115
[2024-04-25 13:04:51,293][root][INFO] - Length of data.y: 115
[2024-04-25 13:04:51,428][root][INFO] - x: [-0.15154114 -0.03220424  0.96717823]
[2024-04-25 13:04:51,429][root][INFO] - y: [-0.00495298 -0.00669636]
[2024-04-25 13:04:51,429][root][INFO] - Reward: -0.25513725091742073
[2024-04-25 13:04:51,432][root][INFO] - --------------- Start iteration i=115 ---------------
[2024-04-25 13:04:51,432][root][INFO] - Length of data.x: 116
[2024-04-25 13:04:51,432][root][INFO] - Length of data.y: 116
[2024-04-25 13:05:36,453][root][INFO] - Eval Returns: [-126.36759797 -127.01961336 -120.4327407  -117.07316041 -116.32708996]
[2024-04-25 13:05:36,500][root][INFO] - Eval Returns: mean=-121.444 std=4.509
[2024-04-25 13:05:36,501][root][INFO] - Eval ndata: 116.000
[2024-04-25 13:05:36,501][root][INFO] - Model MSE (current real MPC): 0.020
[2024-04-25 13:05:37,065][root][INFO] - Model MSE (random test set): 0.000
[2024-04-25 13:05:37,066][root][INFO] - Model MSE (GT MPC): 0.000
[2024-04-25 13:05:37,066][root][INFO] - Model Likelihood (random test set): -1.848
[2024-04-25 13:05:37,066][root][INFO] - Model Likelihood (GT MPC): -1.844
[2024-04-25 13:05:37,066][root][INFO] - *[TIME] [Evaluate the current MPC policy] Elapsed: 45.51 seconds
[2024-04-25 13:05:40,299][root][INFO] - x: [-0.15649412 -0.0389006   1.        ]
[2024-04-25 13:05:40,299][root][INFO] - y: [-0.00581329 -0.00675684]
[2024-04-25 13:05:40,300][root][INFO] - Reward: -0.27734331019503267
[2024-04-25 13:05:41,862][root][INFO] - --------------- Start iteration i=116 ---------------
[2024-04-25 13:05:41,862][root][INFO] - Length of data.x: 117
[2024-04-25 13:05:41,863][root][INFO] - Length of data.y: 117
[2024-04-25 13:05:41,996][root][INFO] - x: [-0.16230741 -0.04565744  1.        ]
[2024-04-25 13:05:41,997][root][INFO] - y: [-0.00686482 -0.00825874]
[2024-04-25 13:05:41,997][root][INFO] - Reward: -0.30506513424573545
[2024-04-25 13:05:41,999][root][INFO] - --------------- Start iteration i=117 ---------------
[2024-04-25 13:05:42,000][root][INFO] - Length of data.x: 118
[2024-04-25 13:05:42,000][root][INFO] - Length of data.y: 118
[2024-04-25 13:05:42,089][root][INFO] - x: [-0.16917223 -0.05391618  1.        ]
[2024-04-25 13:05:42,090][root][INFO] - y: [-0.00813967 -0.01001263]
[2024-04-25 13:05:42,090][root][INFO] - Reward: -0.340451645814661
[2024-04-25 13:05:42,092][root][INFO] - --------------- Start iteration i=118 ---------------
[2024-04-25 13:05:42,092][root][INFO] - Length of data.x: 119
[2024-04-25 13:05:42,092][root][INFO] - Length of data.y: 119
[2024-04-25 13:05:42,193][root][INFO] - x: [-0.1773119  -0.06392881  0.92531526]
[2024-04-25 13:05:42,193][root][INFO] - y: [-0.01003224 -0.01486419]
[2024-04-25 13:05:42,193][root][INFO] - Reward: -0.3895598528742569
[2024-04-25 13:05:42,197][root][INFO] - --------------- Start iteration i=119 ---------------
[2024-04-25 13:05:42,197][root][INFO] - Length of data.x: 120
[2024-04-25 13:05:42,197][root][INFO] - Length of data.y: 120
[2024-04-25 13:05:42,290][root][INFO] - x: [-0.18734413 -0.078793    1.        ]
[2024-04-25 13:05:42,291][root][INFO] - y: [-0.01188436 -0.01454653]
[2024-04-25 13:05:42,291][root][INFO] - Reward: -0.4515028038548846
[2024-04-25 13:05:42,293][root][INFO] - --------------- Start iteration i=120 ---------------
[2024-04-25 13:05:42,294][root][INFO] - Length of data.x: 121
[2024-04-25 13:05:42,294][root][INFO] - Length of data.y: 121
[2024-04-25 13:06:27,894][root][INFO] - Eval Returns: [-115.74073652   -3.07007226   -2.20364751   -2.49436361 -125.19128444]
[2024-04-25 13:06:27,937][root][INFO] - Eval Returns: mean=-49.740 std=57.825
[2024-04-25 13:06:27,937][root][INFO] - Eval ndata: 121.000
[2024-04-25 13:06:27,937][root][INFO] - Model MSE (current real MPC): 0.008
[2024-04-25 13:06:28,486][root][INFO] - Model MSE (random test set): 0.000
[2024-04-25 13:06:28,486][root][INFO] - Model MSE (GT MPC): 0.000
[2024-04-25 13:06:28,486][root][INFO] - Model Likelihood (random test set): -1.848
[2024-04-25 13:06:28,486][root][INFO] - Model Likelihood (GT MPC): -1.844
[2024-04-25 13:06:28,487][root][INFO] - *[TIME] [Evaluate the current MPC policy] Elapsed: 45.80 seconds
[2024-04-25 13:06:33,105][root][INFO] - x: [-0.19922849 -0.09333954  0.99881802]
[2024-04-25 13:06:33,105][root][INFO] - y: [-0.0141081 -0.0174652]
[2024-04-25 13:06:33,105][root][INFO] - Reward: -0.5317581607691955
[2024-04-25 13:06:34,865][root][INFO] - --------------- Start iteration i=121 ---------------
[2024-04-25 13:06:34,865][root][INFO] - Length of data.x: 122
[2024-04-25 13:06:34,866][root][INFO] - Length of data.y: 122
[2024-04-25 13:06:35,001][root][INFO] - x: [-0.21333659 -0.11080474  1.        ]
[2024-04-25 13:06:35,002][root][INFO] - y: [-0.01674795 -0.02073336]
[2024-04-25 13:06:35,002][root][INFO] - Reward: -0.6372205085437734
[2024-04-25 13:06:35,005][root][INFO] - --------------- Start iteration i=122 ---------------
[2024-04-25 13:06:35,006][root][INFO] - Length of data.x: 123
[2024-04-25 13:06:35,006][root][INFO] - Length of data.y: 123
[2024-04-25 13:06:35,141][root][INFO] - x: [-0.23008454 -0.13153809  0.48443383]
[2024-04-25 13:06:35,141][root][INFO] - y: [-0.02233116 -0.04385039]
[2024-04-25 13:06:35,142][root][INFO] - Reward: -0.8266387616038072
[2024-04-25 13:06:35,145][root][INFO] - --------------- Start iteration i=123 ---------------
[2024-04-25 13:06:35,145][root][INFO] - Length of data.x: 124
[2024-04-25 13:06:35,145][root][INFO] - Length of data.y: 124
[2024-04-25 13:06:35,280][root][INFO] - x: [-0.25241569 -0.17538849  0.58130516]
[2024-04-25 13:06:35,280][root][INFO] - y: [-0.02805991 -0.0449935 ]
[2024-04-25 13:06:35,280][root][INFO] - Reward: -1.0885961560369635
[2024-04-25 13:06:35,283][root][INFO] - --------------- Start iteration i=124 ---------------
[2024-04-25 13:06:35,284][root][INFO] - Length of data.x: 125
[2024-04-25 13:06:35,284][root][INFO] - Length of data.y: 125
[2024-04-25 13:06:35,420][root][INFO] - x: [-0.2804756  -0.22038199  0.53998866]
[2024-04-25 13:06:35,420][root][INFO] - y: [-0.03469033 -0.05207525]
[2024-04-25 13:06:35,420][root][INFO] - Reward: -1.4566007589964296
[2024-04-25 13:06:35,423][root][INFO] - --------------- Start iteration i=125 ---------------
[2024-04-25 13:06:35,423][root][INFO] - Length of data.x: 126
[2024-04-25 13:06:35,423][root][INFO] - Length of data.y: 126
[2024-04-25 13:07:23,707][root][INFO] - Eval Returns: [-120.45372967 -240.06398937 -118.00033559 -235.37315293 -241.8388565 ]
[2024-04-25 13:07:23,760][root][INFO] - Eval Returns: mean=-191.146 std=58.765
[2024-04-25 13:07:23,760][root][INFO] - Eval ndata: 126.000
[2024-04-25 13:07:23,760][root][INFO] - Model MSE (current real MPC): 0.032
[2024-04-25 13:07:24,345][root][INFO] - Model MSE (random test set): 0.000
[2024-04-25 13:07:24,346][root][INFO] - Model MSE (GT MPC): 0.000
[2024-04-25 13:07:24,346][root][INFO] - Model Likelihood (random test set): -1.849
[2024-04-25 13:07:24,346][root][INFO] - Model Likelihood (GT MPC): -1.844
[2024-04-25 13:07:24,346][root][INFO] - *[TIME] [Evaluate the current MPC policy] Elapsed: 48.79 seconds
[2024-04-25 13:08:03,332][root][INFO] - x: [-0.31516593 -0.27245724  0.26968994]
[2024-04-25 13:08:03,332][root][INFO] - y: [-0.04338279 -0.06827039]
[2024-04-25 13:08:03,332][root][INFO] - Reward: -2.0121095595023353
[2024-04-25 13:08:05,774][root][INFO] - --------------- Start iteration i=126 ---------------
[2024-04-25 13:08:05,774][root][INFO] - Length of data.x: 127
[2024-04-25 13:08:05,775][root][INFO] - Length of data.y: 127
[2024-04-25 13:08:05,875][root][INFO] - x: [-0.35854872 -0.34072763  0.00475351]
[2024-04-25 13:08:05,876][root][INFO] - y: [-0.05413738 -0.08446641]
[2024-04-25 13:08:05,876][root][INFO] - Reward: -2.837946493245875
[2024-04-25 13:08:05,879][root][INFO] - --------------- Start iteration i=127 ---------------
[2024-04-25 13:08:05,879][root][INFO] - Length of data.x: 128
[2024-04-25 13:08:05,879][root][INFO] - Length of data.y: 128
[2024-04-25 13:08:05,971][root][INFO] - x: [-0.4126861  -0.42519403  0.15507723]
[2024-04-25 13:08:05,971][root][INFO] - y: [-0.0648873  -0.08442965]
[2024-04-25 13:08:05,971][root][INFO] - Reward: -3.9133039846953106
[2024-04-25 13:08:05,973][root][INFO] - --------------- Start iteration i=128 ---------------
[2024-04-25 13:08:05,973][root][INFO] - Length of data.x: 129
[2024-04-25 13:08:05,973][root][INFO] - Length of data.y: 129
[2024-04-25 13:08:06,065][root][INFO] - x: [-0.4775734  -0.50962368  0.01562753]
[2024-04-25 13:08:06,066][root][INFO] - y: [-0.07671969 -0.09293138]
[2024-04-25 13:08:06,066][root][INFO] - Reward: -5.356011234623086
[2024-04-25 13:08:06,068][root][INFO] - --------------- Start iteration i=129 ---------------
[2024-04-25 13:08:06,068][root][INFO] - Length of data.x: 130
[2024-04-25 13:08:06,068][root][INFO] - Length of data.y: 130
[2024-04-25 13:08:06,163][root][INFO] - x: [-0.55429309 -0.60255506 -0.00648496]
[2024-04-25 13:08:06,164][root][INFO] - y: [-0.08851406 -0.09263275]
[2024-04-25 13:08:06,164][root][INFO] - Reward: -7.171162110352605
[2024-04-25 13:08:06,166][root][INFO] - --------------- Start iteration i=130 ---------------
[2024-04-25 13:08:06,166][root][INFO] - Length of data.x: 131
[2024-04-25 13:08:06,166][root][INFO] - Length of data.y: 131
[2024-04-25 13:08:52,494][root][INFO] - Eval Returns: [-122.22018694   -1.9923336  -124.79561907 -241.72986178 -238.00384609]
[2024-04-25 13:08:52,546][root][INFO] - Eval Returns: mean=-145.748 std=88.749
[2024-04-25 13:08:52,546][root][INFO] - Eval ndata: 131.000
[2024-04-25 13:08:52,549][root][INFO] - Model MSE (current real MPC): 0.024
[2024-04-25 13:08:53,255][root][INFO] - Model MSE (random test set): 0.000
[2024-04-25 13:08:53,255][root][INFO] - Model MSE (GT MPC): 0.000
[2024-04-25 13:08:53,255][root][INFO] - Model Likelihood (random test set): -1.850
[2024-04-25 13:08:53,255][root][INFO] - Model Likelihood (GT MPC): -1.844
[2024-04-25 13:08:53,256][root][INFO] - *[TIME] [Evaluate the current MPC policy] Elapsed: 47.00 seconds
[2024-04-25 13:08:58,659][root][INFO] - x: [-0.64280715 -0.69518781 -0.48725182]
[2024-04-25 13:08:58,660][root][INFO] - y: [-0.10159585 -0.10274416]
[2024-04-25 13:08:58,660][root][INFO] - Reward: -9.544902111178683
[2024-04-25 13:09:00,544][root][INFO] - --------------- Start iteration i=131 ---------------
[2024-04-25 13:09:00,544][root][INFO] - Length of data.x: 132
[2024-04-25 13:09:00,545][root][INFO] - Length of data.y: 132
[2024-04-25 13:09:00,705][root][INFO] - x: [-0.744403   -0.79793197 -0.65728293]
[2024-04-25 13:09:00,706][root][INFO] - y: [-0.11332171 -0.09209469]
[2024-04-25 13:09:00,706][root][INFO] - Reward: -12.33245805835529
[2024-04-25 13:09:00,711][root][INFO] - --------------- Start iteration i=132 ---------------
[2024-04-25 13:09:00,711][root][INFO] - Length of data.x: 133
[2024-04-25 13:09:00,711][root][INFO] - Length of data.y: 133
[2024-04-25 13:09:00,872][root][INFO] - x: [-0.85772471 -0.89002666 -0.22651179]
[2024-04-25 13:09:00,872][root][INFO] - y: [-0.11956266 -0.04901632]
[2024-04-25 13:09:00,873][root][INFO] - Reward: -15.070103236480753
[2024-04-25 13:09:00,877][root][INFO] - --------------- Start iteration i=133 ---------------
[2024-04-25 13:09:00,877][root][INFO] - Length of data.x: 134
[2024-04-25 13:09:00,877][root][INFO] - Length of data.y: 134
[2024-04-25 13:09:01,013][root][INFO] - x: [-0.97728737 -0.93904298 -0.15934674]
[2024-04-25 13:09:01,014][root][INFO] - y: [-0.12117449 -0.01265924]
[2024-04-25 13:09:01,014][root][INFO] - Reward: -13.818547914912605
[2024-04-25 13:09:01,016][root][INFO] - --------------- Start iteration i=134 ---------------
[2024-04-25 13:09:01,016][root][INFO] - Length of data.x: 135
[2024-04-25 13:09:01,016][root][INFO] - Length of data.y: 135
[2024-04-25 13:09:01,106][root][INFO] - x: [ 0.90153814 -0.95170222  0.17427201]
[2024-04-25 13:09:01,106][root][INFO] - y: [-0.11670868  0.03507435]
[2024-04-25 13:09:01,106][root][INFO] - Reward: -11.456698985992142
[2024-04-25 13:09:01,108][root][INFO] - --------------- Start iteration i=135 ---------------
[2024-04-25 13:09:01,108][root][INFO] - Length of data.x: 136
[2024-04-25 13:09:01,108][root][INFO] - Length of data.y: 136
[2024-04-25 13:09:47,614][root][INFO] - Eval Returns: [  -2.91435184 -357.49283905   -2.6655661  -125.98720515 -237.04977956]
[2024-04-25 13:09:47,663][root][INFO] - Eval Returns: mean=-145.222 std=137.430
[2024-04-25 13:09:47,663][root][INFO] - Eval ndata: 136.000
[2024-04-25 13:09:47,665][root][INFO] - Model MSE (current real MPC): 0.024
[2024-04-25 13:09:48,344][root][INFO] - Model MSE (random test set): 0.000
[2024-04-25 13:09:48,344][root][INFO] - Model MSE (GT MPC): 0.000
[2024-04-25 13:09:48,344][root][INFO] - Model Likelihood (random test set): -1.850
[2024-04-25 13:09:48,344][root][INFO] - Model Likelihood (GT MPC): -1.844
[2024-04-25 13:09:48,344][root][INFO] - *[TIME] [Evaluate the current MPC policy] Elapsed: 47.15 seconds
