[2024-04-25 15:55:56,357][root][INFO] - Dumper dumping to /tirl/experiments/mpc_frozencartpole_newhypers_initdata_gpforgetting_2024-04-25/15-55-50/seed_2
[2024-04-25 15:55:56,362][root][INFO] - Start obs: None
[2024-04-25 15:56:22,829][root][INFO] - GT Returns: [-11.36354177 -11.02424107 -11.18736793 -12.38724976 -12.32542535]
[2024-04-25 15:56:22,829][root][INFO] - GT Returns: mean=-11.658 std=0.581
[2024-04-25 15:56:22,829][root][INFO] - Path Lengths: [36345, 36345, 36345, 36345, 36345]
[2024-04-25 15:56:22,829][root][INFO] - Path Lengths: mean=36345.000 std=0.000
[2024-04-25 15:56:22,924][root][INFO] - all_x.shape = (181725, 5)
[2024-04-25 15:56:22,930][root][INFO] - all_x.min(axis=0) = [-0.56256067 -0.89582056 -0.99999613 -0.82194404 -1.        ]
[2024-04-25 15:56:22,936][root][INFO] - all_x.max(axis=0) = [0.96425654 1.42509998 0.99999727 0.88260895 1.        ]
[2024-04-25 15:56:22,940][root][INFO] - all_x.mean(axis=0) = [-0.00222025 -0.00376355  0.02654477  0.03473543  0.00470608]
[2024-04-25 15:56:22,951][root][INFO] - all_x.var(axis=0) = [0.00752694 0.03252419 0.25100508 0.07873712 0.23087933]
[2024-04-25 15:56:23,030][root][INFO] - --------------- Start iteration i=0 ---------------
[2024-04-25 15:56:23,030][root][INFO] - Length of data.x: 301
[2024-04-25 15:56:23,030][root][INFO] - Length of data.y: 301
[2024-04-25 15:56:55,383][root][INFO] - Eval Returns: [-20.68223575 -20.55919155 -22.91263194 -22.49885603 -22.18942239]
[2024-04-25 15:56:55,394][root][INFO] - Eval Returns: mean=-21.768 std=0.966
[2024-04-25 15:56:55,395][root][INFO] - Eval ndata: 301.000
[2024-04-25 15:56:55,395][root][INFO] - Model MSE (current real MPC): 0.582
[2024-04-25 15:56:57,484][root][INFO] - Model MSE (random test set): 0.463
[2024-04-25 15:56:57,484][root][INFO] - Model MSE (GT MPC): 0.012
[2024-04-25 15:56:57,485][root][INFO] - Model Likelihood (random test set): -3.910
[2024-04-25 15:56:57,485][root][INFO] - Model Likelihood (GT MPC): -3.741
[2024-04-25 15:56:57,485][root][INFO] - *[TIME] [Evaluate the current MPC policy] Elapsed: 33.98 seconds
[2024-04-25 15:57:10,784][root][INFO] - x: [-3.27325524e-03  3.05637065e-04 -9.96533168e-01 -1.81767495e-04
  6.02581873e-01]
[2024-04-25 15:57:10,785][root][INFO] - y: [ 3.05637065e-05  4.88400004e-02 -1.44646094e-04 -4.99068621e-02]
[2024-04-25 15:57:10,785][root][INFO] - Reward: -0.9999901825378484
[2024-04-25 15:57:13,893][root][INFO] - --------------- Start iteration i=1 ---------------
[2024-04-25 15:57:13,893][root][INFO] - Length of data.x: 277
[2024-04-25 15:57:13,893][root][INFO] - Length of data.y: 277
[2024-04-25 15:57:22,751][root][INFO] - x: [-0.00324269  0.04914564 -0.99667781 -0.05008863  0.5919291 ]
[2024-04-25 15:57:22,752][root][INFO] - y: [ 0.00491456  0.04721925 -0.0398593  -0.04824181]
[2024-04-25 15:57:22,752][root][INFO] - Reward: -0.9999898973571862
[2024-04-25 15:57:22,754][root][INFO] - --------------- Start iteration i=2 ---------------
[2024-04-25 15:57:22,755][root][INFO] - Length of data.x: 253
[2024-04-25 15:57:22,755][root][INFO] - Length of data.y: 253
[2024-04-25 15:57:29,873][root][INFO] - x: [ 0.00167187  0.09636488  0.96346289 -0.09833044  0.07860985]
[2024-04-25 15:57:29,874][root][INFO] - y: [ 0.00963649  0.00264973 -0.07824894  0.00861507]
[2024-04-25 15:57:29,874][root][INFO] - Reward: -0.9999911480817398
[2024-04-25 15:57:29,876][root][INFO] - --------------- Start iteration i=3 ---------------
[2024-04-25 15:57:29,876][root][INFO] - Length of data.x: 229
[2024-04-25 15:57:29,876][root][INFO] - Length of data.y: 229
[2024-04-25 15:57:36,616][root][INFO] - x: [ 0.01130836  0.09901462  0.88521395 -0.08971538  0.32525493]
[2024-04-25 15:57:36,617][root][INFO] - y: [ 0.00990146  0.02488497 -0.07139329  0.0113653 ]
[2024-04-25 15:57:36,617][root][INFO] - Reward: -0.9999941353602086
[2024-04-25 15:57:36,619][root][INFO] - --------------- Start iteration i=4 ---------------
[2024-04-25 15:57:36,619][root][INFO] - Length of data.x: 205
[2024-04-25 15:57:36,619][root][INFO] - Length of data.y: 205
[2024-04-25 15:57:42,337][root][INFO] - x: [ 0.02120982  0.12389958  0.81382066 -0.07835007 -1.        ]
[2024-04-25 15:57:42,338][root][INFO] - y: [ 0.01238996 -0.16416381 -0.06234906  0.19109219]
[2024-04-25 15:57:42,338][root][INFO] - Reward: -0.9999977957736548
[2024-04-25 15:57:42,340][root][INFO] - --------------- Start iteration i=5 ---------------
[2024-04-25 15:57:42,340][root][INFO] - Length of data.x: 181
[2024-04-25 15:57:42,340][root][INFO] - Length of data.y: 181
[2024-04-25 15:57:47,545][root][INFO] - x: [ 0.03359978 -0.04026422  0.75147161  0.11274212 -1.        ]
[2024-04-25 15:57:47,545][root][INFO] - y: [-0.00402642 -0.15589704  0.0897174   0.17986036]
[2024-04-25 15:57:47,546][root][INFO] - Reward: -0.9999974411158266
[2024-04-25 15:57:47,548][root][INFO] - --------------- Start iteration i=6 ---------------
[2024-04-25 15:57:47,548][root][INFO] - Length of data.x: 157
[2024-04-25 15:57:47,548][root][INFO] - Length of data.y: 157
[2024-04-25 15:57:51,916][root][INFO] - x: [ 0.02957336 -0.19616126  0.84118901  0.29260248 -0.91161871]
[2024-04-25 15:57:51,917][root][INFO] - y: [-0.01961613 -0.20127579  0.23284584  0.22372671]
[2024-04-25 15:57:51,917][root][INFO] - Reward: -0.9999866485318519
[2024-04-25 15:57:51,918][root][INFO] - --------------- Start iteration i=7 ---------------
[2024-04-25 15:57:51,918][root][INFO] - Length of data.x: 133
[2024-04-25 15:57:51,919][root][INFO] - Length of data.y: 133
[2024-04-25 15:57:56,053][root][INFO] - x: [ 0.00995723 -0.39743705 -0.92596515  0.51632919 -0.28037472]
[2024-04-25 15:57:56,053][root][INFO] - y: [-0.03974371  0.06482271  0.41088204 -0.08571214]
[2024-04-25 15:57:56,054][root][INFO] - Reward: -0.9999321971883369
[2024-04-25 15:57:56,055][root][INFO] - --------------- Start iteration i=8 ---------------
[2024-04-25 15:57:56,055][root][INFO] - Length of data.x: 109
[2024-04-25 15:57:56,055][root][INFO] - Length of data.y: 109
[2024-04-25 15:57:59,997][root][INFO] - x: [-0.02978647 -0.33261434 -0.51508311  0.43061705 -0.9194947 ]
[2024-04-25 15:57:59,998][root][INFO] - y: [-0.03326143  0.13285196  0.34267444 -0.10438244]
[2024-04-25 15:57:59,998][root][INFO] - Reward: -0.9991951378336069
[2024-04-25 15:57:59,999][root][INFO] - --------------- Start iteration i=9 ---------------
[2024-04-25 15:57:59,999][root][INFO] - Length of data.x: 85
[2024-04-25 15:57:59,999][root][INFO] - Length of data.y: 85
[2024-04-25 15:58:03,155][root][INFO] - x: [-0.06304791 -0.19976239 -0.17240867  0.32623461  1.        ]
[2024-04-25 15:58:03,155][root][INFO] - y: [-0.01997624  0.12028869  0.25960946  0.05244525]
[2024-04-25 15:58:03,156][root][INFO] - Reward: -0.971926913260459
[2024-04-25 15:58:03,157][root][INFO] - --------------- Start iteration i=10 ---------------
[2024-04-25 15:58:03,157][root][INFO] - Length of data.x: 61
[2024-04-25 15:58:03,157][root][INFO] - Length of data.y: 61
[2024-04-25 15:58:12,391][root][INFO] - Eval Returns: [-24.96968158 -24.91289041 -24.49302219 -24.8200016  -21.18459668]
[2024-04-25 15:58:12,400][root][INFO] - Eval Returns: mean=-24.076 std=1.455
[2024-04-25 15:58:12,400][root][INFO] - Eval ndata: 61.000
[2024-04-25 15:58:12,400][root][INFO] - Model MSE (current real MPC): 0.618
[2024-04-25 15:58:13,596][root][INFO] - Model MSE (random test set): 0.358
[2024-04-25 15:58:13,596][root][INFO] - Model MSE (GT MPC): 0.056
[2024-04-25 15:58:13,596][root][INFO] - Model Likelihood (random test set): -3.804
[2024-04-25 15:58:13,597][root][INFO] - Model Likelihood (GT MPC): -3.723
[2024-04-25 15:58:13,597][root][INFO] - *[TIME] [Evaluate the current MPC policy] Elapsed: 10.29 seconds
[2024-04-25 15:58:21,113][root][INFO] - x: [-0.08302415 -0.0794737   0.08720079  0.37867986 -1.        ]
[2024-04-25 15:58:21,113][root][INFO] - y: [-0.00794737 -0.11646022  0.3013441  -0.08555084]
[2024-04-25 15:58:21,114][root][INFO] - Reward: -0.8893534448740325
[2024-04-25 15:58:22,752][root][INFO] - --------------- Start iteration i=11 ---------------
[2024-04-25 15:58:22,752][root][INFO] - Length of data.x: 37
[2024-04-25 15:58:22,752][root][INFO] - Length of data.y: 37
[2024-04-25 15:58:26,883][root][INFO] - x: [-0.09097152 -0.19593392  0.3885449   0.29312902 -0.34675962]
[2024-04-25 15:58:26,883][root][INFO] - y: [-0.01959339 -0.0828346   0.23326485  0.06382615]
[2024-04-25 15:58:26,884][root][INFO] - Reward: -0.9996078978952503
[2024-04-25 15:58:26,885][root][INFO] - --------------- Start iteration i=12 ---------------
[2024-04-25 15:58:26,885][root][INFO] - Length of data.x: 13
[2024-04-25 15:58:26,885][root][INFO] - Length of data.y: 13
[2024-04-25 15:58:28,969][root][INFO] - x: [-0.11056491 -0.27876852  0.62180975  0.35695517  0.85337305]
[2024-04-25 15:58:28,970][root][INFO] - y: [-0.02787685 -0.08242247  0.28405613  0.12187393]
[2024-04-25 15:58:28,970][root][INFO] - Reward: -0.9999999998655019
[2024-04-25 15:58:28,971][root][INFO] - --------------- Start iteration i=13 ---------------
[2024-04-25 15:58:28,971][root][INFO] - Length of data.x: 2
[2024-04-25 15:58:28,971][root][INFO] - Length of data.y: 2
[2024-04-25 15:58:29,884][root][INFO] - x: [-0.13844176 -0.36119099  0.90586588  0.47882911 -1.        ]
[2024-04-25 15:58:29,884][root][INFO] - y: [-0.0361191  -0.18162258  0.3810404   0.20235766]
[2024-04-25 15:58:29,884][root][INFO] - Reward: -1.0
[2024-04-25 15:58:29,885][root][INFO] - --------------- Start iteration i=14 ---------------
[2024-04-25 15:58:29,885][root][INFO] - Length of data.x: 2
[2024-04-25 15:58:29,885][root][INFO] - Length of data.y: 2
[2024-04-25 15:58:30,650][root][INFO] - x: [-0.17456086 -0.54281357 -0.71309371  0.68118676  0.32386144]
[2024-04-25 15:58:30,650][root][INFO] - y: [-0.05428136  0.4449118   0.54207164 -0.35309749]
[2024-04-25 15:58:30,651][root][INFO] - Reward: -1.0
[2024-04-25 15:58:30,652][root][INFO] - --------------- Start iteration i=15 ---------------
[2024-04-25 15:58:30,652][root][INFO] - Length of data.x: 2
[2024-04-25 15:58:30,652][root][INFO] - Length of data.y: 2
[2024-04-25 15:58:31,301][root][INFO] - x: [-0.22884222 -0.09790178 -0.17102208  0.32808927  0.06358257]
[2024-04-25 15:58:31,302][root][INFO] - y: [-0.00979018  0.05477525  0.26108535 -0.00320138]
[2024-04-25 15:58:31,302][root][INFO] - Reward: -1.0
[2024-04-25 15:58:31,303][root][INFO] - --------------- Start iteration i=16 ---------------
[2024-04-25 15:58:31,303][root][INFO] - Length of data.x: 2
[2024-04-25 15:58:31,303][root][INFO] - Length of data.y: 2
[2024-04-25 15:58:32,066][root][INFO] - x: [-0.23863239 -0.04312652  0.09006328  0.32488789 -0.72184362]
[2024-04-25 15:58:32,066][root][INFO] - y: [-0.00431265 -0.08164626  0.25853778 -0.05098421]
[2024-04-25 15:58:32,067][root][INFO] - Reward: -0.9999999999998613
[2024-04-25 15:58:32,068][root][INFO] - --------------- Start iteration i=17 ---------------
[2024-04-25 15:58:32,068][root][INFO] - Length of data.x: 2
[2024-04-25 15:58:32,068][root][INFO] - Length of data.y: 2
[2024-04-25 15:58:32,718][root][INFO] - x: [-0.24294505 -0.12477278  0.34860106  0.27390368 -1.        ]
[2024-04-25 15:58:32,718][root][INFO] - y: [-0.01247728 -0.10450613  0.2179658   0.03944638]
[2024-04-25 15:58:32,718][root][INFO] - Reward: -0.9999999999999994
[2024-04-25 15:58:32,719][root][INFO] - --------------- Start iteration i=18 ---------------
[2024-04-25 15:58:32,719][root][INFO] - Length of data.x: 2
[2024-04-25 15:58:32,719][root][INFO] - Length of data.y: 2
[2024-04-25 15:58:33,365][root][INFO] - x: [-0.25542232 -0.22927891  0.56656686  0.31335006  0.63336444]
[2024-04-25 15:58:33,365][root][INFO] - y: [-0.02292789 -0.0646076   0.24935626  0.10947329]
[2024-04-25 15:58:33,366][root][INFO] - Reward: -1.0
[2024-04-25 15:58:33,366][root][INFO] - --------------- Start iteration i=19 ---------------
[2024-04-25 15:58:33,367][root][INFO] - Length of data.x: 2
[2024-04-25 15:58:33,367][root][INFO] - Length of data.y: 2
[2024-04-25 15:58:34,566][root][INFO] - x: [-0.27835021 -0.29388651  0.81592311  0.42282335  0.07722025]
[2024-04-25 15:58:34,567][root][INFO] - y: [-0.02938865 -0.13794216  0.3364724   0.16918802]
[2024-04-25 15:58:34,568][root][INFO] - Reward: -1.0
[2024-04-25 15:58:34,570][root][INFO] - --------------- Start iteration i=20 ---------------
[2024-04-25 15:58:34,570][root][INFO] - Length of data.x: 2
[2024-04-25 15:58:34,570][root][INFO] - Length of data.y: 2
[2024-04-25 15:58:40,773][root][INFO] - Eval Returns: [-24.99998182 -24.99998226 -24.99877298 -23.08186182 -24.99998178]
[2024-04-25 15:58:40,783][root][INFO] - Eval Returns: mean=-24.616 std=0.767
[2024-04-25 15:58:40,783][root][INFO] - Eval ndata: 2.000
[2024-04-25 15:58:40,784][root][INFO] - Model MSE (current real MPC): 0.581
[2024-04-25 15:58:41,994][root][INFO] - Model MSE (random test set): 0.330
[2024-04-25 15:58:41,994][root][INFO] - Model MSE (GT MPC): 0.130
[2024-04-25 15:58:41,994][root][INFO] - Model Likelihood (random test set): -3.721
[2024-04-25 15:58:41,994][root][INFO] - Model Likelihood (GT MPC): -3.690
[2024-04-25 15:58:41,994][root][INFO] - *[TIME] [Evaluate the current MPC policy] Elapsed: 7.21 seconds
[2024-04-25 15:58:46,695][root][INFO] - x: [-0.30773887 -0.43182867 -0.84760448  0.59201137 -0.31614351]
[2024-04-25 15:58:46,695][root][INFO] - y: [-0.04318287  0.21989756  0.47110806 -0.24041236]
[2024-04-25 15:58:46,695][root][INFO] - Reward: -1.0
[2024-04-25 15:58:48,839][root][INFO] - --------------- Start iteration i=21 ---------------
[2024-04-25 15:58:48,840][root][INFO] - Length of data.x: 3
[2024-04-25 15:58:48,840][root][INFO] - Length of data.y: 3
[2024-04-25 15:58:49,029][root][INFO] - x: [-0.35092173 -0.21193111 -0.37649643  0.35159901  0.08605316]
[2024-04-25 15:58:49,030][root][INFO] - y: [-0.02119311  0.10652397  0.27979383 -0.05059866]
[2024-04-25 15:58:49,030][root][INFO] - Reward: -1.0
[2024-04-25 15:58:49,031][root][INFO] - --------------- Start iteration i=22 ---------------
[2024-04-25 15:58:49,031][root][INFO] - Length of data.x: 4
[2024-04-25 15:58:49,031][root][INFO] - Length of data.y: 4
[2024-04-25 15:58:49,224][root][INFO] - x: [-0.37211484 -0.10540713 -0.0967026   0.30100035  0.28052258]
[2024-04-25 15:58:49,224][root][INFO] - y: [-0.01054071  0.04552028  0.23952866  0.0140594 ]
[2024-04-25 15:58:49,225][root][INFO] - Reward: -1.0
[2024-04-25 15:58:49,226][root][INFO] - --------------- Start iteration i=23 ---------------
[2024-04-25 15:58:49,226][root][INFO] - Length of data.x: 5
[2024-04-25 15:58:49,226][root][INFO] - Length of data.y: 5
[2024-04-25 15:58:49,413][root][INFO] - x: [-0.38265556 -0.05988685  0.14282606  0.31505974 -0.25307885]
[2024-04-25 15:58:49,414][root][INFO] - y: [-0.00598868 -0.05467526  0.25071678 -0.00666432]
[2024-04-25 15:58:49,414][root][INFO] - Reward: -1.0
[2024-04-25 15:58:49,415][root][INFO] - --------------- Start iteration i=24 ---------------
[2024-04-25 15:58:49,415][root][INFO] - Length of data.x: 6
[2024-04-25 15:58:49,415][root][INFO] - Length of data.y: 6
[2024-04-25 15:58:49,608][root][INFO] - x: [-0.38864424 -0.11456211  0.39354284  0.30839542 -0.59956151]
[2024-04-25 15:58:49,609][root][INFO] - y: [-0.01145621 -0.10591724  0.24541348  0.05799206]
[2024-04-25 15:58:49,609][root][INFO] - Reward: -1.0
[2024-04-25 15:58:49,609][root][INFO] - Explore episode complete with return -24.859962839675365, resetting
[2024-04-25 15:58:49,609][root][INFO] - Exploration Episode Rewards: [-0.9999901825378484, -0.9999898973571862, -0.9999911480817398, -0.9999941353602086, -0.9999977957736548, -0.9999974411158266, -0.9999866485318519, -0.9999321971883369, -0.9991951378336069, -0.971926913260459, -0.8893534448740325, -0.9996078978952503, -0.9999999998655019, -1.0, -1.0, -1.0, -0.9999999999998613, -0.9999999999999994, -1.0, -1.0, -1.0, -1.0, -1.0, -1.0, -1.0]
[2024-04-25 15:58:49,611][root][INFO] - --------------- Start iteration i=25 ---------------
[2024-04-25 15:58:49,611][root][INFO] - Length of data.x: 7
[2024-04-25 15:58:49,611][root][INFO] - Length of data.y: 7
[2024-04-25 15:58:49,805][root][INFO] - x: [-1.63808692e-04  3.04107942e-03  9.99567123e-01 -3.82791452e-04
  1.00000000e+00]
[2024-04-25 15:58:49,805][root][INFO] - y: [ 0.00030411  0.07987098 -0.00030462 -0.07973711]
[2024-04-25 15:58:49,805][root][INFO] - Reward: -0.9999900708084006
[2024-04-25 15:58:49,807][root][INFO] - --------------- Start iteration i=26 ---------------
[2024-04-25 15:58:49,807][root][INFO] - Length of data.x: 8
[2024-04-25 15:58:49,807][root][INFO] - Length of data.y: 8
[2024-04-25 15:58:50,005][root][INFO] - x: [ 1.40299250e-04  8.29120570e-02  9.99262507e-01 -8.01199016e-02
  5.49609989e-02]
[2024-04-25 15:58:50,005][root][INFO] - y: [ 0.00829121  0.00730815 -0.06375744 -0.00708036]
[2024-04-25 15:58:50,006][root][INFO] - Reward: -0.9999910326841137
[2024-04-25 15:58:50,007][root][INFO] - --------------- Start iteration i=27 ---------------
[2024-04-25 15:58:50,007][root][INFO] - Length of data.x: 9
[2024-04-25 15:58:50,007][root][INFO] - Length of data.y: 9
[2024-04-25 15:58:50,207][root][INFO] - x: [ 0.0084315   0.09022021  0.93550506 -0.08720026 -0.94427867]
[2024-04-25 15:58:50,208][root][INFO] - y: [ 0.00902202 -0.16248953 -0.06939182  0.1789268 ]
[2024-04-25 15:58:50,208][root][INFO] - Reward: -0.9999935135968631
[2024-04-25 15:58:50,209][root][INFO] - --------------- Start iteration i=28 ---------------
[2024-04-25 15:58:50,209][root][INFO] - Length of data.x: 10
[2024-04-25 15:58:50,209][root][INFO] - Length of data.y: 10
[2024-04-25 15:58:50,410][root][INFO] - x: [ 0.01745353 -0.07226933  0.86611324  0.09172654 -0.66248292]
[2024-04-25 15:58:50,411][root][INFO] - y: [-0.00722693 -0.11995569  0.07299372  0.14959752]
[2024-04-25 15:58:50,411][root][INFO] - Reward: -0.9999915830032103
[2024-04-25 15:58:50,412][root][INFO] - --------------- Start iteration i=29 ---------------
[2024-04-25 15:58:50,412][root][INFO] - Length of data.x: 11
[2024-04-25 15:58:50,412][root][INFO] - Length of data.y: 11
[2024-04-25 15:58:50,613][root][INFO] - x: [ 0.01022659 -0.19222501  0.93910696  0.24132406 -0.00704753]
[2024-04-25 15:58:50,613][root][INFO] - y: [-0.0192225  -0.02511556  0.19203974  0.04332901]
[2024-04-25 15:58:50,613][root][INFO] - Reward: -0.9999893352005299
[2024-04-25 15:58:50,615][root][INFO] - --------------- Start iteration i=30 ---------------
[2024-04-25 15:58:50,615][root][INFO] - Length of data.x: 12
[2024-04-25 15:58:50,615][root][INFO] - Length of data.y: 12
[2024-04-25 15:58:59,589][root][INFO] - Eval Returns: [-24.99997403 -24.99998138 -24.99997809 -24.99997528 -24.9999805 ]
[2024-04-25 15:58:59,597][root][INFO] - Eval Returns: mean=-25.000 std=0.000
[2024-04-25 15:58:59,598][root][INFO] - Eval ndata: 12.000
[2024-04-25 15:58:59,598][root][INFO] - Model MSE (current real MPC): 0.440
[2024-04-25 15:59:00,959][root][INFO] - Model MSE (random test set): 0.260
[2024-04-25 15:59:00,959][root][INFO] - Model MSE (GT MPC): 0.042
[2024-04-25 15:59:00,959][root][INFO] - Model Likelihood (random test set): -3.729
[2024-04-25 15:59:00,959][root][INFO] - Model Likelihood (GT MPC): -3.689
[2024-04-25 15:59:00,959][root][INFO] - *[TIME] [Evaluate the current MPC policy] Elapsed: 10.14 seconds
[2024-04-25 15:59:05,637][root][INFO] - x: [-0.00899591 -0.21734058 -0.8688533   0.28465307 -0.41188633]
[2024-04-25 15:59:05,637][root][INFO] - y: [-0.02173406  0.0372356   0.2265199  -0.07344415]
[2024-04-25 15:59:05,638][root][INFO] - Reward: -0.9999914203389603
[2024-04-25 15:59:08,625][root][INFO] - --------------- Start iteration i=31 ---------------
[2024-04-25 15:59:08,625][root][INFO] - Length of data.x: 13
[2024-04-25 15:59:08,625][root][INFO] - Length of data.y: 13
[2024-04-25 15:59:08,783][root][INFO] - x: [-0.03072997 -0.18010497 -0.6423334   0.21120892 -0.18529869]
[2024-04-25 15:59:08,783][root][INFO] - y: [-0.0180105   0.04796614  0.16807485 -0.10928572]
[2024-04-25 15:59:08,783][root][INFO] - Reward: -0.9999929253510018
[2024-04-25 15:59:08,785][root][INFO] - --------------- Start iteration i=32 ---------------
[2024-04-25 15:59:08,785][root][INFO] - Length of data.x: 14
[2024-04-25 15:59:08,785][root][INFO] - Length of data.y: 14
[2024-04-25 15:59:08,939][root][INFO] - x: [-0.04874046 -0.13213884 -0.47425855  0.1019232  -1.        ]
[2024-04-25 15:59:08,939][root][INFO] - y: [-0.01321388 -0.04203933  0.08110797 -0.10127509]
[2024-04-25 15:59:08,939][root][INFO] - Reward: -0.999996451324745
[2024-04-25 15:59:08,940][root][INFO] - --------------- Start iteration i=33 ---------------
[2024-04-25 15:59:08,941][root][INFO] - Length of data.x: 15
[2024-04-25 15:59:08,941][root][INFO] - Length of data.y: 15
[2024-04-25 15:59:09,071][root][INFO] - x: [-0.06195435 -0.17417817 -0.39315058  0.00064811 -0.00369876]
[2024-04-25 15:59:09,071][root][INFO] - y: [-0.01741782 -0.01031603  0.00051575 -0.09611737]
[2024-04-25 15:59:09,071][root][INFO] - Reward: -0.9999998965435426
[2024-04-25 15:59:09,072][root][INFO] - --------------- Start iteration i=34 ---------------
[2024-04-25 15:59:09,072][root][INFO] - Length of data.x: 16
[2024-04-25 15:59:09,072][root][INFO] - Length of data.y: 16
[2024-04-25 15:59:09,203][root][INFO] - x: [-0.07937216 -0.18449421 -0.39263483 -0.09546926 -1.        ]
[2024-04-25 15:59:09,203][root][INFO] - y: [-0.01844942 -0.05380158 -0.07597209 -0.11047169]
[2024-04-25 15:59:09,204][root][INFO] - Reward: -0.999999999770088
[2024-04-25 15:59:09,205][root][INFO] - --------------- Start iteration i=35 ---------------
[2024-04-25 15:59:09,205][root][INFO] - Length of data.x: 17
[2024-04-25 15:59:09,205][root][INFO] - Length of data.y: 17
[2024-04-25 15:59:09,336][root][INFO] - x: [-0.09782158 -0.23829579 -0.46860692 -0.20594095  1.        ]
[2024-04-25 15:59:09,337][root][INFO] - y: [-0.02382958  0.08866467 -0.16388273 -0.08899237]
[2024-04-25 15:59:09,337][root][INFO] - Reward: -0.9999999999999492
[2024-04-25 15:59:09,338][root][INFO] - --------------- Start iteration i=36 ---------------
[2024-04-25 15:59:09,338][root][INFO] - Length of data.x: 18
[2024-04-25 15:59:09,338][root][INFO] - Length of data.y: 18
[2024-04-25 15:59:09,468][root][INFO] - x: [-0.12165116 -0.14963111 -0.63248965 -0.29493332  1.        ]
[2024-04-25 15:59:09,469][root][INFO] - y: [-0.01496311  0.14882338 -0.23470067 -0.14998691]
[2024-04-25 15:59:09,469][root][INFO] - Reward: -0.9999999999999738
[2024-04-25 15:59:09,470][root][INFO] - --------------- Start iteration i=37 ---------------
[2024-04-25 15:59:09,470][root][INFO] - Length of data.x: 19
[2024-04-25 15:59:09,470][root][INFO] - Length of data.y: 19
[2024-04-25 15:59:09,608][root][INFO] - x: [-1.36614275e-01 -8.07738561e-04 -8.67190315e-01 -4.44920228e-01
  1.00000000e+00]
[2024-04-25 15:59:09,608][root][INFO] - y: [-8.07738561e-05  2.02241287e-01 -3.54056554e-01 -2.24685603e-01]
[2024-04-25 15:59:09,609][root][INFO] - Reward: -0.9999999456520858
[2024-04-25 15:59:09,610][root][INFO] - --------------- Start iteration i=38 ---------------
[2024-04-25 15:59:09,610][root][INFO] - Length of data.x: 20
[2024-04-25 15:59:09,610][root][INFO] - Length of data.y: 20
[2024-04-25 15:59:09,759][root][INFO] - x: [-0.13669505  0.20143355  0.77875313 -0.66960583  0.8050994 ]
[2024-04-25 15:59:09,760][root][INFO] - y: [ 0.02014335 -0.31982079 -0.53285582  0.3085164 ]
[2024-04-25 15:59:09,760][root][INFO] - Reward: -0.9908425453141119
[2024-04-25 15:59:09,761][root][INFO] - --------------- Start iteration i=39 ---------------
[2024-04-25 15:59:09,761][root][INFO] - Length of data.x: 21
[2024-04-25 15:59:09,761][root][INFO] - Length of data.y: 21
[2024-04-25 15:59:09,899][root][INFO] - x: [-0.11655169 -0.11838724  0.24589731 -0.36108943 -1.        ]
[2024-04-25 15:59:09,899][root][INFO] - y: [-0.01183872 -0.14328027 -0.28734607 -0.03407479]
[2024-04-25 15:59:09,900][root][INFO] - Reward: -0.9999996397525338
[2024-04-25 15:59:09,901][root][INFO] - --------------- Start iteration i=40 ---------------
[2024-04-25 15:59:09,901][root][INFO] - Length of data.x: 22
[2024-04-25 15:59:09,901][root][INFO] - Length of data.y: 22
[2024-04-25 15:59:19,479][root][INFO] - Eval Returns: [-23.73935499 -24.06876025 -23.88838638 -24.64759985 -23.32207473]
[2024-04-25 15:59:19,490][root][INFO] - Eval Returns: mean=-23.933 std=0.434
[2024-04-25 15:59:19,490][root][INFO] - Eval ndata: 22.000
[2024-04-25 15:59:19,491][root][INFO] - Model MSE (current real MPC): 0.691
[2024-04-25 15:59:20,741][root][INFO] - Model MSE (random test set): 0.180
[2024-04-25 15:59:20,741][root][INFO] - Model MSE (GT MPC): 0.031
[2024-04-25 15:59:20,742][root][INFO] - Model Likelihood (random test set): -3.729
[2024-04-25 15:59:20,742][root][INFO] - Model Likelihood (GT MPC): -3.700
[2024-04-25 15:59:20,742][root][INFO] - *[TIME] [Evaluate the current MPC policy] Elapsed: 10.70 seconds
[2024-04-25 15:59:26,701][root][INFO] - x: [-0.12839042 -0.26166751 -0.04144876 -0.39516422 -1.        ]
[2024-04-25 15:59:26,702][root][INFO] - y: [-0.02616675 -0.0524541  -0.31446195 -0.06476103]
[2024-04-25 15:59:26,702][root][INFO] - Reward: -0.9999999999999997
[2024-04-25 15:59:29,014][root][INFO] - --------------- Start iteration i=41 ---------------
[2024-04-25 15:59:29,015][root][INFO] - Length of data.x: 18
[2024-04-25 15:59:29,015][root][INFO] - Length of data.y: 18
[2024-04-25 15:59:29,607][root][INFO] - x: [-0.15455717 -0.31412161 -0.35591071 -0.45992525  0.95372113]
[2024-04-25 15:59:29,607][root][INFO] - y: [-0.03141216  0.2312705  -0.36599718  0.012841  ]
[2024-04-25 15:59:29,608][root][INFO] - Reward: -1.0
[2024-04-25 15:59:29,609][root][INFO] - --------------- Start iteration i=42 ---------------
[2024-04-25 15:59:29,609][root][INFO] - Length of data.x: 15
[2024-04-25 15:59:29,609][root][INFO] - Length of data.y: 15
[2024-04-25 15:59:30,092][root][INFO] - x: [-0.18596933 -0.08285111 -0.72190788 -0.44708424 -0.64614594]
[2024-04-25 15:59:30,093][root][INFO] - y: [-0.00828511  0.15414387 -0.35577862 -0.17425288]
[2024-04-25 15:59:30,093][root][INFO] - Reward: -0.9999999999999999
[2024-04-25 15:59:30,095][root][INFO] - --------------- Start iteration i=43 ---------------
[2024-04-25 15:59:30,095][root][INFO] - Length of data.x: 13
[2024-04-25 15:59:30,095][root][INFO] - Length of data.y: 13
[2024-04-25 15:59:30,659][root][INFO] - x: [-0.19425444  0.07129276  0.92231349 -0.62133712  0.27090771]
[2024-04-25 15:59:30,659][root][INFO] - y: [ 0.00712928 -0.12870917 -0.49444477  0.14862444]
[2024-04-25 15:59:30,659][root][INFO] - Reward: -0.9999996859748914
[2024-04-25 15:59:30,661][root][INFO] - --------------- Start iteration i=44 ---------------
[2024-04-25 15:59:30,661][root][INFO] - Length of data.x: 10
[2024-04-25 15:59:30,661][root][INFO] - Length of data.y: 10
[2024-04-25 15:59:30,948][root][INFO] - x: [-0.18712517 -0.05741642  0.42786872 -0.47271268  0.8235461 ]
[2024-04-25 15:59:30,949][root][INFO] - y: [-0.00574164 -0.15729937 -0.3761731   0.06034839]
[2024-04-25 15:59:30,949][root][INFO] - Reward: -0.9999999999977945
[2024-04-25 15:59:30,950][root][INFO] - --------------- Start iteration i=45 ---------------
[2024-04-25 15:59:30,950][root][INFO] - Length of data.x: 10
[2024-04-25 15:59:30,950][root][INFO] - Length of data.y: 10
[2024-04-25 15:59:31,223][root][INFO] - x: [-0.19286681 -0.21471579  0.05169562 -0.41236429  0.03767591]
[2024-04-25 15:59:31,223][root][INFO] - y: [-0.02147158 -0.02499928 -0.32814934 -0.00879202]
[2024-04-25 15:59:31,223][root][INFO] - Reward: -1.0
[2024-04-25 15:59:31,224][root][INFO] - --------------- Start iteration i=46 ---------------
[2024-04-25 15:59:31,225][root][INFO] - Length of data.x: 10
[2024-04-25 15:59:31,225][root][INFO] - Length of data.y: 10
[2024-04-25 15:59:31,497][root][INFO] - x: [-0.21433839 -0.23971507 -0.27645372 -0.4211563   0.39272179]
[2024-04-25 15:59:31,498][root][INFO] - y: [-0.02397151  0.15507822 -0.33514581  0.02521343]
[2024-04-25 15:59:31,498][root][INFO] - Reward: -1.0
[2024-04-25 15:59:31,499][root][INFO] - --------------- Start iteration i=47 ---------------
[2024-04-25 15:59:31,499][root][INFO] - Length of data.x: 10
[2024-04-25 15:59:31,499][root][INFO] - Length of data.y: 10
[2024-04-25 15:59:31,770][root][INFO] - x: [-0.23830989 -0.08463685 -0.61159952 -0.39594287 -0.06681028]
[2024-04-25 15:59:31,770][root][INFO] - y: [-0.00846368  0.15423926 -0.31508158 -0.14520126]
[2024-04-25 15:59:31,771][root][INFO] - Reward: -1.0
[2024-04-25 15:59:31,772][root][INFO] - --------------- Start iteration i=48 ---------------
[2024-04-25 15:59:31,772][root][INFO] - Length of data.x: 10
[2024-04-25 15:59:31,772][root][INFO] - Length of data.y: 10
[2024-04-25 15:59:32,184][root][INFO] - x: [-0.24677358  0.06960242 -0.92668111 -0.54114414  0.83969141]
[2024-04-25 15:59:32,185][root][INFO] - y: [ 0.00696024  0.1740024  -0.43062917 -0.19182672]
[2024-04-25 15:59:32,185][root][INFO] - Reward: -0.9999999999999972
[2024-04-25 15:59:32,186][root][INFO] - --------------- Start iteration i=49 ---------------
[2024-04-25 15:59:32,186][root][INFO] - Length of data.x: 8
[2024-04-25 15:59:32,186][root][INFO] - Length of data.y: 8
[2024-04-25 15:59:32,518][root][INFO] - x: [-0.23981334  0.24360482  0.64268972 -0.73297086  1.        ]
[2024-04-25 15:59:32,519][root][INFO] - y: [ 0.02436048 -0.45260623 -0.58328015  0.28466092]
[2024-04-25 15:59:32,519][root][INFO] - Reward: -0.9999999999999969
[2024-04-25 15:59:32,519][root][INFO] - Explore episode complete with return -24.990778045312794, resetting
[2024-04-25 15:59:32,519][root][INFO] - Exploration Episode Rewards: [-0.9999900708084006, -0.9999910326841137, -0.9999935135968631, -0.9999915830032103, -0.9999893352005299, -0.9999914203389603, -0.9999929253510018, -0.999996451324745, -0.9999998965435426, -0.999999999770088, -0.9999999999999492, -0.9999999999999738, -0.9999999456520858, -0.9908425453141119, -0.9999996397525338, -0.9999999999999997, -1.0, -0.9999999999999999, -0.9999996859748914, -0.9999999999977945, -1.0, -1.0, -1.0, -0.9999999999999972, -0.9999999999999969]
[2024-04-25 15:59:32,520][root][INFO] - --------------- Start iteration i=50 ---------------
[2024-04-25 15:59:32,521][root][INFO] - Length of data.x: 7
[2024-04-25 15:59:32,521][root][INFO] - Length of data.y: 7
[2024-04-25 15:59:38,793][root][INFO] - Eval Returns: [-24.99998338 -24.99997508 -24.99998306 -24.99977157 -24.99998003]
[2024-04-25 15:59:38,801][root][INFO] - Eval Returns: mean=-25.000 std=0.000
[2024-04-25 15:59:38,801][root][INFO] - Eval ndata: 7.000
[2024-04-25 15:59:38,801][root][INFO] - Model MSE (current real MPC): 0.458
[2024-04-25 15:59:39,981][root][INFO] - Model MSE (random test set): 0.242
[2024-04-25 15:59:39,981][root][INFO] - Model MSE (GT MPC): 0.103
[2024-04-25 15:59:39,981][root][INFO] - Model Likelihood (random test set): -3.724
[2024-04-25 15:59:39,981][root][INFO] - Model Likelihood (GT MPC): -3.691
[2024-04-25 15:59:39,981][root][INFO] - *[TIME] [Evaluate the current MPC policy] Elapsed: 7.34 seconds
[2024-04-25 15:59:44,664][root][INFO] - x: [ 1.27059879e-03  7.24164167e-04  9.96451532e-01 -2.05116206e-04
  2.88697770e-01]
[2024-04-25 15:59:44,665][root][INFO] - y: [ 7.24164167e-05  4.55197352e-02 -1.63226422e-04 -4.44219622e-02]
[2024-04-25 15:59:44,665][root][INFO] - Reward: -0.999990095832032
[2024-04-25 15:59:46,688][root][INFO] - --------------- Start iteration i=51 ---------------
[2024-04-25 15:59:46,688][root][INFO] - Length of data.x: 8
[2024-04-25 15:59:46,688][root][INFO] - Length of data.y: 8
[2024-04-25 15:59:46,910][root][INFO] - x: [ 0.00134302  0.0462439   0.99628831 -0.04462708  0.18593594]
[2024-04-25 15:59:46,911][root][INFO] - y: [ 0.00462439  0.02828557 -0.03551313 -0.02713835]
[2024-04-25 15:59:46,911][root][INFO] - Reward: -0.9999906039846633
[2024-04-25 15:59:46,913][root][INFO] - --------------- Start iteration i=52 ---------------
[2024-04-25 15:59:46,913][root][INFO] - Length of data.x: 9
[2024-04-25 15:59:46,913][root][INFO] - Length of data.y: 9
[2024-04-25 15:59:47,117][root][INFO] - x: [ 0.00596741  0.07452947  0.96077518 -0.07176543 -0.47250064]
[2024-04-25 15:59:47,118][root][INFO] - y: [ 0.00745295 -0.08416664 -0.05710916  0.09559905]
[2024-04-25 15:59:47,119][root][INFO] - Reward: -0.9999923918484694
[2024-04-25 15:59:47,121][root][INFO] - --------------- Start iteration i=53 ---------------
[2024-04-25 15:59:47,121][root][INFO] - Length of data.x: 10
[2024-04-25 15:59:47,121][root][INFO] - Length of data.y: 10
[2024-04-25 15:59:47,262][root][INFO] - x: [ 0.01342035 -0.00963718  0.90366602  0.02383362  0.40510911]
[2024-04-25 15:59:47,262][root][INFO] - y: [-0.00096372  0.04552837  0.01896621 -0.01419111]
[2024-04-25 15:59:47,263][root][INFO] - Reward: -0.9999922097032854
[2024-04-25 15:59:47,264][root][INFO] - --------------- Start iteration i=54 ---------------
[2024-04-25 15:59:47,264][root][INFO] - Length of data.x: 11
[2024-04-25 15:59:47,264][root][INFO] - Length of data.y: 11
[2024-04-25 15:59:47,403][root][INFO] - x: [0.01245663 0.03589119 0.92263223 0.00964251 0.11050511]
[2024-04-25 15:59:47,403][root][INFO] - y: [0.00358912 0.00319814 0.00767327 0.02053007]
[2024-04-25 15:59:47,404][root][INFO] - Reward: -0.9999933642620864
[2024-04-25 15:59:47,405][root][INFO] - --------------- Start iteration i=55 ---------------
[2024-04-25 15:59:47,405][root][INFO] - Length of data.x: 12
[2024-04-25 15:59:47,405][root][INFO] - Length of data.y: 12
[2024-04-25 15:59:47,545][root][INFO] - x: [0.01604575 0.03908934 0.9303055  0.03017257 0.18323189]
[2024-04-25 15:59:47,546][root][INFO] - y: [0.00390893 0.01546489 0.02401059 0.00623424]
[2024-04-25 15:59:47,546][root][INFO] - Reward: -0.9999941748466965
[2024-04-25 15:59:47,547][root][INFO] - --------------- Start iteration i=56 ---------------
[2024-04-25 15:59:47,547][root][INFO] - Length of data.x: 13
[2024-04-25 15:59:47,547][root][INFO] - Length of data.y: 13
[2024-04-25 15:59:47,687][root][INFO] - x: [0.01995469 0.05455422 0.95431608 0.03640681 0.86908258]
[2024-04-25 15:59:47,687][root][INFO] - y: [ 0.00545542  0.12798431  0.02897164 -0.11262282]
[2024-04-25 15:59:47,687][root][INFO] - Reward: -0.9999947465361236
[2024-04-25 15:59:47,689][root][INFO] - --------------- Start iteration i=57 ---------------
[2024-04-25 15:59:47,689][root][INFO] - Length of data.x: 14
[2024-04-25 15:59:47,689][root][INFO] - Length of data.y: 14
[2024-04-25 15:59:47,832][root][INFO] - x: [ 0.02541011  0.18253853  0.98328773 -0.07621601 -0.22499396]
[2024-04-25 15:59:47,832][root][INFO] - y: [ 0.01825385 -0.04239483 -0.06065082  0.04749009]
[2024-04-25 15:59:47,832][root][INFO] - Reward: -0.9999990668760596
[2024-04-25 15:59:47,834][root][INFO] - --------------- Start iteration i=58 ---------------
[2024-04-25 15:59:47,834][root][INFO] - Length of data.x: 15
[2024-04-25 15:59:47,834][root][INFO] - Length of data.y: 15
[2024-04-25 15:59:47,975][root][INFO] - x: [ 0.04366396  0.1401437   0.92263691 -0.02872592  0.21309208]
[2024-04-25 15:59:47,975][root][INFO] - y: [ 0.01401437  0.01719412 -0.02285938  0.00694403]
[2024-04-25 15:59:47,976][root][INFO] - Reward: -0.9999998342896459
[2024-04-25 15:59:47,977][root][INFO] - --------------- Start iteration i=59 ---------------
[2024-04-25 15:59:47,977][root][INFO] - Length of data.x: 16
[2024-04-25 15:59:47,977][root][INFO] - Length of data.y: 16
[2024-04-25 15:59:48,118][root][INFO] - x: [ 0.05767833  0.15733782  0.89977753 -0.02178189  0.19032375]
[2024-04-25 15:59:48,119][root][INFO] - y: [ 0.01573378  0.0098005  -0.01733349  0.02109225]
[2024-04-25 15:59:48,119][root][INFO] - Reward: -0.9999999845724169
[2024-04-25 15:59:48,121][root][INFO] - --------------- Start iteration i=60 ---------------
[2024-04-25 15:59:48,121][root][INFO] - Length of data.x: 17
[2024-04-25 15:59:48,121][root][INFO] - Length of data.y: 17
[2024-04-25 15:59:55,201][root][INFO] - Eval Returns: [-24.95636851 -21.69705416 -24.61489675 -24.83278458 -24.98944445]
[2024-04-25 15:59:55,209][root][INFO] - Eval Returns: mean=-24.218 std=1.267
[2024-04-25 15:59:55,210][root][INFO] - Eval ndata: 17.000
[2024-04-25 15:59:55,210][root][INFO] - Model MSE (current real MPC): 0.470
[2024-04-25 15:59:56,322][root][INFO] - Model MSE (random test set): 0.203
[2024-04-25 15:59:56,322][root][INFO] - Model MSE (GT MPC): 0.048
[2024-04-25 15:59:56,322][root][INFO] - Model Likelihood (random test set): -3.729
[2024-04-25 15:59:56,322][root][INFO] - Model Likelihood (GT MPC): -3.697
[2024-04-25 15:59:56,322][root][INFO] - *[TIME] [Evaluate the current MPC policy] Elapsed: 8.06 seconds
[2024-04-25 16:00:00,269][root][INFO] - x: [ 7.34121145e-02  1.67138317e-01  8.82444034e-01 -6.89643710e-04
 -5.02997984e-01]
[2024-04-25 16:00:00,270][root][INFO] - y: [ 0.01671383 -0.09552079 -0.0005488   0.12452821]
[2024-04-25 16:00:00,270][root][INFO] - Reward: -0.9999999990392417
[2024-04-25 16:00:02,430][root][INFO] - --------------- Start iteration i=61 ---------------
[2024-04-25 16:00:02,430][root][INFO] - Length of data.x: 18
[2024-04-25 16:00:02,430][root][INFO] - Length of data.y: 18
[2024-04-25 16:00:02,645][root][INFO] - x: [ 0.09012595  0.07161752  0.88189523  0.12383857 -0.04550879]
[2024-04-25 16:00:02,645][root][INFO] - y: [ 0.00716175 -0.03399623  0.09854768  0.06728859]
[2024-04-25 16:00:02,646][root][INFO] - Reward: -0.9999999970883328
[2024-04-25 16:00:02,647][root][INFO] - --------------- Start iteration i=62 ---------------
[2024-04-25 16:00:02,647][root][INFO] - Length of data.x: 19
[2024-04-25 16:00:02,647][root][INFO] - Length of data.y: 19
[2024-04-25 16:00:02,858][root][INFO] - x: [ 0.0972877   0.03762129  0.98044291  0.19112716 -0.61564135]
[2024-04-25 16:00:02,859][root][INFO] - y: [ 0.00376213 -0.10584083  0.15209428  0.111671  ]
[2024-04-25 16:00:02,859][root][INFO] - Reward: -0.9999997672284119
[2024-04-25 16:00:02,861][root][INFO] - --------------- Start iteration i=63 ---------------
[2024-04-25 16:00:02,861][root][INFO] - Length of data.x: 20
[2024-04-25 16:00:02,861][root][INFO] - Length of data.y: 20
[2024-04-25 16:00:03,038][root][INFO] - x: [ 0.10104983 -0.06821954 -0.8674628   0.30279816  0.48493578]
[2024-04-25 16:00:03,038][root][INFO] - y: [-0.00682195  0.14214816  0.24095932 -0.16972012]
[2024-04-25 16:00:03,039][root][INFO] - Reward: -0.9988310058494632
[2024-04-25 16:00:03,040][root][INFO] - --------------- Start iteration i=64 ---------------
[2024-04-25 16:00:03,040][root][INFO] - Length of data.x: 21
[2024-04-25 16:00:03,040][root][INFO] - Length of data.y: 21
[2024-04-25 16:00:03,208][root][INFO] - x: [ 0.09422787  0.07392862 -0.62650349  0.13307804 -0.63109305]
[2024-04-25 16:00:03,209][root][INFO] - y: [ 0.00739286 -0.03750454  0.10590023 -0.07603071]
[2024-04-25 16:00:03,209][root][INFO] - Reward: -0.9905223273314457
[2024-04-25 16:00:03,212][root][INFO] - --------------- Start iteration i=65 ---------------
[2024-04-25 16:00:03,212][root][INFO] - Length of data.x: 22
[2024-04-25 16:00:03,212][root][INFO] - Length of data.y: 22
[2024-04-25 16:00:03,386][root][INFO] - x: [ 0.10162074  0.03642409 -0.52060326  0.05704734  0.59378377]
[2024-04-25 16:00:03,386][root][INFO] - y: [ 0.00364241  0.06453687  0.04539687 -0.10216865]
[2024-04-25 16:00:03,387][root][INFO] - Reward: -0.9834510730842433
[2024-04-25 16:00:03,388][root][INFO] - --------------- Start iteration i=66 ---------------
[2024-04-25 16:00:03,389][root][INFO] - Length of data.x: 23
[2024-04-25 16:00:03,389][root][INFO] - Length of data.y: 23
[2024-04-25 16:00:03,550][root][INFO] - x: [ 0.10526314  0.10096095 -0.47520639 -0.04512131 -0.08876038]
[2024-04-25 16:00:03,550][root][INFO] - y: [ 0.0100961  -0.01086422 -0.03590643 -0.09874764]
[2024-04-25 16:00:03,551][root][INFO] - Reward: -0.9960715439128996
[2024-04-25 16:00:03,553][root][INFO] - --------------- Start iteration i=67 ---------------
[2024-04-25 16:00:03,553][root][INFO] - Length of data.x: 24
[2024-04-25 16:00:03,553][root][INFO] - Length of data.y: 24
[2024-04-25 16:00:03,718][root][INFO] - x: [ 0.11535924  0.09009673 -0.51111282 -0.14386895 -1.        ]
[2024-04-25 16:00:03,718][root][INFO] - y: [ 0.00900967 -0.08026029 -0.11448736 -0.09533879]
[2024-04-25 16:00:03,719][root][INFO] - Reward: -0.9999109600110412
[2024-04-25 16:00:03,721][root][INFO] - --------------- Start iteration i=68 ---------------
[2024-04-25 16:00:03,721][root][INFO] - Length of data.x: 25
[2024-04-25 16:00:03,721][root][INFO] - Length of data.y: 25
[2024-04-25 16:00:03,883][root][INFO] - x: [ 0.12436891  0.00983644 -0.62560018 -0.23920774  1.        ]
[2024-04-25 16:00:03,884][root][INFO] - y: [ 0.00098364  0.1720254  -0.19035563 -0.15678458]
[2024-04-25 16:00:03,884][root][INFO] - Reward: -0.9999999368456313
[2024-04-25 16:00:03,885][root][INFO] - --------------- Start iteration i=69 ---------------
[2024-04-25 16:00:03,885][root][INFO] - Length of data.x: 26
[2024-04-25 16:00:03,886][root][INFO] - Length of data.y: 26
[2024-04-25 16:00:04,036][root][INFO] - x: [ 0.12535256  0.18186184 -0.81595581 -0.39599232  1.        ]
[2024-04-25 16:00:04,037][root][INFO] - y: [ 0.01818618  0.26509748 -0.31512093 -0.27567368]
[2024-04-25 16:00:04,037][root][INFO] - Reward: -0.9999999999999956
[2024-04-25 16:00:04,039][root][INFO] - --------------- Start iteration i=70 ---------------
[2024-04-25 16:00:04,039][root][INFO] - Length of data.x: 27
[2024-04-25 16:00:04,039][root][INFO] - Length of data.y: 27
[2024-04-25 16:00:12,282][root][INFO] - Eval Returns: [-21.6146333  -19.49065847 -21.53588521 -23.81220765 -24.06237616]
[2024-04-25 16:00:12,291][root][INFO] - Eval Returns: mean=-22.103 std=1.682
[2024-04-25 16:00:12,291][root][INFO] - Eval ndata: 27.000
[2024-04-25 16:00:12,291][root][INFO] - Model MSE (current real MPC): 0.539
[2024-04-25 16:00:13,510][root][INFO] - Model MSE (random test set): 0.165
[2024-04-25 16:00:13,510][root][INFO] - Model MSE (GT MPC): 0.015
[2024-04-25 16:00:13,510][root][INFO] - Model Likelihood (random test set): -3.726
[2024-04-25 16:00:13,510][root][INFO] - Model Likelihood (GT MPC): -3.690
[2024-04-25 16:00:13,510][root][INFO] - *[TIME] [Evaluate the current MPC policy] Elapsed: 9.33 seconds
[2024-04-25 16:00:18,371][root][INFO] - x: [ 0.14353874  0.44695933  0.86892326 -0.671666   -1.        ]
[2024-04-25 16:00:18,371][root][INFO] - y: [ 0.04469593 -0.41931001 -0.53449525  0.42356257]
[2024-04-25 16:00:18,371][root][INFO] - Reward: -1.0
[2024-04-25 16:00:20,531][root][INFO] - --------------- Start iteration i=71 ---------------
[2024-04-25 16:00:20,531][root][INFO] - Length of data.x: 28
[2024-04-25 16:00:20,532][root][INFO] - Length of data.y: 28
[2024-04-25 16:00:20,729][root][INFO] - x: [ 0.18823467  0.02764932  0.33442801 -0.24810343 -0.39003308]
[2024-04-25 16:00:20,730][root][INFO] - y: [ 0.00276493 -0.08097451 -0.19743459  0.04496609]
[2024-04-25 16:00:20,730][root][INFO] - Reward: -0.9999999999999999
[2024-04-25 16:00:20,731][root][INFO] - --------------- Start iteration i=72 ---------------
[2024-04-25 16:00:20,731][root][INFO] - Length of data.x: 29
[2024-04-25 16:00:20,731][root][INFO] - Length of data.y: 29
[2024-04-25 16:00:20,865][root][INFO] - x: [ 0.19099961 -0.05332519  0.13699341 -0.20313733 -0.08238502]
[2024-04-25 16:00:20,866][root][INFO] - y: [-0.00533252 -0.01431694 -0.16165168  0.02795902]
[2024-04-25 16:00:20,866][root][INFO] - Reward: -0.9999999999958822
[2024-04-25 16:00:20,867][root][INFO] - --------------- Start iteration i=73 ---------------
[2024-04-25 16:00:20,867][root][INFO] - Length of data.x: 30
[2024-04-25 16:00:20,867][root][INFO] - Length of data.y: 30
[2024-04-25 16:00:21,001][root][INFO] - x: [ 0.18566709 -0.06764213 -0.02465827 -0.17517831 -1.        ]
[2024-04-25 16:00:21,002][root][INFO] - y: [-0.00676421 -0.15932897 -0.13940258 -0.16645071]
[2024-04-25 16:00:21,002][root][INFO] - Reward: -0.9999999829649142
[2024-04-25 16:00:21,003][root][INFO] - --------------- Start iteration i=74 ---------------
[2024-04-25 16:00:21,003][root][INFO] - Length of data.x: 31
[2024-04-25 16:00:21,003][root][INFO] - Length of data.y: 31
[2024-04-25 16:00:21,136][root][INFO] - x: [ 0.17890287 -0.2269711  -0.16406085 -0.34162902 -0.95796311]
[2024-04-25 16:00:21,137][root][INFO] - y: [-0.02269711 -0.07734773 -0.27185996 -0.11570159]
[2024-04-25 16:00:21,137][root][INFO] - Reward: -0.9999201640755668
[2024-04-25 16:00:21,137][root][INFO] - Explore episode complete with return -24.968653230178553, resetting
[2024-04-25 16:00:21,137][root][INFO] - Exploration Episode Rewards: [-0.999990095832032, -0.9999906039846633, -0.9999923918484694, -0.9999922097032854, -0.9999933642620864, -0.9999941748466965, -0.9999947465361236, -0.9999990668760596, -0.9999998342896459, -0.9999999845724169, -0.9999999990392417, -0.9999999970883328, -0.9999997672284119, -0.9988310058494632, -0.9905223273314457, -0.9834510730842433, -0.9960715439128996, -0.9999109600110412, -0.9999999368456313, -0.9999999999999956, -1.0, -0.9999999999999999, -0.9999999999958822, -0.9999999829649142, -0.9999201640755668]
[2024-04-25 16:00:21,139][root][INFO] - --------------- Start iteration i=75 ---------------
[2024-04-25 16:00:21,139][root][INFO] - Length of data.x: 32
[2024-04-25 16:00:21,139][root][INFO] - Length of data.y: 32
[2024-04-25 16:00:21,275][root][INFO] - x: [ 3.69741637e-04 -4.04926764e-03  9.92030625e-01  1.40638516e-03
  8.20862990e-01]
[2024-04-25 16:00:21,275][root][INFO] - y: [-0.00040493  0.12987926  0.00111917 -0.12737997]
[2024-04-25 16:00:21,276][root][INFO] - Reward: -0.9999900565270552
[2024-04-25 16:00:21,277][root][INFO] - --------------- Start iteration i=76 ---------------
[2024-04-25 16:00:21,277][root][INFO] - Length of data.x: 33
[2024-04-25 16:00:21,277][root][INFO] - Length of data.y: 33
[2024-04-25 16:00:21,416][root][INFO] - x: [-3.51851271e-05  1.25829994e-01  9.93149792e-01 -1.25973587e-01
  2.92532432e-01]
[2024-04-25 16:00:21,416][root][INFO] - y: [ 0.012583    0.01960382 -0.10024668 -0.01748588]
[2024-04-25 16:00:21,416][root][INFO] - Reward: -0.9999918759825265
[2024-04-25 16:00:21,418][root][INFO] - --------------- Start iteration i=77 ---------------
[2024-04-25 16:00:21,418][root][INFO] - Length of data.x: 34
[2024-04-25 16:00:21,418][root][INFO] - Length of data.y: 34
[2024-04-25 16:00:21,557][root][INFO] - x: [ 0.01254781  0.14543382  0.89290312 -0.14345947  0.08485522]
[2024-04-25 16:00:21,557][root][INFO] - y: [ 0.01454338 -0.01624131 -0.11416151  0.04775089]
[2024-04-25 16:00:21,557][root][INFO] - Reward: -0.9999960288003933
[2024-04-25 16:00:21,559][root][INFO] - --------------- Start iteration i=78 ---------------
[2024-04-25 16:00:21,559][root][INFO] - Length of data.x: 35
[2024-04-25 16:00:21,559][root][INFO] - Length of data.y: 35
[2024-04-25 16:00:21,698][root][INFO] - x: [ 0.0270912   0.12919251  0.77874161 -0.09570858 -0.16800625]
[2024-04-25 16:00:21,699][root][INFO] - y: [ 0.01291925 -0.05354961 -0.07616253  0.10401918]
[2024-04-25 16:00:21,699][root][INFO] - Reward: -0.9999986998031646
[2024-04-25 16:00:21,701][root][INFO] - --------------- Start iteration i=79 ---------------
[2024-04-25 16:00:21,701][root][INFO] - Length of data.x: 36
[2024-04-25 16:00:21,701][root][INFO] - Length of data.y: 36
[2024-04-25 16:00:21,841][root][INFO] - x: [0.04001045 0.0756429  0.70257908 0.0083106  0.05226449]
[2024-04-25 16:00:21,841][root][INFO] - y: [ 0.00756429 -0.01519607  0.00661337  0.08800661]
[2024-04-25 16:00:21,842][root][INFO] - Reward: -0.9999995892717373
[2024-04-25 16:00:21,843][root][INFO] - --------------- Start iteration i=80 ---------------
[2024-04-25 16:00:21,843][root][INFO] - Length of data.x: 37
[2024-04-25 16:00:21,843][root][INFO] - Length of data.y: 37
[2024-04-25 16:00:30,361][root][INFO] - Eval Returns: [-20.05550757 -22.31287007 -20.73566154 -24.87293967 -22.58419985]
[2024-04-25 16:00:30,369][root][INFO] - Eval Returns: mean=-22.112 std=1.674
[2024-04-25 16:00:30,370][root][INFO] - Eval ndata: 37.000
[2024-04-25 16:00:30,370][root][INFO] - Model MSE (current real MPC): 0.517
[2024-04-25 16:00:31,518][root][INFO] - Model MSE (random test set): 0.151
[2024-04-25 16:00:31,519][root][INFO] - Model MSE (GT MPC): 0.011
[2024-04-25 16:00:31,519][root][INFO] - Model Likelihood (random test set): -3.725
[2024-04-25 16:00:31,519][root][INFO] - Model Likelihood (GT MPC): -3.687
[2024-04-25 16:00:31,519][root][INFO] - *[TIME] [Evaluate the current MPC policy] Elapsed: 9.52 seconds
[2024-04-25 16:00:38,744][root][INFO] - x: [ 0.04757474  0.06044683  0.70919245  0.09631721 -0.07531937]
[2024-04-25 16:00:38,745][root][INFO] - y: [ 0.00604468 -0.03817519  0.07664686  0.10106696]
[2024-04-25 16:00:38,745][root][INFO] - Reward: -0.9999998587316659
[2024-04-25 16:00:41,246][root][INFO] - --------------- Start iteration i=81 ---------------
[2024-04-25 16:00:41,247][root][INFO] - Length of data.x: 18
[2024-04-25 16:00:41,247][root][INFO] - Length of data.y: 18
[2024-04-25 16:00:41,823][root][INFO] - x: [0.05361942 0.02227164 0.78583931 0.19738417 0.27471747]
[2024-04-25 16:00:41,823][root][INFO] - y: [ 0.00222716 -0.01746707  0.15707346  0.07485725]
[2024-04-25 16:00:41,823][root][INFO] - Reward: -0.999999654774199
[2024-04-25 16:00:41,825][root][INFO] - --------------- Start iteration i=82 ---------------
[2024-04-25 16:00:41,825][root][INFO] - Length of data.x: 17
[2024-04-25 16:00:41,825][root][INFO] - Length of data.y: 17
[2024-04-25 16:00:42,248][root][INFO] - x: [0.05584658 0.00480457 0.94291277 0.27224142 0.19352096]
[2024-04-25 16:00:42,248][root][INFO] - y: [0.00048046 0.00069927 0.21664301 0.01682958]
[2024-04-25 16:00:42,248][root][INFO] - Reward: -0.9999785792177177
[2024-04-25 16:00:42,250][root][INFO] - --------------- Start iteration i=83 ---------------
[2024-04-25 16:00:42,250][root][INFO] - Length of data.x: 16
[2024-04-25 16:00:42,250][root][INFO] - Length of data.y: 16
[2024-04-25 16:00:42,565][root][INFO] - x: [ 0.05632704  0.00550384 -0.84044421  0.289071   -0.45557061]
[2024-04-25 16:00:42,565][root][INFO] - y: [ 0.00055038  0.01061162  0.23003558 -0.05649441]
[2024-04-25 16:00:42,566][root][INFO] - Reward: -0.9943214464461525
[2024-04-25 16:00:42,567][root][INFO] - --------------- Start iteration i=84 ---------------
[2024-04-25 16:00:42,567][root][INFO] - Length of data.x: 16
[2024-04-25 16:00:42,567][root][INFO] - Length of data.y: 16
[2024-04-25 16:00:43,299][root][INFO] - x: [ 0.05687743  0.01611547 -0.61040864  0.23257659 -0.07363266]
[2024-04-25 16:00:43,300][root][INFO] - y: [ 0.00161155  0.05429235  0.18507872 -0.11080813]
[2024-04-25 16:00:43,300][root][INFO] - Reward: -0.8167250978173224
[2024-04-25 16:00:43,302][root][INFO] - --------------- Start iteration i=85 ---------------
[2024-04-25 16:00:43,302][root][INFO] - Length of data.x: 11
[2024-04-25 16:00:43,302][root][INFO] - Length of data.y: 11
[2024-04-25 16:00:43,960][root][INFO] - x: [ 0.05848897  0.07040782 -0.42532992  0.12176847  0.76184088]
[2024-04-25 16:00:43,960][root][INFO] - y: [ 0.00704078  0.08234331  0.09690034 -0.07637066]
[2024-04-25 16:00:43,961][root][INFO] - Reward: -0.5682353942094599
[2024-04-25 16:00:43,962][root][INFO] - --------------- Start iteration i=86 ---------------
[2024-04-25 16:00:43,962][root][INFO] - Length of data.x: 8
[2024-04-25 16:00:43,962][root][INFO] - Length of data.y: 8
[2024-04-25 16:00:44,333][root][INFO] - x: [ 0.06552975  0.15275113 -0.32842957  0.04539781 -1.        ]
[2024-04-25 16:00:44,333][root][INFO] - y: [ 0.01527511 -0.12881789  0.03612646 -0.15039714]
[2024-04-25 16:00:44,334][root][INFO] - Reward: -0.7335412383599487
[2024-04-25 16:00:44,335][root][INFO] - --------------- Start iteration i=87 ---------------
[2024-04-25 16:00:44,335][root][INFO] - Length of data.x: 7
[2024-04-25 16:00:44,335][root][INFO] - Length of data.y: 7
[2024-04-25 16:00:44,625][root][INFO] - x: [ 0.08080487  0.02393325 -0.29230311 -0.10499933 -0.03983009]
[2024-04-25 16:00:44,626][root][INFO] - y: [ 0.00239332 -0.01598575 -0.08355588 -0.08773276]
[2024-04-25 16:00:44,626][root][INFO] - Reward: -0.8210036165336427
[2024-04-25 16:00:44,628][root][INFO] - --------------- Start iteration i=88 ---------------
[2024-04-25 16:00:44,628][root][INFO] - Length of data.x: 7
[2024-04-25 16:00:44,628][root][INFO] - Length of data.y: 7
[2024-04-25 16:00:44,924][root][INFO] - x: [ 0.08319819  0.0079475  -0.375859   -0.1927321  -1.        ]
[2024-04-25 16:00:44,924][root][INFO] - y: [ 0.00079475 -0.08545139 -0.15337146 -0.12331376]
[2024-04-25 16:00:44,925][root][INFO] - Reward: -0.9798125316970896
[2024-04-25 16:00:44,927][root][INFO] - --------------- Start iteration i=89 ---------------
[2024-04-25 16:00:44,927][root][INFO] - Length of data.x: 7
[2024-04-25 16:00:44,927][root][INFO] - Length of data.y: 7
[2024-04-25 16:00:45,223][root][INFO] - x: [ 0.08399294 -0.07750389 -0.52923045 -0.31604586  0.21703314]
[2024-04-25 16:00:45,224][root][INFO] - y: [-0.00775039  0.11946531 -0.2515015  -0.1087412 ]
[2024-04-25 16:00:45,224][root][INFO] - Reward: -0.9999629929874756
[2024-04-25 16:00:45,226][root][INFO] - --------------- Start iteration i=90 ---------------
[2024-04-25 16:00:45,226][root][INFO] - Length of data.x: 7
[2024-04-25 16:00:45,226][root][INFO] - Length of data.y: 7
