[2024-04-19 19:00:47,015][root][INFO] - Dumper dumping to /trajectory-information-rl/experiments/mpc_cartpole_2024-04-19/19-00-41/seed_1
[2024-04-19 19:00:47,020][root][INFO] - Start obs: None
[2024-04-19 19:01:01,160][root][INFO] - GT Returns: [-14.30701504 -10.70000483 -10.97052357 -12.13774593 -11.0917859 ]
[2024-04-19 19:01:01,160][root][INFO] - GT Returns: mean=-11.841 std=1.326
[2024-04-19 19:01:01,160][root][INFO] - Path Lengths: [36345, 36345, 36345, 36345, 36345]
[2024-04-19 19:01:01,161][root][INFO] - Path Lengths: mean=36345.000 std=0.000
[2024-04-19 19:01:01,222][root][INFO] - all_x.shape = (181725, 5)
[2024-04-19 19:01:01,226][root][INFO] - all_x.min(axis=0) = [-0.96615099 -1.48417857 -0.99999345 -0.90884881 -1.        ]
[2024-04-19 19:01:01,231][root][INFO] - all_x.max(axis=0) = [0.95479397 1.41655447 0.99997867 0.88893958 1.        ]
[2024-04-19 19:01:01,233][root][INFO] - all_x.mean(axis=0) = [-0.00204399 -0.00194366 -0.00446838 -0.01266537 -0.00387765]
[2024-04-19 19:01:01,241][root][INFO] - all_x.var(axis=0) = [0.01186229 0.05167969 0.25181861 0.08951303 0.21592848]
[2024-04-19 19:01:01,274][root][INFO] - --------------- Start iteration i=0 ---------------
[2024-04-19 19:01:01,275][root][INFO] - Length of data.x: 1
[2024-04-19 19:01:01,275][root][INFO] - Length of data.y: 1
[2024-04-19 19:01:06,676][root][INFO] - Eval Returns: [-24.9999775  -24.99997824 -24.99998083 -24.99997955 -24.99998084]
[2024-04-19 19:01:06,681][root][INFO] - Eval Returns: mean=-25.000 std=0.000
[2024-04-19 19:01:06,681][root][INFO] - Eval ndata: 1.000
[2024-04-19 19:01:06,681][root][INFO] - Model MSE (current real MPC): 0.582
[2024-04-19 19:01:07,683][root][INFO] - Model MSE (random test set): 0.498
[2024-04-19 19:01:07,683][root][INFO] - Model MSE (GT MPC): 0.192
[2024-04-19 19:01:07,683][root][INFO] - Model Likelihood (random test set): -4.165
[2024-04-19 19:01:07,683][root][INFO] - Model Likelihood (GT MPC): -4.002
[2024-04-19 19:01:07,683][root][INFO] - *[TIME] [Evaluate the current MPC policy] Elapsed: 6.22 seconds
[2024-04-19 19:01:09,640][root][INFO] - x: [ 1.71531615e-03 -1.56784110e-03 -9.96037663e-01  2.10963211e-04
 -7.11582013e-01]
[2024-04-19 19:01:09,641][root][INFO] - y: [-0.00015678 -0.11308401  0.00016788  0.11185263]
[2024-04-19 19:01:09,641][root][INFO] - Reward: -0.9999900656931502
[2024-04-19 19:01:11,223][root][INFO] - --------------- Start iteration i=1 ---------------
[2024-04-19 19:01:11,224][root][INFO] - Length of data.x: 2
[2024-04-19 19:01:11,224][root][INFO] - Length of data.y: 2
[2024-04-19 19:01:11,411][root][INFO] - x: [ 0.00155853 -0.11465185 -0.99586978  0.11206359  1.        ]
[2024-04-19 19:01:11,411][root][INFO] - y: [-0.01146518  0.16282702  0.08917744 -0.16408771]
[2024-04-19 19:01:11,411][root][INFO] - Reward: -0.9999910835549406
[2024-04-19 19:01:11,411][root][INFO] - --------------- Start iteration i=2 ---------------
[2024-04-19 19:01:11,411][root][INFO] - Length of data.x: 3
[2024-04-19 19:01:11,411][root][INFO] - Length of data.y: 3
[2024-04-19 19:01:11,561][root][INFO] - x: [-0.00990665  0.04817517 -0.90669234 -0.05202412  0.16484558]
[2024-04-19 19:01:11,561][root][INFO] - y: [ 0.00481752  0.04102157 -0.04139951 -0.06764724]
[2024-04-19 19:01:11,561][root][INFO] - Reward: -0.9999903022620542
[2024-04-19 19:01:11,561][root][INFO] - --------------- Start iteration i=3 ---------------
[2024-04-19 19:01:11,562][root][INFO] - Length of data.x: 4
[2024-04-19 19:01:11,562][root][INFO] - Length of data.y: 4
[2024-04-19 19:01:11,711][root][INFO] - x: [-0.00508914  0.08919674 -0.94809185 -0.11967135 -0.16961664]
[2024-04-19 19:01:11,711][root][INFO] - y: [ 0.00891967 -0.01539561 -0.09523151 -0.00075189]
[2024-04-19 19:01:11,711][root][INFO] - Reward: -0.9999901532091193
[2024-04-19 19:01:11,712][root][INFO] - --------------- Start iteration i=4 ---------------
[2024-04-19 19:01:11,712][root][INFO] - Length of data.x: 5
[2024-04-19 19:01:11,712][root][INFO] - Length of data.y: 5
[2024-04-19 19:01:17,331][root][INFO] - Eval Returns: [-24.95093061 -23.44925699 -24.99847777 -21.53402113 -24.99662859]
[2024-04-19 19:01:17,337][root][INFO] - Eval Returns: mean=-23.986 std=1.362
[2024-04-19 19:01:17,337][root][INFO] - Eval ndata: 5.000
[2024-04-19 19:01:17,337][root][INFO] - Model MSE (current real MPC): 0.700
[2024-04-19 19:01:18,377][root][INFO] - Model MSE (random test set): 0.212
[2024-04-19 19:01:18,377][root][INFO] - Model MSE (GT MPC): 0.071
[2024-04-19 19:01:18,377][root][INFO] - Model Likelihood (random test set): -3.746
[2024-04-19 19:01:18,377][root][INFO] - Model Likelihood (GT MPC): -3.701
[2024-04-19 19:01:18,377][root][INFO] - *[TIME] [Evaluate the current MPC policy] Elapsed: 6.51 seconds
[2024-04-19 19:01:20,796][root][INFO] - x: [ 0.00383054  0.07380113  0.95667664 -0.12042325  0.07925754]
[2024-04-19 19:01:20,797][root][INFO] - y: [ 0.00738011  0.00062124 -0.09582985  0.01270897]
[2024-04-19 19:01:20,797][root][INFO] - Reward: -0.9999902133416446
