[2024-04-23 21:07:32,739][root][INFO] - Dumper dumping to /tirl/experiments/mpc_frozencartpole_2024-04-23/21-07-06/seed_1
[2024-04-23 21:07:32,773][root][INFO] - Start obs: None
[2024-04-23 21:08:20,678][root][INFO] - GT Returns: [-10.36509955 -13.06646909 -11.17759324 -10.79615139 -11.04973261]
[2024-04-23 21:08:20,679][root][INFO] - GT Returns: mean=-11.291 std=0.930
[2024-04-23 21:08:20,679][root][INFO] - Path Lengths: [36345, 36345, 36345, 36345, 36345]
[2024-04-23 21:08:20,680][root][INFO] - Path Lengths: mean=36345.000 std=0.000
[2024-04-23 21:08:20,770][root][INFO] - all_x.shape = (181725, 5)
[2024-04-23 21:08:20,780][root][INFO] - all_x.min(axis=0) = [-0.55816045 -0.91891709 -0.99999289 -0.81951698 -1.        ]
[2024-04-23 21:08:20,787][root][INFO] - all_x.max(axis=0) = [1.02099613 1.49926977 0.99999668 0.85424914 1.        ]
[2024-04-23 21:08:20,795][root][INFO] - all_x.mean(axis=0) = [-0.01552042 -0.00228268  0.0262328   0.03715824  0.01406196]
[2024-04-23 21:08:20,810][root][INFO] - all_x.var(axis=0) = [0.00579895 0.02803051 0.23064954 0.07609217 0.23034994]
[2024-04-23 21:08:20,883][root][INFO] - --------------- Start iteration i=0 ---------------
[2024-04-23 21:08:20,884][root][INFO] - Length of data.x: 301
[2024-04-23 21:08:20,886][root][INFO] - Length of data.y: 301
[2024-04-23 21:09:06,680][root][INFO] - Eval Returns: [-19.26889284 -15.90270855 -17.382344   -17.70620707 -17.89753272]
[2024-04-23 21:09:06,694][root][INFO] - Eval Returns: mean=-17.632 std=1.078
[2024-04-23 21:09:06,695][root][INFO] - Eval ndata: 301.000
[2024-04-23 21:09:06,696][root][INFO] - Model MSE (current real MPC): 0.481
[2024-04-23 21:09:08,679][root][INFO] - Model MSE (random test set): 0.003
[2024-04-23 21:09:08,680][root][INFO] - Model MSE (GT MPC): 0.001
[2024-04-23 21:09:08,680][root][INFO] - Model Likelihood (random test set): -3.726
[2024-04-23 21:09:08,681][root][INFO] - Model Likelihood (GT MPC): -3.791
[2024-04-23 21:09:08,682][root][INFO] - *[TIME] [Evaluate the current MPC policy] Elapsed: 47.03 seconds
