[2024-04-26 11:18:35,749][root][INFO] - Dumper dumping to /tirl/experiments/mpc_rustypendulum_moredata_init_2024-04-26/11-18-29/seed_4
[2024-04-26 11:18:35,754][root][INFO] - Start obs: None
[2024-04-26 11:19:04,776][root][INFO] - GT Returns: [-124.69016081 -114.35360307 -359.49035453 -123.91311579 -243.45418308]
[2024-04-26 11:19:04,776][root][INFO] - GT Returns: mean=-193.180 std=95.801
[2024-04-26 11:19:04,777][root][INFO] - Path Lengths: [39420, 39420, 39420, 39420, 39420]
[2024-04-26 11:19:04,777][root][INFO] - Path Lengths: mean=39420.000 std=0.000
[2024-04-26 11:19:04,883][root][INFO] - all_x.shape = (197100, 3)
[2024-04-26 11:19:04,889][root][INFO] - all_x.min(axis=0) = [-0.99999895 -1.         -1.        ]
[2024-04-26 11:19:04,895][root][INFO] - all_x.max(axis=0) = [0.9999998 1.        1.       ]
[2024-04-26 11:19:04,899][root][INFO] - all_x.mean(axis=0) = [ 0.00710467 -0.01455097 -0.00058047]
[2024-04-26 11:19:04,909][root][INFO] - all_x.var(axis=0) = [0.10556296 0.10490258 0.2550041 ]
[2024-04-26 11:19:04,982][root][INFO] - --------------- Start iteration i=0 ---------------
[2024-04-26 11:19:04,983][root][INFO] - Length of data.x: 187
[2024-04-26 11:19:04,983][root][INFO] - Length of data.y: 187
[2024-04-26 11:20:02,150][root][INFO] - Eval Returns: [-123.12875224 -123.11193337 -352.12979038 -121.93098561 -235.19592276]
[2024-04-26 11:20:02,189][root][INFO] - Eval Returns: mean=-191.099 std=91.544
[2024-04-26 11:20:02,190][root][INFO] - Eval ndata: 187.000
[2024-04-26 11:20:02,190][root][INFO] - Model MSE (current real MPC): 0.032
[2024-04-26 11:20:02,777][root][INFO] - Model MSE (random test set): 0.000
[2024-04-26 11:20:02,778][root][INFO] - Model MSE (GT MPC): 0.000
[2024-04-26 11:20:02,778][root][INFO] - Model Likelihood (random test set): -1.846
[2024-04-26 11:20:02,778][root][INFO] - Model Likelihood (GT MPC): -1.841
[2024-04-26 11:20:02,778][root][INFO] - *[TIME] [Evaluate the current MPC policy] Elapsed: 57.62 seconds
[2024-04-26 11:20:03,983][root][INFO] - x: [-0.37550412  0.03759182  1.        ]
[2024-04-26 11:20:03,983][root][INFO] - y: [-0.00147423 -0.04917042]
[2024-04-26 11:20:03,983][root][INFO] - Reward: -1.4074540082198368
[2024-04-26 11:20:06,593][root][INFO] - --------------- Start iteration i=1 ---------------
[2024-04-26 11:20:06,593][root][INFO] - Length of data.x: 188
[2024-04-26 11:20:06,593][root][INFO] - Length of data.y: 188
[2024-04-26 11:20:06,747][root][INFO] - x: [-0.37697835 -0.01157859  1.        ]
[2024-04-26 11:20:06,747][root][INFO] - y: [-0.00775576 -0.04933501]
[2024-04-26 11:20:06,748][root][INFO] - Reward: -1.4886492609379833
[2024-04-26 11:20:06,750][root][INFO] - --------------- Start iteration i=2 ---------------
[2024-04-26 11:20:06,750][root][INFO] - Length of data.x: 189
[2024-04-26 11:20:06,750][root][INFO] - Length of data.y: 189
[2024-04-26 11:20:06,901][root][INFO] - x: [-0.38473411 -0.06091361 -1.        ]
[2024-04-26 11:20:06,902][root][INFO] - y: [-0.02369292 -0.12517017]
[2024-04-26 11:20:06,902][root][INFO] - Reward: -1.871988788819719
[2024-04-26 11:20:06,904][root][INFO] - --------------- Start iteration i=3 ---------------
[2024-04-26 11:20:06,905][root][INFO] - Length of data.x: 190
[2024-04-26 11:20:06,905][root][INFO] - Length of data.y: 190
[2024-04-26 11:20:07,058][root][INFO] - x: [-0.40842704 -0.18608377 -0.71877837]
[2024-04-26 11:20:07,058][root][INFO] - y: [-0.0385709  -0.11685137]
[2024-04-26 11:20:07,058][root][INFO] - Reward: -2.561410361131053
[2024-04-26 11:20:07,061][root][INFO] - --------------- Start iteration i=4 ---------------
[2024-04-26 11:20:07,061][root][INFO] - Length of data.x: 191
[2024-04-26 11:20:07,061][root][INFO] - Length of data.y: 191
[2024-04-26 11:20:07,213][root][INFO] - x: [-0.44699794 -0.30293515 -0.55424609]
[2024-04-26 11:20:07,213][root][INFO] - y: [-0.05298876 -0.11323758]
[2024-04-26 11:20:07,214][root][INFO] - Reward: -3.5769769776343123
[2024-04-26 11:20:07,216][root][INFO] - --------------- Start iteration i=5 ---------------
[2024-04-26 11:20:07,216][root][INFO] - Length of data.x: 192
[2024-04-26 11:20:07,216][root][INFO] - Length of data.y: 192
[2024-04-26 11:20:59,883][root][INFO] - Eval Returns: [  -1.7623684  -123.55549542 -348.70084689 -120.87020246 -118.25735903]
[2024-04-26 11:20:59,919][root][INFO] - Eval Returns: mean=-142.629 std=112.907
[2024-04-26 11:20:59,919][root][INFO] - Eval ndata: 192.000
[2024-04-26 11:20:59,920][root][INFO] - Model MSE (current real MPC): 0.024
[2024-04-26 11:21:00,522][root][INFO] - Model MSE (random test set): 0.000
[2024-04-26 11:21:00,522][root][INFO] - Model MSE (GT MPC): 0.000
[2024-04-26 11:21:00,522][root][INFO] - Model Likelihood (random test set): -1.847
[2024-04-26 11:21:00,522][root][INFO] - Model Likelihood (GT MPC): -1.841
[2024-04-26 11:21:00,522][root][INFO] - *[TIME] [Evaluate the current MPC policy] Elapsed: 53.15 seconds
[2024-04-26 11:21:04,824][root][INFO] - x: [-0.49998669 -0.41617273 -0.62145547]
[2024-04-26 11:21:04,825][root][INFO] - y: [-0.06789261 -0.11705458]
[2024-04-26 11:21:04,825][root][INFO] - Reward: -5.004083831123422
[2024-04-26 11:21:06,432][root][INFO] - --------------- Start iteration i=6 ---------------
[2024-04-26 11:21:06,432][root][INFO] - Length of data.x: 193
[2024-04-26 11:21:06,432][root][INFO] - Length of data.y: 193
[2024-04-26 11:21:06,582][root][INFO] - x: [-0.5678793  -0.53322731 -0.9741314 ]
[2024-04-26 11:21:06,582][root][INFO] - y: [-0.08420998 -0.12815634]
[2024-04-26 11:21:06,583][root][INFO] - Reward: -7.000094698906037
[2024-04-26 11:21:06,585][root][INFO] - --------------- Start iteration i=7 ---------------
[2024-04-26 11:21:06,585][root][INFO] - Length of data.x: 194
[2024-04-26 11:21:06,585][root][INFO] - Length of data.y: 194
[2024-04-26 11:21:06,737][root][INFO] - x: [-0.65208928 -0.66138365 -1.        ]
[2024-04-26 11:21:06,737][root][INFO] - y: [-0.09958444 -0.1207507 ]
[2024-04-26 11:21:06,737][root][INFO] - Reward: -9.495557318007581
[2024-04-26 11:21:06,740][root][INFO] - --------------- Start iteration i=8 ---------------
[2024-04-26 11:21:06,740][root][INFO] - Length of data.x: 195
[2024-04-26 11:21:06,740][root][INFO] - Length of data.y: 195
[2024-04-26 11:21:06,891][root][INFO] - x: [-0.75167371 -0.78213435 -0.83985908]
[2024-04-26 11:21:06,892][root][INFO] - y: [-0.11199043 -0.09743649]
[2024-04-26 11:21:06,892][root][INFO] - Reward: -12.316042495366089
[2024-04-26 11:21:06,894][root][INFO] - --------------- Start iteration i=9 ---------------
[2024-04-26 11:21:06,894][root][INFO] - Length of data.x: 196
[2024-04-26 11:21:06,894][root][INFO] - Length of data.y: 196
[2024-04-26 11:21:07,045][root][INFO] - x: [-0.86366415 -0.87957084  0.09201301]
[2024-04-26 11:21:07,045][root][INFO] - y: [-0.11650881 -0.03548722]
[2024-04-26 11:21:07,045][root][INFO] - Reward: -14.841068530703451
[2024-04-26 11:21:07,048][root][INFO] - --------------- Start iteration i=10 ---------------
[2024-04-26 11:21:07,048][root][INFO] - Length of data.x: 197
[2024-04-26 11:21:07,048][root][INFO] - Length of data.y: 197
[2024-04-26 11:22:01,064][root][INFO] - Eval Returns: [-234.00555645 -119.69947329 -125.79142483 -228.93362165 -117.82565546]
[2024-04-26 11:22:01,104][root][INFO] - Eval Returns: mean=-165.251 std=54.155
[2024-04-26 11:22:01,105][root][INFO] - Eval ndata: 197.000
[2024-04-26 11:22:01,106][root][INFO] - Model MSE (current real MPC): 0.028
[2024-04-26 11:22:01,682][root][INFO] - Model MSE (random test set): 0.000
[2024-04-26 11:22:01,682][root][INFO] - Model MSE (GT MPC): 0.000
[2024-04-26 11:22:01,682][root][INFO] - Model Likelihood (random test set): -1.849
[2024-04-26 11:22:01,682][root][INFO] - Model Likelihood (GT MPC): -1.842
[2024-04-26 11:22:01,682][root][INFO] - *[TIME] [Evaluate the current MPC policy] Elapsed: 54.48 seconds
[2024-04-26 11:22:06,694][root][INFO] - x: [-0.98017296 -0.91505806 -0.198257  ]
[2024-04-26 11:22:06,695][root][INFO] - y: [-0.11819845 -0.0132704 ]
[2024-04-26 11:22:06,695][root][INFO] - Reward: -13.538975760212706
[2024-04-26 11:22:08,631][root][INFO] - --------------- Start iteration i=11 ---------------
[2024-04-26 11:22:08,631][root][INFO] - Length of data.x: 198
[2024-04-26 11:22:08,631][root][INFO] - Length of data.y: 198
[2024-04-26 11:22:08,783][root][INFO] - x: [ 0.9016286  -0.92832846  0.14360695]
[2024-04-26 11:22:08,783][root][INFO] - y: [-0.11388229  0.03389904]
[2024-04-26 11:22:08,783][root][INFO] - Reward: -11.244634625398376
[2024-04-26 11:22:08,786][root][INFO] - --------------- Start iteration i=12 ---------------
[2024-04-26 11:22:08,786][root][INFO] - Length of data.x: 199
[2024-04-26 11:22:08,786][root][INFO] - Length of data.y: 199
[2024-04-26 11:22:08,939][root][INFO] - x: [ 0.78774631 -0.89442943  0.04140109]
[2024-04-26 11:22:08,939][root][INFO] - y: [-0.10630198  0.05953561]
[2024-04-26 11:22:08,939][root][INFO] - Reward: -9.044224707001636
[2024-04-26 11:22:08,942][root][INFO] - --------------- Start iteration i=13 ---------------
[2024-04-26 11:22:08,942][root][INFO] - Length of data.x: 200
[2024-04-26 11:22:08,942][root][INFO] - Length of data.y: 200
[2024-04-26 11:22:09,095][root][INFO] - x: [ 0.68144433 -0.83489382 -0.2412764 ]
[2024-04-26 11:22:09,095][root][INFO] - y: [-0.09740469  0.06987913]
[2024-04-26 11:22:09,096][root][INFO] - Reward: -7.1123616300926615
[2024-04-26 11:22:09,098][root][INFO] - --------------- Start iteration i=14 ---------------
[2024-04-26 11:22:09,098][root][INFO] - Length of data.x: 201
[2024-04-26 11:22:09,098][root][INFO] - Length of data.y: 201
[2024-04-26 11:22:09,251][root][INFO] - x: [ 0.58403963 -0.76501469  0.11274132]
[2024-04-26 11:22:09,251][root][INFO] - y: [-0.08534339  0.09472928]
[2024-04-26 11:22:09,252][root][INFO] - Reward: -5.330009548602092
[2024-04-26 11:22:09,254][root][INFO] - --------------- Start iteration i=15 ---------------
[2024-04-26 11:22:09,255][root][INFO] - Length of data.x: 202
[2024-04-26 11:22:09,255][root][INFO] - Length of data.y: 202
[2024-04-26 11:23:08,131][root][INFO] - Eval Returns: [-117.97468081 -118.20315182 -126.12645957 -116.60292067 -127.49980872]
[2024-04-26 11:23:08,170][root][INFO] - Eval Returns: mean=-121.281 std=4.570
[2024-04-26 11:23:08,170][root][INFO] - Eval ndata: 202.000
[2024-04-26 11:23:08,170][root][INFO] - Model MSE (current real MPC): 0.020
[2024-04-26 11:23:08,753][root][INFO] - Model MSE (random test set): 0.000
[2024-04-26 11:23:08,753][root][INFO] - Model MSE (GT MPC): 0.000
[2024-04-26 11:23:08,753][root][INFO] - Model Likelihood (random test set): -1.849
[2024-04-26 11:23:08,753][root][INFO] - Model Likelihood (GT MPC): -1.842
[2024-04-26 11:23:08,753][root][INFO] - *[TIME] [Evaluate the current MPC policy] Elapsed: 59.35 seconds
[2024-04-26 11:23:11,815][root][INFO] - x: [ 0.49869625 -0.67028541 -0.36983443]
[2024-04-26 11:23:11,815][root][INFO] - y: [-0.0751727   0.07988042]
[2024-04-26 11:23:11,816][root][INFO] - Reward: -4.001779380103367
[2024-04-26 11:23:13,261][root][INFO] - --------------- Start iteration i=16 ---------------
[2024-04-26 11:23:13,261][root][INFO] - Length of data.x: 203
[2024-04-26 11:23:13,261][root][INFO] - Length of data.y: 203
[2024-04-26 11:23:13,418][root][INFO] - x: [ 0.42352355 -0.59040499 -0.40818875]
[2024-04-26 11:23:13,418][root][INFO] - y: [-0.06552789  0.07575011]
[2024-04-26 11:23:13,418][root][INFO] - Reward: -2.9607295791717134
[2024-04-26 11:23:13,421][root][INFO] - --------------- Start iteration i=17 ---------------
[2024-04-26 11:23:13,421][root][INFO] - Length of data.x: 204
[2024-04-26 11:23:13,421][root][INFO] - Length of data.y: 204
[2024-04-26 11:23:13,577][root][INFO] - x: [ 0.35799566 -0.51465488 -0.23469305]
[2024-04-26 11:23:13,578][root][INFO] - y: [-0.05588011  0.07577352]
[2024-04-26 11:23:13,578][root][INFO] - Reward: -2.133804562630954
[2024-04-26 11:23:13,579][root][INFO] - --------------- Start iteration i=18 ---------------
[2024-04-26 11:23:13,580][root][INFO] - Length of data.x: 205
[2024-04-26 11:23:13,580][root][INFO] - Length of data.y: 205
[2024-04-26 11:23:13,684][root][INFO] - x: [ 0.30211555 -0.43888136 -0.03703872]
[2024-04-26 11:23:13,685][root][INFO] - y: [-0.04635361  0.07482095]
[2024-04-26 11:23:13,685][root][INFO] - Reward: -1.49387338492868
[2024-04-26 11:23:13,687][root][INFO] - --------------- Start iteration i=19 ---------------
[2024-04-26 11:23:13,687][root][INFO] - Length of data.x: 206
[2024-04-26 11:23:13,687][root][INFO] - Length of data.y: 206
[2024-04-26 11:23:13,795][root][INFO] - x: [ 0.25576194 -0.36406041  0.1271109 ]
[2024-04-26 11:23:13,795][root][INFO] - y: [-0.03715484  0.07224698]
[2024-04-26 11:23:13,795][root][INFO] - Reward: -1.0167163233279255
[2024-04-26 11:23:13,797][root][INFO] - --------------- Start iteration i=20 ---------------
[2024-04-26 11:23:13,797][root][INFO] - Length of data.x: 207
[2024-04-26 11:23:13,797][root][INFO] - Length of data.y: 207
[2024-04-26 11:24:09,116][root][INFO] - Eval Returns: [-118.18241351 -122.98284283 -236.10758656 -241.87023334   -2.71437348]
[2024-04-26 11:24:09,154][root][INFO] - Eval Returns: mean=-144.371 std=88.466
[2024-04-26 11:24:09,154][root][INFO] - Eval ndata: 207.000
[2024-04-26 11:24:09,155][root][INFO] - Model MSE (current real MPC): 0.024
[2024-04-26 11:24:09,742][root][INFO] - Model MSE (random test set): 0.000
[2024-04-26 11:24:09,742][root][INFO] - Model MSE (GT MPC): 0.000
[2024-04-26 11:24:09,742][root][INFO] - Model Likelihood (random test set): -1.849
[2024-04-26 11:24:09,742][root][INFO] - Model Likelihood (GT MPC): -1.842
[2024-04-26 11:24:09,742][root][INFO] - *[TIME] [Evaluate the current MPC policy] Elapsed: 55.84 seconds
[2024-04-26 11:24:13,337][root][INFO] - x: [ 0.2186071  -0.29181343 -0.22684902]
[2024-04-26 11:24:13,338][root][INFO] - y: [-0.03066959  0.05093499]
[2024-04-26 11:24:13,338][root][INFO] - Reward: -0.7201487878068569
[2024-04-26 11:24:14,931][root][INFO] - --------------- Start iteration i=21 ---------------
[2024-04-26 11:24:14,931][root][INFO] - Length of data.x: 208
[2024-04-26 11:24:14,931][root][INFO] - Length of data.y: 208
[2024-04-26 11:24:15,096][root][INFO] - x: [ 0.18793751 -0.24087844 -0.27783971]
[2024-04-26 11:24:15,097][root][INFO] - y: [-0.02535091  0.04177281]
[2024-04-26 11:24:15,097][root][INFO] - Reward: -0.5149213842507369
[2024-04-26 11:24:15,100][root][INFO] - --------------- Start iteration i=22 ---------------
[2024-04-26 11:24:15,100][root][INFO] - Length of data.x: 209
[2024-04-26 11:24:15,100][root][INFO] - Length of data.y: 209
[2024-04-26 11:24:15,263][root][INFO] - x: [ 0.16258659 -0.19910563 -0.49563988]
[2024-04-26 11:24:15,264][root][INFO] - y: [-0.0218821  0.027244 ]
[2024-04-26 11:24:15,264][root][INFO] - Reward: -0.38541172629594483
[2024-04-26 11:24:15,267][root][INFO] - --------------- Start iteration i=23 ---------------
[2024-04-26 11:24:15,267][root][INFO] - Length of data.x: 210
[2024-04-26 11:24:15,267][root][INFO] - Length of data.y: 210
[2024-04-26 11:24:15,432][root][INFO] - x: [ 0.14070449 -0.17186163  0.40367919]
[2024-04-26 11:24:15,432][root][INFO] - y: [-0.01484842  0.05524242]
[2024-04-26 11:24:15,432][root][INFO] - Reward: -0.24402416192423146
[2024-04-26 11:24:15,435][root][INFO] - --------------- Start iteration i=24 ---------------
[2024-04-26 11:24:15,435][root][INFO] - Length of data.x: 211
[2024-04-26 11:24:15,435][root][INFO] - Length of data.y: 211
[2024-04-26 11:24:15,600][root][INFO] - x: [ 0.12585607 -0.1166192  -0.61263184]
[2024-04-26 11:24:15,600][root][INFO] - y: [-0.01317593  0.01313569]
[2024-04-26 11:24:15,600][root][INFO] - Reward: -0.19535037668278346
[2024-04-26 11:24:15,603][root][INFO] - --------------- Start iteration i=25 ---------------
[2024-04-26 11:24:15,603][root][INFO] - Length of data.x: 212
[2024-04-26 11:24:15,603][root][INFO] - Length of data.y: 212
[2024-04-26 11:25:16,690][root][INFO] - Eval Returns: [-121.72885998 -125.3110452  -125.59795957 -115.98387985 -128.74880746]
[2024-04-26 11:25:16,732][root][INFO] - Eval Returns: mean=-123.474 std=4.356
[2024-04-26 11:25:16,732][root][INFO] - Eval ndata: 212.000
[2024-04-26 11:25:16,733][root][INFO] - Model MSE (current real MPC): 0.020
[2024-04-26 11:25:17,344][root][INFO] - Model MSE (random test set): 0.000
[2024-04-26 11:25:17,344][root][INFO] - Model MSE (GT MPC): 0.000
[2024-04-26 11:25:17,344][root][INFO] - Model Likelihood (random test set): -1.849
[2024-04-26 11:25:17,344][root][INFO] - Model Likelihood (GT MPC): -1.842
[2024-04-26 11:25:17,344][root][INFO] - *[TIME] [Evaluate the current MPC policy] Elapsed: 61.58 seconds
[2024-04-26 11:25:20,620][root][INFO] - x: [ 0.11268014 -0.10348351 -0.61087654]
[2024-04-26 11:25:20,620][root][INFO] - y: [-0.01195485  0.00959038]
[2024-04-26 11:25:20,621][root][INFO] - Reward: -0.1580474987379524
[2024-04-26 11:25:22,159][root][INFO] - --------------- Start iteration i=26 ---------------
[2024-04-26 11:25:22,159][root][INFO] - Length of data.x: 213
[2024-04-26 11:25:22,159][root][INFO] - Length of data.y: 213
[2024-04-26 11:25:22,282][root][INFO] - x: [ 0.1007253  -0.09389314 -0.14002716]
[2024-04-26 11:25:22,282][root][INFO] - y: [-0.00890895  0.02392241]
[2024-04-26 11:25:22,283][root][INFO] - Reward: -0.11461536216744356
[2024-04-26 11:25:22,285][root][INFO] - --------------- Start iteration i=27 ---------------
[2024-04-26 11:25:22,285][root][INFO] - Length of data.x: 214
[2024-04-26 11:25:22,285][root][INFO] - Length of data.y: 214
[2024-04-26 11:25:22,401][root][INFO] - x: [ 0.09181635 -0.06997072 -0.43121538]
[2024-04-26 11:25:22,402][root][INFO] - y: [-0.00757229  0.01049813]
[2024-04-26 11:25:22,402][root][INFO] - Reward: -0.09342571984077223
[2024-04-26 11:25:22,404][root][INFO] - --------------- Start iteration i=28 ---------------
[2024-04-26 11:25:22,404][root][INFO] - Length of data.x: 215
[2024-04-26 11:25:22,404][root][INFO] - Length of data.y: 215
[2024-04-26 11:25:22,519][root][INFO] - x: [ 0.08424406 -0.0594726  -0.61939704]
[2024-04-26 11:25:22,519][root][INFO] - y: [-0.00740729  0.00129589]
[2024-04-26 11:25:22,519][root][INFO] - Reward: -0.08146465869367332
[2024-04-26 11:25:22,521][root][INFO] - --------------- Start iteration i=29 ---------------
[2024-04-26 11:25:22,521][root][INFO] - Length of data.x: 216
[2024-04-26 11:25:22,521][root][INFO] - Length of data.y: 216
[2024-04-26 11:25:22,640][root][INFO] - x: [ 0.07683677 -0.05817671 -0.20798932]
[2024-04-26 11:25:22,641][root][INFO] - y: [-0.00554689  0.01461156]
[2024-04-26 11:25:22,641][root][INFO] - Reward: -0.062479518648268804
[2024-04-26 11:25:22,643][root][INFO] - --------------- Start iteration i=30 ---------------
[2024-04-26 11:25:22,643][root][INFO] - Length of data.x: 217
[2024-04-26 11:25:22,643][root][INFO] - Length of data.y: 217
[2024-04-26 11:26:20,985][root][INFO] - Eval Returns: [-342.71031309 -220.82946974 -121.68828381 -126.65930338 -114.91643315]
[2024-04-26 11:26:21,028][root][INFO] - Eval Returns: mean=-185.361 std=87.726
[2024-04-26 11:26:21,028][root][INFO] - Eval ndata: 217.000
[2024-04-26 11:26:21,029][root][INFO] - Model MSE (current real MPC): 0.032
[2024-04-26 11:26:21,648][root][INFO] - Model MSE (random test set): 0.000
[2024-04-26 11:26:21,648][root][INFO] - Model MSE (GT MPC): 0.000
[2024-04-26 11:26:21,648][root][INFO] - Model Likelihood (random test set): -1.849
[2024-04-26 11:26:21,648][root][INFO] - Model Likelihood (GT MPC): -1.842
[2024-04-26 11:26:21,648][root][INFO] - *[TIME] [Evaluate the current MPC policy] Elapsed: 58.89 seconds
[2024-04-26 11:26:24,943][root][INFO] - x: [ 0.07128989 -0.04356514 -0.79872835]
[2024-04-26 11:26:24,943][root][INFO] - y: [-0.00670946 -0.0091308 ]
[2024-04-26 11:26:24,944][root][INFO] - Reward: -0.06148627941317849
[2024-04-26 11:26:26,501][root][INFO] - --------------- Start iteration i=31 ---------------
[2024-04-26 11:26:26,501][root][INFO] - Length of data.x: 218
[2024-04-26 11:26:26,502][root][INFO] - Length of data.y: 218
[2024-04-26 11:26:26,670][root][INFO] - x: [ 0.06458043 -0.05269594  0.21919306]
[2024-04-26 11:26:26,671][root][INFO] - y: [-0.0032577   0.02711003]
[2024-04-26 11:26:26,671][root][INFO] - Reward: -0.04149630065197648
[2024-04-26 11:26:26,674][root][INFO] - --------------- Start iteration i=32 ---------------
[2024-04-26 11:26:26,675][root][INFO] - Length of data.x: 219
[2024-04-26 11:26:26,675][root][INFO] - Length of data.y: 219
[2024-04-26 11:26:26,846][root][INFO] - x: [ 0.06132273 -0.02558591 -0.4633546 ]
[2024-04-26 11:26:26,847][root][INFO] - y: [-0.00318465  0.00057373]
[2024-04-26 11:26:26,847][root][INFO] - Reward: -0.03822231808575158
[2024-04-26 11:26:26,850][root][INFO] - --------------- Start iteration i=33 ---------------
[2024-04-26 11:26:26,850][root][INFO] - Length of data.x: 220
[2024-04-26 11:26:26,850][root][INFO] - Length of data.y: 220
[2024-04-26 11:26:27,019][root][INFO] - x: [ 0.05813808 -0.02501219 -0.65964911]
[2024-04-26 11:26:27,019][root][INFO] - y: [-0.00416617 -0.00770881]
[2024-04-26 11:26:27,020][root][INFO] - Reward: -0.03734263557498443
[2024-04-26 11:26:27,023][root][INFO] - --------------- Start iteration i=34 ---------------
[2024-04-26 11:26:27,023][root][INFO] - Length of data.x: 221
[2024-04-26 11:26:27,023][root][INFO] - Length of data.y: 221
[2024-04-26 11:26:27,193][root][INFO] - x: [ 0.05397192 -0.03272099 -0.35780547]
[2024-04-26 11:26:27,193][root][INFO] - y: [-0.0038603   0.00240228]
[2024-04-26 11:26:27,193][root][INFO] - Reward: -0.03117943413750638
[2024-04-26 11:26:27,197][root][INFO] - --------------- Start iteration i=35 ---------------
[2024-04-26 11:26:27,197][root][INFO] - Length of data.x: 222
[2024-04-26 11:26:27,197][root][INFO] - Length of data.y: 222
[2024-04-26 11:27:39,405][root][INFO] - Eval Returns: [  -1.00980341 -116.95723625 -248.01601472 -127.01914693 -119.45682412]
[2024-04-26 11:27:39,446][root][INFO] - Eval Returns: mean=-122.492 std=78.198
[2024-04-26 11:27:39,446][root][INFO] - Eval ndata: 222.000
[2024-04-26 11:27:39,446][root][INFO] - Model MSE (current real MPC): 0.020
[2024-04-26 11:27:40,055][root][INFO] - Model MSE (random test set): 0.000
[2024-04-26 11:27:40,055][root][INFO] - Model MSE (GT MPC): 0.000
[2024-04-26 11:27:40,055][root][INFO] - Model Likelihood (random test set): -1.849
[2024-04-26 11:27:40,055][root][INFO] - Model Likelihood (GT MPC): -1.842
[2024-04-26 11:27:40,055][root][INFO] - *[TIME] [Evaluate the current MPC policy] Elapsed: 72.69 seconds
[2024-04-26 11:27:43,141][root][INFO] - x: [ 0.05011162 -0.03031872 -0.26810845]
[2024-04-26 11:27:43,141][root][INFO] - y: [-0.00326899  0.00464413]
[2024-04-26 11:27:43,142][root][INFO] - Reward: -0.02616250926629896
[2024-04-26 11:27:44,763][root][INFO] - --------------- Start iteration i=36 ---------------
[2024-04-26 11:27:44,763][root][INFO] - Length of data.x: 223
[2024-04-26 11:27:44,763][root][INFO] - Length of data.y: 223
[2024-04-26 11:27:44,932][root][INFO] - x: [ 0.04684263 -0.02567458 -0.76441409]
[2024-04-26 11:27:44,933][root][INFO] - y: [-0.00516853 -0.01491898]
[2024-04-26 11:27:44,933][root][INFO] - Reward: -0.030024315072304686
[2024-04-26 11:27:44,936][root][INFO] - --------------- Start iteration i=37 ---------------
[2024-04-26 11:27:44,937][root][INFO] - Length of data.x: 224
[2024-04-26 11:27:44,937][root][INFO] - Length of data.y: 224
[2024-04-26 11:27:45,111][root][INFO] - x: [ 0.0416741  -0.04059356  0.20457069]
[2024-04-26 11:27:45,112][root][INFO] - y: [-0.00263346  0.0199104 ]
[2024-04-26 11:27:45,112][root][INFO] - Reward: -0.017948239583151754
[2024-04-26 11:27:45,115][root][INFO] - --------------- Start iteration i=38 ---------------
[2024-04-26 11:27:45,116][root][INFO] - Length of data.x: 225
[2024-04-26 11:27:45,116][root][INFO] - Length of data.y: 225
[2024-04-26 11:27:45,289][root][INFO] - x: [ 0.03904063 -0.02068316 -0.23476367]
[2024-04-26 11:27:45,290][root][INFO] - y: [-0.00229402  0.00266597]
[2024-04-26 11:27:45,290][root][INFO] - Reward: -0.015625080922662182
[2024-04-26 11:27:45,293][root][INFO] - --------------- Start iteration i=39 ---------------
[2024-04-26 11:27:45,293][root][INFO] - Length of data.x: 226
[2024-04-26 11:27:45,293][root][INFO] - Length of data.y: 226
[2024-04-26 11:27:45,468][root][INFO] - x: [ 0.03674662 -0.01801719 -0.11061785]
[2024-04-26 11:27:45,468][root][INFO] - y: [-0.00144724  0.00665058]
[2024-04-26 11:27:45,468][root][INFO] - Reward: -0.013173803725409333
[2024-04-26 11:27:45,471][root][INFO] - --------------- Start iteration i=40 ---------------
[2024-04-26 11:27:45,471][root][INFO] - Length of data.x: 227
[2024-04-26 11:27:45,471][root][INFO] - Length of data.y: 227
[2024-04-26 11:28:56,793][root][INFO] - Eval Returns: [-118.70235803 -126.34833604   -1.61852619 -345.91692431 -127.95076927]
[2024-04-26 11:28:56,831][root][INFO] - Eval Returns: mean=-144.107 std=111.581
[2024-04-26 11:28:56,831][root][INFO] - Eval ndata: 227.000
[2024-04-26 11:28:56,831][root][INFO] - Model MSE (current real MPC): 0.024
[2024-04-26 11:28:57,431][root][INFO] - Model MSE (random test set): 0.000
[2024-04-26 11:28:57,432][root][INFO] - Model MSE (GT MPC): 0.000
[2024-04-26 11:28:57,432][root][INFO] - Model Likelihood (random test set): -1.849
[2024-04-26 11:28:57,432][root][INFO] - Model Likelihood (GT MPC): -1.842
[2024-04-26 11:28:57,432][root][INFO] - *[TIME] [Evaluate the current MPC policy] Elapsed: 71.79 seconds
[2024-04-26 11:29:01,155][root][INFO] - x: [ 0.03529937 -0.01136661  0.20655032]
[2024-04-26 11:29:01,156][root][INFO] - y: [0.00085998 0.01812086]
[2024-04-26 11:29:01,156][root][INFO] - Reward: -0.01336711686266013
[2024-04-26 11:29:02,736][root][INFO] - --------------- Start iteration i=41 ---------------
[2024-04-26 11:29:02,736][root][INFO] - Length of data.x: 228
[2024-04-26 11:29:02,736][root][INFO] - Length of data.y: 228
[2024-04-26 11:29:02,913][root][INFO] - x: [ 0.03615935  0.00675426 -0.34149335]
[2024-04-26 11:29:02,914][root][INFO] - y: [ 0.00058253 -0.00217908]
[2024-04-26 11:29:02,914][root][INFO] - Reward: -0.01392406753049079
[2024-04-26 11:29:02,917][root][INFO] - --------------- Start iteration i=42 ---------------
[2024-04-26 11:29:02,917][root][INFO] - Length of data.x: 229
[2024-04-26 11:29:02,917][root][INFO] - Length of data.y: 229
[2024-04-26 11:29:03,093][root][INFO] - x: [ 0.03674188  0.00457518 -0.35982284]
[2024-04-26 11:29:03,094][root][INFO] - y: [ 0.00023927 -0.00269599]
[2024-04-26 11:29:03,094][root][INFO] - Reward: -0.014038214177577132
[2024-04-26 11:29:03,097][root][INFO] - --------------- Start iteration i=43 ---------------
[2024-04-26 11:29:03,097][root][INFO] - Length of data.x: 230
[2024-04-26 11:29:03,097][root][INFO] - Length of data.y: 230
[2024-04-26 11:29:03,278][root][INFO] - x: [ 0.03698115  0.00187918 -0.01564276]
[2024-04-26 11:29:03,278][root][INFO] - y: [0.00154825 0.01028076]
[2024-04-26 11:29:03,279][root][INFO] - Reward: -0.015598882150932351
[2024-04-26 11:29:03,282][root][INFO] - --------------- Start iteration i=44 ---------------
[2024-04-26 11:29:03,282][root][INFO] - Length of data.x: 231
[2024-04-26 11:29:03,282][root][INFO] - Length of data.y: 231
[2024-04-26 11:29:03,456][root][INFO] - x: [ 0.0385294   0.01215994 -0.23771562]
[2024-04-26 11:29:03,456][root][INFO] - y: [0.00185457 0.00240582]
[2024-04-26 11:29:03,456][root][INFO] - Reward: -0.017679860690247677
[2024-04-26 11:29:03,460][root][INFO] - --------------- Start iteration i=45 ---------------
[2024-04-26 11:29:03,460][root][INFO] - Length of data.x: 232
[2024-04-26 11:29:03,460][root][INFO] - Length of data.y: 232
[2024-04-26 11:30:04,889][root][INFO] - Eval Returns: [-120.63085499   -1.34998303   -2.56745417   -2.24966384 -351.76432109]
[2024-04-26 11:30:04,933][root][INFO] - Eval Returns: mean=-95.712 std=136.014
[2024-04-26 11:30:04,934][root][INFO] - Eval ndata: 232.000
[2024-04-26 11:30:04,934][root][INFO] - Model MSE (current real MPC): 0.016
[2024-04-26 11:30:05,562][root][INFO] - Model MSE (random test set): 0.000
[2024-04-26 11:30:05,562][root][INFO] - Model MSE (GT MPC): 0.000
[2024-04-26 11:30:05,562][root][INFO] - Model Likelihood (random test set): -1.849
[2024-04-26 11:30:05,562][root][INFO] - Model Likelihood (GT MPC): -1.842
[2024-04-26 11:30:05,562][root][INFO] - *[TIME] [Evaluate the current MPC policy] Elapsed: 61.92 seconds
[2024-04-26 11:30:08,696][root][INFO] - x: [ 0.04038397  0.01456576 -0.83557913]
[2024-04-26 11:30:08,696][root][INFO] - y: [-0.00062469 -0.01947204]
[2024-04-26 11:30:08,696][root][INFO] - Reward: -0.0185487049236426
[2024-04-26 11:30:10,495][root][INFO] - --------------- Start iteration i=46 ---------------
[2024-04-26 11:30:10,495][root][INFO] - Length of data.x: 233
[2024-04-26 11:30:10,495][root][INFO] - Length of data.y: 233
[2024-04-26 11:30:10,677][root][INFO] - x: [ 0.03975928 -0.00490628 -0.59939696]
[2024-04-26 11:30:10,678][root][INFO] - y: [-0.0019995  -0.01079774]
[2024-04-26 11:30:10,678][root][INFO] - Reward: -0.017087546289180647
[2024-04-26 11:30:10,682][root][INFO] - --------------- Start iteration i=47 ---------------
[2024-04-26 11:30:10,682][root][INFO] - Length of data.x: 234
[2024-04-26 11:30:10,682][root][INFO] - Length of data.y: 234
[2024-04-26 11:30:10,827][root][INFO] - x: [ 0.03775979 -0.01570401 -0.40998267]
[2024-04-26 11:30:10,828][root][INFO] - y: [-0.00254435 -0.00427924]
[2024-04-26 11:30:10,828][root][INFO] - Reward: -0.015467622744112038
[2024-04-26 11:30:10,831][root][INFO] - --------------- Start iteration i=48 ---------------
[2024-04-26 11:30:10,831][root][INFO] - Length of data.x: 235
[2024-04-26 11:30:10,831][root][INFO] - Length of data.y: 235
[2024-04-26 11:30:10,955][root][INFO] - x: [ 0.03521544 -0.01998325 -0.44290417]
[2024-04-26 11:30:10,955][root][INFO] - y: [-0.00334117 -0.00625825]
[2024-04-26 11:30:10,956][root][INFO] - Reward: -0.01521901321503348
[2024-04-26 11:30:10,958][root][INFO] - --------------- Start iteration i=49 ---------------
[2024-04-26 11:30:10,958][root][INFO] - Length of data.x: 236
[2024-04-26 11:30:10,958][root][INFO] - Length of data.y: 236
[2024-04-26 11:30:11,085][root][INFO] - x: [ 0.03187427 -0.0262415  -0.13992802]
[2024-04-26 11:30:11,085][root][INFO] - y: [-0.00281599  0.00412476]
[2024-04-26 11:30:11,085][root][INFO] - Reward: -0.011542610753580573
[2024-04-26 11:30:11,087][root][INFO] - --------------- Start iteration i=50 ---------------
[2024-04-26 11:30:11,087][root][INFO] - Length of data.x: 237
[2024-04-26 11:30:11,088][root][INFO] - Length of data.y: 237
[2024-04-26 11:31:14,224][root][INFO] - Eval Returns: [  -1.66008273 -235.39068328 -367.77359863 -124.56120139 -342.79876   ]
[2024-04-26 11:31:14,267][root][INFO] - Eval Returns: mean=-214.437 std=136.952
[2024-04-26 11:31:14,267][root][INFO] - Eval ndata: 237.000
[2024-04-26 11:31:14,268][root][INFO] - Model MSE (current real MPC): 0.036
[2024-04-26 11:31:14,897][root][INFO] - Model MSE (random test set): 0.000
[2024-04-26 11:31:14,898][root][INFO] - Model MSE (GT MPC): 0.000
[2024-04-26 11:31:14,898][root][INFO] - Model Likelihood (random test set): -1.849
[2024-04-26 11:31:14,898][root][INFO] - Model Likelihood (GT MPC): -1.842
[2024-04-26 11:31:14,898][root][INFO] - *[TIME] [Evaluate the current MPC policy] Elapsed: 63.69 seconds
[2024-04-26 11:31:18,096][root][INFO] - x: [ 0.02905828 -0.02211674 -0.31766693]
[2024-04-26 11:31:18,096][root][INFO] - y: [-0.00324457 -0.00336602]
[2024-04-26 11:31:18,096][root][INFO] - Reward: -0.011136212227394622
[2024-04-26 11:31:19,750][root][INFO] - --------------- Start iteration i=51 ---------------
[2024-04-26 11:31:19,751][root][INFO] - Length of data.x: 238
[2024-04-26 11:31:19,751][root][INFO] - Length of data.y: 238
[2024-04-26 11:31:19,929][root][INFO] - x: [ 0.02581371 -0.02548276 -0.08049367]
[2024-04-26 11:31:19,929][root][INFO] - y: [-0.00266194  0.00457592]
[2024-04-26 11:31:19,930][root][INFO] - Reward: -0.00811348252055535
[2024-04-26 11:31:19,933][root][INFO] - --------------- Start iteration i=52 ---------------
[2024-04-26 11:31:19,933][root][INFO] - Length of data.x: 239
[2024-04-26 11:31:19,933][root][INFO] - Length of data.y: 239
[2024-04-26 11:31:20,110][root][INFO] - x: [ 0.02315177 -0.02090684 -0.23869804]
[2024-04-26 11:31:20,111][root][INFO] - y: [-0.00293421 -0.00213843]
[2024-04-26 11:31:20,111][root][INFO] - Reward: -0.0076610428615103135
[2024-04-26 11:31:20,114][root][INFO] - --------------- Start iteration i=53 ---------------
[2024-04-26 11:31:20,115][root][INFO] - Length of data.x: 240
[2024-04-26 11:31:20,115][root][INFO] - Length of data.y: 240
[2024-04-26 11:31:20,295][root][INFO] - x: [ 0.02021755 -0.02304527 -0.12150355]
[2024-04-26 11:31:20,295][root][INFO] - y: [-0.0027567   0.00139418]
[2024-04-26 11:31:20,296][root][INFO] - Reward: -0.006068237351210865
[2024-04-26 11:31:20,299][root][INFO] - --------------- Start iteration i=54 ---------------
[2024-04-26 11:31:20,299][root][INFO] - Length of data.x: 241
[2024-04-26 11:31:20,300][root][INFO] - Length of data.y: 241
[2024-04-26 11:31:20,479][root][INFO] - x: [ 0.01746085 -0.02165109 -0.13209197]
[2024-04-26 11:31:20,479][root][INFO] - y: [-0.00273294  0.00018662]
[2024-04-26 11:31:20,479][root][INFO] - Reward: -0.005159253510738996
[2024-04-26 11:31:20,483][root][INFO] - --------------- Start iteration i=55 ---------------
[2024-04-26 11:31:20,483][root][INFO] - Length of data.x: 242
[2024-04-26 11:31:20,483][root][INFO] - Length of data.y: 242
[2024-04-26 11:32:34,583][root][INFO] - Eval Returns: [-123.67866087 -116.17976377 -331.64624603 -480.74393594 -341.11624184]
[2024-04-26 11:32:34,622][root][INFO] - Eval Returns: mean=-278.673 std=139.975
[2024-04-26 11:32:34,622][root][INFO] - Eval ndata: 242.000
[2024-04-26 11:32:34,622][root][INFO] - Model MSE (current real MPC): 0.048
[2024-04-26 11:32:35,235][root][INFO] - Model MSE (random test set): 0.000
[2024-04-26 11:32:35,235][root][INFO] - Model MSE (GT MPC): 0.000
[2024-04-26 11:32:35,235][root][INFO] - Model Likelihood (random test set): -1.849
[2024-04-26 11:32:35,235][root][INFO] - Model Likelihood (GT MPC): -1.842
[2024-04-26 11:32:35,235][root][INFO] - *[TIME] [Evaluate the current MPC policy] Elapsed: 74.57 seconds
[2024-04-26 11:32:38,433][root][INFO] - x: [ 0.01472791 -0.02146447 -0.2553034 ]
[2024-04-26 11:32:38,434][root][INFO] - y: [-0.00339983 -0.0052377 ]
[2024-04-26 11:32:38,434][root][INFO] - Reward: -0.006090478935754166
[2024-04-26 11:32:40,007][root][INFO] - --------------- Start iteration i=56 ---------------
[2024-04-26 11:32:40,008][root][INFO] - Length of data.x: 243
[2024-04-26 11:32:40,008][root][INFO] - Length of data.y: 243
[2024-04-26 11:32:40,204][root][INFO] - x: [ 0.01132809 -0.02670217 -0.1851256 ]
[2024-04-26 11:32:40,205][root][INFO] - y: [-0.00385902 -0.00360652]
[2024-04-26 11:32:40,205][root][INFO] - Reward: -0.006566826382715435
[2024-04-26 11:32:40,209][root][INFO] - --------------- Start iteration i=57 ---------------
[2024-04-26 11:32:40,209][root][INFO] - Length of data.x: 244
[2024-04-26 11:32:40,209][root][INFO] - Length of data.y: 244
[2024-04-26 11:32:40,391][root][INFO] - x: [ 0.00746906 -0.03030869  0.25210557]
[2024-04-26 11:32:40,392][root][INFO] - y: [-0.00237524  0.01165358]
[2024-04-26 11:32:40,392][root][INFO] - Reward: -0.0027375994936368595
[2024-04-26 11:32:40,396][root][INFO] - --------------- Start iteration i=58 ---------------
[2024-04-26 11:32:40,396][root][INFO] - Length of data.x: 245
[2024-04-26 11:32:40,396][root][INFO] - Length of data.y: 245
[2024-04-26 11:32:40,575][root][INFO] - x: [ 0.00509382 -0.01865511  0.30858801]
[2024-04-26 11:32:40,575][root][INFO] - y: [-0.00071083  0.01307224]
[2024-04-26 11:32:40,575][root][INFO] - Reward: -0.000769985047138872
[2024-04-26 11:32:40,579][root][INFO] - --------------- Start iteration i=59 ---------------
[2024-04-26 11:32:40,579][root][INFO] - Length of data.x: 246
[2024-04-26 11:32:40,579][root][INFO] - Length of data.y: 246
[2024-04-26 11:32:40,760][root][INFO] - x: [ 0.00438299 -0.00558287  0.15404473]
[2024-04-26 11:32:40,760][root][INFO] - y: [0.00018903 0.00706753]
[2024-04-26 11:32:40,760][root][INFO] - Reward: -0.00031533431472634266
[2024-04-26 11:32:40,764][root][INFO] - --------------- Start iteration i=60 ---------------
[2024-04-26 11:32:40,764][root][INFO] - Length of data.x: 247
[2024-04-26 11:32:40,764][root][INFO] - Length of data.y: 247
[2024-04-26 11:33:51,980][root][INFO] - Eval Returns: [-230.71444352 -125.83477734 -123.60595225 -235.1078065  -129.00477353]
[2024-04-26 11:33:52,022][root][INFO] - Eval Returns: mean=-168.854 std=52.349
[2024-04-26 11:33:52,023][root][INFO] - Eval ndata: 247.000
[2024-04-26 11:33:52,024][root][INFO] - Model MSE (current real MPC): 0.028
[2024-04-26 11:33:52,663][root][INFO] - Model MSE (random test set): 0.000
[2024-04-26 11:33:52,663][root][INFO] - Model MSE (GT MPC): 0.000
[2024-04-26 11:33:52,663][root][INFO] - Model Likelihood (random test set): -1.849
[2024-04-26 11:33:52,663][root][INFO] - Model Likelihood (GT MPC): -1.842
[2024-04-26 11:33:52,663][root][INFO] - *[TIME] [Evaluate the current MPC policy] Elapsed: 71.72 seconds
[2024-04-26 11:33:56,340][root][INFO] - x: [ 0.00457202  0.00148466 -0.18434081]
[2024-04-26 11:33:56,340][root][INFO] - y: [-0.00051968 -0.00556626]
[2024-04-26 11:33:56,340][root][INFO] - Reward: -0.0004046193001067133
[2024-04-26 11:33:57,850][root][INFO] - --------------- Start iteration i=61 ---------------
[2024-04-26 11:33:57,850][root][INFO] - Length of data.x: 248
[2024-04-26 11:33:57,850][root][INFO] - Length of data.y: 248
[2024-04-26 11:33:58,000][root][INFO] - x: [ 0.00405234 -0.00408159  0.26979167]
[2024-04-26 11:33:58,001][root][INFO] - y: [0.00092043 0.01131067]
[2024-04-26 11:33:58,001][root][INFO] - Reward: -0.0008696714736544213
[2024-04-26 11:33:58,003][root][INFO] - --------------- Start iteration i=62 ---------------
[2024-04-26 11:33:58,003][root][INFO] - Length of data.x: 249
[2024-04-26 11:33:58,003][root][INFO] - Length of data.y: 249
[2024-04-26 11:33:58,135][root][INFO] - x: [0.00497277 0.00722908 0.1288284 ]
[2024-04-26 11:33:58,135][root][INFO] - y: [0.00172202 0.00629561]
[2024-04-26 11:33:58,136][root][INFO] - Reward: -0.0016794140617818409
[2024-04-26 11:33:58,138][root][INFO] - --------------- Start iteration i=63 ---------------
[2024-04-26 11:33:58,138][root][INFO] - Length of data.x: 250
[2024-04-26 11:33:58,138][root][INFO] - Length of data.y: 250
[2024-04-26 11:33:58,268][root][INFO] - x: [ 0.00669479  0.01352468 -0.28914544]
[2024-04-26 11:33:58,269][root][INFO] - y: [ 0.00059248 -0.00887132]
[2024-04-26 11:33:58,269][root][INFO] - Reward: -0.0009971235582391569
[2024-04-26 11:33:58,271][root][INFO] - --------------- Start iteration i=64 ---------------
[2024-04-26 11:33:58,271][root][INFO] - Length of data.x: 251
[2024-04-26 11:33:58,271][root][INFO] - Length of data.y: 251
[2024-04-26 11:33:58,405][root][INFO] - x: [ 0.00728727  0.00465336 -0.00107176]
[2024-04-26 11:33:58,405][root][INFO] - y: [0.00086062 0.0021059 ]
[2024-04-26 11:33:58,406][root][INFO] - Reward: -0.0009476298983493232
[2024-04-26 11:33:58,408][root][INFO] - --------------- Start iteration i=65 ---------------
[2024-04-26 11:33:58,408][root][INFO] - Length of data.x: 252
[2024-04-26 11:33:58,408][root][INFO] - Length of data.y: 252
[2024-04-26 11:35:13,439][root][INFO] - Eval Returns: [-115.01398394 -121.988027   -115.85031855 -126.63602068 -120.72641492]
[2024-04-26 11:35:13,487][root][INFO] - Eval Returns: mean=-120.043 std=4.256
[2024-04-26 11:35:13,487][root][INFO] - Eval ndata: 252.000
[2024-04-26 11:35:13,489][root][INFO] - Model MSE (current real MPC): 0.020
[2024-04-26 11:35:14,267][root][INFO] - Model MSE (random test set): 0.000
[2024-04-26 11:35:14,267][root][INFO] - Model MSE (GT MPC): 0.000
[2024-04-26 11:35:14,267][root][INFO] - Model Likelihood (random test set): -1.849
[2024-04-26 11:35:14,267][root][INFO] - Model Likelihood (GT MPC): -1.842
[2024-04-26 11:35:14,267][root][INFO] - *[TIME] [Evaluate the current MPC policy] Elapsed: 75.73 seconds
[2024-04-26 11:35:17,457][root][INFO] - x: [0.00814789 0.00675926 0.36078806]
[2024-04-26 11:35:17,457][root][INFO] - y: [0.00288876 0.01592904]
[2024-04-26 11:35:17,457][root][INFO] - Reward: -0.0050173253194771665
[2024-04-26 11:35:18,991][root][INFO] - --------------- Start iteration i=66 ---------------
[2024-04-26 11:35:18,991][root][INFO] - Length of data.x: 253
[2024-04-26 11:35:18,991][root][INFO] - Length of data.y: 253
[2024-04-26 11:35:19,167][root][INFO] - x: [ 0.01103665  0.02268831 -0.0621776 ]
[2024-04-26 11:35:19,167][root][INFO] - y: [0.00300568 0.00091825]
[2024-04-26 11:35:19,168][root][INFO] - Reward: -0.005528148764259594
[2024-04-26 11:35:19,171][root][INFO] - --------------- Start iteration i=67 ---------------
[2024-04-26 11:35:19,171][root][INFO] - Length of data.x: 254
[2024-04-26 11:35:19,172][root][INFO] - Length of data.y: 254
[2024-04-26 11:35:19,348][root][INFO] - x: [0.01404233 0.02360656 0.08589505]
[2024-04-26 11:35:19,349][root][INFO] - y: [0.00394222 0.00735553]
[2024-04-26 11:35:19,349][root][INFO] - Reward: -0.009357143166115736
[2024-04-26 11:35:19,353][root][INFO] - --------------- Start iteration i=68 ---------------
[2024-04-26 11:35:19,353][root][INFO] - Length of data.x: 255
[2024-04-26 11:35:19,353][root][INFO] - Length of data.y: 255
[2024-04-26 11:35:19,529][root][INFO] - x: [ 0.01798455  0.03096209 -0.2717766 ]
[2024-04-26 11:35:19,529][root][INFO] - y: [ 0.00331864 -0.00489755]
[2024-04-26 11:35:19,529][root][INFO] - Reward: -0.009122436957513712
[2024-04-26 11:35:19,533][root][INFO] - --------------- Start iteration i=69 ---------------
[2024-04-26 11:35:19,533][root][INFO] - Length of data.x: 256
[2024-04-26 11:35:19,533][root][INFO] - Length of data.y: 256
[2024-04-26 11:35:19,708][root][INFO] - x: [ 0.02130319  0.02606454 -0.2974021 ]
[2024-04-26 11:35:19,709][root][INFO] - y: [ 0.00269692 -0.00488295]
[2024-04-26 11:35:19,709][root][INFO] - Reward: -0.008910158382069062
[2024-04-26 11:35:19,713][root][INFO] - --------------- Start iteration i=70 ---------------
[2024-04-26 11:35:19,713][root][INFO] - Length of data.x: 257
[2024-04-26 11:35:19,713][root][INFO] - Length of data.y: 257
[2024-04-26 11:36:30,348][root][INFO] - Eval Returns: [-458.73751589   -2.28838893 -235.36048465 -438.33287952 -233.27851595]
[2024-04-26 11:36:30,384][root][INFO] - Eval Returns: mean=-273.600 std=166.199
[2024-04-26 11:36:30,385][root][INFO] - Eval ndata: 257.000
[2024-04-26 11:36:30,385][root][INFO] - Model MSE (current real MPC): 0.048
[2024-04-26 11:36:30,971][root][INFO] - Model MSE (random test set): 0.000
[2024-04-26 11:36:30,971][root][INFO] - Model MSE (GT MPC): 0.000
[2024-04-26 11:36:30,971][root][INFO] - Model Likelihood (random test set): -1.849
[2024-04-26 11:36:30,971][root][INFO] - Model Likelihood (GT MPC): -1.842
[2024-04-26 11:36:30,971][root][INFO] - *[TIME] [Evaluate the current MPC policy] Elapsed: 71.08 seconds
