[2024-04-24 17:22:57,799][root][INFO] - Dumper dumping to /tirl/experiments/mpc_frozencartpole_newhypers_initdata_gpforgetting_2024-04-24/17-22-51/seed_0
[2024-04-24 17:22:57,804][root][INFO] - Start obs: None
[2024-04-24 17:23:24,847][root][INFO] - GT Returns: [-11.2459325  -11.52454746 -14.92502879 -11.11086198 -10.40838702]
[2024-04-24 17:23:24,847][root][INFO] - GT Returns: mean=-11.843 std=1.584
[2024-04-24 17:23:24,848][root][INFO] - Path Lengths: [36345, 36345, 36345, 36345, 36345]
[2024-04-24 17:23:24,848][root][INFO] - Path Lengths: mean=36345.000 std=0.000
[2024-04-24 17:23:24,949][root][INFO] - all_x.shape = (181725, 5)
[2024-04-24 17:23:24,954][root][INFO] - all_x.min(axis=0) = [-0.63782991 -0.86656103 -0.99997741 -0.87640753 -1.        ]
[2024-04-24 17:23:24,960][root][INFO] - all_x.max(axis=0) = [0.96809811 1.51791455 0.99999282 0.85464846 1.        ]
[2024-04-24 17:23:24,964][root][INFO] - all_x.mean(axis=0) = [-0.00402585 -0.00447376  0.01784633 -0.01163315 -0.00392434]
[2024-04-24 17:23:24,976][root][INFO] - all_x.var(axis=0) = [0.00724561 0.03206853 0.24682826 0.07951531 0.23816881]
[2024-04-24 17:23:25,067][root][INFO] - --------------- Start iteration i=0 ---------------
[2024-04-24 17:23:25,067][root][INFO] - Length of data.x: 301
[2024-04-24 17:23:25,067][root][INFO] - Length of data.y: 301
[2024-04-24 17:23:59,212][root][INFO] - Eval Returns: [-23.31407218 -23.17592788 -24.24328804 -18.0681284  -23.21795958]
[2024-04-24 17:23:59,220][root][INFO] - Eval Returns: mean=-22.404 std=2.203
[2024-04-24 17:23:59,221][root][INFO] - Eval ndata: 301.000
[2024-04-24 17:23:59,221][root][INFO] - Model MSE (current real MPC): 0.400
[2024-04-24 17:24:00,869][root][INFO] - Model MSE (random test set): 0.366
[2024-04-24 17:24:00,869][root][INFO] - Model MSE (GT MPC): 0.061
[2024-04-24 17:24:00,869][root][INFO] - Model Likelihood (random test set): -3.723
[2024-04-24 17:24:00,869][root][INFO] - Model Likelihood (GT MPC): -3.682
[2024-04-24 17:24:00,869][root][INFO] - *[TIME] [Evaluate the current MPC policy] Elapsed: 35.31 seconds
[2024-04-24 17:24:02,213][root][INFO] - x: [-1.86576159e-03  2.26689712e-03  9.99847679e-01  2.93571632e-04
  1.45793901e-01]
[2024-04-24 17:24:02,213][root][INFO] - y: [ 0.00022669  0.0115989   0.00023362 -0.01155165]
[2024-04-24 17:24:02,214][root][INFO] - Reward: -0.9999900922139486
[2024-04-24 17:24:05,772][root][INFO] - --------------- Start iteration i=1 ---------------
[2024-04-24 17:24:05,772][root][INFO] - Length of data.x: 302
[2024-04-24 17:24:05,772][root][INFO] - Length of data.y: 302
[2024-04-24 17:24:06,249][root][INFO] - x: [-0.00163907  0.01386579 -0.9999187  -0.01125808  0.37375179]
[2024-04-24 17:24:06,249][root][INFO] - y: [ 0.00138658  0.02969354 -0.0089589  -0.02971886]
[2024-04-24 17:24:06,250][root][INFO] - Reward: -0.9999900420024359
[2024-04-24 17:24:06,253][root][INFO] - --------------- Start iteration i=2 ---------------
[2024-04-24 17:24:06,253][root][INFO] - Length of data.x: 303
[2024-04-24 17:24:06,253][root][INFO] - Length of data.y: 303
[2024-04-24 17:24:06,726][root][INFO] - x: [-2.52492590e-04  4.35593284e-02  9.91122392e-01 -4.09769462e-02
  6.98072158e-01]
[2024-04-24 17:24:06,726][root][INFO] - y: [ 0.00435593  0.05341109 -0.03260844 -0.05065164]
[2024-04-24 17:24:06,727][root][INFO] - Reward: -0.9999902262896114
[2024-04-24 17:24:06,730][root][INFO] - --------------- Start iteration i=3 ---------------
[2024-04-24 17:24:06,730][root][INFO] - Length of data.x: 304
[2024-04-24 17:24:06,730][root][INFO] - Length of data.y: 304
[2024-04-24 17:24:07,227][root][INFO] - x: [ 0.00410344  0.09697042  0.95851395 -0.09162859  0.09024033]
[2024-04-24 17:24:07,227][root][INFO] - y: [ 0.00969704  0.00362083 -0.07291577  0.00917255]
[2024-04-24 17:24:07,228][root][INFO] - Reward: -0.999992269253765
[2024-04-24 17:24:07,231][root][INFO] - --------------- Start iteration i=4 ---------------
[2024-04-24 17:24:07,231][root][INFO] - Length of data.x: 305
[2024-04-24 17:24:07,231][root][INFO] - Length of data.y: 305
[2024-04-24 17:24:07,763][root][INFO] - x: [ 0.01380048  0.10059125  0.88559817 -0.08245604  0.12963701]
[2024-04-24 17:24:07,763][root][INFO] - y: [ 0.01005912 -0.00358742 -0.06561649  0.03789696]
[2024-04-24 17:24:07,764][root][INFO] - Reward: -0.9999954755205367
[2024-04-24 17:24:07,768][root][INFO] - --------------- Start iteration i=5 ---------------
[2024-04-24 17:24:07,768][root][INFO] - Length of data.x: 306
[2024-04-24 17:24:07,769][root][INFO] - Length of data.y: 306
[2024-04-24 17:24:08,316][root][INFO] - x: [ 0.02385961  0.09700383  0.81998169 -0.04455909  0.07378291]
[2024-04-24 17:24:08,316][root][INFO] - y: [ 0.00970038 -0.01535486 -0.03545902  0.06558718]
[2024-04-24 17:24:08,317][root][INFO] - Reward: -0.9999980912061038
[2024-04-24 17:24:08,320][root][INFO] - --------------- Start iteration i=6 ---------------
[2024-04-24 17:24:08,321][root][INFO] - Length of data.x: 307
[2024-04-24 17:24:08,321][root][INFO] - Length of data.y: 307
[2024-04-24 17:24:08,880][root][INFO] - x: [ 0.03355999  0.08164896  0.78452266  0.02102809 -0.1912613 ]
[2024-04-24 17:24:08,880][root][INFO] - y: [ 0.0081649  -0.04945082  0.01673364  0.10006029]
[2024-04-24 17:24:08,881][root][INFO] - Reward: -0.9999992968211423
[2024-04-24 17:24:08,885][root][INFO] - --------------- Start iteration i=7 ---------------
[2024-04-24 17:24:08,885][root][INFO] - Length of data.x: 308
[2024-04-24 17:24:08,885][root][INFO] - Length of data.y: 308
[2024-04-24 17:24:09,446][root][INFO] - x: [ 0.04172489  0.03219814  0.8012563   0.12108838 -0.21654817]
[2024-04-24 17:24:09,447][root][INFO] - y: [ 0.00321981 -0.06303948  0.09635915  0.10855246]
[2024-04-24 17:24:09,447][root][INFO] - Reward: -0.9999993223532936
[2024-04-24 17:24:09,452][root][INFO] - --------------- Start iteration i=8 ---------------
[2024-04-24 17:24:09,452][root][INFO] - Length of data.x: 309
[2024-04-24 17:24:09,452][root][INFO] - Length of data.y: 309
[2024-04-24 17:24:10,022][root][INFO] - x: [ 0.0449447  -0.03084134  0.89761545  0.22964084 -0.08860719]
[2024-04-24 17:24:10,022][root][INFO] - y: [-0.00308413 -0.05317357  0.18274252  0.08149098]
[2024-04-24 17:24:10,023][root][INFO] - Reward: -0.9999919953843759
[2024-04-24 17:24:10,027][root][INFO] - --------------- Start iteration i=9 ---------------
[2024-04-24 17:24:10,027][root][INFO] - Length of data.x: 310
[2024-04-24 17:24:10,027][root][INFO] - Length of data.y: 310
[2024-04-24 17:24:10,590][root][INFO] - x: [ 0.04186057 -0.08401491 -0.91964203  0.31113182 -0.39267127]
[2024-04-24 17:24:10,591][root][INFO] - y: [-0.00840149 -0.01056759  0.24759104 -0.0142959 ]
[2024-04-24 17:24:10,591][root][INFO] - Reward: -0.9989567218924401
[2024-04-24 17:24:10,595][root][INFO] - --------------- Start iteration i=10 ---------------
[2024-04-24 17:24:10,595][root][INFO] - Length of data.x: 311
[2024-04-24 17:24:10,595][root][INFO] - Length of data.y: 311
[2024-04-24 17:24:48,959][root][INFO] - Eval Returns: [-22.93764673 -20.97099911 -22.81183603 -23.57455894 -24.50186137]
[2024-04-24 17:24:48,973][root][INFO] - Eval Returns: mean=-22.959 std=1.160
[2024-04-24 17:24:48,974][root][INFO] - Eval ndata: 311.000
[2024-04-24 17:24:48,974][root][INFO] - Model MSE (current real MPC): 0.474
[2024-04-24 17:24:50,735][root][INFO] - Model MSE (random test set): 0.366
[2024-04-24 17:24:50,735][root][INFO] - Model MSE (GT MPC): 0.061
[2024-04-24 17:24:50,735][root][INFO] - Model Likelihood (random test set): -3.723
[2024-04-24 17:24:50,735][root][INFO] - Model Likelihood (GT MPC): -3.682
[2024-04-24 17:24:50,735][root][INFO] - *[TIME] [Evaluate the current MPC policy] Elapsed: 39.67 seconds
[2024-04-24 17:24:55,743][root][INFO] - x: [ 0.03345908 -0.0945825  -0.67205099  0.29683593 -0.56743965]
[2024-04-24 17:24:55,744][root][INFO] - y: [-0.00945825  0.03472693  0.23621472 -0.10207073]
[2024-04-24 17:24:55,744][root][INFO] - Reward: -0.9398050566751248
[2024-04-24 17:24:58,218][root][INFO] - --------------- Start iteration i=11 ---------------
[2024-04-24 17:24:58,218][root][INFO] - Length of data.x: 312
[2024-04-24 17:24:58,218][root][INFO] - Length of data.y: 312
[2024-04-24 17:24:58,678][root][INFO] - x: [ 0.02400083 -0.05985558 -0.43583627  0.19476519 -0.39825066]
[2024-04-24 17:24:58,678][root][INFO] - y: [-0.00598556 -0.01178473  0.15498934 -0.09857112]
[2024-04-24 17:24:58,678][root][INFO] - Reward: -0.6409854367734837
[2024-04-24 17:24:58,682][root][INFO] - --------------- Start iteration i=12 ---------------
[2024-04-24 17:24:58,682][root][INFO] - Length of data.x: 313
[2024-04-24 17:24:58,682][root][INFO] - Length of data.y: 313
[2024-04-24 17:24:59,139][root][INFO] - x: [ 0.01801527 -0.0716403  -0.28084693  0.09619407 -0.08270615]
[2024-04-24 17:24:59,139][root][INFO] - y: [-0.00716403 -0.02229885  0.07654887 -0.08999871]
[2024-04-24 17:24:59,140][root][INFO] - Reward: -0.4603145093199833
[2024-04-24 17:24:59,143][root][INFO] - --------------- Start iteration i=13 ---------------
[2024-04-24 17:24:59,144][root][INFO] - Length of data.x: 314
[2024-04-24 17:24:59,144][root][INFO] - Length of data.y: 314
[2024-04-24 17:24:59,654][root][INFO] - x: [ 0.01085124 -0.09393916 -0.20429806  0.00619536  1.        ]
[2024-04-24 17:24:59,655][root][INFO] - y: [-0.00939392  0.10969564  0.00493012  0.02907907]
[2024-04-24 17:24:59,655][root][INFO] - Reward: -0.6368858453165905
[2024-04-24 17:24:59,660][root][INFO] - --------------- Start iteration i=14 ---------------
[2024-04-24 17:24:59,660][root][INFO] - Length of data.x: 315
[2024-04-24 17:24:59,660][root][INFO] - Length of data.y: 315
[2024-04-24 17:25:00,204][root][INFO] - x: [ 0.00145732  0.01575648 -0.19936794  0.03527444  0.19996259]
[2024-04-24 17:25:00,204][root][INFO] - y: [ 0.00157565  0.00402452  0.02807053 -0.05430201]
[2024-04-24 17:25:00,204][root][INFO] - Reward: -0.48943672797778637
[2024-04-24 17:25:00,208][root][INFO] - --------------- Start iteration i=15 ---------------
[2024-04-24 17:25:00,208][root][INFO] - Length of data.x: 316
[2024-04-24 17:25:00,208][root][INFO] - Length of data.y: 316
[2024-04-24 17:25:00,692][root][INFO] - x: [ 0.00303297  0.019781   -0.17129742 -0.01902757  1.        ]
[2024-04-24 17:25:00,693][root][INFO] - y: [ 0.0019781   0.11578139 -0.01514167  0.04908495]
[2024-04-24 17:25:00,693][root][INFO] - Reward: -0.5104427187041972
[2024-04-24 17:25:00,697][root][INFO] - --------------- Start iteration i=16 ---------------
[2024-04-24 17:25:00,697][root][INFO] - Length of data.x: 317
[2024-04-24 17:25:00,697][root][INFO] - Length of data.y: 317
[2024-04-24 17:25:01,216][root][INFO] - x: [ 0.00501107  0.1355624  -0.18643909  0.03005738  0.32635567]
[2024-04-24 17:25:01,216][root][INFO] - y: [ 0.01355624  0.01999013  0.02391892 -0.03762641]
[2024-04-24 17:25:01,217][root][INFO] - Reward: -0.13007616626488627
[2024-04-24 17:25:01,221][root][INFO] - --------------- Start iteration i=17 ---------------
[2024-04-24 17:25:01,221][root][INFO] - Length of data.x: 318
[2024-04-24 17:25:01,221][root][INFO] - Length of data.y: 318
[2024-04-24 17:25:01,759][root][INFO] - x: [ 0.01856731  0.15555253 -0.16252017 -0.00756903  0.90463724]
[2024-04-24 17:25:01,760][root][INFO] - y: [ 0.01555525  0.10248944 -0.00602325  0.04143047]
[2024-04-24 17:25:01,760][root][INFO] - Reward: -0.06355019711811793
[2024-04-24 17:25:01,764][root][INFO] - --------------- Start iteration i=18 ---------------
[2024-04-24 17:25:01,765][root][INFO] - Length of data.x: 319
[2024-04-24 17:25:01,765][root][INFO] - Length of data.y: 319
[2024-04-24 17:25:02,302][root][INFO] - x: [ 0.03412256  0.25804197 -0.16854341  0.03386145 -0.21218504]
[2024-04-24 17:25:02,302][root][INFO] - y: [ 0.0258042  -0.05454515  0.02694611 -0.0966764 ]
[2024-04-24 17:25:02,303][root][INFO] - Reward: -0.616324146345506
[2024-04-24 17:25:02,307][root][INFO] - --------------- Start iteration i=19 ---------------
[2024-04-24 17:25:02,307][root][INFO] - Length of data.x: 320
[2024-04-24 17:25:02,307][root][INFO] - Length of data.y: 320
[2024-04-24 17:25:02,864][root][INFO] - x: [ 0.05992676  0.20349682 -0.14159731 -0.06281495 -0.96228166]
[2024-04-24 17:25:02,865][root][INFO] - y: [ 0.02034968 -0.159806   -0.04998659 -0.1865104 ]
[2024-04-24 17:25:02,865][root][INFO] - Reward: -0.8354025131308057
[2024-04-24 17:25:02,870][root][INFO] - --------------- Start iteration i=20 ---------------
[2024-04-24 17:25:02,870][root][INFO] - Length of data.x: 321
[2024-04-24 17:25:02,871][root][INFO] - Length of data.y: 321
[2024-04-24 17:25:39,536][root][INFO] - Eval Returns: [-23.51523874 -20.31037316 -20.9529882  -24.07290585 -23.88062131]
[2024-04-24 17:25:39,546][root][INFO] - Eval Returns: mean=-22.546 std=1.587
[2024-04-24 17:25:39,546][root][INFO] - Eval ndata: 321.000
[2024-04-24 17:25:39,547][root][INFO] - Model MSE (current real MPC): 0.492
[2024-04-24 17:25:41,511][root][INFO] - Model MSE (random test set): 0.366
[2024-04-24 17:25:41,512][root][INFO] - Model MSE (GT MPC): 0.061
[2024-04-24 17:25:41,512][root][INFO] - Model Likelihood (random test set): -3.723
[2024-04-24 17:25:41,512][root][INFO] - Model Likelihood (GT MPC): -3.682
[2024-04-24 17:25:41,512][root][INFO] - *[TIME] [Evaluate the current MPC policy] Elapsed: 38.12 seconds
[2024-04-24 17:25:46,076][root][INFO] - x: [ 0.08027644  0.04369082 -0.1915839  -0.24932536  0.466255  ]
[2024-04-24 17:25:46,077][root][INFO] - y: [ 0.00436908  0.08319609 -0.19840697  0.01297634]
[2024-04-24 17:25:46,077][root][INFO] - Reward: -0.8496986483180498
[2024-04-24 17:25:48,623][root][INFO] - --------------- Start iteration i=21 ---------------
[2024-04-24 17:25:48,624][root][INFO] - Length of data.x: 322
[2024-04-24 17:25:48,624][root][INFO] - Length of data.y: 322
[2024-04-24 17:25:49,069][root][INFO] - x: [ 0.08464552  0.1268869  -0.38999087 -0.23634902  0.82356498]
[2024-04-24 17:25:49,069][root][INFO] - y: [ 0.01268869  0.12395783 -0.18808072 -0.05040083]
[2024-04-24 17:25:49,069][root][INFO] - Reward: -0.9965636358309219
[2024-04-24 17:25:49,073][root][INFO] - --------------- Start iteration i=22 ---------------
[2024-04-24 17:25:49,073][root][INFO] - Length of data.x: 323
[2024-04-24 17:25:49,073][root][INFO] - Length of data.y: 323
[2024-04-24 17:25:49,524][root][INFO] - x: [ 0.09733421  0.25084473 -0.57807159 -0.28674984 -0.21275379]
[2024-04-24 17:25:49,524][root][INFO] - y: [ 0.02508447  0.06101875 -0.22818846 -0.11007744]
[2024-04-24 17:25:49,525][root][INFO] - Reward: -0.9999998562512931
[2024-04-24 17:25:49,528][root][INFO] - --------------- Start iteration i=23 ---------------
[2024-04-24 17:25:49,528][root][INFO] - Length of data.x: 324
[2024-04-24 17:25:49,529][root][INFO] - Length of data.y: 324
[2024-04-24 17:25:49,989][root][INFO] - x: [ 0.12241869  0.31186348 -0.80626005 -0.39682728  1.        ]
[2024-04-24 17:25:49,989][root][INFO] - y: [ 0.03118635  0.26560568 -0.31578537 -0.27405497]
[2024-04-24 17:25:49,989][root][INFO] - Reward: -0.9999999999999997
[2024-04-24 17:25:49,993][root][INFO] - --------------- Start iteration i=24 ---------------
[2024-04-24 17:25:49,994][root][INFO] - Length of data.x: 325
[2024-04-24 17:25:49,994][root][INFO] - Length of data.y: 325
[2024-04-24 17:25:50,486][root][INFO] - x: [ 0.15360503  0.57746916  0.87795458 -0.67088224 -0.13873291]
[2024-04-24 17:25:50,486][root][INFO] - y: [ 0.05774692 -0.28085498 -0.53387156  0.29719836]
[2024-04-24 17:25:50,487][root][INFO] - Reward: -1.0
[2024-04-24 17:25:50,487][root][INFO] - Explore episode complete with return -20.168388990964402, resetting
[2024-04-24 17:25:50,487][root][INFO] - Exploration Episode Rewards: [-0.9999900922139486, -0.9999900420024359, -0.9999902262896114, -0.999992269253765, -0.9999954755205367, -0.9999980912061038, -0.9999992968211423, -0.9999993223532936, -0.9999919953843759, -0.9989567218924401, -0.9398050566751248, -0.6409854367734837, -0.4603145093199833, -0.6368858453165905, -0.48943672797778637, -0.5104427187041972, -0.13007616626488627, -0.06355019711811793, -0.616324146345506, -0.8354025131308057, -0.8496986483180498, -0.9965636358309219, -0.9999998562512931, -0.9999999999999997, -1.0]
[2024-04-24 17:25:50,491][root][INFO] - --------------- Start iteration i=25 ---------------
[2024-04-24 17:25:50,491][root][INFO] - Length of data.x: 326
[2024-04-24 17:25:50,491][root][INFO] - Length of data.y: 326
[2024-04-24 17:25:50,983][root][INFO] - x: [ 1.81991035e-06 -1.37721999e-03  9.96709890e-01 -3.26338426e-04
 -3.25682126e-01]
[2024-04-24 17:25:50,983][root][INFO] - y: [-0.00013772 -0.05269284 -0.00025969  0.05370527]
[2024-04-24 17:25:50,984][root][INFO] - Reward: -0.9999900656380993
[2024-04-24 17:25:50,988][root][INFO] - --------------- Start iteration i=26 ---------------
[2024-04-24 17:25:50,988][root][INFO] - Length of data.x: 327
[2024-04-24 17:25:50,988][root][INFO] - Length of data.y: 327
[2024-04-24 17:25:51,486][root][INFO] - x: [-1.35902088e-04 -5.40700607e-02  9.96450197e-01  5.33789297e-02
 -2.79486716e-01]
[2024-04-24 17:25:51,486][root][INFO] - y: [-0.00540701 -0.022197    0.04247764  0.02329098]
[2024-04-24 17:25:51,487][root][INFO] - Reward: -0.9999905213833814
[2024-04-24 17:25:51,491][root][INFO] - --------------- Start iteration i=27 ---------------
[2024-04-24 17:25:51,491][root][INFO] - Length of data.x: 328
[2024-04-24 17:25:51,491][root][INFO] - Length of data.y: 328
[2024-04-24 17:25:51,991][root][INFO] - x: [-0.00554291 -0.07626707 -0.96107217  0.07666991 -0.18206011]
[2024-04-24 17:25:51,992][root][INFO] - y: [-0.00762671 -0.00508927  0.06101202 -0.00692847]
[2024-04-24 17:25:51,992][root][INFO] - Reward: -0.9999922485386402
[2024-04-24 17:25:51,997][root][INFO] - --------------- Start iteration i=28 ---------------
[2024-04-24 17:25:51,997][root][INFO] - Length of data.x: 329
[2024-04-24 17:25:51,998][root][INFO] - Length of data.y: 329
[2024-04-24 17:25:52,559][root][INFO] - x: [-0.01316961 -0.08135634 -0.90006014  0.06974144 -0.31742411]
[2024-04-24 17:25:52,560][root][INFO] - y: [-0.00813563 -0.00428643  0.05549852 -0.02625115]
[2024-04-24 17:25:52,560][root][INFO] - Reward: -0.9999948134892185
[2024-04-24 17:25:52,564][root][INFO] - --------------- Start iteration i=29 ---------------
[2024-04-24 17:25:52,564][root][INFO] - Length of data.x: 330
[2024-04-24 17:25:52,564][root][INFO] - Length of data.y: 330
[2024-04-24 17:25:53,067][root][INFO] - x: [-0.02130525 -0.08564277 -0.84456162  0.04349029 -0.72780311]
[2024-04-24 17:25:53,068][root][INFO] - y: [-0.00856428 -0.02748225  0.0346085  -0.02180027]
[2024-04-24 17:25:53,068][root][INFO] - Reward: -0.9999973722046461
[2024-04-24 17:25:53,072][root][INFO] - --------------- Start iteration i=30 ---------------
[2024-04-24 17:25:53,072][root][INFO] - Length of data.x: 331
[2024-04-24 17:25:53,072][root][INFO] - Length of data.y: 331
[2024-04-24 17:26:32,918][root][INFO] - Eval Returns: [-22.97300624 -18.53058736 -19.01860374 -23.09702506 -21.4010101 ]
[2024-04-24 17:26:32,931][root][INFO] - Eval Returns: mean=-21.004 std=1.922
[2024-04-24 17:26:32,931][root][INFO] - Eval ndata: 331.000
[2024-04-24 17:26:32,931][root][INFO] - Model MSE (current real MPC): 0.364
[2024-04-24 17:26:34,945][root][INFO] - Model MSE (random test set): 0.366
[2024-04-24 17:26:34,945][root][INFO] - Model MSE (GT MPC): 0.061
[2024-04-24 17:26:34,945][root][INFO] - Model Likelihood (random test set): -3.723
[2024-04-24 17:26:34,945][root][INFO] - Model Likelihood (GT MPC): -3.682
[2024-04-24 17:26:34,945][root][INFO] - *[TIME] [Evaluate the current MPC policy] Elapsed: 41.37 seconds
[2024-04-24 17:26:38,324][root][INFO] - x: [-0.02986953 -0.11312502 -0.80995312  0.02169002 -0.03470404]
[2024-04-24 17:26:38,325][root][INFO] - y: [-0.0113125   0.02254862  0.01726039 -0.07385635]
[2024-04-24 17:26:38,325][root][INFO] - Reward: -0.9999992433471715
[2024-04-24 17:26:40,023][root][INFO] - --------------- Start iteration i=31 ---------------
[2024-04-24 17:26:40,023][root][INFO] - Length of data.x: 332
[2024-04-24 17:26:40,023][root][INFO] - Length of data.y: 332
[2024-04-24 17:26:40,602][root][INFO] - x: [-0.04118203 -0.0905764  -0.79269274 -0.05216632  0.43784242]
[2024-04-24 17:26:40,603][root][INFO] - y: [-0.00905764  0.05518902 -0.04151267 -0.10342148]
[2024-04-24 17:26:40,603][root][INFO] - Reward: -0.9999997433241533
[2024-04-24 17:26:40,607][root][INFO] - --------------- Start iteration i=32 ---------------
[2024-04-24 17:26:40,608][root][INFO] - Length of data.x: 333
[2024-04-24 17:26:40,608][root][INFO] - Length of data.y: 333
[2024-04-24 17:26:41,218][root][INFO] - x: [-0.05023967 -0.03538738 -0.83420541 -0.15558781  0.48402077]
[2024-04-24 17:26:41,219][root][INFO] - y: [-0.00353874  0.07207985 -0.12381294 -0.11138841]
[2024-04-24 17:26:41,220][root][INFO] - Reward: -0.9999994764407618
[2024-04-24 17:26:41,226][root][INFO] - --------------- Start iteration i=33 ---------------
[2024-04-24 17:26:41,226][root][INFO] - Length of data.x: 334
[2024-04-24 17:26:41,227][root][INFO] - Length of data.y: 334
[2024-04-24 17:26:41,756][root][INFO] - x: [-0.05377841  0.03669247 -0.95801835 -0.26697621  0.43504412]
[2024-04-24 17:26:41,756][root][INFO] - y: [ 0.00366925  0.05538327 -0.21245309 -0.06781651]
[2024-04-24 17:26:41,757][root][INFO] - Reward: -0.9999652520630123
[2024-04-24 17:26:41,761][root][INFO] - --------------- Start iteration i=34 ---------------
[2024-04-24 17:26:41,761][root][INFO] - Length of data.x: 335
[2024-04-24 17:26:41,761][root][INFO] - Length of data.y: 335
[2024-04-24 17:26:42,278][root][INFO] - x: [-0.05010916  0.09207574  0.82952856 -0.33479272  0.37462989]
[2024-04-24 17:26:42,279][root][INFO] - y: [ 0.00920757 -0.07192198 -0.2664198   0.11196508]
[2024-04-24 17:26:42,279][root][INFO] - Reward: -0.9875150626215371
[2024-04-24 17:26:42,284][root][INFO] - --------------- Start iteration i=35 ---------------
[2024-04-24 17:26:42,284][root][INFO] - Length of data.x: 336
[2024-04-24 17:26:42,284][root][INFO] - Length of data.y: 336
[2024-04-24 17:26:42,795][root][INFO] - x: [-0.04090159  0.02015376  0.56310876 -0.22282765 -0.13487651]
[2024-04-24 17:26:42,796][root][INFO] - y: [ 0.00201538 -0.06057477 -0.17732075  0.10820739]
[2024-04-24 17:26:42,796][root][INFO] - Reward: -0.765827239306353
[2024-04-24 17:26:42,800][root][INFO] - --------------- Start iteration i=36 ---------------
[2024-04-24 17:26:42,800][root][INFO] - Length of data.x: 337
[2024-04-24 17:26:42,800][root][INFO] - Length of data.y: 337
[2024-04-24 17:26:43,305][root][INFO] - x: [-0.03888621 -0.04042101  0.38578801 -0.11462025 -0.00062005]
[2024-04-24 17:26:43,305][root][INFO] - y: [-0.0040421   0.0009948  -0.09121197  0.09229555]
[2024-04-24 17:26:43,305][root][INFO] - Reward: -0.3796191582018076
[2024-04-24 17:26:43,310][root][INFO] - --------------- Start iteration i=37 ---------------
[2024-04-24 17:26:43,310][root][INFO] - Length of data.x: 338
[2024-04-24 17:26:43,310][root][INFO] - Length of data.y: 338
[2024-04-24 17:26:43,817][root][INFO] - x: [-0.04292831 -0.03942621  0.29457604 -0.0223247  -0.45987529]
[2024-04-24 17:26:43,818][root][INFO] - y: [-0.00394262 -0.00610616 -0.01776545  0.07477762]
[2024-04-24 17:26:43,818][root][INFO] - Reward: -0.3048050740552446
[2024-04-24 17:26:43,823][root][INFO] - --------------- Start iteration i=38 ---------------
[2024-04-24 17:26:43,823][root][INFO] - Length of data.x: 339
[2024-04-24 17:26:43,824][root][INFO] - Length of data.y: 339
[2024-04-24 17:26:44,396][root][INFO] - x: [-0.04687093 -0.04553237  0.27681059  0.05245292 -1.        ]
[2024-04-24 17:26:44,396][root][INFO] - y: [-0.00455324 -0.03953339  0.04174074  0.04952988]
[2024-04-24 17:26:44,397][root][INFO] - Reward: -0.457171368323958
[2024-04-24 17:26:44,402][root][INFO] - --------------- Start iteration i=39 ---------------
[2024-04-24 17:26:44,402][root][INFO] - Length of data.x: 340
[2024-04-24 17:26:44,402][root][INFO] - Length of data.y: 340
[2024-04-24 17:26:44,951][root][INFO] - x: [-0.05142417 -0.08506576  0.31855133  0.1019828  -0.51681595]
[2024-04-24 17:26:44,951][root][INFO] - y: [-0.00850658 -0.01848711  0.0811554   0.07269579]
[2024-04-24 17:26:44,951][root][INFO] - Reward: -0.7479796163534393
[2024-04-24 17:26:44,955][root][INFO] - --------------- Start iteration i=40 ---------------
[2024-04-24 17:26:44,956][root][INFO] - Length of data.x: 341
[2024-04-24 17:26:44,956][root][INFO] - Length of data.y: 341
[2024-04-24 17:27:27,992][root][INFO] - Eval Returns: [-20.93621884 -19.92181466 -21.4616125  -21.16810517 -22.85594567]
[2024-04-24 17:27:28,006][root][INFO] - Eval Returns: mean=-21.269 std=0.948
[2024-04-24 17:27:28,006][root][INFO] - Eval ndata: 341.000
[2024-04-24 17:27:28,006][root][INFO] - Model MSE (current real MPC): 0.456
[2024-04-24 17:27:29,821][root][INFO] - Model MSE (random test set): 0.366
[2024-04-24 17:27:29,821][root][INFO] - Model MSE (GT MPC): 0.061
[2024-04-24 17:27:29,821][root][INFO] - Model Likelihood (random test set): -3.723
[2024-04-24 17:27:29,821][root][INFO] - Model Likelihood (GT MPC): -3.682
[2024-04-24 17:27:29,821][root][INFO] - *[TIME] [Evaluate the current MPC policy] Elapsed: 44.36 seconds
[2024-04-24 17:27:33,017][root][INFO] - x: [-0.05993075 -0.10355287  0.39970674  0.1746786  -0.05979457]
[2024-04-24 17:27:33,017][root][INFO] - y: [-0.01035529 -0.01898521  0.13900492  0.08748232]
[2024-04-24 17:27:33,018][root][INFO] - Reward: -0.975602020122319
[2024-04-24 17:27:34,641][root][INFO] - --------------- Start iteration i=41 ---------------
[2024-04-24 17:27:34,641][root][INFO] - Length of data.x: 342
[2024-04-24 17:27:34,641][root][INFO] - Length of data.y: 342
[2024-04-24 17:27:35,252][root][INFO] - x: [-0.07028603 -0.12253808  0.53871166  0.26216092 -0.82200169]
[2024-04-24 17:27:35,253][root][INFO] - y: [-0.01225381 -0.10886691  0.2086212   0.11068192]
[2024-04-24 17:27:35,253][root][INFO] - Reward: -0.999932214765112
[2024-04-24 17:27:35,258][root][INFO] - --------------- Start iteration i=42 ---------------
[2024-04-24 17:27:35,258][root][INFO] - Length of data.x: 343
[2024-04-24 17:27:35,258][root][INFO] - Length of data.y: 343
[2024-04-24 17:27:35,854][root][INFO] - x: [-0.08253984 -0.23140499  0.74733286  0.37284284  1.        ]
[2024-04-24 17:27:35,855][root][INFO] - y: [-0.0231405  -0.07235718  0.29669914  0.12075105]
[2024-04-24 17:27:35,856][root][INFO] - Reward: -0.9999999996588175
[2024-04-24 17:27:35,861][root][INFO] - --------------- Start iteration i=43 ---------------
[2024-04-24 17:27:35,861][root][INFO] - Length of data.x: 344
[2024-04-24 17:27:35,861][root][INFO] - Length of data.y: 344
[2024-04-24 17:27:36,398][root][INFO] - x: [-0.10568034 -0.30376217 -0.955968    0.49359389  0.69402956]
[2024-04-24 17:27:36,399][root][INFO] - y: [-0.03037622  0.11748231  0.39278986 -0.12990105]
[2024-04-24 17:27:36,399][root][INFO] - Reward: -0.999999999999999
[2024-04-24 17:27:36,403][root][INFO] - --------------- Start iteration i=44 ---------------
[2024-04-24 17:27:36,403][root][INFO] - Length of data.x: 345
[2024-04-24 17:27:36,404][root][INFO] - Length of data.y: 345
[2024-04-24 17:27:36,971][root][INFO] - x: [-0.13605656 -0.18627986 -0.56317814  0.36369284  1.        ]
[2024-04-24 17:27:36,972][root][INFO] - y: [-0.01862799  0.18322361  0.2894178  -0.13239977]
[2024-04-24 17:27:36,972][root][INFO] - Reward: -0.9999999999999915
[2024-04-24 17:27:36,977][root][INFO] - --------------- Start iteration i=45 ---------------
[2024-04-24 17:27:36,977][root][INFO] - Length of data.x: 346
[2024-04-24 17:27:36,977][root][INFO] - Length of data.y: 346
[2024-04-24 17:27:37,584][root][INFO] - x: [-0.15468454 -0.00305625 -0.27376034  0.23129307 -0.56492634]
[2024-04-24 17:27:37,585][root][INFO] - y: [-0.00030562 -0.01001206  0.18405732 -0.0809548 ]
[2024-04-24 17:27:37,585][root][INFO] - Reward: -0.9999999999426908
[2024-04-24 17:27:37,591][root][INFO] - --------------- Start iteration i=46 ---------------
[2024-04-24 17:27:37,591][root][INFO] - Length of data.x: 347
[2024-04-24 17:27:37,591][root][INFO] - Length of data.y: 347
[2024-04-24 17:27:38,256][root][INFO] - x: [-0.15499017 -0.0130683  -0.08970302  0.15033827 -0.10337573]
[2024-04-24 17:27:38,257][root][INFO] - y: [-0.00130683 -0.01373458  0.11963549 -0.04050171]
[2024-04-24 17:27:38,257][root][INFO] - Reward: -0.9999999870162879
[2024-04-24 17:27:38,262][root][INFO] - --------------- Start iteration i=47 ---------------
[2024-04-24 17:27:38,263][root][INFO] - Length of data.x: 348
[2024-04-24 17:27:38,263][root][INFO] - Length of data.y: 348
[2024-04-24 17:27:38,865][root][INFO] - x: [-0.156297   -0.02680288  0.02993248  0.10983656  0.60211951]
[2024-04-24 17:27:38,866][root][INFO] - y: [-0.00268029  0.05213143  0.08740523  0.0611218 ]
[2024-04-24 17:27:38,867][root][INFO] - Reward: -0.9999997250273471
[2024-04-24 17:27:38,873][root][INFO] - --------------- Start iteration i=48 ---------------
[2024-04-24 17:27:38,874][root][INFO] - Length of data.x: 349
[2024-04-24 17:27:38,874][root][INFO] - Length of data.y: 349
[2024-04-24 17:27:39,333][root][INFO] - x: [-0.15897729  0.02532855  0.11733771  0.17095836  0.38944202]
[2024-04-24 17:27:39,334][root][INFO] - y: [0.00253286 0.03224559 0.13604445 0.06546432]
[2024-04-24 17:27:39,334][root][INFO] - Reward: -0.9999745405805561
[2024-04-24 17:27:39,336][root][INFO] - --------------- Start iteration i=49 ---------------
[2024-04-24 17:27:39,337][root][INFO] - Length of data.x: 350
[2024-04-24 17:27:39,337][root][INFO] - Length of data.y: 350
[2024-04-24 17:27:39,705][root][INFO] - x: [-0.15644443  0.05757414  0.25338216  0.23642269  0.11390201]
[2024-04-24 17:27:39,706][root][INFO] - y: [ 0.00575741 -0.01704607  0.18813935  0.05824706]
[2024-04-24 17:27:39,706][root][INFO] - Reward: -0.9998249576865528
[2024-04-24 17:27:39,706][root][INFO] - Explore episode complete with return -22.618179700091098, resetting
[2024-04-24 17:27:39,706][root][INFO] - Exploration Episode Rewards: [-0.9999900656380993, -0.9999905213833814, -0.9999922485386402, -0.9999948134892185, -0.9999973722046461, -0.9999992433471715, -0.9999997433241533, -0.9999994764407618, -0.9999652520630123, -0.9875150626215371, -0.765827239306353, -0.3796191582018076, -0.3048050740552446, -0.457171368323958, -0.7479796163534393, -0.975602020122319, -0.999932214765112, -0.9999999996588175, -0.999999999999999, -0.9999999999999915, -0.9999999999426908, -0.9999999870162879, -0.9999997250273471, -0.9999745405805561, -0.9998249576865528]
[2024-04-24 17:27:39,709][root][INFO] - --------------- Start iteration i=50 ---------------
[2024-04-24 17:27:39,710][root][INFO] - Length of data.x: 351
[2024-04-24 17:27:39,710][root][INFO] - Length of data.y: 351
[2024-04-24 17:28:21,821][root][INFO] - Eval Returns: [-22.63090412 -23.72055202 -22.78980944 -21.16567623 -21.64865452]
[2024-04-24 17:28:21,821][root][INFO] - Eval Returns: mean=-22.391 std=0.899
[2024-04-24 17:28:21,822][root][INFO] - Eval ndata: 351.000
[2024-04-24 17:28:21,822][root][INFO] - Model MSE (current real MPC): 0.384
[2024-04-24 17:28:23,838][root][INFO] - Model MSE (random test set): 0.366
[2024-04-24 17:28:23,838][root][INFO] - Model MSE (GT MPC): 0.060
[2024-04-24 17:28:23,838][root][INFO] - Model Likelihood (random test set): -3.723
[2024-04-24 17:28:23,838][root][INFO] - Model Likelihood (GT MPC): -3.682
[2024-04-24 17:28:23,838][root][INFO] - *[TIME] [Evaluate the current MPC policy] Elapsed: 43.76 seconds
[2024-04-24 17:28:27,252][root][INFO] - x: [ 3.42520399e-03 -1.12493672e-03 -9.99455778e-01  9.41570283e-04
 -3.72928672e-01]
[2024-04-24 17:28:27,252][root][INFO] - y: [-0.00011249 -0.0595496   0.00074928  0.05938136]
[2024-04-24 17:28:27,252][root][INFO] - Reward: -0.9999901440822645
[2024-04-24 17:28:28,915][root][INFO] - --------------- Start iteration i=51 ---------------
[2024-04-24 17:28:28,915][root][INFO] - Length of data.x: 352
[2024-04-24 17:28:28,916][root][INFO] - Length of data.y: 352
[2024-04-24 17:28:29,496][root][INFO] - x: [ 0.00331271 -0.06067453 -0.9987065   0.06032294 -0.37601457]
[2024-04-24 17:28:29,497][root][INFO] - y: [-0.00606745 -0.05892918  0.04800351  0.0585294 ]
[2024-04-24 17:28:29,497][root][INFO] - Reward: -0.9999898488475724
[2024-04-24 17:28:29,502][root][INFO] - --------------- Start iteration i=52 ---------------
[2024-04-24 17:28:29,502][root][INFO] - Length of data.x: 353
[2024-04-24 17:28:29,503][root][INFO] - Length of data.y: 353
[2024-04-24 17:28:30,098][root][INFO] - x: [-0.00275474 -0.11960372 -0.95070299  0.11885233 -0.13465572]
[2024-04-24 17:28:30,098][root][INFO] - y: [-0.01196037  0.0033419   0.09457976 -0.01844976]
[2024-04-24 17:28:30,099][root][INFO] - Reward: -0.999991965563472
[2024-04-24 17:28:30,104][root][INFO] - --------------- Start iteration i=53 ---------------
[2024-04-24 17:28:30,104][root][INFO] - Length of data.x: 354
[2024-04-24 17:28:30,104][root][INFO] - Length of data.y: 354
[2024-04-24 17:28:30,685][root][INFO] - x: [-0.01471511 -0.11626181 -0.85612324  0.10040257 -0.30321417]
[2024-04-24 17:28:30,687][root][INFO] - y: [-0.01162618  0.00660184  0.07989789 -0.0488296 ]
[2024-04-24 17:28:30,687][root][INFO] - Reward: -0.9999956454119575
[2024-04-24 17:28:30,692][root][INFO] - --------------- Start iteration i=54 ---------------
[2024-04-24 17:28:30,692][root][INFO] - Length of data.x: 355
[2024-04-24 17:28:30,692][root][INFO] - Length of data.y: 355
[2024-04-24 17:28:31,320][root][INFO] - x: [-0.0263413  -0.10965997 -0.77622534  0.05157297 -0.01433333]
[2024-04-24 17:28:31,320][root][INFO] - y: [-0.010966    0.02578229  0.0410405  -0.08315731]
[2024-04-24 17:28:31,321][root][INFO] - Reward: -0.9999984849738969
[2024-04-24 17:28:31,326][root][INFO] - --------------- Start iteration i=55 ---------------
[2024-04-24 17:28:31,326][root][INFO] - Length of data.x: 356
[2024-04-24 17:28:31,326][root][INFO] - Length of data.y: 356
[2024-04-24 17:28:31,931][root][INFO] - x: [-0.03730729 -0.08387769 -0.73518484 -0.03158433  0.05467792]
[2024-04-24 17:28:31,932][root][INFO] - y: [-0.00838777  0.02722739 -0.02513403 -0.09092953]
[2024-04-24 17:28:31,932][root][INFO] - Reward: -0.999999558440132
[2024-04-24 17:28:31,939][root][INFO] - --------------- Start iteration i=56 ---------------
[2024-04-24 17:28:31,940][root][INFO] - Length of data.x: 357
[2024-04-24 17:28:31,940][root][INFO] - Length of data.y: 357
[2024-04-24 17:28:32,577][root][INFO] - x: [-0.04569506 -0.0566503  -0.76031888 -0.12251387  0.32386591]
[2024-04-24 17:28:32,578][root][INFO] - y: [-0.00566503  0.05592034 -0.09749352 -0.10795335]
[2024-04-24 17:28:32,578][root][INFO] - Reward: -0.9999997483086551
[2024-04-24 17:28:32,584][root][INFO] - --------------- Start iteration i=57 ---------------
[2024-04-24 17:28:32,584][root][INFO] - Length of data.x: 358
[2024-04-24 17:28:32,584][root][INFO] - Length of data.y: 358
[2024-04-24 17:28:33,167][root][INFO] - x: [-5.13600911e-02 -7.29953505e-04 -8.57812393e-01 -2.30467215e-01
  3.38740913e-01]
[2024-04-24 17:28:33,168][root][INFO] - y: [-7.29953505e-05  7.59770234e-02 -1.83400131e-01 -1.10943431e-01]
[2024-04-24 17:28:33,169][root][INFO] - Reward: -0.9999976251289089
[2024-04-24 17:28:33,174][root][INFO] - --------------- Start iteration i=58 ---------------
[2024-04-24 17:28:33,174][root][INFO] - Length of data.x: 359
[2024-04-24 17:28:33,174][root][INFO] - Length of data.y: 359
[2024-04-24 17:28:33,732][root][INFO] - x: [-0.05143309  0.07524707  0.95878748 -0.34141065  0.32448598]
[2024-04-24 17:28:33,733][root][INFO] - y: [ 0.00752471 -0.0053102  -0.27168618  0.01794474]
[2024-04-24 17:28:33,733][root][INFO] - Reward: -0.9990777391396125
[2024-04-24 17:28:33,738][root][INFO] - --------------- Start iteration i=59 ---------------
[2024-04-24 17:28:33,738][root][INFO] - Length of data.x: 360
[2024-04-24 17:28:33,738][root][INFO] - Length of data.y: 360
[2024-04-24 17:28:34,277][root][INFO] - x: [-0.04390838  0.06993687  0.6871013  -0.32346591  0.45130804]
[2024-04-24 17:28:34,278][root][INFO] - y: [ 0.00699369 -0.08675943 -0.2574062   0.12982912]
[2024-04-24 17:28:34,278][root][INFO] - Reward: -0.8812267916291543
[2024-04-24 17:28:34,283][root][INFO] - --------------- Start iteration i=60 ---------------
[2024-04-24 17:28:34,283][root][INFO] - Length of data.x: 361
[2024-04-24 17:28:34,283][root][INFO] - Length of data.y: 361
[2024-04-24 17:29:21,848][root][INFO] - Eval Returns: [-21.91997797 -23.7300195  -22.14774169 -21.26043895 -18.51331145]
[2024-04-24 17:29:21,859][root][INFO] - Eval Returns: mean=-21.514 std=1.706
[2024-04-24 17:29:21,859][root][INFO] - Eval ndata: 361.000
[2024-04-24 17:29:21,859][root][INFO] - Model MSE (current real MPC): 0.529
[2024-04-24 17:29:23,545][root][INFO] - Model MSE (random test set): 0.366
[2024-04-24 17:29:23,545][root][INFO] - Model MSE (GT MPC): 0.060
[2024-04-24 17:29:23,545][root][INFO] - Model Likelihood (random test set): -3.723
[2024-04-24 17:29:23,545][root][INFO] - Model Likelihood (GT MPC): -3.682
[2024-04-24 17:29:23,545][root][INFO] - *[TIME] [Evaluate the current MPC policy] Elapsed: 48.73 seconds
[2024-04-24 17:29:26,702][root][INFO] - x: [-0.03691469 -0.01682256  0.4296951  -0.19363679  0.1998233 ]
[2024-04-24 17:29:26,703][root][INFO] - y: [-0.00168226 -0.01656497 -0.15409138  0.0921854 ]
[2024-04-24 17:29:26,703][root][INFO] - Reward: -0.3277834050880357
[2024-04-24 17:29:28,440][root][INFO] - --------------- Start iteration i=61 ---------------
[2024-04-24 17:29:28,440][root][INFO] - Length of data.x: 362
[2024-04-24 17:29:28,441][root][INFO] - Length of data.y: 362
[2024-04-24 17:29:29,096][root][INFO] - x: [-0.03859695 -0.03338753  0.27560372 -0.10145138  1.        ]
[2024-04-24 17:29:29,097][root][INFO] - y: [-0.00333875  0.07259003 -0.08073251  0.12183136]
[2024-04-24 17:29:29,097][root][INFO] - Reward: -0.13017337845218313
[2024-04-24 17:29:29,103][root][INFO] - --------------- Start iteration i=62 ---------------
[2024-04-24 17:29:29,103][root][INFO] - Length of data.x: 363
[2024-04-24 17:29:29,103][root][INFO] - Length of data.y: 363
[2024-04-24 17:29:29,716][root][INFO] - x: [-0.0419357   0.03920249  0.19487121  0.02037998  0.40459991]
[2024-04-24 17:29:29,717][root][INFO] - y: [0.00392025 0.04932018 0.01621788 0.09679574]
[2024-04-24 17:29:29,717][root][INFO] - Reward: -0.12217206829016869
[2024-04-24 17:29:29,722][root][INFO] - --------------- Start iteration i=63 ---------------
[2024-04-24 17:29:29,723][root][INFO] - Length of data.x: 364
[2024-04-24 17:29:29,723][root][INFO] - Length of data.y: 364
[2024-04-24 17:29:30,375][root][INFO] - x: [-0.03801545  0.08852268  0.21108909  0.11717572 -0.80629956]
[2024-04-24 17:29:30,376][root][INFO] - y: [ 0.00885227 -0.04074928  0.09324555  0.02833994]
[2024-04-24 17:29:30,376][root][INFO] - Reward: -0.5645352282961855
[2024-04-24 17:29:30,383][root][INFO] - --------------- Start iteration i=64 ---------------
[2024-04-24 17:29:30,383][root][INFO] - Length of data.x: 365
[2024-04-24 17:29:30,383][root][INFO] - Length of data.y: 365
[2024-04-24 17:29:31,105][root][INFO] - x: [-0.02916318  0.0477734   0.30433464  0.14551566 -1.        ]
[2024-04-24 17:29:31,106][root][INFO] - y: [ 0.00477734 -0.05637695  0.11579778  0.04771063]
[2024-04-24 17:29:31,107][root][INFO] - Reward: -0.9209648457468617
[2024-04-24 17:29:31,114][root][INFO] - --------------- Start iteration i=65 ---------------
[2024-04-24 17:29:31,114][root][INFO] - Length of data.x: 366
[2024-04-24 17:29:31,114][root][INFO] - Length of data.y: 366
[2024-04-24 17:29:31,828][root][INFO] - x: [-0.02438584 -0.00860355  0.42013242  0.1932263   0.61929355]
[2024-04-24 17:29:31,828][root][INFO] - y: [-0.00086035  0.00614281  0.15376473  0.09665018]
[2024-04-24 17:29:31,828][root][INFO] - Reward: -0.9946811774772807
[2024-04-24 17:29:31,834][root][INFO] - --------------- Start iteration i=66 ---------------
[2024-04-24 17:29:31,835][root][INFO] - Length of data.x: 367
[2024-04-24 17:29:31,835][root][INFO] - Length of data.y: 367
[2024-04-24 17:29:32,550][root][INFO] - x: [-0.0252462  -0.00246074  0.57389714  0.28987647  0.83148153]
[2024-04-24 17:29:32,551][root][INFO] - y: [-0.00024607 -0.04418688  0.23067656  0.10573185]
[2024-04-24 17:29:32,551][root][INFO] - Reward: -0.9999307723254584
[2024-04-24 17:29:32,557][root][INFO] - --------------- Start iteration i=67 ---------------
[2024-04-24 17:29:32,557][root][INFO] - Length of data.x: 368
[2024-04-24 17:29:32,557][root][INFO] - Length of data.y: 368
[2024-04-24 17:29:33,184][root][INFO] - x: [-0.02549227 -0.04664762  0.8045737   0.39560832  0.4864826 ]
[2024-04-24 17:29:33,184][root][INFO] - y: [-0.00466476 -0.102845    0.31481535  0.14063644]
[2024-04-24 17:29:33,185][root][INFO] - Reward: -0.999997521138257
[2024-04-24 17:29:33,190][root][INFO] - --------------- Start iteration i=68 ---------------
[2024-04-24 17:29:33,190][root][INFO] - Length of data.x: 369
[2024-04-24 17:29:33,191][root][INFO] - Length of data.y: 369
[2024-04-24 17:29:33,835][root][INFO] - x: [-0.03015703 -0.14949261 -0.88061095  0.53624476  0.26418779]
[2024-04-24 17:29:33,835][root][INFO] - y: [-0.01494926  0.18660213  0.42673036 -0.20960437]
[2024-04-24 17:29:33,836][root][INFO] - Reward: -0.999980416972692
[2024-04-24 17:29:33,841][root][INFO] - --------------- Start iteration i=69 ---------------
[2024-04-24 17:29:33,842][root][INFO] - Length of data.x: 370
[2024-04-24 17:29:33,842][root][INFO] - Length of data.y: 370
[2024-04-24 17:29:34,506][root][INFO] - x: [-0.0451063   0.03710952 -0.45388058  0.32664038 -0.74334498]
[2024-04-24 17:29:34,507][root][INFO] - y: [ 0.00371095  0.05662057  0.25993237 -0.08899599]
[2024-04-24 17:29:34,507][root][INFO] - Reward: -0.9907366004456027
[2024-04-24 17:29:34,513][root][INFO] - --------------- Start iteration i=70 ---------------
[2024-04-24 17:29:34,513][root][INFO] - Length of data.x: 371
[2024-04-24 17:29:34,514][root][INFO] - Length of data.y: 371
[2024-04-24 17:30:19,510][root][INFO] - Eval Returns: [-21.12919695 -17.16474347 -20.28504351 -20.48205645 -19.75904484]
[2024-04-24 17:30:19,520][root][INFO] - Eval Returns: mean=-19.764 std=1.372
[2024-04-24 17:30:19,520][root][INFO] - Eval ndata: 371.000
[2024-04-24 17:30:19,520][root][INFO] - Model MSE (current real MPC): 0.392
[2024-04-24 17:30:21,280][root][INFO] - Model MSE (random test set): 0.366
[2024-04-24 17:30:21,280][root][INFO] - Model MSE (GT MPC): 0.060
[2024-04-24 17:30:21,280][root][INFO] - Model Likelihood (random test set): -3.723
[2024-04-24 17:30:21,280][root][INFO] - Model Likelihood (GT MPC): -3.682
[2024-04-24 17:30:21,280][root][INFO] - *[TIME] [Evaluate the current MPC policy] Elapsed: 46.06 seconds
[2024-04-24 17:30:24,460][root][INFO] - x: [-0.04139534  0.09373009 -0.19394822  0.2376444  -0.21428016]
[2024-04-24 17:30:24,460][root][INFO] - y: [ 0.00937301  0.00182766  0.18911155 -0.05470093]
[2024-04-24 17:30:24,461][root][INFO] - Reward: -0.5800913685301721
[2024-04-24 17:30:26,051][root][INFO] - --------------- Start iteration i=71 ---------------
[2024-04-24 17:30:26,051][root][INFO] - Length of data.x: 372
[2024-04-24 17:30:26,051][root][INFO] - Length of data.y: 372
[2024-04-24 17:30:26,720][root][INFO] - x: [-0.03202234  0.09555775 -0.00483666  0.18294346  0.42137922]
[2024-04-24 17:30:26,721][root][INFO] - y: [0.00955577 0.03204462 0.1455819  0.03054885]
[2024-04-24 17:30:26,721][root][INFO] - Reward: -0.034265484346792774
[2024-04-24 17:30:26,727][root][INFO] - --------------- Start iteration i=72 ---------------
[2024-04-24 17:30:26,727][root][INFO] - Length of data.x: 373
[2024-04-24 17:30:26,727][root][INFO] - Length of data.y: 373
[2024-04-24 17:30:27,396][root][INFO] - x: [-0.02246656  0.12760237  0.14074524  0.21349231  1.        ]
[2024-04-24 17:30:27,396][root][INFO] - y: [0.01276024 0.06441437 0.16989192 0.10023891]
[2024-04-24 17:30:27,397][root][INFO] - Reward: -0.8404794857584402
[2024-04-24 17:30:27,403][root][INFO] - --------------- Start iteration i=73 ---------------
[2024-04-24 17:30:27,403][root][INFO] - Length of data.x: 374
[2024-04-24 17:30:27,403][root][INFO] - Length of data.y: 374
[2024-04-24 17:30:28,057][root][INFO] - x: [-0.00970632  0.19201674  0.31063716  0.31373123 -0.27256764]
[2024-04-24 17:30:28,058][root][INFO] - y: [ 0.01920167 -0.08487591  0.24965958  0.03376281]
[2024-04-24 17:30:28,059][root][INFO] - Reward: -0.9995951362455693
[2024-04-24 17:30:28,064][root][INFO] - --------------- Start iteration i=74 ---------------
[2024-04-24 17:30:28,065][root][INFO] - Length of data.x: 375
[2024-04-24 17:30:28,065][root][INFO] - Length of data.y: 375
[2024-04-24 17:30:28,735][root][INFO] - x: [0.00949535 0.10714083 0.56029674 0.34749404 0.04270291]
[2024-04-24 17:30:28,735][root][INFO] - y: [ 0.01071408 -0.116338    0.27652719  0.11834937]
[2024-04-24 17:30:28,736][root][INFO] - Reward: -0.9999942013907843
[2024-04-24 17:30:28,736][root][INFO] - Explore episode complete with return -20.38564864203011, resetting
[2024-04-24 17:30:28,736][root][INFO] - Exploration Episode Rewards: [-0.9999901440822645, -0.9999898488475724, -0.999991965563472, -0.9999956454119575, -0.9999984849738969, -0.999999558440132, -0.9999997483086551, -0.9999976251289089, -0.9990777391396125, -0.8812267916291543, -0.3277834050880357, -0.13017337845218313, -0.12217206829016869, -0.5645352282961855, -0.9209648457468617, -0.9946811774772807, -0.9999307723254584, -0.999997521138257, -0.999980416972692, -0.9907366004456027, -0.5800913685301721, -0.034265484346792774, -0.8404794857584402, -0.9995951362455693, -0.9999942013907843]
[2024-04-24 17:30:28,742][root][INFO] - --------------- Start iteration i=75 ---------------
[2024-04-24 17:30:28,742][root][INFO] - Length of data.x: 376
[2024-04-24 17:30:28,742][root][INFO] - Length of data.y: 376
[2024-04-24 17:30:29,360][root][INFO] - x: [ 4.67634880e-03 -1.79472163e-03  9.93211330e-01 -5.13397036e-04
  4.33604610e-01]
[2024-04-24 17:30:29,361][root][INFO] - y: [-0.00017947  0.06813048 -0.00040855 -0.06602056]
[2024-04-24 17:30:29,361][root][INFO] - Reward: -0.9999903104849364
[2024-04-24 17:30:29,367][root][INFO] - --------------- Start iteration i=76 ---------------
[2024-04-24 17:30:29,367][root][INFO] - Length of data.x: 377
[2024-04-24 17:30:29,367][root][INFO] - Length of data.y: 377
[2024-04-24 17:30:29,994][root][INFO] - x: [ 0.00449688  0.06633576  0.99280278 -0.06653396  0.34707082]
[2024-04-24 17:30:29,995][root][INFO] - y: [ 0.00663358  0.05297165 -0.05294608 -0.05073767]
[2024-04-24 17:30:29,995][root][INFO] - Reward: -0.9999918483600021
[2024-04-24 17:30:30,002][root][INFO] - --------------- Start iteration i=77 ---------------
[2024-04-24 17:30:30,002][root][INFO] - Length of data.x: 378
[2024-04-24 17:30:30,002][root][INFO] - Length of data.y: 378
[2024-04-24 17:30:30,600][root][INFO] - x: [ 0.01113045  0.11930741  0.9398567  -0.11727163  0.17124254]
[2024-04-24 17:30:30,601][root][INFO] - y: [ 0.01193074  0.01052276 -0.09332187  0.00810902]
[2024-04-24 17:30:30,601][root][INFO] - Reward: -0.9999955176903869
[2024-04-24 17:30:30,607][root][INFO] - --------------- Start iteration i=78 ---------------
[2024-04-24 17:30:30,607][root][INFO] - Length of data.x: 379
[2024-04-24 17:30:30,607][root][INFO] - Length of data.y: 379
[2024-04-24 17:30:31,214][root][INFO] - x: [ 0.02306119  0.12983017  0.84653482 -0.10916261 -0.10076447]
[2024-04-24 17:30:31,215][root][INFO] - y: [ 0.01298302 -0.04490073 -0.08686892  0.08531442]
[2024-04-24 17:30:31,220][root][INFO] - Reward: -0.9999984315303198
[2024-04-24 17:30:31,225][root][INFO] - --------------- Start iteration i=79 ---------------
[2024-04-24 17:30:31,225][root][INFO] - Length of data.x: 380
[2024-04-24 17:30:31,226][root][INFO] - Length of data.y: 380
[2024-04-24 17:30:31,862][root][INFO] - x: [ 0.03604421  0.08492944  0.7596659  -0.02384819 -0.08044092]
[2024-04-24 17:30:31,863][root][INFO] - y: [ 0.00849294 -0.03449837 -0.0189778   0.09242114]
[2024-04-24 17:30:31,863][root][INFO] - Reward: -0.9999994477819569
[2024-04-24 17:30:31,870][root][INFO] - --------------- Start iteration i=80 ---------------
[2024-04-24 17:30:31,870][root][INFO] - Length of data.x: 381
[2024-04-24 17:30:31,870][root][INFO] - Length of data.y: 381
[2024-04-24 17:31:15,067][root][INFO] - Eval Returns: [-22.32449249 -20.95731145 -23.05253735 -14.25203023 -21.722614  ]
[2024-04-24 17:31:15,080][root][INFO] - Eval Returns: mean=-20.462 std=3.181
[2024-04-24 17:31:15,080][root][INFO] - Eval ndata: 381.000
[2024-04-24 17:31:15,080][root][INFO] - Model MSE (current real MPC): 0.378
[2024-04-24 17:31:17,290][root][INFO] - Model MSE (random test set): 0.366
[2024-04-24 17:31:17,291][root][INFO] - Model MSE (GT MPC): 0.059
[2024-04-24 17:31:17,291][root][INFO] - Model Likelihood (random test set): -3.723
[2024-04-24 17:31:17,291][root][INFO] - Model Likelihood (GT MPC): -3.682
[2024-04-24 17:31:17,291][root][INFO] - *[TIME] [Evaluate the current MPC policy] Elapsed: 44.95 seconds
[2024-04-24 17:31:20,819][root][INFO] - x: [0.04453715 0.05043107 0.7406881  0.06857295 0.05010264]
[2024-04-24 17:31:20,820][root][INFO] - y: [ 0.00504311 -0.02074414  0.05456867  0.08567233]
[2024-04-24 17:31:20,820][root][INFO] - Reward: -0.9999997471037247
[2024-04-24 17:31:22,542][root][INFO] - --------------- Start iteration i=81 ---------------
[2024-04-24 17:31:22,542][root][INFO] - Length of data.x: 382
[2024-04-24 17:31:22,542][root][INFO] - Length of data.y: 382
[2024-04-24 17:31:23,124][root][INFO] - x: [ 0.04958026  0.02968693  0.79525677  0.15424528 -0.07713586]
[2024-04-24 17:31:23,124][root][INFO] - y: [ 0.00296869 -0.05140334  0.12274459  0.10002934]
[2024-04-24 17:31:23,125][root][INFO] - Reward: -0.9999996353317588
[2024-04-24 17:31:23,130][root][INFO] - --------------- Start iteration i=82 ---------------
[2024-04-24 17:31:23,131][root][INFO] - Length of data.x: 383
[2024-04-24 17:31:23,131][root][INFO] - Length of data.y: 383
[2024-04-24 17:31:23,737][root][INFO] - x: [ 0.05254895 -0.0217164   0.91800136  0.25427462 -0.41957833]
[2024-04-24 17:31:23,737][root][INFO] - y: [-0.00217164 -0.10203536  0.20234548  0.1236867 ]
[2024-04-24 17:31:23,738][root][INFO] - Reward: -0.9999883272384708
[2024-04-24 17:31:23,744][root][INFO] - --------------- Start iteration i=83 ---------------
[2024-04-24 17:31:23,744][root][INFO] - Length of data.x: 384
[2024-04-24 17:31:23,744][root][INFO] - Length of data.y: 384
[2024-04-24 17:31:24,370][root][INFO] - x: [ 0.05037731 -0.12375177 -0.87965316  0.37796132 -0.30254829]
[2024-04-24 17:31:24,371][root][INFO] - y: [-0.01237518  0.04888884  0.3007723  -0.08168552]
[2024-04-24 17:31:24,371][root][INFO] - Reward: -0.9916991047666036
[2024-04-24 17:31:24,377][root][INFO] - --------------- Start iteration i=84 ---------------
[2024-04-24 17:31:24,378][root][INFO] - Length of data.x: 385
[2024-04-24 17:31:24,378][root][INFO] - Length of data.y: 385
[2024-04-24 17:31:24,993][root][INFO] - x: [ 0.03800214 -0.07486293 -0.57888086  0.2962758  -0.49704767]
[2024-04-24 17:31:24,993][root][INFO] - y: [-0.00748629  0.04049324  0.23576898 -0.10513242]
[2024-04-24 17:31:24,994][root][INFO] - Reward: -0.6984180199449399
[2024-04-24 17:31:24,999][root][INFO] - --------------- Start iteration i=85 ---------------
[2024-04-24 17:31:25,000][root][INFO] - Length of data.x: 386
[2024-04-24 17:31:25,000][root][INFO] - Length of data.y: 386
[2024-04-24 17:31:25,578][root][INFO] - x: [ 0.03051585 -0.03436968 -0.34311187  0.19114338 -0.09847255]
[2024-04-24 17:31:25,579][root][INFO] - y: [-0.00343697  0.00580921  0.15210719 -0.08376294]
[2024-04-24 17:31:25,580][root][INFO] - Reward: -0.117428185610025
[2024-04-24 17:31:25,586][root][INFO] - --------------- Start iteration i=86 ---------------
[2024-04-24 17:31:25,586][root][INFO] - Length of data.x: 387
[2024-04-24 17:31:25,586][root][INFO] - Length of data.y: 387
[2024-04-24 17:31:26,148][root][INFO] - x: [ 0.02707888 -0.02856047 -0.19100468  0.10738044  0.72810598]
[2024-04-24 17:31:26,149][root][INFO] - y: [-0.00285605  0.08332032  0.08545071  0.01331185]
[2024-04-24 17:31:26,149][root][INFO] - Reward: -0.02579898915913359
[2024-04-24 17:31:26,154][root][INFO] - --------------- Start iteration i=87 ---------------
[2024-04-24 17:31:26,154][root][INFO] - Length of data.x: 388
[2024-04-24 17:31:26,154][root][INFO] - Length of data.y: 388
[2024-04-24 17:31:26,709][root][INFO] - x: [ 0.02422283  0.05475985 -0.10555397  0.1206923  -0.43891125]
[2024-04-24 17:31:26,710][root][INFO] - y: [ 0.00547598 -0.07721508  0.09604395 -0.10497873]
[2024-04-24 17:31:26,710][root][INFO] - Reward: -0.46367674430660744
[2024-04-24 17:31:26,716][root][INFO] - --------------- Start iteration i=88 ---------------
[2024-04-24 17:31:26,716][root][INFO] - Length of data.x: 389
[2024-04-24 17:31:26,716][root][INFO] - Length of data.y: 389
[2024-04-24 17:31:27,338][root][INFO] - x: [ 0.02969881 -0.02245523 -0.00951001  0.01571356 -0.86779249]
[2024-04-24 17:31:27,339][root][INFO] - y: [-0.00224552 -0.14016069  0.01250447 -0.14303158]
[2024-04-24 17:31:27,339][root][INFO] - Reward: -0.4663388936202809
[2024-04-24 17:31:27,345][root][INFO] - --------------- Start iteration i=89 ---------------
[2024-04-24 17:31:27,345][root][INFO] - Length of data.x: 390
[2024-04-24 17:31:27,345][root][INFO] - Length of data.y: 390
[2024-04-24 17:31:28,246][root][INFO] - x: [ 0.02745329 -0.16261592  0.00299445 -0.12731802 -1.        ]
[2024-04-24 17:31:28,247][root][INFO] - y: [-0.01626159 -0.15706429 -0.10131654 -0.15613355]
[2024-04-24 17:31:28,247][root][INFO] - Reward: -0.04514255298131098
[2024-04-24 17:31:28,251][root][INFO] - --------------- Start iteration i=90 ---------------
[2024-04-24 17:31:28,251][root][INFO] - Length of data.x: 391
[2024-04-24 17:31:28,251][root][INFO] - Length of data.y: 391
[2024-04-24 17:32:13,480][root][INFO] - Eval Returns: [-20.82620746 -19.69581069 -20.42931184 -23.25520267 -24.035885  ]
[2024-04-24 17:32:13,490][root][INFO] - Eval Returns: mean=-21.648 std=1.689
[2024-04-24 17:32:13,490][root][INFO] - Eval ndata: 391.000
[2024-04-24 17:32:13,490][root][INFO] - Model MSE (current real MPC): 0.391
[2024-04-24 17:32:15,245][root][INFO] - Model MSE (random test set): 0.366
[2024-04-24 17:32:15,245][root][INFO] - Model MSE (GT MPC): 0.059
[2024-04-24 17:32:15,245][root][INFO] - Model Likelihood (random test set): -3.723
[2024-04-24 17:32:15,245][root][INFO] - Model Likelihood (GT MPC): -3.682
[2024-04-24 17:32:15,245][root][INFO] - *[TIME] [Evaluate the current MPC policy] Elapsed: 46.55 seconds
[2024-04-24 17:32:19,764][root][INFO] - x: [ 0.0111917  -0.31968021 -0.09832209 -0.28345157 -0.72625474]
[2024-04-24 17:32:19,764][root][INFO] - y: [-0.03196802 -0.08670494 -0.22556378 -0.11245411]
[2024-04-24 17:32:19,765][root][INFO] - Reward: -0.9915662354802475
[2024-04-24 17:32:21,554][root][INFO] - --------------- Start iteration i=91 ---------------
[2024-04-24 17:32:21,554][root][INFO] - Length of data.x: 392
[2024-04-24 17:32:21,554][root][INFO] - Length of data.y: 392
[2024-04-24 17:32:22,320][root][INFO] - x: [-0.02077632 -0.40638515 -0.32388587 -0.39590568  0.69428831]
[2024-04-24 17:32:22,321][root][INFO] - y: [-0.04063852  0.16435482 -0.31505199  0.00281612]
[2024-04-24 17:32:22,322][root][INFO] - Reward: -0.9999999354324409
[2024-04-24 17:32:22,329][root][INFO] - --------------- Start iteration i=92 ---------------
[2024-04-24 17:32:22,329][root][INFO] - Length of data.x: 393
[2024-04-24 17:32:22,329][root][INFO] - Length of data.y: 393
[2024-04-24 17:32:23,081][root][INFO] - x: [-0.06141484 -0.24203033 -0.63893785 -0.39308956  1.        ]
[2024-04-24 17:32:23,082][root][INFO] - y: [-0.02420303  0.21201859 -0.31281098 -0.17862528]
[2024-04-24 17:32:23,083][root][INFO] - Reward: -0.9999999912958492
[2024-04-24 17:32:23,089][root][INFO] - --------------- Start iteration i=93 ---------------
[2024-04-24 17:32:23,089][root][INFO] - Length of data.x: 394
[2024-04-24 17:32:23,089][root][INFO] - Length of data.y: 394
[2024-04-24 17:32:23,813][root][INFO] - x: [-0.08561787 -0.03001174 -0.95174884 -0.57171484 -0.2468212 ]
[2024-04-24 17:32:23,814][root][INFO] - y: [-0.00300117  0.06270911 -0.45495658 -0.07681898]
[2024-04-24 17:32:23,814][root][INFO] - Reward: -0.9961596112370704
[2024-04-24 17:32:23,820][root][INFO] - --------------- Start iteration i=94 ---------------
[2024-04-24 17:32:23,820][root][INFO] - Length of data.x: 395
[2024-04-24 17:32:23,820][root][INFO] - Length of data.y: 395
[2024-04-24 17:32:24,504][root][INFO] - x: [-0.08861904  0.03269737  0.59329458 -0.64853382 -0.29618516]
[2024-04-24 17:32:24,505][root][INFO] - y: [ 0.00326974 -0.41583161 -0.51608723  0.21415177]
[2024-04-24 17:32:24,505][root][INFO] - Reward: -0.9821948609902594
[2024-04-24 17:32:24,512][root][INFO] - --------------- Start iteration i=95 ---------------
[2024-04-24 17:32:24,512][root][INFO] - Length of data.x: 396
[2024-04-24 17:32:24,512][root][INFO] - Length of data.y: 396
[2024-04-24 17:32:25,201][root][INFO] - x: [-0.08534931 -0.38313424  0.07720735 -0.43438205 -0.40481388]
[2024-04-24 17:32:25,202][root][INFO] - y: [-0.03831342 -0.07780391 -0.34567053 -0.0519405 ]
[2024-04-24 17:32:25,202][root][INFO] - Reward: -0.9999999999005159
[2024-04-24 17:32:25,209][root][INFO] - --------------- Start iteration i=96 ---------------
[2024-04-24 17:32:25,210][root][INFO] - Length of data.x: 397
[2024-04-24 17:32:25,210][root][INFO] - Length of data.y: 397
[2024-04-24 17:32:25,897][root][INFO] - x: [-0.12366273 -0.46093815 -0.26846318 -0.48632255  0.24803049]
[2024-04-24 17:32:25,898][root][INFO] - y: [-0.04609382  0.19699371 -0.3870035   0.05763982]
[2024-04-24 17:32:25,898][root][INFO] - Reward: -1.0
[2024-04-24 17:32:25,902][root][INFO] - --------------- Start iteration i=97 ---------------
[2024-04-24 17:32:25,902][root][INFO] - Length of data.x: 398
[2024-04-24 17:32:25,902][root][INFO] - Length of data.y: 398
[2024-04-24 17:32:26,575][root][INFO] - x: [-0.16975655 -0.26394444 -0.65546668 -0.42868272 -0.17401925]
[2024-04-24 17:32:26,576][root][INFO] - y: [-0.02639444  0.17585664 -0.34113515 -0.16923447]
[2024-04-24 17:32:26,576][root][INFO] - Reward: -1.0
[2024-04-24 17:32:26,582][root][INFO] - --------------- Start iteration i=98 ---------------
[2024-04-24 17:32:26,582][root][INFO] - Length of data.x: 399
[2024-04-24 17:32:26,583][root][INFO] - Length of data.y: 399
[2024-04-24 17:32:27,114][root][INFO] - x: [-0.19615099 -0.0880878  -0.99660182 -0.5979172  -0.23356907]
[2024-04-24 17:32:27,115][root][INFO] - y: [-0.00880878 -0.0109201  -0.47580777  0.0098709 ]
[2024-04-24 17:32:27,115][root][INFO] - Reward: -0.9999999984157663
[2024-04-24 17:32:27,119][root][INFO] - --------------- Start iteration i=99 ---------------
[2024-04-24 17:32:27,119][root][INFO] - Length of data.x: 400
[2024-04-24 17:32:27,119][root][INFO] - Length of data.y: 400
[2024-04-24 17:32:27,704][root][INFO] - x: [-0.20495977 -0.0990079   0.5275904  -0.5880463  -0.27132322]
[2024-04-24 17:32:27,705][root][INFO] - y: [-0.00990079 -0.33967559 -0.46795275  0.12723638]
[2024-04-24 17:32:27,705][root][INFO] - Reward: -0.9999999999999961
[2024-04-24 17:32:27,705][root][INFO] - Explore episode complete with return -20.7783863886626, resetting
[2024-04-24 17:32:27,705][root][INFO] - Exploration Episode Rewards: [-0.9999903104849364, -0.9999918483600021, -0.9999955176903869, -0.9999984315303198, -0.9999994477819569, -0.9999997471037247, -0.9999996353317588, -0.9999883272384708, -0.9916991047666036, -0.6984180199449399, -0.117428185610025, -0.02579898915913359, -0.46367674430660744, -0.4663388936202809, -0.04514255298131098, -0.9915662354802475, -0.9999999354324409, -0.9999999912958492, -0.9961596112370704, -0.9821948609902594, -0.9999999999005159, -1.0, -1.0, -0.9999999984157663, -0.9999999999999961]
[2024-04-24 17:32:27,712][root][INFO] - --------------- Start iteration i=100 ---------------
[2024-04-24 17:32:27,712][root][INFO] - Length of data.x: 401
[2024-04-24 17:32:27,712][root][INFO] - Length of data.y: 401
[2024-04-24 17:33:20,405][root][INFO] - Eval Returns: [-22.49946645 -21.26078987 -22.05136474 -18.29507466 -19.06479071]
[2024-04-24 17:33:20,419][root][INFO] - Eval Returns: mean=-20.634 std=1.662
[2024-04-24 17:33:20,419][root][INFO] - Eval ndata: 401.000
[2024-04-24 17:33:20,420][root][INFO] - Model MSE (current real MPC): 0.355
[2024-04-24 17:33:22,541][root][INFO] - Model MSE (random test set): 0.365
[2024-04-24 17:33:22,542][root][INFO] - Model MSE (GT MPC): 0.058
[2024-04-24 17:33:22,542][root][INFO] - Model Likelihood (random test set): -3.723
[2024-04-24 17:33:22,542][root][INFO] - Model Likelihood (GT MPC): -3.681
[2024-04-24 17:33:22,542][root][INFO] - *[TIME] [Evaluate the current MPC policy] Elapsed: 54.22 seconds
[2024-04-24 17:33:26,423][root][INFO] - x: [ 1.88060445e-03 -5.48349701e-04 -9.86719901e-01  3.08182644e-04
 -4.12889269e-01]
[2024-04-24 17:33:26,423][root][INFO] - y: [-5.48349701e-05 -6.35317068e-02  2.45244154e-04  5.93803901e-02]
[2024-04-24 17:33:26,424][root][INFO] - Reward: -0.9999899709162553
[2024-04-24 17:33:28,067][root][INFO] - --------------- Start iteration i=101 ---------------
[2024-04-24 17:33:28,067][root][INFO] - Length of data.x: 402
[2024-04-24 17:33:28,067][root][INFO] - Length of data.y: 402
[2024-04-24 17:33:28,716][root][INFO] - x: [ 0.00182577 -0.06408006 -0.98647466  0.05968857 -0.17915588]
[2024-04-24 17:33:28,717][root][INFO] - y: [-0.00640801 -0.02488498  0.0474987   0.0206909 ]
[2024-04-24 17:33:28,717][root][INFO] - Reward: -0.9999900215887289
[2024-04-24 17:33:28,724][root][INFO] - --------------- Start iteration i=102 ---------------
[2024-04-24 17:33:28,724][root][INFO] - Length of data.x: 403
[2024-04-24 17:33:28,724][root][INFO] - Length of data.y: 403
[2024-04-24 17:33:29,374][root][INFO] - x: [-0.00458224 -0.08896504 -0.93897596  0.08037947 -0.33082753]
[2024-04-24 17:33:29,375][root][INFO] - y: [-0.0088965  -0.01191549  0.063964   -0.00701411]
[2024-04-24 17:33:29,375][root][INFO] - Reward: -0.9999918874604029
[2024-04-24 17:33:29,381][root][INFO] - --------------- Start iteration i=103 ---------------
[2024-04-24 17:33:29,382][root][INFO] - Length of data.x: 404
[2024-04-24 17:33:29,382][root][INFO] - Length of data.y: 404
[2024-04-24 17:33:30,079][root][INFO] - x: [-0.01347874 -0.10088053 -0.87501196  0.07336536 -0.31960253]
[2024-04-24 17:33:30,080][root][INFO] - y: [-1.00880533e-02 -3.19970851e-05  5.83823447e-02 -3.75467442e-02]
[2024-04-24 17:33:30,081][root][INFO] - Reward: -0.9999952960525677
[2024-04-24 17:33:30,088][root][INFO] - --------------- Start iteration i=104 ---------------
[2024-04-24 17:33:30,088][root][INFO] - Length of data.x: 405
[2024-04-24 17:33:30,088][root][INFO] - Length of data.y: 405
[2024-04-24 17:33:30,804][root][INFO] - x: [-0.02356679 -0.10091253 -0.81662961  0.03581861  0.00403881]
[2024-04-24 17:33:30,806][root][INFO] - y: [-0.01009125  0.02538269  0.02850357 -0.07477938]
[2024-04-24 17:33:30,806][root][INFO] - Reward: -0.999998134766374
[2024-04-24 17:33:30,812][root][INFO] - --------------- Start iteration i=105 ---------------
[2024-04-24 17:33:30,813][root][INFO] - Length of data.x: 406
[2024-04-24 17:33:30,813][root][INFO] - Length of data.y: 406
[2024-04-24 17:33:31,529][root][INFO] - x: [-0.03365805 -0.07552984 -0.78812604 -0.03896077  0.28071412]
[2024-04-24 17:33:31,530][root][INFO] - y: [-0.00755298  0.0436927  -0.03100402 -0.09500908]
[2024-04-24 17:33:31,530][root][INFO] - Reward: -0.9999992495150749
[2024-04-24 17:33:31,537][root][INFO] - --------------- Start iteration i=106 ---------------
[2024-04-24 17:33:31,537][root][INFO] - Length of data.x: 407
[2024-04-24 17:33:31,537][root][INFO] - Length of data.y: 407
[2024-04-24 17:33:32,292][root][INFO] - x: [-0.04121103 -0.03183715 -0.81913006 -0.13396985  0.41088624]
[2024-04-24 17:33:32,293][root][INFO] - y: [-0.00318371  0.06355025 -0.10660991 -0.10640868]
[2024-04-24 17:33:32,293][root][INFO] - Reward: -0.9999991045738578
[2024-04-24 17:33:32,300][root][INFO] - --------------- Start iteration i=107 ---------------
[2024-04-24 17:33:32,300][root][INFO] - Length of data.x: 408
[2024-04-24 17:33:32,300][root][INFO] - Length of data.y: 408
[2024-04-24 17:33:33,087][root][INFO] - x: [-0.04439475  0.0317131  -0.92573997 -0.24037854  0.6094309 ]
[2024-04-24 17:33:33,089][root][INFO] - y: [ 0.00317131  0.07900362 -0.19128732 -0.09956589]
[2024-04-24 17:33:33,089][root][INFO] - Reward: -0.999984461002035
[2024-04-24 17:33:33,096][root][INFO] - --------------- Start iteration i=108 ---------------
[2024-04-24 17:33:33,097][root][INFO] - Length of data.x: 409
[2024-04-24 17:33:33,097][root][INFO] - Length of data.y: 409
[2024-04-24 17:33:33,799][root][INFO] - x: [-0.04122344  0.11071673  0.88297271 -0.33994443  0.27831735]
[2024-04-24 17:33:33,800][root][INFO] - y: [ 0.01107167 -0.05714333 -0.2705194   0.08862039]
[2024-04-24 17:33:33,801][root][INFO] - Reward: -0.9968624972243589
[2024-04-24 17:33:33,807][root][INFO] - --------------- Start iteration i=109 ---------------
[2024-04-24 17:33:33,807][root][INFO] - Length of data.x: 410
[2024-04-24 17:33:33,808][root][INFO] - Length of data.y: 410
[2024-04-24 17:33:34,483][root][INFO] - x: [-0.03015176  0.0535734   0.61245332 -0.25132404  0.35411653]
[2024-04-24 17:33:34,484][root][INFO] - y: [ 0.00535734 -0.0527087  -0.19999747  0.11037148]
[2024-04-24 17:33:34,484][root][INFO] - Reward: -0.9089850121595067
[2024-04-24 17:33:34,491][root][INFO] - --------------- Start iteration i=110 ---------------
[2024-04-24 17:33:34,491][root][INFO] - Length of data.x: 411
[2024-04-24 17:33:34,491][root][INFO] - Length of data.y: 411
[2024-04-24 17:33:38,891][root][INFO] - *[TIME] [Evaluate the current MPC policy] Elapsed: 3.63 seconds
