[2024-04-23 22:23:55,021][root][INFO] - Dumper dumping to /tirl/experiments/mpc_frozencartpole_initdata_gpforgetting_2024-04-23/22-23-39/seed_1
[2024-04-23 22:23:55,037][root][INFO] - Start obs: None
[2024-04-23 22:24:20,805][root][INFO] - GT Returns: [-10.61327804 -11.09567424 -10.3934208  -10.88918341 -10.614494  ]
[2024-04-23 22:24:20,805][root][INFO] - GT Returns: mean=-10.721 std=0.245
[2024-04-23 22:24:20,805][root][INFO] - Path Lengths: [36345, 36345, 36345, 36345, 36345]
[2024-04-23 22:24:20,806][root][INFO] - Path Lengths: mean=36345.000 std=0.000
[2024-04-23 22:24:20,862][root][INFO] - all_x.shape = (181725, 5)
[2024-04-23 22:24:20,867][root][INFO] - all_x.min(axis=0) = [-0.62916546 -0.94085947 -0.99998597 -0.84419762 -1.        ]
[2024-04-23 22:24:20,872][root][INFO] - all_x.max(axis=0) = [0.98572804 1.40030105 0.99999185 0.87464689 1.        ]
[2024-04-23 22:24:20,875][root][INFO] - all_x.mean(axis=0) = [-0.01012481 -0.00820254  0.02645442  0.02844725 -0.01132199]
[2024-04-23 22:24:20,883][root][INFO] - all_x.var(axis=0) = [0.00621318 0.02944237 0.23027939 0.07219236 0.23207996]
[2024-04-23 22:24:20,922][root][INFO] - --------------- Start iteration i=0 ---------------
[2024-04-23 22:24:20,922][root][INFO] - Length of data.x: 301
[2024-04-23 22:24:20,923][root][INFO] - Length of data.y: 301
[2024-04-23 22:24:46,767][root][INFO] - Eval Returns: [-17.81785828 -16.88719918 -11.3690176  -14.78570486 -16.34596238]
[2024-04-23 22:24:46,775][root][INFO] - Eval Returns: mean=-15.441 std=2.261
[2024-04-23 22:24:46,776][root][INFO] - Eval ndata: 301.000
[2024-04-23 22:24:46,776][root][INFO] - Model MSE (current real MPC): 0.384
[2024-04-23 22:24:48,237][root][INFO] - Model MSE (random test set): 0.003
[2024-04-23 22:24:48,238][root][INFO] - Model MSE (GT MPC): 0.001
[2024-04-23 22:24:48,238][root][INFO] - Model Likelihood (random test set): -3.726
[2024-04-23 22:24:48,238][root][INFO] - Model Likelihood (GT MPC): -3.782
[2024-04-23 22:24:48,238][root][INFO] - *[TIME] [Evaluate the current MPC policy] Elapsed: 26.88 seconds
