[2024-04-19 19:42:11,433][root][INFO] - Dumper dumping to /trajectory-information-rl/experiments/mpc_frozencartpole_2024-04-19/19-42-05/seed_4
[2024-04-19 19:42:11,438][root][INFO] - Start obs: None
[2024-04-19 19:42:25,169][root][INFO] - GT Returns: [-13.235637   -10.47069555 -10.16443058 -11.16856798 -10.36074988]
[2024-04-19 19:42:25,169][root][INFO] - GT Returns: mean=-11.080 std=1.130
[2024-04-19 19:42:25,169][root][INFO] - Path Lengths: [36345, 36345, 36345, 36345, 36345]
[2024-04-19 19:42:25,169][root][INFO] - Path Lengths: mean=36345.000 std=0.000
[2024-04-19 19:42:25,234][root][INFO] - all_x.shape = (181725, 5)
[2024-04-19 19:42:25,239][root][INFO] - all_x.min(axis=0) = [-0.58712448 -0.91219507 -0.99999651 -0.80130986 -1.        ]
[2024-04-19 19:42:25,243][root][INFO] - all_x.max(axis=0) = [0.97800544 1.49671221 0.99999454 0.85751793 1.        ]
[2024-04-19 19:42:25,246][root][INFO] - all_x.mean(axis=0) = [-0.00880955  0.00277758  0.00397865 -0.00737914  0.00597112]
[2024-04-19 19:42:25,253][root][INFO] - all_x.var(axis=0) = [0.00547271 0.02699373 0.23271039 0.06951979 0.21377167]
[2024-04-19 19:42:25,288][root][INFO] - --------------- Start iteration i=0 ---------------
[2024-04-19 19:42:25,289][root][INFO] - Length of data.x: 32
[2024-04-19 19:42:25,289][root][INFO] - Length of data.y: 32
[2024-04-19 19:42:32,429][root][INFO] - Eval Returns: [-14.28353815 -20.75721816 -19.71821577 -19.82726302 -22.6274732 ]
[2024-04-19 19:42:32,434][root][INFO] - Eval Returns: mean=-19.443 std=2.782
[2024-04-19 19:42:32,434][root][INFO] - Eval ndata: 32.000
[2024-04-19 19:42:32,434][root][INFO] - Model MSE (current real MPC): 0.397
[2024-04-19 19:42:33,509][root][INFO] - Model MSE (random test set): 0.161
[2024-04-19 19:42:33,510][root][INFO] - Model MSE (GT MPC): 0.019
[2024-04-19 19:42:33,510][root][INFO] - Model Likelihood (random test set): -3.828
[2024-04-19 19:42:33,510][root][INFO] - Model Likelihood (GT MPC): -3.720
[2024-04-19 19:42:33,510][root][INFO] - *[TIME] [Evaluate the current MPC policy] Elapsed: 8.01 seconds
[2024-04-19 19:42:35,292][root][INFO] - x: [-1.90888218e-03  4.87713815e-04  9.99590234e-01  5.47670892e-04
  2.86208958e-01]
[2024-04-19 19:42:35,292][root][INFO] - y: [ 4.87713815e-05  2.28128920e-02  4.35823000e-04 -2.26862097e-02]
[2024-04-19 19:42:35,292][root][INFO] - Reward: -0.9999900980916822
[2024-04-19 19:42:36,820][root][INFO] - --------------- Start iteration i=1 ---------------
[2024-04-19 19:42:36,821][root][INFO] - Length of data.x: 33
[2024-04-19 19:42:36,821][root][INFO] - Length of data.y: 33
[2024-04-19 19:42:36,994][root][INFO] - x: [-0.00186011  0.02330061 -0.99997394 -0.02213854  0.53612225]
[2024-04-19 19:42:36,994][root][INFO] - y: [ 0.00233006  0.042522   -0.0176173  -0.04253029]
[2024-04-19 19:42:36,994][root][INFO] - Reward: -0.9999900094832116
[2024-04-19 19:42:36,995][root][INFO] - --------------- Start iteration i=2 ---------------
[2024-04-19 19:42:36,995][root][INFO] - Length of data.x: 34
[2024-04-19 19:42:36,995][root][INFO] - Length of data.y: 34
[2024-04-19 19:42:37,159][root][INFO] - x: [ 4.69949778e-04  6.58226105e-02  9.82408754e-01 -6.46688311e-02
  5.36012167e-01]
[2024-04-19 19:42:37,159][root][INFO] - y: [ 0.00658226  0.08096433 -0.05146186 -0.07541625]
[2024-04-19 19:42:37,159][root][INFO] - Reward: -0.9999905594714505
[2024-04-19 19:42:37,160][root][INFO] - --------------- Start iteration i=3 ---------------
[2024-04-19 19:42:37,160][root][INFO] - Length of data.x: 35
[2024-04-19 19:42:37,160][root][INFO] - Length of data.y: 35
[2024-04-19 19:42:37,324][root][INFO] - x: [ 0.00705221  0.14678694  0.93094689 -0.14008508  0.03656798]
[2024-04-19 19:42:37,324][root][INFO] - y: [ 0.01467869 -0.01480669 -0.11147626  0.03559635]
[2024-04-19 19:42:37,324][root][INFO] - Reward: -0.999994532692189
[2024-04-19 19:42:37,325][root][INFO] - --------------- Start iteration i=4 ---------------
[2024-04-19 19:42:37,325][root][INFO] - Length of data.x: 36
[2024-04-19 19:42:37,325][root][INFO] - Length of data.y: 36
[2024-04-19 19:42:37,489][root][INFO] - x: [ 0.0217309   0.13198025  0.81947063 -0.10448873 -0.32159746]
[2024-04-19 19:42:37,490][root][INFO] - y: [ 0.01319802 -0.07591671 -0.08314956  0.11678695]
[2024-04-19 19:42:37,490][root][INFO] - Reward: -0.999997956705619
[2024-04-19 19:42:37,491][root][INFO] - --------------- Start iteration i=5 ---------------
[2024-04-19 19:42:37,491][root][INFO] - Length of data.x: 37
[2024-04-19 19:42:37,491][root][INFO] - Length of data.y: 37
[2024-04-19 19:42:37,659][root][INFO] - x: [0.03492893 0.05606354 0.73632107 0.01229822 0.23859475]
[2024-04-19 19:42:37,659][root][INFO] - y: [0.00560635 0.00585307 0.00978662 0.06839987]
[2024-04-19 19:42:37,659][root][INFO] - Reward: -0.99999906468202
[2024-04-19 19:42:37,660][root][INFO] - --------------- Start iteration i=6 ---------------
[2024-04-19 19:42:37,660][root][INFO] - Length of data.x: 38
[2024-04-19 19:42:37,660][root][INFO] - Length of data.y: 38
[2024-04-19 19:42:37,826][root][INFO] - x: [ 0.04053528  0.06191661  0.74610769  0.08069808 -0.2307988 ]
[2024-04-19 19:42:37,826][root][INFO] - y: [ 0.00619166 -0.05687961  0.06421755  0.11000697]
[2024-04-19 19:42:37,827][root][INFO] - Reward: -0.9999996232223382
[2024-04-19 19:42:37,827][root][INFO] - --------------- Start iteration i=7 ---------------
[2024-04-19 19:42:37,827][root][INFO] - Length of data.x: 39
[2024-04-19 19:42:37,827][root][INFO] - Length of data.y: 39
[2024-04-19 19:42:37,998][root][INFO] - x: [ 0.04672695  0.005037    0.81032524  0.19070505 -0.34382238]
[2024-04-19 19:42:37,998][root][INFO] - y: [ 0.0005037  -0.09510419  0.15175838  0.13382704]
[2024-04-19 19:42:37,998][root][INFO] - Reward: -0.999998987006774
[2024-04-19 19:42:37,999][root][INFO] - --------------- Start iteration i=8 ---------------
[2024-04-19 19:42:37,999][root][INFO] - Length of data.x: 40
[2024-04-19 19:42:37,999][root][INFO] - Length of data.y: 40
[2024-04-19 19:42:38,166][root][INFO] - x: [ 0.04723065 -0.09006719  0.96208362  0.32453209 -0.44841368]
[2024-04-19 19:42:38,166][root][INFO] - y: [-0.00900672 -0.09522491  0.25825464  0.10622007]
[2024-04-19 19:42:38,167][root][INFO] - Reward: -0.9998791626933887
[2024-04-19 19:42:38,167][root][INFO] - --------------- Start iteration i=9 ---------------
[2024-04-19 19:42:38,167][root][INFO] - Length of data.x: 41
[2024-04-19 19:42:38,167][root][INFO] - Length of data.y: 41
[2024-04-19 19:42:38,335][root][INFO] - x: [ 0.03822393 -0.1852921  -0.77966174  0.43075216 -0.05223623]
[2024-04-19 19:42:38,335][root][INFO] - y: [-0.01852921  0.16167743  0.34278196 -0.18714037]
[2024-04-19 19:42:38,335][root][INFO] - Reward: -0.9541294793262562
[2024-04-19 19:42:38,336][root][INFO] - --------------- Start iteration i=10 ---------------
[2024-04-19 19:42:38,336][root][INFO] - Length of data.x: 42
[2024-04-19 19:42:38,336][root][INFO] - Length of data.y: 42
[2024-04-19 19:42:45,824][root][INFO] - Eval Returns: [-18.06479491 -18.75207308 -16.69010951 -22.35170359 -15.31259942]
[2024-04-19 19:42:45,829][root][INFO] - Eval Returns: mean=-18.234 std=2.374
[2024-04-19 19:42:45,829][root][INFO] - Eval ndata: 42.000
[2024-04-19 19:42:45,829][root][INFO] - Model MSE (current real MPC): 0.355
[2024-04-19 19:42:46,920][root][INFO] - Model MSE (random test set): 0.154
[2024-04-19 19:42:46,920][root][INFO] - Model MSE (GT MPC): 0.015
[2024-04-19 19:42:46,920][root][INFO] - Model Likelihood (random test set): -3.845
[2024-04-19 19:42:46,920][root][INFO] - Model Likelihood (GT MPC): -3.723
[2024-04-19 19:42:46,920][root][INFO] - *[TIME] [Evaluate the current MPC policy] Elapsed: 8.42 seconds
[2024-04-19 19:42:49,535][root][INFO] - x: [ 0.01969472 -0.02361467 -0.43687979  0.24361179 -0.22792271]
[2024-04-19 19:42:49,536][root][INFO] - y: [-0.00236147  0.02524608  0.19386026 -0.09130205]
[2024-04-19 19:42:49,536][root][INFO] - Reward: -0.4976951902405041
[2024-04-19 19:42:50,494][root][INFO] - --------------- Start iteration i=11 ---------------
[2024-04-19 19:42:50,494][root][INFO] - Length of data.x: 43
[2024-04-19 19:42:50,494][root][INFO] - Length of data.y: 43
[2024-04-19 19:42:50,676][root][INFO] - x: [ 0.01733325  0.00163141 -0.24301953  0.15230974 -0.16182966]
[2024-04-19 19:42:50,676][root][INFO] - y: [ 0.00016314 -0.02431568  0.12120434 -0.08546519]
[2024-04-19 19:42:50,676][root][INFO] - Reward: -0.0337644446576687
[2024-04-19 19:42:50,677][root][INFO] - --------------- Start iteration i=12 ---------------
[2024-04-19 19:42:50,677][root][INFO] - Length of data.x: 44
[2024-04-19 19:42:50,677][root][INFO] - Length of data.y: 44
[2024-04-19 19:42:51,023][root][INFO] - x: [ 0.01749639 -0.02268427 -0.12181519  0.06684455  0.29586782]
[2024-04-19 19:42:51,023][root][INFO] - y: [-0.00226843  0.02749392  0.05319325 -0.01116481]
[2024-04-19 19:42:51,023][root][INFO] - Reward: -0.0061056411450926
[2024-04-19 19:42:51,024][root][INFO] - --------------- Start iteration i=13 ---------------
[2024-04-19 19:42:51,024][root][INFO] - Length of data.x: 45
[2024-04-19 19:42:51,024][root][INFO] - Length of data.y: 45
[2024-04-19 19:42:51,192][root][INFO] - x: [ 0.01522796  0.00480965 -0.06862194  0.05567974 -0.34061369]
[2024-04-19 19:42:51,193][root][INFO] - y: [ 0.00048096 -0.06413173  0.04430856 -0.08365377]
[2024-04-19 19:42:51,193][root][INFO] - Reward: -0.0943782550334683
[2024-04-19 19:42:51,193][root][INFO] - --------------- Start iteration i=14 ---------------
[2024-04-19 19:42:51,193][root][INFO] - Length of data.x: 46
[2024-04-19 19:42:51,194][root][INFO] - Length of data.y: 46
[2024-04-19 19:42:51,362][root][INFO] - x: [ 0.01570893 -0.05932208 -0.02431338 -0.02797403  0.49666916]
[2024-04-19 19:42:51,362][root][INFO] - y: [-0.00593221  0.07575813 -0.02226104  0.06804375]
[2024-04-19 19:42:51,362][root][INFO] - Reward: -0.0011751251910970817
[2024-04-19 19:42:51,363][root][INFO] - --------------- Start iteration i=15 ---------------
[2024-04-19 19:42:51,363][root][INFO] - Length of data.x: 47
[2024-04-19 19:42:51,363][root][INFO] - Length of data.y: 47
[2024-04-19 19:42:51,531][root][INFO] - x: [ 0.00977672  0.01643604 -0.04657442  0.04006972 -0.13922406]
[2024-04-19 19:42:51,531][root][INFO] - y: [ 0.0016436  -0.03029978  0.0318865  -0.0442932 ]
[2024-04-19 19:42:51,531][root][INFO] - Reward: -0.058140014132879614
[2024-04-19 19:42:51,532][root][INFO] - --------------- Start iteration i=16 ---------------
[2024-04-19 19:42:51,532][root][INFO] - Length of data.x: 48
[2024-04-19 19:42:51,532][root][INFO] - Length of data.y: 48
[2024-04-19 19:42:51,699][root][INFO] - x: [ 0.01142032 -0.01386373 -0.01468792 -0.00422348 -0.10597402]
[2024-04-19 19:42:51,700][root][INFO] - y: [-0.00138637 -0.01942291 -0.00336094 -0.02393191]
[2024-04-19 19:42:51,700][root][INFO] - Reward: -0.034598929412637425
[2024-04-19 19:42:51,701][root][INFO] - --------------- Start iteration i=17 ---------------
[2024-04-19 19:42:51,701][root][INFO] - Length of data.x: 49
[2024-04-19 19:42:51,701][root][INFO] - Length of data.y: 49
[2024-04-19 19:42:51,870][root][INFO] - x: [ 0.01003395 -0.03328664 -0.01804886 -0.02815539  0.33364075]
[2024-04-19 19:42:51,870][root][INFO] - y: [-0.00332866  0.05055135 -0.02240537  0.04490494]
[2024-04-19 19:42:51,870][root][INFO] - Reward: -0.0008344646132852906
[2024-04-19 19:42:51,871][root][INFO] - --------------- Start iteration i=18 ---------------
[2024-04-19 19:42:51,871][root][INFO] - Length of data.x: 50
[2024-04-19 19:42:51,871][root][INFO] - Length of data.y: 50
[2024-04-19 19:42:52,040][root][INFO] - x: [ 0.00670529  0.01726471 -0.04045423  0.01674955 -0.12618004]
[2024-04-19 19:42:52,041][root][INFO] - y: [ 0.00172647 -0.02755391  0.01332888 -0.03977841]
[2024-04-19 19:42:52,041][root][INFO] - Reward: -0.008842774756375404
[2024-04-19 19:42:52,042][root][INFO] - --------------- Start iteration i=19 ---------------
[2024-04-19 19:42:52,042][root][INFO] - Length of data.x: 51
[2024-04-19 19:42:52,042][root][INFO] - Length of data.y: 51
[2024-04-19 19:42:52,212][root][INFO] - x: [ 0.00843176 -0.01028921 -0.02712535 -0.02302887  0.2126714 ]
[2024-04-19 19:42:52,212][root][INFO] - y: [-0.00102892  0.02913642 -0.0183258   0.02067253]
[2024-04-19 19:42:52,212][root][INFO] - Reward: -0.0013287344373233978
[2024-04-19 19:42:52,213][root][INFO] - --------------- Start iteration i=20 ---------------
[2024-04-19 19:42:52,213][root][INFO] - Length of data.x: 52
[2024-04-19 19:42:52,213][root][INFO] - Length of data.y: 52
[2024-04-19 19:43:00,158][root][INFO] - Eval Returns: [-18.93542828 -20.75964525 -15.25745788 -13.13797071 -18.54558111]
[2024-04-19 19:43:00,163][root][INFO] - Eval Returns: mean=-17.327 std=2.745
[2024-04-19 19:43:00,163][root][INFO] - Eval ndata: 52.000
[2024-04-19 19:43:00,163][root][INFO] - Model MSE (current real MPC): 0.392
[2024-04-19 19:43:01,279][root][INFO] - Model MSE (random test set): 0.192
[2024-04-19 19:43:01,279][root][INFO] - Model MSE (GT MPC): 0.019
[2024-04-19 19:43:01,279][root][INFO] - Model Likelihood (random test set): -3.946
[2024-04-19 19:43:01,279][root][INFO] - Model Likelihood (GT MPC): -3.754
[2024-04-19 19:43:01,279][root][INFO] - *[TIME] [Evaluate the current MPC policy] Elapsed: 8.90 seconds
[2024-04-19 19:43:04,141][root][INFO] - x: [ 0.00740284  0.01884721 -0.04545116 -0.00235634 -0.04994796]
[2024-04-19 19:43:04,142][root][INFO] - y: [ 0.00188472 -0.01639211 -0.00187511 -0.03019956]
[2024-04-19 19:43:04,142][root][INFO] - Reward: -0.00047817403682837156
[2024-04-19 19:43:05,112][root][INFO] - --------------- Start iteration i=21 ---------------
[2024-04-19 19:43:05,112][root][INFO] - Length of data.x: 53
[2024-04-19 19:43:05,112][root][INFO] - Length of data.y: 53
[2024-04-19 19:43:05,314][root][INFO] - x: [ 0.00928756  0.0024551  -0.04732627 -0.03255589  0.29826702]
[2024-04-19 19:43:05,315][root][INFO] - y: [ 0.00024551  0.03877673 -0.02590718  0.02380231]
[2024-04-19 19:43:05,315][root][INFO] - Reward: -0.0156514043885273
[2024-04-19 19:43:05,316][root][INFO] - --------------- Start iteration i=22 ---------------
[2024-04-19 19:43:05,316][root][INFO] - Length of data.x: 54
[2024-04-19 19:43:05,316][root][INFO] - Length of data.y: 54
[2024-04-19 19:43:05,497][root][INFO] - x: [ 0.00953307  0.04123184 -0.07323345 -0.00875358  0.18599642]
[2024-04-19 19:43:05,498][root][INFO] - y: [ 0.00412318  0.01555809 -0.00696588 -0.00724589]
[2024-04-19 19:43:05,498][root][INFO] - Reward: -0.00421713000575108
[2024-04-19 19:43:05,499][root][INFO] - --------------- Start iteration i=23 ---------------
[2024-04-19 19:43:05,499][root][INFO] - Length of data.x: 55
[2024-04-19 19:43:05,499][root][INFO] - Length of data.y: 55
[2024-04-19 19:43:05,673][root][INFO] - x: [ 0.01365625  0.05678993 -0.08019933 -0.01599947  0.10727204]
[2024-04-19 19:43:05,673][root][INFO] - y: [ 0.00567899  0.00204942 -0.01273198 -0.02249617]
[2024-04-19 19:43:05,673][root][INFO] - Reward: -0.00853485075982574
[2024-04-19 19:43:05,674][root][INFO] - --------------- Start iteration i=24 ---------------
[2024-04-19 19:43:05,674][root][INFO] - Length of data.x: 56
[2024-04-19 19:43:05,674][root][INFO] - Length of data.y: 56
[2024-04-19 19:43:05,849][root][INFO] - x: [ 0.01933525  0.05883935 -0.09293131 -0.03849564  0.23894105]
[2024-04-19 19:43:05,850][root][INFO] - y: [ 0.00588393  0.0206611  -0.03063388 -0.00847734]
[2024-04-19 19:43:05,850][root][INFO] - Reward: -0.0207586136827288
[2024-04-19 19:43:05,850][root][INFO] - Explore episode complete with return -10.740473219868923, resetting
[2024-04-19 19:43:05,850][root][INFO] - Exploration Episode Rewards: [-0.9999900980916822, -0.9999900094832116, -0.9999905594714505, -0.999994532692189, -0.999997956705619, -0.99999906468202, -0.9999996232223382, -0.999998987006774, -0.9998791626933887, -0.9541294793262562, -0.4976951902405041, -0.0337644446576687, -0.0061056411450926, -0.0943782550334683, -0.0011751251910970817, -0.058140014132879614, -0.034598929412637425, -0.0008344646132852906, -0.008842774756375404, -0.0013287344373233978, -0.00047817403682837156, -0.0156514043885273, -0.00421713000575108, -0.00853485075982574, -0.0207586136827288]
[2024-04-19 19:43:05,851][root][INFO] - --------------- Start iteration i=25 ---------------
[2024-04-19 19:43:05,851][root][INFO] - Length of data.x: 57
[2024-04-19 19:43:05,851][root][INFO] - Length of data.y: 57
[2024-04-19 19:43:06,026][root][INFO] - x: [ 1.47505497e-03 -1.69351729e-03  9.98570917e-01  7.02148704e-04
  5.78715096e-01]
[2024-04-19 19:43:06,027][root][INFO] - y: [-0.00016935  0.09235572  0.00055875 -0.09191366]
[2024-04-19 19:43:06,027][root][INFO] - Reward: -0.9999900872164222
[2024-04-19 19:43:06,028][root][INFO] - --------------- Start iteration i=26 ---------------
[2024-04-19 19:43:06,028][root][INFO] - Length of data.x: 58
[2024-04-19 19:43:06,028][root][INFO] - Length of data.y: 58
[2024-04-19 19:43:06,202][root][INFO] - x: [ 0.0013057   0.0906622   0.99912967 -0.09121151  0.24154611]
[2024-04-19 19:43:06,202][root][INFO] - y: [ 0.00906622  0.03700121 -0.07258387 -0.03673233]
[2024-04-19 19:43:06,202][root][INFO] - Reward: -0.9999915480497689
[2024-04-19 19:43:06,203][root][INFO] - --------------- Start iteration i=27 ---------------
[2024-04-19 19:43:06,203][root][INFO] - Length of data.x: 59
[2024-04-19 19:43:06,203][root][INFO] - Length of data.y: 59
[2024-04-19 19:43:06,378][root][INFO] - x: [ 0.01037192  0.12766341  0.9265458  -0.12794384  0.22282405]
[2024-04-19 19:43:06,378][root][INFO] - y: [ 0.01276634  0.0144213  -0.10181455  0.00842157]
[2024-04-19 19:43:06,378][root][INFO] - Reward: -0.9999952585922767
[2024-04-19 19:43:06,379][root][INFO] - --------------- Start iteration i=28 ---------------
[2024-04-19 19:43:06,379][root][INFO] - Length of data.x: 60
[2024-04-19 19:43:06,379][root][INFO] - Length of data.y: 60
[2024-04-19 19:43:06,556][root][INFO] - x: [ 0.02313826  0.14208471  0.82473124 -0.11952227 -0.08780168]
[2024-04-19 19:43:06,556][root][INFO] - y: [ 0.01420847 -0.0462141  -0.09511287  0.09076376]
[2024-04-19 19:43:06,556][root][INFO] - Reward: -0.9999984418271999
[2024-04-19 19:43:06,557][root][INFO] - --------------- Start iteration i=29 ---------------
[2024-04-19 19:43:06,558][root][INFO] - Length of data.x: 61
[2024-04-19 19:43:06,558][root][INFO] - Length of data.y: 61
[2024-04-19 19:43:06,733][root][INFO] - x: [ 0.03734674  0.09587061  0.72961837 -0.02875851 -0.20922799]
[2024-04-19 19:43:06,733][root][INFO] - y: [ 0.00958706 -0.04868863 -0.02288531  0.10589333]
[2024-04-19 19:43:06,734][root][INFO] - Reward: -0.9999995408926614
[2024-04-19 19:43:06,735][root][INFO] - --------------- Start iteration i=30 ---------------
[2024-04-19 19:43:06,735][root][INFO] - Length of data.x: 62
[2024-04-19 19:43:06,735][root][INFO] - Length of data.y: 62
[2024-04-19 19:43:15,229][root][INFO] - Eval Returns: [-15.39719661 -16.83945544 -16.07274258 -15.15133658 -11.6464761 ]
[2024-04-19 19:43:15,235][root][INFO] - Eval Returns: mean=-15.021 std=1.787
[2024-04-19 19:43:15,235][root][INFO] - Eval ndata: 62.000
[2024-04-19 19:43:15,235][root][INFO] - Model MSE (current real MPC): 0.385
[2024-04-19 19:43:16,351][root][INFO] - Model MSE (random test set): 0.197
[2024-04-19 19:43:16,351][root][INFO] - Model MSE (GT MPC): 0.019
[2024-04-19 19:43:16,351][root][INFO] - Model Likelihood (random test set): -3.958
[2024-04-19 19:43:16,351][root][INFO] - Model Likelihood (GT MPC): -3.757
[2024-04-19 19:43:16,351][root][INFO] - *[TIME] [Evaluate the current MPC policy] Elapsed: 9.44 seconds
[2024-04-19 19:43:19,117][root][INFO] - x: [0.0469338  0.04718197 0.70673306 0.07713482 0.02564982]
[2024-04-19 19:43:19,117][root][INFO] - y: [ 0.0047182  -0.02327803  0.06138199  0.09228467]
[2024-04-19 19:43:19,117][root][INFO] - Reward: -0.9999998132497023
[2024-04-19 19:43:20,092][root][INFO] - --------------- Start iteration i=31 ---------------
[2024-04-19 19:43:20,092][root][INFO] - Length of data.x: 63
[2024-04-19 19:43:20,092][root][INFO] - Length of data.y: 63
[2024-04-19 19:43:20,299][root][INFO] - x: [ 0.05165199  0.02390394  0.76811505  0.16941949 -0.32099619]
[2024-04-19 19:43:20,299][root][INFO] - y: [ 0.00239039 -0.08663558  0.13481985  0.13002181]
[2024-04-19 19:43:20,300][root][INFO] - Reward: -0.9999997362792475
[2024-04-19 19:43:20,301][root][INFO] - --------------- Start iteration i=32 ---------------
[2024-04-19 19:43:20,301][root][INFO] - Length of data.x: 64
[2024-04-19 19:43:20,301][root][INFO] - Length of data.y: 64
[2024-04-19 19:43:20,480][root][INFO] - x: [ 0.05404239 -0.06273163  0.9029349   0.2994413  -0.33393929]
[2024-04-19 19:43:20,480][root][INFO] - y: [-0.00627316 -0.10405382  0.238288    0.12873654]
[2024-04-19 19:43:20,480][root][INFO] - Reward: -0.9999799916896419
[2024-04-19 19:43:20,482][root][INFO] - --------------- Start iteration i=33 ---------------
[2024-04-19 19:43:20,482][root][INFO] - Length of data.x: 65
[2024-04-19 19:43:20,482][root][INFO] - Length of data.y: 65
[2024-04-19 19:43:20,663][root][INFO] - x: [ 0.04776923 -0.16678545 -0.8587771   0.42817784 -0.22209408]
[2024-04-19 19:43:20,664][root][INFO] - y: [-0.01667854  0.09726966  0.34073337 -0.13000514]
[2024-04-19 19:43:20,664][root][INFO] - Reward: -0.9793434338733585
[2024-04-19 19:43:20,665][root][INFO] - --------------- Start iteration i=34 ---------------
[2024-04-19 19:43:20,665][root][INFO] - Length of data.x: 66
[2024-04-19 19:43:20,665][root][INFO] - Length of data.y: 66
[2024-04-19 19:43:20,845][root][INFO] - x: [ 0.03109068 -0.06951579 -0.51804372  0.2981727  -0.27419792]
[2024-04-19 19:43:20,845][root][INFO] - y: [-0.00695158  0.0586453   0.23727849 -0.10136479]
[2024-04-19 19:43:20,846][root][INFO] - Reward: -0.539837322559944
[2024-04-19 19:43:20,847][root][INFO] - --------------- Start iteration i=35 ---------------
[2024-04-19 19:43:20,847][root][INFO] - Length of data.x: 67
[2024-04-19 19:43:20,847][root][INFO] - Length of data.y: 67
[2024-04-19 19:43:21,029][root][INFO] - x: [ 0.0241391  -0.01087049 -0.28076524  0.19680791 -0.30294213]
[2024-04-19 19:43:21,029][root][INFO] - y: [-0.00108705 -0.02383006  0.15661488 -0.0909603 ]
[2024-04-19 19:43:21,029][root][INFO] - Reward: -0.01615794082676325
[2024-04-19 19:43:21,030][root][INFO] - --------------- Start iteration i=36 ---------------
[2024-04-19 19:43:21,030][root][INFO] - Length of data.x: 68
[2024-04-19 19:43:21,030][root][INFO] - Length of data.y: 68
[2024-04-19 19:43:21,212][root][INFO] - x: [ 0.02305205 -0.03470055 -0.12415035  0.10584761 -0.1035007 ]
[2024-04-19 19:43:21,212][root][INFO] - y: [-0.00347006 -0.02791381  0.08423092 -0.06315461]
[2024-04-19 19:43:21,212][root][INFO] - Reward: -0.11029224736939502
[2024-04-19 19:43:21,213][root][INFO] - --------------- Start iteration i=37 ---------------
[2024-04-19 19:43:21,213][root][INFO] - Length of data.x: 69
[2024-04-19 19:43:21,213][root][INFO] - Length of data.y: 69
[2024-04-19 19:43:21,393][root][INFO] - x: [ 0.019582   -0.06261436 -0.03991943  0.04269301 -0.04050686]
[2024-04-19 19:43:21,394][root][INFO] - y: [-0.00626144 -0.01233346  0.03397404 -0.02451966]
[2024-04-19 19:43:21,394][root][INFO] - Reward: -0.11225527411560954
[2024-04-19 19:43:21,395][root][INFO] - --------------- Start iteration i=38 ---------------
[2024-04-19 19:43:21,395][root][INFO] - Length of data.x: 70
[2024-04-19 19:43:21,395][root][INFO] - Length of data.y: 70
[2024-04-19 19:43:21,576][root][INFO] - x: [ 0.01332056 -0.07494782 -0.00594539  0.01817335 -0.14517698]
[2024-04-19 19:43:21,576][root][INFO] - y: [-0.00749478 -0.02311531  0.0144619  -0.02494535]
[2024-04-19 19:43:21,577][root][INFO] - Reward: -0.043213600897840765
[2024-04-19 19:43:21,578][root][INFO] - --------------- Start iteration i=39 ---------------
[2024-04-19 19:43:21,578][root][INFO] - Length of data.x: 71
[2024-04-19 19:43:21,578][root][INFO] - Length of data.y: 71
[2024-04-19 19:43:21,759][root][INFO] - x: [ 0.00582578 -0.09806313  0.00851651 -0.006772   -0.14438663]
[2024-04-19 19:43:21,759][root][INFO] - y: [-0.00980631 -0.01995045 -0.00538899 -0.01731624]
[2024-04-19 19:43:21,760][root][INFO] - Reward: -0.009157043855134162
[2024-04-19 19:43:21,761][root][INFO] - --------------- Start iteration i=40 ---------------
[2024-04-19 19:43:21,761][root][INFO] - Length of data.x: 72
[2024-04-19 19:43:21,761][root][INFO] - Length of data.y: 72
[2024-04-19 19:43:30,793][root][INFO] - Eval Returns: [-15.22201293 -23.14193634 -11.30172543 -14.69422471 -17.30500205]
[2024-04-19 19:43:30,798][root][INFO] - Eval Returns: mean=-16.333 std=3.913
[2024-04-19 19:43:30,798][root][INFO] - Eval ndata: 72.000
[2024-04-19 19:43:30,798][root][INFO] - Model MSE (current real MPC): 0.455
[2024-04-19 19:43:31,941][root][INFO] - Model MSE (random test set): 0.161
[2024-04-19 19:43:31,941][root][INFO] - Model MSE (GT MPC): 0.013
[2024-04-19 19:43:31,941][root][INFO] - Model Likelihood (random test set): -3.926
[2024-04-19 19:43:31,941][root][INFO] - Model Likelihood (GT MPC): -3.739
[2024-04-19 19:43:31,941][root][INFO] - *[TIME] [Evaluate the current MPC policy] Elapsed: 10.00 seconds
[2024-04-19 19:43:34,469][root][INFO] - x: [-0.00398054 -0.11801358  0.00312752 -0.02408824  0.46603325]
[2024-04-19 19:43:34,469][root][INFO] - y: [-0.01180136  0.0397389  -0.01916883  0.04070182]
[2024-04-19 19:43:34,469][root][INFO] - Reward: -0.24639491989730544
[2024-04-19 19:43:35,477][root][INFO] - --------------- Start iteration i=41 ---------------
[2024-04-19 19:43:35,477][root][INFO] - Length of data.x: 73
[2024-04-19 19:43:35,477][root][INFO] - Length of data.y: 73
[2024-04-19 19:43:35,669][root][INFO] - x: [-0.01578189 -0.07827468 -0.01604131  0.01661357  0.49445821]
[2024-04-19 19:43:35,669][root][INFO] - y: [-0.00782747  0.03780808  0.01322067  0.03281337]
[2024-04-19 19:43:35,669][root][INFO] - Reward: -0.3726379989960974
[2024-04-19 19:43:35,670][root][INFO] - --------------- Start iteration i=42 ---------------
[2024-04-19 19:43:35,670][root][INFO] - Length of data.x: 74
[2024-04-19 19:43:35,670][root][INFO] - Length of data.y: 74
[2024-04-19 19:43:35,854][root][INFO] - x: [-0.02360936 -0.0404666  -0.00282064  0.04942694  0.17366681]
[2024-04-19 19:43:35,855][root][INFO] - y: [-0.00404666  0.01405054  0.03933274  0.01317982]
[2024-04-19 19:43:35,855][root][INFO] - Reward: -0.29238970400140785
[2024-04-19 19:43:35,856][root][INFO] - --------------- Start iteration i=43 ---------------
[2024-04-19 19:43:35,856][root][INFO] - Length of data.x: 75
[2024-04-19 19:43:35,856][root][INFO] - Length of data.y: 75
[2024-04-19 19:43:36,042][root][INFO] - x: [-0.02765602 -0.02641606  0.0365121   0.06260676 -0.14480258]
[2024-04-19 19:43:36,043][root][INFO] - y: [-0.00264161 -0.00509507  0.04982092  0.00617786]
[2024-04-19 19:43:36,043][root][INFO] - Reward: -0.15268642164622004
[2024-04-19 19:43:36,044][root][INFO] - --------------- Start iteration i=44 ---------------
[2024-04-19 19:43:36,044][root][INFO] - Length of data.x: 76
[2024-04-19 19:43:36,044][root][INFO] - Length of data.y: 76
[2024-04-19 19:43:36,228][root][INFO] - x: [-0.03029763 -0.03151114  0.08633302  0.06878462 -0.62031158]
[2024-04-19 19:43:36,228][root][INFO] - y: [-0.00315111 -0.03433523  0.05473711 -0.00677132]
[2024-04-19 19:43:36,229][root][INFO] - Reward: -0.0718428882547556
[2024-04-19 19:43:36,230][root][INFO] - --------------- Start iteration i=45 ---------------
[2024-04-19 19:43:36,230][root][INFO] - Length of data.x: 77
[2024-04-19 19:43:36,230][root][INFO] - Length of data.y: 77
[2024-04-19 19:43:36,413][root][INFO] - x: [-0.03344874 -0.06584637  0.14107013  0.0620133   0.32631088]
[2024-04-19 19:43:36,413][root][INFO] - y: [-0.00658464  0.04278889  0.04934866  0.08076506]
[2024-04-19 19:43:36,413][root][INFO] - Reward: -0.11133529131041886
[2024-04-19 19:43:36,414][root][INFO] - --------------- Start iteration i=46 ---------------
[2024-04-19 19:43:36,414][root][INFO] - Length of data.x: 78
[2024-04-19 19:43:36,414][root][INFO] - Length of data.y: 78
[2024-04-19 19:43:36,597][root][INFO] - x: [-0.04003338 -0.02305748  0.19041879  0.14277836  0.57226786]
[2024-04-19 19:43:36,597][root][INFO] - y: [-0.00230575  0.04734037  0.1136195   0.09442263]
[2024-04-19 19:43:36,597][root][INFO] - Reward: -0.4227542818266552
[2024-04-19 19:43:36,598][root][INFO] - --------------- Start iteration i=47 ---------------
[2024-04-19 19:43:36,598][root][INFO] - Length of data.x: 79
[2024-04-19 19:43:36,598][root][INFO] - Length of data.y: 79
[2024-04-19 19:43:36,782][root][INFO] - x: [-0.04233913  0.02428289  0.30403829  0.23720099  0.58190887]
[2024-04-19 19:43:36,782][root][INFO] - y: [0.00242829 0.00360049 0.1887587  0.08225048]
[2024-04-19 19:43:36,782][root][INFO] - Reward: -0.9537411227533472
[2024-04-19 19:43:36,783][root][INFO] - --------------- Start iteration i=48 ---------------
[2024-04-19 19:43:36,783][root][INFO] - Length of data.x: 80
[2024-04-19 19:43:36,783][root][INFO] - Length of data.y: 80
[2024-04-19 19:43:36,967][root][INFO] - x: [-0.03991084  0.02788338  0.49279699  0.31945147  1.        ]
[2024-04-19 19:43:36,967][root][INFO] - y: [ 0.00278834 -0.04510109  0.25421161  0.0971543 ]
[2024-04-19 19:43:36,968][root][INFO] - Reward: -0.9997644062306399
[2024-04-19 19:43:36,969][root][INFO] - --------------- Start iteration i=49 ---------------
[2024-04-19 19:43:36,969][root][INFO] - Length of data.x: 81
[2024-04-19 19:43:36,969][root][INFO] - Length of data.y: 81
[2024-04-19 19:43:37,154][root][INFO] - x: [-0.0371225  -0.01721771  0.7470086   0.41660577  0.64484696]
[2024-04-19 19:43:37,155][root][INFO] - y: [-0.00172177 -0.12515119  0.33152461  0.15774704]
[2024-04-19 19:43:37,155][root][INFO] - Reward: -0.9999985779500625
[2024-04-19 19:43:37,155][root][INFO] - Explore episode complete with return -14.43375689416188, resetting
[2024-04-19 19:43:37,155][root][INFO] - Exploration Episode Rewards: [-0.9999900872164222, -0.9999915480497689, -0.9999952585922767, -0.9999984418271999, -0.9999995408926614, -0.9999998132497023, -0.9999997362792475, -0.9999799916896419, -0.9793434338733585, -0.539837322559944, -0.01615794082676325, -0.11029224736939502, -0.11225527411560954, -0.043213600897840765, -0.009157043855134162, -0.24639491989730544, -0.3726379989960974, -0.29238970400140785, -0.15268642164622004, -0.0718428882547556, -0.11133529131041886, -0.4227542818266552, -0.9537411227533472, -0.9997644062306399, -0.9999985779500625]
[2024-04-19 19:43:37,156][root][INFO] - --------------- Start iteration i=50 ---------------
[2024-04-19 19:43:37,156][root][INFO] - Length of data.x: 82
[2024-04-19 19:43:37,156][root][INFO] - Length of data.y: 82
[2024-04-19 19:43:46,727][root][INFO] - Eval Returns: [-17.83611209 -19.59263422 -17.44951077 -20.15202792 -17.04631716]
[2024-04-19 19:43:46,732][root][INFO] - Eval Returns: mean=-18.415 std=1.228
[2024-04-19 19:43:46,732][root][INFO] - Eval ndata: 82.000
[2024-04-19 19:43:46,732][root][INFO] - Model MSE (current real MPC): 0.514
[2024-04-19 19:43:47,858][root][INFO] - Model MSE (random test set): 0.135
[2024-04-19 19:43:47,858][root][INFO] - Model MSE (GT MPC): 0.011
[2024-04-19 19:43:47,858][root][INFO] - Model Likelihood (random test set): -3.908
[2024-04-19 19:43:47,858][root][INFO] - Model Likelihood (GT MPC): -3.743
[2024-04-19 19:43:47,858][root][INFO] - *[TIME] [Evaluate the current MPC policy] Elapsed: 10.52 seconds
[2024-04-19 19:43:50,182][root][INFO] - x: [ 1.14133177e-03 -9.72291899e-04 -9.95679348e-01 -2.18435057e-03
  1.00000000e+00]
[2024-04-19 19:43:50,182][root][INFO] - y: [-9.72291899e-05  1.60797687e-01 -1.73825235e-03 -1.62116016e-01]
[2024-04-19 19:43:50,182][root][INFO] - Reward: -0.9999900691950397
[2024-04-19 19:43:51,014][root][INFO] - --------------- Start iteration i=51 ---------------
[2024-04-19 19:43:51,014][root][INFO] - Length of data.x: 83
[2024-04-19 19:43:51,014][root][INFO] - Length of data.y: 83
[2024-04-19 19:43:51,222][root][INFO] - x: [ 0.0010441   0.1598254  -0.9974176  -0.16430037 -0.12580181]
[2024-04-19 19:43:51,223][root][INFO] - y: [ 0.01598254 -0.02187789 -0.13074618  0.02108025]
[2024-04-19 19:43:51,223][root][INFO] - Reward: -0.9999934221003379
[2024-04-19 19:43:51,224][root][INFO] - --------------- Start iteration i=52 ---------------
[2024-04-19 19:43:51,224][root][INFO] - Length of data.x: 84
[2024-04-19 19:43:51,224][root][INFO] - Length of data.y: 84
[2024-04-19 19:43:51,425][root][INFO] - x: [ 0.01702664  0.1379475   0.87183622 -0.14322012  0.15318822]
[2024-04-19 19:43:51,425][root][INFO] - y: [ 0.01379475 -0.01006739 -0.11397104  0.04774188]
[2024-04-19 19:43:51,425][root][INFO] - Reward: -0.9999970454920016
[2024-04-19 19:43:51,426][root][INFO] - --------------- Start iteration i=53 ---------------
[2024-04-19 19:43:51,426][root][INFO] - Length of data.x: 85
[2024-04-19 19:43:51,427][root][INFO] - Length of data.y: 85
[2024-04-19 19:43:51,613][root][INFO] - x: [ 0.03082139  0.12788011  0.75786518 -0.09547824 -0.38257039]
[2024-04-19 19:43:51,613][root][INFO] - y: [ 0.01278801 -0.07945074 -0.07597923  0.12525218]
[2024-04-19 19:43:51,613][root][INFO] - Reward: -0.999999097385775
[2024-04-19 19:43:51,615][root][INFO] - --------------- Start iteration i=54 ---------------
[2024-04-19 19:43:51,615][root][INFO] - Length of data.x: 86
[2024-04-19 19:43:51,615][root][INFO] - Length of data.y: 86
[2024-04-19 19:43:51,801][root][INFO] - x: [0.0436094  0.04842937 0.68188595 0.02977394 0.06776404]
[2024-04-19 19:43:51,802][root][INFO] - y: [ 0.00484294 -0.01253347  0.02369337  0.08937821]
[2024-04-19 19:43:51,802][root][INFO] - Reward: -0.9999996335787389
[2024-04-19 19:43:51,803][root][INFO] - --------------- Start iteration i=55 ---------------
[2024-04-19 19:43:51,803][root][INFO] - Length of data.x: 87
[2024-04-19 19:43:51,803][root][INFO] - Length of data.y: 87
[2024-04-19 19:43:51,990][root][INFO] - x: [ 0.04845234  0.03589591  0.70557932  0.11915215 -0.27303286]
[2024-04-19 19:43:51,990][root][INFO] - y: [ 0.00358959 -0.06479318  0.09481835  0.11741898]
[2024-04-19 19:43:51,991][root][INFO] - Reward: -0.9999998185695878
[2024-04-19 19:43:51,992][root][INFO] - --------------- Start iteration i=56 ---------------
[2024-04-19 19:43:51,992][root][INFO] - Length of data.x: 88
[2024-04-19 19:43:51,992][root][INFO] - Length of data.y: 88
[2024-04-19 19:43:52,180][root][INFO] - x: [ 0.05204193 -0.02889727  0.80039767  0.23657113 -0.15326867]
[2024-04-19 19:43:52,180][root][INFO] - y: [-0.00288973 -0.08396859  0.18825748  0.1256149 ]
[2024-04-19 19:43:52,180][root][INFO] - Reward: -0.9999987807134282
[2024-04-19 19:43:52,181][root][INFO] - --------------- Start iteration i=57 ---------------
[2024-04-19 19:43:52,181][root][INFO] - Length of data.x: 89
[2024-04-19 19:43:52,182][root][INFO] - Length of data.y: 89
[2024-04-19 19:43:52,369][root][INFO] - x: [ 0.0491522  -0.11286586  0.98865515  0.36218603 -0.34697153]
[2024-04-19 19:43:52,369][root][INFO] - y: [-0.01128659 -0.06277209  0.28821872  0.06623167]
[2024-04-19 19:43:52,370][root][INFO] - Reward: -0.999607903375337
[2024-04-19 19:43:52,371][root][INFO] - --------------- Start iteration i=58 ---------------
[2024-04-19 19:43:52,371][root][INFO] - Length of data.x: 90
[2024-04-19 19:43:52,371][root][INFO] - Length of data.y: 90
[2024-04-19 19:43:52,560][root][INFO] - x: [ 0.03786562 -0.17563796 -0.72312613  0.4284177  -0.12943835]
[2024-04-19 19:43:52,560][root][INFO] - y: [-0.0175638   0.16405283  0.34092425 -0.18085347]
[2024-04-19 19:43:52,560][root][INFO] - Reward: -0.8880155635082791
[2024-04-19 19:43:52,561][root][INFO] - --------------- Start iteration i=59 ---------------
[2024-04-19 19:43:52,561][root][INFO] - Length of data.x: 91
[2024-04-19 19:43:52,561][root][INFO] - Length of data.y: 91
[2024-04-19 19:43:52,751][root][INFO] - x: [ 0.02030182 -0.01158513 -0.38220189  0.24756423 -0.38525898]
[2024-04-19 19:43:52,751][root][INFO] - y: [-0.00115851  0.00288165  0.19700551 -0.09050965]
[2024-04-19 19:43:52,751][root][INFO] - Reward: -0.20622514520852686
[2024-04-19 19:43:52,753][root][INFO] - --------------- Start iteration i=60 ---------------
[2024-04-19 19:43:52,753][root][INFO] - Length of data.x: 92
[2024-04-19 19:43:52,753][root][INFO] - Length of data.y: 92
[2024-04-19 19:43:55,674][root][INFO] - *[TIME] [Evaluate the current MPC policy] Elapsed: 2.73 seconds
