[2024-04-19 19:42:11,300][root][INFO] - Dumper dumping to /trajectory-information-rl/experiments/mpc_frozencartpole_2024-04-19/19-42-05/seed_2
[2024-04-19 19:42:11,305][root][INFO] - Start obs: None
[2024-04-19 19:42:24,797][root][INFO] - GT Returns: [-11.67568463 -10.90657395 -10.26766788 -11.68604049 -11.30688001]
[2024-04-19 19:42:24,797][root][INFO] - GT Returns: mean=-11.169 std=0.534
[2024-04-19 19:42:24,797][root][INFO] - Path Lengths: [36345, 36345, 36345, 36345, 36345]
[2024-04-19 19:42:24,797][root][INFO] - Path Lengths: mean=36345.000 std=0.000
[2024-04-19 19:42:24,859][root][INFO] - all_x.shape = (181725, 5)
[2024-04-19 19:42:24,864][root][INFO] - all_x.min(axis=0) = [-0.62172895 -0.83630257 -0.99999359 -0.8069492  -1.        ]
[2024-04-19 19:42:24,868][root][INFO] - all_x.max(axis=0) = [0.88111663 1.36821212 0.99999159 0.86166    1.        ]
[2024-04-19 19:42:24,871][root][INFO] - all_x.mean(axis=0) = [-0.00994484 -0.00552128  0.02533973  0.03613038  0.00301266]
[2024-04-19 19:42:24,878][root][INFO] - all_x.var(axis=0) = [0.00620213 0.02951479 0.2381523  0.07310692 0.2337464 ]
[2024-04-19 19:42:24,912][root][INFO] - --------------- Start iteration i=0 ---------------
[2024-04-19 19:42:24,912][root][INFO] - Length of data.x: 32
[2024-04-19 19:42:24,912][root][INFO] - Length of data.y: 32
[2024-04-19 19:42:31,888][root][INFO] - Eval Returns: [-22.76305227 -22.48267026 -21.98336586 -23.18865457 -24.97440225]
[2024-04-19 19:42:31,892][root][INFO] - Eval Returns: mean=-23.078 std=1.026
[2024-04-19 19:42:31,892][root][INFO] - Eval ndata: 32.000
[2024-04-19 19:42:31,892][root][INFO] - Model MSE (current real MPC): 0.539
[2024-04-19 19:42:32,949][root][INFO] - Model MSE (random test set): 0.107
[2024-04-19 19:42:32,949][root][INFO] - Model MSE (GT MPC): 0.015
[2024-04-19 19:42:32,950][root][INFO] - Model Likelihood (random test set): -3.857
[2024-04-19 19:42:32,950][root][INFO] - Model Likelihood (GT MPC): -3.735
[2024-04-19 19:42:32,950][root][INFO] - *[TIME] [Evaluate the current MPC policy] Elapsed: 7.84 seconds
[2024-04-19 19:42:34,830][root][INFO] - x: [ 3.64628466e-06 -1.87451052e-04  9.99579177e-01  4.35520603e-05
  1.99372491e-01]
[2024-04-19 19:42:34,830][root][INFO] - y: [-1.87451052e-05  3.18245197e-02  3.46576563e-05 -3.16944173e-02]
[2024-04-19 19:42:34,831][root][INFO] - Reward: -0.9999900704377428
[2024-04-19 19:42:36,468][root][INFO] - --------------- Start iteration i=1 ---------------
[2024-04-19 19:42:36,469][root][INFO] - Length of data.x: 33
[2024-04-19 19:42:36,469][root][INFO] - Length of data.y: 33
[2024-04-19 19:42:36,656][root][INFO] - x: [-1.50988205e-05  3.16370686e-02  9.99613835e-01 -3.16508652e-02
  4.70850476e-01]
[2024-04-19 19:42:36,656][root][INFO] - y: [ 0.00316371  0.03708836 -0.02518698 -0.03696895]
[2024-04-19 19:42:36,657][root][INFO] - Reward: -0.9999902047156859
[2024-04-19 19:42:36,657][root][INFO] - --------------- Start iteration i=2 ---------------
[2024-04-19 19:42:36,657][root][INFO] - Length of data.x: 34
[2024-04-19 19:42:36,657][root][INFO] - Length of data.y: 34
[2024-04-19 19:42:36,819][root][INFO] - x: [ 0.00314861  0.06872542  0.97442686 -0.06861981 -0.92133374]
[2024-04-19 19:42:36,820][root][INFO] - y: [ 0.00687254 -0.15320124 -0.05460595  0.16058824]
[2024-04-19 19:42:36,820][root][INFO] - Reward: -0.9999913533727789
[2024-04-19 19:42:36,820][root][INFO] - --------------- Start iteration i=3 ---------------
[2024-04-19 19:42:36,820][root][INFO] - Length of data.x: 35
[2024-04-19 19:42:36,820][root][INFO] - Length of data.y: 35
[2024-04-19 19:42:36,983][root][INFO] - x: [ 0.01002115 -0.08447582  0.9198209   0.09196843 -1.        ]
[2024-04-19 19:42:36,983][root][INFO] - y: [-0.00844758 -0.16970693  0.07318621  0.18882648]
[2024-04-19 19:42:36,984][root][INFO] - Reward: -0.9999901092387092
[2024-04-19 19:42:36,984][root][INFO] - --------------- Start iteration i=4 ---------------
[2024-04-19 19:42:36,984][root][INFO] - Length of data.x: 36
[2024-04-19 19:42:36,984][root][INFO] - Length of data.y: 36
[2024-04-19 19:42:37,147][root][INFO] - x: [ 0.00157357 -0.25418275  0.99300711  0.28079491  0.3253131 ]
[2024-04-19 19:42:37,147][root][INFO] - y: [-0.02541827  0.05220946  0.22344967 -0.05003944]
[2024-04-19 19:42:37,147][root][INFO] - Reward: -0.999994620962518
[2024-04-19 19:42:37,148][root][INFO] - --------------- Start iteration i=5 ---------------
[2024-04-19 19:42:37,148][root][INFO] - Length of data.x: 37
[2024-04-19 19:42:37,148][root][INFO] - Length of data.y: 37
[2024-04-19 19:42:37,312][root][INFO] - x: [-0.02384471 -0.20197329 -0.78354322  0.23075547 -0.65577862]
[2024-04-19 19:42:37,312][root][INFO] - y: [-0.02019733  0.02408729  0.18362951 -0.08047838]
[2024-04-19 19:42:37,312][root][INFO] - Reward: -0.999997978481725
[2024-04-19 19:42:37,313][root][INFO] - --------------- Start iteration i=6 ---------------
[2024-04-19 19:42:37,313][root][INFO] - Length of data.x: 38
[2024-04-19 19:42:37,313][root][INFO] - Length of data.y: 38
[2024-04-19 19:42:37,477][root][INFO] - x: [-0.04404204 -0.177886   -0.5999137   0.15027709  0.50214586]
[2024-04-19 19:42:37,477][root][INFO] - y: [-0.0177886   0.05998226  0.1195868  -0.111922  ]
[2024-04-19 19:42:37,477][root][INFO] - Reward: -0.9999994353461618
[2024-04-19 19:42:37,478][root][INFO] - --------------- Start iteration i=7 ---------------
[2024-04-19 19:42:37,478][root][INFO] - Length of data.x: 39
[2024-04-19 19:42:37,478][root][INFO] - Length of data.y: 39
[2024-04-19 19:42:37,642][root][INFO] - x: [-0.06183064 -0.11790374 -0.4803269   0.03835508  0.44263159]
[2024-04-19 19:42:37,642][root][INFO] - y: [-0.01179037  0.02244905  0.03052203 -0.09662589]
[2024-04-19 19:42:37,643][root][INFO] - Reward: -0.9999999051916756
[2024-04-19 19:42:37,643][root][INFO] - --------------- Start iteration i=8 ---------------
[2024-04-19 19:42:37,643][root][INFO] - Length of data.x: 40
[2024-04-19 19:42:37,643][root][INFO] - Length of data.y: 40
[2024-04-19 19:42:37,808][root][INFO] - x: [-0.07362101 -0.09545469 -0.44980487 -0.05827081  0.99451962]
[2024-04-19 19:42:37,808][root][INFO] - y: [-0.00954547  0.04856213 -0.04637048 -0.0893553 ]
[2024-04-19 19:42:37,808][root][INFO] - Reward: -0.9999999954471896
[2024-04-19 19:42:37,809][root][INFO] - --------------- Start iteration i=9 ---------------
[2024-04-19 19:42:37,809][root][INFO] - Length of data.x: 41
[2024-04-19 19:42:37,809][root][INFO] - Length of data.y: 41
[2024-04-19 19:42:37,975][root][INFO] - x: [-0.08316648 -0.04689256 -0.49617535 -0.14762611  1.        ]
[2024-04-19 19:42:37,975][root][INFO] - y: [-0.00468926  0.07046017 -0.11747722 -0.09734623]
[2024-04-19 19:42:37,975][root][INFO] - Reward: -0.9999999996760116
[2024-04-19 19:42:37,976][root][INFO] - --------------- Start iteration i=10 ---------------
[2024-04-19 19:42:37,976][root][INFO] - Length of data.x: 42
[2024-04-19 19:42:37,976][root][INFO] - Length of data.y: 42
[2024-04-19 19:42:45,331][root][INFO] - Eval Returns: [-24.43809414 -24.29389738 -23.51707106 -15.77455251 -23.80304694]
[2024-04-19 19:42:45,336][root][INFO] - Eval Returns: mean=-22.365 std=3.312
[2024-04-19 19:42:45,336][root][INFO] - Eval ndata: 42.000
[2024-04-19 19:42:45,336][root][INFO] - Model MSE (current real MPC): 0.490
[2024-04-19 19:42:46,420][root][INFO] - Model MSE (random test set): 0.107
[2024-04-19 19:42:46,420][root][INFO] - Model MSE (GT MPC): 0.017
[2024-04-19 19:42:46,420][root][INFO] - Model Likelihood (random test set): -3.840
[2024-04-19 19:42:46,420][root][INFO] - Model Likelihood (GT MPC): -3.734
[2024-04-19 19:42:46,420][root][INFO] - *[TIME] [Evaluate the current MPC policy] Elapsed: 8.28 seconds
[2024-04-19 19:42:48,426][root][INFO] - x: [-0.08785573  0.02356761 -0.61365257 -0.24497233  1.        ]
[2024-04-19 19:42:48,426][root][INFO] - y: [ 0.00235676  0.12003449 -0.19494295 -0.13396007]
[2024-04-19 19:42:48,427][root][INFO] - Reward: -0.9999999992426174
[2024-04-19 19:42:49,941][root][INFO] - --------------- Start iteration i=11 ---------------
[2024-04-19 19:42:49,941][root][INFO] - Length of data.x: 43
[2024-04-19 19:42:49,941][root][INFO] - Length of data.y: 43
[2024-04-19 19:42:50,122][root][INFO] - x: [-0.08549897  0.1436021  -0.80859551 -0.37893241 -0.9694053 ]
[2024-04-19 19:42:50,122][root][INFO] - y: [ 0.01436021  0.05829148 -0.30154507 -0.10362123]
[2024-04-19 19:42:50,122][root][INFO] - Reward: -0.999997529236013
[2024-04-19 19:42:50,123][root][INFO] - --------------- Start iteration i=12 ---------------
[2024-04-19 19:42:50,123][root][INFO] - Length of data.x: 44
[2024-04-19 19:42:50,123][root][INFO] - Length of data.y: 44
[2024-04-19 19:42:50,469][root][INFO] - x: [-0.07113876  0.20189359  0.88985941 -0.48255364 -0.29976265]
[2024-04-19 19:42:50,470][root][INFO] - y: [ 0.02018936 -0.15385421 -0.38400429  0.1780404 ]
[2024-04-19 19:42:50,470][root][INFO] - Reward: -0.9527497044746684
[2024-04-19 19:42:50,471][root][INFO] - --------------- Start iteration i=13 ---------------
[2024-04-19 19:42:50,471][root][INFO] - Length of data.x: 45
[2024-04-19 19:42:50,471][root][INFO] - Length of data.y: 45
[2024-04-19 19:42:50,638][root][INFO] - x: [-0.0509494   0.04803937  0.50585512 -0.30451324  0.11687294]
[2024-04-19 19:42:50,638][root][INFO] - y: [ 0.00480394 -0.08224244 -0.24232413  0.099696  ]
[2024-04-19 19:42:50,638][root][INFO] - Reward: -0.26258532414136193
[2024-04-19 19:42:50,639][root][INFO] - --------------- Start iteration i=14 ---------------
[2024-04-19 19:42:50,639][root][INFO] - Length of data.x: 46
[2024-04-19 19:42:50,639][root][INFO] - Length of data.y: 46
[2024-04-19 19:42:50,806][root][INFO] - x: [-0.04614547 -0.03420307  0.26353099 -0.20481724  0.83151321]
[2024-04-19 19:42:50,806][root][INFO] - y: [-0.00342031  0.03778004 -0.16298851  0.0978811 ]
[2024-04-19 19:42:50,806][root][INFO] - Reward: -0.5380317331791389
[2024-04-19 19:42:50,807][root][INFO] - --------------- Start iteration i=15 ---------------
[2024-04-19 19:42:50,807][root][INFO] - Length of data.x: 47
[2024-04-19 19:42:50,807][root][INFO] - Length of data.y: 47
[2024-04-19 19:42:50,976][root][INFO] - x: [-0.04956577  0.00357697  0.10054248 -0.10693614  0.42943495]
[2024-04-19 19:42:50,976][root][INFO] - y: [ 0.0003577   0.04382891 -0.08509715  0.07216519]
[2024-04-19 19:42:50,976][root][INFO] - Reward: -0.8199996362549594
[2024-04-19 19:42:50,977][root][INFO] - --------------- Start iteration i=16 ---------------
[2024-04-19 19:42:50,977][root][INFO] - Length of data.x: 48
[2024-04-19 19:42:50,977][root][INFO] - Length of data.y: 48
[2024-04-19 19:42:51,145][root][INFO] - x: [-0.04920808  0.04740588  0.01544533 -0.03477095  0.2815934 ]
[2024-04-19 19:42:51,146][root][INFO] - y: [ 0.00474059  0.02450091 -0.02766986  0.02923515]
[2024-04-19 19:42:51,146][root][INFO] - Reward: -0.8262324924018397
[2024-04-19 19:42:51,146][root][INFO] - --------------- Start iteration i=17 ---------------
[2024-04-19 19:42:51,147][root][INFO] - Length of data.x: 49
[2024-04-19 19:42:51,147][root][INFO] - Length of data.y: 49
[2024-04-19 19:42:51,315][root][INFO] - x: [-0.04446749  0.07190679 -0.01222454 -0.00553579  0.28926117]
[2024-04-19 19:42:51,315][root][INFO] - y: [ 0.00719068  0.01971414 -0.00440525  0.01592922]
[2024-04-19 19:42:51,316][root][INFO] - Reward: -0.7292017644319787
[2024-04-19 19:42:51,316][root][INFO] - --------------- Start iteration i=18 ---------------
[2024-04-19 19:42:51,317][root][INFO] - Length of data.x: 50
[2024-04-19 19:42:51,317][root][INFO] - Length of data.y: 50
[2024-04-19 19:42:51,484][root][INFO] - x: [-0.03727681  0.09162094 -0.01662978  0.01039342 -0.17863978]
[2024-04-19 19:42:51,484][root][INFO] - y: [ 0.00916209 -0.01879053  0.00827083 -0.02389291]
[2024-04-19 19:42:51,484][root][INFO] - Reward: -0.5059926116633928
[2024-04-19 19:42:51,485][root][INFO] - --------------- Start iteration i=19 ---------------
[2024-04-19 19:42:51,485][root][INFO] - Length of data.x: 51
[2024-04-19 19:42:51,485][root][INFO] - Length of data.y: 51
[2024-04-19 19:42:51,654][root][INFO] - x: [-0.02811472  0.07283041 -0.00835896 -0.01349949  0.24696292]
[2024-04-19 19:42:51,654][root][INFO] - y: [ 0.00728304  0.01704532 -0.01074256  0.01446097]
[2024-04-19 19:42:51,654][root][INFO] - Reward: -0.3796501709361382
[2024-04-19 19:42:51,655][root][INFO] - --------------- Start iteration i=20 ---------------
[2024-04-19 19:42:51,655][root][INFO] - Length of data.x: 52
[2024-04-19 19:42:51,655][root][INFO] - Length of data.y: 52
[2024-04-19 19:42:59,474][root][INFO] - Eval Returns: [-23.81624356 -21.89654469 -18.17049938 -21.69774846 -13.76724137]
[2024-04-19 19:42:59,479][root][INFO] - Eval Returns: mean=-19.870 std=3.554
[2024-04-19 19:42:59,479][root][INFO] - Eval ndata: 52.000
[2024-04-19 19:42:59,479][root][INFO] - Model MSE (current real MPC): 0.485
[2024-04-19 19:43:00,569][root][INFO] - Model MSE (random test set): 0.071
[2024-04-19 19:43:00,570][root][INFO] - Model MSE (GT MPC): 0.008
[2024-04-19 19:43:00,570][root][INFO] - Model Likelihood (random test set): -3.832
[2024-04-19 19:43:00,570][root][INFO] - Model Likelihood (GT MPC): -3.726
[2024-04-19 19:43:00,570][root][INFO] - *[TIME] [Evaluate the current MPC policy] Elapsed: 8.75 seconds
[2024-04-19 19:43:02,628][root][INFO] - x: [-0.02083168  0.08987573 -0.01910152  0.00096147 -0.05572385]
[2024-04-19 19:43:02,628][root][INFO] - y: [ 0.00898757 -0.0094028   0.00076512 -0.01527524]
[2024-04-19 19:43:02,628][root][INFO] - Reward: -0.17075833565243814
[2024-04-19 19:43:04,193][root][INFO] - --------------- Start iteration i=21 ---------------
[2024-04-19 19:43:04,193][root][INFO] - Length of data.x: 53
[2024-04-19 19:43:04,193][root][INFO] - Length of data.y: 53
[2024-04-19 19:43:04,367][root][INFO] - x: [-0.0118441   0.08047293 -0.0183364  -0.01431376  0.11757913]
[2024-04-19 19:43:04,368][root][INFO] - y: [ 0.00804729  0.00474042 -0.01139054 -0.00092117]
[2024-04-19 19:43:04,368][root][INFO] - Reward: -0.0681871729421144
[2024-04-19 19:43:04,369][root][INFO] - --------------- Start iteration i=22 ---------------
[2024-04-19 19:43:04,369][root][INFO] - Length of data.x: 54
[2024-04-19 19:43:04,369][root][INFO] - Length of data.y: 54
[2024-04-19 19:43:04,542][root][INFO] - x: [-0.00379681  0.08521335 -0.02972694 -0.01523493  0.08280971]
[2024-04-19 19:43:04,542][root][INFO] - y: [ 0.00852133 -0.00017584 -0.01212359 -0.00933264]
[2024-04-19 19:43:04,542][root][INFO] - Reward: -0.008076443899362906
[2024-04-19 19:43:04,543][root][INFO] - --------------- Start iteration i=23 ---------------
[2024-04-19 19:43:04,543][root][INFO] - Length of data.x: 55
[2024-04-19 19:43:04,543][root][INFO] - Length of data.y: 55
[2024-04-19 19:43:04,716][root][INFO] - x: [ 0.00472453  0.0850375  -0.04185053 -0.02456757 -0.09218707]
[2024-04-19 19:43:04,717][root][INFO] - y: [ 0.00850375 -0.02340813 -0.01955027 -0.03607999]
[2024-04-19 19:43:04,717][root][INFO] - Reward: -0.0033686645663628667
[2024-04-19 19:43:04,718][root][INFO] - --------------- Start iteration i=24 ---------------
[2024-04-19 19:43:04,718][root][INFO] - Length of data.x: 56
[2024-04-19 19:43:04,718][root][INFO] - Length of data.y: 56
[2024-04-19 19:43:04,891][root][INFO] - x: [ 0.01322828  0.06162938 -0.0614008  -0.06064757  0.62027356]
[2024-04-19 19:43:04,891][root][INFO] - y: [ 0.00616294  0.08632628 -0.04826184  0.06590005]
[2024-04-19 19:43:04,891][root][INFO] - Reward: -0.010498589369365097
[2024-04-19 19:43:04,891][root][INFO] - Explore episode complete with return -17.275283845261953, resetting
[2024-04-19 19:43:04,891][root][INFO] - Exploration Episode Rewards: [-0.9999900704377428, -0.9999902047156859, -0.9999913533727789, -0.9999901092387092, -0.999994620962518, -0.999997978481725, -0.9999994353461618, -0.9999999051916756, -0.9999999954471896, -0.9999999996760116, -0.9999999992426174, -0.999997529236013, -0.9527497044746684, -0.26258532414136193, -0.5380317331791389, -0.8199996362549594, -0.8262324924018397, -0.7292017644319787, -0.5059926116633928, -0.3796501709361382, -0.17075833565243814, -0.0681871729421144, -0.008076443899362906, -0.0033686645663628667, -0.010498589369365097]
[2024-04-19 19:43:04,892][root][INFO] - --------------- Start iteration i=25 ---------------
[2024-04-19 19:43:04,892][root][INFO] - Length of data.x: 57
[2024-04-19 19:43:04,892][root][INFO] - Length of data.y: 57
[2024-04-19 19:43:05,065][root][INFO] - x: [ 1.55389623e-03 -1.59134096e-03  9.98751639e-01 -4.93592205e-04
 -4.89936024e-01]
[2024-04-19 19:43:05,065][root][INFO] - y: [-0.00015913 -0.0785948  -0.00039279  0.07897957]
[2024-04-19 19:43:05,066][root][INFO] - Reward: -0.9999900920227484
[2024-04-19 19:43:05,066][root][INFO] - --------------- Start iteration i=26 ---------------
[2024-04-19 19:43:05,067][root][INFO] - Length of data.x: 58
[2024-04-19 19:43:05,067][root][INFO] - Length of data.y: 58
[2024-04-19 19:43:05,241][root][INFO] - x: [ 0.00139476 -0.08018614  0.99835885  0.07848597 -0.25291856]
[2024-04-19 19:43:05,241][root][INFO] - y: [-0.00801861 -0.03953495  0.0624572   0.04004097]
[2024-04-19 19:43:05,241][root][INFO] - Reward: -0.9999905646092224
[2024-04-19 19:43:05,242][root][INFO] - --------------- Start iteration i=27 ---------------
[2024-04-19 19:43:05,242][root][INFO] - Length of data.x: 59
[2024-04-19 19:43:05,242][root][INFO] - Length of data.y: 59
[2024-04-19 19:43:05,416][root][INFO] - x: [-0.00662385 -0.11972109 -0.93918394  0.11852695  0.20681162]
[2024-04-19 19:43:05,416][root][INFO] - y: [-0.01197211  0.03273924  0.09432082 -0.0507918 ]
[2024-04-19 19:43:05,417][root][INFO] - Reward: -0.9999936178680275
[2024-04-19 19:43:05,418][root][INFO] - --------------- Start iteration i=28 ---------------
[2024-04-19 19:43:05,418][root][INFO] - Length of data.x: 60
[2024-04-19 19:43:05,418][root][INFO] - Length of data.y: 60
[2024-04-19 19:43:05,592][root][INFO] - x: [-0.01859596 -0.08698185 -0.84486312  0.06773515  0.05906091]
[2024-04-19 19:43:05,593][root][INFO] - y: [-0.00869819  0.02979847  0.05390196 -0.07231704]
[2024-04-19 19:43:05,593][root][INFO] - Reward: -0.9999963383951859
[2024-04-19 19:43:05,594][root][INFO] - --------------- Start iteration i=29 ---------------
[2024-04-19 19:43:05,594][root][INFO] - Length of data.x: 61
[2024-04-19 19:43:05,594][root][INFO] - Length of data.y: 61
[2024-04-19 19:43:05,769][root][INFO] - x: [-0.02729415 -0.05718338 -0.79096116 -0.0045819  -0.55678547]
[2024-04-19 19:43:05,769][root][INFO] - y: [-0.00571834 -0.01235571 -0.00364616 -0.05016732]
[2024-04-19 19:43:05,769][root][INFO] - Reward: -0.9999980344668549
[2024-04-19 19:43:05,770][root][INFO] - --------------- Start iteration i=30 ---------------
[2024-04-19 19:43:05,770][root][INFO] - Length of data.x: 62
[2024-04-19 19:43:05,771][root][INFO] - Length of data.y: 62
[2024-04-19 19:43:14,165][root][INFO] - Eval Returns: [-12.32819744 -21.50162637 -21.55903524 -18.13253497 -21.76741472]
[2024-04-19 19:43:14,170][root][INFO] - Eval Returns: mean=-19.058 std=3.625
[2024-04-19 19:43:14,170][root][INFO] - Eval ndata: 62.000
[2024-04-19 19:43:14,170][root][INFO] - Model MSE (current real MPC): 0.486
[2024-04-19 19:43:15,251][root][INFO] - Model MSE (random test set): 0.049
[2024-04-19 19:43:15,251][root][INFO] - Model MSE (GT MPC): 0.007
[2024-04-19 19:43:15,251][root][INFO] - Model Likelihood (random test set): -3.789
[2024-04-19 19:43:15,251][root][INFO] - Model Likelihood (GT MPC): -3.714
[2024-04-19 19:43:15,251][root][INFO] - *[TIME] [Evaluate the current MPC policy] Elapsed: 9.31 seconds
[2024-04-19 19:43:17,642][root][INFO] - x: [-0.03301248 -0.0695391  -0.79460732 -0.05474922  0.49442324]
[2024-04-19 19:43:17,642][root][INFO] - y: [-0.00695391  0.05889905 -0.04356808 -0.10611519]
[2024-04-19 19:43:17,642][root][INFO] - Reward: -0.9999991144091385
[2024-04-19 19:43:19,088][root][INFO] - --------------- Start iteration i=31 ---------------
[2024-04-19 19:43:19,088][root][INFO] - Length of data.x: 63
[2024-04-19 19:43:19,088][root][INFO] - Length of data.y: 63
[2024-04-19 19:43:19,270][root][INFO] - x: [-0.03996639 -0.01064004 -0.8381754  -0.16086441  0.04232858]
[2024-04-19 19:43:19,271][root][INFO] - y: [-0.001064    0.04159139 -0.12801193 -0.0841322 ]
[2024-04-19 19:43:19,271][root][INFO] - Reward: -0.9999982431069319
[2024-04-19 19:43:19,272][root][INFO] - --------------- Start iteration i=32 ---------------
[2024-04-19 19:43:19,272][root][INFO] - Length of data.x: 64
[2024-04-19 19:43:19,272][root][INFO] - Length of data.y: 64
[2024-04-19 19:43:19,451][root][INFO] - x: [-0.0410304   0.03095135 -0.96618733 -0.24499661  0.35074135]
[2024-04-19 19:43:19,451][root][INFO] - y: [ 0.00309513  0.04303207 -0.19496226 -0.0532015 ]
[2024-04-19 19:43:19,452][root][INFO] - Reward: -0.9999621836483606
[2024-04-19 19:43:19,453][root][INFO] - --------------- Start iteration i=33 ---------------
[2024-04-19 19:43:19,453][root][INFO] - Length of data.x: 65
[2024-04-19 19:43:19,453][root][INFO] - Length of data.y: 65
[2024-04-19 19:43:19,631][root][INFO] - x: [-0.03793526  0.07398342  0.83885041 -0.29819811  0.57051694]
[2024-04-19 19:43:19,632][root][INFO] - y: [ 0.00739834 -0.03961969 -0.23729871  0.08226867]
[2024-04-19 19:43:19,632][root][INFO] - Reward: -0.9960300395714279
[2024-04-19 19:43:19,633][root][INFO] - --------------- Start iteration i=34 ---------------
[2024-04-19 19:43:19,633][root][INFO] - Length of data.x: 66
[2024-04-19 19:43:19,633][root][INFO] - Length of data.y: 66
[2024-04-19 19:43:19,810][root][INFO] - x: [-0.03053692  0.03436373  0.6015517  -0.21592944  0.99688958]
[2024-04-19 19:43:19,811][root][INFO] - y: [ 0.00343637 -0.00308598 -0.17183132  0.09421267]
[2024-04-19 19:43:19,811][root][INFO] - Reward: -0.9217312403796918
[2024-04-19 19:43:19,812][root][INFO] - --------------- Start iteration i=35 ---------------
[2024-04-19 19:43:19,812][root][INFO] - Length of data.x: 67
[2024-04-19 19:43:19,812][root][INFO] - Length of data.y: 67
[2024-04-19 19:43:19,991][root][INFO] - x: [-0.02710055  0.03127775  0.42972038 -0.12171676  0.04969235]
[2024-04-19 19:43:19,991][root][INFO] - y: [ 0.00312777 -0.00357538 -0.0968592   0.09503313]
[2024-04-19 19:43:19,991][root][INFO] - Reward: -0.7384175688105592
[2024-04-19 19:43:19,992][root][INFO] - --------------- Start iteration i=36 ---------------
[2024-04-19 19:43:19,992][root][INFO] - Length of data.x: 68
[2024-04-19 19:43:19,992][root][INFO] - Length of data.y: 68
[2024-04-19 19:43:20,171][root][INFO] - x: [-0.02397277  0.02770236  0.33286118 -0.02668363 -0.49873498]
[2024-04-19 19:43:20,171][root][INFO] - y: [ 0.00277024 -0.01083988 -0.02123418  0.07953686]
[2024-04-19 19:43:20,172][root][INFO] - Reward: -0.7039200970318686
[2024-04-19 19:43:20,173][root][INFO] - --------------- Start iteration i=37 ---------------
[2024-04-19 19:43:20,173][root][INFO] - Length of data.x: 69
[2024-04-19 19:43:20,173][root][INFO] - Length of data.y: 69
[2024-04-19 19:43:20,354][root][INFO] - x: [-0.02120254  0.01686248  0.311627    0.05285323 -0.44582468]
[2024-04-19 19:43:20,354][root][INFO] - y: [ 0.00168625 -0.00858601  0.0420593   0.07671064]
[2024-04-19 19:43:20,354][root][INFO] - Reward: -0.8396237568282583
[2024-04-19 19:43:20,355][root][INFO] - --------------- Start iteration i=38 ---------------
[2024-04-19 19:43:20,355][root][INFO] - Length of data.x: 70
[2024-04-19 19:43:20,355][root][INFO] - Length of data.y: 70
[2024-04-19 19:43:20,538][root][INFO] - x: [-0.01951629  0.00827647  0.3536863   0.12956387 -0.17000304]
[2024-04-19 19:43:20,538][root][INFO] - y: [ 0.00082765 -0.00868678  0.10310374  0.0841534 ]
[2024-04-19 19:43:20,538][root][INFO] - Reward: -0.9692631068301554
[2024-04-19 19:43:20,539][root][INFO] - --------------- Start iteration i=39 ---------------
[2024-04-19 19:43:20,539][root][INFO] - Length of data.x: 71
[2024-04-19 19:43:20,539][root][INFO] - Length of data.y: 71
[2024-04-19 19:43:20,721][root][INFO] - x: [-1.86886419e-02 -4.10301453e-04  4.56790036e-01  2.13717267e-01
  1.41905302e-01]
[2024-04-19 19:43:20,721][root][INFO] - y: [-4.10301453e-05 -3.05994527e-02  1.70070934e-01  9.31554734e-02]
[2024-04-19 19:43:20,722][root][INFO] - Reward: -0.9986650114596591
[2024-04-19 19:43:20,723][root][INFO] - --------------- Start iteration i=40 ---------------
[2024-04-19 19:43:20,723][root][INFO] - Length of data.x: 72
[2024-04-19 19:43:20,723][root][INFO] - Length of data.y: 72
[2024-04-19 19:43:29,626][root][INFO] - Eval Returns: [-14.45360477 -13.64775953 -12.58521124 -17.71155624 -22.52793267]
[2024-04-19 19:43:29,630][root][INFO] - Eval Returns: mean=-16.185 std=3.604
[2024-04-19 19:43:29,630][root][INFO] - Eval ndata: 72.000
[2024-04-19 19:43:29,630][root][INFO] - Model MSE (current real MPC): 0.449
[2024-04-19 19:43:30,728][root][INFO] - Model MSE (random test set): 0.022
[2024-04-19 19:43:30,728][root][INFO] - Model MSE (GT MPC): 0.002
[2024-04-19 19:43:30,728][root][INFO] - Model Likelihood (random test set): -3.762
[2024-04-19 19:43:30,728][root][INFO] - Model Likelihood (GT MPC): -3.704
[2024-04-19 19:43:30,728][root][INFO] - *[TIME] [Evaluate the current MPC policy] Elapsed: 9.83 seconds
[2024-04-19 19:43:32,741][root][INFO] - x: [-0.01872967 -0.03100975  0.62686097  0.30687274  0.22184389]
[2024-04-19 19:43:32,741][root][INFO] - y: [-0.00310098 -0.08811082  0.24420176  0.12469754]
[2024-04-19 19:43:32,741][root][INFO] - Reward: -0.9999753129981299
[2024-04-19 19:43:33,668][root][INFO] - --------------- Start iteration i=41 ---------------
[2024-04-19 19:43:33,668][root][INFO] - Length of data.x: 73
[2024-04-19 19:43:33,668][root][INFO] - Length of data.y: 73
[2024-04-19 19:43:33,865][root][INFO] - x: [-0.02183065 -0.11912057  0.87106273  0.43157028  0.51314061]
[2024-04-19 19:43:33,865][root][INFO] - y: [-0.01191206 -0.08093994  0.34343299  0.11308886]
[2024-04-19 19:43:33,865][root][INFO] - Reward: -0.9999981367227732
[2024-04-19 19:43:33,866][root][INFO] - --------------- Start iteration i=42 ---------------
[2024-04-19 19:43:33,866][root][INFO] - Length of data.x: 74
[2024-04-19 19:43:33,866][root][INFO] - Length of data.y: 74
[2024-04-19 19:43:34,056][root][INFO] - x: [-0.0337427  -0.20006051 -0.78550427  0.54465913 -0.44072758]
[2024-04-19 19:43:34,056][root][INFO] - y: [-0.02000605  0.22238716  0.43342632 -0.23505498]
[2024-04-19 19:43:34,057][root][INFO] - Reward: -0.9999590185686262
[2024-04-19 19:43:34,058][root][INFO] - --------------- Start iteration i=43 ---------------
[2024-04-19 19:43:34,058][root][INFO] - Length of data.x: 75
[2024-04-19 19:43:34,058][root][INFO] - Length of data.y: 75
[2024-04-19 19:43:34,252][root][INFO] - x: [-0.05374876  0.02232665 -0.35207796  0.30960415 -0.20196843]
[2024-04-19 19:43:34,253][root][INFO] - y: [ 0.00223266  0.05975973  0.24637535 -0.06100374]
[2024-04-19 19:43:34,253][root][INFO] - Reward: -0.9825789511391617
[2024-04-19 19:43:34,254][root][INFO] - --------------- Start iteration i=44 ---------------
[2024-04-19 19:43:34,254][root][INFO] - Length of data.x: 76
[2024-04-19 19:43:34,254][root][INFO] - Length of data.y: 76
[2024-04-19 19:43:34,457][root][INFO] - x: [-0.05151609  0.08208638 -0.1057026   0.24860041 -0.88380045]
[2024-04-19 19:43:34,457][root][INFO] - y: [ 0.00820864 -0.05636058  0.19783008 -0.08529515]
[2024-04-19 19:43:34,457][root][INFO] - Reward: -0.42502774520461994
[2024-04-19 19:43:34,458][root][INFO] - --------------- Start iteration i=45 ---------------
[2024-04-19 19:43:34,458][root][INFO] - Length of data.x: 77
[2024-04-19 19:43:34,458][root][INFO] - Length of data.y: 77
[2024-04-19 19:43:34,654][root][INFO] - x: [-0.04330745  0.02572581  0.09212748  0.16330526  0.08124171]
[2024-04-19 19:43:34,655][root][INFO] - y: [0.00257258 0.01028466 0.1299543  0.03788346]
[2024-04-19 19:43:34,655][root][INFO] - Reward: -0.14877998880093057
[2024-04-19 19:43:34,656][root][INFO] - --------------- Start iteration i=46 ---------------
[2024-04-19 19:43:34,656][root][INFO] - Length of data.x: 78
[2024-04-19 19:43:34,656][root][INFO] - Length of data.y: 78
[2024-04-19 19:43:34,840][root][INFO] - x: [-0.04073487  0.03601047  0.22208178  0.20118872  1.        ]
[2024-04-19 19:43:34,840][root][INFO] - y: [0.00360105 0.05564503 0.16010102 0.10573087]
[2024-04-19 19:43:34,840][root][INFO] - Reward: -0.7668511062877199
[2024-04-19 19:43:34,841][root][INFO] - --------------- Start iteration i=47 ---------------
[2024-04-19 19:43:34,842][root][INFO] - Length of data.x: 79
[2024-04-19 19:43:34,842][root][INFO] - Length of data.y: 79
[2024-04-19 19:43:35,026][root][INFO] - x: [-0.03713383  0.09165549  0.3821828   0.30691958  0.81775767]
[2024-04-19 19:43:35,027][root][INFO] - y: [ 0.00916555 -0.03148629  0.24423904  0.08015988]
[2024-04-19 19:43:35,027][root][INFO] - Reward: -0.9978403613852187
[2024-04-19 19:43:35,028][root][INFO] - --------------- Start iteration i=48 ---------------
[2024-04-19 19:43:35,028][root][INFO] - Length of data.x: 80
[2024-04-19 19:43:35,028][root][INFO] - Length of data.y: 80
[2024-04-19 19:43:35,214][root][INFO] - x: [-0.02796828  0.0601692   0.62642184  0.38707947  0.31343393]
[2024-04-19 19:43:35,214][root][INFO] - y: [ 0.00601692 -0.13518244  0.3080283   0.1428455 ]
[2024-04-19 19:43:35,214][root][INFO] - Reward: -0.9999882643041348
[2024-04-19 19:43:35,215][root][INFO] - --------------- Start iteration i=49 ---------------
[2024-04-19 19:43:35,215][root][INFO] - Length of data.x: 81
[2024-04-19 19:43:35,215][root][INFO] - Length of data.y: 81
[2024-04-19 19:43:35,403][root][INFO] - x: [-0.02195136 -0.07501324  0.93445014  0.52992497  0.2261067 ]
[2024-04-19 19:43:35,404][root][INFO] - y: [-0.00750132 -0.07671376  0.42170123  0.09517286]
[2024-04-19 19:43:35,404][root][INFO] - Reward: -0.999989999766194
[2024-04-19 19:43:35,404][root][INFO] - Explore episode complete with return -22.488567894615606, resetting
[2024-04-19 19:43:35,404][root][INFO] - Exploration Episode Rewards: [-0.9999900920227484, -0.9999905646092224, -0.9999936178680275, -0.9999963383951859, -0.9999980344668549, -0.9999991144091385, -0.9999982431069319, -0.9999621836483606, -0.9960300395714279, -0.9217312403796918, -0.7384175688105592, -0.7039200970318686, -0.8396237568282583, -0.9692631068301554, -0.9986650114596591, -0.9999753129981299, -0.9999981367227732, -0.9999590185686262, -0.9825789511391617, -0.42502774520461994, -0.14877998880093057, -0.7668511062877199, -0.9978403613852187, -0.9999882643041348, -0.999989999766194]
[2024-04-19 19:43:35,405][root][INFO] - --------------- Start iteration i=50 ---------------
[2024-04-19 19:43:35,405][root][INFO] - Length of data.x: 82
[2024-04-19 19:43:35,405][root][INFO] - Length of data.y: 82
[2024-04-19 19:43:44,872][root][INFO] - Eval Returns: [-17.40355942 -15.60419441 -11.67928125 -14.27751858 -16.77594895]
[2024-04-19 19:43:44,877][root][INFO] - Eval Returns: mean=-15.148 std=2.036
[2024-04-19 19:43:44,877][root][INFO] - Eval ndata: 82.000
[2024-04-19 19:43:44,877][root][INFO] - Model MSE (current real MPC): 0.320
[2024-04-19 19:43:45,973][root][INFO] - Model MSE (random test set): 0.015
[2024-04-19 19:43:45,973][root][INFO] - Model MSE (GT MPC): 0.001
[2024-04-19 19:43:45,974][root][INFO] - Model Likelihood (random test set): -3.757
[2024-04-19 19:43:45,974][root][INFO] - Model Likelihood (GT MPC): -3.702
[2024-04-19 19:43:45,974][root][INFO] - *[TIME] [Evaluate the current MPC policy] Elapsed: 10.38 seconds
[2024-04-19 19:43:48,053][root][INFO] - x: [-5.86481891e-04 -2.78878555e-03 -9.93763400e-01  3.82466602e-04
 -8.07507453e-01]
[2024-04-19 19:43:48,053][root][INFO] - y: [-0.00027888 -0.06338711  0.00030436  0.06145079]
[2024-04-19 19:43:48,053][root][INFO] - Reward: -0.9999900813119558
[2024-04-19 19:43:48,868][root][INFO] - --------------- Start iteration i=51 ---------------
[2024-04-19 19:43:48,868][root][INFO] - Length of data.x: 83
[2024-04-19 19:43:48,868][root][INFO] - Length of data.y: 83
[2024-04-19 19:43:49,061][root][INFO] - x: [-8.65360445e-04 -6.61758912e-02 -9.93459042e-01  6.18332601e-02
 -6.04239288e-01]
[2024-04-19 19:43:49,061][root][INFO] - y: [-0.00661759 -0.04594028  0.04920538  0.04391256]
[2024-04-19 19:43:49,061][root][INFO] - Reward: -0.9999908508859848
[2024-04-19 19:43:49,063][root][INFO] - --------------- Start iteration i=52 ---------------
[2024-04-19 19:43:49,063][root][INFO] - Length of data.x: 84
[2024-04-19 19:43:49,063][root][INFO] - Length of data.y: 84
[2024-04-19 19:43:49,255][root][INFO] - x: [-0.00748295 -0.11211617 -0.94425366  0.10574582 -0.30726831]
[2024-04-19 19:43:49,256][root][INFO] - y: [-0.01121162 -0.00958126  0.08414991 -0.00767574]
[2024-04-19 19:43:49,256][root][INFO] - Reward: -0.999993952091802
[2024-04-19 19:43:49,257][root][INFO] - --------------- Start iteration i=53 ---------------
[2024-04-19 19:43:49,257][root][INFO] - Length of data.x: 85
[2024-04-19 19:43:49,257][root][INFO] - Length of data.y: 85
[2024-04-19 19:43:49,448][root][INFO] - x: [-0.01869457 -0.12169743 -0.86010374  0.09807007  0.02274524]
[2024-04-19 19:43:49,448][root][INFO] - y: [-0.01216974  0.02939886  0.07804175 -0.0683877 ]
[2024-04-19 19:43:49,448][root][INFO] - Reward: -0.9999973941998737
[2024-04-19 19:43:49,450][root][INFO] - --------------- Start iteration i=54 ---------------
[2024-04-19 19:43:49,450][root][INFO] - Length of data.x: 86
[2024-04-19 19:43:49,450][root][INFO] - Length of data.y: 86
[2024-04-19 19:43:49,642][root][INFO] - x: [-0.03086431 -0.09229857 -0.782062    0.02968238  0.24322299]
[2024-04-19 19:43:49,642][root][INFO] - y: [-0.00922986  0.04083527  0.0236205  -0.09373575]
[2024-04-19 19:43:49,643][root][INFO] - Reward: -0.99999905689699
[2024-04-19 19:43:49,644][root][INFO] - --------------- Start iteration i=55 ---------------
[2024-04-19 19:43:49,644][root][INFO] - Length of data.x: 87
[2024-04-19 19:43:49,644][root][INFO] - Length of data.y: 87
[2024-04-19 19:43:49,842][root][INFO] - x: [-0.04009417 -0.0514633  -0.75844149 -0.06405337  0.56715905]
[2024-04-19 19:43:49,843][root][INFO] - y: [-0.00514633  0.06218341 -0.05097209 -0.11269306]
[2024-04-19 19:43:49,843][root][INFO] - Reward: -0.9999995450894484
[2024-04-19 19:43:49,844][root][INFO] - --------------- Start iteration i=56 ---------------
[2024-04-19 19:43:49,844][root][INFO] - Length of data.x: 88
[2024-04-19 19:43:49,844][root][INFO] - Length of data.y: 88
[2024-04-19 19:43:50,037][root][INFO] - x: [-0.0452405   0.01072011 -0.80941359 -0.17674643  0.58416604]
[2024-04-19 19:43:50,037][root][INFO] - y: [ 0.00107201  0.08433018 -0.14065045 -0.1250066 ]
[2024-04-19 19:43:50,038][root][INFO] - Reward: -0.9999988461713492
[2024-04-19 19:43:50,039][root][INFO] - --------------- Start iteration i=57 ---------------
[2024-04-19 19:43:50,039][root][INFO] - Length of data.x: 89
[2024-04-19 19:43:50,039][root][INFO] - Length of data.y: 89
[2024-04-19 19:43:50,231][root][INFO] - x: [-0.04416849  0.09505029 -0.95006404 -0.30175303  0.49573291]
[2024-04-19 19:43:50,231][root][INFO] - y: [ 0.00950503  0.06757991 -0.24012763 -0.08209257]
[2024-04-19 19:43:50,231][root][INFO] - Reward: -0.9999330234783271
[2024-04-19 19:43:50,232][root][INFO] - --------------- Start iteration i=58 ---------------
[2024-04-19 19:43:50,232][root][INFO] - Length of data.x: 90
[2024-04-19 19:43:50,233][root][INFO] - Length of data.y: 90
[2024-04-19 19:43:50,423][root][INFO] - x: [-0.03466346  0.1626302   0.80980833 -0.38384561  0.64395373]
[2024-04-19 19:43:50,423][root][INFO] - y: [ 0.01626302 -0.08641434 -0.30545488  0.12668791]
[2024-04-19 19:43:50,423][root][INFO] - Reward: -0.9870071051313571
[2024-04-19 19:43:50,425][root][INFO] - --------------- Start iteration i=59 ---------------
[2024-04-19 19:43:50,425][root][INFO] - Length of data.x: 91
[2024-04-19 19:43:50,425][root][INFO] - Length of data.y: 91
[2024-04-19 19:43:50,616][root][INFO] - x: [-0.01840044  0.07621586  0.50435346 -0.2571577  -0.04640166]
[2024-04-19 19:43:50,616][root][INFO] - y: [ 0.00762159 -0.06558153 -0.20463976  0.09908765]
[2024-04-19 19:43:50,616][root][INFO] - Reward: -0.8033858306131227
[2024-04-19 19:43:50,617][root][INFO] - --------------- Start iteration i=60 ---------------
[2024-04-19 19:43:50,617][root][INFO] - Length of data.x: 92
[2024-04-19 19:43:50,617][root][INFO] - Length of data.y: 92
[2024-04-19 19:43:55,674][root][INFO] - *[TIME] [Evaluate the current MPC policy] Elapsed: 4.86 seconds
