[2024-04-23 15:57:19,317][root][INFO] - Dumper dumping to /tirl/experiments/mpc_frozencartpole_2024-04-23/15-57-03/seed_0
[2024-04-23 15:57:19,334][root][INFO] - Start obs: None
[2024-04-23 15:57:46,966][root][INFO] - GT Returns: [-12.36972638 -12.22801414 -17.70864478 -10.70336045 -12.23243806]
[2024-04-23 15:57:46,967][root][INFO] - GT Returns: mean=-13.048 std=2.409
[2024-04-23 15:57:46,967][root][INFO] - Path Lengths: [36345, 36345, 36345, 36345, 36345]
[2024-04-23 15:57:46,967][root][INFO] - Path Lengths: mean=36345.000 std=0.000
[2024-04-23 15:57:47,022][root][INFO] - all_x.shape = (181725, 5)
[2024-04-23 15:57:47,028][root][INFO] - all_x.min(axis=0) = [-0.70163192 -0.94058227 -0.99997086 -0.84500236 -1.        ]
[2024-04-23 15:57:47,033][root][INFO] - all_x.max(axis=0) = [0.99742746 1.48018546 0.99998719 0.9183349  1.        ]
[2024-04-23 15:57:47,036][root][INFO] - all_x.mean(axis=0) = [ 0.01220364  0.00149633 -0.01439933 -0.03491662 -0.0058398 ]
[2024-04-23 15:57:47,044][root][INFO] - all_x.var(axis=0) = [0.0087445  0.0372428  0.24987374 0.08205242 0.22422782]
[2024-04-23 15:57:47,087][root][INFO] - --------------- Start iteration i=0 ---------------
[2024-04-23 15:57:47,087][root][INFO] - Length of data.x: 301
[2024-04-23 15:57:47,087][root][INFO] - Length of data.y: 301
[2024-04-23 15:58:13,904][root][INFO] - Eval Returns: [-12.10018847 -16.91950503 -11.96628229 -18.75970187 -13.82899189]
[2024-04-23 15:58:13,910][root][INFO] - Eval Returns: mean=-14.715 std=2.698
[2024-04-23 15:58:13,911][root][INFO] - Eval ndata: 301.000
[2024-04-23 15:58:13,911][root][INFO] - Model MSE (current real MPC): 0.384
[2024-04-23 15:58:15,494][root][INFO] - Model MSE (random test set): 0.003
[2024-04-23 15:58:15,495][root][INFO] - Model MSE (GT MPC): 0.001
[2024-04-23 15:58:15,495][root][INFO] - Model Likelihood (random test set): -3.734
[2024-04-23 15:58:15,495][root][INFO] - Model Likelihood (GT MPC): -3.745
[2024-04-23 15:58:15,496][root][INFO] - *[TIME] [Evaluate the current MPC policy] Elapsed: 27.96 seconds
[2024-04-23 15:58:18,810][root][INFO] - x: [-7.77031336e-04 -4.26081204e-04  9.92476819e-01  8.95095400e-04
 -3.29169444e-01]
[2024-04-23 15:58:18,810][root][INFO] - y: [-4.26081204e-05 -2.77096695e-02  7.12294862e-04  3.00228943e-02]
[2024-04-23 15:58:18,811][root][INFO] - Reward: -0.9999900459885277
[2024-04-23 15:58:23,352][root][INFO] - --------------- Start iteration i=1 ---------------
[2024-04-23 15:58:23,353][root][INFO] - Length of data.x: 302
[2024-04-23 15:58:23,353][root][INFO] - Length of data.y: 302
[2024-04-23 15:58:23,757][root][INFO] - x: [-8.19639456e-04 -2.81357507e-02  9.93189114e-01  3.09179897e-02
 -5.19995276e-01]
[2024-04-23 15:58:23,757][root][INFO] - y: [-0.00281358 -0.04242895  0.02460377  0.04452051]
[2024-04-23 15:58:23,758][root][INFO] - Reward: -0.9999902773294718
[2024-04-23 15:58:23,760][root][INFO] - --------------- Start iteration i=2 ---------------
[2024-04-23 15:58:23,760][root][INFO] - Length of data.x: 303
[2024-04-23 15:58:23,760][root][INFO] - Length of data.y: 303
[2024-04-23 15:58:24,155][root][INFO] - x: [-0.00363321 -0.0705647  -0.98220711  0.0754385  -0.31274513]
[2024-04-23 15:58:24,156][root][INFO] - y: [-0.00705647 -0.02008921  0.0600321   0.01457126]
[2024-04-23 15:58:24,156][root][INFO] - Reward: -0.9999916104316778
[2024-04-23 15:58:24,158][root][INFO] - --------------- Start iteration i=3 ---------------
[2024-04-23 15:58:24,158][root][INFO] - Length of data.x: 304
[2024-04-23 15:58:24,159][root][INFO] - Length of data.y: 304
[2024-04-23 15:58:24,575][root][INFO] - x: [-0.01068968 -0.09065391 -0.92217501  0.09000976 -0.31891216]
[2024-04-23 15:58:24,576][root][INFO] - y: [-0.00906539 -0.00703494  0.07162755 -0.01694537]
[2024-04-23 15:58:24,576][root][INFO] - Reward: -0.9999942538219915
[2024-04-23 15:58:24,579][root][INFO] - --------------- Start iteration i=4 ---------------
[2024-04-23 15:58:24,579][root][INFO] - Length of data.x: 305
[2024-04-23 15:58:24,579][root][INFO] - Length of data.y: 305
[2024-04-23 15:58:25,001][root][INFO] - x: [-0.01975508 -0.09768885 -0.85054746  0.07306439 -0.28367538]
[2024-04-23 15:58:25,002][root][INFO] - y: [-0.00976888  0.00558064  0.05814284 -0.04940823]
[2024-04-23 15:58:25,003][root][INFO] - Reward: -0.999997113183016
[2024-04-23 15:58:25,005][root][INFO] - --------------- Start iteration i=5 ---------------
[2024-04-23 15:58:25,005][root][INFO] - Length of data.x: 306
[2024-04-23 15:58:25,005][root][INFO] - Length of data.y: 306
[2024-04-23 15:58:25,431][root][INFO] - x: [-0.02952396 -0.09210821 -0.79240462  0.02365616 -0.20776268]
[2024-04-23 15:58:25,432][root][INFO] - y: [-0.00921082  0.01128795  0.01882499 -0.06857098]
[2024-04-23 15:58:25,432][root][INFO] - Reward: -0.999998933468183
[2024-04-23 15:58:25,435][root][INFO] - --------------- Start iteration i=6 ---------------
[2024-04-23 15:58:25,435][root][INFO] - Length of data.x: 307
[2024-04-23 15:58:25,435][root][INFO] - Length of data.y: 307
[2024-04-23 15:58:26,043][root][INFO] - x: [-0.03873478 -0.08082026 -0.77357964 -0.04491482 -0.20625196]
[2024-04-23 15:58:26,044][root][INFO] - y: [-0.00808203  0.01266666 -0.03574211 -0.07370349]
[2024-04-23 15:58:26,044][root][INFO] - Reward: -0.9999996281132625
[2024-04-23 15:58:26,047][root][INFO] - --------------- Start iteration i=7 ---------------
[2024-04-23 15:58:26,047][root][INFO] - Length of data.x: 308
[2024-04-23 15:58:26,047][root][INFO] - Length of data.y: 308
[2024-04-23 15:58:26,492][root][INFO] - x: [-0.04681681 -0.0681536  -0.80932174 -0.11861831  0.33495554]
[2024-04-23 15:58:26,493][root][INFO] - y: [-0.00681536  0.05645531 -0.09439353 -0.101995  ]
[2024-04-23 15:58:26,494][root][INFO] - Reward: -0.9999997213734481
[2024-04-23 15:58:26,496][root][INFO] - --------------- Start iteration i=8 ---------------
[2024-04-23 15:58:26,496][root][INFO] - Length of data.x: 309
[2024-04-23 15:58:26,496][root][INFO] - Length of data.y: 309
[2024-04-23 15:58:26,935][root][INFO] - x: [-0.05363217 -0.01169829 -0.90371528 -0.22061331  0.51249041]
[2024-04-23 15:58:26,935][root][INFO] - y: [-0.00116983  0.07566113 -0.17555864 -0.1014795 ]
[2024-04-23 15:58:26,936][root][INFO] - Reward: -0.9999960750446443
[2024-04-23 15:58:26,938][root][INFO] - --------------- Start iteration i=9 ---------------
[2024-04-23 15:58:26,939][root][INFO] - Length of data.x: 310
[2024-04-23 15:58:26,939][root][INFO] - Length of data.y: 310
[2024-04-23 15:58:27,363][root][INFO] - x: [-0.054802    0.06396284  0.92072609 -0.32209281  0.63812367]
[2024-04-23 15:58:27,364][root][INFO] - y: [ 0.00639628 -0.00232008 -0.25631352  0.02645304]
[2024-04-23 15:58:27,364][root][INFO] - Reward: -0.9984009630259473
[2024-04-23 15:58:27,367][root][INFO] - --------------- Start iteration i=10 ---------------
[2024-04-23 15:58:27,367][root][INFO] - Length of data.x: 311
[2024-04-23 15:58:27,367][root][INFO] - Length of data.y: 311
[2024-04-23 15:58:54,938][root][INFO] - Eval Returns: [-20.7508103  -16.71009231 -17.80965315 -17.44001691 -17.38062166]
[2024-04-23 15:58:54,939][root][INFO] - Eval Returns: mean=-18.018 std=1.412
[2024-04-23 15:58:54,940][root][INFO] - Eval ndata: 311.000
[2024-04-23 15:58:54,940][root][INFO] - Model MSE (current real MPC): 0.417
[2024-04-23 15:58:56,342][root][INFO] - Model MSE (random test set): 0.003
[2024-04-23 15:58:56,343][root][INFO] - Model MSE (GT MPC): 0.001
[2024-04-23 15:58:56,343][root][INFO] - Model Likelihood (random test set): -3.733
[2024-04-23 15:58:56,343][root][INFO] - Model Likelihood (GT MPC): -3.744
[2024-04-23 15:58:56,344][root][INFO] - *[TIME] [Evaluate the current MPC policy] Elapsed: 28.55 seconds
[2024-04-23 15:59:01,170][root][INFO] - x: [-0.04840571  0.06164276  0.66441257 -0.29563978  0.64167409]
[2024-04-23 15:59:01,170][root][INFO] - y: [ 0.00616428 -0.06119385 -0.23526285  0.11561013]
[2024-04-23 15:59:01,171][root][INFO] - Reward: -0.8592557214115923
[2024-04-23 15:59:04,209][root][INFO] - --------------- Start iteration i=11 ---------------
[2024-04-23 15:59:04,209][root][INFO] - Length of data.x: 312
[2024-04-23 15:59:04,210][root][INFO] - Length of data.y: 312
[2024-04-23 15:59:04,621][root][INFO] - x: [-0.04224144  0.00044891  0.42914972 -0.18002965 -0.02954648]
[2024-04-23 15:59:04,622][root][INFO] - y: [ 4.48911635e-05 -2.36202789e-02 -1.43263159e-01  9.05632514e-02]
[2024-04-23 15:59:04,622][root][INFO] - Reward: -0.3476088449650141
[2024-04-23 15:59:04,624][root][INFO] - --------------- Start iteration i=12 ---------------
[2024-04-23 15:59:04,625][root][INFO] - Length of data.x: 313
[2024-04-23 15:59:04,625][root][INFO] - Length of data.y: 313
[2024-04-23 15:59:05,026][root][INFO] - x: [-0.04219655 -0.02317137  0.28588656 -0.0894664  -0.30881185]
[2024-04-23 15:59:05,027][root][INFO] - y: [-0.00231714 -0.00366544 -0.07119516  0.07452512]
[2024-04-23 15:59:05,027][root][INFO] - Reward: -0.1628753481119608
[2024-04-23 15:59:05,029][root][INFO] - --------------- Start iteration i=13 ---------------
[2024-04-23 15:59:05,030][root][INFO] - Length of data.x: 314
[2024-04-23 15:59:05,030][root][INFO] - Length of data.y: 314
[2024-04-23 15:59:05,436][root][INFO] - x: [-0.04451368 -0.02683681  0.2146914  -0.01494128 -0.74159655]
[2024-04-23 15:59:05,436][root][INFO] - y: [-0.00268368 -0.02461081 -0.0118899   0.04210252]
[2024-04-23 15:59:05,437][root][INFO] - Reward: -0.19485344666240467
[2024-04-23 15:59:05,439][root][INFO] - --------------- Start iteration i=14 ---------------
[2024-04-23 15:59:05,439][root][INFO] - Length of data.x: 315
[2024-04-23 15:59:05,439][root][INFO] - Length of data.y: 315
[2024-04-23 15:59:05,844][root][INFO] - x: [-0.04719736 -0.05144761  0.2028015   0.02716124  0.57874424]
[2024-04-23 15:59:05,844][root][INFO] - y: [-0.00514476  0.06156604  0.02161424  0.10790501]
[2024-04-23 15:59:05,845][root][INFO] - Reward: -0.26552910857297285
[2024-04-23 15:59:05,847][root][INFO] - --------------- Start iteration i=15 ---------------
[2024-04-23 15:59:05,847][root][INFO] - Length of data.x: 316
[2024-04-23 15:59:05,847][root][INFO] - Length of data.y: 316
[2024-04-23 15:59:06,248][root][INFO] - x: [-0.05234213  0.01011843  0.22441574  0.13506625  0.84638734]
[2024-04-23 15:59:06,249][root][INFO] - y: [0.00101184 0.06301672 0.1074824  0.11163194]
[2024-04-23 15:59:06,249][root][INFO] - Reward: -0.5078674194517208
[2024-04-23 15:59:06,251][root][INFO] - --------------- Start iteration i=16 ---------------
[2024-04-23 15:59:06,252][root][INFO] - Length of data.x: 317
[2024-04-23 15:59:06,252][root][INFO] - Length of data.y: 317
[2024-04-23 15:59:06,674][root][INFO] - x: [-0.05133028  0.07313515  0.33189814  0.24669819  0.37572134]
[2024-04-23 15:59:06,675][root][INFO] - y: [ 0.00731351 -0.01679987  0.19631634  0.07635595]
[2024-04-23 15:59:06,675][root][INFO] - Reward: -0.9729708846476535
[2024-04-23 15:59:06,678][root][INFO] - --------------- Start iteration i=17 ---------------
[2024-04-23 15:59:06,678][root][INFO] - Length of data.x: 318
[2024-04-23 15:59:06,678][root][INFO] - Length of data.y: 318
[2024-04-23 15:59:07,100][root][INFO] - x: [-0.04401677  0.05633528  0.52821448  0.32305414  0.6303549 ]
[2024-04-23 15:59:07,101][root][INFO] - y: [ 0.00563353 -0.06995529  0.25707852  0.10400701]
[2024-04-23 15:59:07,101][root][INFO] - Reward: -0.9998922780779389
[2024-04-23 15:59:07,104][root][INFO] - --------------- Start iteration i=18 ---------------
[2024-04-23 15:59:07,104][root][INFO] - Length of data.x: 319
[2024-04-23 15:59:07,104][root][INFO] - Length of data.y: 319
[2024-04-23 15:59:07,548][root][INFO] - x: [-0.03838324 -0.01362002  0.785293    0.42706115  0.87977179]
[2024-04-23 15:59:07,549][root][INFO] - y: [-0.001362   -0.10452964  0.33984474  0.14296652]
[2024-04-23 15:59:07,549][root][INFO] - Reward: -0.9999989904568208
[2024-04-23 15:59:07,552][root][INFO] - --------------- Start iteration i=19 ---------------
[2024-04-23 15:59:07,552][root][INFO] - Length of data.x: 320
[2024-04-23 15:59:07,552][root][INFO] - Length of data.y: 320
[2024-04-23 15:59:07,992][root][INFO] - x: [-0.03974524 -0.11814966 -0.87486226  0.57002767  0.05592913]
[2024-04-23 15:59:07,993][root][INFO] - y: [-0.01181497  0.19661635  0.45361397 -0.21923604]
[2024-04-23 15:59:07,993][root][INFO] - Reward: -0.9999873171123291
[2024-04-23 15:59:07,996][root][INFO] - --------------- Start iteration i=20 ---------------
[2024-04-23 15:59:07,996][root][INFO] - Length of data.x: 321
[2024-04-23 15:59:07,996][root][INFO] - Length of data.y: 321
