[2024-04-19 19:02:00,750][root][INFO] - Dumper dumping to /trajectory-information-rl/experiments/mpc_cartpole_2024-04-19/19-01-55/seed_3
[2024-04-19 19:02:00,755][root][INFO] - Start obs: None
[2024-04-19 19:02:15,038][root][INFO] - GT Returns: [-10.6987553  -10.93784375 -10.71049843 -12.32972591 -14.62056035]
[2024-04-19 19:02:15,038][root][INFO] - GT Returns: mean=-11.859 std=1.507
[2024-04-19 19:02:15,038][root][INFO] - Path Lengths: [36345, 36345, 36345, 36345, 36345]
[2024-04-19 19:02:15,039][root][INFO] - Path Lengths: mean=36345.000 std=0.000
[2024-04-19 19:02:15,101][root][INFO] - all_x.shape = (181725, 5)
[2024-04-19 19:02:15,105][root][INFO] - all_x.min(axis=0) = [-0.92675337 -1.44375284 -0.99998765 -0.86791104 -1.        ]
[2024-04-19 19:02:15,110][root][INFO] - all_x.max(axis=0) = [1.02501045 1.54696554 0.99999828 0.8676042  1.        ]
[2024-04-19 19:02:15,112][root][INFO] - all_x.mean(axis=0) = [ 0.00641929  0.00578231 -0.03211813 -0.04504968  0.00100215]
[2024-04-19 19:02:15,120][root][INFO] - all_x.var(axis=0) = [0.01186004 0.05075757 0.24922672 0.08616319 0.20611805]
[2024-04-19 19:02:15,155][root][INFO] - --------------- Start iteration i=0 ---------------
[2024-04-19 19:02:15,155][root][INFO] - Length of data.x: 1
[2024-04-19 19:02:15,155][root][INFO] - Length of data.y: 1
[2024-04-19 19:02:20,597][root][INFO] - Eval Returns: [-24.99997942 -24.99998258 -24.99998341 -24.99998081 -24.99998277]
[2024-04-19 19:02:20,602][root][INFO] - Eval Returns: mean=-25.000 std=0.000
[2024-04-19 19:02:20,602][root][INFO] - Eval ndata: 1.000
[2024-04-19 19:02:20,602][root][INFO] - Model MSE (current real MPC): 0.471
[2024-04-19 19:02:21,600][root][INFO] - Model MSE (random test set): 0.364
[2024-04-19 19:02:21,600][root][INFO] - Model MSE (GT MPC): 0.089
[2024-04-19 19:02:21,600][root][INFO] - Model Likelihood (random test set): -4.106
[2024-04-19 19:02:21,600][root][INFO] - Model Likelihood (GT MPC): -3.884
[2024-04-19 19:02:21,600][root][INFO] - *[TIME] [Evaluate the current MPC policy] Elapsed: 6.25 seconds
[2024-04-19 19:02:23,294][root][INFO] - x: [ 1.49698457e-04 -1.99271976e-03 -9.93923135e-01  5.01639459e-04
 -1.00000000e+00]
[2024-04-19 19:02:23,294][root][INFO] - y: [-0.00019927 -0.15880866  0.00039919  0.15690484]
[2024-04-19 19:02:23,294][root][INFO] - Reward: -0.999990059631232
[2024-04-19 19:02:24,707][root][INFO] - --------------- Start iteration i=1 ---------------
[2024-04-19 19:02:24,707][root][INFO] - Length of data.x: 2
[2024-04-19 19:02:24,707][root][INFO] - Length of data.y: 2
[2024-04-19 19:02:24,890][root][INFO] - x: [-4.95735194e-05 -1.60801377e-01 -9.93523943e-01  1.57406477e-01
  8.61868285e-01]
[2024-04-19 19:02:24,890][root][INFO] - y: [-0.01608014  0.14239111  0.1252602  -0.14435963]
[2024-04-19 19:02:24,891][root][INFO] - Reward: -0.9999929645525408
[2024-04-19 19:02:24,891][root][INFO] - --------------- Start iteration i=2 ---------------
[2024-04-19 19:02:24,891][root][INFO] - Length of data.x: 3
[2024-04-19 19:02:24,891][root][INFO] - Length of data.y: 3
[2024-04-19 19:02:25,044][root][INFO] - x: [-0.01612971 -0.01841027 -0.86826375  0.01304685  1.        ]
[2024-04-19 19:02:25,044][root][INFO] - y: [-0.00184103  0.16598514  0.01038236 -0.19146278]
[2024-04-19 19:02:25,044][root][INFO] - Reward: -0.9999935963668488
[2024-04-19 19:02:25,045][root][INFO] - --------------- Start iteration i=3 ---------------
[2024-04-19 19:02:25,045][root][INFO] - Length of data.x: 4
[2024-04-19 19:02:25,045][root][INFO] - Length of data.y: 4
[2024-04-19 19:02:25,198][root][INFO] - x: [-0.01797074  0.14757487 -0.85788139 -0.17841593  0.25893966]
[2024-04-19 19:02:25,198][root][INFO] - y: [ 0.01475749  0.07431996 -0.141979   -0.10943672]
[2024-04-19 19:02:25,198][root][INFO] - Reward: -0.9999901535099182
[2024-04-19 19:02:25,198][root][INFO] - --------------- Start iteration i=4 ---------------
[2024-04-19 19:02:25,198][root][INFO] - Length of data.x: 5
[2024-04-19 19:02:25,198][root][INFO] - Length of data.y: 5
[2024-04-19 19:02:30,868][root][INFO] - Eval Returns: [-24.44992164 -24.99998091 -24.99998233 -22.65113775 -24.98436589]
[2024-04-19 19:02:30,874][root][INFO] - Eval Returns: mean=-24.417 std=0.908
[2024-04-19 19:02:30,874][root][INFO] - Eval ndata: 5.000
[2024-04-19 19:02:30,874][root][INFO] - Model MSE (current real MPC): 0.503
[2024-04-19 19:02:31,907][root][INFO] - Model MSE (random test set): 0.182
[2024-04-19 19:02:31,907][root][INFO] - Model MSE (GT MPC): 0.072
[2024-04-19 19:02:31,908][root][INFO] - Model Likelihood (random test set): -3.771
[2024-04-19 19:02:31,908][root][INFO] - Model Likelihood (GT MPC): -3.727
[2024-04-19 19:02:31,908][root][INFO] - *[TIME] [Evaluate the current MPC policy] Elapsed: 6.56 seconds
[2024-04-19 19:02:34,390][root][INFO] - x: [-0.00321325  0.22189483 -0.99986039 -0.28785265 -0.94791857]
[2024-04-19 19:02:34,390][root][INFO] - y: [ 0.02218948 -0.15513645 -0.22906605  0.15509312]
[2024-04-19 19:02:34,390][root][INFO] - Reward: -0.9999906641036056
