[2024-04-23 17:33:44,807][root][INFO] - Dumper dumping to /tirl/experiments/mpc_frozencartpole_2024-04-23/17-33-29/seed_0
[2024-04-23 17:33:44,823][root][INFO] - Start obs: None
[2024-04-23 17:34:11,751][root][INFO] - GT Returns: [-10.35875483 -10.30913182 -12.44371188 -12.29927587 -10.22695383]
[2024-04-23 17:34:11,751][root][INFO] - GT Returns: mean=-11.128 std=1.018
[2024-04-23 17:34:11,751][root][INFO] - Path Lengths: [36345, 36345, 36345, 36345, 36345]
[2024-04-23 17:34:11,752][root][INFO] - Path Lengths: mean=36345.000 std=0.000
[2024-04-23 17:34:11,807][root][INFO] - all_x.shape = (181725, 5)
[2024-04-23 17:34:11,812][root][INFO] - all_x.min(axis=0) = [-0.53908327 -0.82097139 -0.99997123 -0.86603831 -1.        ]
[2024-04-23 17:34:11,817][root][INFO] - all_x.max(axis=0) = [0.87603768 1.41046229 0.99999636 0.86572706 1.        ]
[2024-04-23 17:34:11,820][root][INFO] - all_x.mean(axis=0) = [-0.01049376 -0.00142845  0.00953014 -0.00129118 -0.00127392]
[2024-04-23 17:34:11,828][root][INFO] - all_x.var(axis=0) = [0.00607466 0.02980644 0.23090701 0.07296825 0.23580442]
[2024-04-23 17:34:11,867][root][INFO] - --------------- Start iteration i=0 ---------------
[2024-04-23 17:34:11,867][root][INFO] - Length of data.x: 301
[2024-04-23 17:34:11,868][root][INFO] - Length of data.y: 301
[2024-04-23 17:34:39,092][root][INFO] - Eval Returns: [-18.12318911 -13.08248772 -20.48751092 -21.08576029 -12.47553589]
[2024-04-23 17:34:39,098][root][INFO] - Eval Returns: mean=-17.051 std=3.631
[2024-04-23 17:34:39,099][root][INFO] - Eval ndata: 301.000
[2024-04-23 17:34:39,099][root][INFO] - Model MSE (current real MPC): 0.353
[2024-04-23 17:34:40,478][root][INFO] - Model MSE (random test set): 0.003
[2024-04-23 17:34:40,478][root][INFO] - Model MSE (GT MPC): 0.001
[2024-04-23 17:34:40,479][root][INFO] - Model Likelihood (random test set): -3.734
[2024-04-23 17:34:40,479][root][INFO] - Model Likelihood (GT MPC): -3.811
[2024-04-23 17:34:40,480][root][INFO] - *[TIME] [Evaluate the current MPC policy] Elapsed: 28.17 seconds
