[2024-04-25 15:55:55,036][root][INFO] - Dumper dumping to /tirl/experiments/mpc_frozencartpole_newhypers_initdata_gpforgetting_2024-04-25/15-55-50/seed_1
[2024-04-25 15:55:55,042][root][INFO] - Start obs: None
[2024-04-25 15:56:13,229][root][INFO] - GT Returns: [-11.32923522 -14.37183953 -11.99299605 -10.77605986 -11.08223019]
[2024-04-25 15:56:13,230][root][INFO] - GT Returns: mean=-11.910 std=1.294
[2024-04-25 15:56:13,230][root][INFO] - Path Lengths: [36345, 36345, 36345, 36345, 36345]
[2024-04-25 15:56:13,230][root][INFO] - Path Lengths: mean=36345.000 std=0.000
[2024-04-25 15:56:13,335][root][INFO] - all_x.shape = (181725, 5)
[2024-04-25 15:56:13,341][root][INFO] - all_x.min(axis=0) = [-0.6014813  -0.89826329 -0.99997407 -0.8370384  -1.        ]
[2024-04-25 15:56:13,346][root][INFO] - all_x.max(axis=0) = [1.0207436  1.49989019 0.9999793  0.84714859 1.        ]
[2024-04-25 15:56:13,350][root][INFO] - all_x.mean(axis=0) = [ 0.00781242  0.00667702 -0.01865538 -0.03886791  0.00841305]
[2024-04-25 15:56:13,361][root][INFO] - all_x.var(axis=0) = [0.00858909 0.0379825  0.24404341 0.08111852 0.23574208]
[2024-04-25 15:56:13,442][root][INFO] - --------------- Start iteration i=0 ---------------
[2024-04-25 15:56:13,442][root][INFO] - Length of data.x: 301
[2024-04-25 15:56:13,442][root][INFO] - Length of data.y: 301
[2024-04-25 15:56:46,095][root][INFO] - Eval Returns: [-22.74416374 -18.92511699 -22.94339956 -18.66622329 -22.98282716]
[2024-04-25 15:56:46,105][root][INFO] - Eval Returns: mean=-21.252 std=2.009
[2024-04-25 15:56:46,105][root][INFO] - Eval ndata: 301.000
[2024-04-25 15:56:46,105][root][INFO] - Model MSE (current real MPC): 0.546
[2024-04-25 15:56:47,722][root][INFO] - Model MSE (random test set): 0.258
[2024-04-25 15:56:47,722][root][INFO] - Model MSE (GT MPC): 0.008
[2024-04-25 15:56:47,722][root][INFO] - Model Likelihood (random test set): -3.823
[2024-04-25 15:56:47,722][root][INFO] - Model Likelihood (GT MPC): -3.720
[2024-04-25 15:56:47,722][root][INFO] - *[TIME] [Evaluate the current MPC policy] Elapsed: 33.90 seconds
[2024-04-25 15:57:01,097][root][INFO] - x: [-1.46211781e-04 -4.65054011e-04  9.94203095e-01 -1.14411437e-03
  4.72182981e-01]
[2024-04-25 15:57:01,098][root][INFO] - y: [-4.65054011e-05  3.67018052e-02 -9.10458022e-04 -3.49071982e-02]
[2024-04-25 15:57:01,098][root][INFO] - Reward: -0.9999900542059984
[2024-04-25 15:57:03,318][root][INFO] - --------------- Start iteration i=1 ---------------
[2024-04-25 15:57:03,318][root][INFO] - Length of data.x: 277
[2024-04-25 15:57:03,318][root][INFO] - Length of data.y: 277
[2024-04-25 15:57:14,069][root][INFO] - x: [-1.92717182e-04  3.62367512e-02  9.93292637e-01 -3.60513125e-02
  1.22904590e-01]
[2024-04-25 15:57:14,069][root][INFO] - y: [ 0.00362368  0.00796804 -0.02868875 -0.00589693]
[2024-04-25 15:57:14,069][root][INFO] - Reward: -0.9999901731419827
[2024-04-25 15:57:14,072][root][INFO] - --------------- Start iteration i=2 ---------------
[2024-04-25 15:57:14,072][root][INFO] - Length of data.x: 253
[2024-04-25 15:57:14,072][root][INFO] - Length of data.y: 253
[2024-04-25 15:57:24,936][root][INFO] - x: [ 0.00343096  0.04420479  0.96460389 -0.04194824  0.29566785]
[2024-04-25 15:57:24,937][root][INFO] - y: [ 0.00442048  0.0395165  -0.03338138 -0.02837482]
[2024-04-25 15:57:24,937][root][INFO] - Reward: -0.9999908061544754
[2024-04-25 15:57:24,940][root][INFO] - --------------- Start iteration i=3 ---------------
[2024-04-25 15:57:24,940][root][INFO] - Length of data.x: 229
[2024-04-25 15:57:24,940][root][INFO] - Length of data.y: 229
[2024-04-25 15:57:34,978][root][INFO] - x: [ 0.00785144  0.08372129  0.93122251 -0.07032306 -0.66378185]
[2024-04-25 15:57:34,979][root][INFO] - y: [ 0.00837213 -0.11821324 -0.05596136  0.13651808]
[2024-04-25 15:57:34,979][root][INFO] - Reward: -0.9999931327629676
[2024-04-25 15:57:34,982][root][INFO] - --------------- Start iteration i=4 ---------------
[2024-04-25 15:57:34,982][root][INFO] - Length of data.x: 205
[2024-04-25 15:57:34,982][root][INFO] - Length of data.y: 205
[2024-04-25 15:57:43,621][root][INFO] - x: [ 0.01622357 -0.03449195  0.87526116  0.06619503 -0.06389301]
[2024-04-25 15:57:43,621][root][INFO] - y: [-0.0034492  -0.03032451  0.05267637  0.06553094]
[2024-04-25 15:57:43,622][root][INFO] - Reward: -0.9999923349172922
[2024-04-25 15:57:43,624][root][INFO] - --------------- Start iteration i=5 ---------------
[2024-04-25 15:57:43,625][root][INFO] - Length of data.x: 181
[2024-04-25 15:57:43,625][root][INFO] - Length of data.y: 181
[2024-04-25 15:57:51,315][root][INFO] - x: [ 0.01277437 -0.06481646  0.92793753  0.13172597 -0.22092103]
[2024-04-25 15:57:51,315][root][INFO] - y: [-0.00648165 -0.05148413  0.10482428  0.07221277]
[2024-04-25 15:57:51,315][root][INFO] - Reward: -0.9999894472780393
[2024-04-25 15:57:51,318][root][INFO] - --------------- Start iteration i=6 ---------------
[2024-04-25 15:57:51,318][root][INFO] - Length of data.x: 157
[2024-04-25 15:57:51,318][root][INFO] - Length of data.y: 157
[2024-04-25 15:57:57,427][root][INFO] - x: [ 0.00629273 -0.11630059 -0.96723819  0.20393874 -1.        ]
[2024-04-25 15:57:57,427][root][INFO] - y: [-0.01163006 -0.14479049  0.16228942  0.13393465]
[2024-04-25 15:57:57,428][root][INFO] - Reward: -0.9999793848431751
[2024-04-25 15:57:57,429][root][INFO] - --------------- Start iteration i=7 ---------------
[2024-04-25 15:57:57,429][root][INFO] - Length of data.x: 133
[2024-04-25 15:57:57,429][root][INFO] - Length of data.y: 133
[2024-04-25 15:58:01,214][root][INFO] - x: [-0.00533733 -0.26109108 -0.80494877  0.33787339  0.86323924]
[2024-04-25 15:58:01,215][root][INFO] - y: [-0.02610911  0.16641507  0.26887132 -0.19261545]
[2024-04-25 15:58:01,215][root][INFO] - Reward: -0.9999629050488402
[2024-04-25 15:58:01,216][root][INFO] - --------------- Start iteration i=8 ---------------
[2024-04-25 15:58:01,216][root][INFO] - Length of data.x: 109
[2024-04-25 15:58:01,217][root][INFO] - Length of data.y: 109
[2024-04-25 15:58:04,723][root][INFO] - x: [-0.03144644 -0.09467601 -0.53607745  0.14525794  0.04322029]
[2024-04-25 15:58:04,724][root][INFO] - y: [-0.0094676   0.0270297   0.11559269 -0.10062692]
[2024-04-25 15:58:04,724][root][INFO] - Reward: -0.9999237153018952
[2024-04-25 15:58:04,725][root][INFO] - --------------- Start iteration i=9 ---------------
[2024-04-25 15:58:04,725][root][INFO] - Length of data.x: 85
[2024-04-25 15:58:04,725][root][INFO] - Length of data.y: 85
[2024-04-25 15:58:08,064][root][INFO] - x: [-0.04091404 -0.06764631 -0.42048476  0.04463102 -0.50588767]
[2024-04-25 15:58:08,064][root][INFO] - y: [-0.00676463 -0.03237149  0.03551627 -0.10315466]
[2024-04-25 15:58:08,065][root][INFO] - Reward: -0.999945839534314
[2024-04-25 15:58:08,066][root][INFO] - --------------- Start iteration i=10 ---------------
[2024-04-25 15:58:08,066][root][INFO] - Length of data.x: 61
[2024-04-25 15:58:08,066][root][INFO] - Length of data.y: 61
[2024-04-25 15:58:17,392][root][INFO] - Eval Returns: [-22.12187032 -21.13688244 -21.96029565 -21.21180073 -23.26782044]
[2024-04-25 15:58:17,400][root][INFO] - Eval Returns: mean=-21.940 std=0.771
[2024-04-25 15:58:17,400][root][INFO] - Eval ndata: 61.000
[2024-04-25 15:58:17,400][root][INFO] - Model MSE (current real MPC): 0.546
[2024-04-25 15:58:18,609][root][INFO] - Model MSE (random test set): 0.317
[2024-04-25 15:58:18,609][root][INFO] - Model MSE (GT MPC): 0.056
[2024-04-25 15:58:18,609][root][INFO] - Model Likelihood (random test set): -3.783
[2024-04-25 15:58:18,609][root][INFO] - Model Likelihood (GT MPC): -3.721
[2024-04-25 15:58:18,609][root][INFO] - *[TIME] [Evaluate the current MPC policy] Elapsed: 10.38 seconds
[2024-04-25 15:58:24,660][root][INFO] - x: [-0.04767867 -0.1000178  -0.3849685  -0.05852364  0.85076127]
[2024-04-25 15:58:24,660][root][INFO] - y: [-0.01000178  0.03605274 -0.04657167 -0.07911003]
[2024-04-25 15:58:24,660][root][INFO] - Reward: -0.9999966349805077
[2024-04-25 15:58:26,284][root][INFO] - --------------- Start iteration i=11 ---------------
[2024-04-25 15:58:26,284][root][INFO] - Length of data.x: 37
[2024-04-25 15:58:26,284][root][INFO] - Length of data.y: 37
[2024-04-25 15:58:30,031][root][INFO] - x: [-0.05768045 -0.06396505 -0.43154017 -0.13763366 -0.05042221]
[2024-04-25 15:58:30,031][root][INFO] - y: [-0.00639651  0.00792573 -0.10952548 -0.09424602]
[2024-04-25 15:58:30,031][root][INFO] - Reward: -0.9999998738749841
[2024-04-25 15:58:30,032][root][INFO] - --------------- Start iteration i=12 ---------------
[2024-04-25 15:58:30,032][root][INFO] - Length of data.x: 13
[2024-04-25 15:58:30,032][root][INFO] - Length of data.y: 13
[2024-04-25 15:58:31,304][root][INFO] - x: [-0.06407696 -0.05603932 -0.54106564 -0.23187969 -0.440102  ]
[2024-04-25 15:58:31,304][root][INFO] - y: [-0.00560393  0.03344995 -0.18452414 -0.10168735]
[2024-04-25 15:58:31,304][root][INFO] - Reward: -0.9999999904987821
[2024-04-25 15:58:31,305][root][INFO] - --------------- Start iteration i=13 ---------------
[2024-04-25 15:58:31,305][root][INFO] - Length of data.x: 6
[2024-04-25 15:58:31,305][root][INFO] - Length of data.y: 6
[2024-04-25 15:58:32,094][root][INFO] - x: [-0.06968089 -0.02258937 -0.72558978 -0.33356704 -0.75711502]
[2024-04-25 15:58:32,095][root][INFO] - y: [-0.00225894  0.07104717 -0.26544443 -0.12079506]
[2024-04-25 15:58:32,095][root][INFO] - Reward: -0.9999998695797546
[2024-04-25 15:58:32,096][root][INFO] - --------------- Start iteration i=14 ---------------
[2024-04-25 15:58:32,097][root][INFO] - Length of data.x: 3
[2024-04-25 15:58:32,097][root][INFO] - Length of data.y: 3
[2024-04-25 15:58:32,524][root][INFO] - x: [-0.07193983  0.0484578  -0.99103421 -0.4543621  -0.4816249 ]
[2024-04-25 15:58:32,525][root][INFO] - y: [ 0.00484578 -0.02891072 -0.36157016  0.02613338]
[2024-04-25 15:58:32,525][root][INFO] - Reward: -0.9979117976091463
[2024-04-25 15:58:32,526][root][INFO] - --------------- Start iteration i=15 ---------------
[2024-04-25 15:58:32,526][root][INFO] - Length of data.x: 3
[2024-04-25 15:58:32,526][root][INFO] - Length of data.y: 3
[2024-04-25 15:58:32,952][root][INFO] - x: [-0.06709405  0.01954708  0.64739563 -0.42822871 -0.90111823]
[2024-04-25 15:58:32,952][root][INFO] - y: [ 0.00195471 -0.23107181 -0.34077386  0.19107478]
[2024-04-25 15:58:32,953][root][INFO] - Reward: -0.5190908283379655
[2024-04-25 15:58:32,954][root][INFO] - --------------- Start iteration i=16 ---------------
[2024-04-25 15:58:32,954][root][INFO] - Length of data.x: 3
[2024-04-25 15:58:32,954][root][INFO] - Length of data.y: 3
[2024-04-25 15:58:33,380][root][INFO] - x: [-0.06513934 -0.21152472  0.30662177 -0.23715394  0.99550035]
[2024-04-25 15:58:33,380][root][INFO] - y: [-0.02115247  0.02945684 -0.18872126  0.09744375]
[2024-04-25 15:58:33,381][root][INFO] - Reward: -0.9648791677355585
[2024-04-25 15:58:33,382][root][INFO] - --------------- Start iteration i=17 ---------------
[2024-04-25 15:58:33,382][root][INFO] - Length of data.x: 3
[2024-04-25 15:58:33,382][root][INFO] - Length of data.y: 3
[2024-04-25 15:58:33,864][root][INFO] - x: [-0.08629181 -0.18206788  0.11790051 -0.13971018 -0.74031687]
[2024-04-25 15:58:33,865][root][INFO] - y: [-0.01820679 -0.04360098 -0.11117792 -0.00509735]
[2024-04-25 15:58:33,865][root][INFO] - Reward: -0.9998016340521093
[2024-04-25 15:58:33,866][root][INFO] - --------------- Start iteration i=18 ---------------
[2024-04-25 15:58:33,866][root][INFO] - Length of data.x: 3
[2024-04-25 15:58:33,866][root][INFO] - Length of data.y: 3
[2024-04-25 15:58:34,365][root][INFO] - x: [-0.1044986  -0.22566887  0.00672259 -0.14480754  1.        ]
[2024-04-25 15:58:34,366][root][INFO] - y: [-0.02256689  0.08416793 -0.11523427  0.08622296]
[2024-04-25 15:58:34,366][root][INFO] - Reward: -0.9999999701261861
[2024-04-25 15:58:34,368][root][INFO] - --------------- Start iteration i=19 ---------------
[2024-04-25 15:58:34,368][root][INFO] - Length of data.x: 3
[2024-04-25 15:58:34,368][root][INFO] - Length of data.y: 3
[2024-04-25 15:58:34,866][root][INFO] - x: [-0.12706549 -0.14150093 -0.10851168 -0.05858458 -0.61022119]
[2024-04-25 15:58:34,866][root][INFO] - y: [-0.01415009 -0.05941315 -0.04662017 -0.08882585]
[2024-04-25 15:58:34,867][root][INFO] - Reward: -0.9999999998945345
[2024-04-25 15:58:34,868][root][INFO] - --------------- Start iteration i=20 ---------------
[2024-04-25 15:58:34,868][root][INFO] - Length of data.x: 3
[2024-04-25 15:58:34,868][root][INFO] - Length of data.y: 3
[2024-04-25 15:58:41,542][root][INFO] - Eval Returns: [-24.23435977 -24.99972091 -24.98666112 -24.93206218 -23.55468644]
[2024-04-25 15:58:41,555][root][INFO] - Eval Returns: mean=-24.541 std=0.571
[2024-04-25 15:58:41,555][root][INFO] - Eval ndata: 3.000
[2024-04-25 15:58:41,556][root][INFO] - Model MSE (current real MPC): 0.532
[2024-04-25 15:58:42,758][root][INFO] - Model MSE (random test set): 0.366
[2024-04-25 15:58:42,758][root][INFO] - Model MSE (GT MPC): 0.079
[2024-04-25 15:58:42,758][root][INFO] - Model Likelihood (random test set): -3.728
[2024-04-25 15:58:42,758][root][INFO] - Model Likelihood (GT MPC): -3.688
[2024-04-25 15:58:42,758][root][INFO] - *[TIME] [Evaluate the current MPC policy] Elapsed: 7.74 seconds
[2024-04-25 15:58:47,387][root][INFO] - x: [-0.14121558 -0.20091408 -0.15513185 -0.14741043  1.        ]
[2024-04-25 15:58:47,387][root][INFO] - y: [-0.02009141  0.06548285 -0.11730559  0.01187219]
[2024-04-25 15:58:47,387][root][INFO] - Reward: -0.999999999999999
[2024-04-25 15:58:49,330][root][INFO] - --------------- Start iteration i=21 ---------------
[2024-04-25 15:58:49,330][root][INFO] - Length of data.x: 4
[2024-04-25 15:58:49,330][root][INFO] - Length of data.y: 4
[2024-04-25 15:58:49,545][root][INFO] - x: [-0.16130699 -0.13543123 -0.27243744 -0.13553824 -0.31630946]
[2024-04-25 15:58:49,545][root][INFO] - y: [-0.01354312 -0.02346726 -0.10785799 -0.08953992]
[2024-04-25 15:58:49,546][root][INFO] - Reward: -1.0
[2024-04-25 15:58:49,547][root][INFO] - --------------- Start iteration i=22 ---------------
[2024-04-25 15:58:49,547][root][INFO] - Length of data.x: 5
[2024-04-25 15:58:49,547][root][INFO] - Length of data.y: 5
[2024-04-25 15:58:49,762][root][INFO] - x: [-0.17485011 -0.15889849 -0.38029543 -0.22507817 -0.84224619]
[2024-04-25 15:58:49,762][root][INFO] - y: [-0.01588985 -0.00940334 -0.17911166 -0.09479102]
[2024-04-25 15:58:49,762][root][INFO] - Reward: -1.0
[2024-04-25 15:58:49,763][root][INFO] - --------------- Start iteration i=23 ---------------
[2024-04-25 15:58:49,763][root][INFO] - Length of data.x: 6
[2024-04-25 15:58:49,764][root][INFO] - Length of data.y: 6
[2024-04-25 15:58:50,248][root][INFO] - x: [-0.19073996 -0.16830184 -0.55940709 -0.31986919 -0.62913541]
[2024-04-25 15:58:50,248][root][INFO] - y: [-0.01683018  0.07212753 -0.25454402 -0.109878  ]
[2024-04-25 15:58:50,249][root][INFO] - Reward: -1.0
[2024-04-25 15:58:50,250][root][INFO] - --------------- Start iteration i=24 ---------------
[2024-04-25 15:58:50,250][root][INFO] - Length of data.x: 7
[2024-04-25 15:58:50,250][root][INFO] - Length of data.y: 7
[2024-04-25 15:58:50,449][root][INFO] - x: [-0.20757014 -0.09617431 -0.81395111 -0.42974719 -0.41605427]
[2024-04-25 15:58:50,450][root][INFO] - y: [-0.00961743  0.12532885 -0.34198222 -0.1587077 ]
[2024-04-25 15:58:50,450][root][INFO] - Reward: -1.0
[2024-04-25 15:58:50,450][root][INFO] - Explore episode complete with return -24.481437559878508, resetting
[2024-04-25 15:58:50,450][root][INFO] - Exploration Episode Rewards: [-0.9999900542059984, -0.9999901731419827, -0.9999908061544754, -0.9999931327629676, -0.9999923349172922, -0.9999894472780393, -0.9999793848431751, -0.9999629050488402, -0.9999237153018952, -0.999945839534314, -0.9999966349805077, -0.9999998738749841, -0.9999999904987821, -0.9999998695797546, -0.9979117976091463, -0.5190908283379655, -0.9648791677355585, -0.9998016340521093, -0.9999999701261861, -0.9999999998945345, -0.999999999999999, -1.0, -1.0, -1.0, -1.0]
[2024-04-25 15:58:50,452][root][INFO] - --------------- Start iteration i=25 ---------------
[2024-04-25 15:58:50,452][root][INFO] - Length of data.x: 8
[2024-04-25 15:58:50,452][root][INFO] - Length of data.y: 8
[2024-04-25 15:58:50,653][root][INFO] - x: [-2.34906233e-04  1.30701932e-03 -9.89787370e-01 -6.63908792e-04
  5.49081769e-01]
[2024-04-25 15:58:50,654][root][INFO] - y: [ 0.0001307   0.04576662 -0.00052832 -0.04889341]
[2024-04-25 15:58:50,654][root][INFO] - Reward: -0.9999900471037688
[2024-04-25 15:58:50,655][root][INFO] - --------------- Start iteration i=26 ---------------
[2024-04-25 15:58:50,655][root][INFO] - Length of data.x: 9
[2024-04-25 15:58:50,655][root][INFO] - Length of data.y: 9
[2024-04-25 15:58:50,856][root][INFO] - x: [-1.04204300e-04  4.70736437e-02 -9.90315692e-01 -4.95573231e-02
  1.00000000e+00]
[2024-04-25 15:58:50,857][root][INFO] - y: [ 0.00470736  0.08110549 -0.0394365  -0.08405539]
[2024-04-25 15:58:50,857][root][INFO] - Reward: -0.9999903933258416
[2024-04-25 15:58:50,859][root][INFO] - --------------- Start iteration i=27 ---------------
[2024-04-25 15:58:50,859][root][INFO] - Length of data.x: 10
[2024-04-25 15:58:50,859][root][INFO] - Length of data.y: 10
[2024-04-25 15:58:51,059][root][INFO] - x: [ 0.00460316  0.12817913  0.97024781 -0.13361271 -0.70222926]
[2024-04-25 15:58:51,060][root][INFO] - y: [ 0.01281791 -0.12174591 -0.1063257   0.13038002]
[2024-04-25 15:58:51,060][root][INFO] - Reward: -0.9999934615016035
[2024-04-25 15:58:51,061][root][INFO] - --------------- Start iteration i=28 ---------------
[2024-04-25 15:58:51,061][root][INFO] - Length of data.x: 11
[2024-04-25 15:58:51,061][root][INFO] - Length of data.y: 11
[2024-04-25 15:58:51,264][root][INFO] - x: [ 0.01742107  0.00643322  0.86392211 -0.00323269 -0.03455569]
[2024-04-25 15:58:51,264][root][INFO] - y: [ 0.00064332 -0.02526265 -0.00257249  0.06370285]
[2024-04-25 15:58:51,265][root][INFO] - Reward: -0.9999936998081315
[2024-04-25 15:58:51,266][root][INFO] - --------------- Start iteration i=29 ---------------
[2024-04-25 15:58:51,266][root][INFO] - Length of data.x: 12
[2024-04-25 15:58:51,266][root][INFO] - Length of data.y: 12
[2024-04-25 15:58:51,467][root][INFO] - x: [ 0.0180644  -0.01882943  0.86134962  0.06047016  0.39770042]
[2024-04-25 15:58:51,468][root][INFO] - y: [-0.00188294  0.03530804  0.04812066  0.00942352]
[2024-04-25 15:58:51,468][root][INFO] - Reward: -0.9999934362797219
[2024-04-25 15:58:51,469][root][INFO] - --------------- Start iteration i=30 ---------------
[2024-04-25 15:58:51,469][root][INFO] - Length of data.x: 13
[2024-04-25 15:58:51,469][root][INFO] - Length of data.y: 13
[2024-04-25 15:59:00,866][root][INFO] - Eval Returns: [-19.6882752  -24.71609123 -23.8688359  -22.7170564  -22.55075716]
[2024-04-25 15:59:00,883][root][INFO] - Eval Returns: mean=-22.708 std=1.704
[2024-04-25 15:59:00,883][root][INFO] - Eval ndata: 13.000
[2024-04-25 15:59:00,884][root][INFO] - Model MSE (current real MPC): 0.440
[2024-04-25 15:59:02,088][root][INFO] - Model MSE (random test set): 0.291
[2024-04-25 15:59:02,088][root][INFO] - Model MSE (GT MPC): 0.044
[2024-04-25 15:59:02,088][root][INFO] - Model Likelihood (random test set): -3.729
[2024-04-25 15:59:02,088][root][INFO] - Model Likelihood (GT MPC): -3.689
[2024-04-25 15:59:02,089][root][INFO] - *[TIME] [Evaluate the current MPC policy] Elapsed: 10.41 seconds
[2024-04-25 15:59:07,637][root][INFO] - x: [0.01618145 0.01647861 0.90947028 0.06989368 0.01485784]
[2024-04-25 15:59:07,637][root][INFO] - y: [ 0.00164786 -0.01509757  0.05561967  0.0420451 ]
[2024-04-25 15:59:07,638][root][INFO] - Reward: -0.9999933907850027
[2024-04-25 15:59:09,724][root][INFO] - --------------- Start iteration i=31 ---------------
[2024-04-25 15:59:09,724][root][INFO] - Length of data.x: 14
[2024-04-25 15:59:09,724][root][INFO] - Length of data.y: 14
[2024-04-25 15:59:09,858][root][INFO] - x: [0.01782931 0.00138104 0.96508994 0.11193878 0.04644738]
[2024-04-25 15:59:09,859][root][INFO] - y: [ 0.0001381  -0.00105063  0.08907812  0.01179288]
[2024-04-25 15:59:09,859][root][INFO] - Reward: -0.9999888373922132
[2024-04-25 15:59:09,860][root][INFO] - --------------- Start iteration i=32 ---------------
[2024-04-25 15:59:09,860][root][INFO] - Length of data.x: 15
[2024-04-25 15:59:09,860][root][INFO] - Length of data.y: 15
[2024-04-25 15:59:09,989][root][INFO] - x: [ 1.79674167e-02  3.30411416e-04 -9.45831934e-01  1.23731661e-01
  1.00000000e+00]
[2024-04-25 15:59:09,990][root][INFO] - y: [ 3.30411416e-05  1.70779260e-01  9.84626064e-02 -1.84943116e-01]
[2024-04-25 15:59:09,990][root][INFO] - Reward: -0.999967439209899
[2024-04-25 15:59:09,991][root][INFO] - --------------- Start iteration i=33 ---------------
[2024-04-25 15:59:09,991][root][INFO] - Length of data.x: 16
[2024-04-25 15:59:09,991][root][INFO] - Length of data.y: 16
[2024-04-25 15:59:10,128][root][INFO] - x: [ 0.01800046  0.17110967 -0.84736933 -0.06121146 -0.49433699]
[2024-04-25 15:59:10,129][root][INFO] - y: [ 0.01711097 -0.04888011 -0.04871057 -0.00193607]
[2024-04-25 15:59:10,129][root][INFO] - Reward: -0.9999852015198548
[2024-04-25 15:59:10,130][root][INFO] - --------------- Start iteration i=34 ---------------
[2024-04-25 15:59:10,130][root][INFO] - Length of data.x: 17
[2024-04-25 15:59:10,130][root][INFO] - Length of data.y: 17
[2024-04-25 15:59:10,268][root][INFO] - x: [ 0.03511142  0.12222956 -0.8960799  -0.06314753 -0.78551492]
[2024-04-25 15:59:10,268][root][INFO] - y: [ 0.01222296 -0.10155463 -0.05025125  0.06469679]
[2024-04-25 15:59:10,269][root][INFO] - Reward: -0.9999961529619025
[2024-04-25 15:59:10,274][root][INFO] - --------------- Start iteration i=35 ---------------
[2024-04-25 15:59:10,274][root][INFO] - Length of data.x: 18
[2024-04-25 15:59:10,274][root][INFO] - Length of data.y: 18
[2024-04-25 15:59:10,410][root][INFO] - x: [ 0.04733438  0.02067493 -0.94633114  0.00154926  0.94019532]
[2024-04-25 15:59:10,410][root][INFO] - y: [ 0.00206749  0.15719228  0.00123286 -0.17144216]
[2024-04-25 15:59:10,410][root][INFO] - Reward: -0.9999965357446905
[2024-04-25 15:59:10,411][root][INFO] - --------------- Start iteration i=36 ---------------
[2024-04-25 15:59:10,411][root][INFO] - Length of data.x: 19
[2024-04-25 15:59:10,412][root][INFO] - Length of data.y: 19
[2024-04-25 15:59:10,545][root][INFO] - x: [ 0.04940187  0.17786721 -0.94509828 -0.1698929   0.11440221]
[2024-04-25 15:59:10,546][root][INFO] - y: [ 0.01778672  0.03228087 -0.13519658 -0.04865568]
[2024-04-25 15:59:10,546][root][INFO] - Reward: -0.999999935656463
[2024-04-25 15:59:10,547][root][INFO] - --------------- Start iteration i=37 ---------------
[2024-04-25 15:59:10,547][root][INFO] - Length of data.x: 20
[2024-04-25 15:59:10,547][root][INFO] - Length of data.y: 20
[2024-04-25 15:59:10,682][root][INFO] - x: [ 0.0671886   0.21014808  0.91970513 -0.21854858  0.22440224]
[2024-04-25 15:59:10,682][root][INFO] - y: [ 0.02101481  0.0004046  -0.17391557  0.02411787]
[2024-04-25 15:59:10,683][root][INFO] - Reward: -0.9999999997395733
[2024-04-25 15:59:10,684][root][INFO] - --------------- Start iteration i=38 ---------------
[2024-04-25 15:59:10,684][root][INFO] - Length of data.x: 21
[2024-04-25 15:59:10,684][root][INFO] - Length of data.y: 21
[2024-04-25 15:59:10,823][root][INFO] - x: [ 0.0882034   0.21055268  0.74578956 -0.19443071 -0.21074674]
[2024-04-25 15:59:10,823][root][INFO] - y: [ 0.02105527 -0.08193163 -0.15472316  0.12751333]
[2024-04-25 15:59:10,823][root][INFO] - Reward: -0.9999999999981166
[2024-04-25 15:59:10,824][root][INFO] - --------------- Start iteration i=39 ---------------
[2024-04-25 15:59:10,824][root][INFO] - Length of data.x: 22
[2024-04-25 15:59:10,824][root][INFO] - Length of data.y: 22
[2024-04-25 15:59:10,965][root][INFO] - x: [ 0.10925867  0.12862104  0.59106639 -0.06691737 -0.23304349]
[2024-04-25 15:59:10,965][root][INFO] - y: [ 0.0128621  -0.03977569 -0.0532512   0.10543348]
[2024-04-25 15:59:10,965][root][INFO] - Reward: -0.9999999999999077
[2024-04-25 15:59:10,966][root][INFO] - --------------- Start iteration i=40 ---------------
[2024-04-25 15:59:10,966][root][INFO] - Length of data.x: 23
[2024-04-25 15:59:10,967][root][INFO] - Length of data.y: 23
[2024-04-25 15:59:18,654][root][INFO] - Eval Returns: [-23.15803383 -22.65916037 -22.96376876 -21.52715044 -20.26264587]
[2024-04-25 15:59:18,665][root][INFO] - Eval Returns: mean=-22.114 std=1.085
[2024-04-25 15:59:18,665][root][INFO] - Eval ndata: 23.000
[2024-04-25 15:59:18,665][root][INFO] - Model MSE (current real MPC): 0.505
[2024-04-25 15:59:20,010][root][INFO] - Model MSE (random test set): 0.254
[2024-04-25 15:59:20,010][root][INFO] - Model MSE (GT MPC): 0.023
[2024-04-25 15:59:20,011][root][INFO] - Model Likelihood (random test set): -3.748
[2024-04-25 15:59:20,011][root][INFO] - Model Likelihood (GT MPC): -3.691
[2024-04-25 15:59:20,011][root][INFO] - *[TIME] [Evaluate the current MPC policy] Elapsed: 8.90 seconds
[2024-04-25 15:59:25,170][root][INFO] - x: [ 0.12212078  0.08884535  0.5378152   0.03851611 -0.81744211]
[2024-04-25 15:59:25,171][root][INFO] - y: [ 0.00888453 -0.08881519  0.03065017  0.10803418]
[2024-04-25 15:59:25,171][root][INFO] - Reward: -0.9999999999999953
[2024-04-25 15:59:27,390][root][INFO] - --------------- Start iteration i=41 ---------------
[2024-04-25 15:59:27,391][root][INFO] - Length of data.x: 24
[2024-04-25 15:59:27,391][root][INFO] - Length of data.y: 24
[2024-04-25 15:59:27,572][root][INFO] - x: [ 1.31005311e-01  3.01621970e-05  5.68465366e-01  1.46550284e-01
 -9.99363653e-01]
[2024-04-25 15:59:27,573][root][INFO] - y: [ 3.01621970e-06 -1.29498188e-01  1.16621105e-01  1.23576566e-01]
[2024-04-25 15:59:27,573][root][INFO] - Reward: -0.999999999999996
[2024-04-25 15:59:27,574][root][INFO] - --------------- Start iteration i=42 ---------------
[2024-04-25 15:59:27,574][root][INFO] - Length of data.x: 25
[2024-04-25 15:59:27,574][root][INFO] - Length of data.y: 25
[2024-04-25 15:59:27,708][root][INFO] - x: [ 0.13100833 -0.12946803  0.68508647  0.27012685 -0.27692843]
[2024-04-25 15:59:27,708][root][INFO] - y: [-0.0129468  -0.11328127  0.21496029  0.14428128]
[2024-04-25 15:59:27,708][root][INFO] - Reward: -0.9999999999942967
[2024-04-25 15:59:27,709][root][INFO] - --------------- Start iteration i=43 ---------------
[2024-04-25 15:59:27,710][root][INFO] - Length of data.x: 26
[2024-04-25 15:59:27,710][root][INFO] - Length of data.y: 26
[2024-04-25 15:59:27,843][root][INFO] - x: [ 0.11806152 -0.24274929  0.90004676  0.41440813  0.2127668 ]
[2024-04-25 15:59:27,843][root][INFO] - y: [-0.02427493 -0.05575845  0.32977578  0.08336389]
[2024-04-25 15:59:27,844][root][INFO] - Reward: -0.9999858969352847
[2024-04-25 15:59:27,845][root][INFO] - --------------- Start iteration i=44 ---------------
[2024-04-25 15:59:27,845][root][INFO] - Length of data.x: 27
[2024-04-25 15:59:27,845][root][INFO] - Length of data.y: 27
[2024-04-25 15:59:27,989][root][INFO] - x: [ 0.09378659 -0.29850774 -0.77017746  0.49777202 -1.        ]
[2024-04-25 15:59:27,989][root][INFO] - y: [-0.02985077  0.09479002  0.39611471 -0.13603775]
[2024-04-25 15:59:27,990][root][INFO] - Reward: -0.6822942025940673
[2024-04-25 15:59:27,991][root][INFO] - --------------- Start iteration i=45 ---------------
[2024-04-25 15:59:27,991][root][INFO] - Length of data.x: 28
[2024-04-25 15:59:27,991][root][INFO] - Length of data.y: 28
[2024-04-25 15:59:28,135][root][INFO] - x: [ 0.06393582 -0.20371773 -0.37406275  0.36173428  0.5995083 ]
[2024-04-25 15:59:28,135][root][INFO] - y: [-0.02037177  0.17164969  0.28785922 -0.02445959]
[2024-04-25 15:59:28,135][root][INFO] - Reward: -0.4563212232084174
[2024-04-25 15:59:28,136][root][INFO] - --------------- Start iteration i=46 ---------------
[2024-04-25 15:59:28,136][root][INFO] - Length of data.x: 29
[2024-04-25 15:59:28,136][root][INFO] - Length of data.y: 29
[2024-04-25 15:59:28,285][root][INFO] - x: [ 0.04356405 -0.03206804 -0.08620353  0.33727469  0.50601958]
[2024-04-25 15:59:28,286][root][INFO] - y: [-0.0032068   0.10732692  0.26839488  0.07714491]
[2024-04-25 15:59:28,286][root][INFO] - Reward: -0.986692380204841
[2024-04-25 15:59:28,287][root][INFO] - --------------- Start iteration i=47 ---------------
[2024-04-25 15:59:28,287][root][INFO] - Length of data.x: 30
[2024-04-25 15:59:28,287][root][INFO] - Length of data.y: 30
[2024-04-25 15:59:28,431][root][INFO] - x: [0.04035724 0.07525889 0.18219136 0.41441959 0.27888786]
[2024-04-25 15:59:28,432][root][INFO] - y: [ 0.00752589 -0.05891674  0.3297849   0.00366115]
[2024-04-25 15:59:28,432][root][INFO] - Reward: -0.999995899583093
[2024-04-25 15:59:28,433][root][INFO] - --------------- Start iteration i=48 ---------------
[2024-04-25 15:59:28,433][root][INFO] - Length of data.x: 31
[2024-04-25 15:59:28,433][root][INFO] - Length of data.y: 31
[2024-04-25 15:59:28,581][root][INFO] - x: [0.04788313 0.01634215 0.51197626 0.41808074 0.65240792]
[2024-04-25 15:59:28,582][root][INFO] - y: [ 0.00163421 -0.10011099  0.33269835  0.10189612]
[2024-04-25 15:59:28,582][root][INFO] - Reward: -0.9999997054993502
[2024-04-25 15:59:28,583][root][INFO] - --------------- Start iteration i=49 ---------------
[2024-04-25 15:59:28,583][root][INFO] - Length of data.x: 32
[2024-04-25 15:59:28,583][root][INFO] - Length of data.y: 32
[2024-04-25 15:59:28,731][root][INFO] - x: [ 0.04951735 -0.08376884  0.84467461  0.51997686  1.        ]
[2024-04-25 15:59:28,732][root][INFO] - y: [-0.00837688 -0.04700295  0.41378477  0.08755662]
[2024-04-25 15:59:28,732][root][INFO] - Reward: -0.9997284470723793
[2024-04-25 15:59:28,732][root][INFO] - Explore episode complete with return -24.124906286118417, resetting
[2024-04-25 15:59:28,732][root][INFO] - Exploration Episode Rewards: [-0.9999900471037688, -0.9999903933258416, -0.9999934615016035, -0.9999936998081315, -0.9999934362797219, -0.9999933907850027, -0.9999888373922132, -0.999967439209899, -0.9999852015198548, -0.9999961529619025, -0.9999965357446905, -0.999999935656463, -0.9999999997395733, -0.9999999999981166, -0.9999999999999077, -0.9999999999999953, -0.999999999999996, -0.9999999999942967, -0.9999858969352847, -0.6822942025940673, -0.4563212232084174, -0.986692380204841, -0.999995899583093, -0.9999997054993502, -0.9997284470723793]
[2024-04-25 15:59:28,733][root][INFO] - --------------- Start iteration i=50 ---------------
[2024-04-25 15:59:28,733][root][INFO] - Length of data.x: 33
[2024-04-25 15:59:28,734][root][INFO] - Length of data.y: 33
[2024-04-25 15:59:37,031][root][INFO] - Eval Returns: [-20.08161402 -22.90478765 -20.57982073 -20.60858062 -21.89320877]
[2024-04-25 15:59:37,039][root][INFO] - Eval Returns: mean=-21.214 std=1.036
[2024-04-25 15:59:37,039][root][INFO] - Eval ndata: 33.000
[2024-04-25 15:59:37,040][root][INFO] - Model MSE (current real MPC): 0.454
[2024-04-25 15:59:38,164][root][INFO] - Model MSE (random test set): 0.223
[2024-04-25 15:59:38,164][root][INFO] - Model MSE (GT MPC): 0.019
[2024-04-25 15:59:38,164][root][INFO] - Model Likelihood (random test set): -3.747
[2024-04-25 15:59:38,164][root][INFO] - Model Likelihood (GT MPC): -3.696
[2024-04-25 15:59:38,164][root][INFO] - *[TIME] [Evaluate the current MPC policy] Elapsed: 9.28 seconds
[2024-04-25 15:59:44,138][root][INFO] - x: [-4.84631473e-03  8.21690404e-04 -9.90821930e-01 -2.02642972e-04
 -3.18986358e-01]
[2024-04-25 15:59:44,138][root][INFO] - y: [ 8.21690404e-05 -2.38220808e-02 -1.61258284e-04  2.09808480e-02]
[2024-04-25 15:59:44,138][root][INFO] - Reward: -0.9999903524010273
[2024-04-25 15:59:46,349][root][INFO] - --------------- Start iteration i=51 ---------------
[2024-04-25 15:59:46,349][root][INFO] - Length of data.x: 13
[2024-04-25 15:59:46,349][root][INFO] - Length of data.y: 13
[2024-04-25 15:59:46,831][root][INFO] - x: [-0.00476415 -0.02300039 -0.99098319  0.02077821 -0.81800192]
[2024-04-25 15:59:46,831][root][INFO] - y: [-0.00230004 -0.06335501  0.01653478  0.06054799]
[2024-04-25 15:59:46,831][root][INFO] - Reward: -0.9999907949122586
[2024-04-25 15:59:46,833][root][INFO] - --------------- Start iteration i=52 ---------------
[2024-04-25 15:59:46,833][root][INFO] - Length of data.x: 13
[2024-04-25 15:59:46,833][root][INFO] - Length of data.y: 13
[2024-04-25 15:59:47,372][root][INFO] - x: [-0.00706418 -0.0863554  -0.97444841  0.0813262  -0.74989795]
[2024-04-25 15:59:47,372][root][INFO] - y: [-0.00863554 -0.05290098  0.06471738  0.04485606]
[2024-04-25 15:59:47,373][root][INFO] - Reward: -0.9999932692725723
[2024-04-25 15:59:47,374][root][INFO] - --------------- Start iteration i=53 ---------------
[2024-04-25 15:59:47,374][root][INFO] - Length of data.x: 11
[2024-04-25 15:59:47,374][root][INFO] - Length of data.y: 11
[2024-04-25 15:59:47,855][root][INFO] - x: [-0.01569973 -0.13925638 -0.90973102  0.12618226 -0.42795828]
[2024-04-25 15:59:47,856][root][INFO] - y: [-0.01392564 -0.00907225  0.10041273 -0.01876694]
[2024-04-25 15:59:47,856][root][INFO] - Reward: -0.9999973014231238
[2024-04-25 15:59:47,858][root][INFO] - --------------- Start iteration i=54 ---------------
[2024-04-25 15:59:47,858][root][INFO] - Length of data.x: 9
[2024-04-25 15:59:47,858][root][INFO] - Length of data.y: 9
[2024-04-25 15:59:48,165][root][INFO] - x: [-0.02962536 -0.14832863 -0.80931829  0.10741532 -0.30539708]
[2024-04-25 15:59:48,165][root][INFO] - y: [-0.01483286  0.01271259  0.08547846 -0.06586956]
[2024-04-25 15:59:48,165][root][INFO] - Reward: -0.9999993971167079
[2024-04-25 15:59:48,167][root][INFO] - --------------- Start iteration i=55 ---------------
[2024-04-25 15:59:48,167][root][INFO] - Length of data.x: 9
[2024-04-25 15:59:48,167][root][INFO] - Length of data.y: 9
[2024-04-25 15:59:48,477][root][INFO] - x: [-0.04445823 -0.13561605 -0.72383983  0.04154575 -1.        ]
[2024-04-25 15:59:48,477][root][INFO] - y: [-0.0135616  -0.03468439  0.03306109 -0.05247455]
[2024-04-25 15:59:48,478][root][INFO] - Reward: -0.9999999167459903
[2024-04-25 15:59:48,479][root][INFO] - --------------- Start iteration i=56 ---------------
[2024-04-25 15:59:48,479][root][INFO] - Length of data.x: 9
[2024-04-25 15:59:48,479][root][INFO] - Length of data.y: 9
[2024-04-25 15:59:48,836][root][INFO] - x: [-0.05801983 -0.17030043 -0.69077874 -0.0109288  -0.20311803]
[2024-04-25 15:59:48,836][root][INFO] - y: [-0.01703004  0.00998331 -0.00869687 -0.08671575]
[2024-04-25 15:59:48,837][root][INFO] - Reward: -0.9999999965320853
[2024-04-25 15:59:48,838][root][INFO] - --------------- Start iteration i=57 ---------------
[2024-04-25 15:59:48,838][root][INFO] - Length of data.x: 9
[2024-04-25 15:59:48,838][root][INFO] - Length of data.y: 9
[2024-04-25 15:59:49,184][root][INFO] - x: [-0.07504987 -0.16031712 -0.69947561 -0.09764455  1.        ]
[2024-04-25 15:59:49,185][root][INFO] - y: [-0.01603171  0.08763861 -0.07770313 -0.13093624]
[2024-04-25 15:59:49,185][root][INFO] - Reward: -0.9999999998194753
[2024-04-25 15:59:49,187][root][INFO] - --------------- Start iteration i=58 ---------------
[2024-04-25 15:59:49,187][root][INFO] - Length of data.x: 9
[2024-04-25 15:59:49,187][root][INFO] - Length of data.y: 9
[2024-04-25 15:59:49,633][root][INFO] - x: [-0.09108159 -0.07267851 -0.77717874 -0.22858079  0.99912558]
[2024-04-25 15:59:49,633][root][INFO] - y: [-0.00726785  0.128593   -0.18189896 -0.16161541]
[2024-04-25 15:59:49,633][root][INFO] - Reward: -0.999999998647148
[2024-04-25 15:59:49,635][root][INFO] - --------------- Start iteration i=59 ---------------
[2024-04-25 15:59:49,635][root][INFO] - Length of data.x: 8
[2024-04-25 15:59:49,635][root][INFO] - Length of data.y: 8
[2024-04-25 15:59:50,185][root][INFO] - x: [-0.09834944  0.05591449 -0.9590777  -0.3901962   1.        ]
[2024-04-25 15:59:50,185][root][INFO] - y: [ 0.00559145  0.11474594 -0.31050852 -0.12638915]
[2024-04-25 15:59:50,186][root][INFO] - Reward: -0.9999437712634854
[2024-04-25 15:59:50,187][root][INFO] - --------------- Start iteration i=60 ---------------
[2024-04-25 15:59:50,187][root][INFO] - Length of data.x: 5
[2024-04-25 15:59:50,187][root][INFO] - Length of data.y: 5
[2024-04-25 15:59:56,522][root][INFO] - Eval Returns: [-24.99997373 -24.99998215 -24.9999827  -24.99997278 -24.99997494]
[2024-04-25 15:59:56,530][root][INFO] - Eval Returns: mean=-25.000 std=0.000
[2024-04-25 15:59:56,530][root][INFO] - Eval ndata: 5.000
[2024-04-25 15:59:56,530][root][INFO] - Model MSE (current real MPC): 0.533
[2024-04-25 15:59:57,650][root][INFO] - Model MSE (random test set): 0.292
[2024-04-25 15:59:57,650][root][INFO] - Model MSE (GT MPC): 0.054
[2024-04-25 15:59:57,650][root][INFO] - Model Likelihood (random test set): -3.723
[2024-04-25 15:59:57,650][root][INFO] - Model Likelihood (GT MPC): -3.684
[2024-04-25 15:59:57,651][root][INFO] - *[TIME] [Evaluate the current MPC policy] Elapsed: 7.33 seconds
[2024-04-25 16:00:02,338][root][INFO] - x: [-0.09275799  0.17066043  0.73041378 -0.51658534  0.26426065]
[2024-04-25 16:00:02,339][root][INFO] - y: [ 0.01706604 -0.23244999 -0.41108589  0.22752469]
[2024-04-25 16:00:02,339][root][INFO] - Reward: -0.6736481458922503
[2024-04-25 16:00:04,112][root][INFO] - --------------- Start iteration i=61 ---------------
[2024-04-25 16:00:04,112][root][INFO] - Length of data.x: 6
[2024-04-25 16:00:04,112][root][INFO] - Length of data.y: 6
[2024-04-25 16:00:04,317][root][INFO] - x: [-0.07569194 -0.06178956  0.31932789 -0.28906065  0.31782866]
[2024-04-25 16:00:04,317][root][INFO] - y: [-0.00617896 -0.03684117 -0.23002735  0.06299552]
[2024-04-25 16:00:04,318][root][INFO] - Reward: -0.9670016360835214
[2024-04-25 16:00:04,319][root][INFO] - --------------- Start iteration i=62 ---------------
[2024-04-25 16:00:04,319][root][INFO] - Length of data.x: 7
[2024-04-25 16:00:04,319][root][INFO] - Length of data.y: 7
[2024-04-25 16:00:04,471][root][INFO] - x: [-0.0818709  -0.09863073  0.08930055 -0.22606513  0.60686562]
[2024-04-25 16:00:04,471][root][INFO] - y: [-0.00986307  0.04261788 -0.17989706  0.06814134]
[2024-04-25 16:00:04,471][root][INFO] - Reward: -0.9999202483406145
[2024-04-25 16:00:04,473][root][INFO] - --------------- Start iteration i=63 ---------------
[2024-04-25 16:00:04,473][root][INFO] - Length of data.x: 8
[2024-04-25 16:00:04,473][root][INFO] - Length of data.y: 8
[2024-04-25 16:00:04,615][root][INFO] - x: [-0.09173397 -0.05601285 -0.09059651 -0.15792379 -1.        ]
[2024-04-25 16:00:04,615][root][INFO] - y: [-0.00560128 -0.08066224 -0.12567186 -0.10499072]
[2024-04-25 16:00:04,615][root][INFO] - Reward: -0.9999995992059746
[2024-04-25 16:00:04,617][root][INFO] - --------------- Start iteration i=64 ---------------
[2024-04-25 16:00:04,617][root][INFO] - Length of data.x: 9
[2024-04-25 16:00:04,617][root][INFO] - Length of data.y: 9
[2024-04-25 16:00:04,758][root][INFO] - x: [-0.09733526 -0.13667509 -0.21626838 -0.26291451  0.07805649]
[2024-04-25 16:00:04,759][root][INFO] - y: [-0.01366751  0.03620473 -0.20922089 -0.03353882]
[2024-04-25 16:00:04,759][root][INFO] - Reward: -0.9999999999802307
[2024-04-25 16:00:04,760][root][INFO] - --------------- Start iteration i=65 ---------------
[2024-04-25 16:00:04,760][root][INFO] - Length of data.x: 10
[2024-04-25 16:00:04,760][root][INFO] - Length of data.y: 10
[2024-04-25 16:00:04,905][root][INFO] - x: [-0.11100277 -0.10047036 -0.42548926 -0.29645333  0.99827177]
[2024-04-25 16:00:04,905][root][INFO] - y: [-0.01004704  0.12528201 -0.23591025 -0.06646247]
[2024-04-25 16:00:04,906][root][INFO] - Reward: -0.9999999999999396
[2024-04-25 16:00:04,907][root][INFO] - --------------- Start iteration i=66 ---------------
[2024-04-25 16:00:04,907][root][INFO] - Length of data.x: 11
[2024-04-25 16:00:04,907][root][INFO] - Length of data.y: 11
[2024-04-25 16:00:05,044][root][INFO] - x: [-0.1210498   0.02481165 -0.66139952 -0.3629158  -0.42805624]
[2024-04-25 16:00:05,044][root][INFO] - y: [ 0.00248117  0.11180888 -0.28879945 -0.140139  ]
[2024-04-25 16:00:05,045][root][INFO] - Reward: -0.9999999999764074
[2024-04-25 16:00:05,046][root][INFO] - --------------- Start iteration i=67 ---------------
[2024-04-25 16:00:05,046][root][INFO] - Length of data.x: 12
[2024-04-25 16:00:05,046][root][INFO] - Length of data.y: 12
[2024-04-25 16:00:05,200][root][INFO] - x: [-0.11856864  0.13662054 -0.95019896 -0.5030548   0.50825846]
[2024-04-25 16:00:05,200][root][INFO] - y: [ 0.01366205  0.10516001 -0.40031861 -0.11917701]
[2024-04-25 16:00:05,200][root][INFO] - Reward: -0.9997226294205026
[2024-04-25 16:00:05,201][root][INFO] - --------------- Start iteration i=68 ---------------
[2024-04-25 16:00:05,201][root][INFO] - Length of data.x: 13
[2024-04-25 16:00:05,201][root][INFO] - Length of data.y: 13
[2024-04-25 16:00:05,338][root][INFO] - x: [-0.10490658  0.24178054  0.64948242 -0.62223181  0.84339748]
[2024-04-25 16:00:05,339][root][INFO] - y: [ 0.02417805 -0.32364364 -0.49515674  0.23403087]
[2024-04-25 16:00:05,339][root][INFO] - Reward: -0.8962301407923853
[2024-04-25 16:00:05,340][root][INFO] - --------------- Start iteration i=69 ---------------
[2024-04-25 16:00:05,340][root][INFO] - Length of data.x: 14
[2024-04-25 16:00:05,340][root][INFO] - Length of data.y: 14
[2024-04-25 16:00:05,478][root][INFO] - x: [-0.08072853 -0.0818631   0.15432569 -0.38820094  0.34086257]
[2024-04-25 16:00:05,478][root][INFO] - y: [-0.00818631 -0.04642715 -0.30892074  0.00469006]
[2024-04-25 16:00:05,479][root][INFO] - Reward: -0.9999828810908086
[2024-04-25 16:00:05,480][root][INFO] - --------------- Start iteration i=70 ---------------
[2024-04-25 16:00:05,480][root][INFO] - Length of data.x: 15
[2024-04-25 16:00:05,480][root][INFO] - Length of data.y: 15
[2024-04-25 16:00:12,413][root][INFO] - Eval Returns: [-22.9461909  -23.04721178 -24.61147691 -24.96753642 -20.94995048]
[2024-04-25 16:00:12,424][root][INFO] - Eval Returns: mean=-23.304 std=1.429
[2024-04-25 16:00:12,424][root][INFO] - Eval ndata: 15.000
[2024-04-25 16:00:12,424][root][INFO] - Model MSE (current real MPC): 0.520
[2024-04-25 16:00:13,701][root][INFO] - Model MSE (random test set): 0.250
[2024-04-25 16:00:13,701][root][INFO] - Model MSE (GT MPC): 0.033
[2024-04-25 16:00:13,701][root][INFO] - Model Likelihood (random test set): -3.730
[2024-04-25 16:00:13,701][root][INFO] - Model Likelihood (GT MPC): -3.690
[2024-04-25 16:00:13,701][root][INFO] - *[TIME] [Evaluate the current MPC policy] Elapsed: 8.08 seconds
[2024-04-25 16:00:18,463][root][INFO] - x: [-0.08891484 -0.12829025 -0.15459506 -0.38351087 -0.7255804 ]
[2024-04-25 16:00:18,463][root][INFO] - y: [-0.01282902  0.02004833 -0.3051885  -0.02811028]
[2024-04-25 16:00:18,464][root][INFO] - Reward: -0.999999999897913
[2024-04-25 16:00:20,436][root][INFO] - --------------- Start iteration i=71 ---------------
[2024-04-25 16:00:20,436][root][INFO] - Length of data.x: 16
[2024-04-25 16:00:20,436][root][INFO] - Length of data.y: 16
[2024-04-25 16:00:20,632][root][INFO] - x: [-0.10174386 -0.10824192 -0.45978356 -0.41162116  0.85701291]
[2024-04-25 16:00:20,633][root][INFO] - y: [-0.01082419  0.1980856  -0.32755797 -0.0724567 ]
[2024-04-25 16:00:20,633][root][INFO] - Reward: -0.999999999998322
[2024-04-25 16:00:20,635][root][INFO] - --------------- Start iteration i=72 ---------------
[2024-04-25 16:00:20,635][root][INFO] - Length of data.x: 17
[2024-04-25 16:00:20,635][root][INFO] - Length of data.y: 17
[2024-04-25 16:00:20,769][root][INFO] - x: [-0.11256806  0.08984369 -0.78734153 -0.48407785 -1.        ]
[2024-04-25 16:00:20,769][root][INFO] - y: [ 0.00898437  0.13408815 -0.38521723 -0.16609375]
[2024-04-25 16:00:20,769][root][INFO] - Reward: -0.9999992823038092
[2024-04-25 16:00:20,770][root][INFO] - --------------- Start iteration i=73 ---------------
[2024-04-25 16:00:20,771][root][INFO] - Length of data.x: 18
[2024-04-25 16:00:20,771][root][INFO] - Length of data.y: 18
[2024-04-25 16:00:20,898][root][INFO] - x: [-0.10358369  0.22393183  0.82744124 -0.6501716   0.56160762]
[2024-04-25 16:00:20,899][root][INFO] - y: [ 0.02239318 -0.26889983 -0.51739054  0.28101118]
[2024-04-25 16:00:20,899][root][INFO] - Reward: -0.7406234437090168
[2024-04-25 16:00:20,900][root][INFO] - --------------- Start iteration i=74 ---------------
[2024-04-25 16:00:20,900][root][INFO] - Length of data.x: 19
[2024-04-25 16:00:20,900][root][INFO] - Length of data.y: 19
[2024-04-25 16:00:21,026][root][INFO] - x: [-0.0811905  -0.04496799  0.3100507  -0.36916043  0.41867233]
[2024-04-25 16:00:21,026][root][INFO] - y: [-0.0044968  -0.07620439 -0.29376877  0.03840483]
[2024-04-25 16:00:21,026][root][INFO] - Reward: -0.9957498453529908
[2024-04-25 16:00:21,027][root][INFO] - Explore episode complete with return -24.272792650178562, resetting
[2024-04-25 16:00:21,027][root][INFO] - Exploration Episode Rewards: [-0.9999903524010273, -0.9999907949122586, -0.9999932692725723, -0.9999973014231238, -0.9999993971167079, -0.9999999167459903, -0.9999999965320853, -0.9999999998194753, -0.999999998647148, -0.9999437712634854, -0.6736481458922503, -0.9670016360835214, -0.9999202483406145, -0.9999995992059746, -0.9999999999802307, -0.9999999999999396, -0.9999999999764074, -0.9997226294205026, -0.8962301407923853, -0.9999828810908086, -0.999999999897913, -0.999999999998322, -0.9999992823038092, -0.7406234437090168, -0.9957498453529908]
[2024-04-25 16:00:21,028][root][INFO] - --------------- Start iteration i=75 ---------------
[2024-04-25 16:00:21,028][root][INFO] - Length of data.x: 20
[2024-04-25 16:00:21,028][root][INFO] - Length of data.y: 20
[2024-04-25 16:00:21,158][root][INFO] - x: [-1.33216766e-03 -2.45044674e-04 -9.96978199e-01 -1.37755422e-03
 -9.99094411e-01]
[2024-04-25 16:00:21,158][root][INFO] - y: [-2.45044674e-05 -7.93598532e-02 -1.09622370e-03  7.84238023e-02]
[2024-04-25 16:00:21,159][root][INFO] - Reward: -0.9999900918723704
[2024-04-25 16:00:21,160][root][INFO] - --------------- Start iteration i=76 ---------------
[2024-04-25 16:00:21,160][root][INFO] - Length of data.x: 21
[2024-04-25 16:00:21,160][root][INFO] - Length of data.y: 21
[2024-04-25 16:00:21,289][root][INFO] - x: [-0.00135667 -0.0796049  -0.99807442  0.07704625 -0.67410511]
[2024-04-25 16:00:21,289][root][INFO] - y: [-0.00796049 -0.05224313  0.06131151  0.05164787]
[2024-04-25 16:00:21,290][root][INFO] - Reward: -0.9999913043003206
[2024-04-25 16:00:21,291][root][INFO] - --------------- Start iteration i=77 ---------------
[2024-04-25 16:00:21,291][root][INFO] - Length of data.x: 22
[2024-04-25 16:00:21,291][root][INFO] - Length of data.y: 22
[2024-04-25 16:00:21,420][root][INFO] - x: [-0.00931716 -0.13184802 -0.93676292  0.12869412 -0.07886976]
[2024-04-25 16:00:21,420][root][INFO] - y: [-0.0131848   0.01182664  0.10241161 -0.03097509]
[2024-04-25 16:00:21,420][root][INFO] - Reward: -0.9999951506493022
[2024-04-25 16:00:21,422][root][INFO] - --------------- Start iteration i=78 ---------------
[2024-04-25 16:00:21,422][root][INFO] - Length of data.x: 23
[2024-04-25 16:00:21,422][root][INFO] - Length of data.y: 23
[2024-04-25 16:00:21,551][root][INFO] - x: [-0.02250196 -0.12002138 -0.83435131  0.09771903 -0.09302693]
[2024-04-25 16:00:21,552][root][INFO] - y: [-0.01200214  0.02352843  0.0777624  -0.06924167]
[2024-04-25 16:00:21,552][root][INFO] - Reward: -0.9999980777669459
[2024-04-25 16:00:21,553][root][INFO] - --------------- Start iteration i=79 ---------------
[2024-04-25 16:00:21,553][root][INFO] - Length of data.x: 24
[2024-04-25 16:00:21,553][root][INFO] - Length of data.y: 24
[2024-04-25 16:00:21,694][root][INFO] - x: [-0.0345041  -0.09649295 -0.75658891  0.02847736  0.28214048]
[2024-04-25 16:00:21,695][root][INFO] - y: [-0.00964929  0.04224347  0.02266158 -0.09846837]
[2024-04-25 16:00:21,695][root][INFO] - Reward: -0.9999994000849892
[2024-04-25 16:00:21,697][root][INFO] - --------------- Start iteration i=80 ---------------
[2024-04-25 16:00:21,697][root][INFO] - Length of data.x: 25
[2024-04-25 16:00:21,697][root][INFO] - Length of data.y: 25
[2024-04-25 16:00:29,053][root][INFO] - Eval Returns: [-18.52946639 -21.93698214 -23.51466831 -22.62811814 -18.06523973]
[2024-04-25 16:00:29,062][root][INFO] - Eval Returns: mean=-20.935 std=2.216
[2024-04-25 16:00:29,063][root][INFO] - Eval ndata: 25.000
[2024-04-25 16:00:29,063][root][INFO] - Model MSE (current real MPC): 0.466
[2024-04-25 16:00:30,207][root][INFO] - Model MSE (random test set): 0.279
[2024-04-25 16:00:30,207][root][INFO] - Model MSE (GT MPC): 0.043
[2024-04-25 16:00:30,207][root][INFO] - Model Likelihood (random test set): -3.751
[2024-04-25 16:00:30,207][root][INFO] - Model Likelihood (GT MPC): -3.701
[2024-04-25 16:00:30,207][root][INFO] - *[TIME] [Evaluate the current MPC policy] Elapsed: 8.38 seconds
[2024-04-25 16:00:36,534][root][INFO] - x: [-0.0441534  -0.05424948 -0.73392732 -0.069991    0.50171771]
[2024-04-25 16:00:36,534][root][INFO] - y: [-0.00542495  0.05695701 -0.05569711 -0.11104472]
[2024-04-25 16:00:36,535][root][INFO] - Reward: -0.9999997483216084
[2024-04-25 16:00:38,533][root][INFO] - --------------- Start iteration i=81 ---------------
[2024-04-25 16:00:38,534][root][INFO] - Length of data.x: 14
[2024-04-25 16:00:38,534][root][INFO] - Length of data.y: 14
[2024-04-25 16:00:39,067][root][INFO] - x: [-0.04957834  0.00270754 -0.78962444 -0.18103572  0.27597796]
[2024-04-25 16:00:39,068][root][INFO] - y: [ 0.00027075  0.06587136 -0.14406377 -0.11227997]
[2024-04-25 16:00:39,068][root][INFO] - Reward: -0.9999993958565446
[2024-04-25 16:00:39,069][root][INFO] - --------------- Start iteration i=82 ---------------
[2024-04-25 16:00:39,069][root][INFO] - Length of data.x: 13
[2024-04-25 16:00:39,069][root][INFO] - Length of data.y: 13
[2024-04-25 16:00:39,373][root][INFO] - x: [-0.04930759  0.0685789  -0.9336882  -0.2933157   0.67037797]
[2024-04-25 16:00:39,373][root][INFO] - y: [ 0.00685789  0.08886554 -0.2334134  -0.10725417]
[2024-04-25 16:00:39,373][root][INFO] - Reward: -0.99996067021725
[2024-04-25 16:00:39,375][root][INFO] - --------------- Start iteration i=83 ---------------
[2024-04-25 16:00:39,375][root][INFO] - Length of data.x: 13
[2024-04-25 16:00:39,375][root][INFO] - Length of data.y: 13
[2024-04-25 16:00:39,683][root][INFO] - x: [-0.0424497   0.15744444  0.83289839 -0.40056986  0.45018836]
[2024-04-25 16:00:39,684][root][INFO] - y: [ 0.01574444 -0.09792607 -0.31876363  0.13395572]
[2024-04-25 16:00:39,684][root][INFO] - Reward: -0.9821373652152239
[2024-04-25 16:00:39,686][root][INFO] - --------------- Start iteration i=84 ---------------
[2024-04-25 16:00:39,686][root][INFO] - Length of data.x: 13
[2024-04-25 16:00:39,686][root][INFO] - Length of data.y: 13
[2024-04-25 16:00:40,306][root][INFO] - x: [-0.02670526  0.05951837  0.51413477 -0.26661415 -0.0278232 ]
[2024-04-25 16:00:40,307][root][INFO] - y: [ 0.00595184 -0.07024601 -0.21216497  0.10122141]
[2024-04-25 16:00:40,311][root][INFO] - Reward: -0.6765711513870797
[2024-04-25 16:00:40,314][root][INFO] - --------------- Start iteration i=85 ---------------
[2024-04-25 16:00:40,314][root][INFO] - Length of data.x: 10
[2024-04-25 16:00:40,314][root][INFO] - Length of data.y: 10
[2024-04-25 16:00:40,853][root][INFO] - x: [-0.02075342 -0.01072765  0.3019698  -0.16539274 -0.0778305 ]
[2024-04-25 16:00:40,855][root][INFO] - y: [-0.00107276 -0.00823344 -0.13161547  0.07500291]
[2024-04-25 16:00:40,856][root][INFO] - Reward: -0.11120605035007824
[2024-04-25 16:00:40,857][root][INFO] - --------------- Start iteration i=86 ---------------
[2024-04-25 16:00:40,857][root][INFO] - Length of data.x: 8
[2024-04-25 16:00:40,857][root][INFO] - Length of data.y: 8
[2024-04-25 16:00:41,337][root][INFO] - x: [-0.02182618 -0.01896109  0.17035433 -0.09038983  0.26132104]
[2024-04-25 16:00:41,337][root][INFO] - y: [-0.00189611  0.03529775 -0.07193     0.08044414]
[2024-04-25 16:00:41,338][root][INFO] - Reward: -0.029905409148201834
[2024-04-25 16:00:41,339][root][INFO] - --------------- Start iteration i=87 ---------------
[2024-04-25 16:00:41,340][root][INFO] - Length of data.x: 6
[2024-04-25 16:00:41,340][root][INFO] - Length of data.y: 6
[2024-04-25 16:00:41,622][root][INFO] - x: [-0.02372229  0.01633667  0.09842433 -0.00994569 -0.59127699]
[2024-04-25 16:00:41,623][root][INFO] - y: [ 0.00163367 -0.0289224  -0.00791454  0.00233202]
[2024-04-25 16:00:41,623][root][INFO] - Reward: -0.026397097316238627
[2024-04-25 16:00:41,625][root][INFO] - --------------- Start iteration i=88 ---------------
[2024-04-25 16:00:41,625][root][INFO] - Length of data.x: 6
[2024-04-25 16:00:41,625][root][INFO] - Length of data.y: 6
[2024-04-25 16:00:42,353][root][INFO] - x: [-0.02208863 -0.01258574  0.0905098  -0.00761367 -0.37498561]
[2024-04-25 16:00:42,353][root][INFO] - y: [-0.00125857 -0.01332753 -0.00605877  0.01475552]
[2024-04-25 16:00:42,354][root][INFO] - Reward: -0.048687108747067054
[2024-04-25 16:00:42,356][root][INFO] - --------------- Start iteration i=89 ---------------
[2024-04-25 16:00:42,356][root][INFO] - Length of data.x: 2
[2024-04-25 16:00:42,356][root][INFO] - Length of data.y: 2
[2024-04-25 16:00:42,728][root][INFO] - x: [-0.0233472  -0.02591327  0.08445102  0.00714185  1.        ]
[2024-04-25 16:00:42,729][root][INFO] - y: [-0.00259133  0.09152764  0.00568331  0.1140741 ]
[2024-04-25 16:00:42,729][root][INFO] - Reward: -0.06938398505136845
[2024-04-25 16:00:42,730][root][INFO] - --------------- Start iteration i=90 ---------------
[2024-04-25 16:00:42,730][root][INFO] - Length of data.x: 2
[2024-04-25 16:00:42,730][root][INFO] - Length of data.y: 2
[2024-04-25 16:00:45,316][root][INFO] - *[TIME] [Evaluate the current MPC policy] Elapsed: 2.46 seconds
