[2024-04-23 15:57:19,823][root][INFO] - Dumper dumping to /tirl/experiments/mpc_frozencartpole_2024-04-23/15-57-03/seed_2
[2024-04-23 15:57:19,839][root][INFO] - Start obs: None
[2024-04-23 15:57:47,752][root][INFO] - GT Returns: [-10.79045084 -11.35762793 -11.45750591 -10.79451657  -9.86761566]
[2024-04-23 15:57:47,752][root][INFO] - GT Returns: mean=-10.854 std=0.565
[2024-04-23 15:57:47,752][root][INFO] - Path Lengths: [36345, 36345, 36345, 36345, 36345]
[2024-04-23 15:57:47,753][root][INFO] - Path Lengths: mean=36345.000 std=0.000
[2024-04-23 15:57:47,810][root][INFO] - all_x.shape = (181725, 5)
[2024-04-23 15:57:47,815][root][INFO] - all_x.min(axis=0) = [-0.53974574 -0.91341703 -0.99998397 -0.78486893 -1.        ]
[2024-04-23 15:57:47,820][root][INFO] - all_x.max(axis=0) = [0.83857963 1.34153325 0.99999124 0.84208116 1.        ]
[2024-04-23 15:57:47,823][root][INFO] - all_x.mean(axis=0) = [-0.01621806  0.00127606  0.00988989  0.00976886  0.00336886]
[2024-04-23 15:57:47,831][root][INFO] - all_x.var(axis=0) = [0.00551706 0.0275575  0.23006923 0.07274972 0.23549996]
[2024-04-23 15:57:47,874][root][INFO] - --------------- Start iteration i=0 ---------------
[2024-04-23 15:57:47,875][root][INFO] - Length of data.x: 301
[2024-04-23 15:57:47,875][root][INFO] - Length of data.y: 301
[2024-04-23 15:58:15,028][root][INFO] - Eval Returns: [-20.29562435 -21.62167041 -18.59341998 -21.6232591  -17.12897375]
[2024-04-23 15:58:15,038][root][INFO] - Eval Returns: mean=-19.853 std=1.759
[2024-04-23 15:58:15,039][root][INFO] - Eval ndata: 301.000
[2024-04-23 15:58:15,039][root][INFO] - Model MSE (current real MPC): 0.418
[2024-04-23 15:58:16,591][root][INFO] - Model MSE (random test set): 0.004
[2024-04-23 15:58:16,591][root][INFO] - Model MSE (GT MPC): 0.001
[2024-04-23 15:58:16,592][root][INFO] - Model Likelihood (random test set): -3.731
[2024-04-23 15:58:16,592][root][INFO] - Model Likelihood (GT MPC): -3.786
[2024-04-23 15:58:16,592][root][INFO] - *[TIME] [Evaluate the current MPC policy] Elapsed: 28.24 seconds
[2024-04-23 15:58:20,546][root][INFO] - x: [-7.61566401e-05 -1.83630803e-03  9.97656522e-01  2.78406038e-04
 -4.52754984e-01]
[2024-04-23 15:58:20,546][root][INFO] - y: [-0.00018363 -0.03662374  0.00022155  0.03734597]
[2024-04-23 15:58:20,547][root][INFO] - Reward: -0.999990068108317
[2024-04-23 15:58:24,200][root][INFO] - --------------- Start iteration i=1 ---------------
[2024-04-23 15:58:24,201][root][INFO] - Length of data.x: 302
[2024-04-23 15:58:24,201][root][INFO] - Length of data.y: 302
[2024-04-23 15:58:24,629][root][INFO] - x: [-2.59787443e-04 -3.84600522e-02  9.97878070e-01  3.76243721e-02
 -4.91703098e-01]
[2024-04-23 15:58:24,629][root][INFO] - y: [-0.00384601 -0.03912692  0.02994055  0.03978091]
[2024-04-23 15:58:24,630][root][INFO] - Reward: -0.9999903244270822
[2024-04-23 15:58:24,633][root][INFO] - --------------- Start iteration i=2 ---------------
[2024-04-23 15:58:24,633][root][INFO] - Length of data.x: 303
[2024-04-23 15:58:24,633][root][INFO] - Length of data.y: 303
[2024-04-23 15:58:25,054][root][INFO] - x: [-0.00410579 -0.07758697 -0.97218138  0.07740529 -0.41893486]
[2024-04-23 15:58:25,055][root][INFO] - y: [-0.0077587  -0.02624569  0.06159722  0.01757403]
[2024-04-23 15:58:25,056][root][INFO] - Reward: -0.9999918915491738
[2024-04-23 15:58:25,058][root][INFO] - --------------- Start iteration i=3 ---------------
[2024-04-23 15:58:25,058][root][INFO] - Length of data.x: 304
[2024-04-23 15:58:25,059][root][INFO] - Length of data.y: 304
[2024-04-23 15:58:25,485][root][INFO] - x: [-0.01186449 -0.10383265 -0.91058416  0.09497931 -0.27635123]
[2024-04-23 15:58:25,485][root][INFO] - y: [-0.01038327 -0.0009571   0.0755822  -0.02630446]
[2024-04-23 15:58:25,486][root][INFO] - Reward: -0.9999950567352904
[2024-04-23 15:58:25,488][root][INFO] - --------------- Start iteration i=4 ---------------
[2024-04-23 15:58:25,489][root][INFO] - Length of data.x: 305
[2024-04-23 15:58:25,489][root][INFO] - Length of data.y: 305
[2024-04-23 15:58:25,914][root][INFO] - x: [-0.02224775 -0.10478975 -0.83500197  0.06867486 -0.20142062]
[2024-04-23 15:58:25,915][root][INFO] - y: [-0.01047898  0.01257346  0.05464976 -0.05957543]
[2024-04-23 15:58:25,915][root][INFO] - Reward: -0.999997869176411
[2024-04-23 15:58:25,918][root][INFO] - --------------- Start iteration i=5 ---------------
[2024-04-23 15:58:25,918][root][INFO] - Length of data.x: 306
[2024-04-23 15:58:25,918][root][INFO] - Length of data.y: 306
[2024-04-23 15:58:26,368][root][INFO] - x: [-0.03272673 -0.09221629 -0.78035221  0.00909943 -0.34998358]
[2024-04-23 15:58:26,369][root][INFO] - y: [-0.00922163  0.00199637  0.0072411  -0.06405106]
[2024-04-23 15:58:26,369][root][INFO] - Reward: -0.9999992906192127
[2024-04-23 15:58:26,372][root][INFO] - --------------- Start iteration i=6 ---------------
[2024-04-23 15:58:26,372][root][INFO] - Length of data.x: 307
[2024-04-23 15:58:26,373][root][INFO] - Length of data.y: 307
[2024-04-23 15:58:26,807][root][INFO] - x: [-0.04194836 -0.09021992 -0.7731111  -0.05495163  0.49611924]
[2024-04-23 15:58:26,808][root][INFO] - y: [-0.00902199  0.05828875 -0.04372915 -0.10831555]
[2024-04-23 15:58:26,809][root][INFO] - Reward: -0.9999997808698632
[2024-04-23 15:58:26,811][root][INFO] - --------------- Start iteration i=7 ---------------
[2024-04-23 15:58:26,811][root][INFO] - Length of data.x: 308
[2024-04-23 15:58:26,812][root][INFO] - Length of data.y: 308
[2024-04-23 15:58:27,244][root][INFO] - x: [-0.05097035 -0.03193117 -0.81684025 -0.16326718  0.3595887 ]
[2024-04-23 15:58:27,244][root][INFO] - y: [-0.00319312  0.06617815 -0.129924   -0.10896005]
[2024-04-23 15:58:27,245][root][INFO] - Reward: -0.9999995668409747
[2024-04-23 15:58:27,247][root][INFO] - --------------- Start iteration i=8 ---------------
[2024-04-23 15:58:27,247][root][INFO] - Length of data.x: 309
[2024-04-23 15:58:27,248][root][INFO] - Length of data.y: 309
[2024-04-23 15:58:27,698][root][INFO] - x: [-0.05416347  0.03424698 -0.94676425 -0.27222722  0.49626457]
[2024-04-23 15:58:27,698][root][INFO] - y: [ 0.0034247   0.06622843 -0.21663172 -0.08165157]
[2024-04-23 15:58:27,699][root][INFO] - Reward: -0.999970911553872
[2024-04-23 15:58:27,701][root][INFO] - --------------- Start iteration i=9 ---------------
[2024-04-23 15:58:27,702][root][INFO] - Length of data.x: 310
[2024-04-23 15:58:27,702][root][INFO] - Length of data.y: 310
[2024-04-23 15:58:28,135][root][INFO] - x: [-0.05073877  0.10047542  0.83660404 -0.35387879  0.62870459]
[2024-04-23 15:58:28,135][root][INFO] - y: [ 0.01004754 -0.06007094 -0.28160802  0.10055253]
[2024-04-23 15:58:28,136][root][INFO] - Reward: -0.9853988417414703
[2024-04-23 15:58:28,138][root][INFO] - --------------- Start iteration i=10 ---------------
[2024-04-23 15:58:28,138][root][INFO] - Length of data.x: 311
[2024-04-23 15:58:28,139][root][INFO] - Length of data.y: 311
[2024-04-23 15:58:56,072][root][INFO] - Eval Returns: [-20.23692698 -13.50886223 -17.11637979 -17.64426124 -11.30257141]
[2024-04-23 15:58:56,083][root][INFO] - Eval Returns: mean=-15.962 std=3.168
[2024-04-23 15:58:56,083][root][INFO] - Eval ndata: 311.000
[2024-04-23 15:58:56,084][root][INFO] - Model MSE (current real MPC): 0.321
[2024-04-23 15:58:57,691][root][INFO] - Model MSE (random test set): 0.004
[2024-04-23 15:58:57,691][root][INFO] - Model MSE (GT MPC): 0.001
[2024-04-23 15:58:57,691][root][INFO] - Model Likelihood (random test set): -3.729
[2024-04-23 15:58:57,692][root][INFO] - Model Likelihood (GT MPC): -3.778
[2024-04-23 15:58:57,692][root][INFO] - *[TIME] [Evaluate the current MPC policy] Elapsed: 29.12 seconds
[2024-04-23 15:59:03,840][root][INFO] - x: [-0.04069123  0.04040447  0.55499601 -0.25332626 -0.64270184]
[2024-04-23 15:59:03,840][root][INFO] - y: [ 0.00404045 -0.09914204 -0.2015908   0.11378201]
[2024-04-23 15:59:03,841][root][INFO] - Reward: -0.6746307226774311
[2024-04-23 15:59:06,395][root][INFO] - --------------- Start iteration i=11 ---------------
[2024-04-23 15:59:06,395][root][INFO] - Length of data.x: 312
[2024-04-23 15:59:06,396][root][INFO] - Length of data.y: 312
[2024-04-23 15:59:06,820][root][INFO] - x: [-0.03665078 -0.05873757  0.35340522 -0.13954425  0.06477466]
[2024-04-23 15:59:06,820][root][INFO] - y: [-0.00587376  0.00230435 -0.11104587  0.08899284]
[2024-04-23 15:59:06,821][root][INFO] - Reward: -0.1979662112259124
[2024-04-23 15:59:06,823][root][INFO] - --------------- Start iteration i=12 ---------------
[2024-04-23 15:59:06,823][root][INFO] - Length of data.x: 313
[2024-04-23 15:59:06,824][root][INFO] - Length of data.y: 313
[2024-04-23 15:59:07,250][root][INFO] - x: [-0.04252454 -0.05643323  0.24235934 -0.05055141 -0.25259354]
[2024-04-23 15:59:07,251][root][INFO] - y: [-0.00564332  0.00581586 -0.04022756  0.07196118]
[2024-04-23 15:59:07,251][root][INFO] - Reward: -0.2102002038854207
[2024-04-23 15:59:07,254][root][INFO] - --------------- Start iteration i=13 ---------------
[2024-04-23 15:59:07,254][root][INFO] - Length of data.x: 314
[2024-04-23 15:59:07,254][root][INFO] - Length of data.y: 314
[2024-04-23 15:59:07,685][root][INFO] - x: [-0.04816786 -0.05061737  0.20213178  0.02140977  0.14770479]
[2024-04-23 15:59:07,686][root][INFO] - y: [-0.00506174  0.03332105  0.01703737  0.08507677]
[2024-04-23 15:59:07,687][root][INFO] - Reward: -0.2825219606602879
[2024-04-23 15:59:07,689][root][INFO] - --------------- Start iteration i=14 ---------------
[2024-04-23 15:59:07,689][root][INFO] - Length of data.x: 315
[2024-04-23 15:59:07,690][root][INFO] - Length of data.y: 315
[2024-04-23 15:59:08,145][root][INFO] - x: [-0.0532296  -0.01729632  0.21916915  0.10648654 -0.26999171]
[2024-04-23 15:59:08,146][root][INFO] - y: [-0.00172963 -0.00259318  0.08473937  0.06039489]
[2024-04-23 15:59:08,146][root][INFO] - Reward: -0.41844054108804296
[2024-04-23 15:59:08,149][root][INFO] - --------------- Start iteration i=15 ---------------
[2024-04-23 15:59:08,149][root][INFO] - Length of data.x: 316
[2024-04-23 15:59:08,149][root][INFO] - Length of data.y: 316
[2024-04-23 15:59:08,584][root][INFO] - x: [-0.05495923 -0.0198895   0.30390851  0.16688143  0.27154436]
[2024-04-23 15:59:08,584][root][INFO] - y: [-0.00198895  0.01124043  0.13280013  0.08664297]
[2024-04-23 15:59:08,585][root][INFO] - Reward: -0.843922055798357
[2024-04-23 15:59:08,587][root][INFO] - --------------- Start iteration i=16 ---------------
[2024-04-23 15:59:08,587][root][INFO] - Length of data.x: 317
[2024-04-23 15:59:08,587][root][INFO] - Length of data.y: 317
[2024-04-23 15:59:09,011][root][INFO] - x: [-0.05694818 -0.00864907  0.43670865  0.25352441  0.66124497]
[2024-04-23 15:59:09,012][root][INFO] - y: [-0.00086491 -0.0190698   0.20174848  0.09249833]
[2024-04-23 15:59:09,013][root][INFO] - Reward: -0.9970555459123293
[2024-04-23 15:59:09,015][root][INFO] - --------------- Start iteration i=17 ---------------
[2024-04-23 15:59:09,015][root][INFO] - Length of data.x: 318
[2024-04-23 15:59:09,015][root][INFO] - Length of data.y: 318
[2024-04-23 15:59:09,441][root][INFO] - x: [-0.05781309 -0.02771887  0.63845712  0.34602273  0.63396903]
[2024-04-23 15:59:09,442][root][INFO] - y: [-0.00277189 -0.08987772  0.27535636  0.12692901]
[2024-04-23 15:59:09,442][root][INFO] - Reward: -0.999996921084585
[2024-04-23 15:59:09,444][root][INFO] - --------------- Start iteration i=18 ---------------
[2024-04-23 15:59:09,445][root][INFO] - Length of data.x: 319
[2024-04-23 15:59:09,445][root][INFO] - Length of data.y: 319
[2024-04-23 15:59:09,876][root][INFO] - x: [-0.06058497 -0.11759659  0.91381349  0.47295174  0.87270316]
[2024-04-23 15:59:09,876][root][INFO] - y: [-0.01175966 -0.03186216  0.37636334  0.05696675]
[2024-04-23 15:59:09,877][root][INFO] - Reward: -0.999999994196874
[2024-04-23 15:59:09,879][root][INFO] - --------------- Start iteration i=19 ---------------
[2024-04-23 15:59:09,879][root][INFO] - Length of data.x: 320
[2024-04-23 15:59:09,880][root][INFO] - Length of data.y: 320
[2024-04-23 15:59:10,308][root][INFO] - x: [-0.07234463 -0.14945875 -0.70982317  0.52991849  0.47691087]
[2024-04-23 15:59:10,309][root][INFO] - y: [-0.01494587  0.29241016  0.42169608 -0.25671821]
[2024-04-23 15:59:10,309][root][INFO] - Reward: -0.9999996584297302
[2024-04-23 15:59:10,311][root][INFO] - --------------- Start iteration i=20 ---------------
[2024-04-23 15:59:10,312][root][INFO] - Length of data.x: 321
[2024-04-23 15:59:10,312][root][INFO] - Length of data.y: 321
