[2024-04-23 19:58:11,123][root][INFO] - Dumper dumping to /tirl/experiments/mpc_frozencartpole_2024-04-23/19-57-55/seed_0
[2024-04-23 19:58:11,140][root][INFO] - Start obs: None
[2024-04-23 19:58:37,086][root][INFO] - GT Returns: [-11.17582996  -9.57847598 -11.23728392 -10.97488299 -10.00418594]
[2024-04-23 19:58:37,087][root][INFO] - GT Returns: mean=-10.594 std=0.675
[2024-04-23 19:58:37,087][root][INFO] - Path Lengths: [36345, 36345, 36345, 36345, 36345]
[2024-04-23 19:58:37,087][root][INFO] - Path Lengths: mean=36345.000 std=0.000
[2024-04-23 19:58:37,144][root][INFO] - all_x.shape = (181725, 5)
[2024-04-23 19:58:37,150][root][INFO] - all_x.min(axis=0) = [-0.58588917 -0.86107971 -0.99999027 -0.82139323 -1.        ]
[2024-04-23 19:58:37,156][root][INFO] - all_x.max(axis=0) = [0.90161976 1.53711439 0.99999219 0.87147728 1.        ]
[2024-04-23 19:58:37,160][root][INFO] - all_x.mean(axis=0) = [ 0.00176203  0.01479867 -0.01427834 -0.03191395  0.02779032]
[2024-04-23 19:58:37,172][root][INFO] - all_x.var(axis=0) = [0.00700384 0.03250717 0.22794909 0.07607307 0.21700919]
[2024-04-23 19:58:37,228][root][INFO] - --------------- Start iteration i=0 ---------------
[2024-04-23 19:58:37,229][root][INFO] - Length of data.x: 301
[2024-04-23 19:58:37,229][root][INFO] - Length of data.y: 301
[2024-04-23 19:59:04,994][root][INFO] - Eval Returns: [-21.75757281 -12.41329667 -14.79975652 -11.11743448 -13.74939592]
[2024-04-23 19:59:05,000][root][INFO] - Eval Returns: mean=-14.767 std=3.708
[2024-04-23 19:59:05,001][root][INFO] - Eval ndata: 301.000
[2024-04-23 19:59:05,001][root][INFO] - Model MSE (current real MPC): 0.289
[2024-04-23 19:59:06,445][root][INFO] - Model MSE (random test set): 0.003
[2024-04-23 19:59:06,446][root][INFO] - Model MSE (GT MPC): 0.001
[2024-04-23 19:59:06,446][root][INFO] - Model Likelihood (random test set): -3.734
[2024-04-23 19:59:06,446][root][INFO] - Model Likelihood (GT MPC): -3.758
[2024-04-23 19:59:06,446][root][INFO] - *[TIME] [Evaluate the current MPC policy] Elapsed: 28.67 seconds
