[2024-04-23 22:31:30,911][root][INFO] - Dumper dumping to /tirl/experiments/mpc_frozencartpole_initdata_gpforgetting_2024-04-23/22-31-15/seed_0
[2024-04-23 22:31:30,927][root][INFO] - Start obs: None
[2024-04-23 22:31:56,612][root][INFO] - GT Returns: [-11.25462265 -10.22106324 -10.56910706 -11.72744874 -11.15350458]
[2024-04-23 22:31:56,612][root][INFO] - GT Returns: mean=-10.985 std=0.531
[2024-04-23 22:31:56,612][root][INFO] - Path Lengths: [36345, 36345, 36345, 36345, 36345]
[2024-04-23 22:31:56,613][root][INFO] - Path Lengths: mean=36345.000 std=0.000
[2024-04-23 22:31:56,676][root][INFO] - all_x.shape = (181725, 5)
[2024-04-23 22:31:56,681][root][INFO] - all_x.min(axis=0) = [-0.57869868 -0.91381423 -0.99999284 -0.79998088 -1.        ]
[2024-04-23 22:31:56,686][root][INFO] - all_x.max(axis=0) = [0.87461022 1.36328556 0.99997803 0.89254731 1.        ]
[2024-04-23 22:31:56,689][root][INFO] - all_x.mean(axis=0) = [-0.01010037 -0.00183501  0.01514946  0.00415727  0.00294766]
[2024-04-23 22:31:56,698][root][INFO] - all_x.var(axis=0) = [0.00609044 0.02926524 0.23447027 0.07271593 0.23252632]
[2024-04-23 22:31:56,735][root][INFO] - --------------- Start iteration i=0 ---------------
[2024-04-23 22:31:56,736][root][INFO] - Length of data.x: 301
[2024-04-23 22:31:56,736][root][INFO] - Length of data.y: 301
[2024-04-23 22:32:22,424][root][INFO] - Eval Returns: [-20.16379807 -15.94228512 -14.02920118 -13.90805405 -10.93908096]
[2024-04-23 22:32:22,430][root][INFO] - Eval Returns: mean=-14.996 std=3.039
[2024-04-23 22:32:22,430][root][INFO] - Eval ndata: 301.000
[2024-04-23 22:32:22,431][root][INFO] - Model MSE (current real MPC): 0.257
[2024-04-23 22:32:23,818][root][INFO] - Model MSE (random test set): 0.003
[2024-04-23 22:32:23,819][root][INFO] - Model MSE (GT MPC): 0.001
[2024-04-23 22:32:23,819][root][INFO] - Model Likelihood (random test set): -3.734
[2024-04-23 22:32:23,819][root][INFO] - Model Likelihood (GT MPC): -3.799
[2024-04-23 22:32:23,819][root][INFO] - *[TIME] [Evaluate the current MPC policy] Elapsed: 26.65 seconds
