[2024-04-23 21:07:33,935][root][INFO] - Dumper dumping to /tirl/experiments/mpc_frozencartpole_2024-04-23/21-07-06/seed_4
[2024-04-23 21:07:33,966][root][INFO] - Start obs: None
[2024-04-23 21:08:22,822][root][INFO] - GT Returns: [-10.96601007 -10.87992251 -11.801922   -10.98655699 -13.86359311]
[2024-04-23 21:08:22,823][root][INFO] - GT Returns: mean=-11.700 std=1.132
[2024-04-23 21:08:22,824][root][INFO] - Path Lengths: [36345, 36345, 36345, 36345, 36345]
[2024-04-23 21:08:22,825][root][INFO] - Path Lengths: mean=36345.000 std=0.000
[2024-04-23 21:08:22,924][root][INFO] - all_x.shape = (181725, 5)
[2024-04-23 21:08:22,931][root][INFO] - all_x.min(axis=0) = [-0.61192762 -0.94175151 -0.99999239 -0.88578702 -1.        ]
[2024-04-23 21:08:22,938][root][INFO] - all_x.max(axis=0) = [1.00599904 1.46966262 0.99999477 0.87945777 1.        ]
[2024-04-23 21:08:22,944][root][INFO] - all_x.mean(axis=0) = [-0.00662936 -0.00025344 -0.00015002 -0.01507398  0.00409872]
[2024-04-23 21:08:22,957][root][INFO] - all_x.var(axis=0) = [0.00669469 0.03041396 0.24345289 0.0759361  0.23933366]
[2024-04-23 21:08:23,037][root][INFO] - --------------- Start iteration i=0 ---------------
[2024-04-23 21:08:23,038][root][INFO] - Length of data.x: 301
[2024-04-23 21:08:23,039][root][INFO] - Length of data.y: 301
[2024-04-23 21:09:09,476][root][INFO] - Eval Returns: [-16.29142682 -16.07363073 -14.27322238 -23.69658922 -17.92897686]
[2024-04-23 21:09:09,486][root][INFO] - Eval Returns: mean=-17.653 std=3.236
[2024-04-23 21:09:09,486][root][INFO] - Eval ndata: 301.000
[2024-04-23 21:09:09,487][root][INFO] - Model MSE (current real MPC): 0.417
[2024-04-23 21:09:11,313][root][INFO] - Model MSE (random test set): 0.003
[2024-04-23 21:09:11,314][root][INFO] - Model MSE (GT MPC): 0.001
[2024-04-23 21:09:11,315][root][INFO] - Model Likelihood (random test set): -3.733
[2024-04-23 21:09:11,316][root][INFO] - Model Likelihood (GT MPC): -3.789
[2024-04-23 21:09:11,316][root][INFO] - *[TIME] [Evaluate the current MPC policy] Elapsed: 47.44 seconds
