[2024-04-23 22:23:55,757][root][INFO] - Dumper dumping to /tirl/experiments/mpc_frozencartpole_initdata_gpforgetting_2024-04-23/22-23-39/seed_3
[2024-04-23 22:23:55,778][root][INFO] - Start obs: None
[2024-04-23 22:24:21,613][root][INFO] - GT Returns: [-10.85258993 -10.33080337 -11.20042763 -10.95737984 -12.31257452]
[2024-04-23 22:24:21,614][root][INFO] - GT Returns: mean=-11.131 std=0.656
[2024-04-23 22:24:21,614][root][INFO] - Path Lengths: [36345, 36345, 36345, 36345, 36345]
[2024-04-23 22:24:21,614][root][INFO] - Path Lengths: mean=36345.000 std=0.000
[2024-04-23 22:24:21,670][root][INFO] - all_x.shape = (181725, 5)
[2024-04-23 22:24:21,675][root][INFO] - all_x.min(axis=0) = [-0.61291485 -0.87293456 -0.99997953 -0.84052193 -1.        ]
[2024-04-23 22:24:21,680][root][INFO] - all_x.max(axis=0) = [0.91187118 1.41228871 0.99998944 0.8760558  1.        ]
[2024-04-23 22:24:21,684][root][INFO] - all_x.mean(axis=0) = [ 0.0045537   0.01237403 -0.01257529 -0.04353405  0.01278893]
[2024-04-23 22:24:21,692][root][INFO] - all_x.var(axis=0) = [0.00756689 0.03456151 0.23616364 0.07530484 0.22985829]
[2024-04-23 22:24:21,737][root][INFO] - --------------- Start iteration i=0 ---------------
[2024-04-23 22:24:21,738][root][INFO] - Length of data.x: 301
[2024-04-23 22:24:21,738][root][INFO] - Length of data.y: 301
[2024-04-23 22:24:47,514][root][INFO] - Eval Returns: [-14.07779789 -18.62134838 -18.10006248 -17.80577547 -21.10361083]
[2024-04-23 22:24:47,525][root][INFO] - Eval Returns: mean=-17.942 std=2.255
[2024-04-23 22:24:47,525][root][INFO] - Eval ndata: 301.000
[2024-04-23 22:24:47,526][root][INFO] - Model MSE (current real MPC): 0.385
[2024-04-23 22:24:48,992][root][INFO] - Model MSE (random test set): 0.002
[2024-04-23 22:24:48,992][root][INFO] - Model MSE (GT MPC): 0.001
[2024-04-23 22:24:48,992][root][INFO] - Model Likelihood (random test set): -3.729
[2024-04-23 22:24:48,992][root][INFO] - Model Likelihood (GT MPC): -3.792
[2024-04-23 22:24:48,993][root][INFO] - *[TIME] [Evaluate the current MPC policy] Elapsed: 26.81 seconds
