[2024-04-23 17:16:54,710][root][INFO] - Dumper dumping to /tirl/experiments/mpc_frozencartpole_2024-04-23/17-16-38/seed_2
[2024-04-23 17:16:54,725][root][INFO] - Start obs: None
[2024-04-23 17:17:21,597][root][INFO] - GT Returns: [-10.15548995 -14.18104501 -11.66463949 -10.8612846  -11.43905865]
[2024-04-23 17:17:21,597][root][INFO] - GT Returns: mean=-11.660 std=1.364
[2024-04-23 17:17:21,597][root][INFO] - Path Lengths: [36345, 36345, 36345, 36345, 36345]
[2024-04-23 17:17:21,598][root][INFO] - Path Lengths: mean=36345.000 std=0.000
[2024-04-23 17:17:21,665][root][INFO] - all_x.shape = (181725, 5)
[2024-04-23 17:17:21,670][root][INFO] - all_x.min(axis=0) = [-0.57484543 -0.84924689 -0.99997062 -0.81304281 -1.        ]
[2024-04-23 17:17:21,675][root][INFO] - all_x.max(axis=0) = [0.87784586 1.42239514 0.99999934 0.85528996 1.        ]
[2024-04-23 17:17:21,678][root][INFO] - all_x.mean(axis=0) = [-0.01604688 -0.00289606  0.01970768  0.03523836  0.01444601]
[2024-04-23 17:17:21,687][root][INFO] - all_x.var(axis=0) = [0.00560446 0.02791432 0.23667119 0.07357883 0.23463524]
[2024-04-23 17:17:21,727][root][INFO] - --------------- Start iteration i=0 ---------------
[2024-04-23 17:17:21,727][root][INFO] - Length of data.x: 301
[2024-04-23 17:17:21,727][root][INFO] - Length of data.y: 301
[2024-04-23 17:17:49,551][root][INFO] - Eval Returns: [-22.44033052 -20.03539092 -17.87245805 -10.99570803 -19.38279294]
[2024-04-23 17:17:49,565][root][INFO] - Eval Returns: mean=-18.145 std=3.866
[2024-04-23 17:17:49,566][root][INFO] - Eval ndata: 301.000
[2024-04-23 17:17:49,566][root][INFO] - Model MSE (current real MPC): 0.481
[2024-04-23 17:17:51,130][root][INFO] - Model MSE (random test set): 0.004
[2024-04-23 17:17:51,130][root][INFO] - Model MSE (GT MPC): 0.001
[2024-04-23 17:17:51,130][root][INFO] - Model Likelihood (random test set): -3.731
[2024-04-23 17:17:51,130][root][INFO] - Model Likelihood (GT MPC): -3.799
[2024-04-23 17:17:51,131][root][INFO] - *[TIME] [Evaluate the current MPC policy] Elapsed: 28.95 seconds
