[2024-04-23 15:57:19,985][root][INFO] - Dumper dumping to /tirl/experiments/mpc_frozencartpole_2024-04-23/15-57-03/seed_3
[2024-04-23 15:57:20,002][root][INFO] - Start obs: None
[2024-04-23 15:57:47,275][root][INFO] - GT Returns: [-12.20953081 -10.92653343 -10.94468097 -10.86032782 -11.67586768]
[2024-04-23 15:57:47,275][root][INFO] - GT Returns: mean=-11.323 std=0.534
[2024-04-23 15:57:47,275][root][INFO] - Path Lengths: [36345, 36345, 36345, 36345, 36345]
[2024-04-23 15:57:47,276][root][INFO] - Path Lengths: mean=36345.000 std=0.000
[2024-04-23 15:57:47,341][root][INFO] - all_x.shape = (181725, 5)
[2024-04-23 15:57:47,346][root][INFO] - all_x.min(axis=0) = [-0.61693642 -0.97609152 -0.99999278 -0.81117966 -1.        ]
[2024-04-23 15:57:47,351][root][INFO] - all_x.max(axis=0) = [0.88697382 1.51035074 0.99998958 0.93274545 1.        ]
[2024-04-23 15:57:47,354][root][INFO] - all_x.mean(axis=0) = [-0.01886233 -0.01792266  0.0379753   0.05148296 -0.01594695]
[2024-04-23 15:57:47,363][root][INFO] - all_x.var(axis=0) = [0.00581901 0.0276496  0.22673769 0.07236045 0.22894781]
[2024-04-23 15:57:47,407][root][INFO] - --------------- Start iteration i=0 ---------------
[2024-04-23 15:57:47,408][root][INFO] - Length of data.x: 301
[2024-04-23 15:57:47,408][root][INFO] - Length of data.y: 301
[2024-04-23 15:58:14,444][root][INFO] - Eval Returns: [-19.51828316 -17.77834912 -19.52332491 -20.66417303 -20.01954294]
[2024-04-23 15:58:14,453][root][INFO] - Eval Returns: mean=-19.501 std=0.958
[2024-04-23 15:58:14,453][root][INFO] - Eval ndata: 301.000
[2024-04-23 15:58:14,454][root][INFO] - Model MSE (current real MPC): 0.418
[2024-04-23 15:58:16,170][root][INFO] - Model MSE (random test set): 0.002
[2024-04-23 15:58:16,170][root][INFO] - Model MSE (GT MPC): 0.001
[2024-04-23 15:58:16,170][root][INFO] - Model Likelihood (random test set): -3.729
[2024-04-23 15:58:16,170][root][INFO] - Model Likelihood (GT MPC): -3.829
[2024-04-23 15:58:16,171][root][INFO] - *[TIME] [Evaluate the current MPC policy] Elapsed: 28.31 seconds
[2024-04-23 15:58:20,458][root][INFO] - x: [ 0.0027386   0.00193437 -0.99011907  0.00145153 -0.56449422]
[2024-04-23 15:58:20,458][root][INFO] - y: [ 0.00019344 -0.08847083  0.00115509  0.08538013]
[2024-04-23 15:58:20,459][root][INFO] - Reward: -0.9999900073197392
[2024-04-23 15:58:24,121][root][INFO] - --------------- Start iteration i=1 ---------------
[2024-04-23 15:58:24,121][root][INFO] - Length of data.x: 302
[2024-04-23 15:58:24,122][root][INFO] - Length of data.y: 302
[2024-04-23 15:58:24,675][root][INFO] - x: [ 0.00293204 -0.08653646 -0.98896398  0.08683166 -0.13196817]
[2024-04-23 15:58:24,675][root][INFO] - y: [-0.00865365 -0.01728449  0.0690985   0.01386988]
[2024-04-23 15:58:24,676][root][INFO] - Reward: -0.9999898845254173
[2024-04-23 15:58:24,678][root][INFO] - --------------- Start iteration i=2 ---------------
[2024-04-23 15:58:24,678][root][INFO] - Length of data.x: 303
[2024-04-23 15:58:24,678][root][INFO] - Length of data.y: 303
[2024-04-23 15:58:25,101][root][INFO] - x: [-0.0057216  -0.10382095 -0.91986549  0.10070154 -0.26020089]
[2024-04-23 15:58:25,101][root][INFO] - y: [-0.0103821  -0.00111008  0.0801358  -0.02338668]
[2024-04-23 15:58:25,102][root][INFO] - Reward: -0.9999921778270735
[2024-04-23 15:58:25,104][root][INFO] - --------------- Start iteration i=3 ---------------
[2024-04-23 15:58:25,104][root][INFO] - Length of data.x: 304
[2024-04-23 15:58:25,104][root][INFO] - Length of data.y: 304
[2024-04-23 15:58:25,527][root][INFO] - x: [-0.0161037  -0.10493103 -0.83972968  0.07731486 -0.21151194]
[2024-04-23 15:58:25,527][root][INFO] - y: [-0.0104931   0.01227092  0.06152526 -0.0581295 ]
[2024-04-23 15:58:25,528][root][INFO] - Reward: -0.9999958061234416
[2024-04-23 15:58:25,530][root][INFO] - --------------- Start iteration i=4 ---------------
[2024-04-23 15:58:25,530][root][INFO] - Length of data.x: 305
[2024-04-23 15:58:25,531][root][INFO] - Length of data.y: 305
[2024-04-23 15:58:25,953][root][INFO] - x: [-0.0265968  -0.09266011 -0.77820442  0.01918536  0.02649191]
[2024-04-23 15:58:25,953][root][INFO] - y: [-0.00926601  0.0264249   0.01526724 -0.08328637]
[2024-04-23 15:58:25,954][root][INFO] - Reward: -0.9999984190668912
[2024-04-23 15:58:25,956][root][INFO] - --------------- Start iteration i=5 ---------------
[2024-04-23 15:58:25,956][root][INFO] - Length of data.x: 306
[2024-04-23 15:58:25,957][root][INFO] - Length of data.y: 306
[2024-04-23 15:58:26,395][root][INFO] - x: [-0.03586281 -0.06623522 -0.76293718 -0.06410101  0.32721496]
[2024-04-23 15:58:26,395][root][INFO] - y: [-0.00662352  0.04764441 -0.05101    -0.10158996]
[2024-04-23 15:58:26,396][root][INFO] - Reward: -0.9999993578165508
[2024-04-23 15:58:26,398][root][INFO] - --------------- Start iteration i=6 ---------------
[2024-04-23 15:58:26,398][root][INFO] - Length of data.x: 307
[2024-04-23 15:58:26,398][root][INFO] - Length of data.y: 307
[2024-04-23 15:58:26,831][root][INFO] - x: [-0.04248634 -0.01859081 -0.81394719 -0.16569096  0.50269247]
[2024-04-23 15:58:26,832][root][INFO] - y: [-0.00185908  0.07639377 -0.13185279 -0.1178967 ]
[2024-04-23 15:58:26,833][root][INFO] - Reward: -0.9999989121516069
[2024-04-23 15:58:26,835][root][INFO] - --------------- Start iteration i=7 ---------------
[2024-04-23 15:58:26,835][root][INFO] - Length of data.x: 308
[2024-04-23 15:58:26,835][root][INFO] - Length of data.y: 308
[2024-04-23 15:58:27,262][root][INFO] - x: [-0.04434542  0.05780296 -0.94579997 -0.28358766  0.40391253]
[2024-04-23 15:58:27,263][root][INFO] - y: [ 0.0057803   0.06062542 -0.22567207 -0.07638914]
[2024-04-23 15:58:27,263][root][INFO] - Reward: -0.9999543609687656
[2024-04-23 15:58:27,266][root][INFO] - --------------- Start iteration i=8 ---------------
[2024-04-23 15:58:27,266][root][INFO] - Length of data.x: 309
[2024-04-23 15:58:27,266][root][INFO] - Length of data.y: 309
[2024-04-23 15:58:27,694][root][INFO] - x: [-0.03856512  0.11842838  0.82852796 -0.3599768   0.57929132]
[2024-04-23 15:58:27,694][root][INFO] - y: [ 0.01184284 -0.07013972 -0.28646067  0.11058477]
[2024-04-23 15:58:27,695][root][INFO] - Reward: -0.9894042769441087
[2024-04-23 15:58:27,697][root][INFO] - --------------- Start iteration i=9 ---------------
[2024-04-23 15:58:27,698][root][INFO] - Length of data.x: 310
[2024-04-23 15:58:27,698][root][INFO] - Length of data.y: 310
[2024-04-23 15:58:28,126][root][INFO] - x: [-0.02672228  0.04828866  0.54206729 -0.24939204 -0.2172625 ]
[2024-04-23 15:58:28,127][root][INFO] - y: [ 0.00482887 -0.0744416  -0.19846004  0.10715305]
[2024-04-23 15:58:28,128][root][INFO] - Reward: -0.7925326597401978
[2024-04-23 15:58:28,133][root][INFO] - --------------- Start iteration i=10 ---------------
[2024-04-23 15:58:28,133][root][INFO] - Length of data.x: 311
[2024-04-23 15:58:28,134][root][INFO] - Length of data.y: 311
[2024-04-23 15:58:56,021][root][INFO] - Eval Returns: [-17.27611947 -16.79628868 -15.96889206 -20.10457767 -18.4002882 ]
[2024-04-23 15:58:56,028][root][INFO] - Eval Returns: mean=-17.709 std=1.433
[2024-04-23 15:58:56,028][root][INFO] - Eval ndata: 311.000
[2024-04-23 15:58:56,028][root][INFO] - Model MSE (current real MPC): 0.417
[2024-04-23 15:58:57,649][root][INFO] - Model MSE (random test set): 0.002
[2024-04-23 15:58:57,650][root][INFO] - Model MSE (GT MPC): 0.001
[2024-04-23 15:58:57,650][root][INFO] - Model Likelihood (random test set): -3.727
[2024-04-23 15:58:57,650][root][INFO] - Model Likelihood (GT MPC): -3.826
[2024-04-23 15:58:57,651][root][INFO] - *[TIME] [Evaluate the current MPC policy] Elapsed: 28.98 seconds
[2024-04-23 15:59:03,832][root][INFO] - x: [-0.02189342 -0.02615295  0.34360725 -0.14223898 -0.42764476]
[2024-04-23 15:59:03,832][root][INFO] - y: [-0.00261529 -0.02457734 -0.11319028  0.07498844]
[2024-04-23 15:59:03,833][root][INFO] - Reward: -0.3069304847404869
[2024-04-23 15:59:06,462][root][INFO] - --------------- Start iteration i=11 ---------------
[2024-04-23 15:59:06,462][root][INFO] - Length of data.x: 312
[2024-04-23 15:59:06,462][root][INFO] - Length of data.y: 312
[2024-04-23 15:59:06,894][root][INFO] - x: [-0.02450871 -0.05073029  0.23041697 -0.06725054 -0.04313104]
[2024-04-23 15:59:06,895][root][INFO] - y: [-0.00507303  0.01749989 -0.05351632  0.07814891]
[2024-04-23 15:59:06,895][root][INFO] - Reward: -0.0663616777439866
[2024-04-23 15:59:06,898][root][INFO] - --------------- Start iteration i=12 ---------------
[2024-04-23 15:59:06,898][root][INFO] - Length of data.x: 313
[2024-04-23 15:59:06,898][root][INFO] - Length of data.y: 313
[2024-04-23 15:59:07,333][root][INFO] - x: [-0.02958174 -0.0332304   0.17690065  0.01089838 -0.34702202]
[2024-04-23 15:59:07,334][root][INFO] - y: [-0.00332304 -0.00078593  0.00867266  0.05114071]
[2024-04-23 15:59:07,335][root][INFO] - Reward: -0.07558529265495417
[2024-04-23 15:59:07,339][root][INFO] - --------------- Start iteration i=13 ---------------
[2024-04-23 15:59:07,340][root][INFO] - Length of data.x: 314
[2024-04-23 15:59:07,340][root][INFO] - Length of data.y: 314
[2024-04-23 15:59:07,829][root][INFO] - x: [-0.03290478 -0.03401633  0.18557331  0.06203908 -0.34035643]
[2024-04-23 15:59:07,829][root][INFO] - y: [-0.00340163 -0.00235528  0.04936917  0.05209551]
[2024-04-23 15:59:07,830][root][INFO] - Reward: -0.18802499202562295
[2024-04-23 15:59:07,832][root][INFO] - --------------- Start iteration i=14 ---------------
[2024-04-23 15:59:07,833][root][INFO] - Length of data.x: 315
[2024-04-23 15:59:07,833][root][INFO] - Length of data.y: 315
[2024-04-23 15:59:08,267][root][INFO] - x: [-0.03630641 -0.03637161  0.23494248  0.11413459 -0.01439511]
[2024-04-23 15:59:08,268][root][INFO] - y: [-0.00363716  0.0122757   0.0908255   0.07515764]
[2024-04-23 15:59:08,268][root][INFO] - Reward: -0.5343453603348605
[2024-04-23 15:59:08,271][root][INFO] - --------------- Start iteration i=15 ---------------
[2024-04-23 15:59:08,271][root][INFO] - Length of data.x: 316
[2024-04-23 15:59:08,271][root][INFO] - Length of data.y: 316
[2024-04-23 15:59:08,698][root][INFO] - x: [-0.03994357 -0.02409591  0.32576798  0.18929224  0.57247126]
[2024-04-23 15:59:08,698][root][INFO] - y: [-0.00240959  0.01841601  0.1506341   0.09343721]
[2024-04-23 15:59:08,699][root][INFO] - Reward: -0.9337064797540958
[2024-04-23 15:59:08,701][root][INFO] - --------------- Start iteration i=16 ---------------
[2024-04-23 15:59:08,701][root][INFO] - Length of data.x: 317
[2024-04-23 15:59:08,702][root][INFO] - Length of data.y: 317
[2024-04-23 15:59:09,128][root][INFO] - x: [-0.04235316 -0.0056799   0.47640208  0.28272945  0.20762108]
[2024-04-23 15:59:09,129][root][INFO] - y: [-0.00056799 -0.06170311  0.22498913  0.09336001]
[2024-04-23 15:59:09,130][root][INFO] - Reward: -0.9993357577661892
[2024-04-23 15:59:09,134][root][INFO] - --------------- Start iteration i=17 ---------------
[2024-04-23 15:59:09,135][root][INFO] - Length of data.x: 318
[2024-04-23 15:59:09,135][root][INFO] - Length of data.y: 318
[2024-04-23 15:59:09,661][root][INFO] - x: [-0.04292115 -0.06738301  0.7013912   0.37608946  0.75535309]
[2024-04-23 15:59:09,661][root][INFO] - y: [-0.0067383  -0.09904182  0.29928272  0.13775736]
[2024-04-23 15:59:09,662][root][INFO] - Reward: -0.9999986330680385
[2024-04-23 15:59:09,664][root][INFO] - --------------- Start iteration i=18 ---------------
[2024-04-23 15:59:09,664][root][INFO] - Length of data.x: 319
[2024-04-23 15:59:09,665][root][INFO] - Length of data.y: 319
[2024-04-23 15:59:10,093][root][INFO] - x: [-0.04965946 -0.16642483 -0.99932607  0.51384682  0.61330471]
[2024-04-23 15:59:10,093][root][INFO] - y: [-0.01664248  0.05269147  0.40890664 -0.05289951]
[2024-04-23 15:59:10,094][root][INFO] - Reward: -0.9999999586394704
[2024-04-23 15:59:10,096][root][INFO] - --------------- Start iteration i=19 ---------------
[2024-04-23 15:59:10,096][root][INFO] - Length of data.x: 320
[2024-04-23 15:59:10,097][root][INFO] - Length of data.y: 320
[2024-04-23 15:59:10,525][root][INFO] - x: [-0.06630194 -0.11373337 -0.59041943  0.46094732  0.27625879]
[2024-04-23 15:59:10,526][root][INFO] - y: [-0.01137334  0.22262453  0.36681052 -0.15665629]
[2024-04-23 15:59:10,527][root][INFO] - Reward: -0.9999834397262838
[2024-04-23 15:59:10,529][root][INFO] - --------------- Start iteration i=20 ---------------
[2024-04-23 15:59:10,529][root][INFO] - Length of data.x: 321
[2024-04-23 15:59:10,529][root][INFO] - Length of data.y: 321
