[2024-04-23 17:31:43,595][root][INFO] - Dumper dumping to /tirl/experiments/mpc_frozencartpole_2024-04-23/17-31-26/seed_4
[2024-04-23 17:31:43,610][root][INFO] - Start obs: None
[2024-04-23 17:32:10,702][root][INFO] - GT Returns: [-14.2943544  -10.4051486  -12.64829803 -10.86452939 -14.64019091]
[2024-04-23 17:32:10,703][root][INFO] - GT Returns: mean=-12.571 std=1.724
[2024-04-23 17:32:10,703][root][INFO] - Path Lengths: [36345, 36345, 36345, 36345, 36345]
[2024-04-23 17:32:10,703][root][INFO] - Path Lengths: mean=36345.000 std=0.000
[2024-04-23 17:32:10,760][root][INFO] - all_x.shape = (181725, 5)
[2024-04-23 17:32:10,765][root][INFO] - all_x.min(axis=0) = [-0.54139979 -0.93521595 -0.99995892 -0.82131597 -1.        ]
[2024-04-23 17:32:10,770][root][INFO] - all_x.max(axis=0) = [0.87406404 1.48700819 0.99998231 0.88399821 1.        ]
[2024-04-23 17:32:10,773][root][INFO] - all_x.mean(axis=0) = [-0.0014875   0.00909945 -0.01439713 -0.03154157  0.03365883]
[2024-04-23 17:32:10,781][root][INFO] - all_x.var(axis=0) = [0.00756516 0.03355812 0.24722082 0.08042841 0.2491702 ]
[2024-04-23 17:32:10,824][root][INFO] - --------------- Start iteration i=0 ---------------
[2024-04-23 17:32:10,824][root][INFO] - Length of data.x: 301
[2024-04-23 17:32:10,824][root][INFO] - Length of data.y: 301
[2024-04-23 17:32:38,225][root][INFO] - Eval Returns: [-18.65157439 -10.61548919 -17.08561988 -19.0706952  -18.65769309]
[2024-04-23 17:32:38,233][root][INFO] - Eval Returns: mean=-16.816 std=3.174
[2024-04-23 17:32:38,233][root][INFO] - Eval ndata: 301.000
[2024-04-23 17:32:38,233][root][INFO] - Model MSE (current real MPC): 0.385
[2024-04-23 17:32:39,668][root][INFO] - Model MSE (random test set): 0.003
[2024-04-23 17:32:39,668][root][INFO] - Model MSE (GT MPC): 0.001
[2024-04-23 17:32:39,669][root][INFO] - Model Likelihood (random test set): -3.733
[2024-04-23 17:32:39,669][root][INFO] - Model Likelihood (GT MPC): -3.783
[2024-04-23 17:32:39,669][root][INFO] - *[TIME] [Evaluate the current MPC policy] Elapsed: 28.39 seconds
