[2024-04-19 19:02:00,785][root][INFO] - Dumper dumping to /trajectory-information-rl/experiments/mpc_cartpole_2024-04-19/19-01-55/seed_4
[2024-04-19 19:02:00,789][root][INFO] - Start obs: None
[2024-04-19 19:02:14,976][root][INFO] - GT Returns: [-11.31435717 -14.6603004  -10.9062598  -11.86476203 -11.01054776]
[2024-04-19 19:02:14,976][root][INFO] - GT Returns: mean=-11.951 std=1.395
[2024-04-19 19:02:14,976][root][INFO] - Path Lengths: [36345, 36345, 36345, 36345, 36345]
[2024-04-19 19:02:14,976][root][INFO] - Path Lengths: mean=36345.000 std=0.000
[2024-04-19 19:02:15,037][root][INFO] - all_x.shape = (181725, 5)
[2024-04-19 19:02:15,042][root][INFO] - all_x.min(axis=0) = [-0.94837623 -1.38362354 -0.99998601 -0.85603309 -1.        ]
[2024-04-19 19:02:15,047][root][INFO] - all_x.max(axis=0) = [0.96985038 1.43635734 0.99999591 0.89984135 1.        ]
[2024-04-19 19:02:15,049][root][INFO] - all_x.mean(axis=0) = [ 0.00844645  0.01554126 -0.00816033  0.00396724  0.01872444]
[2024-04-19 19:02:15,057][root][INFO] - all_x.var(axis=0) = [0.01211054 0.05165057 0.25014216 0.08790669 0.20401835]
[2024-04-19 19:02:15,091][root][INFO] - --------------- Start iteration i=0 ---------------
[2024-04-19 19:02:15,091][root][INFO] - Length of data.x: 1
[2024-04-19 19:02:15,091][root][INFO] - Length of data.y: 1
[2024-04-19 19:02:20,521][root][INFO] - Eval Returns: [-24.99997108 -24.99997936 -24.9999828  -24.99998399 -24.99993117]
[2024-04-19 19:02:20,527][root][INFO] - Eval Returns: mean=-25.000 std=0.000
[2024-04-19 19:02:20,527][root][INFO] - Eval ndata: 1.000
[2024-04-19 19:02:20,527][root][INFO] - Model MSE (current real MPC): 0.475
[2024-04-19 19:02:21,540][root][INFO] - Model MSE (random test set): 0.497
[2024-04-19 19:02:21,540][root][INFO] - Model MSE (GT MPC): 0.188
[2024-04-19 19:02:21,540][root][INFO] - Model Likelihood (random test set): -4.163
[2024-04-19 19:02:21,540][root][INFO] - Model Likelihood (GT MPC): -3.991
[2024-04-19 19:02:21,540][root][INFO] - *[TIME] [Evaluate the current MPC policy] Elapsed: 6.26 seconds
[2024-04-19 19:02:23,281][root][INFO] - x: [ 7.41522525e-04 -2.47369690e-03 -9.95731314e-01 -8.31267274e-04
 -1.00000000e+00]
[2024-04-19 19:02:23,282][root][INFO] - y: [-0.00024737 -0.15915303 -0.0006615   0.1578216 ]
[2024-04-19 19:02:23,282][root][INFO] - Reward: -0.9999900634197759
[2024-04-19 19:02:24,646][root][INFO] - --------------- Start iteration i=1 ---------------
[2024-04-19 19:02:24,647][root][INFO] - Length of data.x: 2
[2024-04-19 19:02:24,647][root][INFO] - Length of data.y: 2
[2024-04-19 19:02:24,807][root][INFO] - x: [ 4.94152835e-04 -1.61626726e-01 -9.96392816e-01  1.56990329e-01
 -9.65603020e-01]
[2024-04-19 19:02:24,807][root][INFO] - y: [-0.01616267 -0.15081201  0.12492904  0.14968927]
[2024-04-19 19:02:24,807][root][INFO] - Reward: -0.9999928196108887
[2024-04-19 19:02:24,807][root][INFO] - --------------- Start iteration i=2 ---------------
[2024-04-19 19:02:24,807][root][INFO] - Length of data.x: 3
[2024-04-19 19:02:24,807][root][INFO] - Length of data.y: 3
[2024-04-19 19:02:24,970][root][INFO] - x: [-0.01566852 -0.31243874 -0.87146378  0.3066796  -0.94279106]
[2024-04-19 19:02:24,970][root][INFO] - y: [-0.03124387 -0.06326462  0.24404807  0.019591  ]
[2024-04-19 19:02:24,970][root][INFO] - Reward: -0.9999990926763177
[2024-04-19 19:02:24,970][root][INFO] - --------------- Start iteration i=3 ---------------
[2024-04-19 19:02:24,970][root][INFO] - Length of data.x: 4
[2024-04-19 19:02:24,970][root][INFO] - Length of data.y: 4
[2024-04-19 19:02:25,120][root][INFO] - x: [-0.04691239 -0.37570335 -0.62741572  0.32627059  1.        ]
[2024-04-19 19:02:25,120][root][INFO] - y: [-0.03757034  0.22149572  0.2596381  -0.1767502 ]
[2024-04-19 19:02:25,120][root][INFO] - Reward: -0.999999936107753
[2024-04-19 19:02:25,120][root][INFO] - --------------- Start iteration i=4 ---------------
[2024-04-19 19:02:25,120][root][INFO] - Length of data.x: 5
[2024-04-19 19:02:25,120][root][INFO] - Length of data.y: 5
[2024-04-19 19:02:30,770][root][INFO] - Eval Returns: [-24.99987275 -24.99968831 -24.98521493 -22.50517179 -22.99243481]
[2024-04-19 19:02:30,775][root][INFO] - Eval Returns: mean=-24.096 std=1.111
[2024-04-19 19:02:30,775][root][INFO] - Eval ndata: 5.000
[2024-04-19 19:02:30,775][root][INFO] - Model MSE (current real MPC): 0.770
[2024-04-19 19:02:31,834][root][INFO] - Model MSE (random test set): 0.161
[2024-04-19 19:02:31,834][root][INFO] - Model MSE (GT MPC): 0.059
[2024-04-19 19:02:31,834][root][INFO] - Model Likelihood (random test set): -3.750
[2024-04-19 19:02:31,834][root][INFO] - Model Likelihood (GT MPC): -3.712
[2024-04-19 19:02:31,834][root][INFO] - *[TIME] [Evaluate the current MPC policy] Elapsed: 6.56 seconds
[2024-04-19 19:02:34,324][root][INFO] - x: [-0.08448273 -0.15420763 -0.36777762  0.14952039  1.        ]
[2024-04-19 19:02:34,324][root][INFO] - y: [-0.01542076  0.11408921  0.11898464 -0.04380867]
[2024-04-19 19:02:34,324][root][INFO] - Reward: -0.999999925474042
