[2024-04-26 11:18:34,610][root][INFO] - Dumper dumping to /tirl/experiments/mpc_rustypendulum_moredata_init_2024-04-26/11-18-29/seed_0
[2024-04-26 11:18:34,615][root][INFO] - Start obs: None
[2024-04-26 11:18:52,425][root][INFO] - GT Returns: [-119.59242626 -123.78831634 -244.23180259 -123.9150559  -248.38131725]
[2024-04-26 11:18:52,426][root][INFO] - GT Returns: mean=-171.982 std=60.720
[2024-04-26 11:18:52,426][root][INFO] - Path Lengths: [39420, 39420, 39420, 39420, 39420]
[2024-04-26 11:18:52,426][root][INFO] - Path Lengths: mean=39420.000 std=0.000
[2024-04-26 11:18:52,499][root][INFO] - all_x.shape = (197100, 3)
[2024-04-26 11:18:52,504][root][INFO] - all_x.min(axis=0) = [-0.99996531 -1.         -1.        ]
[2024-04-26 11:18:52,509][root][INFO] - all_x.max(axis=0) = [0.99998578 1.         1.        ]
[2024-04-26 11:18:52,512][root][INFO] - all_x.mean(axis=0) = [ 0.00164701 -0.0184272  -0.01485422]
[2024-04-26 11:18:52,520][root][INFO] - all_x.var(axis=0) = [0.09538272 0.10383304 0.26010119]
[2024-04-26 11:18:52,578][root][INFO] - --------------- Start iteration i=0 ---------------
[2024-04-26 11:18:52,578][root][INFO] - Length of data.x: 182
[2024-04-26 11:18:52,578][root][INFO] - Length of data.y: 182
[2024-04-26 11:19:44,656][root][INFO] - Eval Returns: [-576.65821872 -458.81141012 -125.43102481 -127.85537463 -119.38126739]
[2024-04-26 11:19:44,696][root][INFO] - Eval Returns: mean=-281.627 std=196.369
[2024-04-26 11:19:44,696][root][INFO] - Eval ndata: 182.000
[2024-04-26 11:19:44,696][root][INFO] - Model MSE (current real MPC): 0.048
[2024-04-26 11:19:45,275][root][INFO] - Model MSE (random test set): 0.000
[2024-04-26 11:19:45,275][root][INFO] - Model MSE (GT MPC): 0.000
[2024-04-26 11:19:45,275][root][INFO] - Model Likelihood (random test set): -1.851
[2024-04-26 11:19:45,275][root][INFO] - Model Likelihood (GT MPC): -1.840
[2024-04-26 11:19:45,275][root][INFO] - *[TIME] [Evaluate the current MPC policy] Elapsed: 52.59 seconds
[2024-04-26 11:19:47,856][root][INFO] - x: [-0.18121691  0.0877672   0.85646781]
[2024-04-26 11:19:47,857][root][INFO] - y: [ 0.00882975 -0.01841847]
[2024-04-26 11:19:47,857][root][INFO] - Reward: -0.3270116587953222
[2024-04-26 11:19:50,958][root][INFO] - --------------- Start iteration i=1 ---------------
[2024-04-26 11:19:50,958][root][INFO] - Length of data.x: 183
[2024-04-26 11:19:50,958][root][INFO] - Length of data.y: 183
[2024-04-26 11:19:51,104][root][INFO] - x: [-0.17238716  0.06934874  0.99393188]
[2024-04-26 11:19:51,105][root][INFO] - y: [ 0.00742232 -0.01105401]
[2024-04-26 11:19:51,105][root][INFO] - Reward: -0.2942860652115152
[2024-04-26 11:19:51,107][root][INFO] - --------------- Start iteration i=2 ---------------
[2024-04-26 11:19:51,107][root][INFO] - Length of data.x: 184
[2024-04-26 11:19:51,107][root][INFO] - Length of data.y: 184
[2024-04-26 11:19:51,253][root][INFO] - x: [-0.16496484  0.05829473  0.87810909]
[2024-04-26 11:19:51,253][root][INFO] - y: [ 0.00570202 -0.01351117]
[2024-04-26 11:19:51,253][root][INFO] - Reward: -0.2662589765745505
[2024-04-26 11:19:51,255][root][INFO] - --------------- Start iteration i=3 ---------------
[2024-04-26 11:19:51,256][root][INFO] - Length of data.x: 185
[2024-04-26 11:19:51,256][root][INFO] - Length of data.y: 185
[2024-04-26 11:19:51,401][root][INFO] - x: [-0.15926282  0.04478356  0.79228458]
[2024-04-26 11:19:51,402][root][INFO] - y: [ 0.00375863 -0.01526335]
[2024-04-26 11:19:51,402][root][INFO] - Reward: -0.2467504790510522
[2024-04-26 11:19:51,404][root][INFO] - --------------- Start iteration i=4 ---------------
[2024-04-26 11:19:51,404][root][INFO] - Length of data.x: 186
[2024-04-26 11:19:51,404][root][INFO] - Length of data.y: 186
[2024-04-26 11:19:51,540][root][INFO] - x: [-0.15550419  0.02952021  1.        ]
[2024-04-26 11:19:51,540][root][INFO] - y: [ 0.00293107 -0.0064996 ]
[2024-04-26 11:19:51,540][root][INFO] - Reward: -0.23714182694831212
[2024-04-26 11:19:51,542][root][INFO] - --------------- Start iteration i=5 ---------------
[2024-04-26 11:19:51,542][root][INFO] - Length of data.x: 187
[2024-04-26 11:19:51,542][root][INFO] - Length of data.y: 187
[2024-04-26 11:20:49,351][root][INFO] - Eval Returns: [-233.21908853 -471.10990516 -227.45330032 -580.01927075   -1.32896816]
[2024-04-26 11:20:49,384][root][INFO] - Eval Returns: mean=-302.626 std=203.264
[2024-04-26 11:20:49,385][root][INFO] - Eval ndata: 187.000
[2024-04-26 11:20:49,385][root][INFO] - Model MSE (current real MPC): 0.052
[2024-04-26 11:20:49,988][root][INFO] - Model MSE (random test set): 0.000
[2024-04-26 11:20:49,988][root][INFO] - Model MSE (GT MPC): 0.000
[2024-04-26 11:20:49,988][root][INFO] - Model Likelihood (random test set): -1.852
[2024-04-26 11:20:49,988][root][INFO] - Model Likelihood (GT MPC): -1.840
[2024-04-26 11:20:49,988][root][INFO] - *[TIME] [Evaluate the current MPC policy] Elapsed: 58.35 seconds
[2024-04-26 11:20:54,448][root][INFO] - x: [-0.15257312  0.0230206   0.99962758]
[2024-04-26 11:20:54,448][root][INFO] - y: [ 0.00219903 -0.00574942]
[2024-04-26 11:20:54,448][root][INFO] - Reward: -0.2290812123819871
[2024-04-26 11:20:56,448][root][INFO] - --------------- Start iteration i=6 ---------------
[2024-04-26 11:20:56,448][root][INFO] - Length of data.x: 188
[2024-04-26 11:20:56,448][root][INFO] - Length of data.y: 188
[2024-04-26 11:20:56,584][root][INFO] - x: [-0.15037408  0.01727118  1.        ]
[2024-04-26 11:20:56,584][root][INFO] - y: [ 0.00154208 -0.00515975]
[2024-04-26 11:20:56,584][root][INFO] - Reward: -0.22356008798644308
[2024-04-26 11:20:56,586][root][INFO] - --------------- Start iteration i=7 ---------------
[2024-04-26 11:20:56,587][root][INFO] - Length of data.x: 189
[2024-04-26 11:20:56,587][root][INFO] - Length of data.y: 189
[2024-04-26 11:20:56,699][root][INFO] - x: [-0.14883201  0.01211143  0.9055771 ]
[2024-04-26 11:20:56,700][root][INFO] - y: [ 0.00048584 -0.00829568]
[2024-04-26 11:20:56,700][root][INFO] - Reward: -0.220569781025628
[2024-04-26 11:20:56,702][root][INFO] - --------------- Start iteration i=8 ---------------
[2024-04-26 11:20:56,702][root][INFO] - Length of data.x: 190
[2024-04-26 11:20:56,702][root][INFO] - Length of data.y: 190
[2024-04-26 11:20:56,806][root][INFO] - x: [-0.14834617  0.00381576  0.61362614]
[2024-04-26 11:20:56,807][root][INFO] - y: [-0.00194809 -0.01911605]
[2024-04-26 11:20:56,807][root][INFO] - Reward: -0.22594263754427263
[2024-04-26 11:20:56,809][root][INFO] - --------------- Start iteration i=9 ---------------
[2024-04-26 11:20:56,809][root][INFO] - Length of data.x: 191
[2024-04-26 11:20:56,809][root][INFO] - Length of data.y: 191
[2024-04-26 11:20:56,918][root][INFO] - x: [-0.15029427 -0.0153003   0.90868355]
[2024-04-26 11:20:56,918][root][INFO] - y: [-0.00303839 -0.00856318]
[2024-04-26 11:20:56,919][root][INFO] - Reward: -0.2389907425540032
[2024-04-26 11:20:56,920][root][INFO] - --------------- Start iteration i=10 ---------------
[2024-04-26 11:20:56,920][root][INFO] - Length of data.x: 192
[2024-04-26 11:20:56,920][root][INFO] - Length of data.y: 192
[2024-04-26 11:21:56,349][root][INFO] - Eval Returns: [-349.0231972  -454.67148633   -0.86492217 -127.74176308 -367.43785269]
[2024-04-26 11:21:56,389][root][INFO] - Eval Returns: mean=-259.948 std=168.528
[2024-04-26 11:21:56,389][root][INFO] - Eval ndata: 192.000
[2024-04-26 11:21:56,390][root][INFO] - Model MSE (current real MPC): 0.044
[2024-04-26 11:21:56,980][root][INFO] - Model MSE (random test set): 0.000
[2024-04-26 11:21:56,980][root][INFO] - Model MSE (GT MPC): 0.000
[2024-04-26 11:21:56,980][root][INFO] - Model Likelihood (random test set): -1.852
[2024-04-26 11:21:56,980][root][INFO] - Model Likelihood (GT MPC): -1.840
[2024-04-26 11:21:56,980][root][INFO] - *[TIME] [Evaluate the current MPC policy] Elapsed: 59.95 seconds
[2024-04-26 11:22:01,920][root][INFO] - x: [-0.15333266 -0.02386348  0.9926737 ]
[2024-04-26 11:22:01,920][root][INFO] - y: [-0.00382889 -0.00620856]
[2024-04-26 11:22:01,920][root][INFO] - Reward: -0.2535061088922118
[2024-04-26 11:22:04,458][root][INFO] - --------------- Start iteration i=11 ---------------
[2024-04-26 11:22:04,458][root][INFO] - Length of data.x: 193
[2024-04-26 11:22:04,458][root][INFO] - Length of data.y: 193
[2024-04-26 11:22:04,576][root][INFO] - x: [-0.15716155 -0.03007205  1.        ]
[2024-04-26 11:22:04,577][root][INFO] - y: [-0.00471125 -0.00693004]
[2024-04-26 11:22:04,577][root][INFO] - Reward: -0.2713739118541918
[2024-04-26 11:22:04,579][root][INFO] - --------------- Start iteration i=12 ---------------
[2024-04-26 11:22:04,579][root][INFO] - Length of data.x: 194
[2024-04-26 11:22:04,579][root][INFO] - Length of data.y: 194
[2024-04-26 11:22:04,678][root][INFO] - x: [-0.1618728  -0.03700208  0.76284929]
[2024-04-26 11:22:04,678][root][INFO] - y: [-0.00688087 -0.01704013]
[2024-04-26 11:22:04,678][root][INFO] - Reward: -0.3020839970471245
[2024-04-26 11:22:04,680][root][INFO] - --------------- Start iteration i=13 ---------------
[2024-04-26 11:22:04,680][root][INFO] - Length of data.x: 195
[2024-04-26 11:22:04,680][root][INFO] - Length of data.y: 195
[2024-04-26 11:22:04,779][root][INFO] - x: [-0.16875367 -0.05404222 -0.01755825]
[2024-04-26 11:22:04,779][root][INFO] - y: [-0.01300066 -0.04806475]
[2024-04-26 11:22:04,779][root][INFO] - Reward: -0.39276537870318723
[2024-04-26 11:22:04,781][root][INFO] - --------------- Start iteration i=14 ---------------
[2024-04-26 11:22:04,781][root][INFO] - Length of data.x: 196
[2024-04-26 11:22:04,781][root][INFO] - Length of data.y: 196
[2024-04-26 11:22:04,880][root][INFO] - x: [-0.18175433 -0.10210696  0.97585597]
[2024-04-26 11:22:04,880][root][INFO] - y: [-0.0147927  -0.01407466]
[2024-04-26 11:22:04,880][root][INFO] - Reward: -0.47146757718723525
[2024-04-26 11:22:04,882][root][INFO] - --------------- Start iteration i=15 ---------------
[2024-04-26 11:22:04,882][root][INFO] - Length of data.x: 197
[2024-04-26 11:22:04,882][root][INFO] - Length of data.y: 197
[2024-04-26 11:22:57,863][root][INFO] - Eval Returns: [-231.41539517 -348.06902067 -536.96542101 -115.66685635   -2.71578991]
[2024-04-26 11:22:57,907][root][INFO] - Eval Returns: mean=-246.966 std=185.181
[2024-04-26 11:22:57,909][root][INFO] - Eval ndata: 197.000
[2024-04-26 11:22:57,909][root][INFO] - Model MSE (current real MPC): 0.040
[2024-04-26 11:22:58,508][root][INFO] - Model MSE (random test set): 0.000
[2024-04-26 11:22:58,508][root][INFO] - Model MSE (GT MPC): 0.000
[2024-04-26 11:22:58,508][root][INFO] - Model Likelihood (random test set): -1.852
[2024-04-26 11:22:58,508][root][INFO] - Model Likelihood (GT MPC): -1.840
[2024-04-26 11:22:58,509][root][INFO] - *[TIME] [Evaluate the current MPC policy] Elapsed: 53.53 seconds
[2024-04-26 11:23:02,940][root][INFO] - x: [-0.19654704 -0.11618162  1.        ]
[2024-04-26 11:23:02,940][root][INFO] - y: [-0.01692906 -0.01677889]
[2024-04-26 11:23:02,941][root][INFO] - Reward: -0.5669204326467209
[2024-04-26 11:23:04,440][root][INFO] - --------------- Start iteration i=16 ---------------
[2024-04-26 11:23:04,440][root][INFO] - Length of data.x: 198
[2024-04-26 11:23:04,441][root][INFO] - Length of data.y: 198
[2024-04-26 11:23:04,602][root][INFO] - x: [-0.21347609 -0.13296051  0.93190152]
[2024-04-26 11:23:04,603][root][INFO] - y: [-0.01989816 -0.02331924]
[2024-04-26 11:23:04,603][root][INFO] - Reward: -0.6973168942740714
[2024-04-26 11:23:04,606][root][INFO] - --------------- Start iteration i=17 ---------------
[2024-04-26 11:23:04,606][root][INFO] - Length of data.x: 199
[2024-04-26 11:23:04,606][root][INFO] - Length of data.y: 199
[2024-04-26 11:23:04,768][root][INFO] - x: [-0.23337425 -0.15627975  0.94679746]
[2024-04-26 11:23:04,768][root][INFO] - y: [-0.02336583 -0.02723505]
[2024-04-26 11:23:04,769][root][INFO] - Reward: -0.869682484035104
[2024-04-26 11:23:04,771][root][INFO] - --------------- Start iteration i=18 ---------------
[2024-04-26 11:23:04,772][root][INFO] - Length of data.x: 200
[2024-04-26 11:23:04,772][root][INFO] - Length of data.y: 200
[2024-04-26 11:23:04,933][root][INFO] - x: [-0.25674008 -0.1835148   1.        ]
[2024-04-26 11:23:04,933][root][INFO] - y: [-0.02720846 -0.03017999]
[2024-04-26 11:23:04,933][root][INFO] - Reward: -1.0920133597723287
[2024-04-26 11:23:04,936][root][INFO] - --------------- Start iteration i=19 ---------------
[2024-04-26 11:23:04,936][root][INFO] - Length of data.x: 201
[2024-04-26 11:23:04,936][root][INFO] - Length of data.y: 201
[2024-04-26 11:23:05,097][root][INFO] - x: [-0.28394854 -0.21369478 -0.33779942]
[2024-04-26 11:23:05,097][root][INFO] - y: [-0.03811234 -0.08563881]
[2024-04-26 11:23:05,097][root][INFO] - Reward: -1.597607355371108
[2024-04-26 11:23:05,100][root][INFO] - --------------- Start iteration i=20 ---------------
[2024-04-26 11:23:05,100][root][INFO] - Length of data.x: 202
[2024-04-26 11:23:05,100][root][INFO] - Length of data.y: 202
[2024-04-26 11:24:00,298][root][INFO] - Eval Returns: [  -0.53394281 -458.60267308 -232.23438146 -120.04818525 -459.03224374]
[2024-04-26 11:24:00,348][root][INFO] - Eval Returns: mean=-254.090 std=182.517
[2024-04-26 11:24:00,348][root][INFO] - Eval ndata: 202.000
[2024-04-26 11:24:00,349][root][INFO] - Model MSE (current real MPC): 0.044
[2024-04-26 11:24:00,971][root][INFO] - Model MSE (random test set): 0.000
[2024-04-26 11:24:00,971][root][INFO] - Model MSE (GT MPC): 0.000
[2024-04-26 11:24:00,971][root][INFO] - Model Likelihood (random test set): -1.852
[2024-04-26 11:24:00,971][root][INFO] - Model Likelihood (GT MPC): -1.840
[2024-04-26 11:24:00,971][root][INFO] - *[TIME] [Evaluate the current MPC policy] Elapsed: 55.71 seconds
[2024-04-26 11:24:06,556][root][INFO] - x: [-0.32206088 -0.29933359 -0.56630286]
[2024-04-26 11:24:06,556][root][INFO] - y: [-0.05093585 -0.10071568]
[2024-04-26 11:24:06,556][root][INFO] - Reward: -2.398659245194648
[2024-04-26 11:24:08,950][root][INFO] - --------------- Start iteration i=21 ---------------
[2024-04-26 11:24:08,950][root][INFO] - Length of data.x: 203
[2024-04-26 11:24:08,950][root][INFO] - Length of data.y: 203
[2024-04-26 11:24:09,104][root][INFO] - x: [-0.37299673 -0.40004927 -0.26993481]
[2024-04-26 11:24:09,105][root][INFO] - y: [-0.06322373 -0.09650876]
[2024-04-26 11:24:09,105][root][INFO] - Reward: -3.4564089008514407
[2024-04-26 11:24:09,108][root][INFO] - --------------- Start iteration i=22 ---------------
[2024-04-26 11:24:09,108][root][INFO] - Length of data.x: 204
[2024-04-26 11:24:09,108][root][INFO] - Length of data.y: 204
[2024-04-26 11:24:09,265][root][INFO] - x: [-0.43622046 -0.49655803  0.00279137]
[2024-04-26 11:24:09,266][root][INFO] - y: [-0.07490821 -0.09176968]
[2024-04-26 11:24:09,266][root][INFO] - Reward: -4.793687897905418
[2024-04-26 11:24:09,269][root][INFO] - --------------- Start iteration i=23 ---------------
[2024-04-26 11:24:09,269][root][INFO] - Length of data.x: 205
[2024-04-26 11:24:09,269][root][INFO] - Length of data.y: 205
[2024-04-26 11:24:09,431][root][INFO] - x: [-0.51112867 -0.58832771 -0.2993591 ]
[2024-04-26 11:24:09,431][root][INFO] - y: [-0.08826687 -0.10491868]
[2024-04-26 11:24:09,432][root][INFO] - Reward: -6.622040380488873
[2024-04-26 11:24:09,435][root][INFO] - --------------- Start iteration i=24 ---------------
[2024-04-26 11:24:09,435][root][INFO] - Length of data.x: 206
[2024-04-26 11:24:09,435][root][INFO] - Length of data.y: 206
[2024-04-26 11:24:09,595][root][INFO] - x: [-0.59939554 -0.69324638 -0.01361062]
[2024-04-26 11:24:09,596][root][INFO] - y: [-0.09969124 -0.0897268 ]
[2024-04-26 11:24:09,596][root][INFO] - Reward: -8.746997785762016
[2024-04-26 11:24:09,599][root][INFO] - --------------- Start iteration i=25 ---------------
[2024-04-26 11:24:09,599][root][INFO] - Length of data.x: 207
[2024-04-26 11:24:09,599][root][INFO] - Length of data.y: 207
[2024-04-26 11:25:04,873][root][INFO] - Eval Returns: [-233.56318062 -355.35145039 -120.4886651  -230.16715554 -119.63005795]
[2024-04-26 11:25:04,913][root][INFO] - Eval Returns: mean=-211.840 std=87.465
[2024-04-26 11:25:04,914][root][INFO] - Eval ndata: 207.000
[2024-04-26 11:25:04,915][root][INFO] - Model MSE (current real MPC): 0.036
[2024-04-26 11:25:05,529][root][INFO] - Model MSE (random test set): 0.000
[2024-04-26 11:25:05,529][root][INFO] - Model MSE (GT MPC): 0.000
[2024-04-26 11:25:05,529][root][INFO] - Model Likelihood (random test set): -1.853
[2024-04-26 11:25:05,529][root][INFO] - Model Likelihood (GT MPC): -1.840
[2024-04-26 11:25:05,529][root][INFO] - *[TIME] [Evaluate the current MPC policy] Elapsed: 55.77 seconds
[2024-04-26 11:25:10,425][root][INFO] - x: [-0.69908678 -0.78297318 -0.34407967]
[2024-04-26 11:25:10,426][root][INFO] - y: [-0.11101112 -0.08890611]
[2024-04-26 11:25:10,426][root][INFO] - Reward: -11.342597024631946
[2024-04-26 11:25:12,354][root][INFO] - --------------- Start iteration i=26 ---------------
[2024-04-26 11:25:12,354][root][INFO] - Length of data.x: 208
[2024-04-26 11:25:12,354][root][INFO] - Length of data.y: 208
[2024-04-26 11:25:12,515][root][INFO] - x: [-0.81009789 -0.87187929 -0.05777191]
[2024-04-26 11:25:12,515][root][INFO] - y: [-0.1179933  -0.05483791]
[2024-04-26 11:25:12,516][root][INFO] - Reward: -13.99758019704598
[2024-04-26 11:25:12,518][root][INFO] - --------------- Start iteration i=27 ---------------
[2024-04-26 11:25:12,519][root][INFO] - Length of data.x: 209
[2024-04-26 11:25:12,519][root][INFO] - Length of data.y: 209
[2024-04-26 11:25:12,680][root][INFO] - x: [-0.92809119 -0.9267172  -0.37939955]
[2024-04-26 11:25:12,680][root][INFO] - y: [-0.1224785  -0.03522669]
[2024-04-26 11:25:12,680][root][INFO] - Reward: -14.819365267632051
[2024-04-26 11:25:12,683][root][INFO] - --------------- Start iteration i=28 ---------------
[2024-04-26 11:25:12,683][root][INFO] - Length of data.x: 210
[2024-04-26 11:25:12,684][root][INFO] - Length of data.y: 210
[2024-04-26 11:25:12,845][root][INFO] - x: [ 0.94943032 -0.96194389  0.06497791]
[2024-04-26 11:25:12,846][root][INFO] - y: [-0.12027985  0.01726809]
[2024-04-26 11:25:12,846][root][INFO] - Reward: -12.496715513747047
[2024-04-26 11:25:12,849][root][INFO] - --------------- Start iteration i=29 ---------------
[2024-04-26 11:25:12,849][root][INFO] - Length of data.x: 211
[2024-04-26 11:25:12,849][root][INFO] - Length of data.y: 211
[2024-04-26 11:25:13,012][root][INFO] - x: [ 0.82915046 -0.9446758   0.2690165 ]
[2024-04-26 11:25:13,013][root][INFO] - y: [-0.11289176  0.05802594]
[2024-04-26 11:25:13,013][root][INFO] - Reward: -10.095005576398941
[2024-04-26 11:25:13,016][root][INFO] - --------------- Start iteration i=30 ---------------
[2024-04-26 11:25:13,016][root][INFO] - Length of data.x: 212
[2024-04-26 11:25:13,016][root][INFO] - Length of data.y: 212
[2024-04-26 11:26:10,893][root][INFO] - Eval Returns: [  -1.07259627 -122.71446312 -126.80010047 -236.81878717 -117.74167071]
[2024-04-26 11:26:10,934][root][INFO] - Eval Returns: mean=-121.030 std=74.624
[2024-04-26 11:26:10,934][root][INFO] - Eval ndata: 212.000
[2024-04-26 11:26:10,935][root][INFO] - Model MSE (current real MPC): 0.020
[2024-04-26 11:26:11,542][root][INFO] - Model MSE (random test set): 0.000
[2024-04-26 11:26:11,542][root][INFO] - Model MSE (GT MPC): 0.000
[2024-04-26 11:26:11,542][root][INFO] - Model Likelihood (random test set): -1.853
[2024-04-26 11:26:11,542][root][INFO] - Model Likelihood (GT MPC): -1.840
[2024-04-26 11:26:11,542][root][INFO] - *[TIME] [Evaluate the current MPC policy] Elapsed: 58.36 seconds
[2024-04-26 11:26:16,832][root][INFO] - x: [ 0.7162587  -0.88664985 -0.23782447]
[2024-04-26 11:26:16,832][root][INFO] - y: [-0.10474117  0.06401457]
[2024-04-26 11:26:16,833][root][INFO] - Reward: -8.022065761096671
[2024-04-26 11:26:18,840][root][INFO] - --------------- Start iteration i=31 ---------------
[2024-04-26 11:26:18,840][root][INFO] - Length of data.x: 213
[2024-04-26 11:26:18,840][root][INFO] - Length of data.y: 213
[2024-04-26 11:26:19,006][root][INFO] - x: [ 0.61151752 -0.82263528  0.09282051]
[2024-04-26 11:26:19,007][root][INFO] - y: [-0.09308646  0.09153594]
[2024-04-26 11:26:19,008][root][INFO] - Reward: -6.073535822346958
[2024-04-26 11:26:19,011][root][INFO] - --------------- Start iteration i=32 ---------------
[2024-04-26 11:26:19,011][root][INFO] - Length of data.x: 214
[2024-04-26 11:26:19,011][root][INFO] - Length of data.y: 214
[2024-04-26 11:26:19,177][root][INFO] - x: [ 0.51843107 -0.73109935  0.18003307]
[2024-04-26 11:26:19,177][root][INFO] - y: [-0.08031025  0.10034412]
[2024-04-26 11:26:19,178][root][INFO] - Reward: -4.4408526312524295
[2024-04-26 11:26:19,181][root][INFO] - --------------- Start iteration i=33 ---------------
[2024-04-26 11:26:19,181][root][INFO] - Length of data.x: 215
[2024-04-26 11:26:19,181][root][INFO] - Length of data.y: 215
[2024-04-26 11:26:19,347][root][INFO] - x: [ 0.43812082 -0.63075522 -0.49629051]
[2024-04-26 11:26:19,347][root][INFO] - y: [-0.07096808  0.07337322]
[2024-04-26 11:26:19,347][root][INFO] - Reward: -3.319737210175982
[2024-04-26 11:26:19,350][root][INFO] - --------------- Start iteration i=34 ---------------
[2024-04-26 11:26:19,351][root][INFO] - Length of data.x: 216
[2024-04-26 11:26:19,351][root][INFO] - Length of data.y: 216
[2024-04-26 11:26:19,517][root][INFO] - x: [ 0.36715274 -0.557382    0.10031637]
[2024-04-26 11:26:19,518][root][INFO] - y: [-0.05957706  0.08946488]
[2024-04-26 11:26:19,518][root][INFO] - Reward: -2.3349896908197265
[2024-04-26 11:26:19,521][root][INFO] - --------------- Start iteration i=35 ---------------
[2024-04-26 11:26:19,521][root][INFO] - Length of data.x: 217
[2024-04-26 11:26:19,521][root][INFO] - Length of data.y: 217
[2024-04-26 11:27:18,443][root][INFO] - Eval Returns: [-333.00775112 -123.67510039 -125.70646974 -118.16031046 -348.48125966]
[2024-04-26 11:27:18,486][root][INFO] - Eval Returns: mean=-209.806 std=107.051
[2024-04-26 11:27:18,487][root][INFO] - Eval ndata: 217.000
[2024-04-26 11:27:18,487][root][INFO] - Model MSE (current real MPC): 0.036
[2024-04-26 11:27:19,093][root][INFO] - Model MSE (random test set): 0.000
[2024-04-26 11:27:19,093][root][INFO] - Model MSE (GT MPC): 0.000
[2024-04-26 11:27:19,093][root][INFO] - Model Likelihood (random test set): -1.853
[2024-04-26 11:27:19,093][root][INFO] - Model Likelihood (GT MPC): -1.840
[2024-04-26 11:27:19,094][root][INFO] - *[TIME] [Evaluate the current MPC policy] Elapsed: 59.41 seconds
[2024-04-26 11:27:23,897][root][INFO] - x: [ 0.30757569 -0.46791712 -0.92346567]
[2024-04-26 11:27:23,897][root][INFO] - y: [-0.05416512  0.04250526]
[2024-04-26 11:27:23,897][root][INFO] - Reward: -1.795448342389201
[2024-04-26 11:27:25,726][root][INFO] - --------------- Start iteration i=36 ---------------
[2024-04-26 11:27:25,726][root][INFO] - Length of data.x: 218
[2024-04-26 11:27:25,727][root][INFO] - Length of data.y: 218
[2024-04-26 11:27:25,893][root][INFO] - x: [ 0.25341057 -0.42541186  0.57388369]
[2024-04-26 11:27:25,893][root][INFO] - y: [-0.04289461  0.08851837]
[2024-04-26 11:27:25,894][root][INFO] - Reward: -1.1650905778583702
[2024-04-26 11:27:25,897][root][INFO] - --------------- Start iteration i=37 ---------------
[2024-04-26 11:27:25,897][root][INFO] - Length of data.x: 219
[2024-04-26 11:27:25,897][root][INFO] - Length of data.y: 219
[2024-04-26 11:27:26,065][root][INFO] - x: [ 0.21051596 -0.33689349  0.16463235]
[2024-04-26 11:27:26,065][root][INFO] - y: [-0.03477723  0.06375375]
[2024-04-26 11:27:26,066][root][INFO] - Reward: -0.7823963231377205
[2024-04-26 11:27:26,069][root][INFO] - --------------- Start iteration i=38 ---------------
[2024-04-26 11:27:26,069][root][INFO] - Length of data.x: 220
[2024-04-26 11:27:26,069][root][INFO] - Length of data.y: 220
[2024-04-26 11:27:26,236][root][INFO] - x: [ 0.17573873 -0.27313974 -0.02262278]
[2024-04-26 11:27:26,236][root][INFO] - y: [-0.02862478  0.04832127]
[2024-04-26 11:27:26,237][root][INFO] - Reward: -0.5370825350241771
[2024-04-26 11:27:26,240][root][INFO] - --------------- Start iteration i=39 ---------------
[2024-04-26 11:27:26,240][root][INFO] - Length of data.x: 221
[2024-04-26 11:27:26,240][root][INFO] - Length of data.y: 221
[2024-04-26 11:27:26,407][root][INFO] - x: [ 0.14711395 -0.22481848  0.18888137]
[2024-04-26 11:27:26,408][root][INFO] - y: [-0.02240047  0.04888556]
[2024-04-26 11:27:26,408][root][INFO] - Reward: -0.3517444313838249
[2024-04-26 11:27:26,411][root][INFO] - --------------- Start iteration i=40 ---------------
[2024-04-26 11:27:26,411][root][INFO] - Length of data.x: 222
[2024-04-26 11:27:26,411][root][INFO] - Length of data.y: 222
[2024-04-26 11:28:32,233][root][INFO] - Eval Returns: [-119.12701206 -120.06387455 -121.8038024  -119.82438922 -466.12154944]
[2024-04-26 11:28:32,275][root][INFO] - Eval Returns: mean=-189.388 std=138.370
[2024-04-26 11:28:32,276][root][INFO] - Eval ndata: 222.000
[2024-04-26 11:28:32,276][root][INFO] - Model MSE (current real MPC): 0.032
[2024-04-26 11:28:32,889][root][INFO] - Model MSE (random test set): 0.000
[2024-04-26 11:28:32,889][root][INFO] - Model MSE (GT MPC): 0.000
[2024-04-26 11:28:32,889][root][INFO] - Model Likelihood (random test set): -1.853
[2024-04-26 11:28:32,889][root][INFO] - Model Likelihood (GT MPC): -1.840
[2024-04-26 11:28:32,889][root][INFO] - *[TIME] [Evaluate the current MPC policy] Elapsed: 66.31 seconds
[2024-04-26 11:28:36,493][root][INFO] - x: [ 0.12471347 -0.17593292 -0.23444182]
[2024-04-26 11:28:36,494][root][INFO] - y: [-0.01896183  0.02700702]
[2024-04-26 11:28:36,494][root][INFO] - Reward: -0.2525407899300348
[2024-04-26 11:28:38,046][root][INFO] - --------------- Start iteration i=41 ---------------
[2024-04-26 11:28:38,046][root][INFO] - Length of data.x: 223
[2024-04-26 11:28:38,046][root][INFO] - Length of data.y: 223
[2024-04-26 11:28:38,217][root][INFO] - x: [ 0.10575164 -0.1489259   0.3808146 ]
[2024-04-26 11:28:38,217][root][INFO] - y: [-0.01325044  0.04485716]
[2024-04-26 11:28:38,218][root][INFO] - Reward: -0.15434300329748388
[2024-04-26 11:28:38,221][root][INFO] - --------------- Start iteration i=42 ---------------
[2024-04-26 11:28:38,221][root][INFO] - Length of data.x: 224
[2024-04-26 11:28:38,221][root][INFO] - Length of data.y: 224
[2024-04-26 11:28:38,391][root][INFO] - x: [ 0.0925012  -0.10406873 -0.30345312]
[2024-04-26 11:28:38,391][root][INFO] - y: [-0.01127915  0.01548252]
[2024-04-26 11:28:38,391][root][INFO] - Reward: -0.11570244004774445
[2024-04-26 11:28:38,394][root][INFO] - --------------- Start iteration i=43 ---------------
[2024-04-26 11:28:38,394][root][INFO] - Length of data.x: 225
[2024-04-26 11:28:38,394][root][INFO] - Length of data.y: 225
[2024-04-26 11:28:38,567][root][INFO] - x: [ 0.08122205 -0.08858621 -0.55374984]
[2024-04-26 11:28:38,568][root][INFO] - y: [-0.01091022  0.0028975 ]
[2024-04-26 11:28:38,568][root][INFO] - Reward: -0.09701179493317585
[2024-04-26 11:28:38,571][root][INFO] - --------------- Start iteration i=44 ---------------
[2024-04-26 11:28:38,571][root][INFO] - Length of data.x: 226
[2024-04-26 11:28:38,571][root][INFO] - Length of data.y: 226
[2024-04-26 11:28:38,742][root][INFO] - x: [ 0.07031183 -0.08568871 -0.29227228]
[2024-04-26 11:28:38,743][root][INFO] - y: [-0.00969042  0.00958034]
[2024-04-26 11:28:38,743][root][INFO] - Reward: -0.07368394600003861
[2024-04-26 11:28:38,746][root][INFO] - --------------- Start iteration i=45 ---------------
[2024-04-26 11:28:38,746][root][INFO] - Length of data.x: 227
[2024-04-26 11:28:38,746][root][INFO] - Length of data.y: 227
[2024-04-26 11:29:44,948][root][INFO] - Eval Returns: [-121.12935147 -118.7464656  -464.98049173 -123.71055815 -121.82323241]
[2024-04-26 11:29:44,987][root][INFO] - Eval Returns: mean=-190.078 std=137.460
[2024-04-26 11:29:44,987][root][INFO] - Eval ndata: 227.000
[2024-04-26 11:29:44,987][root][INFO] - Model MSE (current real MPC): 0.032
[2024-04-26 11:29:45,589][root][INFO] - Model MSE (random test set): 0.000
[2024-04-26 11:29:45,589][root][INFO] - Model MSE (GT MPC): 0.000
[2024-04-26 11:29:45,589][root][INFO] - Model Likelihood (random test set): -1.853
[2024-04-26 11:29:45,589][root][INFO] - Model Likelihood (GT MPC): -1.840
[2024-04-26 11:29:45,589][root][INFO] - *[TIME] [Evaluate the current MPC policy] Elapsed: 66.67 seconds
[2024-04-26 11:29:48,833][root][INFO] - x: [ 0.06062141 -0.07610837 -0.22185489]
[2024-04-26 11:29:48,834][root][INFO] - y: [-0.00849011  0.00942719]
[2024-04-26 11:29:48,834][root][INFO] - Reward: -0.055476063205584215
[2024-04-26 11:29:50,393][root][INFO] - --------------- Start iteration i=46 ---------------
[2024-04-26 11:29:50,393][root][INFO] - Length of data.x: 228
[2024-04-26 11:29:50,393][root][INFO] - Length of data.y: 228
[2024-04-26 11:29:50,565][root][INFO] - x: [ 0.0521313  -0.06668118 -0.18326637]
[2024-04-26 11:29:50,566][root][INFO] - y: [-0.00741895  0.0084129 ]
[2024-04-26 11:29:50,567][root][INFO] - Reward: -0.04159483797326802
[2024-04-26 11:29:50,570][root][INFO] - --------------- Start iteration i=47 ---------------
[2024-04-26 11:29:50,570][root][INFO] - Length of data.x: 229
[2024-04-26 11:29:50,570][root][INFO] - Length of data.y: 229
[2024-04-26 11:29:50,742][root][INFO] - x: [ 0.04471235 -0.05826828  0.06235194]
[2024-04-26 11:29:50,742][root][INFO] - y: [-0.00545003  0.01546381]
[2024-04-26 11:29:50,742][root][INFO] - Reward: -0.026956064922702676
[2024-04-26 11:29:50,746][root][INFO] - --------------- Start iteration i=48 ---------------
[2024-04-26 11:29:50,746][root][INFO] - Length of data.x: 230
[2024-04-26 11:29:50,746][root][INFO] - Length of data.y: 230
[2024-04-26 11:29:50,917][root][INFO] - x: [ 0.03926232 -0.04280447  0.03774664]
[2024-04-26 11:29:50,918][root][INFO] - y: [-0.0038012   0.01294991]
[2024-04-26 11:29:50,918][root][INFO] - Reward: -0.018120924398545464
[2024-04-26 11:29:50,922][root][INFO] - --------------- Start iteration i=49 ---------------
[2024-04-26 11:29:50,922][root][INFO] - Length of data.x: 231
[2024-04-26 11:29:50,922][root][INFO] - Length of data.y: 231
[2024-04-26 11:29:51,094][root][INFO] - x: [ 0.03546111 -0.02985457 -0.01206618]
[2024-04-26 11:29:51,094][root][INFO] - y: [-0.00253177  0.00997009]
[2024-04-26 11:29:51,094][root][INFO] - Reward: -0.013233118354700982
[2024-04-26 11:29:51,098][root][INFO] - --------------- Start iteration i=50 ---------------
[2024-04-26 11:29:51,098][root][INFO] - Length of data.x: 232
[2024-04-26 11:29:51,098][root][INFO] - Length of data.y: 232
[2024-04-26 11:30:53,292][root][INFO] - Eval Returns: [-474.38190125 -592.19485517   -3.39590105 -119.13941168 -333.97183619]
[2024-04-26 11:30:53,336][root][INFO] - Eval Returns: mean=-304.617 std=217.954
[2024-04-26 11:30:53,336][root][INFO] - Eval ndata: 232.000
[2024-04-26 11:30:53,336][root][INFO] - Model MSE (current real MPC): 0.048
[2024-04-26 11:30:54,046][root][INFO] - Model MSE (random test set): 0.000
[2024-04-26 11:30:54,046][root][INFO] - Model MSE (GT MPC): 0.000
[2024-04-26 11:30:54,046][root][INFO] - Model Likelihood (random test set): -1.853
[2024-04-26 11:30:54,046][root][INFO] - Model Likelihood (GT MPC): -1.840
[2024-04-26 11:30:54,046][root][INFO] - *[TIME] [Evaluate the current MPC policy] Elapsed: 62.78 seconds
[2024-04-26 11:30:58,526][root][INFO] - x: [ 0.03292934 -0.01988448  0.15208825]
[2024-04-26 11:30:58,526][root][INFO] - y: [-0.00057295  0.01538451]
[2024-04-26 11:30:58,526][root][INFO] - Reward: -0.010554965364441895
[2024-04-26 11:31:00,135][root][INFO] - --------------- Start iteration i=51 ---------------
[2024-04-26 11:31:00,135][root][INFO] - Length of data.x: 233
[2024-04-26 11:31:00,135][root][INFO] - Length of data.y: 233
[2024-04-26 11:31:00,301][root][INFO] - x: [ 0.03235639 -0.00449997 -0.65000954]
[2024-04-26 11:31:00,302][root][INFO] - y: [-0.00246524 -0.01486202]
[2024-04-26 11:31:00,302][root][INFO] - Reward: -0.012907623035617927
[2024-04-26 11:31:00,305][root][INFO] - --------------- Start iteration i=52 ---------------
[2024-04-26 11:31:00,306][root][INFO] - Length of data.x: 234
[2024-04-26 11:31:00,306][root][INFO] - Length of data.y: 234
[2024-04-26 11:31:00,471][root][INFO] - x: [ 0.02989114 -0.01936199 -0.32978845]
[2024-04-26 11:31:00,471][root][INFO] - y: [-0.0029206  -0.00357633]
[2024-04-26 11:31:00,471][root][INFO] - Reward: -0.010981760180360949
[2024-04-26 11:31:00,475][root][INFO] - --------------- Start iteration i=53 ---------------
[2024-04-26 11:31:00,475][root][INFO] - Length of data.x: 235
[2024-04-26 11:31:00,475][root][INFO] - Length of data.y: 235
[2024-04-26 11:31:00,642][root][INFO] - x: [ 0.02697055 -0.02293832  0.00883531]
[2024-04-26 11:31:00,642][root][INFO] - y: [-0.00186823  0.0082653 ]
[2024-04-26 11:31:00,642][root][INFO] - Reward: -0.0075973148800557435
[2024-04-26 11:31:00,646][root][INFO] - --------------- Start iteration i=54 ---------------
[2024-04-26 11:31:00,646][root][INFO] - Length of data.x: 236
[2024-04-26 11:31:00,646][root][INFO] - Length of data.y: 236
[2024-04-26 11:31:00,813][root][INFO] - x: [ 0.02510232 -0.01467301  0.1948939 ]
[2024-04-26 11:31:00,813][root][INFO] - y: [2.68546825e-06 1.46941046e-02]
[2024-04-26 11:31:00,813][root][INFO] - Reward: -0.006372367948420561
[2024-04-26 11:31:00,817][root][INFO] - --------------- Start iteration i=55 ---------------
[2024-04-26 11:31:00,817][root][INFO] - Length of data.x: 237
[2024-04-26 11:31:00,817][root][INFO] - Length of data.y: 237
[2024-04-26 11:32:09,238][root][INFO] - Eval Returns: [-126.94890381 -121.54496335 -228.0423741  -117.78757404 -118.55461747]
[2024-04-26 11:32:09,274][root][INFO] - Eval Returns: mean=-142.576 std=42.854
[2024-04-26 11:32:09,274][root][INFO] - Eval ndata: 237.000
[2024-04-26 11:32:09,274][root][INFO] - Model MSE (current real MPC): 0.024
[2024-04-26 11:32:09,870][root][INFO] - Model MSE (random test set): 0.000
[2024-04-26 11:32:09,870][root][INFO] - Model MSE (GT MPC): 0.000
[2024-04-26 11:32:09,870][root][INFO] - Model Likelihood (random test set): -1.853
[2024-04-26 11:32:09,870][root][INFO] - Model Likelihood (GT MPC): -1.840
[2024-04-26 11:32:09,871][root][INFO] - *[TIME] [Evaluate the current MPC policy] Elapsed: 68.89 seconds
[2024-04-26 11:32:13,057][root][INFO] - x: [2.51050065e-02 2.10916189e-05 4.36401348e-04]
[2024-04-26 11:32:13,057][root][INFO] - y: [0.00094523 0.00740274]
[2024-04-26 11:32:13,057][root][INFO] - Reward: -0.0070503862253506805
[2024-04-26 11:32:14,672][root][INFO] - --------------- Start iteration i=56 ---------------
[2024-04-26 11:32:14,672][root][INFO] - Length of data.x: 238
[2024-04-26 11:32:14,672][root][INFO] - Length of data.y: 238
[2024-04-26 11:32:14,850][root][INFO] - x: [ 0.02605024  0.00742383 -0.41050903]
[2024-04-26 11:32:14,851][root][INFO] - y: [-3.90112337e-05 -7.73022186e-03]
[2024-04-26 11:32:14,851][root][INFO] - Reward: -0.007352287294044381
[2024-04-26 11:32:14,854][root][INFO] - --------------- Start iteration i=57 ---------------
[2024-04-26 11:32:14,855][root][INFO] - Length of data.x: 239
[2024-04-26 11:32:14,855][root][INFO] - Length of data.y: 239
[2024-04-26 11:32:15,030][root][INFO] - x: [ 2.60112264e-02 -3.06393521e-04 -5.02660734e-01]
[2024-04-26 11:32:15,030][root][INFO] - y: [-0.0014647  -0.01119736]
[2024-04-26 11:32:15,031][root][INFO] - Reward: -0.007804374831956801
[2024-04-26 11:32:15,034][root][INFO] - --------------- Start iteration i=58 ---------------
[2024-04-26 11:32:15,034][root][INFO] - Length of data.x: 240
[2024-04-26 11:32:15,034][root][INFO] - Length of data.y: 240
[2024-04-26 11:32:15,209][root][INFO] - x: [ 0.02454652 -0.01150376  0.04325317]
[2024-04-26 11:32:15,209][root][INFO] - y: [-0.0003386   0.00884438]
[2024-04-26 11:32:15,210][root][INFO] - Reward: -0.005836565551585275
[2024-04-26 11:32:15,213][root][INFO] - --------------- Start iteration i=59 ---------------
[2024-04-26 11:32:15,213][root][INFO] - Length of data.x: 241
[2024-04-26 11:32:15,213][root][INFO] - Length of data.y: 241
[2024-04-26 11:32:15,391][root][INFO] - x: [ 0.02420792 -0.00265938 -0.42289021]
[2024-04-26 11:32:15,391][root][INFO] - y: [-0.00145083 -0.00873543]
[2024-04-26 11:32:15,392][root][INFO] - Reward: -0.006657652316265126
[2024-04-26 11:32:15,395][root][INFO] - --------------- Start iteration i=60 ---------------
[2024-04-26 11:32:15,395][root][INFO] - Length of data.x: 242
[2024-04-26 11:32:15,395][root][INFO] - Length of data.y: 242
[2024-04-26 11:33:19,901][root][INFO] - Eval Returns: [  -2.49307622   -1.40124286 -117.5958559  -361.69778352 -116.9539222 ]
[2024-04-26 11:33:19,944][root][INFO] - Eval Returns: mean=-120.028 std=131.382
[2024-04-26 11:33:19,944][root][INFO] - Eval ndata: 242.000
[2024-04-26 11:33:19,944][root][INFO] - Model MSE (current real MPC): 0.020
[2024-04-26 11:33:20,576][root][INFO] - Model MSE (random test set): 0.000
[2024-04-26 11:33:20,576][root][INFO] - Model MSE (GT MPC): 0.000
[2024-04-26 11:33:20,576][root][INFO] - Model Likelihood (random test set): -1.853
[2024-04-26 11:33:20,576][root][INFO] - Model Likelihood (GT MPC): -1.840
[2024-04-26 11:33:20,576][root][INFO] - *[TIME] [Evaluate the current MPC policy] Elapsed: 65.00 seconds
[2024-04-26 11:33:24,768][root][INFO] - x: [ 0.02275709 -0.01139481 -0.43750799]
[2024-04-26 11:33:24,768][root][INFO] - y: [-0.00268711 -0.00970974]
[2024-04-26 11:33:24,768][root][INFO] - Reward: -0.007591741106682811
[2024-04-26 11:33:26,773][root][INFO] - --------------- Start iteration i=61 ---------------
[2024-04-26 11:33:26,773][root][INFO] - Length of data.x: 243
[2024-04-26 11:33:26,773][root][INFO] - Length of data.y: 243
[2024-04-26 11:33:26,936][root][INFO] - x: [ 0.02006997 -0.02110455  0.40633576]
[2024-04-26 11:33:26,937][root][INFO] - y: [5.12080218e-06 2.11447703e-02]
[2024-04-26 11:33:26,937][root][INFO] - Reward: -0.004637988979307007
[2024-04-26 11:33:26,939][root][INFO] - --------------- Start iteration i=62 ---------------
[2024-04-26 11:33:26,939][root][INFO] - Length of data.x: 244
[2024-04-26 11:33:26,939][root][INFO] - Length of data.y: 244
[2024-04-26 11:33:27,063][root][INFO] - x: [2.00750942e-02 4.02186874e-05 3.34996365e-01]
[2024-04-26 11:33:27,063][root][INFO] - y: [0.00235693 0.01847105]
[2024-04-26 11:33:27,063][root][INFO] - Reward: -0.007608300919485847
[2024-04-26 11:33:27,066][root][INFO] - --------------- Start iteration i=63 ---------------
[2024-04-26 11:33:27,066][root][INFO] - Length of data.x: 245
[2024-04-26 11:33:27,066][root][INFO] - Length of data.y: 245
[2024-04-26 11:33:27,187][root][INFO] - x: [ 0.02243202  0.01851127 -0.53056551]
[2024-04-26 11:33:27,188][root][INFO] - y: [ 0.00066417 -0.0132949 ]
[2024-04-26 11:33:27,188][root][INFO] - Reward: -0.006564929317710142
[2024-04-26 11:33:27,190][root][INFO] - --------------- Start iteration i=64 ---------------
[2024-04-26 11:33:27,190][root][INFO] - Length of data.x: 246
[2024-04-26 11:33:27,190][root][INFO] - Length of data.y: 246
[2024-04-26 11:33:27,316][root][INFO] - x: [ 0.02309619  0.00521637 -0.21258902]
[2024-04-26 11:33:27,316][root][INFO] - y: [ 0.00051448 -0.00117567]
[2024-04-26 11:33:27,316][root][INFO] - Reward: -0.005787217344579756
[2024-04-26 11:33:27,319][root][INFO] - --------------- Start iteration i=65 ---------------
[2024-04-26 11:33:27,319][root][INFO] - Length of data.x: 247
[2024-04-26 11:33:27,319][root][INFO] - Length of data.y: 247
[2024-04-26 11:34:32,216][root][INFO] - Eval Returns: [-121.06562944 -124.214294     -1.14280524 -240.645186   -114.91116422]
[2024-04-26 11:34:32,254][root][INFO] - Eval Returns: mean=-120.396 std=75.797
[2024-04-26 11:34:32,255][root][INFO] - Eval ndata: 247.000
[2024-04-26 11:34:32,255][root][INFO] - Model MSE (current real MPC): 0.020
[2024-04-26 11:34:32,875][root][INFO] - Model MSE (random test set): 0.000
[2024-04-26 11:34:32,876][root][INFO] - Model MSE (GT MPC): 0.000
[2024-04-26 11:34:32,876][root][INFO] - Model Likelihood (random test set): -1.853
[2024-04-26 11:34:32,876][root][INFO] - Model Likelihood (GT MPC): -1.840
[2024-04-26 11:34:32,876][root][INFO] - *[TIME] [Evaluate the current MPC policy] Elapsed: 65.43 seconds
[2024-04-26 11:34:36,116][root][INFO] - x: [ 0.02361067  0.0040407  -0.08600075]
[2024-04-26 11:34:36,117][root][INFO] - y: [0.00098844 0.00372251]
[2024-04-26 11:34:36,117][root][INFO] - Reward: -0.006387555822948489
[2024-04-26 11:34:37,616][root][INFO] - --------------- Start iteration i=66 ---------------
[2024-04-26 11:34:37,616][root][INFO] - Length of data.x: 248
[2024-04-26 11:34:37,616][root][INFO] - Length of data.y: 248
[2024-04-26 11:34:37,808][root][INFO] - x: [ 0.02459911  0.00776322 -0.41962816]
[2024-04-26 11:34:37,808][root][INFO] - y: [-9.35846410e-05 -8.49822871e-03]
[2024-04-26 11:34:37,809][root][INFO] - Reward: -0.006634712656398229
[2024-04-26 11:34:37,812][root][INFO] - --------------- Start iteration i=67 ---------------
[2024-04-26 11:34:37,812][root][INFO] - Length of data.x: 249
[2024-04-26 11:34:37,813][root][INFO] - Length of data.y: 249
[2024-04-26 11:34:37,994][root][INFO] - x: [ 0.02450553 -0.00073501 -0.13282453]
[2024-04-26 11:34:37,994][root][INFO] - y: [0.00019027 0.00222943]
[2024-04-26 11:34:37,995][root][INFO] - Reward: -0.006104163277916628
[2024-04-26 11:34:37,998][root][INFO] - --------------- Start iteration i=68 ---------------
[2024-04-26 11:34:37,999][root][INFO] - Length of data.x: 250
[2024-04-26 11:34:37,999][root][INFO] - Length of data.y: 250
[2024-04-26 11:34:38,181][root][INFO] - x: [ 0.0246958   0.00149441 -0.48788902]
[2024-04-26 11:34:38,181][root][INFO] - y: [-0.00121406 -0.01102962]
[2024-04-26 11:34:38,182][root][INFO] - Reward: -0.0069760550575688335
[2024-04-26 11:34:38,185][root][INFO] - --------------- Start iteration i=69 ---------------
[2024-04-26 11:34:38,185][root][INFO] - Length of data.x: 251
[2024-04-26 11:34:38,186][root][INFO] - Length of data.y: 251
[2024-04-26 11:34:38,368][root][INFO] - x: [ 0.02348174 -0.0095352   0.16794597]
[2024-04-26 11:34:38,368][root][INFO] - y: [0.00046759 0.01320765]
[2024-04-26 11:34:38,369][root][INFO] - Reward: -0.005860053649928894
[2024-04-26 11:34:38,373][root][INFO] - --------------- Start iteration i=70 ---------------
[2024-04-26 11:34:38,373][root][INFO] - Length of data.x: 252
[2024-04-26 11:34:38,373][root][INFO] - Length of data.y: 252
[2024-04-26 11:35:49,003][root][INFO] - Eval Returns: [-117.68062237 -124.46266269 -351.18542599 -124.55167437 -358.76359216]
[2024-04-26 11:35:49,042][root][INFO] - Eval Returns: mean=-215.329 std=114.073
[2024-04-26 11:35:49,042][root][INFO] - Eval ndata: 252.000
[2024-04-26 11:35:49,042][root][INFO] - Model MSE (current real MPC): 0.036
[2024-04-26 11:35:49,662][root][INFO] - Model MSE (random test set): 0.000
[2024-04-26 11:35:49,663][root][INFO] - Model MSE (GT MPC): 0.000
[2024-04-26 11:35:49,663][root][INFO] - Model Likelihood (random test set): -1.853
[2024-04-26 11:35:49,663][root][INFO] - Model Likelihood (GT MPC): -1.840
[2024-04-26 11:35:49,663][root][INFO] - *[TIME] [Evaluate the current MPC policy] Elapsed: 71.11 seconds
