[2024-04-19 19:36:50,397][root][INFO] - Dumper dumping to /trajectory-information-rl/experiments/mpc_frozencartpole_2024-04-19/19-36-45/seed_3
[2024-04-19 19:36:50,401][root][INFO] - Start obs: None
[2024-04-19 19:37:04,361][root][INFO] - GT Returns: [-15.17614315 -11.10664641 -10.80119406 -12.85372274 -10.81961083]
[2024-04-19 19:37:04,361][root][INFO] - GT Returns: mean=-12.151 std=1.693
[2024-04-19 19:37:04,361][root][INFO] - Path Lengths: [36345, 36345, 36345, 36345, 36345]
[2024-04-19 19:37:04,361][root][INFO] - Path Lengths: mean=36345.000 std=0.000
[2024-04-19 19:37:04,422][root][INFO] - all_x.shape = (181725, 5)
[2024-04-19 19:37:04,427][root][INFO] - all_x.min(axis=0) = [-0.57209651 -0.91432497 -0.99997538 -0.78916573 -1.        ]
[2024-04-19 19:37:04,431][root][INFO] - all_x.max(axis=0) = [0.97282897 1.32727417 0.99998887 0.87697971 1.        ]
[2024-04-19 19:37:04,434][root][INFO] - all_x.mean(axis=0) = [-0.00747995 -0.00863075  0.03308131  0.06287283  0.01043541]
[2024-04-19 19:37:04,442][root][INFO] - all_x.var(axis=0) = [0.00727086 0.03201989 0.24645547 0.07861488 0.23308637]
[2024-04-19 19:37:04,476][root][INFO] - --------------- Start iteration i=0 ---------------
[2024-04-19 19:37:04,476][root][INFO] - Length of data.x: 1
[2024-04-19 19:37:04,476][root][INFO] - Length of data.y: 1
[2024-04-19 19:37:09,855][root][INFO] - Eval Returns: [-24.99997589 -24.99998153 -24.99997421 -24.99997304 -24.99998015]
[2024-04-19 19:37:09,860][root][INFO] - Eval Returns: mean=-25.000 std=0.000
[2024-04-19 19:37:09,860][root][INFO] - Eval ndata: 1.000
[2024-04-19 19:37:09,860][root][INFO] - Model MSE (current real MPC): 0.489
[2024-04-19 19:37:10,868][root][INFO] - Model MSE (random test set): 0.361
[2024-04-19 19:37:10,868][root][INFO] - Model MSE (GT MPC): 0.072
[2024-04-19 19:37:10,868][root][INFO] - Model Likelihood (random test set): -4.105
[2024-04-19 19:37:10,868][root][INFO] - Model Likelihood (GT MPC): -3.863
[2024-04-19 19:37:10,868][root][INFO] - *[TIME] [Evaluate the current MPC policy] Elapsed: 6.20 seconds
[2024-04-19 19:37:12,909][root][INFO] - x: [-3.02083115e-03  2.59008616e-03 -9.92760756e-01  4.74955766e-04
 -9.99269453e-01]
[2024-04-19 19:37:12,910][root][INFO] - y: [ 0.00025901 -0.0786189   0.00037796  0.07636517]
[2024-04-19 19:37:12,910][root][INFO] - Reward: -0.9999901771318411
