[2024-04-24 22:56:32,645][root][INFO] - Dumper dumping to /tirl/experiments/mpc_pendulum_2024-04-24/22-56-25/seed_4
[2024-04-24 22:56:32,651][root][INFO] - Start obs: None
[2024-04-24 22:56:59,379][root][INFO] - GT Returns: [-296.2401648  -124.59524145 -123.40846769 -238.31631661 -217.75362235]
[2024-04-24 22:56:59,380][root][INFO] - GT Returns: mean=-200.063 std=67.227
[2024-04-24 22:56:59,380][root][INFO] - Path Lengths: [39420, 39420, 39420, 39420, 39420]
[2024-04-24 22:56:59,380][root][INFO] - Path Lengths: mean=39420.000 std=0.000
[2024-04-24 22:56:59,495][root][INFO] - all_x.shape = (197100, 3)
[2024-04-24 22:56:59,501][root][INFO] - all_x.min(axis=0) = [-0.99999899 -1.         -1.        ]
[2024-04-24 22:56:59,507][root][INFO] - all_x.max(axis=0) = [0.99990656 1.         1.        ]
[2024-04-24 22:56:59,511][root][INFO] - all_x.mean(axis=0) = [-0.00655135 -0.00145665  0.00756205]
[2024-04-24 22:56:59,523][root][INFO] - all_x.var(axis=0) = [0.10761169 0.10213571 0.25855968]
[2024-04-24 22:56:59,610][root][INFO] - --------------- Start iteration i=0 ---------------
[2024-04-24 22:56:59,610][root][INFO] - Length of data.x: 1
[2024-04-24 22:56:59,610][root][INFO] - Length of data.y: 1
[2024-04-24 22:57:32,048][root][INFO] - Eval Returns: [-1432.13919086 -1601.78194542 -1538.70613276 -1502.46385339
 -1501.49779213]
[2024-04-24 22:57:32,100][root][INFO] - Eval Returns: mean=-1515.318 std=55.314
[2024-04-24 22:57:32,101][root][INFO] - Eval ndata: 1.000
[2024-04-24 22:57:32,101][root][INFO] - Model MSE (current real MPC): 0.108
[2024-04-24 22:57:32,594][root][INFO] - Model MSE (random test set): 0.010
[2024-04-24 22:57:32,594][root][INFO] - Model MSE (GT MPC): 0.005
[2024-04-24 22:57:32,594][root][INFO] - Model Likelihood (random test set): -1.871
[2024-04-24 22:57:32,594][root][INFO] - Model Likelihood (GT MPC): -1.852
[2024-04-24 22:57:32,594][root][INFO] - *[TIME] [Evaluate the current MPC policy] Elapsed: 32.87 seconds
[2024-04-24 22:57:34,115][root][INFO] - x: [ 0.30974539  0.04445911 -0.64640014]
[2024-04-24 22:57:34,115][root][INFO] - y: [0.01244155 0.05325663]
[2024-04-24 22:57:34,115][root][INFO] - Reward: -1.0872895687148705
[2024-04-24 22:57:36,669][root][INFO] - --------------- Start iteration i=1 ---------------
[2024-04-24 22:57:36,669][root][INFO] - Length of data.x: 2
[2024-04-24 22:57:36,670][root][INFO] - Length of data.y: 2
[2024-04-24 22:57:36,769][root][INFO] - x: [ 0.32218695  0.09771574 -1.        ]
[2024-04-24 22:57:36,770][root][INFO] - y: [0.01778903 0.041999  ]
[2024-04-24 22:57:36,770][root][INFO] - Reward: -1.2696944605301952
[2024-04-24 22:57:36,771][root][INFO] - --------------- Start iteration i=2 ---------------
[2024-04-24 22:57:36,771][root][INFO] - Length of data.x: 3
[2024-04-24 22:57:36,771][root][INFO] - Length of data.y: 3
[2024-04-24 22:57:36,879][root][INFO] - x: [ 0.33997598  0.13971474 -0.52288734]
[2024-04-24 22:57:36,880][root][INFO] - y: [0.02575214 0.06254207]
[2024-04-24 22:57:36,880][root][INFO] - Reward: -1.5830329568705657
[2024-04-24 22:57:36,881][root][INFO] - --------------- Start iteration i=3 ---------------
[2024-04-24 22:57:36,881][root][INFO] - Length of data.x: 4
[2024-04-24 22:57:36,881][root][INFO] - Length of data.y: 4
[2024-04-24 22:57:36,975][root][INFO] - x: [ 0.36572812  0.20225681 -0.88731328]
[2024-04-24 22:57:36,976][root][INFO] - y: [0.03240581 0.05225784]
[2024-04-24 22:57:36,976][root][INFO] - Reward: -1.9821638302219597
[2024-04-24 22:57:36,977][root][INFO] - --------------- Start iteration i=4 ---------------
[2024-04-24 22:57:36,977][root][INFO] - Length of data.x: 5
[2024-04-24 22:57:36,977][root][INFO] - Length of data.y: 5
[2024-04-24 22:57:37,076][root][INFO] - x: [ 0.39813393  0.25451464 -1.        ]
[2024-04-24 22:57:37,077][root][INFO] - y: [0.03896174 0.05149018]
[2024-04-24 22:57:37,077][root][INFO] - Reward: -2.4889032201872827
[2024-04-24 22:57:37,078][root][INFO] - --------------- Start iteration i=5 ---------------
[2024-04-24 22:57:37,078][root][INFO] - Length of data.x: 6
[2024-04-24 22:57:37,078][root][INFO] - Length of data.y: 6
[2024-04-24 22:58:08,721][root][INFO] - Eval Returns: [-1141.13468259  -941.63761396 -1033.69773686 -1163.26301348
 -1063.06819788]
[2024-04-24 22:58:08,765][root][INFO] - Eval Returns: mean=-1068.560 std=79.487
[2024-04-24 22:58:08,766][root][INFO] - Eval ndata: 6.000
[2024-04-24 22:58:08,766][root][INFO] - Model MSE (current real MPC): 0.162
[2024-04-24 22:58:09,262][root][INFO] - Model MSE (random test set): 0.005
[2024-04-24 22:58:09,262][root][INFO] - Model MSE (GT MPC): 0.003
[2024-04-24 22:58:09,262][root][INFO] - Model Likelihood (random test set): -1.874
[2024-04-24 22:58:09,262][root][INFO] - Model Likelihood (GT MPC): -1.867
[2024-04-24 22:58:09,262][root][INFO] - *[TIME] [Evaluate the current MPC policy] Elapsed: 32.09 seconds
[2024-04-24 22:58:14,070][root][INFO] - x: [ 0.43709567  0.30600483 -1.        ]
[2024-04-24 22:58:14,070][root][INFO] - y: [0.04589139 0.05442531]
[2024-04-24 22:58:14,071][root][INFO] - Reward: -3.1377701503531754
[2024-04-24 22:58:16,191][root][INFO] - --------------- Start iteration i=6 ---------------
[2024-04-24 22:58:16,192][root][INFO] - Length of data.x: 7
[2024-04-24 22:58:16,192][root][INFO] - Length of data.y: 7
[2024-04-24 22:58:16,301][root][INFO] - x: [ 0.48298706  0.36043014 -0.00363682]
[2024-04-24 22:58:16,302][root][INFO] - y: [0.0577936  0.09347975]
[2024-04-24 22:58:16,302][root][INFO] - Reward: -4.204922817302017
[2024-04-24 22:58:16,303][root][INFO] - --------------- Start iteration i=7 ---------------
[2024-04-24 22:58:16,303][root][INFO] - Length of data.x: 8
[2024-04-24 22:58:16,303][root][INFO] - Length of data.y: 8
[2024-04-24 22:58:16,400][root][INFO] - x: [ 0.54078066  0.45390989 -0.99509212]
[2024-04-24 22:58:16,401][root][INFO] - y: [0.06488118 0.0556657 ]
[2024-04-24 22:58:16,401][root][INFO] - Reward: -5.286261671277763
[2024-04-24 22:58:16,402][root][INFO] - --------------- Start iteration i=8 ---------------
[2024-04-24 22:58:16,402][root][INFO] - Length of data.x: 9
[2024-04-24 22:58:16,402][root][INFO] - Length of data.y: 9
[2024-04-24 22:58:16,503][root][INFO] - x: [0.60566183 0.50957559 1.        ]
[2024-04-24 22:58:16,503][root][INFO] - y: [0.08094082 0.12613217]
[2024-04-24 22:58:16,503][root][INFO] - Reward: -7.243156691864602
[2024-04-24 22:58:16,504][root][INFO] - --------------- Start iteration i=9 ---------------
[2024-04-24 22:58:16,504][root][INFO] - Length of data.x: 10
[2024-04-24 22:58:16,504][root][INFO] - Length of data.y: 10
[2024-04-24 22:58:16,604][root][INFO] - x: [0.68660266 0.63570776 0.70073305]
[2024-04-24 22:58:16,604][root][INFO] - y: [0.09423017 0.10437428]
[2024-04-24 22:58:16,604][root][INFO] - Reward: -9.52487841771592
[2024-04-24 22:58:16,605][root][INFO] - --------------- Start iteration i=10 ---------------
[2024-04-24 22:58:16,605][root][INFO] - Length of data.x: 11
[2024-04-24 22:58:16,605][root][INFO] - Length of data.y: 11
[2024-04-24 22:58:49,094][root][INFO] - Eval Returns: [-263.55019885 -379.39854639 -384.6317081  -385.04406128 -484.42974229]
[2024-04-24 22:58:49,141][root][INFO] - Eval Returns: mean=-379.411 std=70.017
[2024-04-24 22:58:49,141][root][INFO] - Eval ndata: 11.000
[2024-04-24 22:58:49,141][root][INFO] - Model MSE (current real MPC): 0.061
[2024-04-24 22:58:49,693][root][INFO] - Model MSE (random test set): 0.001
[2024-04-24 22:58:49,693][root][INFO] - Model MSE (GT MPC): 0.001
[2024-04-24 22:58:49,693][root][INFO] - Model Likelihood (random test set): -1.845
[2024-04-24 22:58:49,693][root][INFO] - Model Likelihood (GT MPC): -1.844
[2024-04-24 22:58:49,694][root][INFO] - *[TIME] [Evaluate the current MPC policy] Elapsed: 32.99 seconds
[2024-04-24 22:58:53,530][root][INFO] - x: [0.78083283 0.74008204 0.6994931 ]
[2024-04-24 22:58:53,530][root][INFO] - y: [0.1051546  0.08580028]
[2024-04-24 22:58:53,530][root][INFO] - Reward: -12.114660002834984
[2024-04-24 22:58:55,405][root][INFO] - --------------- Start iteration i=11 ---------------
[2024-04-24 22:58:55,405][root][INFO] - Length of data.x: 12
[2024-04-24 22:58:55,405][root][INFO] - Length of data.y: 12
[2024-04-24 22:58:55,776][root][INFO] - x: [0.88598743 0.82588232 0.58637959]
[2024-04-24 22:58:55,777][root][INFO] - y: [0.11213899 0.05485529]
[2024-04-24 22:58:55,777][root][INFO] - Reward: -14.798503899008256
[2024-04-24 22:58:55,778][root][INFO] - --------------- Start iteration i=12 ---------------
[2024-04-24 22:58:55,778][root][INFO] - Length of data.x: 13
[2024-04-24 22:58:55,778][root][INFO] - Length of data.y: 13
[2024-04-24 22:58:55,887][root][INFO] - x: [0.99812642 0.88073761 1.        ]
[2024-04-24 22:58:55,887][root][INFO] - y: [0.1169839 0.0380518]
[2024-04-24 22:58:55,888][root][INFO] - Reward: -13.134907807051905
[2024-04-24 22:58:55,888][root][INFO] - --------------- Start iteration i=13 ---------------
[2024-04-24 22:58:55,889][root][INFO] - Length of data.x: 14
[2024-04-24 22:58:55,889][root][INFO] - Length of data.y: 14
[2024-04-24 22:58:55,995][root][INFO] - x: [-0.88488968  0.91878941  0.37544711]
[2024-04-24 22:58:55,996][root][INFO] - y: [ 0.11455336 -0.01908939]
[2024-04-24 22:58:55,996][root][INFO] - Reward: -11.037910427310479
[2024-04-24 22:58:55,997][root][INFO] - --------------- Start iteration i=14 ---------------
[2024-04-24 22:58:55,997][root][INFO] - Length of data.x: 15
[2024-04-24 22:58:55,997][root][INFO] - Length of data.y: 15
[2024-04-24 22:58:56,103][root][INFO] - x: [-0.77033632  0.89970003 -0.58243407]
[2024-04-24 22:58:56,104][root][INFO] - y: [ 0.10388808 -0.08376492]
[2024-04-24 22:58:56,104][root][INFO] - Reward: -8.645774684657582
[2024-04-24 22:58:56,105][root][INFO] - --------------- Start iteration i=15 ---------------
[2024-04-24 22:58:56,105][root][INFO] - Length of data.x: 16
[2024-04-24 22:58:56,105][root][INFO] - Length of data.y: 16
[2024-04-24 22:59:29,878][root][INFO] - Eval Returns: [-615.77549769 -654.58255545 -515.33438565 -511.01507719 -567.79398614]
[2024-04-24 22:59:29,928][root][INFO] - Eval Returns: mean=-572.900 std=56.000
[2024-04-24 22:59:29,928][root][INFO] - Eval ndata: 16.000
[2024-04-24 22:59:29,928][root][INFO] - Model MSE (current real MPC): 0.089
[2024-04-24 22:59:30,502][root][INFO] - Model MSE (random test set): 0.000
[2024-04-24 22:59:30,503][root][INFO] - Model MSE (GT MPC): 0.000
[2024-04-24 22:59:30,503][root][INFO] - Model Likelihood (random test set): -1.846
[2024-04-24 22:59:30,503][root][INFO] - Model Likelihood (GT MPC): -1.846
[2024-04-24 22:59:30,503][root][INFO] - *[TIME] [Evaluate the current MPC policy] Elapsed: 34.30 seconds
[2024-04-24 22:59:33,669][root][INFO] - x: [-0.66644824  0.8159351  -1.        ]
[2024-04-24 22:59:33,669][root][INFO] - y: [ 0.08877192 -0.11872203]
[2024-04-24 22:59:33,670][root][INFO] - Reward: -6.40866401450725
[2024-04-24 22:59:35,230][root][INFO] - --------------- Start iteration i=16 ---------------
[2024-04-24 22:59:35,230][root][INFO] - Length of data.x: 17
[2024-04-24 22:59:35,230][root][INFO] - Length of data.y: 17
[2024-04-24 22:59:35,329][root][INFO] - x: [-0.57767631  0.69721308  0.35465561]
[2024-04-24 22:59:35,330][root][INFO] - y: [ 0.07888231 -0.07767286]
[2024-04-24 22:59:35,330][root][INFO] - Reward: -4.912528542691584
[2024-04-24 22:59:35,331][root][INFO] - --------------- Start iteration i=17 ---------------
[2024-04-24 22:59:35,331][root][INFO] - Length of data.x: 18
[2024-04-24 22:59:35,331][root][INFO] - Length of data.y: 18
[2024-04-24 22:59:35,430][root][INFO] - x: [-0.49879401  0.61954022 -0.02975711]
[2024-04-24 22:59:35,431][root][INFO] - y: [ 0.06680369 -0.09486522]
[2024-04-24 22:59:35,431][root][INFO] - Reward: -3.6036427489169096
[2024-04-24 22:59:35,432][root][INFO] - --------------- Start iteration i=18 ---------------
[2024-04-24 22:59:35,432][root][INFO] - Length of data.x: 19
[2024-04-24 22:59:35,432][root][INFO] - Length of data.y: 19
[2024-04-24 22:59:35,538][root][INFO] - x: [-0.43199031  0.524675    0.22463483]
[2024-04-24 22:59:35,539][root][INFO] - y: [ 0.05621104 -0.08319448]
[2024-04-24 22:59:35,539][root][INFO] - Reward: -2.6412816608012823
[2024-04-24 22:59:35,540][root][INFO] - --------------- Start iteration i=19 ---------------
[2024-04-24 22:59:35,540][root][INFO] - Length of data.x: 20
[2024-04-24 22:59:35,540][root][INFO] - Length of data.y: 20
[2024-04-24 22:59:35,641][root][INFO] - x: [-0.37577927  0.44148052  0.93948753]
[2024-04-24 22:59:35,641][root][INFO] - y: [ 0.04965762 -0.0514705 ]
[2024-04-24 22:59:35,642][root][INFO] - Reward: -2.026705696719856
[2024-04-24 22:59:35,643][root][INFO] - --------------- Start iteration i=20 ---------------
[2024-04-24 22:59:35,643][root][INFO] - Length of data.x: 21
[2024-04-24 22:59:35,643][root][INFO] - Length of data.y: 21
[2024-04-24 23:00:14,479][root][INFO] - Eval Returns: [-233.2041712  -119.6394817  -128.69645615 -224.52534772 -124.12209235]
[2024-04-24 23:00:14,529][root][INFO] - Eval Returns: mean=-166.038 std=51.451
[2024-04-24 23:00:14,530][root][INFO] - Eval ndata: 21.000
[2024-04-24 23:00:14,531][root][INFO] - Model MSE (current real MPC): 0.028
[2024-04-24 23:00:15,037][root][INFO] - Model MSE (random test set): 0.000
[2024-04-24 23:00:15,037][root][INFO] - Model MSE (GT MPC): 0.000
[2024-04-24 23:00:15,037][root][INFO] - Model Likelihood (random test set): -1.845
[2024-04-24 23:00:15,037][root][INFO] - Model Likelihood (GT MPC): -1.842
[2024-04-24 23:00:15,037][root][INFO] - *[TIME] [Evaluate the current MPC policy] Elapsed: 39.29 seconds
[2024-04-24 23:00:18,120][root][INFO] - x: [-0.32612165  0.39001003  0.50054841]
[2024-04-24 23:00:18,120][root][INFO] - y: [ 0.041848   -0.06133656]
[2024-04-24 23:00:18,121][root][INFO] - Reward: -1.4899478015403163
[2024-04-24 23:00:20,098][root][INFO] - --------------- Start iteration i=21 ---------------
[2024-04-24 23:00:20,098][root][INFO] - Length of data.x: 22
[2024-04-24 23:00:20,098][root][INFO] - Length of data.y: 22
[2024-04-24 23:00:20,209][root][INFO] - x: [-0.28427365  0.32867346  0.80673071]
[2024-04-24 23:00:20,210][root][INFO] - y: [ 0.03640121 -0.042779  ]
[2024-04-24 23:00:20,210][root][INFO] - Reward: -1.1321072344573246
[2024-04-24 23:00:20,212][root][INFO] - --------------- Start iteration i=22 ---------------
[2024-04-24 23:00:20,212][root][INFO] - Length of data.x: 23
[2024-04-24 23:00:20,212][root][INFO] - Length of data.y: 23
[2024-04-24 23:00:20,333][root][INFO] - x: [-0.24787244  0.28589446  0.61794045]
[2024-04-24 23:00:20,334][root][INFO] - y: [ 0.0309678  -0.04267393]
[2024-04-24 23:00:20,334][root][INFO] - Reward: -0.8444686786310597
[2024-04-24 23:00:20,335][root][INFO] - --------------- Start iteration i=23 ---------------
[2024-04-24 23:00:20,336][root][INFO] - Length of data.x: 24
[2024-04-24 23:00:20,336][root][INFO] - Length of data.y: 24
[2024-04-24 23:00:20,443][root][INFO] - x: [-0.21690464  0.24322053  0.86828327]
[2024-04-24 23:00:20,443][root][INFO] - y: [ 0.02759465 -0.02649262]
[2024-04-24 23:00:20,443][root][INFO] - Reward: -0.6573395435223394
[2024-04-24 23:00:20,445][root][INFO] - --------------- Start iteration i=24 ---------------
[2024-04-24 23:00:20,445][root][INFO] - Length of data.x: 25
[2024-04-24 23:00:20,445][root][INFO] - Length of data.y: 25
[2024-04-24 23:00:20,549][root][INFO] - x: [-0.18930998  0.21672791  0.2575358 ]
[2024-04-24 23:00:20,549][root][INFO] - y: [ 0.02213634 -0.04286952]
[2024-04-24 23:00:20,549][root][INFO] - Reward: -0.46954256363500757
[2024-04-24 23:00:20,551][root][INFO] - --------------- Start iteration i=25 ---------------
[2024-04-24 23:00:20,551][root][INFO] - Length of data.x: 26
[2024-04-24 23:00:20,551][root][INFO] - Length of data.y: 26
[2024-04-24 23:00:55,946][root][INFO] - Eval Returns: [-361.84950299   -1.4645993  -357.3008198  -336.58179221 -122.49371325]
[2024-04-24 23:00:55,991][root][INFO] - Eval Returns: mean=-235.938 std=147.349
[2024-04-24 23:00:55,992][root][INFO] - Eval ndata: 26.000
[2024-04-24 23:00:55,993][root][INFO] - Model MSE (current real MPC): 0.040
[2024-04-24 23:00:56,493][root][INFO] - Model MSE (random test set): 0.000
[2024-04-24 23:00:56,494][root][INFO] - Model MSE (GT MPC): 0.000
[2024-04-24 23:00:56,494][root][INFO] - Model Likelihood (random test set): -1.846
[2024-04-24 23:00:56,494][root][INFO] - Model Likelihood (GT MPC): -1.842
[2024-04-24 23:00:56,494][root][INFO] - *[TIME] [Evaluate the current MPC policy] Elapsed: 35.83 seconds
[2024-04-24 23:01:00,561][root][INFO] - x: [-0.16717365  0.17385839  0.68127205]
[2024-04-24 23:01:00,561][root][INFO] - y: [ 0.0194044  -0.02145655]
[2024-04-24 23:01:00,561][root][INFO] - Reward: -0.366015192942531
[2024-04-24 23:01:02,357][root][INFO] - --------------- Start iteration i=26 ---------------
[2024-04-24 23:01:02,357][root][INFO] - Length of data.x: 27
[2024-04-24 23:01:02,357][root][INFO] - Length of data.y: 27
[2024-04-24 23:01:02,481][root][INFO] - x: [-0.14776924  0.15240184  0.3865465 ]
[2024-04-24 23:01:02,481][root][INFO] - y: [ 0.01590558 -0.02747967]
[2024-04-24 23:01:02,482][root][INFO] - Reward: -0.27208610732872335
[2024-04-24 23:01:02,483][root][INFO] - --------------- Start iteration i=27 ---------------
[2024-04-24 23:01:02,483][root][INFO] - Length of data.x: 28
[2024-04-24 23:01:02,483][root][INFO] - Length of data.y: 28
[2024-04-24 23:01:02,597][root][INFO] - x: [-0.13186366  0.12492217  0.12773347]
[2024-04-24 23:01:02,597][root][INFO] - y: [ 0.0117108  -0.03294572]
[2024-04-24 23:01:02,597][root][INFO] - Reward: -0.1966917372424627
[2024-04-24 23:01:02,599][root][INFO] - --------------- Start iteration i=28 ---------------
[2024-04-24 23:01:02,599][root][INFO] - Length of data.x: 29
[2024-04-24 23:01:02,599][root][INFO] - Length of data.y: 29
[2024-04-24 23:01:02,707][root][INFO] - x: [-0.12015285  0.09197645  0.50641544]
[2024-04-24 23:01:02,708][root][INFO] - y: [ 0.00972927 -0.01556295]
[2024-04-24 23:01:02,708][root][INFO] - Reward: -0.1587392948110647
[2024-04-24 23:01:02,709][root][INFO] - --------------- Start iteration i=29 ---------------
[2024-04-24 23:01:02,709][root][INFO] - Length of data.x: 30
[2024-04-24 23:01:02,709][root][INFO] - Length of data.y: 30
[2024-04-24 23:01:02,819][root][INFO] - x: [-0.11042358  0.0764135   0.48879121]
[2024-04-24 23:01:02,820][root][INFO] - y: [ 0.00800475 -0.01354436]
[2024-04-24 23:01:02,820][root][INFO] - Reward: -0.12978023572159242
[2024-04-24 23:01:02,821][root][INFO] - --------------- Start iteration i=30 ---------------
[2024-04-24 23:01:02,821][root][INFO] - Length of data.x: 31
[2024-04-24 23:01:02,822][root][INFO] - Length of data.y: 31
[2024-04-24 23:01:35,899][root][INFO] - Eval Returns: [-235.39183336 -125.0551148  -125.43638879 -349.65635054 -120.3536622 ]
[2024-04-24 23:01:35,937][root][INFO] - Eval Returns: mean=-191.179 std=90.311
[2024-04-24 23:01:35,937][root][INFO] - Eval ndata: 31.000
[2024-04-24 23:01:35,939][root][INFO] - Model MSE (current real MPC): 0.032
[2024-04-24 23:01:36,407][root][INFO] - Model MSE (random test set): 0.000
[2024-04-24 23:01:36,407][root][INFO] - Model MSE (GT MPC): 0.000
[2024-04-24 23:01:36,407][root][INFO] - Model Likelihood (random test set): -1.846
[2024-04-24 23:01:36,407][root][INFO] - Model Likelihood (GT MPC): -1.842
[2024-04-24 23:01:36,408][root][INFO] - *[TIME] [Evaluate the current MPC policy] Elapsed: 33.48 seconds
[2024-04-24 23:01:39,857][root][INFO] - x: [-0.10241884  0.06286913  0.70808643]
[2024-04-24 23:01:39,858][root][INFO] - y: [ 0.00761083 -0.0030938 ]
[2024-04-24 23:01:39,858][root][INFO] - Reward: -0.11358684263446892
[2024-04-24 23:01:41,203][root][INFO] - --------------- Start iteration i=31 ---------------
[2024-04-24 23:01:41,203][root][INFO] - Length of data.x: 32
[2024-04-24 23:01:41,203][root][INFO] - Length of data.y: 32
[2024-04-24 23:01:41,312][root][INFO] - x: [-0.09480801  0.05977533  0.69763037]
[2024-04-24 23:01:41,313][root][INFO] - y: [ 0.00743881 -0.00135109]
[2024-04-24 23:01:41,313][root][INFO] - Reward: -0.09913088116335039
[2024-04-24 23:01:41,315][root][INFO] - --------------- Start iteration i=32 ---------------
[2024-04-24 23:01:41,315][root][INFO] - Length of data.x: 33
[2024-04-24 23:01:41,315][root][INFO] - Length of data.y: 33
[2024-04-24 23:01:41,419][root][INFO] - x: [-0.0873692   0.05842424  0.7802801 ]
[2024-04-24 23:01:41,420][root][INFO] - y: [0.00792901 0.00385004]
[2024-04-24 23:01:41,420][root][INFO] - Reward: -0.0895396543789772
[2024-04-24 23:01:41,422][root][INFO] - --------------- Start iteration i=33 ---------------
[2024-04-24 23:01:41,422][root][INFO] - Length of data.x: 34
[2024-04-24 23:01:41,422][root][INFO] - Length of data.y: 34
[2024-04-24 23:01:41,531][root][INFO] - x: [-0.07944019  0.06227428 -0.03577296]
[2024-04-24 23:01:41,532][root][INFO] - y: [ 0.00481003 -0.02449643]
[2024-04-24 23:01:41,532][root][INFO] - Reward: -0.06410934512449547
[2024-04-24 23:01:41,534][root][INFO] - --------------- Start iteration i=34 ---------------
[2024-04-24 23:01:41,534][root][INFO] - Length of data.x: 35
[2024-04-24 23:01:41,534][root][INFO] - Length of data.y: 35
[2024-04-24 23:01:41,644][root][INFO] - x: [-0.07463017  0.03777785  0.37713893]
[2024-04-24 23:01:41,644][root][INFO] - y: [ 0.00383767 -0.00763686]
[2024-04-24 23:01:41,645][root][INFO] - Reward: -0.05584549439140004
[2024-04-24 23:01:41,646][root][INFO] - --------------- Start iteration i=35 ---------------
[2024-04-24 23:01:41,646][root][INFO] - Length of data.x: 36
[2024-04-24 23:01:41,647][root][INFO] - Length of data.y: 36
[2024-04-24 23:02:20,815][root][INFO] - Eval Returns: [-115.81450307 -113.35160108 -118.36960386 -117.65211285 -118.11868579]
[2024-04-24 23:02:20,860][root][INFO] - Eval Returns: mean=-116.661 std=1.881
[2024-04-24 23:02:20,860][root][INFO] - Eval ndata: 36.000
[2024-04-24 23:02:20,861][root][INFO] - Model MSE (current real MPC): 0.020
[2024-04-24 23:02:21,369][root][INFO] - Model MSE (random test set): 0.000
[2024-04-24 23:02:21,369][root][INFO] - Model MSE (GT MPC): 0.000
[2024-04-24 23:02:21,369][root][INFO] - Model Likelihood (random test set): -1.846
[2024-04-24 23:02:21,369][root][INFO] - Model Likelihood (GT MPC): -1.843
[2024-04-24 23:02:21,369][root][INFO] - *[TIME] [Evaluate the current MPC policy] Elapsed: 39.61 seconds
[2024-04-24 23:02:24,539][root][INFO] - x: [-0.0707925   0.03014099  1.        ]
[2024-04-24 23:02:24,539][root][INFO] - y: [0.00597943 0.01682135]
[2024-04-24 23:02:24,539][root][INFO] - Reward: -0.05957453221378001
[2024-04-24 23:02:26,253][root][INFO] - --------------- Start iteration i=36 ---------------
[2024-04-24 23:02:26,253][root][INFO] - Length of data.x: 37
[2024-04-24 23:02:26,253][root][INFO] - Length of data.y: 37
[2024-04-24 23:02:26,365][root][INFO] - x: [-0.06481307  0.04696234  0.554331  ]
[2024-04-24 23:02:26,366][root][INFO] - y: [0.00621244 0.00183002]
[2024-04-24 23:02:26,366][root][INFO] - Reward: -0.05035813167131765
[2024-04-24 23:02:26,368][root][INFO] - --------------- Start iteration i=37 ---------------
[2024-04-24 23:02:26,368][root][INFO] - Length of data.x: 38
[2024-04-24 23:02:26,368][root][INFO] - Length of data.y: 38
[2024-04-24 23:02:26,479][root][INFO] - x: [-0.05860063  0.04879235 -0.13826313]
[2024-04-24 23:02:26,480][root][INFO] - y: [ 0.00336715 -0.02234685]
[2024-04-24 23:02:26,480][root][INFO] - Reward: -0.03466197931471491
[2024-04-24 23:02:26,482][root][INFO] - --------------- Start iteration i=38 ---------------
[2024-04-24 23:02:26,482][root][INFO] - Length of data.x: 39
[2024-04-24 23:02:26,482][root][INFO] - Length of data.y: 39
[2024-04-24 23:02:26,594][root][INFO] - x: [-0.05523349  0.0264455   0.61587099]
[2024-04-24 23:02:26,594][root][INFO] - y: [0.00424684 0.00690907]
[2024-04-24 23:02:26,595][root][INFO] - Reward: -0.03429476953015328
[2024-04-24 23:02:26,596][root][INFO] - --------------- Start iteration i=39 ---------------
[2024-04-24 23:02:26,596][root][INFO] - Length of data.x: 40
[2024-04-24 23:02:26,596][root][INFO] - Length of data.y: 40
[2024-04-24 23:02:26,708][root][INFO] - x: [-0.05098665  0.03335457  0.34644912]
[2024-04-24 23:02:26,709][root][INFO] - y: [ 0.00399718 -0.00196083]
[2024-04-24 23:02:26,709][root][INFO] - Reward: -0.028579930124027188
[2024-04-24 23:02:26,710][root][INFO] - --------------- Start iteration i=40 ---------------
[2024-04-24 23:02:26,710][root][INFO] - Length of data.x: 41
[2024-04-24 23:02:26,710][root][INFO] - Length of data.y: 41
[2024-04-24 23:03:06,397][root][INFO] - Eval Returns: [-244.91585443 -118.14348125 -337.65264492 -120.78677785 -238.17173409]
[2024-04-24 23:03:06,444][root][INFO] - Eval Returns: mean=-211.934 std=83.290
[2024-04-24 23:03:06,444][root][INFO] - Eval ndata: 41.000
[2024-04-24 23:03:06,444][root][INFO] - Model MSE (current real MPC): 0.036
[2024-04-24 23:03:07,054][root][INFO] - Model MSE (random test set): 0.000
[2024-04-24 23:03:07,054][root][INFO] - Model MSE (GT MPC): 0.000
[2024-04-24 23:03:07,054][root][INFO] - Model Likelihood (random test set): -1.847
[2024-04-24 23:03:07,054][root][INFO] - Model Likelihood (GT MPC): -1.843
[2024-04-24 23:03:07,054][root][INFO] - *[TIME] [Evaluate the current MPC policy] Elapsed: 40.23 seconds
[2024-04-24 23:03:10,300][root][INFO] - x: [-0.04698947  0.03139374  0.29319884]
[2024-04-24 23:03:10,300][root][INFO] - y: [ 0.00364138 -0.00279438]
[2024-04-24 23:03:10,300][root][INFO] - Reward: -0.024124123561911605
[2024-04-24 23:03:11,760][root][INFO] - --------------- Start iteration i=41 ---------------
[2024-04-24 23:03:11,760][root][INFO] - Length of data.x: 42
[2024-04-24 23:03:11,760][root][INFO] - Length of data.y: 42
[2024-04-24 23:03:11,866][root][INFO] - x: [-0.04334809  0.02859937  0.21219178]
[2024-04-24 23:03:11,867][root][INFO] - y: [ 0.00303399 -0.00477045]
[2024-04-24 23:03:11,867][root][INFO] - Reward: -0.01985447565638726
[2024-04-24 23:03:11,869][root][INFO] - --------------- Start iteration i=42 ---------------
[2024-04-24 23:03:11,869][root][INFO] - Length of data.x: 43
[2024-04-24 23:03:11,869][root][INFO] - Length of data.y: 43
[2024-04-24 23:03:11,976][root][INFO] - x: [-0.0403141   0.02382892  0.86754102]
[2024-04-24 23:03:11,976][root][INFO] - y: [0.00566845 0.02069102]
[2024-04-24 23:03:11,977][root][INFO] - Reward: -0.027542160094802093
[2024-04-24 23:03:11,978][root][INFO] - --------------- Start iteration i=43 ---------------
[2024-04-24 23:03:11,978][root][INFO] - Length of data.x: 44
[2024-04-24 23:03:11,978][root][INFO] - Length of data.y: 44
[2024-04-24 23:03:12,085][root][INFO] - x: [-0.03464564  0.04451994 -0.10341311]
[2024-04-24 23:03:12,085][root][INFO] - y: [ 0.00387805 -0.01406184]
[2024-04-24 23:03:12,085][root][INFO] - Reward: -0.01532304322792286
[2024-04-24 23:03:12,087][root][INFO] - --------------- Start iteration i=44 ---------------
[2024-04-24 23:03:12,087][root][INFO] - Length of data.x: 45
[2024-04-24 23:03:12,087][root][INFO] - Length of data.y: 45
[2024-04-24 23:03:12,193][root][INFO] - x: [-0.0307676  0.0304581  0.4025266]
[2024-04-24 23:03:12,194][root][INFO] - y: [0.00464798 0.00604705]
[2024-04-24 23:03:12,194][root][INFO] - Reward: -0.015910299150770805
[2024-04-24 23:03:12,195][root][INFO] - --------------- Start iteration i=45 ---------------
[2024-04-24 23:03:12,196][root][INFO] - Length of data.x: 46
[2024-04-24 23:03:12,196][root][INFO] - Length of data.y: 46
[2024-04-24 23:03:53,061][root][INFO] - Eval Returns: [-236.51519522 -233.83284944 -233.0263198  -125.08672467 -127.3196672 ]
[2024-04-24 23:03:53,112][root][INFO] - Eval Returns: mean=-191.156 std=53.051
[2024-04-24 23:03:53,112][root][INFO] - Eval ndata: 46.000
[2024-04-24 23:03:53,113][root][INFO] - Model MSE (current real MPC): 0.032
[2024-04-24 23:03:53,720][root][INFO] - Model MSE (random test set): 0.000
[2024-04-24 23:03:53,720][root][INFO] - Model MSE (GT MPC): 0.000
[2024-04-24 23:03:53,720][root][INFO] - Model Likelihood (random test set): -1.847
[2024-04-24 23:03:53,720][root][INFO] - Model Likelihood (GT MPC): -1.843
[2024-04-24 23:03:53,720][root][INFO] - *[TIME] [Evaluate the current MPC policy] Elapsed: 41.42 seconds
[2024-04-24 23:03:57,015][root][INFO] - x: [-0.02611962  0.03650514 -0.01972777]
[2024-04-24 23:03:57,015][root][INFO] - y: [ 0.0035754  -0.00842402]
[2024-04-24 23:03:57,016][root][INFO] - Reward: -0.010064418552949256
[2024-04-24 23:03:58,456][root][INFO] - --------------- Start iteration i=46 ---------------
[2024-04-24 23:03:58,457][root][INFO] - Length of data.x: 47
[2024-04-24 23:03:58,457][root][INFO] - Length of data.y: 47
[2024-04-24 23:03:58,567][root][INFO] - x: [-0.02254422  0.02808112  0.24944743]
[2024-04-24 23:03:58,568][root][INFO] - y: [0.00392172 0.00272001]
[2024-04-24 23:03:58,569][root][INFO] - Reward: -0.009743390298015532
[2024-04-24 23:03:58,571][root][INFO] - --------------- Start iteration i=47 ---------------
[2024-04-24 23:03:58,571][root][INFO] - Length of data.x: 48
[2024-04-24 23:03:58,571][root][INFO] - Length of data.y: 48
[2024-04-24 23:03:58,686][root][INFO] - x: [-0.0186225   0.03080113 -0.33634822]
[2024-04-24 23:03:58,687][root][INFO] - y: [ 0.00161783 -0.01809471]
[2024-04-24 23:03:58,687][root][INFO] - Reward: -0.004339702525962367
[2024-04-24 23:03:58,689][root][INFO] - --------------- Start iteration i=48 ---------------
[2024-04-24 23:03:58,689][root][INFO] - Length of data.x: 49
[2024-04-24 23:03:58,689][root][INFO] - Length of data.y: 49
[2024-04-24 23:03:58,810][root][INFO] - x: [-0.01700467  0.01270642  0.20223312]
[2024-04-24 23:03:58,811][root][INFO] - y: [0.00194605 0.00257784]
[2024-04-24 23:03:58,811][root][INFO] - Reward: -0.003896737397325661
[2024-04-24 23:03:58,813][root][INFO] - --------------- Start iteration i=49 ---------------
[2024-04-24 23:03:58,813][root][INFO] - Length of data.x: 50
[2024-04-24 23:03:58,813][root][INFO] - Length of data.y: 50
[2024-04-24 23:03:58,933][root][INFO] - x: [-0.01505862  0.01528425  0.04684931]
[2024-04-24 23:03:58,934][root][INFO] - y: [ 0.00160525 -0.00267663]
[2024-04-24 23:03:58,934][root][INFO] - Reward: -0.002812403345299152
[2024-04-24 23:03:58,936][root][INFO] - --------------- Start iteration i=50 ---------------
[2024-04-24 23:03:58,936][root][INFO] - Length of data.x: 51
[2024-04-24 23:03:58,936][root][INFO] - Length of data.y: 51
[2024-04-24 23:04:38,254][root][INFO] - Eval Returns: [-238.93885803 -123.28995833 -236.56612705 -125.6249746  -223.65379723]
[2024-04-24 23:04:38,304][root][INFO] - Eval Returns: mean=-189.615 std=53.460
[2024-04-24 23:04:38,304][root][INFO] - Eval ndata: 51.000
[2024-04-24 23:04:38,304][root][INFO] - Model MSE (current real MPC): 0.032
[2024-04-24 23:04:38,913][root][INFO] - Model MSE (random test set): 0.000
[2024-04-24 23:04:38,914][root][INFO] - Model MSE (GT MPC): 0.000
[2024-04-24 23:04:38,914][root][INFO] - Model Likelihood (random test set): -1.847
[2024-04-24 23:04:38,914][root][INFO] - Model Likelihood (GT MPC): -1.843
[2024-04-24 23:04:38,914][root][INFO] - *[TIME] [Evaluate the current MPC policy] Elapsed: 39.86 seconds
