[2024-04-25 19:44:26,543][root][INFO] - Dumper dumping to /tirl/experiments/mpc_frozencartpole_initdata_gpforgetting_2024-04-25/19-44-19/seed_4
[2024-04-25 19:44:26,549][root][INFO] - Start obs: None
[2024-04-25 19:44:52,083][root][INFO] - GT Returns: [-11.24866638 -11.03343292 -11.40443013 -11.17676552 -11.22853725]
[2024-04-25 19:44:52,083][root][INFO] - GT Returns: mean=-11.218 std=0.120
[2024-04-25 19:44:52,083][root][INFO] - Path Lengths: [36345, 36345, 36345, 36345, 36345]
[2024-04-25 19:44:52,083][root][INFO] - Path Lengths: mean=36345.000 std=0.000
[2024-04-25 19:44:52,155][root][INFO] - all_x.shape = (181725, 5)
[2024-04-25 19:44:52,160][root][INFO] - all_x.min(axis=0) = [-0.59668002 -0.93361817 -0.99994947 -0.78592224 -1.        ]
[2024-04-25 19:44:52,165][root][INFO] - all_x.max(axis=0) = [0.86588751 1.46810455 0.99999095 0.89176695 1.        ]
[2024-04-25 19:44:52,169][root][INFO] - all_x.mean(axis=0) = [-0.01857811  0.00030679  0.02204626  0.02387312  0.0229863 ]
[2024-04-25 19:44:52,179][root][INFO] - all_x.var(axis=0) = [0.00539908 0.02782011 0.23661174 0.07414413 0.25223918]
[2024-04-25 19:44:52,258][root][INFO] - --------------- Start iteration i=0 ---------------
[2024-04-25 19:44:52,259][root][INFO] - Length of data.x: 301
[2024-04-25 19:44:52,259][root][INFO] - Length of data.y: 301
[2024-04-25 19:45:21,955][root][INFO] - Eval Returns: [-18.4247534  -21.26130964 -19.84347675 -14.18535936 -20.25270667]
[2024-04-25 19:45:21,964][root][INFO] - Eval Returns: mean=-18.794 std=2.478
[2024-04-25 19:45:21,965][root][INFO] - Eval ndata: 301.000
[2024-04-25 19:45:21,965][root][INFO] - Model MSE (current real MPC): 0.418
[2024-04-25 19:45:23,604][root][INFO] - Model MSE (random test set): 0.003
[2024-04-25 19:45:23,604][root][INFO] - Model MSE (GT MPC): 0.002
[2024-04-25 19:45:23,604][root][INFO] - Model Likelihood (random test set): -3.733
[2024-04-25 19:45:23,604][root][INFO] - Model Likelihood (GT MPC): -3.823
[2024-04-25 19:45:23,604][root][INFO] - *[TIME] [Evaluate the current MPC policy] Elapsed: 31.00 seconds
[2024-04-25 19:46:31,543][root][INFO] - x: [-1.19151514e-03  1.06323526e-03 -9.93497186e-01 -5.98485224e-04
  5.58919533e-01]
[2024-04-25 19:46:31,544][root][INFO] - y: [ 0.00010632  0.04588857 -0.00047626 -0.04788525]
[2024-04-25 19:46:31,544][root][INFO] - Reward: -0.9999900891660675
[2024-04-25 19:46:34,548][root][INFO] - --------------- Start iteration i=1 ---------------
[2024-04-25 19:46:34,548][root][INFO] - Length of data.x: 252
[2024-04-25 19:46:34,548][root][INFO] - Length of data.y: 252
[2024-04-25 19:47:24,601][root][INFO] - x: [-0.00108519  0.04695181 -0.99397345 -0.04848373  0.29542112]
[2024-04-25 19:47:24,602][root][INFO] - y: [ 0.00469518  0.02405946 -0.03858216 -0.0259145 ]
[2024-04-25 19:47:24,602][root][INFO] - Reward: -0.9999902252513646
[2024-04-25 19:47:24,605][root][INFO] - --------------- Start iteration i=2 ---------------
[2024-04-25 19:47:24,605][root][INFO] - Length of data.x: 203
[2024-04-25 19:47:24,605][root][INFO] - Length of data.y: 203
[2024-04-25 19:47:52,000][root][INFO] - x: [ 0.00360999  0.07101127  0.96744439 -0.07439824  0.70600903]
[2024-04-25 19:47:52,000][root][INFO] - y: [ 0.00710113  0.1043406  -0.05920428 -0.09376904]
[2024-04-25 19:47:52,001][root][INFO] - Reward: -0.9999914230792809
[2024-04-25 19:47:52,002][root][INFO] - --------------- Start iteration i=3 ---------------
[2024-04-25 19:47:52,002][root][INFO] - Length of data.x: 154
[2024-04-25 19:47:52,002][root][INFO] - Length of data.y: 154
[2024-04-25 19:47:52,201][root][INFO] - x: [ 0.01071112  0.17535187  0.90824011 -0.16816728  0.08044724]
[2024-04-25 19:47:52,202][root][INFO] - y: [ 0.01753519 -0.01721873 -0.13382337  0.04442631]
[2024-04-25 19:47:52,202][root][INFO] - Reward: -0.9999964058531794
[2024-04-25 19:47:52,203][root][INFO] - --------------- Start iteration i=4 ---------------
[2024-04-25 19:47:52,204][root][INFO] - Length of data.x: 155
[2024-04-25 19:47:52,204][root][INFO] - Length of data.y: 155
[2024-04-25 19:47:52,403][root][INFO] - x: [ 0.0282463   0.15813314  0.77441674 -0.12374097 -0.30295354]
[2024-04-25 19:47:52,403][root][INFO] - y: [ 0.01581331 -0.07579998 -0.09847001  0.12146102]
[2024-04-25 19:47:52,403][root][INFO] - Reward: -0.9999991144205002
[2024-04-25 19:47:52,405][root][INFO] - --------------- Start iteration i=5 ---------------
[2024-04-25 19:47:52,405][root][INFO] - Length of data.x: 156
[2024-04-25 19:47:52,405][root][INFO] - Length of data.y: 156
[2024-04-25 19:47:52,606][root][INFO] - x: [ 0.04405962  0.08233317  0.67594672 -0.00227995 -0.28100288]
[2024-04-25 19:47:52,606][root][INFO] - y: [ 0.00823332 -0.05061497 -0.00181433  0.11015079]
[2024-04-25 19:47:52,606][root][INFO] - Reward: -0.9999997572714244
[2024-04-25 19:47:52,608][root][INFO] - --------------- Start iteration i=6 ---------------
[2024-04-25 19:47:52,608][root][INFO] - Length of data.x: 157
[2024-04-25 19:47:52,608][root][INFO] - Length of data.y: 157
[2024-04-25 19:47:52,818][root][INFO] - x: [ 0.05229293  0.03171819  0.6741324   0.10787085 -0.46496117]
[2024-04-25 19:47:52,818][root][INFO] - y: [ 0.00317182 -0.08067588  0.08584096  0.12583416]
[2024-04-25 19:47:52,819][root][INFO] - Reward: -0.9999998945338479
[2024-04-25 19:47:52,820][root][INFO] - --------------- Start iteration i=7 ---------------
[2024-04-25 19:47:52,820][root][INFO] - Length of data.x: 158
[2024-04-25 19:47:52,820][root][INFO] - Length of data.y: 158
[2024-04-25 19:47:53,033][root][INFO] - x: [ 0.05546475 -0.04895769  0.75997336  0.23370501 -0.31855865]
[2024-04-25 19:47:53,033][root][INFO] - y: [-0.00489577 -0.10589665  0.18597668  0.14441778]
[2024-04-25 19:47:53,034][root][INFO] - Reward: -0.9999993860305254
[2024-04-25 19:47:53,035][root][INFO] - --------------- Start iteration i=8 ---------------
[2024-04-25 19:47:53,036][root][INFO] - Length of data.x: 159
[2024-04-25 19:47:53,036][root][INFO] - Length of data.y: 159
[2024-04-25 19:47:53,243][root][INFO] - x: [ 0.05056898 -0.15485434  0.94595005  0.37812279 -0.41768443]
[2024-04-25 19:47:53,244][root][INFO] - y: [-0.01548543 -0.10854821  0.3009008   0.1235819 ]
[2024-04-25 19:47:53,244][root][INFO] - Reward: -0.9997964969579822
[2024-04-25 19:47:53,246][root][INFO] - --------------- Start iteration i=9 ---------------
[2024-04-25 19:47:53,246][root][INFO] - Length of data.x: 160
[2024-04-25 19:47:53,246][root][INFO] - Length of data.y: 160
[2024-04-25 19:47:53,459][root][INFO] - x: [ 0.03508355 -0.26340254 -0.75314916  0.50170469 -0.36836716]
[2024-04-25 19:47:53,460][root][INFO] - y: [-0.02634025  0.18472971  0.39924423 -0.20065694]
[2024-04-25 19:47:53,460][root][INFO] - Reward: -0.9192850664856588
[2024-04-25 19:47:53,462][root][INFO] - --------------- Start iteration i=10 ---------------
[2024-04-25 19:47:53,462][root][INFO] - Length of data.x: 161
[2024-04-25 19:47:53,462][root][INFO] - Length of data.y: 161
[2024-04-25 19:48:10,387][root][INFO] - Eval Returns: [-22.50753213 -22.21257801 -22.79806117 -21.82683547 -21.59187709]
[2024-04-25 19:48:10,396][root][INFO] - Eval Returns: mean=-22.187 std=0.438
[2024-04-25 19:48:10,397][root][INFO] - Eval ndata: 161.000
[2024-04-25 19:48:10,397][root][INFO] - Model MSE (current real MPC): 0.547
[2024-04-25 19:48:11,837][root][INFO] - Model MSE (random test set): 0.031
[2024-04-25 19:48:11,837][root][INFO] - Model MSE (GT MPC): 0.004
[2024-04-25 19:48:11,837][root][INFO] - Model Likelihood (random test set): -3.739
[2024-04-25 19:48:11,837][root][INFO] - Model Likelihood (GT MPC): -3.734
[2024-04-25 19:48:11,838][root][INFO] - *[TIME] [Evaluate the current MPC policy] Elapsed: 18.15 seconds
[2024-04-25 19:48:16,722][root][INFO] - x: [ 0.0087433  -0.07867283 -0.35390493  0.30104775 -0.62745199]
[2024-04-25 19:48:16,723][root][INFO] - y: [-0.00786728 -0.0004451   0.23956638 -0.08823431]
[2024-04-25 19:48:16,723][root][INFO] - Reward: -0.2872851010240369
[2024-04-25 19:48:19,765][root][INFO] - --------------- Start iteration i=11 ---------------
[2024-04-25 19:48:19,765][root][INFO] - Length of data.x: 162
[2024-04-25 19:48:19,765][root][INFO] - Length of data.y: 162
[2024-04-25 19:48:20,078][root][INFO] - x: [ 0.00087601 -0.07911794 -0.11433855  0.21281344  0.82544734]
[2024-04-25 19:48:20,078][root][INFO] - y: [-0.00791179  0.12831445  0.16935169  0.08560475]
[2024-04-25 19:48:20,079][root][INFO] - Reward: -0.009215771895591862
[2024-04-25 19:48:20,081][root][INFO] - --------------- Start iteration i=12 ---------------
[2024-04-25 19:48:20,081][root][INFO] - Length of data.x: 163
[2024-04-25 19:48:20,081][root][INFO] - Length of data.y: 163
[2024-04-25 19:48:20,405][root][INFO] - x: [-0.00703578  0.04919651  0.05501314  0.29841818 -0.21918941]
[2024-04-25 19:48:20,406][root][INFO] - y: [ 0.00491965 -0.03076659  0.23747384 -0.01342082]
[2024-04-25 19:48:20,406][root][INFO] - Reward: -0.8784481994460067
[2024-04-25 19:48:20,408][root][INFO] - --------------- Start iteration i=13 ---------------
[2024-04-25 19:48:20,408][root][INFO] - Length of data.x: 164
[2024-04-25 19:48:20,409][root][INFO] - Length of data.y: 164
[2024-04-25 19:48:20,726][root][INFO] - x: [-0.00211613  0.01842992  0.29248698  0.28499736  0.39415356]
[2024-04-25 19:48:20,726][root][INFO] - y: [ 0.00184299 -0.02696993  0.22679388  0.06169798]
[2024-04-25 19:48:20,726][root][INFO] - Reward: -0.9977176821475685
[2024-04-25 19:48:20,729][root][INFO] - --------------- Start iteration i=14 ---------------
[2024-04-25 19:48:20,729][root][INFO] - Length of data.x: 165
[2024-04-25 19:48:20,729][root][INFO] - Length of data.y: 165
[2024-04-25 19:48:21,048][root][INFO] - x: [-2.73137866e-04 -8.54000864e-03  5.19280853e-01  3.46695343e-01
  3.08663110e-01]
[2024-04-25 19:48:21,049][root][INFO] - y: [-0.000854   -0.09932167  0.27589161  0.10403227]
[2024-04-25 19:48:21,049][root][INFO] - Reward: -0.999966505998997
[2024-04-25 19:48:21,051][root][INFO] - --------------- Start iteration i=15 ---------------
[2024-04-25 19:48:21,051][root][INFO] - Length of data.x: 166
[2024-04-25 19:48:21,051][root][INFO] - Length of data.y: 166
[2024-04-25 19:48:21,370][root][INFO] - x: [-0.00112714 -0.10786168  0.79517246  0.45072762 -0.06049506]
[2024-04-25 19:48:21,371][root][INFO] - y: [-0.01078617 -0.17617843  0.35867793  0.19986314]
[2024-04-25 19:48:21,371][root][INFO] - Reward: -0.9999899228075128
[2024-04-25 19:48:21,373][root][INFO] - --------------- Start iteration i=16 ---------------
[2024-04-25 19:48:21,374][root][INFO] - Length of data.x: 167
[2024-04-25 19:48:21,374][root][INFO] - Length of data.y: 167
[2024-04-25 19:48:21,693][root][INFO] - x: [-0.01191331 -0.28404011 -0.84614961  0.65059076  0.32713081]
[2024-04-25 19:48:21,693][root][INFO] - y: [-0.02840401  0.30986808  0.51772409 -0.32000949]
[2024-04-25 19:48:21,693][root][INFO] - Reward: -0.9994041373688958
[2024-04-25 19:48:21,696][root][INFO] - --------------- Start iteration i=17 ---------------
[2024-04-25 19:48:21,696][root][INFO] - Length of data.x: 168
[2024-04-25 19:48:21,696][root][INFO] - Length of data.y: 168
[2024-04-25 19:48:22,010][root][INFO] - x: [-0.04031732  0.02582797 -0.32842551  0.33058127  0.13006434]
[2024-04-25 19:48:22,011][root][INFO] - y: [ 0.0025828   0.08649602  0.26306843 -0.03987869]
[2024-04-25 19:48:22,011][root][INFO] - Reward: -0.8644864602876092
[2024-04-25 19:48:22,013][root][INFO] - --------------- Start iteration i=18 ---------------
[2024-04-25 19:48:22,014][root][INFO] - Length of data.x: 169
[2024-04-25 19:48:22,014][root][INFO] - Length of data.y: 169
[2024-04-25 19:48:22,339][root][INFO] - x: [-0.03773452  0.11232399 -0.06535709  0.29070258  1.        ]
[2024-04-25 19:48:22,339][root][INFO] - y: [0.0112324  0.09004137 0.23133395 0.06812847]
[2024-04-25 19:48:22,339][root][INFO] - Reward: -0.05826357142380367
[2024-04-25 19:48:22,342][root][INFO] - --------------- Start iteration i=19 ---------------
[2024-04-25 19:48:22,342][root][INFO] - Length of data.x: 170
[2024-04-25 19:48:22,342][root][INFO] - Length of data.y: 170
[2024-04-25 19:48:22,672][root][INFO] - x: [-0.02650212  0.20236536  0.16597686  0.35883105 -0.55772143]
[2024-04-25 19:48:22,673][root][INFO] - y: [ 0.02023654 -0.10324322  0.28554891 -0.04060738]
[2024-04-25 19:48:22,673][root][INFO] - Reward: -0.9867410443420835
[2024-04-25 19:48:22,676][root][INFO] - --------------- Start iteration i=20 ---------------
[2024-04-25 19:48:22,676][root][INFO] - Length of data.x: 171
[2024-04-25 19:48:22,676][root][INFO] - Length of data.y: 171
[2024-04-25 19:48:42,011][root][INFO] - Eval Returns: [-21.79200144 -19.14857855 -19.634173   -20.48310027 -21.80490492]
[2024-04-25 19:48:42,020][root][INFO] - Eval Returns: mean=-20.573 std=1.088
[2024-04-25 19:48:42,020][root][INFO] - Eval ndata: 171.000
[2024-04-25 19:48:42,020][root][INFO] - Model MSE (current real MPC): 0.453
[2024-04-25 19:48:43,408][root][INFO] - Model MSE (random test set): 0.049
[2024-04-25 19:48:43,409][root][INFO] - Model MSE (GT MPC): 0.003
[2024-04-25 19:48:43,409][root][INFO] - Model Likelihood (random test set): -3.840
[2024-04-25 19:48:43,409][root][INFO] - Model Likelihood (GT MPC): -3.760
[2024-04-25 19:48:43,409][root][INFO] - *[TIME] [Evaluate the current MPC policy] Elapsed: 20.40 seconds
[2024-04-25 19:48:47,310][root][INFO] - x: [-0.00626559  0.09912214  0.45152577  0.31822367  0.36619523]
[2024-04-25 19:48:47,310][root][INFO] - y: [ 0.00991221 -0.07161623  0.25323456  0.08619935]
[2024-04-25 19:48:47,310][root][INFO] - Reward: -0.9999255729095521
[2024-04-25 19:48:49,371][root][INFO] - --------------- Start iteration i=21 ---------------
[2024-04-25 19:48:49,371][root][INFO] - Length of data.x: 172
[2024-04-25 19:48:49,371][root][INFO] - Length of data.y: 172
[2024-04-25 19:48:49,710][root][INFO] - x: [ 0.00364663  0.02750591  0.70476033  0.40442303 -0.43751766]
[2024-04-25 19:48:49,710][root][INFO] - y: [ 0.00275059 -0.21314734  0.32182988  0.2064228 ]
[2024-04-25 19:48:49,711][root][INFO] - Reward: -0.9999896798163551
[2024-04-25 19:48:49,713][root][INFO] - --------------- Start iteration i=22 ---------------
[2024-04-25 19:48:49,713][root][INFO] - Length of data.x: 173
[2024-04-25 19:48:49,713][root][INFO] - Length of data.y: 173
[2024-04-25 19:48:50,062][root][INFO] - x: [ 0.00639722 -0.18564142 -0.9734098   0.61084582  0.09642543]
[2024-04-25 19:48:50,062][root][INFO] - y: [-0.01856414  0.06970812  0.48609605 -0.07765893]
[2024-04-25 19:48:50,062][root][INFO] - Reward: -0.9989039174177506
[2024-04-25 19:48:50,065][root][INFO] - --------------- Start iteration i=23 ---------------
[2024-04-25 19:48:50,065][root][INFO] - Length of data.x: 174
[2024-04-25 19:48:50,065][root][INFO] - Length of data.y: 174
[2024-04-25 19:48:50,411][root][INFO] - x: [-0.01216692 -0.1159333  -0.48731374  0.5331869   0.00668331]
[2024-04-25 19:48:50,412][root][INFO] - y: [-0.01159333  0.2664946   0.42429699 -0.08750334]
[2024-04-25 19:48:50,412][root][INFO] - Reward: -0.6367910017075833
[2024-04-25 19:48:50,415][root][INFO] - --------------- Start iteration i=24 ---------------
[2024-04-25 19:48:50,415][root][INFO] - Length of data.x: 175
[2024-04-25 19:48:50,415][root][INFO] - Length of data.y: 175
[2024-04-25 19:48:50,768][root][INFO] - x: [-0.02376025  0.1505613  -0.06301675  0.44568356  0.47017452]
[2024-04-25 19:48:50,768][root][INFO] - y: [0.01505613 0.08057426 0.35466399 0.05968624]
[2024-04-25 19:48:50,769][root][INFO] - Reward: -0.8081362953224313
[2024-04-25 19:48:50,769][root][INFO] - Explore episode complete with return -21.444312722965606, resetting
[2024-04-25 19:48:50,769][root][INFO] - Exploration Episode Rewards: [-0.9999900891660675, -0.9999902252513646, -0.9999914230792809, -0.9999964058531794, -0.9999991144205002, -0.9999997572714244, -0.9999998945338479, -0.9999993860305254, -0.9997964969579822, -0.9192850664856588, -0.2872851010240369, -0.009215771895591862, -0.8784481994460067, -0.9977176821475685, -0.999966505998997, -0.9999899228075128, -0.9994041373688958, -0.8644864602876092, -0.05826357142380367, -0.9867410443420835, -0.9999255729095521, -0.9999896798163551, -0.9989039174177506, -0.6367910017075833, -0.8081362953224313]
[2024-04-25 19:48:50,771][root][INFO] - --------------- Start iteration i=25 ---------------
[2024-04-25 19:48:50,771][root][INFO] - Length of data.x: 176
[2024-04-25 19:48:50,771][root][INFO] - Length of data.y: 176
[2024-04-25 19:48:51,120][root][INFO] - x: [ 2.13523166e-03  3.48315539e-03  9.98042106e-01 -2.26659411e-04
 -3.66309311e-01]
[2024-04-25 19:48:51,121][root][INFO] - y: [ 0.00034832 -0.05902643 -0.00018037  0.05962958]
[2024-04-25 19:48:51,121][root][INFO] - Reward: -0.9999901339061243
[2024-04-25 19:48:51,124][root][INFO] - --------------- Start iteration i=26 ---------------
[2024-04-25 19:48:51,124][root][INFO] - Length of data.x: 177
[2024-04-25 19:48:51,124][root][INFO] - Length of data.y: 177
[2024-04-25 19:48:51,475][root][INFO] - x: [ 0.00248355 -0.05554328  0.99786174  0.05940292  0.08697516]
[2024-04-25 19:48:51,476][root][INFO] - y: [-0.00555433  0.01437282  0.04727138 -0.01371259]
[2024-04-25 19:48:51,476][root][INFO] - Reward: -0.9999899847124082
[2024-04-25 19:48:51,479][root][INFO] - --------------- Start iteration i=27 ---------------
[2024-04-25 19:48:51,479][root][INFO] - Length of data.x: 178
[2024-04-25 19:48:51,479][root][INFO] - Length of data.y: 178
[2024-04-25 19:48:51,811][root][INFO] - x: [-0.00307078 -0.04117045 -0.95486689  0.04569033 -0.59074038]
[2024-04-25 19:48:51,811][root][INFO] - y: [-0.00411705 -0.03746617  0.03635924  0.02321278]
[2024-04-25 19:48:51,812][root][INFO] - Reward: -0.9999903478248622
[2024-04-25 19:48:51,814][root][INFO] - --------------- Start iteration i=28 ---------------
[2024-04-25 19:48:51,814][root][INFO] - Length of data.x: 179
[2024-04-25 19:48:51,814][root][INFO] - Length of data.y: 179
[2024-04-25 19:48:52,149][root][INFO] - x: [-0.00718783 -0.07863662 -0.91850765  0.06890311 -0.3464866 ]
[2024-04-25 19:48:52,150][root][INFO] - y: [-0.00786366 -0.00984457  0.05483139 -0.01534353]
[2024-04-25 19:48:52,150][root][INFO] - Reward: -0.9999923522710539
[2024-04-25 19:48:52,153][root][INFO] - --------------- Start iteration i=29 ---------------
[2024-04-25 19:48:52,153][root][INFO] - Length of data.x: 180
[2024-04-25 19:48:52,153][root][INFO] - Length of data.y: 180
[2024-04-25 19:48:52,483][root][INFO] - x: [-0.01505149 -0.0884812  -0.86367626  0.05355958 -0.56562629]
[2024-04-25 19:48:52,483][root][INFO] - y: [-0.00884812 -0.01793203  0.04262139 -0.02447029]
[2024-04-25 19:48:52,483][root][INFO] - Reward: -0.9999955089999483
[2024-04-25 19:48:52,486][root][INFO] - --------------- Start iteration i=30 ---------------
[2024-04-25 19:48:52,486][root][INFO] - Length of data.x: 181
[2024-04-25 19:48:52,486][root][INFO] - Length of data.y: 181
[2024-04-25 19:49:09,884][root][INFO] - Eval Returns: [-17.79663539 -18.71447313 -17.87569964 -16.24408647 -15.88579997]
[2024-04-25 19:49:09,892][root][INFO] - Eval Returns: mean=-17.303 std=1.067
[2024-04-25 19:49:09,892][root][INFO] - Eval ndata: 181.000
[2024-04-25 19:49:09,892][root][INFO] - Model MSE (current real MPC): 0.385
[2024-04-25 19:49:11,241][root][INFO] - Model MSE (random test set): 0.011
[2024-04-25 19:49:11,241][root][INFO] - Model MSE (GT MPC): 0.002
[2024-04-25 19:49:11,241][root][INFO] - Model Likelihood (random test set): -3.749
[2024-04-25 19:49:11,241][root][INFO] - Model Likelihood (GT MPC): -3.746
[2024-04-25 19:49:11,241][root][INFO] - *[TIME] [Evaluate the current MPC policy] Elapsed: 18.42 seconds
[2024-04-25 19:49:14,955][root][INFO] - x: [-0.02389961 -0.10641323 -0.82105487  0.02908929 -0.19398838]
[2024-04-25 19:49:14,955][root][INFO] - y: [-0.01064132  0.01147627  0.02314854 -0.06205335]
[2024-04-25 19:49:14,955][root][INFO] - Reward: -0.9999983565035403
[2024-04-25 19:49:16,598][root][INFO] - --------------- Start iteration i=31 ---------------
[2024-04-25 19:49:16,598][root][INFO] - Length of data.x: 182
[2024-04-25 19:49:16,598][root][INFO] - Length of data.y: 182
[2024-04-25 19:49:16,937][root][INFO] - x: [-0.03454093 -0.09493696 -0.79790632 -0.03296406  0.26324263]
[2024-04-25 19:49:16,938][root][INFO] - y: [-0.0094937   0.04267395 -0.02623199 -0.09260014]
[2024-04-25 19:49:16,938][root][INFO] - Reward: -0.999999460596638
[2024-04-25 19:49:16,940][root][INFO] - --------------- Start iteration i=32 ---------------
[2024-04-25 19:49:16,940][root][INFO] - Length of data.x: 183
[2024-04-25 19:49:16,940][root][INFO] - Length of data.y: 183
[2024-04-25 19:49:17,187][root][INFO] - x: [-0.04403463 -0.05226301 -0.82413831 -0.1255642   0.40053284]
[2024-04-25 19:49:17,187][root][INFO] - y: [-0.0052263   0.06145567 -0.0999209  -0.10384839]
[2024-04-25 19:49:17,187][root][INFO] - Reward: -0.9999994513096349
[2024-04-25 19:49:17,190][root][INFO] - --------------- Start iteration i=33 ---------------
[2024-04-25 19:49:17,190][root][INFO] - Length of data.x: 184
[2024-04-25 19:49:17,190][root][INFO] - Length of data.y: 184
[2024-04-25 19:49:17,425][root][INFO] - x: [-0.04926093  0.00919266 -0.92405921 -0.2294126   0.5518974 ]
[2024-04-25 19:49:17,425][root][INFO] - y: [ 0.00091927  0.07372044 -0.18256089 -0.09483899]
[2024-04-25 19:49:17,425][root][INFO] - Reward: -0.9999903044229069
[2024-04-25 19:49:17,427][root][INFO] - --------------- Start iteration i=34 ---------------
[2024-04-25 19:49:17,427][root][INFO] - Length of data.x: 185
[2024-04-25 19:49:17,427][root][INFO] - Length of data.y: 185
[2024-04-25 19:49:17,664][root][INFO] - x: [-0.04834166  0.08291309  0.8933799  -0.32425159  0.84254787]
[2024-04-25 19:49:17,665][root][INFO] - y: [ 0.00829131 -0.00381166 -0.25803142  0.03588117]
[2024-04-25 19:49:17,665][root][INFO] - Reward: -0.9973062528587805
[2024-04-25 19:49:17,667][root][INFO] - --------------- Start iteration i=35 ---------------
[2024-04-25 19:49:17,667][root][INFO] - Length of data.x: 186
[2024-04-25 19:49:17,667][root][INFO] - Length of data.y: 186
[2024-04-25 19:49:17,901][root][INFO] - x: [-0.04005035  0.07910143  0.63534847 -0.28837042  0.55407522]
[2024-04-25 19:49:17,902][root][INFO] - y: [ 0.00791014 -0.06189278 -0.22947807  0.11498699]
[2024-04-25 19:49:17,902][root][INFO] - Reward: -0.858611919508304
[2024-04-25 19:49:17,904][root][INFO] - --------------- Start iteration i=36 ---------------
[2024-04-25 19:49:17,904][root][INFO] - Length of data.x: 187
[2024-04-25 19:49:17,904][root][INFO] - Length of data.y: 187
[2024-04-25 19:49:18,144][root][INFO] - x: [-0.03214021  0.01720865  0.4058704  -0.17338343 -0.80331933]
[2024-04-25 19:49:18,144][root][INFO] - y: [ 0.00172087 -0.05890785 -0.13797426  0.07677013]
[2024-04-25 19:49:18,144][root][INFO] - Reward: -0.38426115034943176
[2024-04-25 19:49:18,146][root][INFO] - --------------- Start iteration i=37 ---------------
[2024-04-25 19:49:18,146][root][INFO] - Length of data.x: 188
[2024-04-25 19:49:18,146][root][INFO] - Length of data.y: 188
[2024-04-25 19:49:18,369][root][INFO] - x: [-0.03041934 -0.04169919  0.26789614 -0.09661329 -0.44678167]
[2024-04-25 19:49:18,370][root][INFO] - y: [-0.00416992 -0.0121788  -0.07688248  0.06511584]
[2024-04-25 19:49:18,370][root][INFO] - Reward: -0.0845234029026466
[2024-04-25 19:49:18,372][root][INFO] - --------------- Start iteration i=38 ---------------
[2024-04-25 19:49:18,372][root][INFO] - Length of data.x: 189
[2024-04-25 19:49:18,372][root][INFO] - Length of data.y: 189
[2024-04-25 19:49:18,601][root][INFO] - x: [-0.03458926 -0.053878    0.19101366 -0.03149746 -0.46830115]
[2024-04-25 19:49:18,601][root][INFO] - y: [-0.0053878  -0.00837937 -0.0250649   0.04853953]
[2024-04-25 19:49:18,602][root][INFO] - Reward: -0.12396166993764512
[2024-04-25 19:49:18,604][root][INFO] - --------------- Start iteration i=39 ---------------
[2024-04-25 19:49:18,604][root][INFO] - Length of data.x: 190
[2024-04-25 19:49:18,604][root][INFO] - Length of data.y: 190
[2024-04-25 19:49:18,824][root][INFO] - x: [-0.03997706 -0.06225737  0.16594876  0.01704207  0.15450958]
[2024-04-25 19:49:18,824][root][INFO] - y: [-0.00622574  0.0335875   0.01356166  0.07803347]
[2024-04-25 19:49:18,824][root][INFO] - Reward: -0.2045195575356491
[2024-04-25 19:49:18,826][root][INFO] - --------------- Start iteration i=40 ---------------
[2024-04-25 19:49:18,826][root][INFO] - Length of data.x: 191
[2024-04-25 19:49:18,826][root][INFO] - Length of data.y: 191
[2024-04-25 19:49:36,747][root][INFO] - Eval Returns: [-17.81485753 -18.63992906 -20.16535438 -19.50623913 -17.48329333]
[2024-04-25 19:49:36,760][root][INFO] - Eval Returns: mean=-18.722 std=1.006
[2024-04-25 19:49:36,760][root][INFO] - Eval ndata: 191.000
[2024-04-25 19:49:36,760][root][INFO] - Model MSE (current real MPC): 0.353
[2024-04-25 19:49:38,389][root][INFO] - Model MSE (random test set): 0.010
[2024-04-25 19:49:38,389][root][INFO] - Model MSE (GT MPC): 0.001
[2024-04-25 19:49:38,389][root][INFO] - Model Likelihood (random test set): -3.743
[2024-04-25 19:49:38,389][root][INFO] - Model Likelihood (GT MPC): -3.735
[2024-04-25 19:49:38,389][root][INFO] - *[TIME] [Evaluate the current MPC policy] Elapsed: 19.34 seconds
[2024-04-25 19:49:42,546][root][INFO] - x: [-0.0462028  -0.02866987  0.17951042  0.09507554  0.01392217]
[2024-04-25 19:49:42,546][root][INFO] - y: [-0.00286699  0.01787753  0.07565877  0.06759978]
[2024-04-25 19:49:42,547][root][INFO] - Reward: -0.25576385268950075
[2024-04-25 19:49:44,625][root][INFO] - --------------- Start iteration i=41 ---------------
[2024-04-25 19:49:44,625][root][INFO] - Length of data.x: 192
[2024-04-25 19:49:44,625][root][INFO] - Length of data.y: 192
[2024-04-25 19:49:44,994][root][INFO] - x: [-0.04906979 -0.01079235  0.25516919  0.16267532  1.        ]
[2024-04-25 19:49:44,994][root][INFO] - y: [-0.00107923  0.06191797  0.12945301  0.11362217]
[2024-04-25 19:49:44,995][root][INFO] - Reward: -0.7071328195152602
[2024-04-25 19:49:44,998][root][INFO] - --------------- Start iteration i=42 ---------------
[2024-04-25 19:49:44,998][root][INFO] - Length of data.x: 193
[2024-04-25 19:49:44,998][root][INFO] - Length of data.y: 193
[2024-04-25 19:49:45,373][root][INFO] - x: [-0.05014902  0.05112562  0.3846222   0.27629748  0.20662214]
[2024-04-25 19:49:45,374][root][INFO] - y: [ 0.00511256 -0.04711093  0.21987073  0.07511444]
[2024-04-25 19:49:45,374][root][INFO] - Reward: -0.9941835814958446
[2024-04-25 19:49:45,378][root][INFO] - --------------- Start iteration i=43 ---------------
[2024-04-25 19:49:45,378][root][INFO] - Length of data.x: 194
[2024-04-25 19:49:45,378][root][INFO] - Length of data.y: 194
[2024-04-25 19:49:45,742][root][INFO] - x: [-0.04503646  0.00401469  0.60449293  0.35141192  0.28318116]
[2024-04-25 19:49:45,742][root][INFO] - y: [ 0.00040147 -0.11103811  0.27964495  0.12875581]
[2024-04-25 19:49:45,743][root][INFO] - Reward: -0.9999864748517249
[2024-04-25 19:49:45,746][root][INFO] - --------------- Start iteration i=44 ---------------
[2024-04-25 19:49:45,746][root][INFO] - Length of data.x: 195
[2024-04-25 19:49:45,746][root][INFO] - Length of data.y: 195
[2024-04-25 19:49:46,114][root][INFO] - x: [-0.04463499 -0.10702342  0.88413788  0.48016773  0.55674268]
[2024-04-25 19:49:46,114][root][INFO] - y: [-0.01070234 -0.08965491  0.38210565  0.11874105]
[2024-04-25 19:49:46,114][root][INFO] - Reward: -0.9999998888956582
[2024-04-25 19:49:46,117][root][INFO] - --------------- Start iteration i=45 ---------------
[2024-04-25 19:49:46,118][root][INFO] - Length of data.x: 196
[2024-04-25 19:49:46,118][root][INFO] - Length of data.y: 196
[2024-04-25 19:49:46,476][root][INFO] - x: [-0.05533733 -0.19667833 -0.73375648  0.59890878  0.34723515]
[2024-04-25 19:49:46,477][root][INFO] - y: [-0.01966783  0.34541227  0.47659685 -0.304356  ]
[2024-04-25 19:49:46,477][root][INFO] - Reward: -0.9999897173888194
[2024-04-25 19:49:46,480][root][INFO] - --------------- Start iteration i=46 ---------------
[2024-04-25 19:49:46,480][root][INFO] - Length of data.x: 197
[2024-04-25 19:49:46,480][root][INFO] - Length of data.y: 197
[2024-04-25 19:49:46,842][root][INFO] - x: [-0.07500517  0.14873394 -0.25715963  0.29455277 -0.38312473]
[2024-04-25 19:49:46,843][root][INFO] - y: [ 0.01487339  0.0240662   0.23439784 -0.05435164]
[2024-04-25 19:49:46,843][root][INFO] - Reward: -0.9638408285361043
[2024-04-25 19:49:46,848][root][INFO] - --------------- Start iteration i=47 ---------------
[2024-04-25 19:49:46,848][root][INFO] - Length of data.x: 198
[2024-04-25 19:49:46,849][root][INFO] - Length of data.y: 198
[2024-04-25 19:49:47,238][root][INFO] - x: [-0.06013177  0.17280015 -0.02276179  0.24020114  0.60020923]
[2024-04-25 19:49:47,239][root][INFO] - y: [0.01728001 0.04709218 0.19114614 0.03995571]
[2024-04-25 19:49:47,239][root][INFO] - Reward: -0.16493610667644176
[2024-04-25 19:49:47,243][root][INFO] - --------------- Start iteration i=48 ---------------
[2024-04-25 19:49:47,243][root][INFO] - Length of data.x: 199
[2024-04-25 19:49:47,243][root][INFO] - Length of data.y: 199
[2024-04-25 19:49:47,641][root][INFO] - x: [-0.04285176  0.21989233  0.16838435  0.28015684  0.21599259]
[2024-04-25 19:49:47,641][root][INFO] - y: [ 0.02198923 -0.01733454  0.22294191  0.034593  ]
[2024-04-25 19:49:47,642][root][INFO] - Reward: -0.8989813143745516
[2024-04-25 19:49:47,645][root][INFO] - --------------- Start iteration i=49 ---------------
[2024-04-25 19:49:47,645][root][INFO] - Length of data.x: 200
[2024-04-25 19:49:47,645][root][INFO] - Length of data.y: 200
[2024-04-25 19:49:48,041][root][INFO] - x: [-0.02086252  0.20255779  0.39132626  0.31474984  0.05071789]
[2024-04-25 19:49:48,042][root][INFO] - y: [ 0.02025578 -0.07869521  0.25047017  0.06618387]
[2024-04-25 19:49:48,042][root][INFO] - Reward: -0.999722471224115
[2024-04-25 19:49:48,043][root][INFO] - Explore episode complete with return -19.637666909287596, resetting
[2024-04-25 19:49:48,043][root][INFO] - Exploration Episode Rewards: [-0.9999901339061243, -0.9999899847124082, -0.9999903478248622, -0.9999923522710539, -0.9999955089999483, -0.9999983565035403, -0.999999460596638, -0.9999994513096349, -0.9999903044229069, -0.9973062528587805, -0.858611919508304, -0.38426115034943176, -0.0845234029026466, -0.12396166993764512, -0.2045195575356491, -0.25576385268950075, -0.7071328195152602, -0.9941835814958446, -0.9999864748517249, -0.9999998888956582, -0.9999897173888194, -0.9638408285361043, -0.16493610667644176, -0.8989813143745516, -0.999722471224115]
[2024-04-25 19:49:48,048][root][INFO] - --------------- Start iteration i=50 ---------------
[2024-04-25 19:49:48,048][root][INFO] - Length of data.x: 201
[2024-04-25 19:49:48,048][root][INFO] - Length of data.y: 201
[2024-04-25 19:50:08,084][root][INFO] - Eval Returns: [-19.17647124 -12.68503088 -10.70775921 -18.26964348 -17.02727449]
[2024-04-25 19:50:08,093][root][INFO] - Eval Returns: mean=-15.573 std=3.298
[2024-04-25 19:50:08,093][root][INFO] - Eval ndata: 201.000
[2024-04-25 19:50:08,093][root][INFO] - Model MSE (current real MPC): 0.384
[2024-04-25 19:50:09,561][root][INFO] - Model MSE (random test set): 0.008
[2024-04-25 19:50:09,561][root][INFO] - Model MSE (GT MPC): 0.001
[2024-04-25 19:50:09,561][root][INFO] - Model Likelihood (random test set): -3.738
[2024-04-25 19:50:09,561][root][INFO] - Model Likelihood (GT MPC): -3.737
[2024-04-25 19:50:09,562][root][INFO] - *[TIME] [Evaluate the current MPC policy] Elapsed: 21.11 seconds
[2024-04-25 19:50:12,917][root][INFO] - x: [-9.15330281e-04 -1.36041213e-03  9.90477133e-01  2.68214321e-04
 -3.65388261e-01]
[2024-04-25 19:50:12,917][root][INFO] - y: [-0.00013604 -0.03095448  0.00021344  0.03387828]
[2024-04-25 19:50:12,918][root][INFO] - Reward: -0.9999900254021887
[2024-04-25 19:50:14,497][root][INFO] - --------------- Start iteration i=51 ---------------
[2024-04-25 19:50:14,498][root][INFO] - Length of data.x: 202
[2024-04-25 19:50:14,498][root][INFO] - Length of data.y: 202
[2024-04-25 19:50:14,889][root][INFO] - x: [-0.00105137 -0.03231489  0.99069057  0.0341465   0.49627461]
[2024-04-25 19:50:14,889][root][INFO] - y: [-0.00323149  0.03842578  0.02717294 -0.0355375 ]
[2024-04-25 19:50:14,890][root][INFO] - Reward: -0.9999903511166441
[2024-04-25 19:50:14,894][root][INFO] - --------------- Start iteration i=52 ---------------
[2024-04-25 19:50:14,894][root][INFO] - Length of data.x: 203
[2024-04-25 19:50:14,894][root][INFO] - Length of data.y: 203
[2024-04-25 19:50:15,297][root][INFO] - x: [-0.00428286  0.00611088 -0.98213649 -0.00139101  0.09791535]
[2024-04-25 19:50:15,298][root][INFO] - y: [ 0.00061109  0.01101461 -0.00110693 -0.0165056 ]
[2024-04-25 19:50:15,298][root][INFO] - Reward: -0.9999902802798571
[2024-04-25 19:50:15,302][root][INFO] - --------------- Start iteration i=53 ---------------
[2024-04-25 19:50:15,302][root][INFO] - Length of data.x: 204
[2024-04-25 19:50:15,302][root][INFO] - Length of data.y: 204
[2024-04-25 19:50:15,695][root][INFO] - x: [-0.00367177  0.0171255  -0.98324342 -0.0178966  -0.45121573]
[2024-04-25 19:50:15,695][root][INFO] - y: [ 0.00171255 -0.03319473 -0.01424168  0.02798141]
[2024-04-25 19:50:15,696][root][INFO] - Reward: -0.9999901138664977
[2024-04-25 19:50:15,699][root][INFO] - --------------- Start iteration i=54 ---------------
[2024-04-25 19:50:15,700][root][INFO] - Length of data.x: 205
[2024-04-25 19:50:15,700][root][INFO] - Length of data.y: 205
[2024-04-25 19:50:16,090][root][INFO] - x: [-0.00195922 -0.01606923 -0.99748509  0.0100848  -0.2254905 ]
[2024-04-25 19:50:16,090][root][INFO] - y: [-0.00160692 -0.01731463  0.00802524  0.01653799]
[2024-04-25 19:50:16,091][root][INFO] - Reward: -0.9999902510492484
[2024-04-25 19:50:16,095][root][INFO] - --------------- Start iteration i=55 ---------------
[2024-04-25 19:50:16,095][root][INFO] - Length of data.x: 206
[2024-04-25 19:50:16,095][root][INFO] - Length of data.y: 206
[2024-04-25 19:50:16,485][root][INFO] - x: [-0.00356615 -0.03338387 -0.98945986  0.0266228   0.4946035 ]
[2024-04-25 19:50:16,486][root][INFO] - y: [-0.00333839  0.04205969  0.02118576 -0.04528796]
[2024-04-25 19:50:16,486][root][INFO] - Reward: -0.9999907926378574
[2024-04-25 19:50:16,490][root][INFO] - --------------- Start iteration i=56 ---------------
[2024-04-25 19:50:16,490][root][INFO] - Length of data.x: 207
[2024-04-25 19:50:16,490][root][INFO] - Length of data.y: 207
[2024-04-25 19:50:16,875][root][INFO] - x: [-0.00690453  0.00867582 -0.96827409 -0.01866517 -0.48098193]
[2024-04-25 19:50:16,875][root][INFO] - y: [ 0.00086758 -0.03253818 -0.01485328  0.02260506]
[2024-04-25 19:50:16,876][root][INFO] - Reward: -0.9999905714854866
[2024-04-25 19:50:16,879][root][INFO] - --------------- Start iteration i=57 ---------------
[2024-04-25 19:50:16,880][root][INFO] - Length of data.x: 208
[2024-04-25 19:50:16,880][root][INFO] - Length of data.y: 208
[2024-04-25 19:50:17,268][root][INFO] - x: [-0.00603695 -0.02386236 -0.98312737  0.0039399  -0.47527966]
[2024-04-25 19:50:17,269][root][INFO] - y: [-0.00238624 -0.03446382  0.00313527  0.02921232]
[2024-04-25 19:50:17,269][root][INFO] - Reward: -0.9999909810282006
[2024-04-25 19:50:17,273][root][INFO] - --------------- Start iteration i=58 ---------------
[2024-04-25 19:50:17,273][root][INFO] - Length of data.x: 209
[2024-04-25 19:50:17,274][root][INFO] - Length of data.y: 209
[2024-04-25 19:50:17,650][root][INFO] - x: [-0.00842319 -0.05832618 -0.9799921   0.03315222 -0.62420012]
[2024-04-25 19:50:17,650][root][INFO] - y: [-0.00583262 -0.04509854  0.02638172  0.03884076]
[2024-04-25 19:50:17,651][root][INFO] - Reward: -0.9999926460062737
[2024-04-25 19:50:17,653][root][INFO] - --------------- Start iteration i=59 ---------------
[2024-04-25 19:50:17,653][root][INFO] - Length of data.x: 210
[2024-04-25 19:50:17,653][root][INFO] - Length of data.y: 210
[2024-04-25 19:50:17,925][root][INFO] - x: [-0.01425581 -0.10342472 -0.95361038  0.07199298 -0.24309326]
[2024-04-25 19:50:17,925][root][INFO] - y: [-0.01034247 -0.00809528  0.05729024 -0.00625158]
[2024-04-25 19:50:17,926][root][INFO] - Reward: -0.9999961089885848
[2024-04-25 19:50:17,931][root][INFO] - --------------- Start iteration i=60 ---------------
[2024-04-25 19:50:17,932][root][INFO] - Length of data.x: 211
[2024-04-25 19:50:17,932][root][INFO] - Length of data.y: 211
[2024-04-25 19:50:39,976][root][INFO] - Eval Returns: [-20.08287753 -16.43311954 -21.34047765 -24.99937314 -13.18068093]
[2024-04-25 19:50:39,985][root][INFO] - Eval Returns: mean=-19.207 std=4.071
[2024-04-25 19:50:39,985][root][INFO] - Eval ndata: 211.000
[2024-04-25 19:50:39,985][root][INFO] - Model MSE (current real MPC): 0.513
[2024-04-25 19:50:41,431][root][INFO] - Model MSE (random test set): 0.009
[2024-04-25 19:50:41,431][root][INFO] - Model MSE (GT MPC): 0.001
[2024-04-25 19:50:41,431][root][INFO] - Model Likelihood (random test set): -3.739
[2024-04-25 19:50:41,431][root][INFO] - Model Likelihood (GT MPC): -3.736
[2024-04-25 19:50:41,431][root][INFO] - *[TIME] [Evaluate the current MPC policy] Elapsed: 23.23 seconds
[2024-04-25 19:50:45,826][root][INFO] - x: [-0.02459828 -0.11152    -0.89632013  0.06574141 -0.206427  ]
[2024-04-25 19:50:45,826][root][INFO] - y: [-0.011152    0.00490589  0.05231539 -0.03607125]
[2024-04-25 19:50:45,827][root][INFO] - Reward: -0.9999986012445038
[2024-04-25 19:50:47,489][root][INFO] - --------------- Start iteration i=61 ---------------
[2024-04-25 19:50:47,489][root][INFO] - Length of data.x: 212
[2024-04-25 19:50:47,489][root][INFO] - Length of data.y: 212
[2024-04-25 19:50:47,847][root][INFO] - x: [-0.03575028 -0.10661411 -0.84400474  0.02967016 -0.15554105]
[2024-04-25 19:50:47,847][root][INFO] - y: [-0.01066141  0.01266892  0.02361078 -0.05739978]
[2024-04-25 19:50:47,848][root][INFO] - Reward: -0.9999996005241358
[2024-04-25 19:50:47,851][root][INFO] - --------------- Start iteration i=62 ---------------
[2024-04-25 19:50:47,851][root][INFO] - Length of data.x: 213
[2024-04-25 19:50:47,851][root][INFO] - Length of data.y: 213
[2024-04-25 19:50:48,211][root][INFO] - x: [-0.04641169 -0.09394519 -0.82039396 -0.02772962  0.02439204]
[2024-04-25 19:50:48,211][root][INFO] - y: [-0.00939452  0.02620053 -0.02206655 -0.07465487]
[2024-04-25 19:50:48,212][root][INFO] - Reward: -0.9999998711831364
[2024-04-25 19:50:48,215][root][INFO] - --------------- Start iteration i=63 ---------------
[2024-04-25 19:50:48,215][root][INFO] - Length of data.x: 214
[2024-04-25 19:50:48,215][root][INFO] - Length of data.y: 214
[2024-04-25 19:50:48,578][root][INFO] - x: [-0.05580621 -0.06774466 -0.84246051 -0.10238449  0.59974615]
[2024-04-25 19:50:48,579][root][INFO] - y: [-0.00677447  0.07148319 -0.08147506 -0.10954725]
[2024-04-25 19:50:48,579][root][INFO] - Reward: -0.9999998770407545
[2024-04-25 19:50:48,583][root][INFO] - --------------- Start iteration i=64 ---------------
[2024-04-25 19:50:48,583][root][INFO] - Length of data.x: 215
[2024-04-25 19:50:48,583][root][INFO] - Length of data.y: 215
[2024-04-25 19:50:48,953][root][INFO] - x: [-0.06258067  0.00373854 -0.92393557 -0.21193175  0.61610711]
[2024-04-25 19:50:48,953][root][INFO] - y: [ 0.00037385  0.07616531 -0.16865006 -0.09724468]
[2024-04-25 19:50:48,953][root][INFO] - Reward: -0.9999968280603643
[2024-04-25 19:50:48,957][root][INFO] - --------------- Start iteration i=65 ---------------
[2024-04-25 19:50:48,957][root][INFO] - Length of data.x: 216
[2024-04-25 19:50:48,957][root][INFO] - Length of data.y: 216
[2024-04-25 19:50:49,324][root][INFO] - x: [-0.06220682  0.07990384  0.90741437 -0.30917642  0.92572861]
[2024-04-25 19:50:49,324][root][INFO] - y: [ 0.00799038  0.01474406 -0.24603498  0.0140375 ]
[2024-04-25 19:50:49,325][root][INFO] - Reward: -0.9982675182130121
[2024-04-25 19:50:49,328][root][INFO] - --------------- Start iteration i=66 ---------------
[2024-04-25 19:50:49,328][root][INFO] - Length of data.x: 217
[2024-04-25 19:50:49,328][root][INFO] - Length of data.y: 217
[2024-04-25 19:50:49,615][root][INFO] - x: [-0.05421643  0.0946479   0.66137939 -0.29513892  0.64954768]
[2024-04-25 19:50:49,615][root][INFO] - y: [ 0.00946479 -0.06087232 -0.23486428  0.11540384]
[2024-04-25 19:50:49,616][root][INFO] - Reward: -0.8446400722205235
[2024-04-25 19:50:49,618][root][INFO] - --------------- Start iteration i=67 ---------------
[2024-04-25 19:50:49,618][root][INFO] - Length of data.x: 218
[2024-04-25 19:50:49,618][root][INFO] - Length of data.y: 218
[2024-04-25 19:50:49,866][root][INFO] - x: [-0.04475164  0.03377558  0.42651511 -0.17973508 -0.63878382]
[2024-04-25 19:50:49,867][root][INFO] - y: [ 0.00337756 -0.05462911 -0.14302875  0.08309475]
[2024-04-25 19:50:49,867][root][INFO] - Reward: -0.34213835427748984
[2024-04-25 19:50:49,869][root][INFO] - --------------- Start iteration i=68 ---------------
[2024-04-25 19:50:49,869][root][INFO] - Length of data.x: 219
[2024-04-25 19:50:49,869][root][INFO] - Length of data.y: 219
[2024-04-25 19:50:50,128][root][INFO] - x: [-0.04137409 -0.02085353  0.28348636 -0.09664033 -0.31064945]
[2024-04-25 19:50:50,129][root][INFO] - y: [-0.00208535 -0.00484294 -0.07690399  0.07329944]
[2024-04-25 19:50:50,129][root][INFO] - Reward: -0.14825854166463814
[2024-04-25 19:50:50,132][root][INFO] - --------------- Start iteration i=69 ---------------
[2024-04-25 19:50:50,132][root][INFO] - Length of data.x: 220
[2024-04-25 19:50:50,132][root][INFO] - Length of data.y: 220
[2024-04-25 19:50:50,403][root][INFO] - x: [-0.04345944 -0.02569647  0.20658237 -0.02334089 -0.62946376]
[2024-04-25 19:50:50,404][root][INFO] - y: [-0.00256965 -0.01810189 -0.01857411  0.04492927]
[2024-04-25 19:50:50,404][root][INFO] - Reward: -0.18939922216908156
[2024-04-25 19:50:50,408][root][INFO] - --------------- Start iteration i=70 ---------------
[2024-04-25 19:50:50,408][root][INFO] - Length of data.x: 221
[2024-04-25 19:50:50,408][root][INFO] - Length of data.y: 221
[2024-04-25 19:51:14,777][root][INFO] - Eval Returns: [-17.2936989  -12.5679567  -17.8481156  -11.03623594 -17.77887339]
[2024-04-25 19:51:14,787][root][INFO] - Eval Returns: mean=-15.305 std=2.907
[2024-04-25 19:51:14,788][root][INFO] - Eval ndata: 221.000
[2024-04-25 19:51:14,788][root][INFO] - Model MSE (current real MPC): 0.352
[2024-04-25 19:51:16,537][root][INFO] - Model MSE (random test set): 0.008
[2024-04-25 19:51:16,538][root][INFO] - Model MSE (GT MPC): 0.001
[2024-04-25 19:51:16,538][root][INFO] - Model Likelihood (random test set): -3.737
[2024-04-25 19:51:16,538][root][INFO] - Model Likelihood (GT MPC): -3.730
[2024-04-25 19:51:16,538][root][INFO] - *[TIME] [Evaluate the current MPC policy] Elapsed: 25.83 seconds
[2024-04-25 19:51:20,374][root][INFO] - x: [-0.04602909 -0.04379837  0.18800826  0.02158838 -1.        ]
[2024-04-25 19:51:20,374][root][INFO] - y: [-0.00437984 -0.04420881  0.0171795   0.01796823]
[2024-04-25 19:51:20,374][root][INFO] - Reward: -0.24484727940988393
[2024-04-25 19:51:22,096][root][INFO] - --------------- Start iteration i=71 ---------------
[2024-04-25 19:51:22,096][root][INFO] - Length of data.x: 222
[2024-04-25 19:51:22,096][root][INFO] - Length of data.y: 222
[2024-04-25 19:51:22,500][root][INFO] - x: [-0.05040892 -0.08800717  0.20518775  0.03955661  0.4000104 ]
[2024-04-25 19:51:22,501][root][INFO] - y: [-0.00880072  0.04956142  0.03147818  0.0986235 ]
[2024-04-25 19:51:22,501][root][INFO] - Reward: -0.37951813161531744
[2024-04-25 19:51:22,506][root][INFO] - --------------- Start iteration i=72 ---------------
[2024-04-25 19:51:22,506][root][INFO] - Length of data.x: 223
[2024-04-25 19:51:22,506][root][INFO] - Length of data.y: 223
[2024-04-25 19:51:22,912][root][INFO] - x: [-0.05920964 -0.03844575  0.23666593  0.13818011  1.        ]
[2024-04-25 19:51:22,913][root][INFO] - y: [-0.00384458  0.07105348  0.10996033  0.11877141]
[2024-04-25 19:51:22,913][root][INFO] - Reward: -0.5964345090357845
[2024-04-25 19:51:22,917][root][INFO] - --------------- Start iteration i=73 ---------------
[2024-04-25 19:51:22,917][root][INFO] - Length of data.x: 224
[2024-04-25 19:51:22,917][root][INFO] - Length of data.y: 224
[2024-04-25 19:51:23,314][root][INFO] - x: [-0.06305422  0.03260772  0.34662626  0.25695152  0.48355388]
[2024-04-25 19:51:23,314][root][INFO] - y: [ 0.00326077 -0.017267    0.20447569  0.07901769]
[2024-04-25 19:51:23,314][root][INFO] - Reward: -0.9792371579626532
[2024-04-25 19:51:23,318][root][INFO] - --------------- Start iteration i=74 ---------------
[2024-04-25 19:51:23,319][root][INFO] - Length of data.x: 225
[2024-04-25 19:51:23,319][root][INFO] - Length of data.y: 225
[2024-04-25 19:51:23,731][root][INFO] - x: [-0.05979344  0.01534073  0.55110194  0.3359692   0.45434371]
[2024-04-25 19:51:23,731][root][INFO] - y: [ 0.00153407 -0.08855547  0.26735601  0.11109297]
[2024-04-25 19:51:23,732][root][INFO] - Reward: -0.9999664998365551
[2024-04-25 19:51:23,732][root][INFO] - Explore episode complete with return -20.722614186318676, resetting
[2024-04-25 19:51:23,733][root][INFO] - Exploration Episode Rewards: [-0.9999900254021887, -0.9999903511166441, -0.9999902802798571, -0.9999901138664977, -0.9999902510492484, -0.9999907926378574, -0.9999905714854866, -0.9999909810282006, -0.9999926460062737, -0.9999961089885848, -0.9999986012445038, -0.9999996005241358, -0.9999998711831364, -0.9999998770407545, -0.9999968280603643, -0.9982675182130121, -0.8446400722205235, -0.34213835427748984, -0.14825854166463814, -0.18939922216908156, -0.24484727940988393, -0.37951813161531744, -0.5964345090357845, -0.9792371579626532, -0.9999664998365551]
[2024-04-25 19:51:23,737][root][INFO] - --------------- Start iteration i=75 ---------------
[2024-04-25 19:51:23,737][root][INFO] - Length of data.x: 226
[2024-04-25 19:51:23,737][root][INFO] - Length of data.y: 226
[2024-04-25 19:51:24,146][root][INFO] - x: [ 2.39041486e-03  2.96104521e-03  9.98279064e-01 -3.08809426e-04
 -9.55424305e-02]
[2024-04-25 19:51:24,147][root][INFO] - y: [ 0.0002961  -0.01565258 -0.00024574  0.01618352]
[2024-04-25 19:51:24,147][root][INFO] - Reward: -0.999990142303067
[2024-04-25 19:51:24,151][root][INFO] - --------------- Start iteration i=76 ---------------
[2024-04-25 19:51:24,151][root][INFO] - Length of data.x: 227
[2024-04-25 19:51:24,151][root][INFO] - Length of data.y: 227
[2024-04-25 19:51:24,564][root][INFO] - x: [ 0.00268652 -0.01269154  0.99803332  0.01587471 -0.09906813]
[2024-04-25 19:51:24,565][root][INFO] - y: [-0.00126915 -0.01601398  0.0126327   0.01662065]
[2024-04-25 19:51:24,565][root][INFO] - Reward: -0.9999900088855268
[2024-04-25 19:51:24,569][root][INFO] - --------------- Start iteration i=77 ---------------
[2024-04-25 19:51:24,570][root][INFO] - Length of data.x: 228
[2024-04-25 19:51:24,570][root][INFO] - Length of data.y: 228
[2024-04-25 19:51:24,974][root][INFO] - x: [ 0.00141737 -0.02870552 -0.98933398  0.03249536 -0.54952749]
[2024-04-25 19:51:24,974][root][INFO] - y: [-0.00287055 -0.08538156  0.02585901  0.08204347]
[2024-04-25 19:51:24,975][root][INFO] - Reward: -0.99998986769807
[2024-04-25 19:51:24,979][root][INFO] - --------------- Start iteration i=78 ---------------
[2024-04-25 19:51:24,979][root][INFO] - Length of data.x: 229
[2024-04-25 19:51:24,979][root][INFO] - Length of data.y: 229
[2024-04-25 19:51:25,396][root][INFO] - x: [-0.00145319 -0.11408708 -0.96347497  0.11453883 -0.06486511]
[2024-04-25 19:51:25,397][root][INFO] - y: [-0.01140871  0.00554754  0.09114718 -0.01675472]
[2024-04-25 19:51:25,397][root][INFO] - Reward: -0.999991515498351
[2024-04-25 19:51:25,401][root][INFO] - --------------- Start iteration i=79 ---------------
[2024-04-25 19:51:25,402][root][INFO] - Length of data.x: 230
[2024-04-25 19:51:25,402][root][INFO] - Length of data.y: 230
[2024-04-25 19:51:25,811][root][INFO] - x: [-0.01286189 -0.10853953 -0.87232779  0.09778411 -0.23229476]
[2024-04-25 19:51:25,812][root][INFO] - y: [-0.01085395  0.00909888  0.07781419 -0.04671675]
[2024-04-25 19:51:25,812][root][INFO] - Reward: -0.9999948710698443
[2024-04-25 19:51:25,816][root][INFO] - --------------- Start iteration i=80 ---------------
[2024-04-25 19:51:25,816][root][INFO] - Length of data.x: 231
[2024-04-25 19:51:25,816][root][INFO] - Length of data.y: 231
[2024-04-25 19:51:52,259][root][INFO] - Eval Returns: [-12.1109653  -17.27349885 -19.29710122 -17.64466522 -15.74102397]
[2024-04-25 19:51:52,270][root][INFO] - Eval Returns: mean=-16.413 std=2.430
[2024-04-25 19:51:52,270][root][INFO] - Eval ndata: 231.000
[2024-04-25 19:51:52,270][root][INFO] - Model MSE (current real MPC): 0.448
[2024-04-25 19:51:53,908][root][INFO] - Model MSE (random test set): 0.007
[2024-04-25 19:51:53,908][root][INFO] - Model MSE (GT MPC): 0.001
[2024-04-25 19:51:53,908][root][INFO] - Model Likelihood (random test set): -3.735
[2024-04-25 19:51:53,908][root][INFO] - Model Likelihood (GT MPC): -3.732
[2024-04-25 19:51:53,908][root][INFO] - *[TIME] [Evaluate the current MPC policy] Elapsed: 27.69 seconds
[2024-04-25 19:51:57,825][root][INFO] - x: [-0.02371585 -0.09944066 -0.7945136   0.05106737 -0.32878269]
[2024-04-25 19:51:57,825][root][INFO] - y: [-0.00994407  0.00489426  0.04063815 -0.06299072]
[2024-04-25 19:51:57,826][root][INFO] - Reward: -0.9999978402798639
[2024-04-25 19:51:59,502][root][INFO] - --------------- Start iteration i=81 ---------------
[2024-04-25 19:51:59,502][root][INFO] - Length of data.x: 232
[2024-04-25 19:51:59,502][root][INFO] - Length of data.y: 232
[2024-04-25 19:51:59,902][root][INFO] - x: [-0.03365991 -0.09454639 -0.75387545 -0.01192335 -0.46760613]
[2024-04-25 19:51:59,902][root][INFO] - y: [-0.00945464 -0.00487008 -0.00948831 -0.06510215]
[2024-04-25 19:51:59,903][root][INFO] - Reward: -0.9999993769744998
[2024-04-25 19:51:59,907][root][INFO] - --------------- Start iteration i=82 ---------------
[2024-04-25 19:51:59,907][root][INFO] - Length of data.x: 233
[2024-04-25 19:51:59,907][root][INFO] - Length of data.y: 233
[2024-04-25 19:52:00,316][root][INFO] - x: [-0.04311455 -0.09941647 -0.76336376 -0.0770255   0.40830987]
[2024-04-25 19:52:00,317][root][INFO] - y: [-0.00994165  0.05462239 -0.061295   -0.10667329]
[2024-04-25 19:52:00,317][root][INFO] - Reward: -0.9999998297324895
[2024-04-25 19:52:00,321][root][INFO] - --------------- Start iteration i=83 ---------------
[2024-04-25 19:52:00,321][root][INFO] - Length of data.x: 234
[2024-04-25 19:52:00,321][root][INFO] - Length of data.y: 234
[2024-04-25 19:52:00,726][root][INFO] - x: [-0.0530562  -0.04479408 -0.82465876 -0.1836988   0.38325176]
[2024-04-25 19:52:00,726][root][INFO] - y: [-0.00447941  0.07226925 -0.14618298 -0.11297833]
[2024-04-25 19:52:00,727][root][INFO] - Reward: -0.9999995656417107
[2024-04-25 19:52:00,731][root][INFO] - --------------- Start iteration i=84 ---------------
[2024-04-25 19:52:00,731][root][INFO] - Length of data.x: 235
[2024-04-25 19:52:00,731][root][INFO] - Length of data.y: 235
[2024-04-25 19:52:01,140][root][INFO] - x: [-0.05753561  0.02747516 -0.97084173 -0.29667713  0.62043881]
[2024-04-25 19:52:01,140][root][INFO] - y: [ 0.00274752  0.0663073  -0.23608835 -0.0750124 ]
[2024-04-25 19:52:01,141][root][INFO] - Reward: -0.9999297219913579
[2024-04-25 19:52:01,145][root][INFO] - --------------- Start iteration i=85 ---------------
[2024-04-25 19:52:01,146][root][INFO] - Length of data.x: 236
[2024-04-25 19:52:01,146][root][INFO] - Length of data.y: 236
[2024-04-25 19:52:01,552][root][INFO] - x: [-0.05478809  0.09378246  0.79306992 -0.37168953  0.72062048]
[2024-04-25 19:52:01,552][root][INFO] - y: [ 0.00937825 -0.08006741 -0.29578137  0.12317241]
[2024-04-25 19:52:01,553][root][INFO] - Reward: -0.9502818063443237
[2024-04-25 19:52:01,557][root][INFO] - --------------- Start iteration i=86 ---------------
[2024-04-25 19:52:01,557][root][INFO] - Length of data.x: 237
[2024-04-25 19:52:01,557][root][INFO] - Length of data.y: 237
[2024-04-25 19:52:01,967][root][INFO] - x: [-0.04540985  0.01371505  0.49728855 -0.24851712  0.23921042]
[2024-04-25 19:52:01,968][root][INFO] - y: [ 0.00137151 -0.04576277 -0.1977638   0.09780656]
[2024-04-25 19:52:01,968][root][INFO] - Reward: -0.39489324324885766
[2024-04-25 19:52:01,972][root][INFO] - --------------- Start iteration i=87 ---------------
[2024-04-25 19:52:01,972][root][INFO] - Length of data.x: 238
[2024-04-25 19:52:01,972][root][INFO] - Length of data.y: 238
[2024-04-25 19:52:02,381][root][INFO] - x: [-0.04403834 -0.03204772  0.29952475 -0.15071056 -0.17373666]
[2024-04-25 19:52:02,382][root][INFO] - y: [-0.00320477 -0.00925001 -0.11993175  0.07391097]
[2024-04-25 19:52:02,382][root][INFO] - Reward: -0.22353266820063322
[2024-04-25 19:52:02,386][root][INFO] - --------------- Start iteration i=88 ---------------
[2024-04-25 19:52:02,387][root][INFO] - Length of data.x: 239
[2024-04-25 19:52:02,387][root][INFO] - Length of data.y: 239
[2024-04-25 19:52:02,799][root][INFO] - x: [-0.04724311 -0.04129773  0.179593   -0.07679959  0.48497067]
[2024-04-25 19:52:02,799][root][INFO] - y: [-0.00412977  0.05236673 -0.06111522  0.09676264]
[2024-04-25 19:52:02,800][root][INFO] - Reward: -0.5094272704484197
[2024-04-25 19:52:02,804][root][INFO] - --------------- Start iteration i=89 ---------------
[2024-04-25 19:52:02,805][root][INFO] - Length of data.x: 240
[2024-04-25 19:52:02,805][root][INFO] - Length of data.y: 240
[2024-04-25 19:52:03,216][root][INFO] - x: [-0.05137289  0.011069    0.11847778  0.01996305 -0.59193073]
[2024-04-25 19:52:03,217][root][INFO] - y: [ 0.0011069  -0.0257455   0.0158861   0.01173015]
[2024-04-25 19:52:03,217][root][INFO] - Reward: -0.42301736285105696
[2024-04-25 19:52:03,222][root][INFO] - --------------- Start iteration i=90 ---------------
[2024-04-25 19:52:03,222][root][INFO] - Length of data.x: 241
[2024-04-25 19:52:03,223][root][INFO] - Length of data.y: 241
[2024-04-25 19:52:29,066][root][INFO] - Eval Returns: [-16.03892718 -18.30470681 -18.38422013 -17.60011532 -18.99563282]
[2024-04-25 19:52:29,067][root][INFO] - Eval Returns: mean=-17.865 std=1.014
[2024-04-25 19:52:29,067][root][INFO] - Eval ndata: 241.000
[2024-04-25 19:52:29,067][root][INFO] - Model MSE (current real MPC): 0.385
[2024-04-25 19:52:30,921][root][INFO] - Model MSE (random test set): 0.007
[2024-04-25 19:52:30,921][root][INFO] - Model MSE (GT MPC): 0.001
[2024-04-25 19:52:30,921][root][INFO] - Model Likelihood (random test set): -3.737
[2024-04-25 19:52:30,921][root][INFO] - Model Likelihood (GT MPC): -3.729
[2024-04-25 19:52:30,921][root][INFO] - *[TIME] [Evaluate the current MPC policy] Elapsed: 27.29 seconds
[2024-04-25 19:52:34,169][root][INFO] - x: [-0.05026599 -0.0146765   0.13436388  0.0316932  -0.54714832]
[2024-04-25 19:52:34,169][root][INFO] - y: [-0.00146765 -0.02010896  0.02522066  0.02188786]
[2024-04-25 19:52:34,170][root][INFO] - Reward: -0.37063182640919445
[2024-04-25 19:52:35,766][root][INFO] - --------------- Start iteration i=91 ---------------
[2024-04-25 19:52:35,766][root][INFO] - Length of data.x: 242
[2024-04-25 19:52:35,766][root][INFO] - Length of data.y: 242
[2024-04-25 19:52:36,140][root][INFO] - x: [-0.05173364 -0.03478546  0.15958455  0.05358106 -1.        ]
[2024-04-25 19:52:36,140][root][INFO] - y: [-0.00347855 -0.04978129  0.04263849  0.00354087]
[2024-04-25 19:52:36,140][root][INFO] - Reward: -0.34109680944763976
[2024-04-25 19:52:36,143][root][INFO] - --------------- Start iteration i=92 ---------------
[2024-04-25 19:52:36,143][root][INFO] - Length of data.x: 243
[2024-04-25 19:52:36,144][root][INFO] - Length of data.y: 243
[2024-04-25 19:52:36,441][root][INFO] - x: [-0.05521218 -0.08456674  0.20222303  0.05712193 -0.01898361]
[2024-04-25 19:52:36,442][root][INFO] - y: [-0.00845667  0.02069902  0.04545623  0.07493439]
[2024-04-25 19:52:36,442][root][INFO] - Reward: -0.456702008605408
[2024-04-25 19:52:36,446][root][INFO] - --------------- Start iteration i=93 ---------------
[2024-04-25 19:52:36,446][root][INFO] - Length of data.x: 244
[2024-04-25 19:52:36,446][root][INFO] - Length of data.y: 244
[2024-04-25 19:52:36,775][root][INFO] - x: [-0.06366886 -0.06386772  0.24767926  0.13205632  1.        ]
[2024-04-25 19:52:36,776][root][INFO] - y: [-0.00638677  0.07109879  0.10508716  0.11956941]
[2024-04-25 19:52:36,777][root][INFO] - Reward: -0.6662344673914953
[2024-04-25 19:52:36,780][root][INFO] - --------------- Start iteration i=94 ---------------
[2024-04-25 19:52:36,780][root][INFO] - Length of data.x: 245
[2024-04-25 19:52:36,780][root][INFO] - Length of data.y: 245
[2024-04-25 19:52:37,124][root][INFO] - x: [-0.07005563  0.00723107  0.35276642  0.25162573  0.4974136 ]
[2024-04-25 19:52:37,125][root][INFO] - y: [ 0.00072311 -0.01471557  0.20023756  0.08131442]
[2024-04-25 19:52:37,125][root][INFO] - Reward: -0.9816190897791801
[2024-04-25 19:52:37,129][root][INFO] - --------------- Start iteration i=95 ---------------
[2024-04-25 19:52:37,129][root][INFO] - Length of data.x: 246
[2024-04-25 19:52:37,129][root][INFO] - Length of data.y: 246
[2024-04-25 19:52:37,444][root][INFO] - x: [-0.06933252 -0.0074845   0.55300398  0.33294015  1.        ]
[2024-04-25 19:52:37,444][root][INFO] - y: [-0.00074845 -0.05903623  0.26494557  0.10662681]
[2024-04-25 19:52:37,444][root][INFO] - Reward: -0.999981374234075
[2024-04-25 19:52:37,447][root][INFO] - --------------- Start iteration i=96 ---------------
[2024-04-25 19:52:37,447][root][INFO] - Length of data.x: 247
[2024-04-25 19:52:37,447][root][INFO] - Length of data.y: 247
[2024-04-25 19:52:37,760][root][INFO] - x: [-0.07008097 -0.06652072  0.81794955  0.43956696  0.59509357]
[2024-04-25 19:52:37,761][root][INFO] - y: [-0.00665207 -0.11483099  0.34979655  0.14970789]
[2024-04-25 19:52:37,761][root][INFO] - Reward: -0.9999999951953656
[2024-04-25 19:52:37,764][root][INFO] - --------------- Start iteration i=97 ---------------
[2024-04-25 19:52:37,764][root][INFO] - Length of data.x: 248
[2024-04-25 19:52:37,764][root][INFO] - Length of data.y: 248
[2024-04-25 19:52:38,064][root][INFO] - x: [-0.07673304 -0.18135171 -0.8322539   0.58927484  0.62429937]
[2024-04-25 19:52:38,065][root][INFO] - y: [-0.01813517  0.29556407  0.4689304  -0.30485135]
[2024-04-25 19:52:38,065][root][INFO] - Reward: -0.999999993442446
[2024-04-25 19:52:38,069][root][INFO] - --------------- Start iteration i=98 ---------------
[2024-04-25 19:52:38,069][root][INFO] - Length of data.x: 249
[2024-04-25 19:52:38,069][root][INFO] - Length of data.y: 249
[2024-04-25 19:52:38,391][root][INFO] - x: [-0.09486821  0.11421235 -0.3633235   0.28442349  0.2794081 ]
[2024-04-25 19:52:38,391][root][INFO] - y: [ 0.01142124  0.07256138  0.22633721 -0.05907768]
[2024-04-25 19:52:38,392][root][INFO] - Reward: -0.9999203625356475
[2024-04-25 19:52:38,395][root][INFO] - --------------- Start iteration i=99 ---------------
[2024-04-25 19:52:38,396][root][INFO] - Length of data.x: 250
[2024-04-25 19:52:38,396][root][INFO] - Length of data.y: 250
[2024-04-25 19:52:38,712][root][INFO] - x: [-0.08344698  0.18677374 -0.1369863   0.22534582 -1.        ]
[2024-04-25 19:52:38,713][root][INFO] - y: [ 0.01867737 -0.06659541  0.17932465 -0.10149148]
[2024-04-25 19:52:38,713][root][INFO] - Reward: -0.9244042850868177
[2024-04-25 19:52:38,713][root][INFO] - Explore episode complete with return -20.241625303295336, resetting
[2024-04-25 19:52:38,713][root][INFO] - Exploration Episode Rewards: [-0.999990142303067, -0.9999900088855268, -0.99998986769807, -0.999991515498351, -0.9999948710698443, -0.9999978402798639, -0.9999993769744998, -0.9999998297324895, -0.9999995656417107, -0.9999297219913579, -0.9502818063443237, -0.39489324324885766, -0.22353266820063322, -0.5094272704484197, -0.42301736285105696, -0.37063182640919445, -0.34109680944763976, -0.456702008605408, -0.6662344673914953, -0.9816190897791801, -0.999981374234075, -0.9999999951953656, -0.999999993442446, -0.9999203625356475, -0.9244042850868177]
[2024-04-25 19:52:38,718][root][INFO] - --------------- Start iteration i=100 ---------------
[2024-04-25 19:52:38,718][root][INFO] - Length of data.x: 251
[2024-04-25 19:52:38,718][root][INFO] - Length of data.y: 251
[2024-04-25 19:53:03,437][root][INFO] - Eval Returns: [-15.91124021 -17.46500566 -18.454827   -17.87241908 -16.89469899]
[2024-04-25 19:53:03,448][root][INFO] - Eval Returns: mean=-17.320 std=0.869
[2024-04-25 19:53:03,448][root][INFO] - Eval ndata: 251.000
[2024-04-25 19:53:03,448][root][INFO] - Model MSE (current real MPC): 0.384
[2024-04-25 19:53:04,956][root][INFO] - Model MSE (random test set): 0.007
[2024-04-25 19:53:04,956][root][INFO] - Model MSE (GT MPC): 0.001
[2024-04-25 19:53:04,956][root][INFO] - Model Likelihood (random test set): -3.734
[2024-04-25 19:53:04,956][root][INFO] - Model Likelihood (GT MPC): -3.731
[2024-04-25 19:53:04,956][root][INFO] - *[TIME] [Evaluate the current MPC policy] Elapsed: 25.92 seconds
[2024-04-25 19:53:09,464][root][INFO] - x: [-1.49278888e-03 -1.22257559e-03 -9.98775870e-01  1.38567317e-04
  2.95805406e-01]
[2024-04-25 19:53:09,464][root][INFO] - y: [-0.00012226  0.02391052  0.00011027 -0.02428824]
[2024-04-25 19:53:09,465][root][INFO] - Reward: -0.9999900971343578
[2024-04-25 19:53:11,296][root][INFO] - --------------- Start iteration i=101 ---------------
[2024-04-25 19:53:11,296][root][INFO] - Length of data.x: 252
[2024-04-25 19:53:11,297][root][INFO] - Length of data.y: 252
[2024-04-25 19:53:11,700][root][INFO] - x: [-0.00161505  0.02268794 -0.9986656  -0.02414967  0.36191459]
[2024-04-25 19:53:11,700][root][INFO] - y: [ 0.00226879  0.02884067 -0.01921771 -0.02925233]
[2024-04-25 19:53:11,701][root][INFO] - Reward: -0.9999900185008318
[2024-04-25 19:53:11,705][root][INFO] - --------------- Start iteration i=102 ---------------
[2024-04-25 19:53:11,705][root][INFO] - Length of data.x: 253
[2024-04-25 19:53:11,705][root][INFO] - Length of data.y: 253
[2024-04-25 19:53:12,117][root][INFO] - x: [ 6.53747799e-04  5.15286147e-02  9.82116685e-01 -5.34020046e-02
 -1.97497589e-01]
[2024-04-25 19:53:12,117][root][INFO] - y: [ 0.00515286 -0.03589979 -0.042496    0.04135757]
[2024-04-25 19:53:12,118][root][INFO] - Reward: -0.9999903520171937
[2024-04-25 19:53:12,122][root][INFO] - --------------- Start iteration i=103 ---------------
[2024-04-25 19:53:12,122][root][INFO] - Length of data.x: 254
[2024-04-25 19:53:12,122][root][INFO] - Length of data.y: 254
[2024-04-25 19:53:12,553][root][INFO] - x: [ 0.00580661  0.01562882  0.93962069 -0.01204444  0.59884316]
[2024-04-25 19:53:12,554][root][INFO] - y: [ 0.00156288  0.08284624 -0.00958466 -0.06284421]
[2024-04-25 19:53:12,555][root][INFO] - Reward: -0.9999906405199086
[2024-04-25 19:53:12,559][root][INFO] - --------------- Start iteration i=104 ---------------
[2024-04-25 19:53:12,560][root][INFO] - Length of data.x: 255
[2024-04-25 19:53:12,560][root][INFO] - Length of data.y: 255
[2024-04-25 19:53:12,999][root][INFO] - x: [ 0.00736949  0.09847506  0.93003602 -0.07488864  0.52481993]
[2024-04-25 19:53:13,000][root][INFO] - y: [ 0.00984751  0.06613735 -0.05959453 -0.0431351 ]
[2024-04-25 19:53:13,000][root][INFO] - Reward: -0.9999934816339636
[2024-04-25 19:53:13,005][root][INFO] - --------------- Start iteration i=105 ---------------
[2024-04-25 19:53:13,005][root][INFO] - Length of data.x: 256
[2024-04-25 19:53:13,005][root][INFO] - Length of data.y: 256
[2024-04-25 19:53:13,434][root][INFO] - x: [ 0.017217    0.16461242  0.87044149 -0.11802374 -0.13135309]
[2024-04-25 19:53:13,435][root][INFO] - y: [ 0.01646124 -0.04875674 -0.09392039  0.08364858]
[2024-04-25 19:53:13,435][root][INFO] - Reward: -0.9999980605506483
[2024-04-25 19:53:13,440][root][INFO] - --------------- Start iteration i=106 ---------------
[2024-04-25 19:53:13,440][root][INFO] - Length of data.x: 257
[2024-04-25 19:53:13,440][root][INFO] - Length of data.y: 257
[2024-04-25 19:53:13,877][root][INFO] - x: [ 0.03367824  0.11585568  0.7765211  -0.03437516 -0.40871233]
[2024-04-25 19:53:13,878][root][INFO] - y: [ 0.01158557 -0.0779404  -0.02735491  0.12292584]
[2024-04-25 19:53:13,878][root][INFO] - Reward: -0.9999995163707337
[2024-04-25 19:53:13,883][root][INFO] - --------------- Start iteration i=107 ---------------
[2024-04-25 19:53:13,883][root][INFO] - Length of data.x: 258
[2024-04-25 19:53:13,883][root][INFO] - Length of data.y: 258
[2024-04-25 19:53:14,323][root][INFO] - x: [ 0.04526381  0.03791528  0.74916619  0.08855068 -0.28141575]
[2024-04-25 19:53:14,323][root][INFO] - y: [ 0.00379153 -0.06410045  0.07046645  0.11482656]
[2024-04-25 19:53:14,324][root][INFO] - Reward: -0.999999715595735
[2024-04-25 19:53:14,328][root][INFO] - --------------- Start iteration i=108 ---------------
[2024-04-25 19:53:14,328][root][INFO] - Length of data.x: 259
[2024-04-25 19:53:14,328][root][INFO] - Length of data.y: 259
[2024-04-25 19:53:14,767][root][INFO] - x: [ 0.04905534 -0.02618517  0.81963264  0.20337724 -0.3698367 ]
[2024-04-25 19:53:14,768][root][INFO] - y: [-0.00261852 -0.10124113  0.16184259  0.13813195]
[2024-04-25 19:53:14,768][root][INFO] - Reward: -0.9999986216926292
[2024-04-25 19:53:14,773][root][INFO] - --------------- Start iteration i=109 ---------------
[2024-04-25 19:53:14,773][root][INFO] - Length of data.x: 260
[2024-04-25 19:53:14,773][root][INFO] - Length of data.y: 260
[2024-04-25 19:53:15,211][root][INFO] - x: [ 0.04643682 -0.1274263   0.98147523  0.34150919 -0.1637206 ]
[2024-04-25 19:53:15,211][root][INFO] - y: [-0.01274263 -0.03767726  0.2717646   0.04332546]
[2024-04-25 19:53:15,211][root][INFO] - Reward: -0.99977266767149
[2024-04-25 19:53:15,216][root][INFO] - --------------- Start iteration i=110 ---------------
[2024-04-25 19:53:15,217][root][INFO] - Length of data.x: 261
[2024-04-25 19:53:15,217][root][INFO] - Length of data.y: 261
[2024-04-25 19:53:44,052][root][INFO] - Eval Returns: [-16.96544005 -19.05407225 -15.97147983 -17.88683968 -18.00196993]
[2024-04-25 19:53:44,062][root][INFO] - Eval Returns: mean=-17.576 std=1.040
[2024-04-25 19:53:44,062][root][INFO] - Eval ndata: 261.000
[2024-04-25 19:53:44,062][root][INFO] - Model MSE (current real MPC): 0.448
[2024-04-25 19:53:45,576][root][INFO] - Model MSE (random test set): 0.007
[2024-04-25 19:53:45,576][root][INFO] - Model MSE (GT MPC): 0.001
[2024-04-25 19:53:45,576][root][INFO] - Model Likelihood (random test set): -3.736
[2024-04-25 19:53:45,576][root][INFO] - Model Likelihood (GT MPC): -3.731
[2024-04-25 19:53:45,576][root][INFO] - *[TIME] [Evaluate the current MPC policy] Elapsed: 29.92 seconds
[2024-04-25 19:53:49,612][root][INFO] - x: [ 0.03369419 -0.16510356 -0.74676017  0.38483465 -0.35794043]
[2024-04-25 19:53:49,612][root][INFO] - y: [-0.01651036  0.10221008  0.30624193 -0.14167512]
[2024-04-25 19:53:49,612][root][INFO] - Reward: -0.9633077152958044
[2024-04-25 19:53:51,528][root][INFO] - --------------- Start iteration i=111 ---------------
[2024-04-25 19:53:51,528][root][INFO] - Length of data.x: 262
[2024-04-25 19:53:51,528][root][INFO] - Length of data.y: 262
[2024-04-25 19:53:51,987][root][INFO] - x: [ 0.01718383 -0.06289348 -0.44051824  0.24315954 -0.51548243]
[2024-04-25 19:53:51,988][root][INFO] - y: [-0.00628935 -0.00321716  0.19350037 -0.09708811]
[2024-04-25 19:53:51,989][root][INFO] - Reward: -0.636310530017788
[2024-04-25 19:53:51,993][root][INFO] - --------------- Start iteration i=112 ---------------
[2024-04-25 19:53:51,993][root][INFO] - Length of data.x: 263
[2024-04-25 19:53:51,993][root][INFO] - Length of data.y: 263
[2024-04-25 19:53:52,416][root][INFO] - x: [ 0.01089448 -0.06611064 -0.24701787  0.14607142  0.05835748]
[2024-04-25 19:53:52,416][root][INFO] - y: [-0.00661106  0.0025945   0.11624004 -0.06693257]
[2024-04-25 19:53:52,417][root][INFO] - Reward: -0.2809212379162913
[2024-04-25 19:53:52,422][root][INFO] - --------------- Start iteration i=113 ---------------
[2024-04-25 19:53:52,422][root][INFO] - Length of data.x: 264
[2024-04-25 19:53:52,422][root][INFO] - Length of data.y: 264
[2024-04-25 19:53:52,832][root][INFO] - x: [ 0.00428342 -0.06351614 -0.13077783  0.07913886  0.06276602]
[2024-04-25 19:53:52,833][root][INFO] - y: [-0.00635161 -0.00617213  0.06297675 -0.0448785 ]
[2024-04-25 19:53:52,833][root][INFO] - Reward: -0.16101906071609673
[2024-04-25 19:53:52,838][root][INFO] - --------------- Start iteration i=114 ---------------
[2024-04-25 19:53:52,838][root][INFO] - Length of data.x: 265
[2024-04-25 19:53:52,838][root][INFO] - Length of data.y: 265
[2024-04-25 19:53:53,257][root][INFO] - x: [-0.00206819 -0.06968827 -0.06780108  0.03426035  0.13468236]
[2024-04-25 19:53:53,258][root][INFO] - y: [-6.96882730e-03  8.55292784e-05  2.72635457e-02 -2.06755084e-02]
[2024-04-25 19:53:53,258][root][INFO] - Reward: -0.19921862241903188
[2024-04-25 19:53:53,263][root][INFO] - --------------- Start iteration i=115 ---------------
[2024-04-25 19:53:53,263][root][INFO] - Length of data.x: 266
[2024-04-25 19:53:53,263][root][INFO] - Length of data.y: 266
[2024-04-25 19:53:53,732][root][INFO] - x: [-0.00903702 -0.06960274 -0.04053753  0.01358485  0.29354456]
[2024-04-25 19:53:53,733][root][INFO] - y: [-0.00696027  0.01704467  0.01081049  0.00443442]
[2024-04-25 19:53:53,733][root][INFO] - Reward: -0.31136630877259996
[2024-04-25 19:53:53,739][root][INFO] - --------------- Start iteration i=116 ---------------
[2024-04-25 19:53:53,739][root][INFO] - Length of data.x: 267
[2024-04-25 19:53:53,739][root][INFO] - Length of data.y: 267
[2024-04-25 19:53:54,222][root][INFO] - x: [-0.0159973  -0.05255807 -0.02972705  0.01801926  0.37391116]
[2024-04-25 19:53:54,223][root][INFO] - y: [-0.00525581  0.02519715  0.01433928  0.01592976]
[2024-04-25 19:53:54,223][root][INFO] - Reward: -0.3729182614277792
[2024-04-25 19:53:54,229][root][INFO] - --------------- Start iteration i=117 ---------------
[2024-04-25 19:53:54,229][root][INFO] - Length of data.x: 268
[2024-04-25 19:53:54,229][root][INFO] - Length of data.y: 268
[2024-04-25 19:53:54,708][root][INFO] - x: [-0.0212531  -0.02736092 -0.01538776  0.03394902  0.04945637]
[2024-04-25 19:53:54,709][root][INFO] - y: [-0.00273609  0.00163166  0.02701579 -0.00311558]
[2024-04-25 19:53:54,709][root][INFO] - Reward: -0.3162195292245068
[2024-04-25 19:53:54,715][root][INFO] - --------------- Start iteration i=118 ---------------
[2024-04-25 19:53:54,715][root][INFO] - Length of data.x: 269
[2024-04-25 19:53:54,715][root][INFO] - Length of data.y: 269
[2024-04-25 19:53:55,206][root][INFO] - x: [-0.02398919 -0.02572926  0.01162803  0.03083344 -0.04948428]
[2024-04-25 19:53:55,207][root][INFO] - y: [-0.00257293 -0.00144754  0.02453649  0.00213993]
[2024-04-25 19:53:55,207][root][INFO] - Reward: -0.26837237576556994
[2024-04-25 19:53:55,213][root][INFO] - --------------- Start iteration i=119 ---------------
[2024-04-25 19:53:55,213][root][INFO] - Length of data.x: 270
[2024-04-25 19:53:55,213][root][INFO] - Length of data.y: 270
[2024-04-25 19:53:55,699][root][INFO] - x: [-0.02656212 -0.02717679  0.03616452  0.03297337 -0.21965684]
[2024-04-25 19:53:55,700][root][INFO] - y: [-0.00271768 -0.01060415  0.02623939  0.00059713]
[2024-04-25 19:53:55,700][root][INFO] - Reward: -0.22014239845665406
[2024-04-25 19:53:55,706][root][INFO] - --------------- Start iteration i=120 ---------------
[2024-04-25 19:53:55,706][root][INFO] - Length of data.x: 271
[2024-04-25 19:53:55,706][root][INFO] - Length of data.y: 271
[2024-04-25 19:54:27,360][root][INFO] - Eval Returns: [-17.64788934 -18.24959376 -13.15107362 -11.62554564 -12.05820592]
[2024-04-25 19:54:27,371][root][INFO] - Eval Returns: mean=-14.546 std=2.829
[2024-04-25 19:54:27,371][root][INFO] - Eval ndata: 271.000
[2024-04-25 19:54:27,371][root][INFO] - Model MSE (current real MPC): 0.320
[2024-04-25 19:54:28,993][root][INFO] - Model MSE (random test set): 0.005
[2024-04-25 19:54:28,994][root][INFO] - Model MSE (GT MPC): 0.001
[2024-04-25 19:54:28,994][root][INFO] - Model Likelihood (random test set): -3.729
[2024-04-25 19:54:28,994][root][INFO] - Model Likelihood (GT MPC): -3.730
[2024-04-25 19:54:28,994][root][INFO] - *[TIME] [Evaluate the current MPC policy] Elapsed: 32.80 seconds
[2024-04-25 19:54:32,564][root][INFO] - x: [-0.0292798  -0.03778094  0.06240391  0.0335705  -0.18605849]
[2024-04-25 19:54:32,565][root][INFO] - y: [-0.00377809 -0.00327745  0.02671458  0.01591411]
[2024-04-25 19:54:32,565][root][INFO] - Reward: -0.1987544338324886
[2024-04-25 19:54:34,527][root][INFO] - --------------- Start iteration i=121 ---------------
[2024-04-25 19:54:34,528][root][INFO] - Length of data.x: 272
[2024-04-25 19:54:34,528][root][INFO] - Length of data.y: 272
[2024-04-25 19:54:34,952][root][INFO] - x: [-0.03305789 -0.04105839  0.08911849  0.04948461 -0.53316956]
[2024-04-25 19:54:34,952][root][INFO] - y: [-0.00410584 -0.02616541  0.03937864  0.00198905]
[2024-04-25 19:54:34,952][root][INFO] - Reward: -0.15335155658274036
[2024-04-25 19:54:34,957][root][INFO] - --------------- Start iteration i=122 ---------------
[2024-04-25 19:54:34,957][root][INFO] - Length of data.x: 273
[2024-04-25 19:54:34,958][root][INFO] - Length of data.y: 273
[2024-04-25 19:54:35,392][root][INFO] - x: [-0.03716373 -0.0672238   0.12849712  0.05147366 -0.32406161]
[2024-04-25 19:54:35,393][root][INFO] - y: [-0.00672238 -0.00469209  0.04096147  0.03425901]
[2024-04-25 19:54:35,393][root][INFO] - Reward: -0.18084718976616043
[2024-04-25 19:54:35,398][root][INFO] - --------------- Start iteration i=123 ---------------
[2024-04-25 19:54:35,398][root][INFO] - Length of data.x: 274
[2024-04-25 19:54:35,398][root][INFO] - Length of data.y: 274
[2024-04-25 19:54:35,820][root][INFO] - x: [-0.04388611 -0.07191589  0.16945859  0.08573267  0.36165241]
[2024-04-25 19:54:35,821][root][INFO] - y: [-0.00719159  0.04352604  0.06822395  0.08734632]
[2024-04-25 19:54:35,821][root][INFO] - Reward: -0.25110323785448196
[2024-04-25 19:54:35,826][root][INFO] - --------------- Start iteration i=124 ---------------
[2024-04-25 19:54:35,827][root][INFO] - Length of data.x: 275
[2024-04-25 19:54:35,827][root][INFO] - Length of data.y: 275
[2024-04-25 19:54:36,321][root][INFO] - x: [-0.0510777  -0.02838985  0.23768254  0.173079   -0.25414281]
[2024-04-25 19:54:36,321][root][INFO] - y: [-0.00283899 -0.01646755  0.137732    0.05461345]
[2024-04-25 19:54:36,322][root][INFO] - Reward: -0.6683589338737117
[2024-04-25 19:54:36,322][root][INFO] - Explore episode complete with return -15.181934563609198, resetting
[2024-04-25 19:54:36,322][root][INFO] - Exploration Episode Rewards: [-0.9999900971343578, -0.9999900185008318, -0.9999903520171937, -0.9999906405199086, -0.9999934816339636, -0.9999980605506483, -0.9999995163707337, -0.999999715595735, -0.9999986216926292, -0.99977266767149, -0.9633077152958044, -0.636310530017788, -0.2809212379162913, -0.16101906071609673, -0.19921862241903188, -0.31136630877259996, -0.3729182614277792, -0.3162195292245068, -0.26837237576556994, -0.22014239845665406, -0.1987544338324886, -0.15335155658274036, -0.18084718976616043, -0.25110323785448196, -0.6683589338737117]
[2024-04-25 19:54:36,328][root][INFO] - --------------- Start iteration i=125 ---------------
[2024-04-25 19:54:36,328][root][INFO] - Length of data.x: 276
[2024-04-25 19:54:36,329][root][INFO] - Length of data.y: 276
[2024-04-25 19:54:36,821][root][INFO] - x: [ 0.00266265  0.0017767   0.99268621 -0.00108324 -0.42853053]
[2024-04-25 19:54:36,822][root][INFO] - y: [ 0.00017767 -0.06992468 -0.00086202  0.0721626 ]
[2024-04-25 19:54:36,822][root][INFO] - Reward: -0.9999901845918527
[2024-04-25 19:54:36,828][root][INFO] - --------------- Start iteration i=126 ---------------
[2024-04-25 19:54:36,829][root][INFO] - Length of data.x: 277
[2024-04-25 19:54:36,829][root][INFO] - Length of data.y: 277
[2024-04-25 19:54:37,302][root][INFO] - x: [ 0.00284032 -0.06814797  0.99182419  0.07107936 -0.31061382]
[2024-04-25 19:54:37,303][root][INFO] - y: [-0.0068148  -0.05029543  0.0565632   0.05280108]
[2024-04-25 19:54:37,303][root][INFO] - Reward: -0.9999901100383777
[2024-04-25 19:54:37,308][root][INFO] - --------------- Start iteration i=127 ---------------
[2024-04-25 19:54:37,309][root][INFO] - Length of data.x: 278
[2024-04-25 19:54:37,309][root][INFO] - Length of data.y: 278
[2024-04-25 19:54:37,739][root][INFO] - x: [-0.00397448 -0.1184434  -0.9516126   0.12388044 -0.14998414]
[2024-04-25 19:54:37,740][root][INFO] - y: [-0.01184434  0.00217178  0.098581   -0.01701727]
[2024-04-25 19:54:37,740][root][INFO] - Reward: -0.9999924470323843
[2024-04-25 19:54:37,745][root][INFO] - --------------- Start iteration i=128 ---------------
[2024-04-25 19:54:37,746][root][INFO] - Length of data.x: 279
[2024-04-25 19:54:37,746][root][INFO] - Length of data.y: 279
[2024-04-25 19:54:38,534][root][INFO] - x: [-0.01581882 -0.11627162 -0.8530316   0.10686317 -0.00094133]
[2024-04-25 19:54:38,534][root][INFO] - y: [-0.01162716  0.02941324  0.08503907 -0.07008007]
[2024-04-25 19:54:38,535][root][INFO] - Reward: -0.9999959387356435
[2024-04-25 19:54:38,540][root][INFO] - --------------- Start iteration i=129 ---------------
[2024-04-25 19:54:38,540][root][INFO] - Length of data.x: 280
[2024-04-25 19:54:38,540][root][INFO] - Length of data.y: 280
[2024-04-25 19:54:38,959][root][INFO] - x: [-0.02744598 -0.08685838 -0.76799253  0.0367831   0.03423604]
[2024-04-25 19:54:38,960][root][INFO] - y: [-0.00868584  0.02744703  0.02927108 -0.08587763]
[2024-04-25 19:54:38,960][root][INFO] - Reward: -0.9999982720147067
[2024-04-25 19:54:38,965][root][INFO] - --------------- Start iteration i=130 ---------------
[2024-04-25 19:54:38,965][root][INFO] - Length of data.x: 281
[2024-04-25 19:54:38,965][root][INFO] - Length of data.y: 281
[2024-04-25 19:55:06,991][root][INFO] - Eval Returns: [-10.60084529 -13.21895482 -20.20924296 -17.19291227 -18.26634966]
[2024-04-25 19:55:07,001][root][INFO] - Eval Returns: mean=-15.898 std=3.496
[2024-04-25 19:55:07,001][root][INFO] - Eval ndata: 281.000
[2024-04-25 19:55:07,001][root][INFO] - Model MSE (current real MPC): 0.384
[2024-04-25 19:55:08,833][root][INFO] - Model MSE (random test set): 0.005
[2024-04-25 19:55:08,833][root][INFO] - Model MSE (GT MPC): 0.001
[2024-04-25 19:55:08,833][root][INFO] - Model Likelihood (random test set): -3.730
[2024-04-25 19:55:08,833][root][INFO] - Model Likelihood (GT MPC): -3.730
[2024-04-25 19:55:08,833][root][INFO] - *[TIME] [Evaluate the current MPC policy] Elapsed: 29.45 seconds
[2024-04-25 19:55:12,046][root][INFO] - x: [-0.03613182 -0.05941135 -0.73872145 -0.04909453 -0.08242566]
[2024-04-25 19:55:12,046][root][INFO] - y: [-0.00594114  0.01997212 -0.03906822 -0.08546752]
[2024-04-25 19:55:12,046][root][INFO] - Reward: -0.9999993087508002
[2024-04-25 19:55:13,776][root][INFO] - --------------- Start iteration i=131 ---------------
[2024-04-25 19:55:13,776][root][INFO] - Length of data.x: 282
[2024-04-25 19:55:13,776][root][INFO] - Length of data.y: 282
[2024-04-25 19:55:14,274][root][INFO] - x: [-0.04207295 -0.03943923 -0.77778967 -0.13456205  0.42860765]
[2024-04-25 19:55:14,274][root][INFO] - y: [-0.00394392  0.06522186 -0.10708117 -0.11308341]
[2024-04-25 19:55:14,275][root][INFO] - Reward: -0.9999994451522854
[2024-04-25 19:55:14,278][root][INFO] - --------------- Start iteration i=132 ---------------
[2024-04-25 19:55:14,278][root][INFO] - Length of data.x: 283
[2024-04-25 19:55:14,278][root][INFO] - Length of data.y: 283
[2024-04-25 19:55:14,629][root][INFO] - x: [-0.04601687  0.02578263 -0.88487084 -0.24764546  0.43667001]
[2024-04-25 19:55:14,630][root][INFO] - y: [ 0.00257826  0.08052382 -0.19707016 -0.11006262]
[2024-04-25 19:55:14,630][root][INFO] - Reward: -0.99999232885377
[2024-04-25 19:55:14,634][root][INFO] - --------------- Start iteration i=133 ---------------
[2024-04-25 19:55:14,634][root][INFO] - Length of data.x: 284
[2024-04-25 19:55:14,634][root][INFO] - Length of data.y: 284
[2024-04-25 19:55:14,994][root][INFO] - x: [-0.04343861  0.10630645  0.91805901 -0.35770808  0.53053928]
[2024-04-25 19:55:14,995][root][INFO] - y: [ 0.01063065 -0.02178184 -0.28465527  0.04606519]
[2024-04-25 19:55:14,995][root][INFO] - Reward: -0.9977301901649271
[2024-04-25 19:55:14,998][root][INFO] - --------------- Start iteration i=134 ---------------
[2024-04-25 19:55:14,999][root][INFO] - Length of data.x: 285
[2024-04-25 19:55:14,999][root][INFO] - Length of data.y: 285
[2024-04-25 19:55:15,339][root][INFO] - x: [-0.03280797  0.08452461  0.63340373 -0.31164289  0.5577841 ]
[2024-04-25 19:55:15,340][root][INFO] - y: [ 0.00845246 -0.07443846 -0.24799773  0.11999317]
[2024-04-25 19:55:15,340][root][INFO] - Reward: -0.8669681189053601
[2024-04-25 19:55:15,344][root][INFO] - --------------- Start iteration i=135 ---------------
[2024-04-25 19:55:15,344][root][INFO] - Length of data.x: 286
[2024-04-25 19:55:15,344][root][INFO] - Length of data.y: 286
[2024-04-25 19:55:15,685][root][INFO] - x: [-0.0243555   0.01008615  0.385406   -0.19164972 -0.08107725]
[2024-04-25 19:55:15,686][root][INFO] - y: [ 0.00100862 -0.02542331 -0.15251012  0.08294859]
[2024-04-25 19:55:15,686][root][INFO] - Reward: -0.3382190485804911
[2024-04-25 19:55:15,690][root][INFO] - --------------- Start iteration i=136 ---------------
[2024-04-25 19:55:15,691][root][INFO] - Length of data.x: 287
[2024-04-25 19:55:15,691][root][INFO] - Length of data.y: 287
[2024-04-25 19:55:16,030][root][INFO] - x: [-0.02334689 -0.01533715  0.23289588 -0.10870113 -0.12867643]
[2024-04-25 19:55:16,031][root][INFO] - y: [-0.00153372  0.00583665 -0.08650168  0.06995107]
[2024-04-25 19:55:16,031][root][INFO] - Reward: -0.03299248131863819
[2024-04-25 19:55:16,035][root][INFO] - --------------- Start iteration i=137 ---------------
[2024-04-25 19:55:16,035][root][INFO] - Length of data.x: 288
[2024-04-25 19:55:16,035][root][INFO] - Length of data.y: 288
[2024-04-25 19:55:16,354][root][INFO] - x: [-0.0248806  -0.0095005   0.1463942  -0.03875006 -0.49671706]
[2024-04-25 19:55:16,354][root][INFO] - y: [-0.00095005 -0.01533688 -0.03083634  0.02984458]
[2024-04-25 19:55:16,354][root][INFO] - Reward: -0.028201145193247013
[2024-04-25 19:55:16,357][root][INFO] - --------------- Start iteration i=138 ---------------
[2024-04-25 19:55:16,358][root][INFO] - Length of data.x: 289
[2024-04-25 19:55:16,358][root][INFO] - Length of data.y: 289
[2024-04-25 19:55:16,674][root][INFO] - x: [-0.02583066 -0.02483738  0.11555787 -0.00890548 -0.50895157]
[2024-04-25 19:55:16,675][root][INFO] - y: [-0.00248374 -0.01933821 -0.00708676  0.01679434]
[2024-04-25 19:55:16,675][root][INFO] - Reward: -0.0621123833675532
[2024-04-25 19:55:16,678][root][INFO] - --------------- Start iteration i=139 ---------------
[2024-04-25 19:55:16,679][root][INFO] - Length of data.x: 290
[2024-04-25 19:55:16,679][root][INFO] - Length of data.y: 290
[2024-04-25 19:55:17,012][root][INFO] - x: [-0.02831439 -0.04417559  0.10847111  0.00788886 -0.07223669]
[2024-04-25 19:55:17,012][root][INFO] - y: [-0.00441756  0.01261106  0.00627776  0.04470576]
[2024-04-25 19:55:17,012][root][INFO] - Reward: -0.1121473472621749
[2024-04-25 19:55:17,017][root][INFO] - --------------- Start iteration i=140 ---------------
[2024-04-25 19:55:17,017][root][INFO] - Length of data.x: 291
[2024-04-25 19:55:17,017][root][INFO] - Length of data.y: 291
[2024-04-25 19:55:46,548][root][INFO] - Eval Returns: [-18.51890461 -10.68722359 -18.52150428 -14.9036728  -16.91353406]
[2024-04-25 19:55:46,558][root][INFO] - Eval Returns: mean=-15.909 std=2.930
[2024-04-25 19:55:46,558][root][INFO] - Eval ndata: 291.000
[2024-04-25 19:55:46,558][root][INFO] - Model MSE (current real MPC): 0.352
[2024-04-25 19:55:48,127][root][INFO] - Model MSE (random test set): 0.005
[2024-04-25 19:55:48,127][root][INFO] - Model MSE (GT MPC): 0.001
[2024-04-25 19:55:48,127][root][INFO] - Model Likelihood (random test set): -3.731
[2024-04-25 19:55:48,127][root][INFO] - Model Likelihood (GT MPC): -3.729
[2024-04-25 19:55:48,128][root][INFO] - *[TIME] [Evaluate the current MPC policy] Elapsed: 30.77 seconds
[2024-04-25 19:55:52,212][root][INFO] - x: [-0.03273195 -0.03156452  0.11474887  0.05259462 -0.78300748]
[2024-04-25 19:55:52,213][root][INFO] - y: [-0.00315645 -0.0410847   0.04185351 -0.00380517]
[2024-04-25 19:55:52,213][root][INFO] - Reward: -0.08246543344525958
[2024-04-25 19:55:54,251][root][INFO] - --------------- Start iteration i=141 ---------------
[2024-04-25 19:55:54,251][root][INFO] - Length of data.x: 292
[2024-04-25 19:55:54,252][root][INFO] - Length of data.y: 292
[2024-04-25 19:55:54,782][root][INFO] - x: [-0.0358884  -0.07264922  0.15660237  0.04878945  0.38451755]
[2024-04-25 19:55:54,783][root][INFO] - y: [-0.00726492  0.04830169  0.03882544  0.08896004]
[2024-04-25 19:55:54,784][root][INFO] - Reward: -0.143621154696138
[2024-04-25 19:55:54,790][root][INFO] - --------------- Start iteration i=142 ---------------
[2024-04-25 19:55:54,790][root][INFO] - Length of data.x: 293
[2024-04-25 19:55:54,790][root][INFO] - Length of data.y: 293
[2024-04-25 19:55:55,299][root][INFO] - x: [-0.04315333 -0.02434753  0.19542782  0.13774949  0.89483445]
[2024-04-25 19:55:55,300][root][INFO] - y: [-0.00243475  0.06948669  0.10961765  0.11337019]
[2024-04-25 19:55:55,304][root][INFO] - Reward: -0.411574086592131
[2024-04-25 19:55:55,310][root][INFO] - --------------- Start iteration i=143 ---------------
[2024-04-25 19:55:55,311][root][INFO] - Length of data.x: 294
[2024-04-25 19:55:55,311][root][INFO] - Length of data.y: 294
[2024-04-25 19:55:55,809][root][INFO] - x: [-0.04558808  0.04513915  0.30504547  0.25111968  1.        ]
[2024-04-25 19:55:55,810][root][INFO] - y: [0.00451392 0.02111394 0.19983485 0.09248849]
[2024-04-25 19:55:55,810][root][INFO] - Reward: -0.9614313093636706
[2024-04-25 19:55:55,816][root][INFO] - --------------- Start iteration i=144 ---------------
[2024-04-25 19:55:55,816][root][INFO] - Length of data.x: 295
[2024-04-25 19:55:55,816][root][INFO] - Length of data.y: 295
[2024-04-25 19:55:56,347][root][INFO] - x: [-0.04107416  0.06625309  0.50488032  0.34360817  0.44452379]
[2024-04-25 19:55:56,348][root][INFO] - y: [ 0.00662531 -0.08968312  0.27343491  0.09956331]
[2024-04-25 19:55:56,348][root][INFO] - Reward: -0.999877396100355
[2024-04-25 19:55:56,355][root][INFO] - --------------- Start iteration i=145 ---------------
[2024-04-25 19:55:56,355][root][INFO] - Length of data.x: 296
[2024-04-25 19:55:56,355][root][INFO] - Length of data.y: 296
[2024-04-25 19:55:56,921][root][INFO] - x: [-0.03444886 -0.02343003  0.77831523  0.44317148  0.21787082]
[2024-04-25 19:55:56,922][root][INFO] - y: [-0.002343   -0.16053754  0.35266494  0.18614753]
[2024-04-25 19:55:56,922][root][INFO] - Reward: -0.9999986759573208
[2024-04-25 19:55:56,931][root][INFO] - --------------- Start iteration i=146 ---------------
[2024-04-25 19:55:56,931][root][INFO] - Length of data.x: 297
[2024-04-25 19:55:56,931][root][INFO] - Length of data.y: 297
[2024-04-25 19:55:57,505][root][INFO] - x: [-0.03679186 -0.18396757 -0.86901983  0.62931901  0.35840408]
[2024-04-25 19:55:57,506][root][INFO] - y: [-0.01839676  0.26535443  0.50079656 -0.28248181]
[2024-04-25 19:55:57,506][root][INFO] - Reward: -0.9999781239618019
[2024-04-25 19:55:57,512][root][INFO] - --------------- Start iteration i=147 ---------------
[2024-04-25 19:55:57,513][root][INFO] - Length of data.x: 298
[2024-04-25 19:55:57,513][root][INFO] - Length of data.y: 298
[2024-04-25 19:55:58,028][root][INFO] - x: [-0.05518862  0.08138686 -0.36822327  0.34683721 -0.02377237]
[2024-04-25 19:55:58,029][root][INFO] - y: [ 0.00813869  0.0933506   0.2760045  -0.05235268]
[2024-04-25 19:55:58,029][root][INFO] - Reward: -0.9631665033321786
[2024-04-25 19:55:58,035][root][INFO] - --------------- Start iteration i=148 ---------------
[2024-04-25 19:55:58,035][root][INFO] - Length of data.x: 299
[2024-04-25 19:55:58,035][root][INFO] - Length of data.y: 299
[2024-04-25 19:55:58,526][root][INFO] - x: [-0.04704993  0.17473746 -0.09221876  0.29448453  0.36288492]
[2024-04-25 19:55:58,526][root][INFO] - y: [0.01747375 0.04505935 0.23434353 0.01512798]
[2024-04-25 19:55:58,527][root][INFO] - Reward: -0.03771104479824017
[2024-04-25 19:55:58,533][root][INFO] - --------------- Start iteration i=149 ---------------
[2024-04-25 19:55:58,533][root][INFO] - Length of data.x: 300
[2024-04-25 19:55:58,533][root][INFO] - Length of data.y: 300
[2024-04-25 19:55:59,033][root][INFO] - x: [-0.02957618  0.21979681  0.14212477  0.30961251  0.09535473]
[2024-04-25 19:55:59,034][root][INFO] - y: [ 0.02197968 -0.0315055   0.24638201  0.01398682]
[2024-04-25 19:55:59,034][root][INFO] - Reward: -0.956917737729818
[2024-04-25 19:55:59,035][root][INFO] - Explore episode complete with return -16.995070215939126, resetting
[2024-04-25 19:55:59,035][root][INFO] - Exploration Episode Rewards: [-0.9999901845918527, -0.9999901100383777, -0.9999924470323843, -0.9999959387356435, -0.9999982720147067, -0.9999993087508002, -0.9999994451522854, -0.99999232885377, -0.9977301901649271, -0.8669681189053601, -0.3382190485804911, -0.03299248131863819, -0.028201145193247013, -0.0621123833675532, -0.1121473472621749, -0.08246543344525958, -0.143621154696138, -0.411574086592131, -0.9614313093636706, -0.999877396100355, -0.9999986759573208, -0.9999781239618019, -0.9631665033321786, -0.03771104479824017, -0.956917737729818]
[2024-04-25 19:55:59,041][root][INFO] - --------------- Start iteration i=150 ---------------
[2024-04-25 19:55:59,041][root][INFO] - Length of data.x: 301
[2024-04-25 19:55:59,041][root][INFO] - Length of data.y: 301
[2024-04-25 19:56:33,907][root][INFO] - Eval Returns: [-16.09321925 -12.44087914 -15.36832673 -17.05956177 -17.90398573]
[2024-04-25 19:56:33,917][root][INFO] - Eval Returns: mean=-15.773 std=1.874
[2024-04-25 19:56:33,917][root][INFO] - Eval ndata: 301.000
[2024-04-25 19:56:33,917][root][INFO] - Model MSE (current real MPC): 0.416
[2024-04-25 19:56:35,491][root][INFO] - Model MSE (random test set): 0.005
[2024-04-25 19:56:35,491][root][INFO] - Model MSE (GT MPC): 0.001
[2024-04-25 19:56:35,491][root][INFO] - Model Likelihood (random test set): -3.731
[2024-04-25 19:56:35,491][root][INFO] - Model Likelihood (GT MPC): -3.730
[2024-04-25 19:56:35,491][root][INFO] - *[TIME] [Evaluate the current MPC policy] Elapsed: 35.94 seconds
[2024-04-25 19:56:38,675][root][INFO] - x: [ 1.09992648e-03 -1.33223019e-04 -9.98310335e-01  2.42733019e-04
 -6.54216324e-01]
[2024-04-25 19:56:38,675][root][INFO] - y: [-1.33223019e-05 -1.04357809e-01  1.93160955e-04  1.03834823e-01]
[2024-04-25 19:56:38,676][root][INFO] - Reward: -0.9999900727437797
[2024-04-25 19:56:40,540][root][INFO] - --------------- Start iteration i=151 ---------------
[2024-04-25 19:56:40,540][root][INFO] - Length of data.x: 302
[2024-04-25 19:56:40,540][root][INFO] - Length of data.y: 302
[2024-04-25 19:56:41,055][root][INFO] - x: [ 0.0010866  -0.10449103 -0.99811717  0.10407756 -0.19334666]
[2024-04-25 19:56:41,055][root][INFO] - y: [-0.0104491  -0.0288182   0.08282235  0.02823659]
[2024-04-25 19:56:41,056][root][INFO] - Reward: -0.9999910490036359
[2024-04-25 19:56:41,062][root][INFO] - --------------- Start iteration i=152 ---------------
[2024-04-25 19:56:41,062][root][INFO] - Length of data.x: 303
[2024-04-25 19:56:41,062][root][INFO] - Length of data.y: 303
[2024-04-25 19:56:41,566][root][INFO] - x: [-0.0093625  -0.13330923 -0.91529482  0.13231414 -0.20192738]
[2024-04-25 19:56:41,566][root][INFO] - y: [-0.01333092  0.00752215  0.10529233 -0.03308219]
[2024-04-25 19:56:41,567][root][INFO] - Reward: -0.9999947669832809
[2024-04-25 19:56:41,573][root][INFO] - --------------- Start iteration i=153 ---------------
[2024-04-25 19:56:41,573][root][INFO] - Length of data.x: 304
[2024-04-25 19:56:41,573][root][INFO] - Length of data.y: 304
[2024-04-25 19:56:42,073][root][INFO] - x: [-0.02269342 -0.12578708 -0.81000249  0.09923196  0.09907262]
[2024-04-25 19:56:42,073][root][INFO] - y: [-0.01257871  0.03836013  0.07896635 -0.08692317]
[2024-04-25 19:56:42,074][root][INFO] - Reward: -0.9999979774712043
[2024-04-25 19:56:42,080][root][INFO] - --------------- Start iteration i=154 ---------------
[2024-04-25 19:56:42,080][root][INFO] - Length of data.x: 305
[2024-04-25 19:56:42,080][root][INFO] - Length of data.y: 305
[2024-04-25 19:56:42,586][root][INFO] - x: [-0.03527213 -0.08742695 -0.73103614  0.01230879  0.32019383]
[2024-04-25 19:56:42,587][root][INFO] - y: [-0.00874269  0.04225275  0.00979503 -0.10149446]
[2024-04-25 19:56:42,587][root][INFO] - Reward: -0.9999993484408645
[2024-04-25 19:56:42,593][root][INFO] - --------------- Start iteration i=155 ---------------
[2024-04-25 19:56:42,593][root][INFO] - Length of data.x: 306
[2024-04-25 19:56:42,593][root][INFO] - Length of data.y: 306
[2024-04-25 19:56:43,097][root][INFO] - x: [-0.04401482 -0.04517419 -0.72124111 -0.08918567  0.2187307 ]
[2024-04-25 19:56:43,098][root][INFO] - y: [-0.00451742  0.04163106 -0.07097176 -0.10208133]
[2024-04-25 19:56:43,099][root][INFO] - Reward: -0.9999997090049423
[2024-04-25 19:56:43,105][root][INFO] - --------------- Start iteration i=156 ---------------
[2024-04-25 19:56:43,105][root][INFO] - Length of data.x: 307
[2024-04-25 19:56:43,105][root][INFO] - Length of data.y: 307
[2024-04-25 19:56:43,615][root][INFO] - x: [-0.04853224 -0.00354313 -0.79221287 -0.19126699  0.41804705]
[2024-04-25 19:56:43,615][root][INFO] - y: [-0.00035431  0.07799591 -0.15220556 -0.12160636]
[2024-04-25 19:56:43,616][root][INFO] - Reward: -0.9999992911795749
[2024-04-25 19:56:43,622][root][INFO] - --------------- Start iteration i=157 ---------------
[2024-04-25 19:56:43,622][root][INFO] - Length of data.x: 308
[2024-04-25 19:56:43,622][root][INFO] - Length of data.y: 308
[2024-04-25 19:56:44,137][root][INFO] - x: [-0.04888656  0.07445278 -0.94441843 -0.31287336  0.42135089]
[2024-04-25 19:56:44,138][root][INFO] - y: [ 0.00744528  0.06689568 -0.24897691 -0.08293879]
[2024-04-25 19:56:44,138][root][INFO] - Reward: -0.9999317223083279
[2024-04-25 19:56:44,144][root][INFO] - --------------- Start iteration i=158 ---------------
[2024-04-25 19:56:44,144][root][INFO] - Length of data.x: 309
[2024-04-25 19:56:44,145][root][INFO] - Length of data.y: 309
[2024-04-25 19:56:44,655][root][INFO] - x: [-0.04144128  0.14134846  0.80660467 -0.39581215  0.7008706 ]
[2024-04-25 19:56:44,656][root][INFO] - y: [ 0.01413485 -0.0903061  -0.31497755  0.13020458]
[2024-04-25 19:56:44,656][root][INFO] - Reward: -0.9722494734782414
[2024-04-25 19:56:44,659][root][INFO] - --------------- Start iteration i=159 ---------------
[2024-04-25 19:56:44,659][root][INFO] - Length of data.x: 310
[2024-04-25 19:56:44,660][root][INFO] - Length of data.y: 310
[2024-04-25 19:56:45,043][root][INFO] - x: [-0.02730643  0.05104236  0.49162711 -0.26560757  0.24518067]
[2024-04-25 19:56:45,043][root][INFO] - y: [ 0.00510424 -0.05341229 -0.21136396  0.09676115]
[2024-04-25 19:56:45,043][root][INFO] - Reward: -0.5696055025978732
[2024-04-25 19:56:45,048][root][INFO] - --------------- Start iteration i=160 ---------------
[2024-04-25 19:56:45,048][root][INFO] - Length of data.x: 311
[2024-04-25 19:56:45,048][root][INFO] - Length of data.y: 311
[2024-04-25 19:57:05,956][root][INFO] - *[TIME] [Evaluate the current MPC policy] Elapsed: 20.55 seconds
