[2024-04-26 11:18:34,544][root][INFO] - Dumper dumping to /tirl/experiments/mpc_rustypendulum_moredata_init_2024-04-26/11-18-29/seed_2
[2024-04-26 11:18:34,550][root][INFO] - Start obs: None
[2024-04-26 11:18:51,985][root][INFO] - GT Returns: [  -1.22772096 -235.80195676   -0.85164448 -122.74631324 -349.22403619]
[2024-04-26 11:18:51,986][root][INFO] - GT Returns: mean=-141.970 std=135.537
[2024-04-26 11:18:51,986][root][INFO] - Path Lengths: [39420, 39420, 39420, 39420, 39420]
[2024-04-26 11:18:51,986][root][INFO] - Path Lengths: mean=39420.000 std=0.000
[2024-04-26 11:18:52,055][root][INFO] - all_x.shape = (197100, 3)
[2024-04-26 11:18:52,060][root][INFO] - all_x.min(axis=0) = [-0.99998578 -1.         -1.        ]
[2024-04-26 11:18:52,066][root][INFO] - all_x.max(axis=0) = [0.99994672 1.         1.        ]
[2024-04-26 11:18:52,069][root][INFO] - all_x.mean(axis=0) = [ 0.00653975 -0.00846936 -0.00530392]
[2024-04-26 11:18:52,078][root][INFO] - all_x.var(axis=0) = [0.09325221 0.08875797 0.24460875]
[2024-04-26 11:18:52,137][root][INFO] - --------------- Start iteration i=0 ---------------
[2024-04-26 11:18:52,137][root][INFO] - Length of data.x: 182
[2024-04-26 11:18:52,137][root][INFO] - Length of data.y: 182
[2024-04-26 11:19:42,868][root][INFO] - Eval Returns: [-234.20332446 -527.47639837 -118.1598566  -126.75087683 -119.18801472]
[2024-04-26 11:19:42,912][root][INFO] - Eval Returns: mean=-225.156 std=157.379
[2024-04-26 11:19:42,912][root][INFO] - Eval ndata: 182.000
[2024-04-26 11:19:42,913][root][INFO] - Model MSE (current real MPC): 0.032
[2024-04-26 11:19:43,517][root][INFO] - Model MSE (random test set): 0.000
[2024-04-26 11:19:43,517][root][INFO] - Model MSE (GT MPC): 0.000
[2024-04-26 11:19:43,517][root][INFO] - Model Likelihood (random test set): -1.850
[2024-04-26 11:19:43,518][root][INFO] - Model Likelihood (GT MPC): -1.841
[2024-04-26 11:19:43,518][root][INFO] - *[TIME] [Evaluate the current MPC policy] Elapsed: 51.27 seconds
[2024-04-26 11:19:45,831][root][INFO] - x: [0.56466403 0.01214008 0.77483673]
[2024-04-26 11:19:45,832][root][INFO] - y: [0.01562421 0.11057215]
[2024-04-26 11:19:45,832][root][INFO] - Reward: -3.4222104312793395
[2024-04-26 11:19:49,751][root][INFO] - --------------- Start iteration i=1 ---------------
[2024-04-26 11:19:49,752][root][INFO] - Length of data.x: 183
[2024-04-26 11:19:49,752][root][INFO] - Length of data.y: 183
[2024-04-26 11:19:49,850][root][INFO] - x: [0.58028824 0.12271223 1.        ]
[2024-04-26 11:19:49,850][root][INFO] - y: [0.02957045 0.10953352]
[2024-04-26 11:19:49,851][root][INFO] - Reward: -4.0199823859593735
[2024-04-26 11:19:49,852][root][INFO] - --------------- Start iteration i=2 ---------------
[2024-04-26 11:19:49,852][root][INFO] - Length of data.x: 184
[2024-04-26 11:19:49,852][root][INFO] - Length of data.y: 184
[2024-04-26 11:19:49,965][root][INFO] - x: [0.60985868 0.23224575 1.        ]
[2024-04-26 11:19:49,965][root][INFO] - y: [0.0431905  0.10697166]
[2024-04-26 11:19:49,965][root][INFO] - Reward: -4.949560462581654
[2024-04-26 11:19:49,967][root][INFO] - --------------- Start iteration i=3 ---------------
[2024-04-26 11:19:49,967][root][INFO] - Length of data.x: 185
[2024-04-26 11:19:49,967][root][INFO] - Length of data.y: 185
[2024-04-26 11:19:50,064][root][INFO] - x: [0.65304918 0.33921741 0.90190937]
[2024-04-26 11:19:50,065][root][INFO] - y: [0.05616103 0.10187032]
[2024-04-26 11:19:50,065][root][INFO] - Reward: -6.212632777626481
[2024-04-26 11:19:50,066][root][INFO] - --------------- Start iteration i=4 ---------------
[2024-04-26 11:19:50,066][root][INFO] - Length of data.x: 186
[2024-04-26 11:19:50,066][root][INFO] - Length of data.y: 186
[2024-04-26 11:19:50,162][root][INFO] - x: [0.70921022 0.44108773 0.43877051]
[2024-04-26 11:19:50,163][root][INFO] - y: [0.06770591 0.09067326]
[2024-04-26 11:19:50,163][root][INFO] - Reward: -7.767776943321212
[2024-04-26 11:19:50,164][root][INFO] - --------------- Start iteration i=5 ---------------
[2024-04-26 11:19:50,164][root][INFO] - Length of data.x: 187
[2024-04-26 11:19:50,164][root][INFO] - Length of data.y: 187
[2024-04-26 11:20:49,491][root][INFO] - Eval Returns: [-365.2246813  -125.04391927 -121.34863474 -502.13129814 -230.33137771]
[2024-04-26 11:20:49,530][root][INFO] - Eval Returns: mean=-268.816 std=146.717
[2024-04-26 11:20:49,531][root][INFO] - Eval ndata: 187.000
[2024-04-26 11:20:49,531][root][INFO] - Model MSE (current real MPC): 0.044
[2024-04-26 11:20:50,128][root][INFO] - Model MSE (random test set): 0.000
[2024-04-26 11:20:50,128][root][INFO] - Model MSE (GT MPC): 0.000
[2024-04-26 11:20:50,129][root][INFO] - Model Likelihood (random test set): -1.849
[2024-04-26 11:20:50,129][root][INFO] - Model Likelihood (GT MPC): -1.841
[2024-04-26 11:20:50,129][root][INFO] - *[TIME] [Evaluate the current MPC policy] Elapsed: 59.87 seconds
[2024-04-26 11:20:54,828][root][INFO] - x: [0.77691613 0.531761   0.5344265 ]
[2024-04-26 11:20:54,828][root][INFO] - y: [0.07779067 0.07920552]
[2024-04-26 11:20:54,829][root][INFO] - Reward: -9.600115390629012
[2024-04-26 11:20:57,258][root][INFO] - --------------- Start iteration i=6 ---------------
[2024-04-26 11:20:57,258][root][INFO] - Length of data.x: 188
[2024-04-26 11:20:57,258][root][INFO] - Length of data.y: 188
[2024-04-26 11:20:57,377][root][INFO] - x: [0.8547068  0.61096651 0.88755243]
[2024-04-26 11:20:57,378][root][INFO] - y: [0.08543925 0.06007182]
[2024-04-26 11:20:57,378][root][INFO] - Reward: -11.608515746423784
[2024-04-26 11:20:57,379][root][INFO] - --------------- Start iteration i=7 ---------------
[2024-04-26 11:20:57,379][root][INFO] - Length of data.x: 189
[2024-04-26 11:20:57,379][root][INFO] - Length of data.y: 189
[2024-04-26 11:20:57,481][root][INFO] - x: [0.94014605 0.67103833 1.        ]
[2024-04-26 11:20:57,482][root][INFO] - y: [0.09005789 0.03627474]
[2024-04-26 11:20:57,482][root][INFO] - Reward: -12.488274150140262
[2024-04-26 11:20:57,484][root][INFO] - --------------- Start iteration i=8 ---------------
[2024-04-26 11:20:57,484][root][INFO] - Length of data.x: 190
[2024-04-26 11:20:57,484][root][INFO] - Length of data.y: 190
[2024-04-26 11:20:57,589][root][INFO] - x: [-0.96979605  0.70731307  0.99661736]
[2024-04-26 11:20:57,590][root][INFO] - y: [0.09368544 0.02849071]
[2024-04-26 11:20:57,590][root][INFO] - Reward: -11.044589770324068
[2024-04-26 11:20:57,592][root][INFO] - --------------- Start iteration i=9 ---------------
[2024-04-26 11:20:57,592][root][INFO] - Length of data.x: 191
[2024-04-26 11:20:57,592][root][INFO] - Length of data.y: 191
[2024-04-26 11:20:57,695][root][INFO] - x: [-0.87611061  0.73580378  0.55227679]
[2024-04-26 11:20:57,695][root][INFO] - y: [ 0.09179293 -0.01486376]
[2024-04-26 11:20:57,695][root][INFO] - Reward: -9.39897801053164
[2024-04-26 11:20:57,697][root][INFO] - --------------- Start iteration i=10 ---------------
[2024-04-26 11:20:57,697][root][INFO] - Length of data.x: 192
[2024-04-26 11:20:57,697][root][INFO] - Length of data.y: 192
[2024-04-26 11:22:00,317][root][INFO] - Eval Returns: [-432.04461951   -1.98026547 -117.09783088 -128.64061055 -125.61768914]
[2024-04-26 11:22:00,360][root][INFO] - Eval Returns: mean=-161.076 std=143.512
[2024-04-26 11:22:00,361][root][INFO] - Eval ndata: 192.000
[2024-04-26 11:22:00,361][root][INFO] - Model MSE (current real MPC): 0.024
[2024-04-26 11:22:00,942][root][INFO] - Model MSE (random test set): 0.000
[2024-04-26 11:22:00,943][root][INFO] - Model MSE (GT MPC): 0.000
[2024-04-26 11:22:00,943][root][INFO] - Model Likelihood (random test set): -1.849
[2024-04-26 11:22:00,943][root][INFO] - Model Likelihood (GT MPC): -1.841
[2024-04-26 11:22:00,943][root][INFO] - *[TIME] [Evaluate the current MPC policy] Elapsed: 63.14 seconds
[2024-04-26 11:22:06,203][root][INFO] - x: [-0.78431768  0.72094001  0.36603728]
[2024-04-26 11:22:06,203][root][INFO] - y: [ 0.08605739 -0.0450468 ]
[2024-04-26 11:22:06,203][root][INFO] - Reward: -7.7363563074092605
[2024-04-26 11:22:08,532][root][INFO] - --------------- Start iteration i=11 ---------------
[2024-04-26 11:22:08,532][root][INFO] - Length of data.x: 193
[2024-04-26 11:22:08,532][root][INFO] - Length of data.y: 193
[2024-04-26 11:22:08,676][root][INFO] - x: [-0.69826029  0.67589322  0.8421475 ]
[2024-04-26 11:22:08,677][root][INFO] - y: [ 0.08038322 -0.04456485]
[2024-04-26 11:22:08,677][root][INFO] - Reward: -6.321659563407012
[2024-04-26 11:22:08,680][root][INFO] - --------------- Start iteration i=12 ---------------
[2024-04-26 11:22:08,680][root][INFO] - Length of data.x: 194
[2024-04-26 11:22:08,680][root][INFO] - Length of data.y: 194
[2024-04-26 11:22:08,824][root][INFO] - x: [-0.61787706  0.63132837  0.49352306]
[2024-04-26 11:22:08,824][root][INFO] - y: [ 0.07161217 -0.06888766]
[2024-04-26 11:22:08,825][root][INFO] - Reward: -4.970690098003346
[2024-04-26 11:22:08,827][root][INFO] - --------------- Start iteration i=13 ---------------
[2024-04-26 11:22:08,827][root][INFO] - Length of data.x: 195
[2024-04-26 11:22:08,827][root][INFO] - Length of data.y: 195
[2024-04-26 11:22:08,970][root][INFO] - x: [-0.54626489  0.56244071  0.86013134]
[2024-04-26 11:22:08,971][root][INFO] - y: [ 0.06390824 -0.06050657]
[2024-04-26 11:22:08,971][root][INFO] - Reward: -3.9117023924339698
[2024-04-26 11:22:08,973][root][INFO] - --------------- Start iteration i=14 ---------------
[2024-04-26 11:22:08,973][root][INFO] - Length of data.x: 196
[2024-04-26 11:22:08,973][root][INFO] - Length of data.y: 196
[2024-04-26 11:22:09,076][root][INFO] - x: [-0.48235665  0.50193414  0.92658187]
[2024-04-26 11:22:09,077][root][INFO] - y: [ 0.05641405 -0.0588592 ]
[2024-04-26 11:22:09,077][root][INFO] - Reward: -3.0504665681416006
[2024-04-26 11:22:09,078][root][INFO] - --------------- Start iteration i=15 ---------------
[2024-04-26 11:22:09,078][root][INFO] - Length of data.x: 197
[2024-04-26 11:22:09,078][root][INFO] - Length of data.y: 197
[2024-04-26 11:23:16,145][root][INFO] - Eval Returns: [-116.55613191 -128.75432936 -123.8762178  -244.72528257 -353.80719527]
[2024-04-26 11:23:16,193][root][INFO] - Eval Returns: mean=-193.544 std=93.040
[2024-04-26 11:23:16,195][root][INFO] - Eval ndata: 197.000
[2024-04-26 11:23:16,195][root][INFO] - Model MSE (current real MPC): 0.032
[2024-04-26 11:23:16,912][root][INFO] - Model MSE (random test set): 0.000
[2024-04-26 11:23:16,912][root][INFO] - Model MSE (GT MPC): 0.000
[2024-04-26 11:23:16,913][root][INFO] - Model Likelihood (random test set): -1.849
[2024-04-26 11:23:16,913][root][INFO] - Model Likelihood (GT MPC): -1.841
[2024-04-26 11:23:16,913][root][INFO] - *[TIME] [Evaluate the current MPC policy] Elapsed: 67.73 seconds
[2024-04-26 11:23:20,058][root][INFO] - x: [-0.4259426   0.44307493  1.        ]
[2024-04-26 11:23:20,059][root][INFO] - y: [ 0.04957369 -0.05372409]
[2024-04-26 11:23:20,059][root][INFO] - Reward: -2.3722667868463385
[2024-04-26 11:23:21,693][root][INFO] - --------------- Start iteration i=16 ---------------
[2024-04-26 11:23:21,694][root][INFO] - Length of data.x: 198
[2024-04-26 11:23:21,694][root][INFO] - Length of data.y: 198
[2024-04-26 11:23:21,859][root][INFO] - x: [-0.37636891  0.38935084  0.97864797]
[2024-04-26 11:23:21,860][root][INFO] - y: [ 0.04319885 -0.0500679 ]
[2024-04-26 11:23:21,861][root][INFO] - Reward: -1.8361024852174914
[2024-04-26 11:23:21,863][root][INFO] - --------------- Start iteration i=17 ---------------
[2024-04-26 11:23:21,864][root][INFO] - Length of data.x: 199
[2024-04-26 11:23:21,864][root][INFO] - Length of data.y: 199
[2024-04-26 11:23:22,029][root][INFO] - x: [-0.33317007  0.33928295  0.92764425]
[2024-04-26 11:23:22,030][root][INFO] - y: [ 0.03729367 -0.04637917]
[2024-04-26 11:23:22,030][root][INFO] - Reward: -1.4165281854790037
[2024-04-26 11:23:22,033][root][INFO] - --------------- Start iteration i=18 ---------------
[2024-04-26 11:23:22,033][root][INFO] - Length of data.x: 200
[2024-04-26 11:23:22,033][root][INFO] - Length of data.y: 200
[2024-04-26 11:23:22,200][root][INFO] - x: [-0.2958764   0.29290378  0.8606571 ]
[2024-04-26 11:23:22,200][root][INFO] - y: [ 0.03183777 -0.04285049]
[2024-04-26 11:23:22,201][root][INFO] - Reward: -1.091206760123247
[2024-04-26 11:23:22,204][root][INFO] - --------------- Start iteration i=19 ---------------
[2024-04-26 11:23:22,204][root][INFO] - Length of data.x: 201
[2024-04-26 11:23:22,204][root][INFO] - Length of data.y: 201
[2024-04-26 11:23:22,371][root][INFO] - x: [-0.26403863  0.25005328  0.9102897 ]
[2024-04-26 11:23:22,371][root][INFO] - y: [ 0.02737969 -0.03501368]
[2024-04-26 11:23:22,372][root][INFO] - Reward: -0.8520349558526293
[2024-04-26 11:23:22,375][root][INFO] - --------------- Start iteration i=20 ---------------
[2024-04-26 11:23:22,375][root][INFO] - Length of data.x: 202
[2024-04-26 11:23:22,375][root][INFO] - Length of data.y: 202
[2024-04-26 11:24:27,584][root][INFO] - Eval Returns: [-366.31131359   -1.68561263 -245.4211909  -238.93239493   -2.33921709]
[2024-04-26 11:24:27,625][root][INFO] - Eval Returns: mean=-170.938 std=145.199
[2024-04-26 11:24:27,625][root][INFO] - Eval ndata: 202.000
[2024-04-26 11:24:27,626][root][INFO] - Model MSE (current real MPC): 0.028
[2024-04-26 11:24:28,229][root][INFO] - Model MSE (random test set): 0.000
[2024-04-26 11:24:28,229][root][INFO] - Model MSE (GT MPC): 0.000
[2024-04-26 11:24:28,229][root][INFO] - Model Likelihood (random test set): -1.850
[2024-04-26 11:24:28,229][root][INFO] - Model Likelihood (GT MPC): -1.841
[2024-04-26 11:24:28,229][root][INFO] - *[TIME] [Evaluate the current MPC policy] Elapsed: 65.68 seconds
[2024-04-26 11:24:31,770][root][INFO] - x: [-0.23665894  0.21503961  0.99222295]
[2024-04-26 11:24:31,770][root][INFO] - y: [ 0.02403781 -0.02624709]
[2024-04-26 11:24:31,770][root][INFO] - Reward: -0.6782333438985636
[2024-04-26 11:24:33,363][root][INFO] - --------------- Start iteration i=21 ---------------
[2024-04-26 11:24:33,363][root][INFO] - Length of data.x: 203
[2024-04-26 11:24:33,363][root][INFO] - Length of data.y: 203
[2024-04-26 11:24:33,518][root][INFO] - x: [-0.21262113  0.18879252  0.96934748]
[2024-04-26 11:24:33,518][root][INFO] - y: [ 0.02127265 -0.02171754]
[2024-04-26 11:24:33,519][root][INFO] - Reward: -0.5437765505894685
[2024-04-26 11:24:33,521][root][INFO] - --------------- Start iteration i=22 ---------------
[2024-04-26 11:24:33,521][root][INFO] - Length of data.x: 204
[2024-04-26 11:24:33,521][root][INFO] - Length of data.y: 204
[2024-04-26 11:24:33,674][root][INFO] - x: [-0.19134848  0.16707498  0.6626938 ]
[2024-04-26 11:24:33,675][root][INFO] - y: [ 0.01768564 -0.02817231]
[2024-04-26 11:24:33,675][root][INFO] - Reward: -0.42289322470129853
[2024-04-26 11:24:33,678][root][INFO] - --------------- Start iteration i=23 ---------------
[2024-04-26 11:24:33,678][root][INFO] - Length of data.x: 205
[2024-04-26 11:24:33,678][root][INFO] - Length of data.y: 205
[2024-04-26 11:24:33,832][root][INFO] - x: [-0.17366285  0.13890267  0.78953432]
[2024-04-26 11:24:33,833][root][INFO] - y: [ 0.01526133 -0.01904048]
[2024-04-26 11:24:33,833][root][INFO] - Reward: -0.3420805602371677
[2024-04-26 11:24:33,835][root][INFO] - --------------- Start iteration i=24 ---------------
[2024-04-26 11:24:33,836][root][INFO] - Length of data.x: 206
[2024-04-26 11:24:33,836][root][INFO] - Length of data.y: 206
[2024-04-26 11:24:33,990][root][INFO] - x: [-0.15840152  0.11986219  0.96193348]
[2024-04-26 11:24:33,990][root][INFO] - y: [ 0.01415631 -0.00867878]
[2024-04-26 11:24:33,990][root][INFO] - Reward: -0.28817017797296646
[2024-04-26 11:24:33,993][root][INFO] - --------------- Start iteration i=25 ---------------
[2024-04-26 11:24:33,993][root][INFO] - Length of data.x: 207
[2024-04-26 11:24:33,993][root][INFO] - Length of data.y: 207
[2024-04-26 11:25:40,434][root][INFO] - Eval Returns: [-123.39750625 -363.05397909 -122.08332093 -346.91461092 -121.48695858]
[2024-04-26 11:25:40,475][root][INFO] - Eval Returns: mean=-215.387 std=114.096
[2024-04-26 11:25:40,475][root][INFO] - Eval ndata: 207.000
[2024-04-26 11:25:40,476][root][INFO] - Model MSE (current real MPC): 0.036
[2024-04-26 11:25:41,083][root][INFO] - Model MSE (random test set): 0.000
[2024-04-26 11:25:41,083][root][INFO] - Model MSE (GT MPC): 0.000
[2024-04-26 11:25:41,084][root][INFO] - Model Likelihood (random test set): -1.850
[2024-04-26 11:25:41,084][root][INFO] - Model Likelihood (GT MPC): -1.841
[2024-04-26 11:25:41,084][root][INFO] - *[TIME] [Evaluate the current MPC policy] Elapsed: 66.94 seconds
[2024-04-26 11:25:44,358][root][INFO] - x: [-0.14424521  0.11118341  0.51805845]
[2024-04-26 11:25:44,358][root][INFO] - y: [ 0.0114039  -0.02161735]
[2024-04-26 11:25:44,359][root][INFO] - Reward: -0.22658190089398672
[2024-04-26 11:25:45,934][root][INFO] - --------------- Start iteration i=26 ---------------
[2024-04-26 11:25:45,934][root][INFO] - Length of data.x: 208
[2024-04-26 11:25:45,934][root][INFO] - Length of data.y: 208
[2024-04-26 11:25:46,108][root][INFO] - x: [-0.1328413   0.08956605  0.63742952]
[2024-04-26 11:25:46,108][root][INFO] - y: [ 0.00960921 -0.01409552]
[2024-04-26 11:25:46,109][root][INFO] - Reward: -0.18795969304056093
[2024-04-26 11:25:46,112][root][INFO] - --------------- Start iteration i=27 ---------------
[2024-04-26 11:25:46,112][root][INFO] - Length of data.x: 209
[2024-04-26 11:25:46,112][root][INFO] - Length of data.y: 209
[2024-04-26 11:25:46,288][root][INFO] - x: [-0.1232321   0.07547053  0.87810189]
[2024-04-26 11:25:46,288][root][INFO] - y: [ 0.00929521 -0.00246615]
[2024-04-26 11:25:46,289][root][INFO] - Reward: -0.16531736258032093
[2024-04-26 11:25:46,291][root][INFO] - --------------- Start iteration i=28 ---------------
[2024-04-26 11:25:46,292][root][INFO] - Length of data.x: 210
[2024-04-26 11:25:46,292][root][INFO] - Length of data.y: 210
[2024-04-26 11:25:46,470][root][INFO] - x: [-0.11393689  0.07300438  0.45514688]
[2024-04-26 11:25:46,471][root][INFO] - y: [ 0.00728639 -0.01577718]
[2024-04-26 11:25:46,471][root][INFO] - Reward: -0.13404846507096696
[2024-04-26 11:25:46,474][root][INFO] - --------------- Start iteration i=29 ---------------
[2024-04-26 11:25:46,474][root][INFO] - Length of data.x: 211
[2024-04-26 11:25:46,474][root][INFO] - Length of data.y: 211
[2024-04-26 11:25:46,651][root][INFO] - x: [-0.1066505   0.05722721  0.82557208]
[2024-04-26 11:25:46,652][root][INFO] - y: [0.00730323 0.0001322 ]
[2024-04-26 11:25:46,652][root][INFO] - Reward: -0.12119474673815239
[2024-04-26 11:25:46,655][root][INFO] - --------------- Start iteration i=30 ---------------
[2024-04-26 11:25:46,655][root][INFO] - Length of data.x: 212
[2024-04-26 11:25:46,656][root][INFO] - Length of data.y: 212
[2024-04-26 11:26:52,554][root][INFO] - Eval Returns: [-125.85157227 -126.95430685 -116.43629863 -129.68631548   -2.92977707]
[2024-04-26 11:26:52,596][root][INFO] - Eval Returns: mean=-100.372 std=48.925
[2024-04-26 11:26:52,596][root][INFO] - Eval ndata: 212.000
[2024-04-26 11:26:52,597][root][INFO] - Model MSE (current real MPC): 0.016
[2024-04-26 11:26:53,206][root][INFO] - Model MSE (random test set): 0.000
[2024-04-26 11:26:53,206][root][INFO] - Model MSE (GT MPC): 0.000
[2024-04-26 11:26:53,211][root][INFO] - Model Likelihood (random test set): -1.850
[2024-04-26 11:26:53,211][root][INFO] - Model Likelihood (GT MPC): -1.841
[2024-04-26 11:26:53,211][root][INFO] - *[TIME] [Evaluate the current MPC policy] Elapsed: 66.38 seconds
[2024-04-26 11:26:56,457][root][INFO] - x: [-0.09934727  0.05735941  0.62231419]
[2024-04-26 11:26:56,457][root][INFO] - y: [ 0.00660923 -0.00545067]
[2024-04-26 11:26:56,458][root][INFO] - Reward: -0.10367601870831945
[2024-04-26 11:26:58,036][root][INFO] - --------------- Start iteration i=31 ---------------
[2024-04-26 11:26:58,036][root][INFO] - Length of data.x: 213
[2024-04-26 11:26:58,036][root][INFO] - Length of data.y: 213
[2024-04-26 11:26:58,201][root][INFO] - x: [-0.09273804  0.05190874  0.74649555]
[2024-04-26 11:26:58,202][root][INFO] - y: [0.00674479 0.00106474]
[2024-04-26 11:26:58,202][root][INFO] - Reward: -0.09317278088994825
[2024-04-26 11:26:58,210][root][INFO] - --------------- Start iteration i=32 ---------------
[2024-04-26 11:26:58,210][root][INFO] - Length of data.x: 214
[2024-04-26 11:26:58,210][root][INFO] - Length of data.y: 214
[2024-04-26 11:26:58,375][root][INFO] - x: [-0.08599325  0.05297349  0.7664755 ]
[2024-04-26 11:26:58,376][root][INFO] - y: [0.00721878 0.00372268]
[2024-04-26 11:26:58,376][root][INFO] - Reward: -0.08416747146265717
[2024-04-26 11:26:58,379][root][INFO] - --------------- Start iteration i=33 ---------------
[2024-04-26 11:26:58,379][root][INFO] - Length of data.x: 215
[2024-04-26 11:26:58,379][root][INFO] - Length of data.y: 215
[2024-04-26 11:26:58,547][root][INFO] - x: [-0.07877447  0.05669617  0.34365766]
[2024-04-26 11:26:58,547][root][INFO] - y: [ 0.00593564 -0.01007773]
[2024-04-26 11:26:58,548][root][INFO] - Reward: -0.06674452133480703
[2024-04-26 11:26:58,551][root][INFO] - --------------- Start iteration i=34 ---------------
[2024-04-26 11:26:58,551][root][INFO] - Length of data.x: 216
[2024-04-26 11:26:58,551][root][INFO] - Length of data.y: 216
[2024-04-26 11:26:58,718][root][INFO] - x: [-0.07283883  0.04661844  0.41799717]
[2024-04-26 11:26:58,718][root][INFO] - y: [ 0.00522375 -0.00559118]
[2024-04-26 11:26:58,718][root][INFO] - Reward: -0.056593438217423554
[2024-04-26 11:26:58,722][root][INFO] - --------------- Start iteration i=35 ---------------
[2024-04-26 11:26:58,722][root][INFO] - Length of data.x: 217
[2024-04-26 11:26:58,722][root][INFO] - Length of data.y: 217
[2024-04-26 11:28:00,137][root][INFO] - Eval Returns: [  -1.21378753 -377.84714678 -125.8398878    -2.52835665 -121.85924543]
[2024-04-26 11:28:00,181][root][INFO] - Eval Returns: mean=-125.858 std=137.303
[2024-04-26 11:28:00,183][root][INFO] - Eval ndata: 217.000
[2024-04-26 11:28:00,183][root][INFO] - Model MSE (current real MPC): 0.020
[2024-04-26 11:28:00,809][root][INFO] - Model MSE (random test set): 0.000
[2024-04-26 11:28:00,809][root][INFO] - Model MSE (GT MPC): 0.000
[2024-04-26 11:28:00,809][root][INFO] - Model Likelihood (random test set): -1.850
[2024-04-26 11:28:00,809][root][INFO] - Model Likelihood (GT MPC): -1.841
[2024-04-26 11:28:00,809][root][INFO] - *[TIME] [Evaluate the current MPC policy] Elapsed: 61.92 seconds
[2024-04-26 11:28:04,093][root][INFO] - x: [-0.06761507  0.04102726  0.61869615]
[2024-04-26 11:28:04,093][root][INFO] - y: [0.00566127 0.00343625]
[2024-04-26 11:28:04,093][root][INFO] - Reward: -0.052066207159412306
[2024-04-26 11:28:05,740][root][INFO] - --------------- Start iteration i=36 ---------------
[2024-04-26 11:28:05,740][root][INFO] - Length of data.x: 218
[2024-04-26 11:28:05,740][root][INFO] - Length of data.y: 218
[2024-04-26 11:28:05,917][root][INFO] - x: [-0.0619538  0.0444635  0.5184238]
[2024-04-26 11:28:05,918][root][INFO] - y: [0.00582793 0.00130898]
[2024-04-26 11:28:05,918][root][INFO] - Reward: -0.045574196731666704
[2024-04-26 11:28:05,921][root][INFO] - --------------- Start iteration i=37 ---------------
[2024-04-26 11:28:05,922][root][INFO] - Length of data.x: 219
[2024-04-26 11:28:05,922][root][INFO] - Length of data.y: 219
[2024-04-26 11:28:06,100][root][INFO] - x: [-0.05612587  0.04577248  0.40333314]
[2024-04-26 11:28:06,101][root][INFO] - y: [ 0.00565988 -0.00131992]
[2024-04-26 11:28:06,101][root][INFO] - Reward: -0.038433379702642365
[2024-04-26 11:28:06,104][root][INFO] - --------------- Start iteration i=38 ---------------
[2024-04-26 11:28:06,104][root][INFO] - Length of data.x: 220
[2024-04-26 11:28:06,105][root][INFO] - Length of data.y: 220
[2024-04-26 11:28:06,284][root][INFO] - x: [-0.050466    0.04445256 -0.41255954]
[2024-04-26 11:28:06,285][root][INFO] - y: [ 0.00180549 -0.03027226]
[2024-04-26 11:28:06,285][root][INFO] - Reward: -0.02533743035721965
[2024-04-26 11:28:06,288][root][INFO] - --------------- Start iteration i=39 ---------------
[2024-04-26 11:28:06,288][root][INFO] - Length of data.x: 221
[2024-04-26 11:28:06,289][root][INFO] - Length of data.y: 221
[2024-04-26 11:28:06,469][root][INFO] - x: [-0.0486605   0.01418031  0.7175701 ]
[2024-04-26 11:28:06,469][root][INFO] - y: [0.00341397 0.01263293]
[2024-04-26 11:28:06,469][root][INFO] - Reward: -0.026866444586399203
[2024-04-26 11:28:06,473][root][INFO] - --------------- Start iteration i=40 ---------------
[2024-04-26 11:28:06,473][root][INFO] - Length of data.x: 222
[2024-04-26 11:28:06,473][root][INFO] - Length of data.y: 222
[2024-04-26 11:29:10,704][root][INFO] - Eval Returns: [-441.35659458 -358.9732502  -118.85293083 -126.72348211 -461.95364932]
[2024-04-26 11:29:10,749][root][INFO] - Eval Returns: mean=-301.572 std=150.010
[2024-04-26 11:29:10,749][root][INFO] - Eval ndata: 222.000
[2024-04-26 11:29:10,751][root][INFO] - Model MSE (current real MPC): 0.048
[2024-04-26 11:29:11,488][root][INFO] - Model MSE (random test set): 0.000
[2024-04-26 11:29:11,488][root][INFO] - Model MSE (GT MPC): 0.000
[2024-04-26 11:29:11,488][root][INFO] - Model Likelihood (random test set): -1.850
[2024-04-26 11:29:11,488][root][INFO] - Model Likelihood (GT MPC): -1.841
[2024-04-26 11:29:11,488][root][INFO] - *[TIME] [Evaluate the current MPC policy] Elapsed: 64.83 seconds
[2024-04-26 11:29:14,957][root][INFO] - x: [-0.04524653  0.02681324  0.15178146]
[2024-04-26 11:29:14,957][root][INFO] - y: [ 0.00244763 -0.00758957]
[2024-04-26 11:29:14,957][root][INFO] - Reward: -0.020535876052513214
[2024-04-26 11:29:16,580][root][INFO] - --------------- Start iteration i=41 ---------------
[2024-04-26 11:29:16,581][root][INFO] - Length of data.x: 223
[2024-04-26 11:29:16,581][root][INFO] - Length of data.y: 223
[2024-04-26 11:29:16,749][root][INFO] - x: [-0.0427989   0.01922367  0.54476123]
[2024-04-26 11:29:16,750][root][INFO] - y: [0.00344855 0.00786118]
[2024-04-26 11:29:16,750][root][INFO] - Reward: -0.02116461961425613
[2024-04-26 11:29:16,753][root][INFO] - --------------- Start iteration i=42 ---------------
[2024-04-26 11:29:16,753][root][INFO] - Length of data.x: 224
[2024-04-26 11:29:16,753][root][INFO] - Length of data.y: 224
[2024-04-26 11:29:16,921][root][INFO] - x: [-0.03935035  0.02708485  0.22290143]
[2024-04-26 11:29:16,921][root][INFO] - y: [ 0.00304094 -0.00320133]
[2024-04-26 11:29:16,921][root][INFO] - Reward: -0.016861263714324858
[2024-04-26 11:29:16,924][root][INFO] - --------------- Start iteration i=43 ---------------
[2024-04-26 11:29:16,924][root][INFO] - Length of data.x: 225
[2024-04-26 11:29:16,924][root][INFO] - Length of data.y: 225
[2024-04-26 11:29:17,092][root][INFO] - x: [-0.03630941  0.02388352  0.5581194 ]
[2024-04-26 11:29:17,093][root][INFO] - y: [0.00434712 0.01025865]
[2024-04-26 11:29:17,093][root][INFO] - Reward: -0.018789059626699623
[2024-04-26 11:29:17,096][root][INFO] - --------------- Start iteration i=44 ---------------
[2024-04-26 11:29:17,096][root][INFO] - Length of data.x: 226
[2024-04-26 11:29:17,096][root][INFO] - Length of data.y: 226
[2024-04-26 11:29:17,265][root][INFO] - x: [-0.03196229  0.03414217  0.32443514]
[2024-04-26 11:29:17,266][root][INFO] - y: [0.00469961 0.00276846]
[2024-04-26 11:29:17,266][root][INFO] - Reward: -0.01647597805769634
[2024-04-26 11:29:17,269][root][INFO] - --------------- Start iteration i=45 ---------------
[2024-04-26 11:29:17,269][root][INFO] - Length of data.x: 227
[2024-04-26 11:29:17,269][root][INFO] - Length of data.y: 227
[2024-04-26 11:30:24,201][root][INFO] - Eval Returns: [-123.46774321 -121.64888486 -126.43647421 -367.27746196 -339.41484726]
[2024-04-26 11:30:24,246][root][INFO] - Eval Returns: mean=-215.649 std=112.784
[2024-04-26 11:30:24,247][root][INFO] - Eval ndata: 227.000
[2024-04-26 11:30:24,248][root][INFO] - Model MSE (current real MPC): 0.036
[2024-04-26 11:30:24,876][root][INFO] - Model MSE (random test set): 0.000
[2024-04-26 11:30:24,877][root][INFO] - Model MSE (GT MPC): 0.000
[2024-04-26 11:30:24,877][root][INFO] - Model Likelihood (random test set): -1.850
[2024-04-26 11:30:24,877][root][INFO] - Model Likelihood (GT MPC): -1.841
[2024-04-26 11:30:24,877][root][INFO] - *[TIME] [Evaluate the current MPC policy] Elapsed: 67.44 seconds
[2024-04-26 11:30:28,214][root][INFO] - x: [-0.02726268  0.03691062 -0.05349648]
[2024-04-26 11:30:28,215][root][INFO] - y: [ 0.00342308 -0.01002583]
[2024-04-26 11:30:28,215][root][INFO] - Reward: -0.010246478886342898
[2024-04-26 11:30:29,893][root][INFO] - --------------- Start iteration i=46 ---------------
[2024-04-26 11:30:29,893][root][INFO] - Length of data.x: 228
[2024-04-26 11:30:29,893][root][INFO] - Length of data.y: 228
[2024-04-26 11:30:30,063][root][INFO] - x: [-0.02383961  0.0268848  -0.35670201]
[2024-04-26 11:30:30,064][root][INFO] - y: [ 0.0008268  -0.02039111]
[2024-04-26 11:30:30,064][root][INFO] - Reward: -0.006005656183812902
[2024-04-26 11:30:30,068][root][INFO] - --------------- Start iteration i=47 ---------------
[2024-04-26 11:30:30,068][root][INFO] - Length of data.x: 229
[2024-04-26 11:30:30,068][root][INFO] - Length of data.y: 229
[2024-04-26 11:30:30,241][root][INFO] - x: [-0.0230128   0.00649369 -0.04675398]
[2024-04-26 11:30:30,242][root][INFO] - y: [-0.00025866 -0.0085252 ]
[2024-04-26 11:30:30,242][root][INFO] - Reward: -0.00538015062523583
[2024-04-26 11:30:30,245][root][INFO] - --------------- Start iteration i=48 ---------------
[2024-04-26 11:30:30,245][root][INFO] - Length of data.x: 230
[2024-04-26 11:30:30,246][root][INFO] - Length of data.y: 230
[2024-04-26 11:30:30,418][root][INFO] - x: [-0.02327146 -0.00203151  0.11242859]
[2024-04-26 11:30:30,418][root][INFO] - y: [-0.00059376 -0.00263184]
[2024-04-26 11:30:30,418][root][INFO] - Reward: -0.005810961757839623
[2024-04-26 11:30:30,422][root][INFO] - --------------- Start iteration i=49 ---------------
[2024-04-26 11:30:30,422][root][INFO] - Length of data.x: 231
[2024-04-26 11:30:30,422][root][INFO] - Length of data.y: 231
[2024-04-26 11:30:30,594][root][INFO] - x: [-0.02386522 -0.00466335  0.81148348]
[2024-04-26 11:30:30,595][root][INFO] - y: [0.00238668 0.02340833]
[2024-04-26 11:30:30,595][root][INFO] - Reward: -0.009435936608417628
[2024-04-26 11:30:30,598][root][INFO] - --------------- Start iteration i=50 ---------------
[2024-04-26 11:30:30,599][root][INFO] - Length of data.x: 232
[2024-04-26 11:30:30,599][root][INFO] - Length of data.y: 232
[2024-04-26 11:31:38,793][root][INFO] - Eval Returns: [-439.11765572 -370.42857316 -127.41981519 -119.95853301 -350.66961785]
[2024-04-26 11:31:38,835][root][INFO] - Eval Returns: mean=-281.519 std=132.191
[2024-04-26 11:31:38,836][root][INFO] - Eval ndata: 232.000
[2024-04-26 11:31:38,837][root][INFO] - Model MSE (current real MPC): 0.044
[2024-04-26 11:31:39,465][root][INFO] - Model MSE (random test set): 0.000
[2024-04-26 11:31:39,466][root][INFO] - Model MSE (GT MPC): 0.000
[2024-04-26 11:31:39,466][root][INFO] - Model Likelihood (random test set): -1.850
[2024-04-26 11:31:39,466][root][INFO] - Model Likelihood (GT MPC): -1.841
[2024-04-26 11:31:39,466][root][INFO] - *[TIME] [Evaluate the current MPC policy] Elapsed: 68.69 seconds
[2024-04-26 11:31:42,722][root][INFO] - x: [-0.02147854  0.01874498  0.15803595]
[2024-04-26 11:31:42,723][root][INFO] - y: [ 0.00233642 -0.0003948 ]
[2024-04-26 11:31:42,727][root][INFO] - Reward: -0.005871394041862518
[2024-04-26 11:31:44,330][root][INFO] - --------------- Start iteration i=51 ---------------
[2024-04-26 11:31:44,330][root][INFO] - Length of data.x: 233
[2024-04-26 11:31:44,330][root][INFO] - Length of data.y: 233
[2024-04-26 11:31:44,496][root][INFO] - x: [-0.01914212  0.01835017  0.31979734]
[2024-04-26 11:31:44,497][root][INFO] - y: [0.00314594 0.00635798]
[2024-04-26 11:31:44,497][root][INFO] - Reward: -0.0068416472716771185
[2024-04-26 11:31:44,500][root][INFO] - --------------- Start iteration i=52 ---------------
[2024-04-26 11:31:44,500][root][INFO] - Length of data.x: 234
[2024-04-26 11:31:44,500][root][INFO] - Length of data.y: 234
[2024-04-26 11:31:44,665][root][INFO] - x: [-0.01599618  0.02470815 -0.02130124]
[2024-04-26 11:31:44,666][root][INFO] - y: [ 0.00244463 -0.00550808]
[2024-04-26 11:31:44,666][root][INFO] - Reward: -0.0041736278968566905
[2024-04-26 11:31:44,669][root][INFO] - --------------- Start iteration i=53 ---------------
[2024-04-26 11:31:44,670][root][INFO] - Length of data.x: 235
[2024-04-26 11:31:44,670][root][INFO] - Length of data.y: 235
[2024-04-26 11:31:44,836][root][INFO] - x: [-0.01355155  0.01920007  0.62059441]
[2024-04-26 11:31:44,837][root][INFO] - y: [0.00489972 0.01928223]
[2024-04-26 11:31:44,837][root][INFO] - Reward: -0.011757013918252625
[2024-04-26 11:31:44,840][root][INFO] - --------------- Start iteration i=54 ---------------
[2024-04-26 11:31:44,840][root][INFO] - Length of data.x: 236
[2024-04-26 11:31:44,840][root][INFO] - Length of data.y: 236
[2024-04-26 11:31:45,006][root][INFO] - x: [-0.00865183  0.03848231 -0.19129178]
[2024-04-26 11:31:45,006][root][INFO] - y: [ 0.00366196 -0.0097213 ]
[2024-04-26 11:31:45,007][root][INFO] - Reward: -0.005686161495926223
[2024-04-26 11:31:45,010][root][INFO] - --------------- Start iteration i=55 ---------------
[2024-04-26 11:31:45,010][root][INFO] - Length of data.x: 237
[2024-04-26 11:31:45,010][root][INFO] - Length of data.y: 237
[2024-04-26 11:32:53,498][root][INFO] - Eval Returns: [-237.81542998 -360.72854731   -0.9389802  -118.95108518   -2.63500958]
[2024-04-26 11:32:53,540][root][INFO] - Eval Returns: mean=-144.214 std=139.176
[2024-04-26 11:32:53,540][root][INFO] - Eval ndata: 237.000
[2024-04-26 11:32:53,541][root][INFO] - Model MSE (current real MPC): 0.024
[2024-04-26 11:32:54,170][root][INFO] - Model MSE (random test set): 0.000
[2024-04-26 11:32:54,170][root][INFO] - Model MSE (GT MPC): 0.000
[2024-04-26 11:32:54,170][root][INFO] - Model Likelihood (random test set): -1.850
[2024-04-26 11:32:54,170][root][INFO] - Model Likelihood (GT MPC): -1.841
[2024-04-26 11:32:54,170][root][INFO] - *[TIME] [Evaluate the current MPC policy] Elapsed: 68.99 seconds
[2024-04-26 11:32:57,524][root][INFO] - x: [-0.00498987  0.028761   -0.51583162]
[2024-04-26 11:32:57,525][root][INFO] - y: [ 0.00101194 -0.02081326]
[2024-04-26 11:32:57,525][root][INFO] - Reward: -0.0016247710837478477
[2024-04-26 11:32:59,101][root][INFO] - --------------- Start iteration i=56 ---------------
[2024-04-26 11:32:59,101][root][INFO] - Length of data.x: 238
[2024-04-26 11:32:59,101][root][INFO] - Length of data.y: 238
[2024-04-26 11:32:59,282][root][INFO] - x: [-0.00397793  0.00794774  0.04667551]
[2024-04-26 11:32:59,283][root][INFO] - y: [0.00108563 0.00057877]
[2024-04-26 11:32:59,283][root][INFO] - Reward: -0.0005565660614109293
[2024-04-26 11:32:59,287][root][INFO] - --------------- Start iteration i=57 ---------------
[2024-04-26 11:32:59,287][root][INFO] - Length of data.x: 239
[2024-04-26 11:32:59,287][root][INFO] - Length of data.y: 239
[2024-04-26 11:32:59,462][root][INFO] - x: [-0.0028923   0.00852651  0.20274451]
[2024-04-26 11:32:59,463][root][INFO] - y: [0.0019452  0.00675108]
[2024-04-26 11:32:59,463][root][INFO] - Reward: -0.0016670636213698188
[2024-04-26 11:32:59,467][root][INFO] - --------------- Start iteration i=58 ---------------
[2024-04-26 11:32:59,467][root][INFO] - Length of data.x: 240
[2024-04-26 11:32:59,467][root][INFO] - Length of data.y: 240
[2024-04-26 11:32:59,637][root][INFO] - x: [-0.0009471   0.01527758 -0.0349145 ]
[2024-04-26 11:32:59,637][root][INFO] - y: [ 0.00174298 -0.00158824]
[2024-04-26 11:32:59,637][root][INFO] - Reward: -0.001210476402452441
[2024-04-26 11:32:59,641][root][INFO] - --------------- Start iteration i=59 ---------------
[2024-04-26 11:32:59,641][root][INFO] - Length of data.x: 241
[2024-04-26 11:32:59,641][root][INFO] - Length of data.y: 241
[2024-04-26 11:32:59,809][root][INFO] - x: [ 0.00079588  0.01368935 -0.33628358]
[2024-04-26 11:32:59,810][root][INFO] - y: [ 0.00016719 -0.01237623]
[2024-04-26 11:32:59,810][root][INFO] - Reward: -0.000472536179880503
[2024-04-26 11:32:59,814][root][INFO] - --------------- Start iteration i=60 ---------------
[2024-04-26 11:32:59,814][root][INFO] - Length of data.x: 242
[2024-04-26 11:32:59,814][root][INFO] - Length of data.y: 242
[2024-04-26 11:34:07,153][root][INFO] - Eval Returns: [-331.68485721 -123.69367981 -353.21089164 -121.84735214 -353.92467031]
[2024-04-26 11:34:07,192][root][INFO] - Eval Returns: mean=-256.872 std=109.787
[2024-04-26 11:34:07,192][root][INFO] - Eval ndata: 242.000
[2024-04-26 11:34:07,192][root][INFO] - Model MSE (current real MPC): 0.044
[2024-04-26 11:34:07,829][root][INFO] - Model MSE (random test set): 0.000
[2024-04-26 11:34:07,829][root][INFO] - Model MSE (GT MPC): 0.000
[2024-04-26 11:34:07,829][root][INFO] - Model Likelihood (random test set): -1.850
[2024-04-26 11:34:07,829][root][INFO] - Model Likelihood (GT MPC): -1.841
[2024-04-26 11:34:07,829][root][INFO] - *[TIME] [Evaluate the current MPC policy] Elapsed: 67.84 seconds
[2024-04-26 11:34:11,456][root][INFO] - x: [ 0.00096307  0.00131312 -0.20222085]
[2024-04-26 11:34:11,456][root][INFO] - y: [-0.00076223 -0.00729963]
[2024-04-26 11:34:11,457][root][INFO] - Reward: -0.0003933366830357373
[2024-04-26 11:34:13,083][root][INFO] - --------------- Start iteration i=61 ---------------
[2024-04-26 11:34:13,083][root][INFO] - Length of data.x: 243
[2024-04-26 11:34:13,084][root][INFO] - Length of data.y: 243
[2024-04-26 11:34:13,263][root][INFO] - x: [ 0.00020085 -0.00598651 -0.03423819]
[2024-04-26 11:34:13,264][root][INFO] - y: [-0.00091817 -0.00122478]
[2024-04-26 11:34:13,264][root][INFO] - Reward: -0.00034258491347374613
[2024-04-26 11:34:13,267][root][INFO] - --------------- Start iteration i=62 ---------------
[2024-04-26 11:34:13,267][root][INFO] - Length of data.x: 244
[2024-04-26 11:34:13,267][root][INFO] - Length of data.y: 244
[2024-04-26 11:34:13,445][root][INFO] - x: [-0.00071732 -0.00721129 -0.1883618 ]
[2024-04-26 11:34:13,446][root][INFO] - y: [-0.00184443 -0.00727484]
[2024-04-26 11:34:13,446][root][INFO] - Reward: -0.0015497173307321072
[2024-04-26 11:34:13,449][root][INFO] - --------------- Start iteration i=63 ---------------
[2024-04-26 11:34:13,449][root][INFO] - Length of data.x: 245
[2024-04-26 11:34:13,449][root][INFO] - Length of data.y: 245
[2024-04-26 11:34:13,630][root][INFO] - x: [-0.00256175 -0.01448613  0.87910109]
[2024-04-26 11:34:13,631][root][INFO] - y: [0.0022569 0.0322118]
[2024-04-26 11:34:13,631][root][INFO] - Reward: -0.0051030686766906485
[2024-04-26 11:34:13,634][root][INFO] - --------------- Start iteration i=64 ---------------
[2024-04-26 11:34:13,635][root][INFO] - Length of data.x: 246
[2024-04-26 11:34:13,635][root][INFO] - Length of data.y: 246
[2024-04-26 11:34:13,814][root][INFO] - x: [-3.04850802e-04  1.77256724e-02 -3.59481906e-01]
[2024-04-26 11:34:13,814][root][INFO] - y: [ 0.00052907 -0.01357036]
[2024-04-26 11:34:13,814][root][INFO] - Reward: -0.0006279116638497109
[2024-04-26 11:34:13,818][root][INFO] - --------------- Start iteration i=65 ---------------
[2024-04-26 11:34:13,818][root][INFO] - Length of data.x: 247
[2024-04-26 11:34:13,818][root][INFO] - Length of data.y: 247
[2024-04-26 11:35:23,997][root][INFO] - Eval Returns: [-123.20979257 -386.21678191 -118.57013205 -359.6834179  -341.82055623]
[2024-04-26 11:35:24,039][root][INFO] - Eval Returns: mean=-265.900 std=119.249
[2024-04-26 11:35:24,039][root][INFO] - Eval ndata: 247.000
[2024-04-26 11:35:24,039][root][INFO] - Model MSE (current real MPC): 0.044
[2024-04-26 11:35:24,674][root][INFO] - Model MSE (random test set): 0.000
[2024-04-26 11:35:24,675][root][INFO] - Model MSE (GT MPC): 0.000
[2024-04-26 11:35:24,675][root][INFO] - Model Likelihood (random test set): -1.850
[2024-04-26 11:35:24,675][root][INFO] - Model Likelihood (GT MPC): -1.841
[2024-04-26 11:35:24,675][root][INFO] - *[TIME] [Evaluate the current MPC policy] Elapsed: 70.68 seconds
[2024-04-26 11:35:27,876][root][INFO] - x: [2.24220312e-04 4.15531493e-03 3.59768647e-01]
[2024-04-26 11:35:27,876][root][INFO] - y: [0.00225525 0.01355736]
[2024-04-26 11:35:27,876][root][INFO] - Reward: -0.0025863391638168125
[2024-04-26 11:35:29,449][root][INFO] - --------------- Start iteration i=66 ---------------
[2024-04-26 11:35:29,449][root][INFO] - Length of data.x: 248
[2024-04-26 11:35:29,449][root][INFO] - Length of data.y: 248
[2024-04-26 11:35:29,641][root][INFO] - x: [0.00247947 0.01771268 0.179357  ]
[2024-04-26 11:35:29,642][root][INFO] - y: [0.00320459 0.00745614]
[2024-04-26 11:35:29,642][root][INFO] - Reward: -0.004501753757474965
[2024-04-26 11:35:29,646][root][INFO] - --------------- Start iteration i=67 ---------------
[2024-04-26 11:35:29,647][root][INFO] - Length of data.x: 249
[2024-04-26 11:35:29,647][root][INFO] - Length of data.y: 249
[2024-04-26 11:35:29,838][root][INFO] - x: [ 0.00568406  0.02516882 -0.56323683]
[2024-04-26 11:35:29,839][root][INFO] - y: [ 0.00072848 -0.01944738]
[2024-04-26 11:35:29,839][root][INFO] - Reward: -0.001884291212707185
[2024-04-26 11:35:29,843][root][INFO] - --------------- Start iteration i=68 ---------------
[2024-04-26 11:35:29,843][root][INFO] - Length of data.x: 250
[2024-04-26 11:35:29,843][root][INFO] - Length of data.y: 250
[2024-04-26 11:35:30,038][root][INFO] - x: [0.00641254 0.00572145 0.01195205]
[2024-04-26 11:35:30,038][root][INFO] - y: [0.001026   0.00233672]
[2024-04-26 11:35:30,038][root][INFO] - Reward: -0.000962252911704757
[2024-04-26 11:35:30,043][root][INFO] - --------------- Start iteration i=69 ---------------
[2024-04-26 11:35:30,043][root][INFO] - Length of data.x: 251
[2024-04-26 11:35:30,043][root][INFO] - Length of data.y: 251
[2024-04-26 11:35:30,231][root][INFO] - x: [ 0.00743854  0.00805817 -0.19672863]
[2024-04-26 11:35:30,231][root][INFO] - y: [ 0.00036561 -0.00518669]
[2024-04-26 11:35:30,231][root][INFO] - Reward: -0.0008086841082036557
[2024-04-26 11:35:30,235][root][INFO] - --------------- Start iteration i=70 ---------------
[2024-04-26 11:35:30,235][root][INFO] - Length of data.x: 252
[2024-04-26 11:35:30,235][root][INFO] - Length of data.y: 252
[2024-04-26 11:36:35,462][root][INFO] - Eval Returns: [-442.26148548 -338.79142421 -471.91632204 -116.4020053  -238.50217498]
[2024-04-26 11:36:35,500][root][INFO] - Eval Returns: mean=-321.575 std=131.500
[2024-04-26 11:36:35,500][root][INFO] - Eval ndata: 252.000
[2024-04-26 11:36:35,501][root][INFO] - Model MSE (current real MPC): 0.052
[2024-04-26 11:36:36,097][root][INFO] - Model MSE (random test set): 0.000
[2024-04-26 11:36:36,097][root][INFO] - Model MSE (GT MPC): 0.000
[2024-04-26 11:36:36,097][root][INFO] - Model Likelihood (random test set): -1.850
[2024-04-26 11:36:36,097][root][INFO] - Model Likelihood (GT MPC): -1.841
[2024-04-26 11:36:36,097][root][INFO] - *[TIME] [Evaluate the current MPC policy] Elapsed: 65.67 seconds
