[2024-04-19 19:00:47,094][root][INFO] - Dumper dumping to /trajectory-information-rl/experiments/mpc_cartpole_2024-04-19/19-00-41/seed_3
[2024-04-19 19:00:47,098][root][INFO] - Start obs: None
[2024-04-19 19:01:01,026][root][INFO] - GT Returns: [-10.75774981 -11.68916501 -11.33479765 -12.43510911 -12.10832769]
[2024-04-19 19:01:01,026][root][INFO] - GT Returns: mean=-11.665 std=0.587
[2024-04-19 19:01:01,026][root][INFO] - Path Lengths: [36345, 36345, 36345, 36345, 36345]
[2024-04-19 19:01:01,026][root][INFO] - Path Lengths: mean=36345.000 std=0.000
[2024-04-19 19:01:01,087][root][INFO] - all_x.shape = (181725, 5)
[2024-04-19 19:01:01,092][root][INFO] - all_x.min(axis=0) = [-0.92195705 -1.4669639  -0.99999443 -0.84942555 -1.        ]
[2024-04-19 19:01:01,096][root][INFO] - all_x.max(axis=0) = [0.92909786 1.40938268 0.99999188 0.85411335 1.        ]
[2024-04-19 19:01:01,099][root][INFO] - all_x.mean(axis=0) = [-0.00348226 -0.00547933  0.01872947  0.05726342  0.01225816]
[2024-04-19 19:01:01,106][root][INFO] - all_x.var(axis=0) = [0.01212722 0.05199499 0.25160118 0.08390888 0.21560019]
[2024-04-19 19:01:01,140][root][INFO] - --------------- Start iteration i=0 ---------------
[2024-04-19 19:01:01,140][root][INFO] - Length of data.x: 1
[2024-04-19 19:01:01,140][root][INFO] - Length of data.y: 1
[2024-04-19 19:01:06,477][root][INFO] - Eval Returns: [-24.99998151 -24.99997994 -24.99997703 -24.99998333 -24.99998401]
[2024-04-19 19:01:06,482][root][INFO] - Eval Returns: mean=-25.000 std=0.000
[2024-04-19 19:01:06,482][root][INFO] - Eval ndata: 1.000
[2024-04-19 19:01:06,482][root][INFO] - Model MSE (current real MPC): 0.474
[2024-04-19 19:01:07,491][root][INFO] - Model MSE (random test set): 0.364
[2024-04-19 19:01:07,492][root][INFO] - Model MSE (GT MPC): 0.080
[2024-04-19 19:01:07,492][root][INFO] - Model Likelihood (random test set): -4.106
[2024-04-19 19:01:07,492][root][INFO] - Model Likelihood (GT MPC): -3.873
[2024-04-19 19:01:07,492][root][INFO] - *[TIME] [Evaluate the current MPC policy] Elapsed: 6.16 seconds
[2024-04-19 19:01:09,613][root][INFO] - x: [-3.22363833e-03 -6.34700363e-04 -9.84168019e-01  4.30895788e-04
 -9.20714743e-01]
[2024-04-19 19:01:09,614][root][INFO] - y: [-6.34700363e-05 -1.44164504e-01  3.42896250e-04  1.39103737e-01]
[2024-04-19 19:01:09,614][root][INFO] - Reward: -0.9999902401886751
[2024-04-19 19:01:11,128][root][INFO] - --------------- Start iteration i=1 ---------------
[2024-04-19 19:01:11,128][root][INFO] - Length of data.x: 2
[2024-04-19 19:01:11,128][root][INFO] - Length of data.y: 2
[2024-04-19 19:01:11,293][root][INFO] - x: [-0.00328711 -0.1447992  -0.98382512  0.13953463  0.96417809]
[2024-04-19 19:01:11,293][root][INFO] - y: [-0.01447992  0.16080882  0.11103822 -0.16558934]
[2024-04-19 19:01:11,293][root][INFO] - Reward: -0.999993745959656
[2024-04-19 19:01:11,294][root][INFO] - --------------- Start iteration i=2 ---------------
[2024-04-19 19:01:11,294][root][INFO] - Length of data.x: 3
[2024-04-19 19:01:11,294][root][INFO] - Length of data.y: 3
[2024-04-19 19:01:11,451][root][INFO] - x: [-0.01776703  0.01600961 -0.8727869  -0.02605471  1.        ]
[2024-04-19 19:01:11,451][root][INFO] - y: [ 0.00160096  0.16616489 -0.02073369 -0.19127996]
[2024-04-19 19:01:11,451][root][INFO] - Reward: -0.9999933394840508
[2024-04-19 19:01:11,451][root][INFO] - --------------- Start iteration i=3 ---------------
[2024-04-19 19:01:11,452][root][INFO] - Length of data.x: 4
[2024-04-19 19:01:11,452][root][INFO] - Length of data.y: 4
[2024-04-19 19:01:11,610][root][INFO] - x: [-0.01616607  0.1821745  -0.8935206  -0.21733467  0.99993436]
[2024-04-19 19:01:11,611][root][INFO] - y: [ 0.01821745  0.18654367 -0.17294957 -0.2084437 ]
[2024-04-19 19:01:11,611][root][INFO] - Reward: -0.9999892333615514
[2024-04-19 19:01:11,611][root][INFO] - --------------- Start iteration i=4 ---------------
[2024-04-19 19:01:11,611][root][INFO] - Length of data.x: 5
[2024-04-19 19:01:11,611][root][INFO] - Length of data.y: 5
[2024-04-19 19:01:17,168][root][INFO] - Eval Returns: [-22.91969536 -21.54099372 -24.40561948 -19.09226185 -23.44832439]
[2024-04-19 19:01:17,172][root][INFO] - Eval Returns: mean=-22.281 std=1.844
[2024-04-19 19:01:17,172][root][INFO] - Eval ndata: 5.000
[2024-04-19 19:01:17,173][root][INFO] - Model MSE (current real MPC): 0.537
[2024-04-19 19:01:18,224][root][INFO] - Model MSE (random test set): 0.183
[2024-04-19 19:01:18,224][root][INFO] - Model MSE (GT MPC): 0.052
[2024-04-19 19:01:18,224][root][INFO] - Model Likelihood (random test set): -3.753
[2024-04-19 19:01:18,224][root][INFO] - Model Likelihood (GT MPC): -3.702
[2024-04-19 19:01:18,224][root][INFO] - *[TIME] [Evaluate the current MPC policy] Elapsed: 6.46 seconds
[2024-04-19 19:01:20,591][root][INFO] - x: [ 0.00205138  0.36871816  0.93352983 -0.42577837 -0.97497709]
[2024-04-19 19:01:20,592][root][INFO] - y: [ 0.03687182 -0.22443188 -0.33882394  0.23991402]
[2024-04-19 19:01:20,592][root][INFO] - Reward: -0.9999951330649054
