[2024-04-25 14:26:57,380][root][INFO] - Dumper dumping to /tirl/experiments/mpc_rustypendulum_init_forgetting_2024-04-25/14-26-52/seed_4
[2024-04-25 14:26:57,385][root][INFO] - Start obs: None
[2024-04-25 14:27:16,234][root][INFO] - GT Returns: [-120.24666833   -0.89899988 -242.40020964 -238.84449485 -373.19582359]
[2024-04-25 14:27:16,234][root][INFO] - GT Returns: mean=-195.117 std=125.846
[2024-04-25 14:27:16,234][root][INFO] - Path Lengths: [39420, 39420, 39420, 39420, 39420]
[2024-04-25 14:27:16,234][root][INFO] - Path Lengths: mean=39420.000 std=0.000
[2024-04-25 14:27:16,308][root][INFO] - all_x.shape = (197100, 3)
[2024-04-25 14:27:16,313][root][INFO] - all_x.min(axis=0) = [-0.9998846 -1.        -1.       ]
[2024-04-25 14:27:16,318][root][INFO] - all_x.max(axis=0) = [0.99997848 1.         1.        ]
[2024-04-25 14:27:16,321][root][INFO] - all_x.mean(axis=0) = [-0.00731339 -0.03935095  0.01436208]
[2024-04-25 14:27:16,330][root][INFO] - all_x.var(axis=0) = [0.10625712 0.10113962 0.25857702]
[2024-04-25 14:27:16,389][root][INFO] - --------------- Start iteration i=0 ---------------
[2024-04-25 14:27:16,389][root][INFO] - Length of data.x: 17
[2024-04-25 14:27:16,390][root][INFO] - Length of data.y: 17
[2024-04-25 14:27:40,301][root][INFO] - Eval Returns: [ -493.02405927 -1494.64810186 -1359.62980584  -506.88191878
 -1753.33634315]
[2024-04-25 14:27:40,352][root][INFO] - Eval Returns: mean=-1121.504 std=523.049
[2024-04-25 14:27:40,353][root][INFO] - Eval ndata: 17.000
[2024-04-25 14:27:40,353][root][INFO] - Model MSE (current real MPC): 0.168
[2024-04-25 14:27:40,861][root][INFO] - Model MSE (random test set): 0.002
[2024-04-25 14:27:40,861][root][INFO] - Model MSE (GT MPC): 0.001
[2024-04-25 14:27:40,862][root][INFO] - Model Likelihood (random test set): -1.864
[2024-04-25 14:27:40,862][root][INFO] - Model Likelihood (GT MPC): -1.852
[2024-04-25 14:27:40,862][root][INFO] - *[TIME] [Evaluate the current MPC policy] Elapsed: 24.40 seconds
[2024-04-25 14:27:43,167][root][INFO] - x: [ 0.20180431  0.01090195 -0.99588297]
[2024-04-25 14:27:43,167][root][INFO] - y: [0.00370389 0.01818829]
[2024-04-25 14:27:43,167][root][INFO] - Reward: -0.4262122223371238
[2024-04-25 14:27:45,673][root][INFO] - --------------- Start iteration i=1 ---------------
[2024-04-25 14:27:45,673][root][INFO] - Length of data.x: 18
[2024-04-25 14:27:45,673][root][INFO] - Length of data.y: 18
[2024-04-25 14:27:45,840][root][INFO] - x: [ 0.2055082   0.02909025 -1.        ]
[2024-04-25 14:27:45,840][root][INFO] - y: [0.00611146 0.01890902]
[2024-04-25 14:27:45,840][root][INFO] - Reward: -0.4607344636591293
[2024-04-25 14:27:45,841][root][INFO] - --------------- Start iteration i=2 ---------------
[2024-04-25 14:27:45,841][root][INFO] - Length of data.x: 19
[2024-04-25 14:27:45,841][root][INFO] - Length of data.y: 19
[2024-04-25 14:27:46,007][root][INFO] - x: [ 0.21161965  0.04799927 -0.47936019]
[2024-04-25 14:27:46,007][root][INFO] - y: [0.01118662 0.03986021]
[2024-04-25 14:27:46,008][root][INFO] - Reward: -0.5402757711227251
[2024-04-25 14:27:46,008][root][INFO] - --------------- Start iteration i=3 ---------------
[2024-04-25 14:27:46,009][root][INFO] - Length of data.x: 20
[2024-04-25 14:27:46,009][root][INFO] - Length of data.y: 20
[2024-04-25 14:27:46,170][root][INFO] - x: [ 0.22280627  0.08785948 -0.99088693]
[2024-04-25 14:27:46,171][root][INFO] - y: [0.01414496 0.02323475]
[2024-04-25 14:27:46,171][root][INFO] - Reward: -0.6370534513896939
[2024-04-25 14:27:46,172][root][INFO] - --------------- Start iteration i=4 ---------------
[2024-04-25 14:27:46,172][root][INFO] - Length of data.x: 21
[2024-04-25 14:27:46,172][root][INFO] - Length of data.y: 21
[2024-04-25 14:27:46,337][root][INFO] - x: [ 0.23695123  0.11109423 -1.        ]
[2024-04-25 14:27:46,337][root][INFO] - y: [0.01745777 0.02601879]
[2024-04-25 14:27:46,338][root][INFO] - Reward: -0.7631195651690232
[2024-04-25 14:27:46,338][root][INFO] - --------------- Start iteration i=5 ---------------
[2024-04-25 14:27:46,339][root][INFO] - Length of data.x: 22
[2024-04-25 14:27:46,339][root][INFO] - Length of data.y: 22
[2024-04-25 14:28:16,785][root][INFO] - Eval Returns: [ -116.08956314 -1617.50914004  -129.44863601  -129.80208029
    -3.18042383]
[2024-04-25 14:28:16,821][root][INFO] - Eval Returns: mean=-399.206 std=610.999
[2024-04-25 14:28:16,822][root][INFO] - Eval ndata: 22.000
[2024-04-25 14:28:16,822][root][INFO] - Model MSE (current real MPC): 0.065
[2024-04-25 14:28:17,297][root][INFO] - Model MSE (random test set): 0.001
[2024-04-25 14:28:17,297][root][INFO] - Model MSE (GT MPC): 0.000
[2024-04-25 14:28:17,297][root][INFO] - Model Likelihood (random test set): -1.859
[2024-04-25 14:28:17,297][root][INFO] - Model Likelihood (GT MPC): -1.846
[2024-04-25 14:28:17,297][root][INFO] - *[TIME] [Evaluate the current MPC policy] Elapsed: 30.86 seconds
[2024-04-25 14:28:22,234][root][INFO] - x: [ 0.254409    0.13711302 -0.8820339 ]
[2024-04-25 14:28:22,235][root][INFO] - y: [0.02180293 0.03412682]
[2024-04-25 14:28:22,235][root][INFO] - Reward: -0.9437617291335441
[2024-04-25 14:28:23,877][root][INFO] - --------------- Start iteration i=6 ---------------
[2024-04-25 14:28:23,877][root][INFO] - Length of data.x: 23
[2024-04-25 14:28:23,877][root][INFO] - Length of data.y: 23
[2024-04-25 14:28:24,052][root][INFO] - x: [ 0.27621193  0.17123984 -0.9008347 ]
[2024-04-25 14:28:24,052][root][INFO] - y: [0.02660789 0.03773806]
[2024-04-25 14:28:24,053][root][INFO] - Reward: -1.1877865195264725
[2024-04-25 14:28:24,054][root][INFO] - --------------- Start iteration i=7 ---------------
[2024-04-25 14:28:24,054][root][INFO] - Length of data.x: 24
[2024-04-25 14:28:24,054][root][INFO] - Length of data.y: 24
[2024-04-25 14:28:24,228][root][INFO] - x: [ 0.30281982  0.2089779  -0.58384518]
[2024-04-25 14:28:24,229][root][INFO] - y: [0.03353894 0.05443633]
[2024-04-25 14:28:24,229][root][INFO] - Reward: -1.5620602681716702
[2024-04-25 14:28:24,230][root][INFO] - --------------- Start iteration i=8 ---------------
[2024-04-25 14:28:24,230][root][INFO] - Length of data.x: 25
[2024-04-25 14:28:24,230][root][INFO] - Length of data.y: 25
[2024-04-25 14:28:24,405][root][INFO] - x: [ 0.33635876  0.26341422 -0.30037015]
[2024-04-25 14:28:24,405][root][INFO] - y: [0.04249845 0.07036786]
[2024-04-25 14:28:24,405][root][INFO] - Reward: -2.1299998779421774
[2024-04-25 14:28:24,406][root][INFO] - --------------- Start iteration i=9 ---------------
[2024-04-25 14:28:24,407][root][INFO] - Length of data.x: 26
[2024-04-25 14:28:24,407][root][INFO] - Length of data.y: 26
[2024-04-25 14:28:24,581][root][INFO] - x: [ 0.37885721  0.33378208 -0.40883382]
[2024-04-25 14:28:24,581][root][INFO] - y: [0.05162896 0.07171081]
[2024-04-25 14:28:24,581][root][INFO] - Reward: -2.882004164052667
[2024-04-25 14:28:24,583][root][INFO] - --------------- Start iteration i=10 ---------------
[2024-04-25 14:28:24,583][root][INFO] - Length of data.x: 27
[2024-04-25 14:28:24,583][root][INFO] - Length of data.y: 27
[2024-04-25 14:28:55,597][root][INFO] - Eval Returns: [ -126.4185314   -242.52676055 -1394.21395964  -126.47829473
  -457.04072637]
[2024-04-25 14:28:55,642][root][INFO] - Eval Returns: mean=-469.336 std=477.941
[2024-04-25 14:28:55,642][root][INFO] - Eval ndata: 27.000
[2024-04-25 14:28:55,643][root][INFO] - Model MSE (current real MPC): 0.077
[2024-04-25 14:28:56,148][root][INFO] - Model MSE (random test set): 0.001
[2024-04-25 14:28:56,148][root][INFO] - Model MSE (GT MPC): 0.000
[2024-04-25 14:28:56,148][root][INFO] - Model Likelihood (random test set): -1.852
[2024-04-25 14:28:56,148][root][INFO] - Model Likelihood (GT MPC): -1.843
[2024-04-25 14:28:56,148][root][INFO] - *[TIME] [Evaluate the current MPC policy] Elapsed: 31.46 seconds
[2024-04-25 14:29:00,508][root][INFO] - x: [0.43048617 0.4054929  1.        ]
[2024-04-25 14:29:00,508][root][INFO] - y: [0.06805672 0.12902333]
[2024-04-25 14:29:00,509][root][INFO] - Reward: -4.285569684939966
[2024-04-25 14:29:02,045][root][INFO] - --------------- Start iteration i=11 ---------------
[2024-04-25 14:29:02,045][root][INFO] - Length of data.x: 28
[2024-04-25 14:29:02,045][root][INFO] - Length of data.y: 28
[2024-04-25 14:29:02,220][root][INFO] - x: [0.49854289 0.53451622 0.04566873]
[2024-04-25 14:29:02,220][root][INFO] - y: [0.08021126 0.0954616 ]
[2024-04-25 14:29:02,220][root][INFO] - Reward: -5.845876537488806
[2024-04-25 14:29:02,221][root][INFO] - --------------- Start iteration i=12 ---------------
[2024-04-25 14:29:02,221][root][INFO] - Length of data.x: 29
[2024-04-25 14:29:02,222][root][INFO] - Length of data.y: 29
[2024-04-25 14:29:02,393][root][INFO] - x: [ 0.57875415  0.62997782 -0.73443398]
[2024-04-25 14:29:02,394][root][INFO] - y: [0.08939708 0.07214523]
[2024-04-25 14:29:02,394][root][INFO] - Reward: -7.563257882010975
[2024-04-25 14:29:02,395][root][INFO] - --------------- Start iteration i=13 ---------------
[2024-04-25 14:29:02,395][root][INFO] - Length of data.x: 30
[2024-04-25 14:29:02,395][root][INFO] - Length of data.y: 30
[2024-04-25 14:29:02,568][root][INFO] - x: [0.66815123 0.70212305 0.16657324]
[2024-04-25 14:29:02,568][root][INFO] - y: [0.10050188 0.08721687]
[2024-04-25 14:29:02,569][root][INFO] - Reward: -9.81891408944757
[2024-04-25 14:29:02,570][root][INFO] - --------------- Start iteration i=14 ---------------
[2024-04-25 14:29:02,570][root][INFO] - Length of data.x: 31
[2024-04-25 14:29:02,570][root][INFO] - Length of data.y: 31
[2024-04-25 14:29:02,744][root][INFO] - x: [0.76865311 0.78933992 0.70011507]
[2024-04-25 14:29:02,744][root][INFO] - y: [0.11082085 0.08104499]
[2024-04-25 14:29:02,745][root][INFO] - Reward: -12.484295088567881
[2024-04-25 14:29:02,746][root][INFO] - --------------- Start iteration i=15 ---------------
[2024-04-25 14:29:02,746][root][INFO] - Length of data.x: 32
[2024-04-25 14:29:02,746][root][INFO] - Length of data.y: 32
[2024-04-25 14:29:31,003][root][INFO] - Eval Returns: [ -122.13437227  -122.6496719   -357.4286073  -1752.8267156
  -124.94495155]
[2024-04-25 14:29:31,050][root][INFO] - Eval Returns: mean=-495.997 std=634.927
[2024-04-25 14:29:31,050][root][INFO] - Eval ndata: 32.000
[2024-04-25 14:29:31,050][root][INFO] - Model MSE (current real MPC): 0.024
[2024-04-25 14:29:31,554][root][INFO] - Model MSE (random test set): 0.000
[2024-04-25 14:29:31,554][root][INFO] - Model MSE (GT MPC): 0.000
[2024-04-25 14:29:31,554][root][INFO] - Model Likelihood (random test set): -1.850
[2024-04-25 14:29:31,555][root][INFO] - Model Likelihood (GT MPC): -1.841
[2024-04-25 14:29:31,555][root][INFO] - *[TIME] [Evaluate the current MPC policy] Elapsed: 28.70 seconds
[2024-04-25 14:29:36,077][root][INFO] - x: [0.87947396 0.87038491 1.        ]
[2024-04-25 14:29:36,078][root][INFO] - y: [0.11762067 0.05340568]
[2024-04-25 14:29:36,078][root][INFO] - Reward: -15.27802828892795
[2024-04-25 14:29:38,046][root][INFO] - --------------- Start iteration i=16 ---------------
[2024-04-25 14:29:38,046][root][INFO] - Length of data.x: 33
[2024-04-25 14:29:38,047][root][INFO] - Length of data.y: 33
[2024-04-25 14:29:38,213][root][INFO] - x: [0.99709462 0.92379058 0.98302045]
[2024-04-25 14:29:38,213][root][INFO] - y: [0.12011694 0.01960568]
[2024-04-25 14:29:38,213][root][INFO] - Reward: -13.391378379230243
[2024-04-25 14:29:38,214][root][INFO] - --------------- Start iteration i=17 ---------------
[2024-04-25 14:29:38,214][root][INFO] - Length of data.x: 34
[2024-04-25 14:29:38,214][root][INFO] - Length of data.y: 34
[2024-04-25 14:29:38,379][root][INFO] - x: [-0.88278844  0.94339627  0.95136093]
[2024-04-25 14:29:38,379][root][INFO] - y: [0.12036258 0.00192927]
[2024-04-25 14:29:38,380][root][INFO] - Reward: -11.460052792289236
[2024-04-25 14:29:38,381][root][INFO] - --------------- Start iteration i=18 ---------------
[2024-04-25 14:29:38,381][root][INFO] - Length of data.x: 35
[2024-04-25 14:29:38,381][root][INFO] - Length of data.y: 35
[2024-04-25 14:29:38,546][root][INFO] - x: [-0.76242585  0.94532554 -0.66012449]
[2024-04-25 14:29:38,546][root][INFO] - y: [ 0.10910609 -0.08840827]
[2024-04-25 14:29:38,547][root][INFO] - Reward: -8.913920192013824
[2024-04-25 14:29:38,548][root][INFO] - --------------- Start iteration i=19 ---------------
[2024-04-25 14:29:38,548][root][INFO] - Length of data.x: 36
[2024-04-25 14:29:38,548][root][INFO] - Length of data.y: 36
[2024-04-25 14:29:38,713][root][INFO] - x: [-0.65331976  0.85691727  0.11819394]
[2024-04-25 14:29:38,714][root][INFO] - y: [ 0.09909192 -0.07865116]
[2024-04-25 14:29:38,714][root][INFO] - Reward: -6.908155731584372
[2024-04-25 14:29:38,715][root][INFO] - --------------- Start iteration i=20 ---------------
[2024-04-25 14:29:38,715][root][INFO] - Length of data.x: 37
[2024-04-25 14:29:38,715][root][INFO] - Length of data.y: 37
[2024-04-25 14:30:11,731][root][INFO] - Eval Returns: [  -1.53959023 -234.82433593 -116.14077905 -247.82043747 -118.12394317]
[2024-04-25 14:30:11,770][root][INFO] - Eval Returns: mean=-143.690 std=90.297
[2024-04-25 14:30:11,770][root][INFO] - Eval ndata: 37.000
[2024-04-25 14:30:11,770][root][INFO] - Model MSE (current real MPC): 0.024
[2024-04-25 14:30:12,263][root][INFO] - Model MSE (random test set): 0.000
[2024-04-25 14:30:12,263][root][INFO] - Model MSE (GT MPC): 0.000
[2024-04-25 14:30:12,263][root][INFO] - Model Likelihood (random test set): -1.847
[2024-04-25 14:30:12,263][root][INFO] - Model Likelihood (GT MPC): -1.840
[2024-04-25 14:30:12,263][root][INFO] - *[TIME] [Evaluate the current MPC policy] Elapsed: 33.44 seconds
