[2024-04-19 19:04:55,711][root][INFO] - Dumper dumping to /trajectory-information-rl/experiments/mpc_cartpole_2024-04-19/19-04-50/seed_0
[2024-04-19 19:04:55,716][root][INFO] - Start obs: None
[2024-04-19 19:05:09,952][root][INFO] - GT Returns: [-10.75268457 -11.18655792 -13.6834804  -12.84779938 -11.81831612]
[2024-04-19 19:05:09,953][root][INFO] - GT Returns: mean=-12.058 std=1.076
[2024-04-19 19:05:09,953][root][INFO] - Path Lengths: [36345, 36345, 36345, 36345, 36345]
[2024-04-19 19:05:09,953][root][INFO] - Path Lengths: mean=36345.000 std=0.000
[2024-04-19 19:05:10,013][root][INFO] - all_x.shape = (181725, 5)
[2024-04-19 19:05:10,018][root][INFO] - all_x.min(axis=0) = [-0.95385181 -1.58626445 -0.99998251 -0.9138624  -1.        ]
[2024-04-19 19:05:10,022][root][INFO] - all_x.max(axis=0) = [0.93801829 1.43779242 0.99999787 0.87045458 1.        ]
[2024-04-19 19:05:10,025][root][INFO] - all_x.mean(axis=0) = [-0.00426204  0.01679588 -0.02523916 -0.04703824  0.02561898]
[2024-04-19 19:05:10,032][root][INFO] - all_x.var(axis=0) = [0.01177463 0.05108045 0.25316301 0.08573092 0.20758351]
[2024-04-19 19:05:10,066][root][INFO] - --------------- Start iteration i=0 ---------------
[2024-04-19 19:05:10,066][root][INFO] - Length of data.x: 1
[2024-04-19 19:05:10,066][root][INFO] - Length of data.y: 1
[2024-04-19 19:05:15,402][root][INFO] - Eval Returns: [-24.99693018 -24.99421386 -24.9993544  -24.99993071 -24.99991195]
[2024-04-19 19:05:15,407][root][INFO] - Eval Returns: mean=-24.998 std=0.002
[2024-04-19 19:05:15,407][root][INFO] - Eval ndata: 1.000
[2024-04-19 19:05:15,407][root][INFO] - Model MSE (current real MPC): 0.539
[2024-04-19 19:05:16,406][root][INFO] - Model MSE (random test set): 0.379
[2024-04-19 19:05:16,406][root][INFO] - Model MSE (GT MPC): 0.102
[2024-04-19 19:05:16,406][root][INFO] - Model Likelihood (random test set): -4.110
[2024-04-19 19:05:16,406][root][INFO] - Model Likelihood (GT MPC): -3.901
[2024-04-19 19:05:16,406][root][INFO] - *[TIME] [Evaluate the current MPC policy] Elapsed: 6.15 seconds
[2024-04-19 19:05:18,341][root][INFO] - x: [ 1.28963225e-03  4.48455964e-04  9.95004847e-01  3.95680217e-05
 -9.85808959e-02]
[2024-04-19 19:05:18,341][root][INFO] - y: [ 4.48455964e-05 -1.67022630e-02  3.14872566e-05  1.82414170e-02]
[2024-04-19 19:05:18,341][root][INFO] - Reward: -0.9999900974879959
[2024-04-19 19:05:19,841][root][INFO] - --------------- Start iteration i=1 ---------------
[2024-04-19 19:05:19,841][root][INFO] - Length of data.x: 2
[2024-04-19 19:05:19,842][root][INFO] - Length of data.y: 2
[2024-04-19 19:05:20,029][root][INFO] - x: [ 0.00133448 -0.01625381  0.99503633  0.01828099 -0.07004852]
[2024-04-19 19:05:20,029][root][INFO] - y: [-0.00162538 -0.01187258  0.01454756  0.01340263]
[2024-04-19 19:05:20,029][root][INFO] - Reward: -0.9999900535755729
[2024-04-19 19:05:20,030][root][INFO] - --------------- Start iteration i=2 ---------------
[2024-04-19 19:05:20,030][root][INFO] - Length of data.x: 3
[2024-04-19 19:05:20,030][root][INFO] - Length of data.y: 3
[2024-04-19 19:05:20,179][root][INFO] - x: [-2.90902864e-04 -2.81263821e-02 -9.90416109e-01  3.16836146e-02
  7.09757078e-01]
[2024-04-19 19:05:20,179][root][INFO] - y: [-0.00281264  0.11576661  0.02521304 -0.1186706 ]
[2024-04-19 19:05:20,179][root][INFO] - Reward: -0.9999901281889992
[2024-04-19 19:05:20,180][root][INFO] - --------------- Start iteration i=3 ---------------
[2024-04-19 19:05:20,180][root][INFO] - Length of data.x: 4
[2024-04-19 19:05:20,180][root][INFO] - Length of data.y: 4
[2024-04-19 19:05:20,329][root][INFO] - x: [-0.00310354  0.08764023 -0.96520307 -0.08698699 -0.58539458]
[2024-04-19 19:05:20,329][root][INFO] - y: [ 0.00876402 -0.08681705 -0.0692221   0.07558492]
[2024-04-19 19:05:20,329][root][INFO] - Reward: -0.9999905607559697
[2024-04-19 19:05:20,329][root][INFO] - --------------- Start iteration i=4 ---------------
[2024-04-19 19:05:20,329][root][INFO] - Length of data.x: 5
[2024-04-19 19:05:20,330][root][INFO] - Length of data.y: 5
[2024-04-19 19:05:20,479][root][INFO] - x: [ 5.66048158e-03  8.23178549e-04  9.65574829e-01 -1.14020723e-02
 -6.57181644e-01]
[2024-04-19 19:05:20,480][root][INFO] - y: [ 8.23178549e-05 -1.10731935e-01 -9.07348820e-03  1.20684819e-01]
[2024-04-19 19:05:20,480][root][INFO] - Reward: -0.9999905338554737
[2024-04-19 19:05:20,480][root][INFO] - --------------- Start iteration i=5 ---------------
[2024-04-19 19:05:20,480][root][INFO] - Length of data.x: 6
[2024-04-19 19:05:20,480][root][INFO] - Length of data.y: 6
[2024-04-19 19:05:20,632][root][INFO] - x: [ 0.0057428  -0.10990876  0.95650134  0.10928275 -0.51507913]
[2024-04-19 19:05:20,632][root][INFO] - y: [-0.01099088 -0.0900439   0.08696452  0.10258244]
[2024-04-19 19:05:20,632][root][INFO] - Reward: -0.9999904311559844
[2024-04-19 19:05:20,632][root][INFO] - --------------- Start iteration i=6 ---------------
[2024-04-19 19:05:20,632][root][INFO] - Length of data.x: 7
[2024-04-19 19:05:20,632][root][INFO] - Length of data.y: 7
[2024-04-19 19:05:20,784][root][INFO] - x: [-0.00524808 -0.19995265 -0.95653414  0.21186519  0.8736993 ]
[2024-04-19 19:05:20,784][root][INFO] - y: [-0.01999527  0.15834238  0.1685971  -0.17023637]
[2024-04-19 19:05:20,784][root][INFO] - Reward: -0.9999954289550167
[2024-04-19 19:05:20,784][root][INFO] - --------------- Start iteration i=7 ---------------
[2024-04-19 19:05:20,784][root][INFO] - Length of data.x: 8
[2024-04-19 19:05:20,784][root][INFO] - Length of data.y: 8
[2024-04-19 19:05:20,936][root][INFO] - x: [-0.02524334 -0.04161027 -0.78793705  0.04162882 -0.5562409 ]
[2024-04-19 19:05:20,937][root][INFO] - y: [-0.00416103 -0.04726717  0.03312719 -0.02352945]
[2024-04-19 19:05:20,937][root][INFO] - Reward: -0.9999964598756276
[2024-04-19 19:05:20,937][root][INFO] - --------------- Start iteration i=8 ---------------
[2024-04-19 19:05:20,937][root][INFO] - Length of data.x: 9
[2024-04-19 19:05:20,937][root][INFO] - Length of data.y: 9
[2024-04-19 19:05:21,089][root][INFO] - x: [-0.02940437 -0.08887744 -0.75480986  0.01809938  0.89413226]
[2024-04-19 19:05:21,089][root][INFO] - y: [-0.00888774  0.13499655  0.01440304 -0.16526914]
[2024-04-19 19:05:21,089][root][INFO] - Reward: -0.999998706141402
[2024-04-19 19:05:21,089][root][INFO] - --------------- Start iteration i=9 ---------------
[2024-04-19 19:05:21,089][root][INFO] - Length of data.x: 10
[2024-04-19 19:05:21,089][root][INFO] - Length of data.y: 10
[2024-04-19 19:05:21,241][root][INFO] - x: [-0.03829211  0.0461191  -0.74040682 -0.14716976  0.2870511 ]
[2024-04-19 19:05:21,242][root][INFO] - y: [ 0.00461191  0.0745417  -0.11711407 -0.12259548]
[2024-04-19 19:05:21,242][root][INFO] - Reward: -0.9999982562039927
[2024-04-19 19:05:21,242][root][INFO] - --------------- Start iteration i=10 ---------------
[2024-04-19 19:05:21,242][root][INFO] - Length of data.x: 11
[2024-04-19 19:05:21,242][root][INFO] - Length of data.y: 11
[2024-04-19 19:05:27,156][root][INFO] - Eval Returns: [-22.59450727 -24.19154023 -19.22595729 -21.35123763 -22.91848605]
[2024-04-19 19:05:27,161][root][INFO] - Eval Returns: mean=-22.056 std=1.679
[2024-04-19 19:05:27,161][root][INFO] - Eval ndata: 11.000
[2024-04-19 19:05:27,161][root][INFO] - Model MSE (current real MPC): 0.972
[2024-04-19 19:05:28,246][root][INFO] - Model MSE (random test set): 0.544
[2024-04-19 19:05:28,246][root][INFO] - Model MSE (GT MPC): 0.449
[2024-04-19 19:05:28,246][root][INFO] - Model Likelihood (random test set): -3.937
[2024-04-19 19:05:28,246][root][INFO] - Model Likelihood (GT MPC): -3.904
[2024-04-19 19:05:28,246][root][INFO] - *[TIME] [Evaluate the current MPC policy] Elapsed: 6.85 seconds
[2024-04-19 19:05:31,198][root][INFO] - x: [-0.0336802   0.1206608  -0.85752089 -0.26976524  0.90576974]
[2024-04-19 19:05:31,198][root][INFO] - y: [ 0.01206608  0.19168312 -0.21467253 -0.21530147]
[2024-04-19 19:05:31,198][root][INFO] - Reward: -0.9999873725384294
[2024-04-19 19:05:32,178][root][INFO] - --------------- Start iteration i=11 ---------------
[2024-04-19 19:05:32,178][root][INFO] - Length of data.x: 12
[2024-04-19 19:05:32,178][root][INFO] - Length of data.y: 12
[2024-04-19 19:05:32,365][root][INFO] - x: [-0.02161412  0.31234392  0.92780658 -0.48506671  1.        ]
[2024-04-19 19:05:32,366][root][INFO] - y: [ 0.03123439  0.06088295 -0.38600413 -0.03724196]
[2024-04-19 19:05:32,366][root][INFO] - Reward: -0.9994490641168908
[2024-04-19 19:05:32,366][root][INFO] - --------------- Start iteration i=12 ---------------
[2024-04-19 19:05:32,366][root][INFO] - Length of data.x: 13
[2024-04-19 19:05:32,366][root][INFO] - Length of data.y: 13
[2024-04-19 19:05:32,684][root][INFO] - x: [ 0.00962027  0.37322687  0.54180244 -0.52230867 -0.61287366]
[2024-04-19 19:05:32,684][root][INFO] - y: [ 0.03732269 -0.32544667 -0.41564037  0.13997093]
[2024-04-19 19:05:32,684][root][INFO] - Reward: -0.9807300398763121
[2024-04-19 19:05:32,685][root][INFO] - --------------- Start iteration i=13 ---------------
[2024-04-19 19:05:32,685][root][INFO] - Length of data.x: 14
[2024-04-19 19:05:32,685][root][INFO] - Length of data.y: 14
[2024-04-19 19:05:32,842][root][INFO] - x: [ 0.04694296  0.0477802   0.12616207 -0.38233775  0.400205  ]
[2024-04-19 19:05:32,842][root][INFO] - y: [ 0.00477802 -0.00036714 -0.30425496  0.03757177]
[2024-04-19 19:05:32,843][root][INFO] - Reward: -0.31817724995928187
[2024-04-19 19:05:32,843][root][INFO] - --------------- Start iteration i=14 ---------------
[2024-04-19 19:05:32,843][root][INFO] - Length of data.x: 15
[2024-04-19 19:05:32,843][root][INFO] - Length of data.y: 15
[2024-04-19 19:05:32,998][root][INFO] - x: [ 0.05172098  0.04741306 -0.17809289 -0.34476598 -0.9732858 ]
[2024-04-19 19:05:32,999][root][INFO] - y: [ 0.00474131 -0.0755816  -0.27435627 -0.11617762]
[2024-04-19 19:05:32,999][root][INFO] - Reward: -0.8766971715993833
[2024-04-19 19:05:32,999][root][INFO] - --------------- Start iteration i=15 ---------------
[2024-04-19 19:05:32,999][root][INFO] - Length of data.x: 16
[2024-04-19 19:05:32,999][root][INFO] - Length of data.y: 16
[2024-04-19 19:05:33,156][root][INFO] - x: [ 0.05646228 -0.02816854 -0.45244916 -0.4609436   0.68817439]
[2024-04-19 19:05:33,156][root][INFO] - y: [-0.00281685  0.26283392 -0.36680756 -0.05798833]
[2024-04-19 19:05:33,156][root][INFO] - Reward: -0.999960874087525
[2024-04-19 19:05:33,156][root][INFO] - --------------- Start iteration i=16 ---------------
[2024-04-19 19:05:33,156][root][INFO] - Length of data.x: 17
[2024-04-19 19:05:33,156][root][INFO] - Length of data.y: 17
[2024-04-19 19:05:33,314][root][INFO] - x: [ 0.05364543  0.23466538 -0.81925672 -0.51893193 -0.67184951]
[2024-04-19 19:05:33,314][root][INFO] - y: [ 0.02346654  0.11307699 -0.41295324 -0.14814402]
[2024-04-19 19:05:33,314][root][INFO] - Reward: -0.9999999973403123
[2024-04-19 19:05:33,314][root][INFO] - --------------- Start iteration i=17 ---------------
[2024-04-19 19:05:33,314][root][INFO] - Length of data.x: 18
[2024-04-19 19:05:33,315][root][INFO] - Length of data.y: 18
[2024-04-19 19:05:33,471][root][INFO] - x: [ 0.07711197  0.34774236  0.76779004 -0.66707595 -1.        ]
[2024-04-19 19:05:33,472][root][INFO] - y: [ 0.03477424 -0.50509565 -0.5308426   0.44199981]
[2024-04-19 19:05:33,472][root][INFO] - Reward: -0.9999999932631902
[2024-04-19 19:05:33,472][root][INFO] - --------------- Start iteration i=18 ---------------
[2024-04-19 19:05:33,472][root][INFO] - Length of data.x: 19
[2024-04-19 19:05:33,472][root][INFO] - Length of data.y: 19
[2024-04-19 19:05:33,630][root][INFO] - x: [ 0.1118862  -0.15735329  0.23694743 -0.22507614  0.10354869]
[2024-04-19 19:05:33,630][root][INFO] - y: [-0.01573533 -0.00238189 -0.17911005  0.06478103]
[2024-04-19 19:05:33,630][root][INFO] - Reward: -0.9998947101383139
[2024-04-19 19:05:33,630][root][INFO] - --------------- Start iteration i=19 ---------------
[2024-04-19 19:05:33,630][root][INFO] - Length of data.x: 20
[2024-04-19 19:05:33,630][root][INFO] - Length of data.y: 20
[2024-04-19 19:05:33,789][root][INFO] - x: [ 0.09615087 -0.15973518  0.05783739 -0.16029511  0.26322502]
[2024-04-19 19:05:33,789][root][INFO] - y: [-0.01597352  0.04725311 -0.1275589   0.06422027]
[2024-04-19 19:05:33,789][root][INFO] - Reward: -0.9728904285414011
[2024-04-19 19:05:33,790][root][INFO] - --------------- Start iteration i=20 ---------------
[2024-04-19 19:05:33,790][root][INFO] - Length of data.x: 21
[2024-04-19 19:05:33,790][root][INFO] - Length of data.y: 21
[2024-04-19 19:05:40,198][root][INFO] - Eval Returns: [-22.42433328 -22.94697337 -24.85271639 -21.96338859 -22.13337055]
[2024-04-19 19:05:40,202][root][INFO] - Eval Returns: mean=-22.864 std=1.049
[2024-04-19 19:05:40,202][root][INFO] - Eval ndata: 21.000
[2024-04-19 19:05:40,202][root][INFO] - Model MSE (current real MPC): 0.717
[2024-04-19 19:05:41,262][root][INFO] - Model MSE (random test set): 0.147
[2024-04-19 19:05:41,262][root][INFO] - Model MSE (GT MPC): 0.035
[2024-04-19 19:05:41,262][root][INFO] - Model Likelihood (random test set): -3.856
[2024-04-19 19:05:41,262][root][INFO] - Model Likelihood (GT MPC): -3.756
[2024-04-19 19:05:41,262][root][INFO] - *[TIME] [Evaluate the current MPC policy] Elapsed: 7.32 seconds
[2024-04-19 19:05:44,124][root][INFO] - x: [ 0.08017736 -0.11248208 -0.06972151 -0.09607485 -0.27514932]
[2024-04-19 19:05:44,125][root][INFO] - y: [-0.01124821 -0.05028788 -0.076454   -0.07042416]
[2024-04-19 19:05:44,125][root][INFO] - Reward: -0.7688406150012713
[2024-04-19 19:05:45,111][root][INFO] - --------------- Start iteration i=21 ---------------
[2024-04-19 19:05:45,112][root][INFO] - Length of data.x: 22
[2024-04-19 19:05:45,112][root][INFO] - Length of data.y: 22
[2024-04-19 19:05:45,295][root][INFO] - x: [ 0.06892915 -0.16276996 -0.14617551 -0.16649901 -0.26015147]
[2024-04-19 19:05:45,295][root][INFO] - y: [-0.016277   -0.0393591  -0.13249581 -0.07880875]
[2024-04-19 19:05:45,295][root][INFO] - Reward: -0.3340789371969476
[2024-04-19 19:05:45,296][root][INFO] - --------------- Start iteration i=22 ---------------
[2024-04-19 19:05:45,296][root][INFO] - Length of data.x: 23
[2024-04-19 19:05:45,296][root][INFO] - Length of data.y: 23
[2024-04-19 19:05:45,455][root][INFO] - x: [ 0.05265215 -0.20212906 -0.27867132 -0.24530776  0.12825047]
[2024-04-19 19:05:45,455][root][INFO] - y: [-0.02021291  0.04733478 -0.19520987 -0.04507809]
[2024-04-19 19:05:45,455][root][INFO] - Reward: -0.9514927838740251
[2024-04-19 19:05:45,455][root][INFO] - --------------- Start iteration i=23 ---------------
[2024-04-19 19:05:45,455][root][INFO] - Length of data.x: 24
[2024-04-19 19:05:45,456][root][INFO] - Length of data.y: 24
[2024-04-19 19:05:45,615][root][INFO] - x: [ 0.03243925 -0.15479428 -0.47388119 -0.29038584 -0.17722071]
[2024-04-19 19:05:45,615][root][INFO] - y: [-0.01547943  0.05975595 -0.2310819  -0.09297176]
[2024-04-19 19:05:45,615][root][INFO] - Reward: -0.9997100698890877
[2024-04-19 19:05:45,616][root][INFO] - --------------- Start iteration i=24 ---------------
[2024-04-19 19:05:45,616][root][INFO] - Length of data.x: 25
[2024-04-19 19:05:45,616][root][INFO] - Length of data.y: 25
[2024-04-19 19:05:45,777][root][INFO] - x: [ 0.01695982 -0.09503833 -0.70496309 -0.38335761  0.07131581]
[2024-04-19 19:05:45,777][root][INFO] - y: [-0.00950383  0.15719516 -0.30506654 -0.17290433]
[2024-04-19 19:05:45,777][root][INFO] - Reward: -0.9999906876143609
[2024-04-19 19:05:45,777][root][INFO] - Explore episode complete with return -23.20183065123277, resetting
[2024-04-19 19:05:45,777][root][INFO] - Exploration Episode Rewards: [-0.9999900974879959, -0.9999900535755729, -0.9999901281889992, -0.9999905607559697, -0.9999905338554737, -0.9999904311559844, -0.9999954289550167, -0.9999964598756276, -0.999998706141402, -0.9999982562039927, -0.9999873725384294, -0.9994490641168908, -0.9807300398763121, -0.31817724995928187, -0.8766971715993833, -0.999960874087525, -0.9999999973403123, -0.9999999932631902, -0.9998947101383139, -0.9728904285414011, -0.7688406150012713, -0.3340789371969476, -0.9514927838740251, -0.9997100698890877, -0.9999906876143609]
[2024-04-19 19:05:45,778][root][INFO] - --------------- Start iteration i=25 ---------------
[2024-04-19 19:05:45,778][root][INFO] - Length of data.x: 26
[2024-04-19 19:05:45,778][root][INFO] - Length of data.y: 26
[2024-04-19 19:05:45,938][root][INFO] - x: [ 3.29792793e-03  3.79271201e-03  9.96835324e-01 -6.51556492e-04
 -4.69547580e-01]
[2024-04-19 19:05:45,939][root][INFO] - y: [ 0.00037927 -0.07576971 -0.00051849  0.07674251]
[2024-04-19 19:05:45,939][root][INFO] - Reward: -0.9999902136027278
[2024-04-19 19:05:45,939][root][INFO] - --------------- Start iteration i=26 ---------------
[2024-04-19 19:05:45,939][root][INFO] - Length of data.x: 27
[2024-04-19 19:05:45,939][root][INFO] - Length of data.y: 27
[2024-04-19 19:05:46,101][root][INFO] - x: [ 0.0036772  -0.07197699  0.99631683  0.07609095 -0.06332948]
[2024-04-19 19:05:46,102][root][INFO] - y: [-0.0071977  -0.00976266  0.0605513   0.01089851]
[2024-04-19 19:05:46,102][root][INFO] - Reward: -0.9999898525991063
[2024-04-19 19:05:46,102][root][INFO] - --------------- Start iteration i=27 ---------------
[2024-04-19 19:05:46,102][root][INFO] - Length of data.x: 28
[2024-04-19 19:05:46,102][root][INFO] - Length of data.y: 28
[2024-04-19 19:05:46,264][root][INFO] - x: [-0.0035205  -0.08173966 -0.94313186  0.08698946 -0.38174716]
[2024-04-19 19:05:46,264][root][INFO] - y: [-0.00817397 -0.04656816  0.06922407  0.02837581]
[2024-04-19 19:05:46,264][root][INFO] - Reward: -0.9999909842756971
[2024-04-19 19:05:46,265][root][INFO] - --------------- Start iteration i=28 ---------------
[2024-04-19 19:05:46,265][root][INFO] - Length of data.x: 29
[2024-04-19 19:05:46,265][root][INFO] - Length of data.y: 29
[2024-04-19 19:05:46,427][root][INFO] - x: [-0.01169447 -0.12830782 -0.8739078   0.11536527 -0.04325826]
[2024-04-19 19:05:46,428][root][INFO] - y: [-0.01283078  0.02185619  0.09180484 -0.05805444]
[2024-04-19 19:05:46,428][root][INFO] - Reward: -0.9999949304116489
[2024-04-19 19:05:46,428][root][INFO] - --------------- Start iteration i=29 ---------------
[2024-04-19 19:05:46,428][root][INFO] - Length of data.x: 30
[2024-04-19 19:05:46,428][root][INFO] - Length of data.y: 30
[2024-04-19 19:05:46,589][root][INFO] - x: [-0.02452525 -0.10645164 -0.78210296  0.05731083  0.5696203 ]
[2024-04-19 19:05:46,589][root][INFO] - y: [-0.01064516  0.10067     0.04560655 -0.14008363]
[2024-04-19 19:05:46,589][root][INFO] - Reward: -0.9999980204683858
[2024-04-19 19:05:46,590][root][INFO] - --------------- Start iteration i=30 ---------------
[2024-04-19 19:05:46,590][root][INFO] - Length of data.x: 31
[2024-04-19 19:05:46,590][root][INFO] - Length of data.y: 31
[2024-04-19 19:05:53,494][root][INFO] - Eval Returns: [-22.92302279 -14.63858196 -23.39440592 -23.95543638 -23.6664017 ]
[2024-04-19 19:05:53,498][root][INFO] - Eval Returns: mean=-21.716 std=3.555
[2024-04-19 19:05:53,498][root][INFO] - Eval ndata: 31.000
[2024-04-19 19:05:53,498][root][INFO] - Model MSE (current real MPC): 0.437
[2024-04-19 19:05:54,578][root][INFO] - Model MSE (random test set): 0.148
[2024-04-19 19:05:54,579][root][INFO] - Model MSE (GT MPC): 0.015
[2024-04-19 19:05:54,579][root][INFO] - Model Likelihood (random test set): -3.869
[2024-04-19 19:05:54,579][root][INFO] - Model Likelihood (GT MPC): -3.714
[2024-04-19 19:05:54,579][root][INFO] - *[TIME] [Evaluate the current MPC policy] Elapsed: 7.83 seconds
[2024-04-19 19:05:57,034][root][INFO] - x: [-0.03517041 -0.00578164 -0.73649641 -0.0827728  -0.15771141]
[2024-04-19 19:05:57,035][root][INFO] - y: [-0.00057816  0.0088887  -0.06586855 -0.07833344]
[2024-04-19 19:05:57,035][root][INFO] - Reward: -0.9999985785680818
[2024-04-19 19:05:57,970][root][INFO] - --------------- Start iteration i=31 ---------------
[2024-04-19 19:05:57,970][root][INFO] - Length of data.x: 32
[2024-04-19 19:05:57,971][root][INFO] - Length of data.y: 32
[2024-04-19 19:05:58,144][root][INFO] - x: [-0.03574858  0.00310707 -0.80236496 -0.16110623 -0.20561926]
[2024-04-19 19:05:58,144][root][INFO] - y: [ 0.00031071  0.01461313 -0.12820437 -0.06901457]
[2024-04-19 19:05:58,144][root][INFO] - Reward: -0.9999980040479134
[2024-04-19 19:05:58,145][root][INFO] - --------------- Start iteration i=32 ---------------
[2024-04-19 19:05:58,145][root][INFO] - Length of data.x: 33
[2024-04-19 19:05:58,145][root][INFO] - Length of data.y: 33
[2024-04-19 19:05:58,311][root][INFO] - x: [-0.03543787  0.01772019 -0.93056933 -0.2301208   0.30564357]
[2024-04-19 19:05:58,312][root][INFO] - y: [ 0.00177202  0.07611824 -0.18312446 -0.09556505]
[2024-04-19 19:05:58,312][root][INFO] - Reward: -0.9999821441660252
[2024-04-19 19:05:58,312][root][INFO] - --------------- Start iteration i=33 ---------------
[2024-04-19 19:05:58,312][root][INFO] - Length of data.x: 34
[2024-04-19 19:05:58,312][root][INFO] - Length of data.y: 34
[2024-04-19 19:05:58,479][root][INFO] - x: [-0.03366585  0.09383843  0.88630621 -0.32568585  0.43245817]
[2024-04-19 19:05:58,479][root][INFO] - y: [ 0.00938384 -0.00674324 -0.25917278  0.04065183]
[2024-04-19 19:05:58,480][root][INFO] - Reward: -0.9982071586670277
[2024-04-19 19:05:58,480][root][INFO] - --------------- Start iteration i=34 ---------------
[2024-04-19 19:05:58,480][root][INFO] - Length of data.x: 35
[2024-04-19 19:05:58,480][root][INFO] - Length of data.y: 35
[2024-04-19 19:05:58,656][root][INFO] - x: [-0.02428201  0.08709519  0.62713343 -0.28503402  0.41094306]
[2024-04-19 19:05:58,656][root][INFO] - y: [ 0.00870952 -0.0457349  -0.22682305  0.10825585]
[2024-04-19 19:05:58,656][root][INFO] - Reward: -0.9365283127478147
[2024-04-19 19:05:58,657][root][INFO] - --------------- Start iteration i=35 ---------------
[2024-04-19 19:05:58,657][root][INFO] - Length of data.x: 36
[2024-04-19 19:05:58,657][root][INFO] - Length of data.y: 36
