[2024-04-23 15:57:19,714][root][INFO] - Dumper dumping to /tirl/experiments/mpc_frozencartpole_2024-04-23/15-57-03/seed_1
[2024-04-23 15:57:19,729][root][INFO] - Start obs: None
[2024-04-23 15:57:47,376][root][INFO] - GT Returns: [-11.2699632  -11.13465495 -10.65989478 -11.42397079 -10.40337071]
[2024-04-23 15:57:47,377][root][INFO] - GT Returns: mean=-10.978 std=0.385
[2024-04-23 15:57:47,377][root][INFO] - Path Lengths: [36345, 36345, 36345, 36345, 36345]
[2024-04-23 15:57:47,377][root][INFO] - Path Lengths: mean=36345.000 std=0.000
[2024-04-23 15:57:47,469][root][INFO] - all_x.shape = (181725, 5)
[2024-04-23 15:57:47,475][root][INFO] - all_x.min(axis=0) = [-0.54875691 -0.90690805 -0.99999729 -0.8129854  -1.        ]
[2024-04-23 15:57:47,481][root][INFO] - all_x.max(axis=0) = [0.87772535 1.42540614 0.9999927  0.84549418 1.        ]
[2024-04-23 15:57:47,485][root][INFO] - all_x.mean(axis=0) = [-0.01927808  0.00200967  0.02685139  0.03250545  0.03223574]
[2024-04-23 15:57:47,495][root][INFO] - all_x.var(axis=0) = [0.00555782 0.02820012 0.23435549 0.07644842 0.24620626]
[2024-04-23 15:57:47,554][root][INFO] - --------------- Start iteration i=0 ---------------
[2024-04-23 15:57:47,554][root][INFO] - Length of data.x: 301
[2024-04-23 15:57:47,555][root][INFO] - Length of data.y: 301
[2024-04-23 15:58:14,399][root][INFO] - Eval Returns: [-12.60678658 -13.36582176 -18.75171773 -22.54239782 -13.40423313]
[2024-04-23 15:58:14,406][root][INFO] - Eval Returns: mean=-16.134 std=3.885
[2024-04-23 15:58:14,407][root][INFO] - Eval ndata: 301.000
[2024-04-23 15:58:14,407][root][INFO] - Model MSE (current real MPC): 0.385
[2024-04-23 15:58:16,065][root][INFO] - Model MSE (random test set): 0.003
[2024-04-23 15:58:16,066][root][INFO] - Model MSE (GT MPC): 0.001
[2024-04-23 15:58:16,066][root][INFO] - Model Likelihood (random test set): -3.726
[2024-04-23 15:58:16,066][root][INFO] - Model Likelihood (GT MPC): -3.807
[2024-04-23 15:58:16,067][root][INFO] - *[TIME] [Evaluate the current MPC policy] Elapsed: 27.96 seconds
[2024-04-23 15:58:20,439][root][INFO] - x: [ 1.04597585e-03 -1.95810757e-03 -9.96608147e-01 -3.06869089e-04
 -3.95093604e-02]
[2024-04-23 15:58:20,439][root][INFO] - y: [-0.00019581 -0.00566184 -0.0002442   0.00461489]
[2024-04-23 15:58:20,444][root][INFO] - Reward: -0.9999900654223847
[2024-04-23 15:58:24,207][root][INFO] - --------------- Start iteration i=1 ---------------
[2024-04-23 15:58:24,208][root][INFO] - Length of data.x: 302
[2024-04-23 15:58:24,208][root][INFO] - Length of data.y: 302
[2024-04-23 15:58:24,633][root][INFO] - x: [ 8.50165096e-04 -7.61994587e-03 -9.96852346e-01  4.30801776e-03
 -2.10163478e-01]
[2024-04-23 15:58:24,634][root][INFO] - y: [-0.00076199 -0.03291928  0.00342821  0.03194637]
[2024-04-23 15:58:24,634][root][INFO] - Reward: -0.9999900566041385
[2024-04-23 15:58:24,637][root][INFO] - --------------- Start iteration i=2 ---------------
[2024-04-23 15:58:24,637][root][INFO] - Length of data.x: 303
[2024-04-23 15:58:24,637][root][INFO] - Length of data.y: 303
[2024-04-23 15:58:25,062][root][INFO] - x: [ 8.81705086e-05 -4.05392255e-02 -9.93424132e-01  3.62543896e-02
 -3.47406426e-01]
[2024-04-23 15:58:25,063][root][INFO] - y: [-0.00405392 -0.05366491  0.02885035  0.05162467]
[2024-04-23 15:58:25,063][root][INFO] - Reward: -0.9999902596021011
[2024-04-23 15:58:25,065][root][INFO] - --------------- Start iteration i=3 ---------------
[2024-04-23 15:58:25,066][root][INFO] - Length of data.x: 304
[2024-04-23 15:58:25,066][root][INFO] - Length of data.y: 304
[2024-04-23 15:58:25,484][root][INFO] - x: [-0.00396575 -0.09420414 -0.96457378  0.08787906 -0.43369442]
[2024-04-23 15:58:25,485][root][INFO] - y: [-0.00942041 -0.02521145  0.06993199  0.01414863]
[2024-04-23 15:58:25,485][root][INFO] - Reward: -0.9999922539207156
[2024-04-23 15:58:25,488][root][INFO] - --------------- Start iteration i=4 ---------------
[2024-04-23 15:58:25,488][root][INFO] - Length of data.x: 305
[2024-04-23 15:58:25,488][root][INFO] - Length of data.y: 305
[2024-04-23 15:58:26,091][root][INFO] - x: [-0.01338617 -0.11941559 -0.89464179  0.10202769 -0.15004588]
[2024-04-23 15:58:26,091][root][INFO] - y: [-0.01194156  0.01231005  0.08119112 -0.04355529]
[2024-04-23 15:58:26,092][root][INFO] - Reward: -0.9999959500143016
[2024-04-23 15:58:26,094][root][INFO] - --------------- Start iteration i=5 ---------------
[2024-04-23 15:58:26,094][root][INFO] - Length of data.x: 306
[2024-04-23 15:58:26,094][root][INFO] - Length of data.y: 306
[2024-04-23 15:58:26,541][root][INFO] - x: [-2.53277250e-02 -1.07105537e-01 -8.13450667e-01  5.84724024e-02
 -3.80145586e-04]
[2024-04-23 15:58:26,542][root][INFO] - y: [-0.01071055  0.02675823  0.0465309  -0.07660599]
[2024-04-23 15:58:26,542][root][INFO] - Reward: -0.9999984780379189
[2024-04-23 15:58:26,545][root][INFO] - --------------- Start iteration i=6 ---------------
[2024-04-23 15:58:26,545][root][INFO] - Length of data.x: 307
[2024-04-23 15:58:26,545][root][INFO] - Length of data.y: 307
[2024-04-23 15:58:26,971][root][INFO] - x: [-0.03603828 -0.0803473  -0.76691977 -0.01813359 -0.20892336]
[2024-04-23 15:58:26,972][root][INFO] - y: [-0.00803473  0.01119341 -0.01443026 -0.07397499]
[2024-04-23 15:58:26,972][root][INFO] - Reward: -0.9999994701793775
[2024-04-23 15:58:26,974][root][INFO] - --------------- Start iteration i=7 ---------------
[2024-04-23 15:58:26,975][root][INFO] - Length of data.x: 308
[2024-04-23 15:58:26,975][root][INFO] - Length of data.y: 308
[2024-04-23 15:58:27,401][root][INFO] - x: [-0.04407301 -0.06915389 -0.78135003 -0.09210858 -0.02181344]
[2024-04-23 15:58:27,401][root][INFO] - y: [-0.00691539  0.02926146 -0.07329774 -0.08489892]
[2024-04-23 15:58:27,402][root][INFO] - Reward: -0.9999997414053363
[2024-04-23 15:58:27,404][root][INFO] - --------------- Start iteration i=8 ---------------
[2024-04-23 15:58:27,404][root][INFO] - Length of data.x: 309
[2024-04-23 15:58:27,405][root][INFO] - Length of data.y: 309
[2024-04-23 15:58:27,876][root][INFO] - x: [-0.0509884  -0.03989243 -0.85464777 -0.1770075   0.37834154]
[2024-04-23 15:58:27,877][root][INFO] - y: [-0.00398924  0.06711691 -0.14085821 -0.10353984]
[2024-04-23 15:58:27,877][root][INFO] - Reward: -0.9999991783770106
[2024-04-23 15:58:27,880][root][INFO] - --------------- Start iteration i=9 ---------------
[2024-04-23 15:58:27,880][root][INFO] - Length of data.x: 310
[2024-04-23 15:58:27,880][root][INFO] - Length of data.y: 310
[2024-04-23 15:58:28,318][root][INFO] - x: [-0.05497764  0.02722448 -0.99550597 -0.28054734  0.56505268]
[2024-04-23 15:58:28,319][root][INFO] - y: [ 0.00272245  0.04726193 -0.22325266 -0.04864384]
[2024-04-23 15:58:28,319][root][INFO] - Reward: -0.9999004023744555
[2024-04-23 15:58:28,322][root][INFO] - --------------- Start iteration i=10 ---------------
[2024-04-23 15:58:28,322][root][INFO] - Length of data.x: 311
[2024-04-23 15:58:28,322][root][INFO] - Length of data.y: 311
[2024-04-23 15:58:56,242][root][INFO] - Eval Returns: [-15.49217974 -16.48083971 -22.92350821 -22.56724232 -18.86596664]
[2024-04-23 15:58:56,250][root][INFO] - Eval Returns: mean=-19.266 std=3.047
[2024-04-23 15:58:56,251][root][INFO] - Eval ndata: 311.000
[2024-04-23 15:58:56,251][root][INFO] - Model MSE (current real MPC): 0.449
[2024-04-23 15:58:57,844][root][INFO] - Model MSE (random test set): 0.003
[2024-04-23 15:58:57,844][root][INFO] - Model MSE (GT MPC): 0.001
[2024-04-23 15:58:57,844][root][INFO] - Model Likelihood (random test set): -3.726
[2024-04-23 15:58:57,845][root][INFO] - Model Likelihood (GT MPC): -3.805
[2024-04-23 15:58:57,845][root][INFO] - *[TIME] [Evaluate the current MPC policy] Elapsed: 29.08 seconds
[2024-04-23 15:59:04,330][root][INFO] - x: [-0.05225519  0.07448641  0.78124137 -0.32919118  0.7236075 ]
[2024-04-23 15:59:04,330][root][INFO] - y: [ 0.00744864 -0.06067056 -0.26196223  0.10919748]
[2024-04-23 15:59:04,331][root][INFO] - Reward: -0.9673269892439043
[2024-04-23 15:59:06,934][root][INFO] - --------------- Start iteration i=11 ---------------
[2024-04-23 15:59:06,934][root][INFO] - Length of data.x: 312
[2024-04-23 15:59:06,935][root][INFO] - Length of data.y: 312
[2024-04-23 15:59:07,377][root][INFO] - x: [-0.04480655  0.01381585  0.51927914 -0.21999369  0.06575135]
[2024-04-23 15:59:07,378][root][INFO] - y: [ 0.00138159 -0.04442572 -0.17506556  0.10070898]
[2024-04-23 15:59:07,378][root][INFO] - Reward: -0.5857670179702943
[2024-04-23 15:59:07,381][root][INFO] - --------------- Start iteration i=12 ---------------
[2024-04-23 15:59:07,381][root][INFO] - Length of data.x: 313
[2024-04-23 15:59:07,382][root][INFO] - Length of data.y: 313
[2024-04-23 15:59:07,811][root][INFO] - x: [-0.04342497 -0.03060987  0.34421358 -0.11928471  0.15669065]
[2024-04-23 15:59:07,811][root][INFO] - y: [-0.00306099  0.01269913 -0.09492383  0.09264197]
[2024-04-23 15:59:07,812][root][INFO] - Reward: -0.22757423863542825
[2024-04-23 15:59:07,814][root][INFO] - --------------- Start iteration i=13 ---------------
[2024-04-23 15:59:07,815][root][INFO] - Length of data.x: 314
[2024-04-23 15:59:07,815][root][INFO] - Length of data.y: 314
[2024-04-23 15:59:08,243][root][INFO] - x: [-0.04648595 -0.01791074  0.24928975 -0.02664274 -0.69137522]
[2024-04-23 15:59:08,244][root][INFO] - y: [-0.00179107 -0.02026314 -0.02120163  0.05492258]
[2024-04-23 15:59:08,245][root][INFO] - Reward: -0.211103157998088
[2024-04-23 15:59:08,247][root][INFO] - --------------- Start iteration i=14 ---------------
[2024-04-23 15:59:08,247][root][INFO] - Length of data.x: 315
[2024-04-23 15:59:08,247][root][INFO] - Length of data.y: 315
[2024-04-23 15:59:08,683][root][INFO] - x: [-0.04827703 -0.03817389  0.22808812  0.02827985 -0.64905143]
[2024-04-23 15:59:08,684][root][INFO] - y: [-0.00381739 -0.01820743  0.0225044   0.0507675 ]
[2024-04-23 15:59:08,684][root][INFO] - Reward: -0.2759197603929717
[2024-04-23 15:59:08,687][root][INFO] - --------------- Start iteration i=15 ---------------
[2024-04-23 15:59:08,687][root][INFO] - Length of data.x: 316
[2024-04-23 15:59:08,687][root][INFO] - Length of data.y: 316
[2024-04-23 15:59:09,105][root][INFO] - x: [-0.05209442 -0.05638132  0.25059252  0.07904735  0.65080759]
[2024-04-23 15:59:09,106][root][INFO] - y: [-0.00563813  0.05824741  0.06290393  0.1106774 ]
[2024-04-23 15:59:09,106][root][INFO] - Reward: -0.46391843742288064
[2024-04-23 15:59:09,109][root][INFO] - --------------- Start iteration i=16 ---------------
[2024-04-23 15:59:09,109][root][INFO] - Length of data.x: 317
[2024-04-23 15:59:09,109][root][INFO] - Length of data.y: 317
[2024-04-23 15:59:09,533][root][INFO] - x: [-0.05773255  0.00186609  0.31349645  0.18972475  0.73597216]
[2024-04-23 15:59:09,534][root][INFO] - y: [0.00018661 0.0289487  0.15097828 0.09782829]
[2024-04-23 15:59:09,534][root][INFO] - Reward: -0.8974767394311183
[2024-04-23 15:59:09,537][root][INFO] - --------------- Start iteration i=17 ---------------
[2024-04-23 15:59:09,537][root][INFO] - Length of data.x: 318
[2024-04-23 15:59:09,537][root][INFO] - Length of data.y: 318
[2024-04-23 15:59:09,970][root][INFO] - x: [-0.05754594  0.03081479  0.46447474  0.28755304  1.        ]
[2024-04-23 15:59:09,970][root][INFO] - y: [ 0.00308148 -0.02337754  0.22882762  0.09498535]
[2024-04-23 15:59:09,971][root][INFO] - Reward: -0.9991962295436566
[2024-04-23 15:59:09,973][root][INFO] - --------------- Start iteration i=18 ---------------
[2024-04-23 15:59:09,974][root][INFO] - Length of data.x: 319
[2024-04-23 15:59:09,974][root][INFO] - Length of data.y: 319
[2024-04-23 15:59:10,400][root][INFO] - x: [-0.05446446  0.00743725  0.69330236  0.38253839  0.59553873]
[2024-04-23 15:59:10,400][root][INFO] - y: [ 0.00074372 -0.11415389  0.30441462  0.14578229]
[2024-04-23 15:59:10,401][root][INFO] - Reward: -0.9999989757849274
[2024-04-23 15:59:10,403][root][INFO] - --------------- Start iteration i=19 ---------------
[2024-04-23 15:59:10,404][root][INFO] - Length of data.x: 320
[2024-04-23 15:59:10,404][root][INFO] - Length of data.y: 320
[2024-04-23 15:59:10,830][root][INFO] - x: [-0.05372074 -0.10671664  0.99771698  0.52832068 -0.06990275]
[2024-04-23 15:59:10,831][root][INFO] - y: [-0.01067166 -0.00731122  0.42042458  0.0080156 ]
[2024-04-23 15:59:10,831][root][INFO] - Reward: -0.9999999331279977
[2024-04-23 15:59:10,834][root][INFO] - --------------- Start iteration i=20 ---------------
[2024-04-23 15:59:10,834][root][INFO] - Length of data.x: 321
[2024-04-23 15:59:10,834][root][INFO] - Length of data.y: 321
