[2024-04-25 19:44:25,087][root][INFO] - Dumper dumping to /tirl/experiments/mpc_frozencartpole_initdata_gpforgetting_2024-04-25/19-44-19/seed_3
[2024-04-25 19:44:25,092][root][INFO] - Start obs: None
[2024-04-25 19:44:46,629][root][INFO] - GT Returns: [-11.96615037 -11.56783653 -11.17816272 -12.44634138 -11.16874008]
[2024-04-25 19:44:46,629][root][INFO] - GT Returns: mean=-11.665 std=0.489
[2024-04-25 19:44:46,629][root][INFO] - Path Lengths: [36345, 36345, 36345, 36345, 36345]
[2024-04-25 19:44:46,629][root][INFO] - Path Lengths: mean=36345.000 std=0.000
[2024-04-25 19:44:46,698][root][INFO] - all_x.shape = (181725, 5)
[2024-04-25 19:44:46,703][root][INFO] - all_x.min(axis=0) = [-0.55065711 -0.88616721 -0.99996193 -0.82391052 -1.        ]
[2024-04-25 19:44:46,708][root][INFO] - all_x.max(axis=0) = [0.94612499 1.34027993 0.99998961 0.86788829 1.        ]
[2024-04-25 19:44:46,711][root][INFO] - all_x.mean(axis=0) = [-0.0046952   0.01070004 -0.01341546 -0.04285381  0.03171091]
[2024-04-25 19:44:46,720][root][INFO] - all_x.var(axis=0) = [0.00673893 0.03138763 0.24273484 0.0750118  0.2367916 ]
[2024-04-25 19:44:46,785][root][INFO] - --------------- Start iteration i=0 ---------------
[2024-04-25 19:44:46,786][root][INFO] - Length of data.x: 301
[2024-04-25 19:44:46,786][root][INFO] - Length of data.y: 301
[2024-04-25 19:45:25,733][root][INFO] - Eval Returns: [-21.14123892 -15.35202995 -19.94998039 -21.6800443  -13.72719428]
[2024-04-25 19:45:25,745][root][INFO] - Eval Returns: mean=-18.370 std=3.219
[2024-04-25 19:45:25,746][root][INFO] - Eval ndata: 301.000
[2024-04-25 19:45:25,746][root][INFO] - Model MSE (current real MPC): 0.417
[2024-04-25 19:45:27,657][root][INFO] - Model MSE (random test set): 0.002
[2024-04-25 19:45:27,658][root][INFO] - Model MSE (GT MPC): 0.001
[2024-04-25 19:45:27,658][root][INFO] - Model Likelihood (random test set): -3.729
[2024-04-25 19:45:27,658][root][INFO] - Model Likelihood (GT MPC): -3.787
[2024-04-25 19:45:27,658][root][INFO] - *[TIME] [Evaluate the current MPC policy] Elapsed: 40.52 seconds
[2024-04-25 19:46:31,866][root][INFO] - x: [-7.52620522e-04  8.22380733e-04  9.93635223e-01  2.03119870e-04
 -2.62696145e-01]
[2024-04-25 19:46:31,866][root][INFO] - y: [ 8.22380733e-05 -2.22014957e-02  1.61637787e-04  2.41607348e-02]
[2024-04-25 19:46:31,867][root][INFO] - Reward: -0.9999900507291332
[2024-04-25 19:46:34,951][root][INFO] - --------------- Start iteration i=1 ---------------
[2024-04-25 19:46:34,951][root][INFO] - Length of data.x: 252
[2024-04-25 19:46:34,951][root][INFO] - Length of data.y: 252
[2024-04-25 19:47:13,792][root][INFO] - x: [-6.70382449e-04 -2.13791150e-02  9.93796860e-01  2.43638546e-02
 -3.52450149e-01]
[2024-04-25 19:47:13,792][root][INFO] - y: [-0.00213791 -0.02901276  0.01938816  0.03092107]
[2024-04-25 19:47:13,792][root][INFO] - Reward: -0.9999901941612902
[2024-04-25 19:47:13,794][root][INFO] - --------------- Start iteration i=2 ---------------
[2024-04-25 19:47:13,794][root][INFO] - Length of data.x: 203
[2024-04-25 19:47:13,794][root][INFO] - Length of data.y: 203
[2024-04-25 19:47:40,605][root][INFO] - x: [-0.00280829 -0.05039188 -0.98681498  0.05528493 -0.69735709]
[2024-04-25 19:47:40,606][root][INFO] - y: [-0.00503919 -0.05230068  0.04399438  0.0481891 ]
[2024-04-25 19:47:40,606][root][INFO] - Reward: -0.9999909358584023
[2024-04-25 19:47:40,608][root][INFO] - --------------- Start iteration i=3 ---------------
[2024-04-25 19:47:40,609][root][INFO] - Length of data.x: 154
[2024-04-25 19:47:40,609][root][INFO] - Length of data.y: 154
[2024-04-25 19:47:40,835][root][INFO] - x: [-0.00784748 -0.10269256 -0.9428206   0.10347402  0.86628365]
[2024-04-25 19:47:40,835][root][INFO] - y: [-0.01026926  0.0825913   0.08234208 -0.0988079 ]
[2024-04-25 19:47:40,836][root][INFO] - Reward: -0.9999937078485838
[2024-04-25 19:47:40,837][root][INFO] - --------------- Start iteration i=4 ---------------
[2024-04-25 19:47:40,837][root][INFO] - Length of data.x: 155
[2024-04-25 19:47:40,837][root][INFO] - Length of data.y: 155
[2024-04-25 19:47:41,065][root][INFO] - x: [-0.01811674 -0.02010126 -0.86047852  0.00466612  0.32283888]
[2024-04-25 19:47:41,066][root][INFO] - y: [-0.00201013  0.04404506  0.00371319 -0.08155936]
[2024-04-25 19:47:41,066][root][INFO] - Reward: -0.9999945017951043
[2024-04-25 19:47:41,068][root][INFO] - --------------- Start iteration i=5 ---------------
[2024-04-25 19:47:41,068][root][INFO] - Length of data.x: 156
[2024-04-25 19:47:41,068][root][INFO] - Length of data.y: 156
[2024-04-25 19:47:41,295][root][INFO] - x: [-0.02012686  0.02394379 -0.85676534 -0.07689324  0.24237242]
[2024-04-25 19:47:41,295][root][INFO] - y: [ 0.00239438  0.04125741 -0.06118974 -0.07986282]
[2024-04-25 19:47:41,296][root][INFO] - Reward: -0.9999939485210118
[2024-04-25 19:47:41,298][root][INFO] - --------------- Start iteration i=6 ---------------
[2024-04-25 19:47:41,298][root][INFO] - Length of data.x: 157
[2024-04-25 19:47:41,298][root][INFO] - Length of data.y: 157
[2024-04-25 19:47:41,522][root][INFO] - x: [-0.01773248  0.0652012  -0.91795508 -0.15675606  0.8162127 ]
[2024-04-25 19:47:41,523][root][INFO] - y: [ 0.00652012  0.08486391 -0.12474261 -0.10709253]
[2024-04-25 19:47:41,523][root][INFO] - Reward: -0.9999890795551837
[2024-04-25 19:47:41,525][root][INFO] - --------------- Start iteration i=7 ---------------
[2024-04-25 19:47:41,525][root][INFO] - Length of data.x: 158
[2024-04-25 19:47:41,525][root][INFO] - Length of data.y: 158
[2024-04-25 19:47:41,752][root][INFO] - x: [-0.01121236  0.15006512  0.95730231 -0.2638486   0.54796592]
[2024-04-25 19:47:41,752][root][INFO] - y: [ 0.01500651  0.01945274 -0.20996421 -0.00614479]
[2024-04-25 19:47:41,752][root][INFO] - Reward: -0.9999576669259296
[2024-04-25 19:47:41,754][root][INFO] - --------------- Start iteration i=8 ---------------
[2024-04-25 19:47:41,754][root][INFO] - Length of data.x: 159
[2024-04-25 19:47:41,754][root][INFO] - Length of data.y: 159
[2024-04-25 19:47:41,986][root][INFO] - x: [ 0.00379415  0.16951785  0.7473381  -0.26999339 -0.28659549]
[2024-04-25 19:47:41,987][root][INFO] - y: [ 0.01695179 -0.11952766 -0.21485408  0.15382517]
[2024-04-25 19:47:41,987][root][INFO] - Reward: -0.9998287442201335
[2024-04-25 19:47:41,989][root][INFO] - --------------- Start iteration i=9 ---------------
[2024-04-25 19:47:41,989][root][INFO] - Length of data.x: 160
[2024-04-25 19:47:41,989][root][INFO] - Length of data.y: 160
[2024-04-25 19:47:42,233][root][INFO] - x: [ 0.02074593  0.0499902   0.53248401 -0.11616821 -1.        ]
[2024-04-25 19:47:42,234][root][INFO] - y: [ 0.00499902 -0.11727406 -0.0924438   0.10963618]
[2024-04-25 19:47:42,234][root][INFO] - Reward: -0.9995188975111438
[2024-04-25 19:47:42,235][root][INFO] - --------------- Start iteration i=10 ---------------
[2024-04-25 19:47:42,235][root][INFO] - Length of data.x: 161
[2024-04-25 19:47:42,235][root][INFO] - Length of data.y: 161
[2024-04-25 19:47:59,735][root][INFO] - Eval Returns: [-20.63377904 -22.8825869  -22.91316279 -23.47471824 -22.33109821]
[2024-04-25 19:47:59,746][root][INFO] - Eval Returns: mean=-22.447 std=0.976
[2024-04-25 19:47:59,746][root][INFO] - Eval ndata: 161.000
[2024-04-25 19:47:59,746][root][INFO] - Model MSE (current real MPC): 0.456
[2024-04-25 19:48:01,396][root][INFO] - Model MSE (random test set): 0.077
[2024-04-25 19:48:01,396][root][INFO] - Model MSE (GT MPC): 0.007
[2024-04-25 19:48:01,396][root][INFO] - Model Likelihood (random test set): -3.783
[2024-04-25 19:48:01,396][root][INFO] - Model Likelihood (GT MPC): -3.732
[2024-04-25 19:48:01,397][root][INFO] - *[TIME] [Evaluate the current MPC policy] Elapsed: 18.93 seconds
[2024-04-25 19:48:05,108][root][INFO] - x: [ 0.02574495 -0.06728386  0.44004021 -0.00653203 -0.11153467]
[2024-04-25 19:48:05,109][root][INFO] - y: [-0.00672839 -0.00379603 -0.00519803  0.09575207]
[2024-04-25 19:48:05,109][root][INFO] - Reward: -0.9987264181475134
[2024-04-25 19:48:06,938][root][INFO] - --------------- Start iteration i=11 ---------------
[2024-04-25 19:48:06,938][root][INFO] - Length of data.x: 162
[2024-04-25 19:48:06,938][root][INFO] - Length of data.y: 162
[2024-04-25 19:48:07,209][root][INFO] - x: [ 0.01901657 -0.0710799   0.43484218  0.08922004 -0.18554689]
[2024-04-25 19:48:07,210][root][INFO] - y: [-0.00710799 -0.018102    0.07099911  0.09247011]
[2024-04-25 19:48:07,210][root][INFO] - Reward: -0.9991929867326815
[2024-04-25 19:48:07,211][root][INFO] - --------------- Start iteration i=12 ---------------
[2024-04-25 19:48:07,211][root][INFO] - Length of data.x: 163
[2024-04-25 19:48:07,211][root][INFO] - Length of data.y: 163
[2024-04-25 19:48:07,460][root][INFO] - x: [ 0.01190858 -0.0891819   0.50584129  0.18169015  0.43689795]
[2024-04-25 19:48:07,461][root][INFO] - y: [-0.00891819  0.01296478  0.14458454  0.09794558]
[2024-04-25 19:48:07,461][root][INFO] - Reward: -0.9998239262297315
[2024-04-25 19:48:07,463][root][INFO] - --------------- Start iteration i=13 ---------------
[2024-04-25 19:48:07,463][root][INFO] - Length of data.x: 164
[2024-04-25 19:48:07,463][root][INFO] - Length of data.y: 164
[2024-04-25 19:48:07,694][root][INFO] - x: [ 0.00299039 -0.07621712  0.65042584  0.27963573  0.1696657 ]
[2024-04-25 19:48:07,694][root][INFO] - y: [-0.00762171 -0.0677329   0.22252722  0.1182679 ]
[2024-04-25 19:48:07,694][root][INFO] - Reward: -0.9999817552483318
[2024-04-25 19:48:07,696][root][INFO] - --------------- Start iteration i=14 ---------------
[2024-04-25 19:48:07,697][root][INFO] - Length of data.x: 165
[2024-04-25 19:48:07,697][root][INFO] - Length of data.y: 165
[2024-04-25 19:48:07,960][root][INFO] - x: [-0.00463132 -0.14395001  0.87295306  0.39790363  0.46052362]
[2024-04-25 19:48:07,960][root][INFO] - y: [-0.014395   -0.06807718  0.3166419   0.10088857]
[2024-04-25 19:48:07,961][root][INFO] - Reward: -0.9999928072344714
[2024-04-25 19:48:07,963][root][INFO] - --------------- Start iteration i=15 ---------------
[2024-04-25 19:48:07,963][root][INFO] - Length of data.x: 166
[2024-04-25 19:48:07,963][root][INFO] - Length of data.y: 166
[2024-04-25 19:48:08,225][root][INFO] - x: [-0.01902633 -0.21202719 -0.81040504  0.4987922   0.41884019]
[2024-04-25 19:48:08,226][root][INFO] - y: [-0.02120272  0.23016707  0.39692654 -0.24562427]
[2024-04-25 19:48:08,226][root][INFO] - Reward: -0.9999017938568647
[2024-04-25 19:48:08,228][root][INFO] - --------------- Start iteration i=16 ---------------
[2024-04-25 19:48:08,229][root][INFO] - Length of data.x: 167
[2024-04-25 19:48:08,229][root][INFO] - Length of data.y: 167
[2024-04-25 19:48:08,489][root][INFO] - x: [-0.04022904  0.01813988 -0.4134785   0.25316793  0.11200417]
[2024-04-25 19:48:08,489][root][INFO] - y: [ 0.00181399  0.05527097  0.2014648  -0.07975533]
[2024-04-25 19:48:08,490][root][INFO] - Reward: -0.9908169618111118
[2024-04-25 19:48:08,492][root][INFO] - --------------- Start iteration i=17 ---------------
[2024-04-25 19:48:08,492][root][INFO] - Length of data.x: 168
[2024-04-25 19:48:08,492][root][INFO] - Length of data.y: 168
[2024-04-25 19:48:08,758][root][INFO] - x: [-0.03841506  0.07341085 -0.2120137   0.1734126  -0.09405598]
[2024-04-25 19:48:08,758][root][INFO] - y: [ 0.00734109 -0.00769039  0.13799747 -0.06672376]
[2024-04-25 19:48:08,758][root][INFO] - Reward: -0.8010925856206197
[2024-04-25 19:48:08,760][root][INFO] - --------------- Start iteration i=18 ---------------
[2024-04-25 19:48:08,760][root][INFO] - Length of data.x: 169
[2024-04-25 19:48:08,760][root][INFO] - Length of data.y: 169
[2024-04-25 19:48:09,018][root][INFO] - x: [-0.03107397  0.06572047 -0.07401623  0.10668884 -0.00010807]
[2024-04-25 19:48:09,019][root][INFO] - y: [ 0.00657205 -0.01001856  0.08490035 -0.03237802]
[2024-04-25 19:48:09,019][root][INFO] - Reward: -0.3318407797399353
[2024-04-25 19:48:09,021][root][INFO] - --------------- Start iteration i=19 ---------------
[2024-04-25 19:48:09,021][root][INFO] - Length of data.x: 170
[2024-04-25 19:48:09,021][root][INFO] - Length of data.y: 170
[2024-04-25 19:48:09,288][root][INFO] - x: [-0.02450193  0.05570191  0.01088412  0.07431082 -0.28970178]
[2024-04-25 19:48:09,289][root][INFO] - y: [ 0.00557019 -0.02232179  0.05913472 -0.0189516 ]
[2024-04-25 19:48:09,289][root][INFO] - Reward: -0.02853858112203167
[2024-04-25 19:48:09,291][root][INFO] - --------------- Start iteration i=20 ---------------
[2024-04-25 19:48:09,291][root][INFO] - Length of data.x: 171
[2024-04-25 19:48:09,291][root][INFO] - Length of data.y: 171
[2024-04-25 19:48:26,182][root][INFO] - Eval Returns: [-20.50184239 -16.63821528 -21.70063711 -18.20736874 -21.20383422]
[2024-04-25 19:48:26,195][root][INFO] - Eval Returns: mean=-19.650 std=1.923
[2024-04-25 19:48:26,195][root][INFO] - Eval ndata: 171.000
[2024-04-25 19:48:26,195][root][INFO] - Model MSE (current real MPC): 0.454
[2024-04-25 19:48:27,632][root][INFO] - Model MSE (random test set): 0.075
[2024-04-25 19:48:27,633][root][INFO] - Model MSE (GT MPC): 0.006
[2024-04-25 19:48:27,633][root][INFO] - Model Likelihood (random test set): -3.849
[2024-04-25 19:48:27,633][root][INFO] - Model Likelihood (GT MPC): -3.755
[2024-04-25 19:48:27,633][root][INFO] - *[TIME] [Evaluate the current MPC policy] Elapsed: 18.09 seconds
[2024-04-25 19:48:31,946][root][INFO] - x: [-0.01893173  0.03338012  0.07001884  0.05535922 -0.56349679]
[2024-04-25 19:48:31,947][root][INFO] - y: [ 0.00333801 -0.03312403  0.04405351 -0.01089855]
[2024-04-25 19:48:31,947][root][INFO] - Reward: -0.034776187498482436
[2024-04-25 19:48:33,838][root][INFO] - --------------- Start iteration i=21 ---------------
[2024-04-25 19:48:33,838][root][INFO] - Length of data.x: 172
[2024-04-25 19:48:33,839][root][INFO] - Length of data.y: 172
[2024-04-25 19:48:34,169][root][INFO] - x: [-1.55937220e-02  2.56094113e-04  1.14072347e-01  4.44606766e-02
 -9.25721963e-01]
[2024-04-25 19:48:34,170][root][INFO] - y: [ 2.56094113e-05 -5.19165888e-02  3.53807108e-02 -1.41749970e-02]
[2024-04-25 19:48:34,170][root][INFO] - Reward: -0.13150363258992204
[2024-04-25 19:48:34,172][root][INFO] - --------------- Start iteration i=22 ---------------
[2024-04-25 19:48:34,172][root][INFO] - Length of data.x: 173
[2024-04-25 19:48:34,172][root][INFO] - Length of data.y: 173
[2024-04-25 19:48:34,511][root][INFO] - x: [-0.01556811 -0.05166049  0.14945306  0.03028568 -0.582461  ]
[2024-04-25 19:48:34,511][root][INFO] - y: [-0.00516605 -0.02014447  0.0241006   0.02646688]
[2024-04-25 19:48:34,512][root][INFO] - Reward: -0.13652623707238376
[2024-04-25 19:48:34,514][root][INFO] - --------------- Start iteration i=23 ---------------
[2024-04-25 19:48:34,514][root][INFO] - Length of data.x: 174
[2024-04-25 19:48:34,515][root][INFO] - Length of data.y: 174
[2024-04-25 19:48:34,808][root][INFO] - x: [-0.02073416 -0.07180497  0.17355366  0.05675256  0.03387577]
[2024-04-25 19:48:34,808][root][INFO] - y: [-0.0071805   0.02366132  0.04516229  0.07115891]
[2024-04-25 19:48:34,809][root][INFO] - Reward: -0.20595921202038958
[2024-04-25 19:48:34,810][root][INFO] - --------------- Start iteration i=24 ---------------
[2024-04-25 19:48:34,810][root][INFO] - Length of data.x: 175
[2024-04-25 19:48:34,810][root][INFO] - Length of data.y: 175
[2024-04-25 19:48:35,036][root][INFO] - x: [-0.02791466 -0.04814364  0.21871594  0.12791147 -0.36870544]
[2024-04-25 19:48:35,036][root][INFO] - y: [-0.00481436 -0.01240581  0.10178879  0.05269859]
[2024-04-25 19:48:35,037][root][INFO] - Reward: -0.5863639636889475
[2024-04-25 19:48:35,037][root][INFO] - Explore episode complete with return -19.24428555573933, resetting
[2024-04-25 19:48:35,037][root][INFO] - Exploration Episode Rewards: [-0.9999900507291332, -0.9999901941612902, -0.9999909358584023, -0.9999937078485838, -0.9999945017951043, -0.9999939485210118, -0.9999890795551837, -0.9999576669259296, -0.9998287442201335, -0.9995188975111438, -0.9987264181475134, -0.9991929867326815, -0.9998239262297315, -0.9999817552483318, -0.9999928072344714, -0.9999017938568647, -0.9908169618111118, -0.8010925856206197, -0.3318407797399353, -0.02853858112203167, -0.034776187498482436, -0.13150363258992204, -0.13652623707238376, -0.20595921202038958, -0.5863639636889475]
[2024-04-25 19:48:35,039][root][INFO] - --------------- Start iteration i=25 ---------------
[2024-04-25 19:48:35,039][root][INFO] - Length of data.x: 176
[2024-04-25 19:48:35,039][root][INFO] - Length of data.y: 176
[2024-04-25 19:48:35,262][root][INFO] - x: [-1.51757104e-03  1.88862343e-03  9.89244045e-01 -1.92731483e-04
  1.00000000e+00]
[2024-04-25 19:48:35,263][root][INFO] - y: [ 0.00018886  0.07792682 -0.00015337 -0.07456445]
[2024-04-25 19:48:35,263][root][INFO] - Reward: -0.9999900073243607
[2024-04-25 19:48:35,265][root][INFO] - --------------- Start iteration i=26 ---------------
[2024-04-25 19:48:35,265][root][INFO] - Length of data.x: 177
[2024-04-25 19:48:35,265][root][INFO] - Length of data.y: 177
[2024-04-25 19:48:35,491][root][INFO] - x: [-0.00132871  0.07981544  0.98909067 -0.07475718  0.49129657]
[2024-04-25 19:48:35,492][root][INFO] - y: [ 0.00798154  0.03569634 -0.05948992 -0.03231022]
[2024-04-25 19:48:35,492][root][INFO] - Reward: -0.9999904140347008
[2024-04-25 19:48:35,494][root][INFO] - --------------- Start iteration i=27 ---------------
[2024-04-25 19:48:35,494][root][INFO] - Length of data.x: 178
[2024-04-25 19:48:35,494][root][INFO] - Length of data.y: 178
[2024-04-25 19:48:35,725][root][INFO] - x: [ 0.00665284  0.11551179  0.92960075 -0.1070674   0.85231249]
[2024-04-25 19:48:35,726][root][INFO] - y: [ 0.01155118  0.11482391 -0.0852016  -0.09048493]
[2024-04-25 19:48:35,726][root][INFO] - Reward: -0.9999934179274623
[2024-04-25 19:48:35,728][root][INFO] - --------------- Start iteration i=28 ---------------
[2024-04-25 19:48:35,728][root][INFO] - Length of data.x: 179
[2024-04-25 19:48:35,728][root][INFO] - Length of data.y: 179
[2024-04-25 19:48:35,952][root][INFO] - x: [ 0.01820401  0.23033569  0.84439915 -0.19755233 -0.33657176]
[2024-04-25 19:48:35,953][root][INFO] - y: [ 0.02303357 -0.09666539 -0.15720728  0.13145855]
[2024-04-25 19:48:35,953][root][INFO] - Reward: -0.9999987713924985
[2024-04-25 19:48:35,955][root][INFO] - --------------- Start iteration i=29 ---------------
[2024-04-25 19:48:35,955][root][INFO] - Length of data.x: 180
[2024-04-25 19:48:35,955][root][INFO] - Length of data.y: 180
[2024-04-25 19:48:36,172][root][INFO] - x: [ 0.04123758  0.13367031  0.68719187 -0.06609379 -0.34582034]
[2024-04-25 19:48:36,172][root][INFO] - y: [ 0.01336703 -0.06367177 -0.05259581  0.11702597]
[2024-04-25 19:48:36,173][root][INFO] - Reward: -0.9999997709518992
[2024-04-25 19:48:36,174][root][INFO] - --------------- Start iteration i=30 ---------------
[2024-04-25 19:48:36,175][root][INFO] - Length of data.x: 181
[2024-04-25 19:48:36,175][root][INFO] - Length of data.y: 181
[2024-04-25 19:48:54,368][root][INFO] - Eval Returns: [-18.98545772 -20.33716635 -19.78699397 -20.73030909 -19.61525029]
[2024-04-25 19:48:54,377][root][INFO] - Eval Returns: mean=-19.891 std=0.602
[2024-04-25 19:48:54,377][root][INFO] - Eval ndata: 181.000
[2024-04-25 19:48:54,377][root][INFO] - Model MSE (current real MPC): 0.546
[2024-04-25 19:48:55,936][root][INFO] - Model MSE (random test set): 0.030
[2024-04-25 19:48:55,937][root][INFO] - Model MSE (GT MPC): 0.003
[2024-04-25 19:48:55,937][root][INFO] - Model Likelihood (random test set): -3.793
[2024-04-25 19:48:55,937][root][INFO] - Model Likelihood (GT MPC): -3.750
[2024-04-25 19:48:55,937][root][INFO] - *[TIME] [Evaluate the current MPC policy] Elapsed: 19.54 seconds
[2024-04-25 19:48:59,156][root][INFO] - x: [ 0.05460461  0.06999854  0.63459607  0.05093218 -0.35983087]
[2024-04-25 19:48:59,156][root][INFO] - y: [ 0.00699985 -0.05623216  0.04053058  0.11262628]
[2024-04-25 19:48:59,157][root][INFO] - Reward: -0.9999999518497473
[2024-04-25 19:49:00,950][root][INFO] - --------------- Start iteration i=31 ---------------
[2024-04-25 19:49:00,951][root][INFO] - Length of data.x: 182
[2024-04-25 19:49:00,951][root][INFO] - Length of data.y: 182
[2024-04-25 19:49:01,291][root][INFO] - x: [ 0.06160447  0.01376637  0.67512664  0.16355846 -0.18679458]
[2024-04-25 19:49:01,292][root][INFO] - y: [ 0.00137664 -0.06307353  0.13015579  0.11668606]
[2024-04-25 19:49:01,292][root][INFO] - Reward: -0.9999999633178843
[2024-04-25 19:49:01,295][root][INFO] - --------------- Start iteration i=32 ---------------
[2024-04-25 19:49:01,295][root][INFO] - Length of data.x: 183
[2024-04-25 19:49:01,295][root][INFO] - Length of data.y: 183
[2024-04-25 19:49:01,646][root][INFO] - x: [ 0.06298111 -0.04930716  0.80528244  0.28024453 -0.12796239]
[2024-04-25 19:49:01,646][root][INFO] - y: [-0.00493072 -0.09603568  0.22301169  0.13501479]
[2024-04-25 19:49:01,647][root][INFO] - Reward: -0.999998875771016
[2024-04-25 19:49:01,649][root][INFO] - --------------- Start iteration i=33 ---------------
[2024-04-25 19:49:01,650][root][INFO] - Length of data.x: 184
[2024-04-25 19:49:01,650][root][INFO] - Length of data.y: 184
[2024-04-25 19:49:01,995][root][INFO] - x: [ 0.05805039 -0.14534284 -0.97170588  0.41525932 -0.08066249]
[2024-04-25 19:49:01,995][root][INFO] - y: [-0.01453428  0.01750895  0.33045313 -0.02615743]
[2024-04-25 19:49:01,996][root][INFO] - Reward: -0.9974584064070995
[2024-04-25 19:49:01,997][root][INFO] - --------------- Start iteration i=34 ---------------
[2024-04-25 19:49:01,997][root][INFO] - Length of data.x: 185
[2024-04-25 19:49:01,998][root][INFO] - Length of data.y: 185
[2024-04-25 19:49:02,349][root][INFO] - x: [ 0.04351611 -0.12783389 -0.64125275  0.38910188 -0.30446323]
[2024-04-25 19:49:02,349][root][INFO] - y: [-0.01278339  0.12171471  0.30963769 -0.1409453 ]
[2024-04-25 19:49:02,349][root][INFO] - Reward: -0.6541125455790755
[2024-04-25 19:49:02,353][root][INFO] - --------------- Start iteration i=35 ---------------
[2024-04-25 19:49:02,353][root][INFO] - Length of data.x: 186
[2024-04-25 19:49:02,353][root][INFO] - Length of data.y: 186
[2024-04-25 19:49:02,700][root][INFO] - x: [ 0.03073272 -0.00611918 -0.33161506  0.24815659 -0.29455819]
[2024-04-25 19:49:02,701][root][INFO] - y: [-0.00061192  0.00486763  0.1974769  -0.08232083]
[2024-04-25 19:49:02,701][root][INFO] - Reward: -0.04585060248736261
[2024-04-25 19:49:02,703][root][INFO] - --------------- Start iteration i=36 ---------------
[2024-04-25 19:49:02,703][root][INFO] - Length of data.x: 187
[2024-04-25 19:49:02,703][root][INFO] - Length of data.y: 187
[2024-04-25 19:49:03,056][root][INFO] - x: [ 0.0301208  -0.00125155 -0.13413816  0.16583576 -0.414738  ]
[2024-04-25 19:49:03,056][root][INFO] - y: [-1.25155149e-04 -6.49373689e-02  1.31968009e-01 -9.94244822e-02]
[2024-04-25 19:49:03,057][root][INFO] - Reward: -0.5035600241410754
[2024-04-25 19:49:03,059][root][INFO] - --------------- Start iteration i=37 ---------------
[2024-04-25 19:49:03,059][root][INFO] - Length of data.x: 188
[2024-04-25 19:49:03,060][root][INFO] - Length of data.y: 188
[2024-04-25 19:49:03,411][root][INFO] - x: [ 0.02999564 -0.06618892 -0.00217015  0.06641128 -0.65652682]
[2024-04-25 19:49:03,411][root][INFO] - y: [-0.00661889 -0.10433894  0.05284846 -0.10500601]
[2024-04-25 19:49:03,411][root][INFO] - Reward: -0.5792908641121377
[2024-04-25 19:49:03,414][root][INFO] - --------------- Start iteration i=38 ---------------
[2024-04-25 19:49:03,414][root][INFO] - Length of data.x: 189
[2024-04-25 19:49:03,414][root][INFO] - Length of data.y: 189
[2024-04-25 19:49:03,769][root][INFO] - x: [ 0.02337675 -0.17052786  0.05067831 -0.03859474  0.03639841]
[2024-04-25 19:49:03,769][root][INFO] - y: [-0.01705279  0.01716211 -0.03071274  0.03251356]
[2024-04-25 19:49:03,769][root][INFO] - Reward: -0.07815256427551431
[2024-04-25 19:49:03,773][root][INFO] - --------------- Start iteration i=39 ---------------
[2024-04-25 19:49:03,773][root][INFO] - Length of data.x: 190
[2024-04-25 19:49:03,773][root][INFO] - Length of data.y: 190
[2024-04-25 19:49:04,130][root][INFO] - x: [ 0.00632396 -0.15336575  0.01996557 -0.00608118  0.15084976]
[2024-04-25 19:49:04,130][root][INFO] - y: [-0.01533658  0.03020113 -0.00483925  0.03629716]
[2024-04-25 19:49:04,131][root][INFO] - Reward: -0.02992727894070535
[2024-04-25 19:49:04,134][root][INFO] - --------------- Start iteration i=40 ---------------
[2024-04-25 19:49:04,134][root][INFO] - Length of data.x: 191
[2024-04-25 19:49:04,134][root][INFO] - Length of data.y: 191
[2024-04-25 19:49:27,117][root][INFO] - Eval Returns: [-12.86820541 -13.27712524 -18.30401588 -19.25051191 -19.44262637]
[2024-04-25 19:49:27,126][root][INFO] - Eval Returns: mean=-16.628 std=2.932
[2024-04-25 19:49:27,126][root][INFO] - Eval ndata: 191.000
[2024-04-25 19:49:27,127][root][INFO] - Model MSE (current real MPC): 0.417
[2024-04-25 19:49:28,727][root][INFO] - Model MSE (random test set): 0.027
[2024-04-25 19:49:28,727][root][INFO] - Model MSE (GT MPC): 0.003
[2024-04-25 19:49:28,727][root][INFO] - Model Likelihood (random test set): -3.787
[2024-04-25 19:49:28,727][root][INFO] - Model Likelihood (GT MPC): -3.749
[2024-04-25 19:49:28,727][root][INFO] - *[TIME] [Evaluate the current MPC policy] Elapsed: 24.23 seconds
[2024-04-25 19:49:32,766][root][INFO] - x: [-0.00901261 -0.12316463  0.01512631  0.03021598  0.06578844]
[2024-04-25 19:49:32,767][root][INFO] - y: [-0.01231646  0.00995089  0.02404513  0.01460443]
[2024-04-25 19:49:32,767][root][INFO] - Reward: -0.14457824321186596
[2024-04-25 19:49:35,077][root][INFO] - --------------- Start iteration i=41 ---------------
[2024-04-25 19:49:35,077][root][INFO] - Length of data.x: 192
[2024-04-25 19:49:35,077][root][INFO] - Length of data.y: 192
[2024-04-25 19:49:35,431][root][INFO] - x: [-0.02132907 -0.11321374  0.03917144  0.04482041  0.38037719]
[2024-04-25 19:49:35,432][root][INFO] - y: [-0.01132137  0.0386996   0.03566697  0.05046101]
[2024-04-25 19:49:35,432][root][INFO] - Reward: -0.2450737220950846
[2024-04-25 19:49:35,435][root][INFO] - --------------- Start iteration i=42 ---------------
[2024-04-25 19:49:35,435][root][INFO] - Length of data.x: 193
[2024-04-25 19:49:35,436][root][INFO] - Length of data.y: 193
[2024-04-25 19:49:35,805][root][INFO] - x: [-0.03265045 -0.07451414  0.07483842  0.09528141  0.11342612]
[2024-04-25 19:49:35,806][root][INFO] - y: [-0.00745141  0.01979732  0.0758226   0.0421285 ]
[2024-04-25 19:49:35,806][root][INFO] - Reward: -0.15201232477707205
[2024-04-25 19:49:35,809][root][INFO] - --------------- Start iteration i=43 ---------------
[2024-04-25 19:49:35,809][root][INFO] - Length of data.x: 194
[2024-04-25 19:49:35,809][root][INFO] - Length of data.y: 194
[2024-04-25 19:49:36,176][root][INFO] - x: [-0.04010186 -0.05471683  0.15066102  0.13740992 -0.85008739]
[2024-04-25 19:49:36,177][root][INFO] - y: [-0.00547168 -0.04991365  0.10934743  0.0003372 ]
[2024-04-25 19:49:36,178][root][INFO] - Reward: -0.25122482182868466
[2024-04-25 19:49:36,181][root][INFO] - --------------- Start iteration i=44 ---------------
[2024-04-25 19:49:36,181][root][INFO] - Length of data.x: 195
[2024-04-25 19:49:36,181][root][INFO] - Length of data.y: 195
[2024-04-25 19:49:36,578][root][INFO] - x: [-0.04557354 -0.10463047  0.26000844  0.13774711  0.8041756 ]
[2024-04-25 19:49:36,579][root][INFO] - y: [-0.01046305  0.05661128  0.10961576  0.11033848]
[2024-04-25 19:49:36,580][root][INFO] - Reward: -0.6478572044261977
[2024-04-25 19:49:36,584][root][INFO] - --------------- Start iteration i=45 ---------------
[2024-04-25 19:49:36,585][root][INFO] - Length of data.x: 196
[2024-04-25 19:49:36,585][root][INFO] - Length of data.y: 196
[2024-04-25 19:49:36,971][root][INFO] - x: [-0.05603659 -0.04801919  0.3696242   0.24808559  1.        ]
[2024-04-25 19:49:36,971][root][INFO] - y: [-0.00480192  0.01170078  0.1974204   0.09473698]
[2024-04-25 19:49:36,972][root][INFO] - Reward: -0.9852112327237773
[2024-04-25 19:49:36,976][root][INFO] - --------------- Start iteration i=46 ---------------
[2024-04-25 19:49:36,976][root][INFO] - Length of data.x: 197
[2024-04-25 19:49:36,976][root][INFO] - Length of data.y: 197
[2024-04-25 19:49:37,395][root][INFO] - x: [-0.06083851 -0.03631842  0.5670446   0.34282258  1.        ]
[2024-04-25 19:49:37,396][root][INFO] - y: [-0.00363184 -0.06599436  0.27280976  0.10982736]
[2024-04-25 19:49:37,397][root][INFO] - Reward: -0.9999855851441202
[2024-04-25 19:49:37,401][root][INFO] - --------------- Start iteration i=47 ---------------
[2024-04-25 19:49:37,402][root][INFO] - Length of data.x: 198
[2024-04-25 19:49:37,402][root][INFO] - Length of data.y: 198
[2024-04-25 19:49:37,751][root][INFO] - x: [-0.06447035 -0.10231278  0.83985436  0.45264993  1.        ]
[2024-04-25 19:49:37,752][root][INFO] - y: [-0.01023128 -0.08024359  0.36020766  0.11764798]
[2024-04-25 19:49:37,752][root][INFO] - Reward: -0.9999999949298629
[2024-04-25 19:49:37,755][root][INFO] - --------------- Start iteration i=48 ---------------
[2024-04-25 19:49:37,755][root][INFO] - Length of data.x: 199
[2024-04-25 19:49:37,755][root][INFO] - Length of data.y: 199
[2024-04-25 19:49:38,040][root][INFO] - x: [-0.07470163 -0.18255637 -0.79993798  0.57029791  0.35803843]
[2024-04-25 19:49:38,041][root][INFO] - y: [-0.01825564  0.28691234  0.45382903 -0.2898199 ]
[2024-04-25 19:49:38,041][root][INFO] - Reward: -0.9999999831083105
[2024-04-25 19:49:38,044][root][INFO] - --------------- Start iteration i=49 ---------------
[2024-04-25 19:49:38,044][root][INFO] - Length of data.x: 200
[2024-04-25 19:49:38,044][root][INFO] - Length of data.y: 200
[2024-04-25 19:49:38,332][root][INFO] - x: [-0.09295727  0.10435597 -0.34610895  0.28047801  0.11275771]
[2024-04-25 19:49:38,333][root][INFO] - y: [ 0.0104356   0.05956323  0.22319749 -0.05925741]
[2024-04-25 19:49:38,333][root][INFO] - Reward: -0.9998574082681847
[2024-04-25 19:49:38,333][root][INFO] - Explore episode complete with return -17.3141239790257, resetting
[2024-04-25 19:49:38,333][root][INFO] - Exploration Episode Rewards: [-0.9999900073243607, -0.9999904140347008, -0.9999934179274623, -0.9999987713924985, -0.9999997709518992, -0.9999999518497473, -0.9999999633178843, -0.999998875771016, -0.9974584064070995, -0.6541125455790755, -0.04585060248736261, -0.5035600241410754, -0.5792908641121377, -0.07815256427551431, -0.02992727894070535, -0.14457824321186596, -0.2450737220950846, -0.15201232477707205, -0.25122482182868466, -0.6478572044261977, -0.9852112327237773, -0.9999855851441202, -0.9999999949298629, -0.9999999831083105, -0.9998574082681847]
[2024-04-25 19:49:38,336][root][INFO] - --------------- Start iteration i=50 ---------------
[2024-04-25 19:49:38,336][root][INFO] - Length of data.x: 201
[2024-04-25 19:49:38,336][root][INFO] - Length of data.y: 201
[2024-04-25 19:50:00,001][root][INFO] - Eval Returns: [-19.1297411  -17.68250124 -18.76011186 -15.43367481 -18.67016558]
[2024-04-25 19:50:00,010][root][INFO] - Eval Returns: mean=-17.935 std=1.339
[2024-04-25 19:50:00,010][root][INFO] - Eval ndata: 201.000
[2024-04-25 19:50:00,011][root][INFO] - Model MSE (current real MPC): 0.417
[2024-04-25 19:50:01,593][root][INFO] - Model MSE (random test set): 0.024
[2024-04-25 19:50:01,594][root][INFO] - Model MSE (GT MPC): 0.002
[2024-04-25 19:50:01,594][root][INFO] - Model Likelihood (random test set): -3.783
[2024-04-25 19:50:01,594][root][INFO] - Model Likelihood (GT MPC): -3.749
[2024-04-25 19:50:01,594][root][INFO] - *[TIME] [Evaluate the current MPC policy] Elapsed: 23.00 seconds
[2024-04-25 19:50:05,231][root][INFO] - x: [-5.42808940e-04 -3.42433169e-03  9.98373778e-01  1.22316521e-04
 -1.52766784e-01]
[2024-04-25 19:50:05,231][root][INFO] - y: [-3.42433169e-04 -1.24675200e-02  9.73364730e-05  1.29693001e-02]
[2024-04-25 19:50:05,231][root][INFO] - Reward: -0.9999900720049776
[2024-04-25 19:50:07,233][root][INFO] - --------------- Start iteration i=51 ---------------
[2024-04-25 19:50:07,233][root][INFO] - Length of data.x: 202
[2024-04-25 19:50:07,233][root][INFO] - Length of data.y: 202
[2024-04-25 19:50:07,571][root][INFO] - x: [-8.85242109e-04 -1.58918517e-02  9.98471114e-01  1.30916167e-02
 -4.16816306e-01]
[2024-04-25 19:50:07,571][root][INFO] - y: [-0.00158919 -0.03337495  0.01041799  0.03384648]
[2024-04-25 19:50:07,572][root][INFO] - Reward: -0.9999901622682283
[2024-04-25 19:50:07,575][root][INFO] - --------------- Start iteration i=52 ---------------
[2024-04-25 19:50:07,575][root][INFO] - Length of data.x: 203
[2024-04-25 19:50:07,575][root][INFO] - Length of data.y: 203
[2024-04-25 19:50:07,923][root][INFO] - x: [-0.00247443 -0.04926681 -0.9911109   0.0469381  -0.50196224]
[2024-04-25 19:50:07,924][root][INFO] - y: [-0.00492668 -0.03761414  0.03735218  0.03485725]
[2024-04-25 19:50:07,928][root][INFO] - Reward: -0.9999908887654294
[2024-04-25 19:50:07,932][root][INFO] - --------------- Start iteration i=53 ---------------
[2024-04-25 19:50:07,932][root][INFO] - Length of data.x: 204
[2024-04-25 19:50:07,932][root][INFO] - Length of data.y: 204
[2024-04-25 19:50:08,263][root][INFO] - x: [-0.00740111 -0.08688094 -0.95375872  0.08179535 -0.3039322 ]
[2024-04-25 19:50:08,264][root][INFO] - y: [-0.00868809 -0.01287025  0.06509073 -0.00148108]
[2024-04-25 19:50:08,264][root][INFO] - Reward: -0.9999932612001597
[2024-04-25 19:50:08,267][root][INFO] - --------------- Start iteration i=54 ---------------
[2024-04-25 19:50:08,267][root][INFO] - Length of data.x: 205
[2024-04-25 19:50:08,267][root][INFO] - Length of data.y: 205
[2024-04-25 19:50:08,606][root][INFO] - x: [-0.0160892  -0.09975119 -0.88866799  0.08031428 -0.13578985]
[2024-04-25 19:50:08,607][root][INFO] - y: [-0.00997512  0.01215962  0.06391212 -0.04507402]
[2024-04-25 19:50:08,607][root][INFO] - Reward: -0.999996352226292
[2024-04-25 19:50:08,610][root][INFO] - --------------- Start iteration i=55 ---------------
[2024-04-25 19:50:08,610][root][INFO] - Length of data.x: 206
[2024-04-25 19:50:08,610][root][INFO] - Length of data.y: 206
[2024-04-25 19:50:08,963][root][INFO] - x: [-0.02606432 -0.08759157 -0.82475587  0.03524025 -0.25395031]
[2024-04-25 19:50:08,964][root][INFO] - y: [-0.00875916  0.00715467  0.02804332 -0.05747122]
[2024-04-25 19:50:08,964][root][INFO] - Reward: -0.9999984034839638
[2024-04-25 19:50:08,967][root][INFO] - --------------- Start iteration i=56 ---------------
[2024-04-25 19:50:08,967][root][INFO] - Length of data.x: 207
[2024-04-25 19:50:08,967][root][INFO] - Length of data.y: 207
[2024-04-25 19:50:09,354][root][INFO] - x: [-0.03482348 -0.0804369  -0.79671255 -0.02223097  0.23345154]
[2024-04-25 19:50:09,355][root][INFO] - y: [-0.00804369  0.04006337 -0.01769086 -0.09070505]
[2024-04-25 19:50:09,355][root][INFO] - Reward: -0.9999993865691841
[2024-04-25 19:50:09,358][root][INFO] - --------------- Start iteration i=57 ---------------
[2024-04-25 19:50:09,358][root][INFO] - Length of data.x: 208
[2024-04-25 19:50:09,358][root][INFO] - Length of data.y: 208
[2024-04-25 19:50:09,729][root][INFO] - x: [-0.04286717 -0.04037352 -0.8144034  -0.11293601  0.90287871]
[2024-04-25 19:50:09,730][root][INFO] - y: [-0.00403735  0.09348658 -0.0898717  -0.13210828]
[2024-04-25 19:50:09,730][root][INFO] - Reward: -0.9999994171535267
[2024-04-25 19:50:09,733][root][INFO] - --------------- Start iteration i=58 ---------------
[2024-04-25 19:50:09,733][root][INFO] - Length of data.x: 209
[2024-04-25 19:50:09,733][root][INFO] - Length of data.y: 209
[2024-04-25 19:50:10,056][root][INFO] - x: [-0.04690452  0.05311306 -0.9042751  -0.2450443   0.6398033 ]
[2024-04-25 19:50:10,057][root][INFO] - y: [ 0.00531131  0.0889992  -0.19500021 -0.11409359]
[2024-04-25 19:50:10,057][root][INFO] - Reward: -0.9999888142206288
[2024-04-25 19:50:10,059][root][INFO] - --------------- Start iteration i=59 ---------------
[2024-04-25 19:50:10,059][root][INFO] - Length of data.x: 210
[2024-04-25 19:50:10,059][root][INFO] - Length of data.y: 210
[2024-04-25 19:50:10,320][root][INFO] - x: [-0.04159321  0.14211226  0.90072469 -0.35913788  0.53956089]
[2024-04-25 19:50:10,321][root][INFO] - y: [ 0.01421123 -0.03377522 -0.28579308  0.06227878]
[2024-04-25 19:50:10,321][root][INFO] - Reward: -0.9973560789429959
[2024-04-25 19:50:10,324][root][INFO] - --------------- Start iteration i=60 ---------------
[2024-04-25 19:50:10,324][root][INFO] - Length of data.x: 211
[2024-04-25 19:50:10,324][root][INFO] - Length of data.y: 211
[2024-04-25 19:50:33,587][root][INFO] - Eval Returns: [-17.85307698 -16.85646164 -19.9519908  -19.9118262  -16.91267518]
[2024-04-25 19:50:33,597][root][INFO] - Eval Returns: mean=-18.297 std=1.381
[2024-04-25 19:50:33,597][root][INFO] - Eval ndata: 211.000
[2024-04-25 19:50:33,597][root][INFO] - Model MSE (current real MPC): 0.450
[2024-04-25 19:50:35,004][root][INFO] - Model MSE (random test set): 0.024
[2024-04-25 19:50:35,004][root][INFO] - Model MSE (GT MPC): 0.002
[2024-04-25 19:50:35,004][root][INFO] - Model Likelihood (random test set): -3.788
[2024-04-25 19:50:35,005][root][INFO] - Model Likelihood (GT MPC): -3.747
[2024-04-25 19:50:35,005][root][INFO] - *[TIME] [Evaluate the current MPC policy] Elapsed: 24.41 seconds
[2024-04-25 19:50:38,741][root][INFO] - x: [-0.02738199  0.10833703  0.61493161 -0.2968591   0.10629189]
[2024-04-25 19:50:38,741][root][INFO] - y: [ 0.0108337  -0.08941419 -0.23623316  0.12345568]
[2024-04-25 19:50:38,742][root][INFO] - Reward: -0.9057799217255295
[2024-04-25 19:50:40,904][root][INFO] - --------------- Start iteration i=61 ---------------
[2024-04-25 19:50:40,904][root][INFO] - Length of data.x: 212
[2024-04-25 19:50:40,904][root][INFO] - Length of data.y: 212
[2024-04-25 19:50:41,319][root][INFO] - x: [-0.01654828  0.01892284  0.37869846 -0.17340342 -1.        ]
[2024-04-25 19:50:41,319][root][INFO] - y: [ 0.00189228 -0.06712482 -0.13799017  0.0661901 ]
[2024-04-25 19:50:41,320][root][INFO] - Reward: -0.5399134020694943
[2024-04-25 19:50:41,324][root][INFO] - --------------- Start iteration i=62 ---------------
[2024-04-25 19:50:41,324][root][INFO] - Length of data.x: 213
[2024-04-25 19:50:41,324][root][INFO] - Length of data.y: 213
[2024-04-25 19:50:41,701][root][INFO] - x: [-0.014656   -0.04820198  0.24070829 -0.10721332 -0.84111445]
[2024-04-25 19:50:41,702][root][INFO] - y: [-0.0048202  -0.03815924 -0.08531772  0.03962289]
[2024-04-25 19:50:41,702][root][INFO] - Reward: -0.09457977709554177
[2024-04-25 19:50:41,704][root][INFO] - --------------- Start iteration i=63 ---------------
[2024-04-25 19:50:41,705][root][INFO] - Length of data.x: 214
[2024-04-25 19:50:41,705][root][INFO] - Length of data.y: 214
[2024-04-25 19:50:41,981][root][INFO] - x: [-0.0194762  -0.08636122  0.15539057 -0.06759043 -0.24855107]
[2024-04-25 19:50:41,982][root][INFO] - y: [-0.00863612  0.00237638 -0.0537868   0.04815593]
[2024-04-25 19:50:41,982][root][INFO] - Reward: -0.07346467747724117
[2024-04-25 19:50:41,985][root][INFO] - --------------- Start iteration i=64 ---------------
[2024-04-25 19:50:41,985][root][INFO] - Length of data.x: 215
[2024-04-25 19:50:41,985][root][INFO] - Length of data.y: 215
[2024-04-25 19:50:42,275][root][INFO] - x: [-0.02811232 -0.08398483  0.10160377 -0.01943451 -0.03728783]
[2024-04-25 19:50:42,276][root][INFO] - y: [-0.00839848  0.01486036 -0.0154655   0.04492534]
[2024-04-25 19:50:42,277][root][INFO] - Reward: -0.2875765215660705
[2024-04-25 19:50:42,280][root][INFO] - --------------- Start iteration i=65 ---------------
[2024-04-25 19:50:42,280][root][INFO] - Length of data.x: 216
[2024-04-25 19:50:42,280][root][INFO] - Length of data.y: 216
[2024-04-25 19:50:42,561][root][INFO] - x: [-0.0365108  -0.06912448  0.08613826  0.02549083  0.21539609]
[2024-04-25 19:50:42,561][root][INFO] - y: [-0.00691245  0.03188725  0.02028497  0.05697766]
[2024-04-25 19:50:42,562][root][INFO] - Reward: -0.3683978245596088
[2024-04-25 19:50:42,564][root][INFO] - --------------- Start iteration i=66 ---------------
[2024-04-25 19:50:42,564][root][INFO] - Length of data.x: 217
[2024-04-25 19:50:42,564][root][INFO] - Length of data.y: 217
[2024-04-25 19:50:42,832][root][INFO] - x: [-0.04342325 -0.03723723  0.10642324  0.08246849 -0.30572066]
[2024-04-25 19:50:42,833][root][INFO] - y: [-0.00372372 -0.00840289  0.06562639  0.02428615]
[2024-04-25 19:50:42,833][root][INFO] - Reward: -0.23689821676675826
[2024-04-25 19:50:42,835][root][INFO] - --------------- Start iteration i=67 ---------------
[2024-04-25 19:50:42,835][root][INFO] - Length of data.x: 218
[2024-04-25 19:50:42,835][root][INFO] - Length of data.y: 218
[2024-04-25 19:50:43,116][root][INFO] - x: [-0.04714697 -0.04564012  0.17204963  0.10675463  0.32389266]
[2024-04-25 19:50:43,116][root][INFO] - y: [-0.00456401  0.03783141  0.0849527   0.08296947]
[2024-04-25 19:50:43,117][root][INFO] - Reward: -0.2812480827446291
[2024-04-25 19:50:43,119][root][INFO] - --------------- Start iteration i=68 ---------------
[2024-04-25 19:50:43,119][root][INFO] - Length of data.x: 219
[2024-04-25 19:50:43,119][root][INFO] - Length of data.y: 219
[2024-04-25 19:50:43,389][root][INFO] - x: [-0.05171099 -0.00780871  0.25700233  0.1897241   0.97370001]
[2024-04-25 19:50:43,389][root][INFO] - y: [-0.00078087  0.05211961  0.15097777  0.10698301]
[2024-04-25 19:50:43,390][root][INFO] - Reward: -0.7751102386707154
[2024-04-25 19:50:43,392][root][INFO] - --------------- Start iteration i=69 ---------------
[2024-04-25 19:50:43,392][root][INFO] - Length of data.x: 220
[2024-04-25 19:50:43,392][root][INFO] - Length of data.y: 220
[2024-04-25 19:50:43,672][root][INFO] - x: [-0.05249186  0.0443109   0.4079801   0.29670711  0.69076272]
[2024-04-25 19:50:43,673][root][INFO] - y: [ 0.00443109 -0.03604929  0.23611221  0.08384812]
[2024-04-25 19:50:43,673][root][INFO] - Reward: -0.9974661766603197
[2024-04-25 19:50:43,676][root][INFO] - --------------- Start iteration i=70 ---------------
[2024-04-25 19:50:43,676][root][INFO] - Length of data.x: 221
[2024-04-25 19:50:43,676][root][INFO] - Length of data.y: 221
[2024-04-25 19:51:06,017][root][INFO] - Eval Returns: [-18.51543989 -18.07625429 -16.83762221 -16.79198968 -16.66269195]
[2024-04-25 19:51:06,025][root][INFO] - Eval Returns: mean=-17.377 std=0.765
[2024-04-25 19:51:06,025][root][INFO] - Eval ndata: 221.000
[2024-04-25 19:51:06,025][root][INFO] - Model MSE (current real MPC): 0.384
[2024-04-25 19:51:07,374][root][INFO] - Model MSE (random test set): 0.017
[2024-04-25 19:51:07,374][root][INFO] - Model MSE (GT MPC): 0.002
[2024-04-25 19:51:07,374][root][INFO] - Model Likelihood (random test set): -3.776
[2024-04-25 19:51:07,374][root][INFO] - Model Likelihood (GT MPC): -3.745
[2024-04-25 19:51:07,374][root][INFO] - *[TIME] [Evaluate the current MPC policy] Elapsed: 23.41 seconds
[2024-04-25 19:51:10,495][root][INFO] - x: [-0.04806077  0.00826161  0.6440923   0.38055524  1.        ]
[2024-04-25 19:51:10,496][root][INFO] - y: [ 0.00082616 -0.09335995  0.30283648  0.12914253]
[2024-04-25 19:51:10,496][root][INFO] - Reward: -0.9999961693075408
[2024-04-25 19:51:12,092][root][INFO] - --------------- Start iteration i=71 ---------------
[2024-04-25 19:51:12,092][root][INFO] - Length of data.x: 222
[2024-04-25 19:51:12,092][root][INFO] - Length of data.y: 222
[2024-04-25 19:51:12,500][root][INFO] - x: [-0.04723461 -0.08509834  0.94692878  0.50969777 -0.23893319]
[2024-04-25 19:51:12,500][root][INFO] - y: [-0.00850983 -0.0905713   0.40560492  0.1056125 ]
[2024-04-25 19:51:12,500][root][INFO] - Reward: -0.9999998333515413
[2024-04-25 19:51:12,504][root][INFO] - --------------- Start iteration i=72 ---------------
[2024-04-25 19:51:12,504][root][INFO] - Length of data.x: 223
[2024-04-25 19:51:12,504][root][INFO] - Length of data.y: 223
[2024-04-25 19:51:12,882][root][INFO] - x: [-0.05574444 -0.17566963 -0.64746629  0.61531026 -0.04211715]
[2024-04-25 19:51:12,883][root][INFO] - y: [-0.01756696  0.35877076  0.48964874 -0.24817735]
[2024-04-25 19:51:12,883][root][INFO] - Reward: -0.9997615566737647
[2024-04-25 19:51:12,887][root][INFO] - --------------- Start iteration i=73 ---------------
[2024-04-25 19:51:12,887][root][INFO] - Length of data.x: 224
[2024-04-25 19:51:12,888][root][INFO] - Length of data.y: 224
[2024-04-25 19:51:13,289][root][INFO] - x: [-0.0733114   0.18310112 -0.15781755  0.36713291  0.09031985]
[2024-04-25 19:51:13,290][root][INFO] - y: [0.01831011 0.06675919 0.29215533 0.01200362]
[2024-04-25 19:51:13,290][root][INFO] - Reward: -0.5335857947986125
[2024-04-25 19:51:13,294][root][INFO] - --------------- Start iteration i=74 ---------------
[2024-04-25 19:51:13,294][root][INFO] - Length of data.x: 225
[2024-04-25 19:51:13,294][root][INFO] - Length of data.y: 225
[2024-04-25 19:51:13,694][root][INFO] - x: [-0.05500129  0.24986032  0.13433778  0.37913653 -0.49947796]
[2024-04-25 19:51:13,695][root][INFO] - y: [ 0.02498603 -0.10017456  0.30170751 -0.05116061]
[2024-04-25 19:51:13,695][root][INFO] - Reward: -0.9185446974860323
[2024-04-25 19:51:13,695][root][INFO] - Explore episode complete with return -19.009625727788784, resetting
[2024-04-25 19:51:13,695][root][INFO] - Exploration Episode Rewards: [-0.9999900720049776, -0.9999901622682283, -0.9999908887654294, -0.9999932612001597, -0.999996352226292, -0.9999984034839638, -0.9999993865691841, -0.9999994171535267, -0.9999888142206288, -0.9973560789429959, -0.9057799217255295, -0.5399134020694943, -0.09457977709554177, -0.07346467747724117, -0.2875765215660705, -0.3683978245596088, -0.23689821676675826, -0.2812480827446291, -0.7751102386707154, -0.9974661766603197, -0.9999961693075408, -0.9999998333515413, -0.9997615566737647, -0.5335857947986125, -0.9185446974860323]
[2024-04-25 19:51:13,699][root][INFO] - --------------- Start iteration i=75 ---------------
[2024-04-25 19:51:13,700][root][INFO] - Length of data.x: 226
[2024-04-25 19:51:13,700][root][INFO] - Length of data.y: 226
[2024-04-25 19:51:14,007][root][INFO] - x: [ 4.69666172e-03 -3.57038896e-04 -9.92465600e-01 -4.72763141e-05
 -1.84738950e-01]
[2024-04-25 19:51:14,007][root][INFO] - y: [-3.57038896e-05 -2.81487919e-02 -3.76213257e-05  2.58164796e-02]
[2024-04-25 19:51:14,007][root][INFO] - Reward: -0.9999901224237057
[2024-04-25 19:51:14,010][root][INFO] - --------------- Start iteration i=76 ---------------
[2024-04-25 19:51:14,010][root][INFO] - Length of data.x: 227
[2024-04-25 19:51:14,010][root][INFO] - Length of data.y: 227
[2024-04-25 19:51:14,308][root][INFO] - x: [ 0.00466096 -0.02850583 -0.99250322  0.0257692  -0.44257923]
[2024-04-25 19:51:14,309][root][INFO] - y: [-0.00285058 -0.06892288  0.0205065   0.06659094]
[2024-04-25 19:51:14,309][root][INFO] - Reward: -0.9999897175778345
[2024-04-25 19:51:14,312][root][INFO] - --------------- Start iteration i=77 ---------------
[2024-04-25 19:51:14,312][root][INFO] - Length of data.x: 228
[2024-04-25 19:51:14,312][root][INFO] - Length of data.y: 228
[2024-04-25 19:51:14,601][root][INFO] - x: [ 0.00181037 -0.09742871 -0.97199672  0.09236014 -0.42521503]
[2024-04-25 19:51:14,602][root][INFO] - y: [-0.00974287 -0.05991682  0.07349792  0.05105685]
[2024-04-25 19:51:14,602][root][INFO] - Reward: -0.9999900576072766
[2024-04-25 19:51:14,606][root][INFO] - --------------- Start iteration i=78 ---------------
[2024-04-25 19:51:14,606][root][INFO] - Length of data.x: 229
[2024-04-25 19:51:14,606][root][INFO] - Length of data.y: 229
[2024-04-25 19:51:14,899][root][INFO] - x: [-0.0079325  -0.15734553 -0.8984988   0.14341699  0.04732973]
[2024-04-25 19:51:14,900][root][INFO] - y: [-0.01573455  0.03165014  0.11412771 -0.06084039]
[2024-04-25 19:51:14,900][root][INFO] - Reward: -0.9999945523670521
[2024-04-25 19:51:14,903][root][INFO] - --------------- Start iteration i=79 ---------------
[2024-04-25 19:51:14,903][root][INFO] - Length of data.x: 230
[2024-04-25 19:51:14,903][root][INFO] - Length of data.y: 230
[2024-04-25 19:51:15,222][root][INFO] - x: [-0.02366705 -0.12569539 -0.78437109  0.0825766  -0.28811705]
[2024-04-25 19:51:15,222][root][INFO] - y: [-0.01256954  0.01144959  0.06571243 -0.07047171]
[2024-04-25 19:51:15,223][root][INFO] - Reward: -0.9999980603632366
[2024-04-25 19:51:15,226][root][INFO] - --------------- Start iteration i=80 ---------------
[2024-04-25 19:51:15,226][root][INFO] - Length of data.x: 231
[2024-04-25 19:51:15,226][root][INFO] - Length of data.y: 231
[2024-04-25 19:51:37,809][root][INFO] - Eval Returns: [-12.06796063 -19.67632559 -20.77485503 -18.47125392 -15.90513348]
[2024-04-25 19:51:37,817][root][INFO] - Eval Returns: mean=-17.379 std=3.111
[2024-04-25 19:51:37,817][root][INFO] - Eval ndata: 231.000
[2024-04-25 19:51:37,817][root][INFO] - Model MSE (current real MPC): 0.417
[2024-04-25 19:51:39,300][root][INFO] - Model MSE (random test set): 0.008
[2024-04-25 19:51:39,300][root][INFO] - Model MSE (GT MPC): 0.002
[2024-04-25 19:51:39,300][root][INFO] - Model Likelihood (random test set): -3.743
[2024-04-25 19:51:39,300][root][INFO] - Model Likelihood (GT MPC): -3.744
[2024-04-25 19:51:39,300][root][INFO] - *[TIME] [Evaluate the current MPC policy] Elapsed: 23.74 seconds
[2024-04-25 19:51:43,447][root][INFO] - x: [-0.03623659 -0.1142458  -0.71865867  0.01210489 -0.06520957]
[2024-04-25 19:51:43,447][root][INFO] - y: [-0.01142458  0.01889437  0.00963277 -0.08790985]
[2024-04-25 19:51:43,447][root][INFO] - Reward: -0.9999995942641532
[2024-04-25 19:51:45,227][root][INFO] - --------------- Start iteration i=81 ---------------
[2024-04-25 19:51:45,227][root][INFO] - Length of data.x: 232
[2024-04-25 19:51:45,227][root][INFO] - Length of data.y: 232
[2024-04-25 19:51:45,677][root][INFO] - x: [-0.04766117 -0.09535143 -0.70902589 -0.07580496  0.10376202]
[2024-04-25 19:51:45,677][root][INFO] - y: [-0.00953514  0.03279794 -0.06032372 -0.0977998 ]
[2024-04-25 19:51:45,678][root][INFO] - Reward: -0.9999999190595442
[2024-04-25 19:51:45,682][root][INFO] - --------------- Start iteration i=82 ---------------
[2024-04-25 19:51:45,683][root][INFO] - Length of data.x: 233
[2024-04-25 19:51:45,683][root][INFO] - Length of data.y: 233
[2024-04-25 19:51:46,139][root][INFO] - x: [-0.05719631 -0.06255349 -0.76934961 -0.17360476  0.71442913]
[2024-04-25 19:51:46,139][root][INFO] - y: [-0.00625535  0.09287901 -0.13815039 -0.13463515]
[2024-04-25 19:51:46,140][root][INFO] - Reward: -0.9999999118938869
[2024-04-25 19:51:46,145][root][INFO] - --------------- Start iteration i=83 ---------------
[2024-04-25 19:51:46,145][root][INFO] - Length of data.x: 234
[2024-04-25 19:51:46,145][root][INFO] - Length of data.y: 234
[2024-04-25 19:51:46,554][root][INFO] - x: [-0.06345166  0.03032552 -0.9075     -0.30823991  0.2982133 ]
[2024-04-25 19:51:46,555][root][INFO] - y: [ 0.00303255  0.07660775 -0.24528972 -0.10153268]
[2024-04-25 19:51:46,555][root][INFO] - Reward: -0.9999850529617901
[2024-04-25 19:51:46,558][root][INFO] - --------------- Start iteration i=84 ---------------
[2024-04-25 19:51:46,558][root][INFO] - Length of data.x: 235
[2024-04-25 19:51:46,558][root][INFO] - Length of data.y: 235
[2024-04-25 19:51:46,923][root][INFO] - x: [-0.06041911  0.10693327  0.84721028 -0.40977259  0.423158  ]
[2024-04-25 19:51:46,924][root][INFO] - y: [ 0.01069333 -0.09601652 -0.32608693  0.13051311]
[2024-04-25 19:51:46,924][root][INFO] - Reward: -0.9651570870228678
[2024-04-25 19:51:46,929][root][INFO] - --------------- Start iteration i=85 ---------------
[2024-04-25 19:51:46,929][root][INFO] - Length of data.x: 236
[2024-04-25 19:51:46,929][root][INFO] - Length of data.y: 236
[2024-04-25 19:51:47,317][root][INFO] - x: [-0.04972578  0.01091675  0.52112335 -0.27925948  0.39590577]
[2024-04-25 19:51:47,317][root][INFO] - y: [ 0.00109167 -0.05579323 -0.22222781  0.10168356]
[2024-04-25 19:51:47,317][root][INFO] - Reward: -0.38293088189325164
[2024-04-25 19:51:47,320][root][INFO] - --------------- Start iteration i=86 ---------------
[2024-04-25 19:51:47,320][root][INFO] - Length of data.x: 237
[2024-04-25 19:51:47,320][root][INFO] - Length of data.y: 237
[2024-04-25 19:51:47,604][root][INFO] - x: [-0.04863411 -0.04487648  0.29889553 -0.17757592  0.35844217]
[2024-04-25 19:51:47,604][root][INFO] - y: [-0.00448765  0.01388085 -0.14131054  0.08744255]
[2024-04-25 19:51:47,605][root][INFO] - Reward: -0.40920447902208745
[2024-04-25 19:51:47,608][root][INFO] - --------------- Start iteration i=87 ---------------
[2024-04-25 19:51:47,608][root][INFO] - Length of data.x: 238
[2024-04-25 19:51:47,608][root][INFO] - Length of data.y: 238
[2024-04-25 19:51:47,898][root][INFO] - x: [-0.05312175 -0.03099564  0.15758499 -0.09013337  0.48405715]
[2024-04-25 19:51:47,899][root][INFO] - y: [-0.00309956  0.05113718 -0.07172591  0.09165142]
[2024-04-25 19:51:47,899][root][INFO] - Reward: -0.727116052191238
[2024-04-25 19:51:47,902][root][INFO] - --------------- Start iteration i=88 ---------------
[2024-04-25 19:51:47,902][root][INFO] - Length of data.x: 239
[2024-04-25 19:51:47,902][root][INFO] - Length of data.y: 239
[2024-04-25 19:51:48,192][root][INFO] - x: [-0.05622132  0.02014155  0.08585908  0.00151805  0.21263391]
[2024-04-25 19:51:48,193][root][INFO] - y: [0.00201415 0.03052021 0.00120803 0.0555845 ]
[2024-04-25 19:51:48,193][root][INFO] - Reward: -0.6862434101179749
[2024-04-25 19:51:48,196][root][INFO] - --------------- Start iteration i=89 ---------------
[2024-04-25 19:51:48,196][root][INFO] - Length of data.x: 240
[2024-04-25 19:51:48,196][root][INFO] - Length of data.y: 240
[2024-04-25 19:51:48,495][root][INFO] - x: [-0.05420716  0.05066175  0.08706711  0.05710255 -0.95416317]
[2024-04-25 19:51:48,495][root][INFO] - y: [ 0.00506618 -0.06049196  0.04544081 -0.03171621]
[2024-04-25 19:51:48,495][root][INFO] - Reward: -0.40320310506544743
[2024-04-25 19:51:48,498][root][INFO] - --------------- Start iteration i=90 ---------------
[2024-04-25 19:51:48,498][root][INFO] - Length of data.x: 241
[2024-04-25 19:51:48,499][root][INFO] - Length of data.y: 241
[2024-04-25 19:52:11,906][root][INFO] - Eval Returns: [-17.48693621 -17.43897143 -18.67945975 -12.95352046 -18.54313801]
[2024-04-25 19:52:11,915][root][INFO] - Eval Returns: mean=-17.020 std=2.098
[2024-04-25 19:52:11,915][root][INFO] - Eval ndata: 241.000
[2024-04-25 19:52:11,915][root][INFO] - Model MSE (current real MPC): 0.385
[2024-04-25 19:52:13,451][root][INFO] - Model MSE (random test set): 0.007
[2024-04-25 19:52:13,451][root][INFO] - Model MSE (GT MPC): 0.001
[2024-04-25 19:52:13,451][root][INFO] - Model Likelihood (random test set): -3.742
[2024-04-25 19:52:13,451][root][INFO] - Model Likelihood (GT MPC): -3.744
[2024-04-25 19:52:13,451][root][INFO] - *[TIME] [Evaluate the current MPC policy] Elapsed: 24.65 seconds
[2024-04-25 19:52:18,101][root][INFO] - x: [-0.04914099 -0.00983021  0.13250791  0.02538634 -0.07830523]
[2024-04-25 19:52:18,101][root][INFO] - y: [-0.00098302  0.01392621  0.02020182  0.05244562]
[2024-04-25 19:52:18,102][root][INFO] - Reward: -0.35545127559284373
[2024-04-25 19:52:19,972][root][INFO] - --------------- Start iteration i=91 ---------------
[2024-04-25 19:52:19,972][root][INFO] - Length of data.x: 242
[2024-04-25 19:52:19,973][root][INFO] - Length of data.y: 242
[2024-04-25 19:52:20,371][root][INFO] - x: [-0.05012401  0.004096    0.15270974  0.07783196  0.55416276]
[2024-04-25 19:52:20,372][root][INFO] - y: [0.0004096  0.05692248 0.06193675 0.09582154]
[2024-04-25 19:52:20,372][root][INFO] - Reward: -0.22744940671959524
[2024-04-25 19:52:20,376][root][INFO] - --------------- Start iteration i=92 ---------------
[2024-04-25 19:52:20,376][root][INFO] - Length of data.x: 243
[2024-04-25 19:52:20,376][root][INFO] - Length of data.y: 243
[2024-04-25 19:52:20,773][root][INFO] - x: [-0.04971441  0.06101847  0.21464649  0.17365349  0.93189363]
[2024-04-25 19:52:20,773][root][INFO] - y: [0.00610185 0.06002788 0.13818917 0.1082029 ]
[2024-04-25 19:52:20,773][root][INFO] - Reward: -0.6191018878276705
[2024-04-25 19:52:20,778][root][INFO] - --------------- Start iteration i=93 ---------------
[2024-04-25 19:52:20,778][root][INFO] - Length of data.x: 244
[2024-04-25 19:52:20,778][root][INFO] - Length of data.y: 244
[2024-04-25 19:52:21,174][root][INFO] - x: [-0.04361256  0.12104636  0.35283566  0.28185639  0.01168136]
[2024-04-25 19:52:21,175][root][INFO] - y: [ 0.01210464 -0.05682368  0.22429437  0.06254508]
[2024-04-25 19:52:21,176][root][INFO] - Reward: -0.9932613033714359
[2024-04-25 19:52:21,180][root][INFO] - --------------- Start iteration i=94 ---------------
[2024-04-25 19:52:21,181][root][INFO] - Length of data.x: 245
[2024-04-25 19:52:21,181][root][INFO] - Length of data.y: 245
[2024-04-25 19:52:21,609][root][INFO] - x: [-0.03150793  0.06422268  0.57713003  0.34440147  0.10306444]
[2024-04-25 19:52:21,609][root][INFO] - y: [ 0.00642227 -0.11448928  0.27406621  0.12280241]
[2024-04-25 19:52:21,610][root][INFO] - Reward: -0.9999670385472722
[2024-04-25 19:52:21,614][root][INFO] - --------------- Start iteration i=95 ---------------
[2024-04-25 19:52:21,614][root][INFO] - Length of data.x: 246
[2024-04-25 19:52:21,614][root][INFO] - Length of data.y: 246
[2024-04-25 19:52:22,037][root][INFO] - x: [-0.02508566 -0.0502666   0.85119624  0.46720388  0.05256231]
[2024-04-25 19:52:22,038][root][INFO] - y: [-0.00502666 -0.14818615  0.37178934  0.17653949]
[2024-04-25 19:52:22,038][root][INFO] - Reward: -0.9999971045996134
[2024-04-25 19:52:22,043][root][INFO] - --------------- Start iteration i=96 ---------------
[2024-04-25 19:52:22,043][root][INFO] - Length of data.x: 247
[2024-04-25 19:52:22,043][root][INFO] - Length of data.y: 247
[2024-04-25 19:52:22,472][root][INFO] - x: [-0.03011232 -0.19845275 -0.77701443  0.64374337  0.55528539]
[2024-04-25 19:52:22,472][root][INFO] - y: [-0.01984527  0.38207739  0.51227511 -0.35540008]
[2024-04-25 19:52:22,473][root][INFO] - Reward: -0.9994015320370391
[2024-04-25 19:52:22,477][root][INFO] - --------------- Start iteration i=97 ---------------
[2024-04-25 19:52:22,477][root][INFO] - Length of data.x: 248
[2024-04-25 19:52:22,477][root][INFO] - Length of data.y: 248
[2024-04-25 19:52:22,867][root][INFO] - x: [-0.04995759  0.18362464 -0.26473931  0.2883433  -0.85985334]
[2024-04-25 19:52:22,868][root][INFO] - y: [ 0.01836246 -0.00669361  0.22945649 -0.07708652]
[2024-04-25 19:52:22,868][root][INFO] - Reward: -0.6894677142515246
[2024-04-25 19:52:22,872][root][INFO] - --------------- Start iteration i=98 ---------------
[2024-04-25 19:52:22,873][root][INFO] - Length of data.x: 249
[2024-04-25 19:52:22,873][root][INFO] - Length of data.y: 249
[2024-04-25 19:52:23,275][root][INFO] - x: [-0.03159513  0.17693103 -0.03528282  0.21125678 -0.75660437]
[2024-04-25 19:52:23,276][root][INFO] - y: [ 0.0176931  -0.06197662  0.16811294 -0.0724589 ]
[2024-04-25 19:52:23,276][root][INFO] - Reward: -0.10236643260444878
[2024-04-25 19:52:23,281][root][INFO] - --------------- Start iteration i=99 ---------------
[2024-04-25 19:52:23,281][root][INFO] - Length of data.x: 250
[2024-04-25 19:52:23,281][root][INFO] - Length of data.y: 250
[2024-04-25 19:52:23,680][root][INFO] - x: [-0.01390203  0.11495441  0.13283012  0.13879788 -0.01554596]
[2024-04-25 19:52:23,680][root][INFO] - y: [0.01149544 0.00640461 0.11045193 0.04565465]
[2024-04-25 19:52:23,681][root][INFO] - Reward: -0.7646706739892909
[2024-04-25 19:52:23,681][root][INFO] - Explore episode complete with return -19.324936373372083, resetting
[2024-04-25 19:52:23,681][root][INFO] - Exploration Episode Rewards: [-0.9999901224237057, -0.9999897175778345, -0.9999900576072766, -0.9999945523670521, -0.9999980603632366, -0.9999995942641532, -0.9999999190595442, -0.9999999118938869, -0.9999850529617901, -0.9651570870228678, -0.38293088189325164, -0.40920447902208745, -0.727116052191238, -0.6862434101179749, -0.40320310506544743, -0.35545127559284373, -0.22744940671959524, -0.6191018878276705, -0.9932613033714359, -0.9999670385472722, -0.9999971045996134, -0.9994015320370391, -0.6894677142515246, -0.10236643260444878, -0.7646706739892909]
[2024-04-25 19:52:23,685][root][INFO] - --------------- Start iteration i=100 ---------------
[2024-04-25 19:52:23,686][root][INFO] - Length of data.x: 251
[2024-04-25 19:52:23,686][root][INFO] - Length of data.y: 251
[2024-04-25 19:52:51,939][root][INFO] - Eval Returns: [-17.33625078 -14.92835741 -10.52912738 -14.64931163 -16.32760188]
[2024-04-25 19:52:51,951][root][INFO] - Eval Returns: mean=-14.754 std=2.325
[2024-04-25 19:52:51,951][root][INFO] - Eval ndata: 251.000
[2024-04-25 19:52:51,951][root][INFO] - Model MSE (current real MPC): 0.352
[2024-04-25 19:52:53,764][root][INFO] - Model MSE (random test set): 0.008
[2024-04-25 19:52:53,765][root][INFO] - Model MSE (GT MPC): 0.001
[2024-04-25 19:52:53,765][root][INFO] - Model Likelihood (random test set): -3.747
[2024-04-25 19:52:53,765][root][INFO] - Model Likelihood (GT MPC): -3.747
[2024-04-25 19:52:53,765][root][INFO] - *[TIME] [Evaluate the current MPC policy] Elapsed: 29.67 seconds
[2024-04-25 19:52:57,848][root][INFO] - x: [-7.69490829e-05 -2.97465614e-03 -9.99220311e-01  1.06387879e-03
  5.08633309e-01]
[2024-04-25 19:52:57,848][root][INFO] - y: [-0.00029747  0.04088259  0.00084661 -0.04112325]
[2024-04-25 19:52:57,848][root][INFO] - Reward: -0.9999900726861942
[2024-04-25 19:52:59,717][root][INFO] - --------------- Start iteration i=101 ---------------
[2024-04-25 19:52:59,717][root][INFO] - Length of data.x: 252
[2024-04-25 19:52:59,717][root][INFO] - Length of data.y: 252
[2024-04-25 19:53:00,197][root][INFO] - x: [-3.74414697e-04  3.79079310e-02 -9.98373702e-01 -4.00593715e-02
  2.84804969e-01]
[2024-04-25 19:53:00,197][root][INFO] - y: [ 0.00379079  0.022491   -0.03187826 -0.02299267]
[2024-04-25 19:53:00,198][root][INFO] - Reward: -0.9999902131037537
[2024-04-25 19:53:00,203][root][INFO] - --------------- Start iteration i=102 ---------------
[2024-04-25 19:53:00,203][root][INFO] - Length of data.x: 253
[2024-04-25 19:53:00,203][root][INFO] - Length of data.y: 253
[2024-04-25 19:53:00,695][root][INFO] - x: [ 0.00341638  0.06039893  0.96974804 -0.06305204  0.25968169]
[2024-04-25 19:53:00,695][root][INFO] - y: [ 0.00603989  0.03426542 -0.05017526 -0.02479172]
[2024-04-25 19:53:00,696][root][INFO] - Reward: -0.9999911543793815
[2024-04-25 19:53:00,701][root][INFO] - --------------- Start iteration i=103 ---------------
[2024-04-25 19:53:00,701][root][INFO] - Length of data.x: 254
[2024-04-25 19:53:00,701][root][INFO] - Length of data.y: 254
[2024-04-25 19:53:01,183][root][INFO] - x: [ 0.00945627  0.09466435  0.91957278 -0.08784376  0.15848338]
[2024-04-25 19:53:01,184][root][INFO] - y: [ 0.00946643  0.00644558 -0.0699039   0.01830828]
[2024-04-25 19:53:01,185][root][INFO] - Reward: -0.999993870030037
[2024-04-25 19:53:01,190][root][INFO] - --------------- Start iteration i=104 ---------------
[2024-04-25 19:53:01,190][root][INFO] - Length of data.x: 255
[2024-04-25 19:53:01,190][root][INFO] - Length of data.y: 255
[2024-04-25 19:53:01,684][root][INFO] - x: [ 0.01892271  0.10110993  0.84966888 -0.06953548  0.01718751]
[2024-04-25 19:53:01,686][root][INFO] - y: [ 0.01011099 -0.02316096 -0.05533462  0.06529864]
[2024-04-25 19:53:01,686][root][INFO] - Reward: -0.9999969836794075
[2024-04-25 19:53:01,692][root][INFO] - --------------- Start iteration i=105 ---------------
[2024-04-25 19:53:01,693][root][INFO] - Length of data.x: 256
[2024-04-25 19:53:01,693][root][INFO] - Length of data.y: 256
[2024-04-25 19:53:02,156][root][INFO] - x: [ 0.0290337   0.07794898  0.79433426 -0.00423683 -0.15309395]
[2024-04-25 19:53:02,157][root][INFO] - y: [ 0.0077949  -0.04442088 -0.00337157  0.09459232]
[2024-04-25 19:53:02,158][root][INFO] - Reward: -0.9999987159943243
[2024-04-25 19:53:02,163][root][INFO] - --------------- Start iteration i=106 ---------------
[2024-04-25 19:53:02,163][root][INFO] - Length of data.x: 257
[2024-04-25 19:53:02,163][root][INFO] - Length of data.y: 257
[2024-04-25 19:53:02,617][root][INFO] - x: [ 0.0368286   0.0335281   0.79096269  0.09035548 -0.30069696]
[2024-04-25 19:53:02,618][root][INFO] - y: [ 0.00335281 -0.06914962  0.07190267  0.11471945]
[2024-04-25 19:53:02,618][root][INFO] - Reward: -0.9999990775478875
[2024-04-25 19:53:02,623][root][INFO] - --------------- Start iteration i=107 ---------------
[2024-04-25 19:53:02,624][root][INFO] - Length of data.x: 258
[2024-04-25 19:53:02,624][root][INFO] - Length of data.y: 258
[2024-04-25 19:53:03,076][root][INFO] - x: [ 0.04018141 -0.03562152  0.86286536  0.20507493 -0.84642355]
[2024-04-25 19:53:03,077][root][INFO] - y: [-0.00356215 -0.16617163  0.16319358  0.19199743]
[2024-04-25 19:53:03,078][root][INFO] - Reward: -0.9999953840754252
[2024-04-25 19:53:03,083][root][INFO] - --------------- Start iteration i=108 ---------------
[2024-04-25 19:53:03,083][root][INFO] - Length of data.x: 259
[2024-04-25 19:53:03,084][root][INFO] - Length of data.y: 259
[2024-04-25 19:53:03,588][root][INFO] - x: [ 0.03661925 -0.20179315 -0.97394106  0.39707236 -0.08220124]
[2024-04-25 19:53:03,589][root][INFO] - y: [-0.02017932  0.01416224  0.3159804  -0.02214537]
[2024-04-25 19:53:03,589][root][INFO] - Reward: -0.9993449859298241
[2024-04-25 19:53:03,597][root][INFO] - --------------- Start iteration i=109 ---------------
[2024-04-25 19:53:03,597][root][INFO] - Length of data.x: 260
[2024-04-25 19:53:03,598][root][INFO] - Length of data.y: 260
[2024-04-25 19:53:04,132][root][INFO] - x: [ 0.01643994 -0.18763091 -0.65796067  0.37492699  0.36710099]
[2024-04-25 19:53:04,132][root][INFO] - y: [-0.01876309  0.18567788  0.29835766 -0.17476117]
[2024-04-25 19:53:04,133][root][INFO] - Reward: -0.9700133843934707
[2024-04-25 19:53:04,141][root][INFO] - --------------- Start iteration i=110 ---------------
[2024-04-25 19:53:04,141][root][INFO] - Length of data.x: 261
[2024-04-25 19:53:04,141][root][INFO] - Length of data.y: 261
[2024-04-25 19:53:28,904][root][INFO] - Eval Returns: [-16.99165698 -16.25222934 -19.25560406 -17.78923805 -17.79375124]
[2024-04-25 19:53:28,915][root][INFO] - Eval Returns: mean=-17.616 std=1.000
[2024-04-25 19:53:28,915][root][INFO] - Eval ndata: 261.000
[2024-04-25 19:53:28,915][root][INFO] - Model MSE (current real MPC): 0.384
[2024-04-25 19:53:30,642][root][INFO] - Model MSE (random test set): 0.008
[2024-04-25 19:53:30,642][root][INFO] - Model MSE (GT MPC): 0.001
[2024-04-25 19:53:30,643][root][INFO] - Model Likelihood (random test set): -3.753
[2024-04-25 19:53:30,643][root][INFO] - Model Likelihood (GT MPC): -3.747
[2024-04-25 19:53:30,643][root][INFO] - *[TIME] [Evaluate the current MPC policy] Elapsed: 26.16 seconds
[2024-04-25 19:53:34,741][root][INFO] - x: [-0.00232315 -0.00195303 -0.35960301  0.20016582  0.13921295]
[2024-04-25 19:53:34,741][root][INFO] - y: [-0.0001953   0.0286921   0.15928703 -0.07655287]
[2024-04-25 19:53:34,741][root][INFO] - Reward: -0.71372473099984
[2024-04-25 19:53:36,639][root][INFO] - --------------- Start iteration i=111 ---------------
[2024-04-25 19:53:36,639][root][INFO] - Length of data.x: 262
[2024-04-25 19:53:36,639][root][INFO] - Length of data.y: 262
[2024-04-25 19:53:37,090][root][INFO] - x: [-0.00251845  0.02673907 -0.20031598  0.12361295  0.13460311]
[2024-04-25 19:53:37,090][root][INFO] - y: [ 0.00267391 -0.00348148  0.09836814 -0.06061385]
[2024-04-25 19:53:37,090][root][INFO] - Reward: -0.2504104534133773
[2024-04-25 19:53:37,095][root][INFO] - --------------- Start iteration i=112 ---------------
[2024-04-25 19:53:37,095][root][INFO] - Length of data.x: 263
[2024-04-25 19:53:37,095][root][INFO] - Length of data.y: 263
[2024-04-25 19:53:37,554][root][INFO] - x: [ 0.00015545  0.02325759 -0.10194784  0.0629991  -0.03030392]
[2024-04-25 19:53:37,554][root][INFO] - y: [ 0.00232576 -0.01977684  0.05013313 -0.04968752]
[2024-04-25 19:53:37,555][root][INFO] - Reward: -0.04157780121913357
[2024-04-25 19:53:37,560][root][INFO] - --------------- Start iteration i=113 ---------------
[2024-04-25 19:53:37,560][root][INFO] - Length of data.x: 264
[2024-04-25 19:53:37,560][root][INFO] - Length of data.y: 264
[2024-04-25 19:53:38,001][root][INFO] - x: [ 0.00248121  0.00348076 -0.05181471  0.01331158  0.21233646]
[2024-04-25 19:53:38,002][root][INFO] - y: [0.00034808 0.02415802 0.01059303 0.00792411]
[2024-04-25 19:53:38,002][root][INFO] - Reward: -0.019369996868932482
[2024-04-25 19:53:38,008][root][INFO] - --------------- Start iteration i=114 ---------------
[2024-04-25 19:53:38,008][root][INFO] - Length of data.x: 265
[2024-04-25 19:53:38,008][root][INFO] - Length of data.y: 265
[2024-04-25 19:53:38,487][root][INFO] - x: [ 0.00282929  0.02763878 -0.04122168  0.02123569  0.03038799]
[2024-04-25 19:53:38,487][root][INFO] - y: [ 0.00276388 -0.0030079   0.01689884 -0.01566426]
[2024-04-25 19:53:38,488][root][INFO] - Reward: -0.0008449080437362699
[2024-04-25 19:53:38,493][root][INFO] - --------------- Start iteration i=115 ---------------
[2024-04-25 19:53:38,493][root][INFO] - Length of data.x: 266
[2024-04-25 19:53:38,493][root][INFO] - Length of data.y: 266
[2024-04-25 19:53:38,958][root][INFO] - x: [ 0.00559317  0.02463087 -0.02432284  0.00557143  0.08688565]
[2024-04-25 19:53:38,959][root][INFO] - y: [0.00246309 0.008995   0.00443361 0.00147235]
[2024-04-25 19:53:38,959][root][INFO] - Reward: -0.014759509955389327
[2024-04-25 19:53:38,965][root][INFO] - --------------- Start iteration i=116 ---------------
[2024-04-25 19:53:38,965][root][INFO] - Length of data.x: 267
[2024-04-25 19:53:38,965][root][INFO] - Length of data.y: 267
[2024-04-25 19:53:39,441][root][INFO] - x: [ 0.00805625  0.03362587 -0.01988924  0.00704378 -0.11941316]
[2024-04-25 19:53:39,442][root][INFO] - y: [ 0.00336259 -0.02325703  0.00560527 -0.02934357]
[2024-04-25 19:53:39,442][root][INFO] - Reward: -0.05911585620720927
[2024-04-25 19:53:39,448][root][INFO] - --------------- Start iteration i=117 ---------------
[2024-04-25 19:53:39,448][root][INFO] - Length of data.x: 268
[2024-04-25 19:53:39,448][root][INFO] - Length of data.y: 268
[2024-04-25 19:53:39,927][root][INFO] - x: [ 0.01141884  0.01036884 -0.01428397 -0.02229979  0.38894886]
[2024-04-25 19:53:39,928][root][INFO] - y: [ 0.00103688  0.05938722 -0.01774562  0.05492225]
[2024-04-25 19:53:39,928][root][INFO] - Reward: -0.03259102281126702
[2024-04-25 19:53:39,933][root][INFO] - --------------- Start iteration i=118 ---------------
[2024-04-25 19:53:39,933][root][INFO] - Length of data.x: 269
[2024-04-25 19:53:39,933][root][INFO] - Length of data.y: 269
[2024-04-25 19:53:40,414][root][INFO] - x: [ 0.01245572  0.06975606 -0.03202959  0.03262247  0.11301746]
[2024-04-25 19:53:40,414][root][INFO] - y: [0.00697561 0.0111706  0.02596015 0.0012495 ]
[2024-04-25 19:53:40,415][root][INFO] - Reward: -0.23474143207991183
[2024-04-25 19:53:40,421][root][INFO] - --------------- Start iteration i=119 ---------------
[2024-04-25 19:53:40,421][root][INFO] - Length of data.x: 270
[2024-04-25 19:53:40,421][root][INFO] - Length of data.y: 270
[2024-04-25 19:53:40,892][root][INFO] - x: [ 0.01943133  0.08092666 -0.00606944  0.03387197 -0.11851205]
[2024-04-25 19:53:40,893][root][INFO] - y: [ 0.00809267 -0.02134248  0.02695448 -0.02321094]
[2024-04-25 19:53:40,893][root][INFO] - Reward: -0.5469230475005233
[2024-04-25 19:53:40,899][root][INFO] - --------------- Start iteration i=120 ---------------
[2024-04-25 19:53:40,899][root][INFO] - Length of data.x: 271
[2024-04-25 19:53:40,899][root][INFO] - Length of data.y: 271
[2024-04-25 19:54:09,249][root][INFO] - Eval Returns: [-13.41079943 -11.79648782 -14.70793764 -15.7457707  -18.40385466]
[2024-04-25 19:54:09,259][root][INFO] - Eval Returns: mean=-14.813 std=2.229
[2024-04-25 19:54:09,259][root][INFO] - Eval ndata: 271.000
[2024-04-25 19:54:09,260][root][INFO] - Model MSE (current real MPC): 0.352
[2024-04-25 19:54:10,810][root][INFO] - Model MSE (random test set): 0.008
[2024-04-25 19:54:10,810][root][INFO] - Model MSE (GT MPC): 0.001
[2024-04-25 19:54:10,810][root][INFO] - Model Likelihood (random test set): -3.753
[2024-04-25 19:54:10,810][root][INFO] - Model Likelihood (GT MPC): -3.748
[2024-04-25 19:54:10,810][root][INFO] - *[TIME] [Evaluate the current MPC policy] Elapsed: 29.43 seconds
[2024-04-25 19:54:15,314][root][INFO] - x: [ 0.027524    0.05958418  0.02088504  0.01066104 -0.29252551]
[2024-04-25 19:54:15,314][root][INFO] - y: [ 0.00595842 -0.04380084  0.00848379 -0.0372681 ]
[2024-04-25 19:54:15,315][root][INFO] - Reward: -0.7040321743408651
[2024-04-25 19:54:17,252][root][INFO] - --------------- Start iteration i=121 ---------------
[2024-04-25 19:54:17,252][root][INFO] - Length of data.x: 272
[2024-04-25 19:54:17,252][root][INFO] - Length of data.y: 272
[2024-04-25 19:54:17,720][root][INFO] - x: [ 0.03348241  0.01578334  0.02936883 -0.02660706 -0.14575846]
[2024-04-25 19:54:17,721][root][INFO] - y: [ 0.00157833 -0.01817372 -0.02117324 -0.00904886]
[2024-04-25 19:54:17,721][root][INFO] - Reward: -0.6576648651502517
[2024-04-25 19:54:17,726][root][INFO] - --------------- Start iteration i=122 ---------------
[2024-04-25 19:54:17,727][root][INFO] - Length of data.x: 273
[2024-04-25 19:54:17,727][root][INFO] - Length of data.y: 273
[2024-04-25 19:54:18,202][root][INFO] - x: [ 0.03506075 -0.00239038  0.00819559 -0.03565592 -0.02693075]
[2024-04-25 19:54:18,203][root][INFO] - y: [-0.00023904 -0.0028023  -0.0283741  -0.00027328]
[2024-04-25 19:54:18,204][root][INFO] - Reward: -0.5369122454167616
[2024-04-25 19:54:18,209][root][INFO] - --------------- Start iteration i=123 ---------------
[2024-04-25 19:54:18,209][root][INFO] - Length of data.x: 274
[2024-04-25 19:54:18,209][root][INFO] - Length of data.y: 274
[2024-04-25 19:54:18,681][root][INFO] - x: [ 0.03482171 -0.00519268 -0.02017852 -0.0359292   0.06140681]
[2024-04-25 19:54:18,682][root][INFO] - y: [-5.19268071e-04  6.29059872e-03 -2.85915726e-02  5.69761426e-05]
[2024-04-25 19:54:18,682][root][INFO] - Reward: -0.3972358987865492
[2024-04-25 19:54:18,688][root][INFO] - --------------- Start iteration i=124 ---------------
[2024-04-25 19:54:18,688][root][INFO] - Length of data.x: 275
[2024-04-25 19:54:18,688][root][INFO] - Length of data.y: 275
[2024-04-25 19:54:19,173][root][INFO] - x: [ 0.03430244  0.00109792 -0.04877009 -0.03587222  0.23448331]
[2024-04-25 19:54:19,174][root][INFO] - y: [ 0.00010979  0.02850908 -0.02854623  0.01318813]
[2024-04-25 19:54:19,174][root][INFO] - Reward: -0.27521848610973165
[2024-04-25 19:54:19,175][root][INFO] - Explore episode complete with return -14.454436270723185, resetting
[2024-04-25 19:54:19,175][root][INFO] - Exploration Episode Rewards: [-0.9999900726861942, -0.9999902131037537, -0.9999911543793815, -0.999993870030037, -0.9999969836794075, -0.9999987159943243, -0.9999990775478875, -0.9999953840754252, -0.9993449859298241, -0.9700133843934707, -0.71372473099984, -0.2504104534133773, -0.04157780121913357, -0.019369996868932482, -0.0008449080437362699, -0.014759509955389327, -0.05911585620720927, -0.03259102281126702, -0.23474143207991183, -0.5469230475005233, -0.7040321743408651, -0.6576648651502517, -0.5369122454167616, -0.3972358987865492, -0.27521848610973165]
[2024-04-25 19:54:19,180][root][INFO] - --------------- Start iteration i=125 ---------------
[2024-04-25 19:54:19,181][root][INFO] - Length of data.x: 276
[2024-04-25 19:54:19,181][root][INFO] - Length of data.y: 276
[2024-04-25 19:54:19,660][root][INFO] - x: [-0.00172251 -0.00193208  0.99491099 -0.00153668  0.61236725]
[2024-04-25 19:54:19,660][root][INFO] - y: [-0.00019321  0.04807089 -0.00122285 -0.04649458]
[2024-04-25 19:54:19,661][root][INFO] - Reward: -0.9999900521718732
[2024-04-25 19:54:19,666][root][INFO] - --------------- Start iteration i=126 ---------------
[2024-04-25 19:54:19,667][root][INFO] - Length of data.x: 277
[2024-04-25 19:54:19,667][root][INFO] - Length of data.y: 277
[2024-04-25 19:54:20,151][root][INFO] - x: [-0.00191572  0.0461388   0.99368815 -0.04803125  0.30403609]
[2024-04-25 19:54:20,152][root][INFO] - y: [ 0.00461388  0.02234259 -0.03822209 -0.02039084]
[2024-04-25 19:54:20,152][root][INFO] - Reward: -0.9999899271050429
[2024-04-25 19:54:20,157][root][INFO] - --------------- Start iteration i=127 ---------------
[2024-04-25 19:54:20,158][root][INFO] - Length of data.x: 278
[2024-04-25 19:54:20,158][root][INFO] - Length of data.y: 278
[2024-04-25 19:54:20,639][root][INFO] - x: [ 0.00269816  0.06848139  0.95546606 -0.06842209 -0.74665146]
[2024-04-25 19:54:20,640][root][INFO] - y: [ 0.00684814 -0.12817991 -0.05444862  0.14062178]
[2024-04-25 19:54:20,640][root][INFO] - Reward: -0.9999908069242969
[2024-04-25 19:54:20,646][root][INFO] - --------------- Start iteration i=128 ---------------
[2024-04-25 19:54:20,646][root][INFO] - Length of data.x: 279
[2024-04-25 19:54:20,646][root][INFO] - Length of data.y: 279
[2024-04-25 19:54:21,621][root][INFO] - x: [ 0.0095463  -0.05969852  0.90101744  0.07219969 -0.29983838]
[2024-04-25 19:54:21,621][root][INFO] - y: [-0.00596985 -0.06303417  0.05745473  0.09005797]
[2024-04-25 19:54:21,622][root][INFO] - Reward: -0.9999901293795436
[2024-04-25 19:54:21,629][root][INFO] - --------------- Start iteration i=129 ---------------
[2024-04-25 19:54:21,629][root][INFO] - Length of data.x: 280
[2024-04-25 19:54:21,629][root][INFO] - Length of data.y: 280
[2024-04-25 19:54:22,124][root][INFO] - x: [ 0.00357645 -0.12273269  0.95847217  0.16225766 -0.03848928]
[2024-04-25 19:54:22,125][root][INFO] - y: [-0.01227327 -0.01676213  0.12912065  0.02939512]
[2024-04-25 19:54:22,125][root][INFO] - Reward: -0.9999907478119849
[2024-04-25 19:54:22,131][root][INFO] - --------------- Start iteration i=130 ---------------
[2024-04-25 19:54:22,131][root][INFO] - Length of data.x: 281
[2024-04-25 19:54:22,131][root][INFO] - Length of data.y: 281
[2024-04-25 19:54:52,952][root][INFO] - Eval Returns: [-19.46546207 -16.08128398 -17.9734402  -11.76389929 -16.61530545]
[2024-04-25 19:54:52,961][root][INFO] - Eval Returns: mean=-16.380 std=2.589
[2024-04-25 19:54:52,961][root][INFO] - Eval ndata: 281.000
[2024-04-25 19:54:52,961][root][INFO] - Model MSE (current real MPC): 0.384
[2024-04-25 19:54:54,570][root][INFO] - Model MSE (random test set): 0.009
[2024-04-25 19:54:54,570][root][INFO] - Model MSE (GT MPC): 0.002
[2024-04-25 19:54:54,571][root][INFO] - Model Likelihood (random test set): -3.761
[2024-04-25 19:54:54,571][root][INFO] - Model Likelihood (GT MPC): -3.752
[2024-04-25 19:54:54,571][root][INFO] - *[TIME] [Evaluate the current MPC policy] Elapsed: 31.98 seconds
[2024-04-25 19:54:58,041][root][INFO] - x: [-0.00869682 -0.13949482 -0.91240718  0.19165278  0.11920883]
[2024-04-25 19:54:58,042][root][INFO] - y: [-0.01394948  0.04035919  0.15251256 -0.06552393]
[2024-04-25 19:54:58,042][root][INFO] - Reward: -0.9999929083598711
[2024-04-25 19:54:59,616][root][INFO] - --------------- Start iteration i=131 ---------------
[2024-04-25 19:54:59,616][root][INFO] - Length of data.x: 282
[2024-04-25 19:54:59,616][root][INFO] - Length of data.y: 282
[2024-04-25 19:55:00,120][root][INFO] - x: [-0.0226463  -0.09913562 -0.75989462  0.12612885  0.16553568]
[2024-04-25 19:55:00,120][root][INFO] - y: [-0.00991356  0.0472724   0.10037023 -0.10169568]
[2024-04-25 19:55:00,121][root][INFO] - Reward: -0.9999945332479325
[2024-04-25 19:55:00,126][root][INFO] - --------------- Start iteration i=132 ---------------
[2024-04-25 19:55:00,126][root][INFO] - Length of data.x: 283
[2024-04-25 19:55:00,126][root][INFO] - Length of data.y: 283
[2024-04-25 19:55:00,616][root][INFO] - x: [-0.03255986 -0.05186322 -0.65952439  0.02443317  0.01775691]
[2024-04-25 19:55:00,617][root][INFO] - y: [-0.00518632  0.0190641   0.01944332 -0.09528319]
[2024-04-25 19:55:00,617][root][INFO] - Reward: -0.9999967341766136
[2024-04-25 19:55:00,623][root][INFO] - --------------- Start iteration i=133 ---------------
[2024-04-25 19:55:00,623][root][INFO] - Length of data.x: 284
[2024-04-25 19:55:00,623][root][INFO] - Length of data.y: 284
[2024-04-25 19:55:01,113][root][INFO] - x: [-0.03774619 -0.03279912 -0.64008107 -0.07085001  0.12578847]
[2024-04-25 19:55:01,113][root][INFO] - y: [-0.00327991  0.02689865 -0.05638069 -0.10030248]
[2024-04-25 19:55:01,114][root][INFO] - Reward: -0.9999988223599463
[2024-04-25 19:55:01,119][root][INFO] - --------------- Start iteration i=134 ---------------
[2024-04-25 19:55:01,120][root][INFO] - Length of data.x: 285
[2024-04-25 19:55:01,120][root][INFO] - Length of data.y: 285
[2024-04-25 19:55:01,607][root][INFO] - x: [-0.0410261  -0.00590047 -0.69646177 -0.17115249  0.1222803 ]
[2024-04-25 19:55:01,607][root][INFO] - y: [-0.00059005  0.05254984 -0.13619894 -0.11049573]
[2024-04-25 19:55:01,608][root][INFO] - Reward: -0.999999271745437
[2024-04-25 19:55:01,613][root][INFO] - --------------- Start iteration i=135 ---------------
[2024-04-25 19:55:01,614][root][INFO] - Length of data.x: 286
[2024-04-25 19:55:01,614][root][INFO] - Length of data.y: 286
[2024-04-25 19:55:02,109][root][INFO] - x: [-0.04161615  0.04664937 -0.8326607  -0.28164822  0.37423851]
[2024-04-25 19:55:02,110][root][INFO] - y: [ 0.00466494  0.09945267 -0.22412871 -0.13530294]
[2024-04-25 19:55:02,110][root][INFO] - Reward: -0.9999931506294931
[2024-04-25 19:55:02,116][root][INFO] - --------------- Start iteration i=136 ---------------
[2024-04-25 19:55:02,116][root][INFO] - Length of data.x: 287
[2024-04-25 19:55:02,117][root][INFO] - Length of data.y: 287
[2024-04-25 19:55:02,611][root][INFO] - x: [-0.03695121  0.14610204  0.94321058 -0.41695116  0.41996027]
[2024-04-25 19:55:02,611][root][INFO] - y: [ 0.0146102  -0.02484017 -0.33179946  0.0418731 ]
[2024-04-25 19:55:02,612][root][INFO] - Reward: -0.9978009344488579
[2024-04-25 19:55:02,617][root][INFO] - --------------- Start iteration i=137 ---------------
[2024-04-25 19:55:02,618][root][INFO] - Length of data.x: 288
[2024-04-25 19:55:02,618][root][INFO] - Length of data.y: 288
[2024-04-25 19:55:03,113][root][INFO] - x: [-0.02234101  0.12126187  0.61141113 -0.37507806 -0.12822141]
[2024-04-25 19:55:03,114][root][INFO] - y: [ 0.01212619 -0.14999366 -0.29847788  0.14367963]
[2024-04-25 19:55:03,114][root][INFO] - Reward: -0.840196281269407
[2024-04-25 19:55:03,120][root][INFO] - --------------- Start iteration i=138 ---------------
[2024-04-25 19:55:03,120][root][INFO] - Length of data.x: 289
[2024-04-25 19:55:03,120][root][INFO] - Length of data.y: 289
[2024-04-25 19:55:03,615][root][INFO] - x: [-0.01021482 -0.02873179  0.31293324 -0.23139844  0.51513235]
[2024-04-25 19:55:03,616][root][INFO] - y: [-0.00287318  0.00142313 -0.18414117  0.08251349]
[2024-04-25 19:55:03,616][root][INFO] - Reward: -0.10193294598158442
[2024-04-25 19:55:03,622][root][INFO] - --------------- Start iteration i=139 ---------------
[2024-04-25 19:55:03,622][root][INFO] - Length of data.x: 290
[2024-04-25 19:55:03,623][root][INFO] - Length of data.y: 290
[2024-04-25 19:55:04,127][root][INFO] - x: [-0.013088   -0.02730866  0.12879207 -0.14888494  0.69384563]
[2024-04-25 19:55:04,127][root][INFO] - y: [-0.00273087  0.05871737 -0.11847897  0.09263386]
[2024-04-25 19:55:04,128][root][INFO] - Reward: -0.14274378686725708
[2024-04-25 19:55:04,134][root][INFO] - --------------- Start iteration i=140 ---------------
[2024-04-25 19:55:04,135][root][INFO] - Length of data.x: 291
[2024-04-25 19:55:04,135][root][INFO] - Length of data.y: 291
[2024-04-25 19:55:37,025][root][INFO] - Eval Returns: [-16.69875353 -16.81051565 -14.62520342 -18.30776521 -10.85570874]
[2024-04-25 19:55:37,038][root][INFO] - Eval Returns: mean=-15.460 std=2.583
[2024-04-25 19:55:37,038][root][INFO] - Eval ndata: 291.000
[2024-04-25 19:55:37,038][root][INFO] - Model MSE (current real MPC): 0.352
[2024-04-25 19:55:38,669][root][INFO] - Model MSE (random test set): 0.006
[2024-04-25 19:55:38,669][root][INFO] - Model MSE (GT MPC): 0.001
[2024-04-25 19:55:38,669][root][INFO] - Model Likelihood (random test set): -3.739
[2024-04-25 19:55:38,670][root][INFO] - Model Likelihood (GT MPC): -3.744
[2024-04-25 19:55:38,670][root][INFO] - *[TIME] [Evaluate the current MPC policy] Elapsed: 34.03 seconds
[2024-04-25 19:55:42,243][root][INFO] - x: [-0.01581886  0.0314087   0.0103131  -0.05625108  0.38665801]
[2024-04-25 19:55:42,244][root][INFO] - y: [ 0.00314087  0.03216375 -0.04476323  0.03532794]
[2024-04-25 19:55:42,244][root][INFO] - Reward: -0.254539293999967
[2024-04-25 19:55:44,252][root][INFO] - --------------- Start iteration i=141 ---------------
[2024-04-25 19:55:44,252][root][INFO] - Length of data.x: 292
[2024-04-25 19:55:44,252][root][INFO] - Length of data.y: 292
[2024-04-25 19:55:44,745][root][INFO] - x: [-0.01267799  0.06357245 -0.03445012 -0.02092314  0.30149956]
[2024-04-25 19:55:44,746][root][INFO] - y: [ 0.00635725  0.0167295  -0.01665012  0.00602434]
[2024-04-25 19:55:44,746][root][INFO] - Reward: -0.18373737116724387
[2024-04-25 19:55:44,752][root][INFO] - --------------- Start iteration i=142 ---------------
[2024-04-25 19:55:44,752][root][INFO] - Length of data.x: 293
[2024-04-25 19:55:44,752][root][INFO] - Length of data.y: 293
[2024-04-25 19:55:45,229][root][INFO] - x: [-0.00632075  0.08030195 -0.05110024 -0.0148988   0.28612081]
[2024-04-25 19:55:45,230][root][INFO] - y: [ 0.00803019  0.01217431 -0.0118561  -0.00367924]
[2024-04-25 19:55:45,230][root][INFO] - Reward: -0.07908251629181018
[2024-04-25 19:55:45,236][root][INFO] - --------------- Start iteration i=143 ---------------
[2024-04-25 19:55:45,236][root][INFO] - Length of data.x: 294
[2024-04-25 19:55:45,236][root][INFO] - Length of data.y: 294
[2024-04-25 19:55:45,722][root][INFO] - x: [ 0.00170945  0.09247626 -0.06295634 -0.01857804  0.18255932]
[2024-04-25 19:55:45,723][root][INFO] - y: [ 0.00924763  0.01610663 -0.01478395 -0.00350329]
[2024-04-25 19:55:45,724][root][INFO] - Reward: -0.012546699053110677
[2024-04-25 19:55:45,729][root][INFO] - --------------- Start iteration i=144 ---------------
[2024-04-25 19:55:45,729][root][INFO] - Length of data.x: 295
[2024-04-25 19:55:45,729][root][INFO] - Length of data.y: 295
[2024-04-25 19:55:46,210][root][INFO] - x: [ 0.01095707  0.10858288 -0.07774029 -0.02208133  0.09867556]
[2024-04-25 19:55:46,211][root][INFO] - y: [ 0.01085829  0.00038946 -0.01757178 -0.02336759]
[2024-04-25 19:55:46,211][root][INFO] - Reward: -0.01907575679667939
[2024-04-25 19:55:46,217][root][INFO] - --------------- Start iteration i=145 ---------------
[2024-04-25 19:55:46,217][root][INFO] - Length of data.x: 296
[2024-04-25 19:55:46,218][root][INFO] - Length of data.y: 296
[2024-04-25 19:55:46,730][root][INFO] - x: [ 0.02181536  0.10897234 -0.09531206 -0.04544891  0.47777696]
[2024-04-25 19:55:46,731][root][INFO] - y: [ 0.01089723  0.05608023 -0.03616713  0.02461817]
[2024-04-25 19:55:46,731][root][INFO] - Reward: -0.07681481869117468
[2024-04-25 19:55:46,738][root][INFO] - --------------- Start iteration i=146 ---------------
[2024-04-25 19:55:46,738][root][INFO] - Length of data.x: 297
[2024-04-25 19:55:46,738][root][INFO] - Length of data.y: 297
[2024-04-25 19:55:47,259][root][INFO] - x: [ 0.03271259  0.16505258 -0.13147919 -0.02083075  0.12612027]
[2024-04-25 19:55:47,259][root][INFO] - y: [ 0.01650526 -0.00352176 -0.01657659 -0.04264385]
[2024-04-25 19:55:47,259][root][INFO] - Reward: -0.3498369713053556
[2024-04-25 19:55:47,266][root][INFO] - --------------- Start iteration i=147 ---------------
[2024-04-25 19:55:47,266][root][INFO] - Length of data.x: 298
[2024-04-25 19:55:47,266][root][INFO] - Length of data.y: 298
[2024-04-25 19:55:47,789][root][INFO] - x: [ 0.04921785  0.16153082 -0.14805578 -0.0634746  -0.35842682]
[2024-04-25 19:55:47,791][root][INFO] - y: [ 0.01615308 -0.07213477 -0.05051152 -0.10851797]
[2024-04-25 19:55:47,791][root][INFO] - Reward: -0.5673114008689948
[2024-04-25 19:55:47,797][root][INFO] - --------------- Start iteration i=148 ---------------
[2024-04-25 19:55:47,798][root][INFO] - Length of data.x: 299
[2024-04-25 19:55:47,798][root][INFO] - Length of data.y: 299
[2024-04-25 19:55:48,286][root][INFO] - x: [ 0.06537093  0.08939605 -0.1985673  -0.17199256 -0.44256897]
[2024-04-25 19:55:48,287][root][INFO] - y: [ 0.00893961 -0.06163784 -0.13686744 -0.10739095]
[2024-04-25 19:55:48,287][root][INFO] - Reward: -0.6766961249717061
[2024-04-25 19:55:48,292][root][INFO] - --------------- Start iteration i=149 ---------------
[2024-04-25 19:55:48,292][root][INFO] - Length of data.x: 300
[2024-04-25 19:55:48,292][root][INFO] - Length of data.y: 300
[2024-04-25 19:55:48,718][root][INFO] - x: [ 0.07431054  0.02775821 -0.33543474 -0.27938351  0.03813508]
[2024-04-25 19:55:48,719][root][INFO] - y: [ 0.00277582  0.05650264 -0.22232651 -0.05743824]
[2024-04-25 19:55:48,719][root][INFO] - Reward: -0.9860816599535731
[2024-04-25 19:55:48,719][root][INFO] - Explore episode complete with return -16.288323645578757, resetting
[2024-04-25 19:55:48,719][root][INFO] - Exploration Episode Rewards: [-0.9999900521718732, -0.9999899271050429, -0.9999908069242969, -0.9999901293795436, -0.9999907478119849, -0.9999929083598711, -0.9999945332479325, -0.9999967341766136, -0.9999988223599463, -0.999999271745437, -0.9999931506294931, -0.9978009344488579, -0.840196281269407, -0.10193294598158442, -0.14274378686725708, -0.254539293999967, -0.18373737116724387, -0.07908251629181018, -0.012546699053110677, -0.01907575679667939, -0.07681481869117468, -0.3498369713053556, -0.5673114008689948, -0.6766961249717061, -0.9860816599535731]
[2024-04-25 19:55:48,723][root][INFO] - --------------- Start iteration i=150 ---------------
[2024-04-25 19:55:48,723][root][INFO] - Length of data.x: 301
[2024-04-25 19:55:48,723][root][INFO] - Length of data.y: 301
[2024-04-25 19:56:18,730][root][INFO] - Eval Returns: [-17.01546993 -16.37151758 -20.28587265 -16.7255839  -16.27631497]
[2024-04-25 19:56:18,741][root][INFO] - Eval Returns: mean=-17.335 std=1.499
[2024-04-25 19:56:18,741][root][INFO] - Eval ndata: 301.000
[2024-04-25 19:56:18,741][root][INFO] - Model MSE (current real MPC): 0.352
[2024-04-25 19:56:20,828][root][INFO] - Model MSE (random test set): 0.006
[2024-04-25 19:56:20,829][root][INFO] - Model MSE (GT MPC): 0.001
[2024-04-25 19:56:20,829][root][INFO] - Model Likelihood (random test set): -3.739
[2024-04-25 19:56:20,829][root][INFO] - Model Likelihood (GT MPC): -3.745
[2024-04-25 19:56:20,829][root][INFO] - *[TIME] [Evaluate the current MPC policy] Elapsed: 31.68 seconds
[2024-04-25 19:56:25,500][root][INFO] - x: [-1.13586000e-03  1.85801126e-03  9.95118064e-01 -3.45460526e-04
 -5.75446330e-01]
[2024-04-25 19:56:25,500][root][INFO] - y: [ 0.0001858  -0.04696247 -0.00027491  0.04846324]
[2024-04-25 19:56:25,501][root][INFO] - Reward: -0.9999900554730786
[2024-04-25 19:56:27,538][root][INFO] - --------------- Start iteration i=151 ---------------
[2024-04-25 19:56:27,539][root][INFO] - Length of data.x: 302
[2024-04-25 19:56:27,539][root][INFO] - Length of data.y: 302
[2024-04-25 19:56:28,071][root][INFO] - x: [-9.50058872e-04 -4.51044625e-02  9.94843155e-01  4.81177755e-02
 -6.55224071e-04]
[2024-04-25 19:56:28,072][root][INFO] - y: [-0.00451045 -0.00034149  0.03829094  0.00193253]
[2024-04-25 19:56:28,072][root][INFO] - Reward: -0.999990527746698
[2024-04-25 19:56:28,078][root][INFO] - --------------- Start iteration i=152 ---------------
[2024-04-25 19:56:28,078][root][INFO] - Length of data.x: 303
[2024-04-25 19:56:28,078][root][INFO] - Length of data.y: 303
[2024-04-25 19:56:28,590][root][INFO] - x: [-0.00546051 -0.04544595 -0.9668659   0.05005031 -0.22068362]
[2024-04-25 19:56:28,590][root][INFO] - y: [-0.0045446  -0.01038072  0.0398288   0.00012073]
[2024-04-25 19:56:28,591][root][INFO] - Reward: -0.999991433594815
[2024-04-25 19:56:28,597][root][INFO] - --------------- Start iteration i=153 ---------------
[2024-04-25 19:56:28,597][root][INFO] - Length of data.x: 304
[2024-04-25 19:56:28,597][root][INFO] - Length of data.y: 304
[2024-04-25 19:56:29,100][root][INFO] - x: [-0.0100051  -0.05582668 -0.9270371   0.05017104 -0.55401378]
[2024-04-25 19:56:29,100][root][INFO] - y: [-0.00558267 -0.02864499  0.03992488  0.00558273]
[2024-04-25 19:56:29,101][root][INFO] - Reward: -0.9999930417270866
[2024-04-25 19:56:29,107][root][INFO] - --------------- Start iteration i=154 ---------------
[2024-04-25 19:56:29,107][root][INFO] - Length of data.x: 305
[2024-04-25 19:56:29,107][root][INFO] - Length of data.y: 305
[2024-04-25 19:56:29,589][root][INFO] - x: [-0.01558777 -0.08447167 -0.88711223  0.05575377 -0.40046821]
[2024-04-25 19:56:29,589][root][INFO] - y: [-0.00844717 -0.00921278  0.04436748 -0.02546166]
[2024-04-25 19:56:29,589][root][INFO] - Reward: -0.9999958296357483
[2024-04-25 19:56:29,596][root][INFO] - --------------- Start iteration i=155 ---------------
[2024-04-25 19:56:29,596][root][INFO] - Length of data.x: 306
[2024-04-25 19:56:29,596][root][INFO] - Length of data.y: 306
[2024-04-25 19:56:30,079][root][INFO] - x: [-0.02403494 -0.09368444 -0.84274475  0.03029211 -0.40184508]
[2024-04-25 19:56:30,080][root][INFO] - y: [-0.00936844 -0.00475627  0.02410571 -0.04237707]
[2024-04-25 19:56:30,080][root][INFO] - Reward: -0.9999982086223203
[2024-04-25 19:56:30,086][root][INFO] - --------------- Start iteration i=156 ---------------
[2024-04-25 19:56:30,086][root][INFO] - Length of data.x: 307
[2024-04-25 19:56:30,086][root][INFO] - Length of data.y: 307
[2024-04-25 19:56:30,568][root][INFO] - x: [-0.03340338 -0.09844071 -0.81863904 -0.01208496  0.11488764]
[2024-04-25 19:56:30,569][root][INFO] - y: [-0.00984407  0.03205091 -0.00961692 -0.07996015]
[2024-04-25 19:56:30,569][root][INFO] - Reward: -0.9999994027756761
[2024-04-25 19:56:30,575][root][INFO] - --------------- Start iteration i=157 ---------------
[2024-04-25 19:56:30,575][root][INFO] - Length of data.x: 308
[2024-04-25 19:56:30,575][root][INFO] - Length of data.y: 308
[2024-04-25 19:56:31,064][root][INFO] - x: [-0.04324745 -0.0663898  -0.82825595 -0.09204511  0.33915116]
[2024-04-25 19:56:31,065][root][INFO] - y: [-0.00663898  0.05239572 -0.07324723 -0.09540274]
[2024-04-25 19:56:31,065][root][INFO] - Reward: -0.9999995853156313
[2024-04-25 19:56:31,071][root][INFO] - --------------- Start iteration i=158 ---------------
[2024-04-25 19:56:31,071][root][INFO] - Length of data.x: 309
[2024-04-25 19:56:31,071][root][INFO] - Length of data.y: 309
[2024-04-25 19:56:31,562][root][INFO] - x: [-0.04988643 -0.01399408 -0.90150319 -0.18744785  0.58879728]
[2024-04-25 19:56:31,563][root][INFO] - y: [-0.00139941  0.07622672 -0.14916638 -0.10251059]
[2024-04-25 19:56:31,563][root][INFO] - Reward: -0.9999971577931053
[2024-04-25 19:56:31,569][root][INFO] - --------------- Start iteration i=159 ---------------
[2024-04-25 19:56:31,570][root][INFO] - Length of data.x: 310
[2024-04-25 19:56:31,570][root][INFO] - Length of data.y: 310
[2024-04-25 19:56:32,061][root][INFO] - x: [-0.05128584  0.06223263  0.94933043 -0.28995845  0.84558488]
[2024-04-25 19:56:32,062][root][INFO] - y: [ 0.00622326  0.03688263 -0.23074179 -0.02085023]
[2024-04-25 19:56:32,062][root][INFO] - Reward: -0.9995430349628912
[2024-04-25 19:56:32,068][root][INFO] - --------------- Start iteration i=160 ---------------
[2024-04-25 19:56:32,068][root][INFO] - Length of data.x: 311
[2024-04-25 19:56:32,068][root][INFO] - Length of data.y: 311
[2024-04-25 19:57:04,970][root][INFO] - Eval Returns: [-19.84792281 -11.69345687 -18.99142741 -16.62127461 -16.2359528 ]
[2024-04-25 19:57:04,979][root][INFO] - Eval Returns: mean=-16.678 std=2.844
[2024-04-25 19:57:04,979][root][INFO] - Eval ndata: 311.000
[2024-04-25 19:57:04,979][root][INFO] - Model MSE (current real MPC): 0.480
[2024-04-25 19:57:05,958][root][INFO] - *[TIME] [Evaluate the current MPC policy] Elapsed: 33.40 seconds
