[2024-04-19 19:04:55,871][root][INFO] - Dumper dumping to /trajectory-information-rl/experiments/mpc_cartpole_2024-04-19/19-04-50/seed_3
[2024-04-19 19:04:55,875][root][INFO] - Start obs: None
[2024-04-19 19:05:09,888][root][INFO] - GT Returns: [-10.10984733 -10.48941262 -10.86830701 -14.24811881 -12.99736995]
[2024-04-19 19:05:09,888][root][INFO] - GT Returns: mean=-11.743 std=1.603
[2024-04-19 19:05:09,888][root][INFO] - Path Lengths: [36345, 36345, 36345, 36345, 36345]
[2024-04-19 19:05:09,888][root][INFO] - Path Lengths: mean=36345.000 std=0.000
[2024-04-19 19:05:09,949][root][INFO] - all_x.shape = (181725, 5)
[2024-04-19 19:05:09,954][root][INFO] - all_x.min(axis=0) = [-1.0130187  -1.49254077 -0.9999905  -0.89210772 -1.        ]
[2024-04-19 19:05:09,959][root][INFO] - all_x.max(axis=0) = [0.95314337 1.46628213 0.99999573 0.8664642  1.        ]
[2024-04-19 19:05:09,961][root][INFO] - all_x.mean(axis=0) = [-0.00999393 -0.00840355  0.02691518  0.04532682 -0.00131489]
[2024-04-19 19:05:09,969][root][INFO] - all_x.var(axis=0) = [0.012535   0.05335587 0.24738794 0.08931869 0.21359973]
[2024-04-19 19:05:10,003][root][INFO] - --------------- Start iteration i=0 ---------------
[2024-04-19 19:05:10,003][root][INFO] - Length of data.x: 1
[2024-04-19 19:05:10,003][root][INFO] - Length of data.y: 1
[2024-04-19 19:05:15,392][root][INFO] - Eval Returns: [-24.99998343 -24.99998232 -24.99998081 -24.9999798  -24.99998296]
[2024-04-19 19:05:15,397][root][INFO] - Eval Returns: mean=-25.000 std=0.000
[2024-04-19 19:05:15,397][root][INFO] - Eval ndata: 1.000
[2024-04-19 19:05:15,397][root][INFO] - Model MSE (current real MPC): 0.417
[2024-04-19 19:05:16,395][root][INFO] - Model MSE (random test set): 0.364
[2024-04-19 19:05:16,395][root][INFO] - Model MSE (GT MPC): 0.081
[2024-04-19 19:05:16,395][root][INFO] - Model Likelihood (random test set): -4.106
[2024-04-19 19:05:16,395][root][INFO] - Model Likelihood (GT MPC): -3.874
[2024-04-19 19:05:16,395][root][INFO] - *[TIME] [Evaluate the current MPC policy] Elapsed: 6.20 seconds
[2024-04-19 19:05:18,325][root][INFO] - x: [-0.00300358 -0.00114024  0.99795376 -0.00141033 -0.9745893 ]
[2024-04-19 19:05:18,326][root][INFO] - y: [-1.14023578e-04 -1.56291088e-01 -1.12230427e-03  1.56919375e-01]
[2024-04-19 19:05:18,326][root][INFO] - Reward: -0.9999901151779561
[2024-04-19 19:05:19,797][root][INFO] - --------------- Start iteration i=1 ---------------
[2024-04-19 19:05:19,797][root][INFO] - Length of data.x: 2
[2024-04-19 19:05:19,797][root][INFO] - Length of data.y: 2
[2024-04-19 19:05:19,981][root][INFO] - x: [-0.0031176  -0.15743132  0.99683145  0.15550905  1.        ]
[2024-04-19 19:05:19,981][root][INFO] - y: [-0.01574313  0.1615615   0.12375027 -0.16057575]
[2024-04-19 19:05:19,981][root][INFO] - Reward: -0.9999942471906268
[2024-04-19 19:05:19,981][root][INFO] - --------------- Start iteration i=2 ---------------
[2024-04-19 19:05:19,981][root][INFO] - Length of data.x: 3
[2024-04-19 19:05:19,981][root][INFO] - Length of data.y: 3
[2024-04-19 19:05:20,131][root][INFO] - x: [-0.01886073  0.00413018 -0.87941828 -0.0050667   0.28638036]
[2024-04-19 19:05:20,131][root][INFO] - y: [ 0.00041302  0.06100778 -0.00403196 -0.09299925]
[2024-04-19 19:05:20,131][root][INFO] - Reward: -0.9999941231520917
[2024-04-19 19:05:20,131][root][INFO] - --------------- Start iteration i=3 ---------------
[2024-04-19 19:05:20,131][root][INFO] - Length of data.x: 4
[2024-04-19 19:05:20,131][root][INFO] - Length of data.y: 4
[2024-04-19 19:05:20,281][root][INFO] - x: [-0.01844771  0.06513796 -0.88345024 -0.09806595  1.        ]
[2024-04-19 19:05:20,281][root][INFO] - y: [ 0.0065138   0.1706912  -0.07803847 -0.19453455]
[2024-04-19 19:05:20,282][root][INFO] - Reward: -0.9999919521185493
[2024-04-19 19:05:20,282][root][INFO] - --------------- Start iteration i=4 ---------------
[2024-04-19 19:05:20,282][root][INFO] - Length of data.x: 5
[2024-04-19 19:05:20,282][root][INFO] - Length of data.y: 5
[2024-04-19 19:05:20,432][root][INFO] - x: [-0.01193392  0.23582916 -0.9614887  -0.2926005   1.        ]
[2024-04-19 19:05:20,432][root][INFO] - y: [ 0.02358292  0.17723683 -0.23284427 -0.18779336]
[2024-04-19 19:05:20,433][root][INFO] - Reward: -0.9999867185047906
[2024-04-19 19:05:20,433][root][INFO] - --------------- Start iteration i=5 ---------------
[2024-04-19 19:05:20,433][root][INFO] - Length of data.x: 6
[2024-04-19 19:05:20,433][root][INFO] - Length of data.y: 6
[2024-04-19 19:05:20,585][root][INFO] - x: [ 0.011649    0.41306599  0.80566703 -0.48039386  1.        ]
[2024-04-19 19:05:20,585][root][INFO] - y: [ 0.0413066  -0.06075864 -0.38228559  0.10607989]
[2024-04-19 19:05:20,585][root][INFO] - Reward: -0.9999905310861944
[2024-04-19 19:05:20,585][root][INFO] - --------------- Start iteration i=6 ---------------
[2024-04-19 19:05:20,586][root][INFO] - Length of data.x: 7
[2024-04-19 19:05:20,586][root][INFO] - Length of data.y: 7
[2024-04-19 19:05:20,737][root][INFO] - x: [ 0.0529556   0.35230736  0.42338143 -0.37431397 -1.        ]
[2024-04-19 19:05:20,737][root][INFO] - y: [ 0.03523074 -0.22741092 -0.29786983  0.04115692]
[2024-04-19 19:05:20,737][root][INFO] - Reward: -0.9999506111406753
[2024-04-19 19:05:20,737][root][INFO] - --------------- Start iteration i=7 ---------------
[2024-04-19 19:05:20,737][root][INFO] - Length of data.x: 8
[2024-04-19 19:05:20,737][root][INFO] - Length of data.y: 8
[2024-04-19 19:05:20,889][root][INFO] - x: [ 0.08818633  0.12489644  0.1255116  -0.33315705  1.        ]
[2024-04-19 19:05:20,889][root][INFO] - y: [ 0.01248964  0.1055896  -0.26511817  0.13521227]
[2024-04-19 19:05:20,890][root][INFO] - Reward: -0.9894263834453836
[2024-04-19 19:05:20,890][root][INFO] - --------------- Start iteration i=8 ---------------
[2024-04-19 19:05:20,890][root][INFO] - Length of data.x: 9
[2024-04-19 19:05:20,890][root][INFO] - Length of data.y: 9
[2024-04-19 19:05:21,043][root][INFO] - x: [ 0.10067598  0.23048604 -0.13960657 -0.19794478 -1.        ]
[2024-04-19 19:05:21,043][root][INFO] - y: [ 0.0230486  -0.14562505 -0.15751958 -0.17354369]
[2024-04-19 19:05:21,043][root][INFO] - Reward: -0.9934802398427877
[2024-04-19 19:05:21,044][root][INFO] - --------------- Start iteration i=9 ---------------
[2024-04-19 19:05:21,044][root][INFO] - Length of data.x: 10
[2024-04-19 19:05:21,044][root][INFO] - Length of data.y: 10
[2024-04-19 19:05:21,197][root][INFO] - x: [ 0.12372458  0.08486099 -0.29712615 -0.37148847 -1.        ]
[2024-04-19 19:05:21,197][root][INFO] - y: [ 0.0084861  -0.01669877 -0.29562137 -0.08885794]
[2024-04-19 19:05:21,197][root][INFO] - Reward: -0.9999030333915719
[2024-04-19 19:05:21,198][root][INFO] - --------------- Start iteration i=10 ---------------
[2024-04-19 19:05:21,198][root][INFO] - Length of data.x: 11
[2024-04-19 19:05:21,198][root][INFO] - Length of data.y: 11
[2024-04-19 19:05:27,170][root][INFO] - Eval Returns: [-24.73789796 -23.81475095 -23.03725297 -23.26238432 -22.8652973 ]
[2024-04-19 19:05:27,175][root][INFO] - Eval Returns: mean=-23.544 std=0.678
[2024-04-19 19:05:27,175][root][INFO] - Eval ndata: 11.000
[2024-04-19 19:05:27,175][root][INFO] - Model MSE (current real MPC): 0.914
[2024-04-19 19:05:28,246][root][INFO] - Model MSE (random test set): 0.497
[2024-04-19 19:05:28,246][root][INFO] - Model MSE (GT MPC): 0.202
[2024-04-19 19:05:28,246][root][INFO] - Model Likelihood (random test set): -4.058
[2024-04-19 19:05:28,246][root][INFO] - Model Likelihood (GT MPC): -3.881
[2024-04-19 19:05:28,246][root][INFO] - *[TIME] [Evaluate the current MPC policy] Elapsed: 6.90 seconds
[2024-04-19 19:05:31,269][root][INFO] - x: [ 0.13221068  0.06816222 -0.59274752 -0.4603464  -0.29054819]
[2024-04-19 19:05:31,269][root][INFO] - y: [ 0.00681622  0.17614721 -0.36633232 -0.14466236]
[2024-04-19 19:05:31,270][root][INFO] - Reward: -0.9999999999889011
[2024-04-19 19:05:32,206][root][INFO] - --------------- Start iteration i=11 ---------------
[2024-04-19 19:05:32,207][root][INFO] - Length of data.x: 12
[2024-04-19 19:05:32,207][root][INFO] - Length of data.y: 12
[2024-04-19 19:05:32,430][root][INFO] - x: [ 0.1390269   0.24430943 -0.95907984 -0.60500876 -1.        ]
[2024-04-19 19:05:32,431][root][INFO] - y: [ 0.02443094 -0.08518714 -0.48145106  0.07189463]
[2024-04-19 19:05:32,431][root][INFO] - Reward: -1.0
[2024-04-19 19:05:32,431][root][INFO] - --------------- Start iteration i=12 ---------------
[2024-04-19 19:05:32,431][root][INFO] - Length of data.x: 13
[2024-04-19 19:05:32,431][root][INFO] - Length of data.y: 13
[2024-04-19 19:05:32,742][root][INFO] - x: [ 0.16345784  0.15912229  0.55946909 -0.53311413 -0.63451328]
[2024-04-19 19:05:32,742][root][INFO] - y: [ 0.01591223 -0.33794659 -0.42423909  0.15926183]
[2024-04-19 19:05:32,742][root][INFO] - Reward: -0.9999999999999967
[2024-04-19 19:05:32,743][root][INFO] - --------------- Start iteration i=13 ---------------
[2024-04-19 19:05:32,743][root][INFO] - Length of data.x: 14
[2024-04-19 19:05:32,743][root][INFO] - Length of data.y: 14
[2024-04-19 19:05:32,898][root][INFO] - x: [ 0.17937007 -0.1788243   0.13523    -0.3738523  -0.604724  ]
[2024-04-19 19:05:32,898][root][INFO] - y: [-0.01788243 -0.14354749 -0.29750245 -0.09031162]
[2024-04-19 19:05:32,898][root][INFO] - Reward: -0.999999192797599
[2024-04-19 19:05:32,899][root][INFO] - --------------- Start iteration i=14 ---------------
[2024-04-19 19:05:32,899][root][INFO] - Length of data.x: 15
[2024-04-19 19:05:32,899][root][INFO] - Length of data.y: 15
[2024-04-19 19:05:33,057][root][INFO] - x: [ 0.16148764 -0.32237179 -0.16227244 -0.46416391 -0.61104478]
[2024-04-19 19:05:33,057][root][INFO] - y: [-0.03223718  0.03500014 -0.36937021 -0.0173716 ]
[2024-04-19 19:05:33,057][root][INFO] - Reward: -0.9993570214290737
[2024-04-19 19:05:33,057][root][INFO] - --------------- Start iteration i=15 ---------------
[2024-04-19 19:05:33,057][root][INFO] - Length of data.x: 16
[2024-04-19 19:05:33,058][root][INFO] - Length of data.y: 16
[2024-04-19 19:05:33,213][root][INFO] - x: [ 0.12925046 -0.28737164 -0.53164265 -0.48153551  0.81592587]
[2024-04-19 19:05:33,214][root][INFO] - y: [-0.02873716  0.30554239 -0.38319409 -0.12803825]
[2024-04-19 19:05:33,214][root][INFO] - Reward: -0.9999999517286124
[2024-04-19 19:05:33,214][root][INFO] - --------------- Start iteration i=16 ---------------
[2024-04-19 19:05:33,214][root][INFO] - Length of data.x: 17
[2024-04-19 19:05:33,214][root][INFO] - Length of data.y: 17
[2024-04-19 19:05:33,371][root][INFO] - x: [ 0.1005133   0.01817075 -0.91483674 -0.60957376  0.16566779]
[2024-04-19 19:05:33,371][root][INFO] - y: [ 0.00181708  0.18100032 -0.48508378 -0.2005217 ]
[2024-04-19 19:05:33,371][root][INFO] - Reward: -0.9999999999892987
[2024-04-19 19:05:33,371][root][INFO] - --------------- Start iteration i=17 ---------------
[2024-04-19 19:05:33,371][root][INFO] - Length of data.x: 18
[2024-04-19 19:05:33,371][root][INFO] - Length of data.y: 18
[2024-04-19 19:05:33,529][root][INFO] - x: [ 0.10233038  0.19917107  0.60007948 -0.81009546 -0.23172076]
[2024-04-19 19:05:33,529][root][INFO] - y: [ 0.01991711 -0.64417615 -0.64465401  0.29259963]
[2024-04-19 19:05:33,529][root][INFO] - Reward: -0.9999687625135903
[2024-04-19 19:05:33,529][root][INFO] - --------------- Start iteration i=18 ---------------
[2024-04-19 19:05:33,529][root][INFO] - Length of data.x: 19
[2024-04-19 19:05:33,529][root][INFO] - Length of data.y: 19
[2024-04-19 19:05:33,686][root][INFO] - x: [ 0.12224748 -0.44500508 -0.04457453 -0.51749584  0.33819559]
[2024-04-19 19:05:33,686][root][INFO] - y: [-0.04450051  0.10789551 -0.41181043  0.09313281]
[2024-04-19 19:05:33,686][root][INFO] - Reward: -0.9106453192430343
[2024-04-19 19:05:33,687][root][INFO] - --------------- Start iteration i=19 ---------------
[2024-04-19 19:05:33,687][root][INFO] - Length of data.x: 20
[2024-04-19 19:05:33,687][root][INFO] - Length of data.y: 20
[2024-04-19 19:05:33,843][root][INFO] - x: [ 0.07774698 -0.33710956 -0.45638496 -0.42436303  0.64182059]
[2024-04-19 19:05:33,844][root][INFO] - y: [-0.03371096  0.23143586 -0.33769764 -0.06566696]
[2024-04-19 19:05:33,844][root][INFO] - Reward: -0.9999138599550291
[2024-04-19 19:05:33,844][root][INFO] - --------------- Start iteration i=20 ---------------
[2024-04-19 19:05:33,844][root][INFO] - Length of data.x: 21
[2024-04-19 19:05:33,844][root][INFO] - Length of data.y: 21
[2024-04-19 19:05:40,312][root][INFO] - Eval Returns: [-24.99955231 -24.99992758 -24.99952721 -24.97121319 -24.99991152]
[2024-04-19 19:05:40,317][root][INFO] - Eval Returns: mean=-24.994 std=0.011
[2024-04-19 19:05:40,317][root][INFO] - Eval ndata: 21.000
[2024-04-19 19:05:40,317][root][INFO] - Model MSE (current real MPC): 0.634
[2024-04-19 19:05:41,372][root][INFO] - Model MSE (random test set): 0.544
[2024-04-19 19:05:41,372][root][INFO] - Model MSE (GT MPC): 0.249
[2024-04-19 19:05:41,372][root][INFO] - Model Likelihood (random test set): -4.123
[2024-04-19 19:05:41,373][root][INFO] - Model Likelihood (GT MPC): -3.972
[2024-04-19 19:05:41,373][root][INFO] - *[TIME] [Evaluate the current MPC policy] Elapsed: 7.37 seconds
[2024-04-19 19:05:44,209][root][INFO] - x: [ 0.04403602 -0.10567371 -0.7940826  -0.49002999  0.45477489]
[2024-04-19 19:05:44,209][root][INFO] - y: [-0.01056737  0.26264252 -0.38995379 -0.26876302]
[2024-04-19 19:05:44,209][root][INFO] - Reward: -0.9999982144576856
[2024-04-19 19:05:45,199][root][INFO] - --------------- Start iteration i=21 ---------------
[2024-04-19 19:05:45,199][root][INFO] - Length of data.x: 22
[2024-04-19 19:05:45,199][root][INFO] - Length of data.y: 22
[2024-04-19 19:05:45,367][root][INFO] - x: [ 0.03346865  0.15696881  0.81596361 -0.75879301  0.33787659]
[2024-04-19 19:05:45,367][root][INFO] - y: [ 0.01569688 -0.37940795 -0.60382878  0.37140616]
[2024-04-19 19:05:45,367][root][INFO] - Reward: -0.9977211483867537
[2024-04-19 19:05:45,368][root][INFO] - --------------- Start iteration i=22 ---------------
[2024-04-19 19:05:45,368][root][INFO] - Length of data.x: 23
[2024-04-19 19:05:45,368][root][INFO] - Length of data.y: 23
[2024-04-19 19:05:45,529][root][INFO] - x: [ 0.04916553 -0.22243914  0.21213483 -0.38738684  0.56054493]
[2024-04-19 19:05:45,529][root][INFO] - y: [-0.02224391 -0.01405718 -0.3082729   0.04965715]
[2024-04-19 19:05:45,529][root][INFO] - Reward: -0.06925954591002925
[2024-04-19 19:05:45,530][root][INFO] - --------------- Start iteration i=23 ---------------
[2024-04-19 19:05:45,530][root][INFO] - Length of data.x: 24
[2024-04-19 19:05:45,530][root][INFO] - Length of data.y: 24
[2024-04-19 19:05:45,692][root][INFO] - x: [ 0.02692162 -0.23649632 -0.09613808 -0.3377297   0.31353586]
[2024-04-19 19:05:45,692][root][INFO] - y: [-0.02364963  0.08366745 -0.26875697  0.05067016]
[2024-04-19 19:05:45,692][root][INFO] - Reward: -0.9554109890458634
[2024-04-19 19:05:45,693][root][INFO] - --------------- Start iteration i=24 ---------------
[2024-04-19 19:05:45,693][root][INFO] - Length of data.x: 25
[2024-04-19 19:05:45,693][root][INFO] - Length of data.y: 25
[2024-04-19 19:05:45,855][root][INFO] - x: [ 0.00327198 -0.15282888 -0.36489505 -0.28705953 -0.04381532]
[2024-04-19 19:05:45,855][root][INFO] - y: [-0.01528289  0.05737422 -0.2284349  -0.06585883]
[2024-04-19 19:05:45,855][root][INFO] - Reward: -0.9998238199287142
[2024-04-19 19:05:45,855][root][INFO] - Explore episode complete with return -23.914805780424807, resetting
[2024-04-19 19:05:45,855][root][INFO] - Exploration Episode Rewards: [-0.9999901151779561, -0.9999942471906268, -0.9999941231520917, -0.9999919521185493, -0.9999867185047906, -0.9999905310861944, -0.9999506111406753, -0.9894263834453836, -0.9934802398427877, -0.9999030333915719, -0.9999999999889011, -1.0, -0.9999999999999967, -0.999999192797599, -0.9993570214290737, -0.9999999517286124, -0.9999999999892987, -0.9999687625135903, -0.9106453192430343, -0.9999138599550291, -0.9999982144576856, -0.9977211483867537, -0.06925954591002925, -0.9554109890458634, -0.9998238199287142]
[2024-04-19 19:05:45,856][root][INFO] - --------------- Start iteration i=25 ---------------
[2024-04-19 19:05:45,856][root][INFO] - Length of data.x: 26
[2024-04-19 19:05:45,856][root][INFO] - Length of data.y: 26
[2024-04-19 19:05:46,019][root][INFO] - x: [ 4.54431554e-03  3.27400392e-04  9.89035491e-01  6.16166719e-04
 -1.00000000e+00]
[2024-04-19 19:05:46,019][root][INFO] - y: [ 3.27400392e-05 -1.61918116e-01  4.90330291e-04  1.65204228e-01]
[2024-04-19 19:05:46,019][root][INFO] - Reward: -0.9999903456124737
[2024-04-19 19:05:46,020][root][INFO] - --------------- Start iteration i=26 ---------------
[2024-04-19 19:05:46,020][root][INFO] - Length of data.x: 27
[2024-04-19 19:05:46,020][root][INFO] - Length of data.y: 27
[2024-04-19 19:05:46,181][root][INFO] - x: [ 0.00457706 -0.16159072  0.98952582  0.16582039  0.06415907]
[2024-04-19 19:05:46,182][root][INFO] - y: [-0.01615907  0.00955012  0.13195578 -0.00631395]
[2024-04-19 19:05:46,182][root][INFO] - Reward: -0.9999910781958042
[2024-04-19 19:05:46,182][root][INFO] - --------------- Start iteration i=27 ---------------
[2024-04-19 19:05:46,182][root][INFO] - Length of data.x: 28
[2024-04-19 19:05:46,182][root][INFO] - Length of data.y: 28
[2024-04-19 19:05:46,343][root][INFO] - x: [-0.01158202 -0.1520406  -0.87851839  0.15950644  0.31802947]
[2024-04-19 19:05:46,343][root][INFO] - y: [-0.01520406  0.08114355  0.1269313  -0.11188007]
[2024-04-19 19:05:46,344][root][INFO] - Reward: -0.9999951493285588
[2024-04-19 19:05:46,344][root][INFO] - --------------- Start iteration i=28 ---------------
[2024-04-19 19:05:46,344][root][INFO] - Length of data.x: 29
[2024-04-19 19:05:46,344][root][INFO] - Length of data.y: 29
[2024-04-19 19:05:46,505][root][INFO] - x: [-0.02678608 -0.07089705 -0.7515871   0.04762638 -0.0908464 ]
[2024-04-19 19:05:46,505][root][INFO] - y: [-0.00708971  0.01422604  0.0378999  -0.07920028]
[2024-04-19 19:05:46,505][root][INFO] - Reward: -0.9999972591989423
[2024-04-19 19:05:46,506][root][INFO] - --------------- Start iteration i=29 ---------------
[2024-04-19 19:05:46,506][root][INFO] - Length of data.x: 30
[2024-04-19 19:05:46,506][root][INFO] - Length of data.y: 30
[2024-04-19 19:05:46,666][root][INFO] - x: [-0.03387578 -0.05667101 -0.7136872  -0.0315739  -0.56284515]
[2024-04-19 19:05:46,666][root][INFO] - y: [-0.0056671  -0.04333869 -0.02512573 -0.04993354]
[2024-04-19 19:05:46,667][root][INFO] - Reward: -0.9999988944145346
[2024-04-19 19:05:46,667][root][INFO] - --------------- Start iteration i=30 ---------------
[2024-04-19 19:05:46,667][root][INFO] - Length of data.x: 31
[2024-04-19 19:05:46,667][root][INFO] - Length of data.y: 31
[2024-04-19 19:05:53,646][root][INFO] - Eval Returns: [-20.55525289 -21.87671881 -17.71356317 -17.47004225 -20.6088895 ]
[2024-04-19 19:05:53,651][root][INFO] - Eval Returns: mean=-19.645 std=1.744
[2024-04-19 19:05:53,651][root][INFO] - Eval ndata: 31.000
[2024-04-19 19:05:53,651][root][INFO] - Model MSE (current real MPC): 0.514
[2024-04-19 19:05:54,740][root][INFO] - Model MSE (random test set): 0.113
[2024-04-19 19:05:54,740][root][INFO] - Model MSE (GT MPC): 0.040
[2024-04-19 19:05:54,740][root][INFO] - Model Likelihood (random test set): -3.803
[2024-04-19 19:05:54,740][root][INFO] - Model Likelihood (GT MPC): -3.754
[2024-04-19 19:05:54,740][root][INFO] - *[TIME] [Evaluate the current MPC policy] Elapsed: 7.91 seconds
[2024-04-19 19:05:57,191][root][INFO] - x: [-0.03954288 -0.1000097  -0.73881294 -0.08150744  0.30368062]
[2024-04-19 19:05:57,191][root][INFO] - y: [-0.01000097  0.06575424 -0.06486162 -0.11666776]
[2024-04-19 19:05:57,191][root][INFO] - Reward: -0.9999997427998337
[2024-04-19 19:05:58,067][root][INFO] - --------------- Start iteration i=31 ---------------
[2024-04-19 19:05:58,067][root][INFO] - Length of data.x: 32
[2024-04-19 19:05:58,067][root][INFO] - Length of data.y: 32
[2024-04-19 19:05:58,232][root][INFO] - x: [-0.04954385 -0.03425545 -0.80367455 -0.1981752   0.28113227]
[2024-04-19 19:05:58,233][root][INFO] - y: [-0.00342555  0.08944854 -0.15770294 -0.12976713]
[2024-04-19 19:05:58,233][root][INFO] - Reward: -0.9999994068133262
[2024-04-19 19:05:58,233][root][INFO] - --------------- Start iteration i=32 ---------------
[2024-04-19 19:05:58,233][root][INFO] - Length of data.x: 33
[2024-04-19 19:05:58,233][root][INFO] - Length of data.y: 33
[2024-04-19 19:05:58,399][root][INFO] - x: [-0.0529694   0.05519309 -0.9613775  -0.32794233  0.26857426]
[2024-04-19 19:05:58,399][root][INFO] - y: [ 0.00551931  0.06809575 -0.26096842 -0.07948132]
[2024-04-19 19:05:58,400][root][INFO] - Reward: -0.9998817588041468
[2024-04-19 19:05:58,400][root][INFO] - --------------- Start iteration i=33 ---------------
[2024-04-19 19:05:58,400][root][INFO] - Length of data.x: 34
[2024-04-19 19:05:58,400][root][INFO] - Length of data.y: 34
[2024-04-19 19:05:58,566][root][INFO] - x: [-0.04745009  0.12328885  0.77765408 -0.40742365  0.42894323]
[2024-04-19 19:05:58,566][root][INFO] - y: [ 0.01232888 -0.09813108 -0.3242177   0.13829925]
[2024-04-19 19:05:58,567][root][INFO] - Reward: -0.9235848768111234
[2024-04-19 19:05:58,567][root][INFO] - --------------- Start iteration i=34 ---------------
[2024-04-19 19:05:58,567][root][INFO] - Length of data.x: 35
[2024-04-19 19:05:58,567][root][INFO] - Length of data.y: 35
