[2024-04-23 17:10:57,636][root][INFO] - Dumper dumping to /tirl/experiments/mpc_frozencartpole_2024-04-23/17-10-41/seed_2
[2024-04-23 17:10:57,653][root][INFO] - Start obs: None
[2024-04-23 17:11:24,772][root][INFO] - GT Returns: [-10.51372301 -11.21594434 -10.42170221 -12.5529194  -10.56400611]
[2024-04-23 17:11:24,773][root][INFO] - GT Returns: mean=-11.054 std=0.801
[2024-04-23 17:11:24,773][root][INFO] - Path Lengths: [36345, 36345, 36345, 36345, 36345]
[2024-04-23 17:11:24,773][root][INFO] - Path Lengths: mean=36345.000 std=0.000
[2024-04-23 17:11:24,831][root][INFO] - all_x.shape = (181725, 5)
[2024-04-23 17:11:24,837][root][INFO] - all_x.min(axis=0) = [-0.55702994 -0.91402582 -0.99999953 -0.805224   -1.        ]
[2024-04-23 17:11:24,842][root][INFO] - all_x.max(axis=0) = [0.95998212 1.4353866  0.99996955 0.86241928 1.        ]
[2024-04-23 17:11:24,845][root][INFO] - all_x.mean(axis=0) = [-0.00343407  0.00075875  0.00287004 -0.00194554  0.00488576]
[2024-04-23 17:11:24,854][root][INFO] - all_x.var(axis=0) = [0.00683989 0.03130759 0.2311839  0.07576984 0.21318239]
[2024-04-23 17:11:24,897][root][INFO] - --------------- Start iteration i=0 ---------------
[2024-04-23 17:11:24,897][root][INFO] - Length of data.x: 301
[2024-04-23 17:11:24,897][root][INFO] - Length of data.y: 301
[2024-04-23 17:11:52,158][root][INFO] - Eval Returns: [-17.91173723 -23.16581294 -19.25344754 -13.80405795 -18.62597999]
[2024-04-23 17:11:52,166][root][INFO] - Eval Returns: mean=-18.552 std=2.991
[2024-04-23 17:11:52,166][root][INFO] - Eval ndata: 301.000
[2024-04-23 17:11:52,167][root][INFO] - Model MSE (current real MPC): 0.481
[2024-04-23 17:11:53,786][root][INFO] - Model MSE (random test set): 0.004
[2024-04-23 17:11:53,787][root][INFO] - Model MSE (GT MPC): 0.001
[2024-04-23 17:11:53,787][root][INFO] - Model Likelihood (random test set): -3.731
[2024-04-23 17:11:53,787][root][INFO] - Model Likelihood (GT MPC): -3.764
[2024-04-23 17:11:53,787][root][INFO] - *[TIME] [Evaluate the current MPC policy] Elapsed: 28.31 seconds
