[2024-04-19 19:38:03,511][root][INFO] - Dumper dumping to /trajectory-information-rl/experiments/mpc_frozencartpole_2024-04-19/19-37-58/seed_3
[2024-04-19 19:38:03,515][root][INFO] - Start obs: None
[2024-04-19 19:38:17,422][root][INFO] - GT Returns: [-10.9546977  -11.35028083 -11.04814588 -12.20984629 -11.28054996]
[2024-04-19 19:38:17,422][root][INFO] - GT Returns: mean=-11.369 std=0.445
[2024-04-19 19:38:17,422][root][INFO] - Path Lengths: [36345, 36345, 36345, 36345, 36345]
[2024-04-19 19:38:17,422][root][INFO] - Path Lengths: mean=36345.000 std=0.000
[2024-04-19 19:38:17,483][root][INFO] - all_x.shape = (181725, 5)
[2024-04-19 19:38:17,488][root][INFO] - all_x.min(axis=0) = [-0.63251446 -0.97844353 -0.99997987 -0.8393883  -1.        ]
[2024-04-19 19:38:17,493][root][INFO] - all_x.max(axis=0) = [0.9349     1.33102233 0.99996755 0.86639702 1.        ]
[2024-04-19 19:38:17,495][root][INFO] - all_x.mean(axis=0) = [ 0.00260069  0.00660887  0.0031658  -0.00826897  0.02121032]
[2024-04-19 19:38:17,503][root][INFO] - all_x.var(axis=0) = [0.00770805 0.03346876 0.24298782 0.08004001 0.22051552]
[2024-04-19 19:38:17,537][root][INFO] - --------------- Start iteration i=0 ---------------
[2024-04-19 19:38:17,537][root][INFO] - Length of data.x: 1
[2024-04-19 19:38:17,538][root][INFO] - Length of data.y: 1
[2024-04-19 19:38:22,884][root][INFO] - Eval Returns: [-24.99998052 -24.99998084 -24.99998117 -24.99997553 -24.99997771]
[2024-04-19 19:38:22,889][root][INFO] - Eval Returns: mean=-25.000 std=0.000
[2024-04-19 19:38:22,889][root][INFO] - Eval ndata: 1.000
[2024-04-19 19:38:22,889][root][INFO] - Model MSE (current real MPC): 0.461
[2024-04-19 19:38:23,904][root][INFO] - Model MSE (random test set): 0.361
[2024-04-19 19:38:23,905][root][INFO] - Model MSE (GT MPC): 0.077
[2024-04-19 19:38:23,905][root][INFO] - Model Likelihood (random test set): -4.105
[2024-04-19 19:38:23,905][root][INFO] - Model Likelihood (GT MPC): -3.868
[2024-04-19 19:38:23,905][root][INFO] - *[TIME] [Evaluate the current MPC policy] Elapsed: 6.18 seconds
[2024-04-19 19:38:25,530][root][INFO] - x: [-3.44999104e-04 -3.18341718e-03 -9.97705297e-01 -1.17107160e-03
 -1.00000000e+00]
[2024-04-19 19:38:25,531][root][INFO] - y: [-0.00031834 -0.07952168 -0.00093191  0.07881144]
[2024-04-19 19:38:25,531][root][INFO] - Reward: -0.9999900761733861
[2024-04-19 19:38:26,855][root][INFO] - --------------- Start iteration i=1 ---------------
[2024-04-19 19:38:26,855][root][INFO] - Length of data.x: 2
[2024-04-19 19:38:26,855][root][INFO] - Length of data.y: 2
[2024-04-19 19:38:27,013][root][INFO] - x: [-6.63340823e-04 -8.27050964e-02 -9.98637207e-01  7.76403716e-02
  1.00000000e+00]
[2024-04-19 19:38:27,013][root][INFO] - y: [-0.00827051  0.08161352  0.06178429 -0.08203345]
[2024-04-19 19:38:27,013][root][INFO] - Reward: -0.9999911924935803
[2024-04-19 19:38:27,014][root][INFO] - --------------- Start iteration i=2 ---------------
[2024-04-19 19:38:27,014][root][INFO] - Length of data.x: 3
[2024-04-19 19:38:27,014][root][INFO] - Length of data.y: 3
[2024-04-19 19:38:27,165][root][INFO] - x: [-0.00893385 -0.00109158 -0.93685291 -0.00439308  0.18480054]
[2024-04-19 19:38:27,165][root][INFO] - y: [-0.00010916  0.02559525 -0.0034959  -0.04444708]
[2024-04-19 19:38:27,165][root][INFO] - Reward: -0.9999912487212645
[2024-04-19 19:38:27,166][root][INFO] - --------------- Start iteration i=3 ---------------
[2024-04-19 19:38:27,166][root][INFO] - Length of data.x: 4
[2024-04-19 19:38:27,166][root][INFO] - Length of data.y: 4
[2024-04-19 19:38:27,321][root][INFO] - x: [-0.00904301  0.02450367 -0.94034881 -0.04884015  1.        ]
[2024-04-19 19:38:27,321][root][INFO] - y: [ 0.00245037  0.08920184 -0.03886579 -0.10593542]
[2024-04-19 19:38:27,321][root][INFO] - Reward: -0.999990684148443
[2024-04-19 19:38:27,322][root][INFO] - --------------- Start iteration i=4 ---------------
[2024-04-19 19:38:27,322][root][INFO] - Length of data.x: 5
[2024-04-19 19:38:27,322][root][INFO] - Length of data.y: 5
[2024-04-19 19:38:27,474][root][INFO] - x: [-0.00659264  0.11370551 -0.9792146  -0.15477557 -0.68573165]
[2024-04-19 19:38:27,474][root][INFO] - y: [ 0.01137055 -0.05036765 -0.12316658  0.04385222]
[2024-04-19 19:38:27,475][root][INFO] - Reward: -0.9999886679525536
[2024-04-19 19:38:27,475][root][INFO] - --------------- Start iteration i=5 ---------------
[2024-04-19 19:38:27,475][root][INFO] - Length of data.x: 6
[2024-04-19 19:38:27,475][root][INFO] - Length of data.y: 6
[2024-04-19 19:38:27,626][root][INFO] - x: [ 0.00477791  0.06333786  0.89761881 -0.11092335  0.37845831]
[2024-04-19 19:38:27,626][root][INFO] - y: [ 0.00633379  0.03399618 -0.08827007 -0.0012093 ]
[2024-04-19 19:38:27,626][root][INFO] - Reward: -0.9999865631833781
[2024-04-19 19:38:27,627][root][INFO] - --------------- Start iteration i=6 ---------------
[2024-04-19 19:38:27,627][root][INFO] - Length of data.x: 7
[2024-04-19 19:38:27,627][root][INFO] - Length of data.y: 7
[2024-04-19 19:38:27,780][root][INFO] - x: [ 0.0111117   0.09733405  0.80934875 -0.11213264 -0.92501633]
[2024-04-19 19:38:27,780][root][INFO] - y: [ 0.0097334  -0.15757752 -0.08923239  0.18551045]
[2024-04-19 19:38:27,780][root][INFO] - Reward: -0.9999878990139835
[2024-04-19 19:38:27,780][root][INFO] - --------------- Start iteration i=7 ---------------
[2024-04-19 19:38:27,781][root][INFO] - Length of data.x: 8
[2024-04-19 19:38:27,781][root][INFO] - Length of data.y: 8
[2024-04-19 19:38:27,932][root][INFO] - x: [ 0.0208451  -0.06024348  0.72011635  0.07337781  1.        ]
[2024-04-19 19:38:27,932][root][INFO] - y: [-0.00602435  0.09277328  0.05839225  0.01647972]
[2024-04-19 19:38:27,932][root][INFO] - Reward: -0.9999872333228179
[2024-04-19 19:38:27,933][root][INFO] - --------------- Start iteration i=8 ---------------
[2024-04-19 19:38:27,933][root][INFO] - Length of data.x: 9
[2024-04-19 19:38:27,933][root][INFO] - Length of data.y: 9
[2024-04-19 19:38:28,085][root][INFO] - x: [ 0.01482075  0.0325298   0.7785086   0.08985753 -1.        ]
[2024-04-19 19:38:28,085][root][INFO] - y: [ 0.00325298 -0.1582551   0.07150641  0.18441249]
[2024-04-19 19:38:28,085][root][INFO] - Reward: -0.9999934842135844
[2024-04-19 19:38:28,086][root][INFO] - --------------- Start iteration i=9 ---------------
[2024-04-19 19:38:28,086][root][INFO] - Length of data.x: 10
[2024-04-19 19:38:28,086][root][INFO] - Length of data.y: 10
[2024-04-19 19:38:28,238][root][INFO] - x: [ 0.01807373 -0.1257253   0.85001501  0.27427002  0.83877571]
[2024-04-19 19:38:28,238][root][INFO] - y: [-0.01257253  0.0544316   0.21825732 -0.00392209]
[2024-04-19 19:38:28,239][root][INFO] - Reward: -0.9999876248272627
[2024-04-19 19:38:28,239][root][INFO] - --------------- Start iteration i=10 ---------------
[2024-04-19 19:38:28,239][root][INFO] - Length of data.x: 11
[2024-04-19 19:38:28,239][root][INFO] - Length of data.y: 11
[2024-04-19 19:38:34,131][root][INFO] - Eval Returns: [-23.46248459 -22.33699632 -20.87481329 -23.27411782 -23.62980704]
[2024-04-19 19:38:34,135][root][INFO] - Eval Returns: mean=-22.716 std=1.023
[2024-04-19 19:38:34,135][root][INFO] - Eval ndata: 11.000
[2024-04-19 19:38:34,136][root][INFO] - Model MSE (current real MPC): 0.731
[2024-04-19 19:38:35,188][root][INFO] - Model MSE (random test set): 0.407
[2024-04-19 19:38:35,188][root][INFO] - Model MSE (GT MPC): 0.328
[2024-04-19 19:38:35,189][root][INFO] - Model Likelihood (random test set): -3.878
[2024-04-19 19:38:35,189][root][INFO] - Model Likelihood (GT MPC): -3.804
[2024-04-19 19:38:35,189][root][INFO] - *[TIME] [Evaluate the current MPC policy] Elapsed: 6.80 seconds
[2024-04-19 19:38:37,394][root][INFO] - x: [ 0.0055012  -0.07129371 -0.93172767  0.27034793 -1.        ]
[2024-04-19 19:38:37,394][root][INFO] - y: [-0.00712937 -0.12000906  0.21513622  0.09635774]
[2024-04-19 19:38:37,394][root][INFO] - Reward: -0.9999257026121652
[2024-04-19 19:38:38,206][root][INFO] - --------------- Start iteration i=11 ---------------
[2024-04-19 19:38:38,206][root][INFO] - Length of data.x: 12
[2024-04-19 19:38:38,206][root][INFO] - Length of data.y: 12
[2024-04-19 19:38:38,371][root][INFO] - x: [-0.00162817 -0.19130277 -0.71659145  0.36670567 -0.27700475]
[2024-04-19 19:38:38,372][root][INFO] - y: [-0.01913028  0.12220195  0.29181533 -0.15321201]
[2024-04-19 19:38:38,372][root][INFO] - Reward: -0.9987611368638686
[2024-04-19 19:38:38,372][root][INFO] - --------------- Start iteration i=12 ---------------
[2024-04-19 19:38:38,372][root][INFO] - Length of data.x: 13
[2024-04-19 19:38:38,373][root][INFO] - Length of data.y: 13
[2024-04-19 19:38:38,707][root][INFO] - x: [-0.02075845 -0.06910082 -0.42477612  0.21349366 -0.18507518]
[2024-04-19 19:38:38,707][root][INFO] - y: [-0.00691008  0.02511443  0.16989299 -0.08959051]
[2024-04-19 19:38:38,707][root][INFO] - Reward: -0.9860077373735617
[2024-04-19 19:38:38,708][root][INFO] - --------------- Start iteration i=13 ---------------
[2024-04-19 19:38:38,708][root][INFO] - Length of data.x: 14
[2024-04-19 19:38:38,708][root][INFO] - Length of data.y: 14
[2024-04-19 19:38:38,878][root][INFO] - x: [-0.02766853 -0.04398639 -0.25488313  0.12390315 -0.59201876]
[2024-04-19 19:38:38,879][root][INFO] - y: [-0.00439864 -0.04550308  0.09859908 -0.10217305]
[2024-04-19 19:38:38,879][root][INFO] - Reward: -0.947896603619884
[2024-04-19 19:38:38,879][root][INFO] - --------------- Start iteration i=14 ---------------
[2024-04-19 19:38:38,880][root][INFO] - Length of data.x: 15
[2024-04-19 19:38:38,880][root][INFO] - Length of data.y: 15
[2024-04-19 19:38:39,036][root][INFO] - x: [-0.03206717 -0.08948947 -0.15628405  0.0217301  -1.        ]
[2024-04-19 19:38:39,036][root][INFO] - y: [-0.00894895 -0.09064268  0.01729228 -0.12623555]
[2024-04-19 19:38:39,036][root][INFO] - Reward: -0.9713196162910391
[2024-04-19 19:38:39,037][root][INFO] - --------------- Start iteration i=15 ---------------
[2024-04-19 19:38:39,037][root][INFO] - Length of data.x: 16
[2024-04-19 19:38:39,037][root][INFO] - Length of data.y: 16
[2024-04-19 19:38:39,193][root][INFO] - x: [-0.04101611 -0.18013215 -0.13899177 -0.10450544  1.        ]
[2024-04-19 19:38:39,193][root][INFO] - y: [-0.01801322  0.06071493 -0.08316286  0.01348828]
[2024-04-19 19:38:39,193][root][INFO] - Reward: -0.9995803122248202
[2024-04-19 19:38:39,194][root][INFO] - --------------- Start iteration i=16 ---------------
[2024-04-19 19:38:39,194][root][INFO] - Length of data.x: 17
[2024-04-19 19:38:39,194][root][INFO] - Length of data.y: 17
[2024-04-19 19:38:39,351][root][INFO] - x: [-0.05902933 -0.11941722 -0.22215463 -0.09101716  0.89316977]
[2024-04-19 19:38:39,351][root][INFO] - y: [-0.01194172  0.041946   -0.07242921 -0.03096748]
[2024-04-19 19:38:39,351][root][INFO] - Reward: -0.9999922525052303
[2024-04-19 19:38:39,352][root][INFO] - --------------- Start iteration i=17 ---------------
[2024-04-19 19:38:39,352][root][INFO] - Length of data.x: 18
[2024-04-19 19:38:39,352][root][INFO] - Length of data.y: 18
[2024-04-19 19:38:39,509][root][INFO] - x: [-0.07097105 -0.07747122 -0.29458384 -0.12198464  0.88312084]
[2024-04-19 19:38:39,509][root][INFO] - y: [-0.00774712  0.04440476 -0.09707237 -0.05174389]
[2024-04-19 19:38:39,509][root][INFO] - Reward: -0.9999998778154673
[2024-04-19 19:38:39,510][root][INFO] - --------------- Start iteration i=18 ---------------
[2024-04-19 19:38:39,510][root][INFO] - Length of data.x: 19
[2024-04-19 19:38:39,510][root][INFO] - Length of data.y: 19
[2024-04-19 19:38:39,667][root][INFO] - x: [-0.07871817 -0.03306646 -0.39165621 -0.17372853  0.76942945]
[2024-04-19 19:38:39,667][root][INFO] - y: [-0.00330665  0.05623605 -0.13824889 -0.07379251]
[2024-04-19 19:38:39,667][root][INFO] - Reward: -0.9999999966772076
[2024-04-19 19:38:39,668][root][INFO] - --------------- Start iteration i=19 ---------------
[2024-04-19 19:38:39,668][root][INFO] - Length of data.x: 20
[2024-04-19 19:38:39,668][root][INFO] - Length of data.y: 20
[2024-04-19 19:38:39,826][root][INFO] - x: [-0.08202482  0.02316959 -0.5299051  -0.24752105  0.01147448]
[2024-04-19 19:38:39,826][root][INFO] - y: [ 0.00231696  0.06116742 -0.19697115 -0.10350507]
[2024-04-19 19:38:39,826][root][INFO] - Reward: -0.9999999986162192
[2024-04-19 19:38:39,827][root][INFO] - --------------- Start iteration i=20 ---------------
[2024-04-19 19:38:39,827][root][INFO] - Length of data.x: 21
[2024-04-19 19:38:39,827][root][INFO] - Length of data.y: 21
[2024-04-19 19:38:46,238][root][INFO] - Eval Returns: [-16.37167524 -24.96182642 -22.75805791 -22.35026187 -20.5828873 ]
[2024-04-19 19:38:46,242][root][INFO] - Eval Returns: mean=-21.405 std=2.877
[2024-04-19 19:38:46,243][root][INFO] - Eval ndata: 21.000
[2024-04-19 19:38:46,243][root][INFO] - Model MSE (current real MPC): 0.435
[2024-04-19 19:38:47,298][root][INFO] - Model MSE (random test set): 0.202
[2024-04-19 19:38:47,299][root][INFO] - Model MSE (GT MPC): 0.044
[2024-04-19 19:38:47,299][root][INFO] - Model Likelihood (random test set): -3.939
[2024-04-19 19:38:47,299][root][INFO] - Model Likelihood (GT MPC): -3.755
[2024-04-19 19:38:47,299][root][INFO] - *[TIME] [Evaluate the current MPC policy] Elapsed: 7.31 seconds
[2024-04-19 19:38:49,705][root][INFO] - x: [-0.07970786  0.08433701 -0.72687625 -0.35102612 -0.31936936]
[2024-04-19 19:38:49,706][root][INFO] - y: [ 0.0084337   0.10576317 -0.27933794 -0.14345516]
[2024-04-19 19:38:49,706][root][INFO] - Reward: -0.9999998048151638
[2024-04-19 19:38:50,862][root][INFO] - --------------- Start iteration i=21 ---------------
[2024-04-19 19:38:50,862][root][INFO] - Length of data.x: 22
[2024-04-19 19:38:50,863][root][INFO] - Length of data.y: 22
[2024-04-19 19:38:51,031][root][INFO] - x: [-0.07127416  0.19010019  0.99378581 -0.49448128 -0.9986353 ]
[2024-04-19 19:38:51,031][root][INFO] - y: [ 0.01901002 -0.09122236 -0.39349602  0.0931222 ]
[2024-04-19 19:38:51,031][root][INFO] - Reward: -0.9929854523148248
[2024-04-19 19:38:51,032][root][INFO] - --------------- Start iteration i=22 ---------------
[2024-04-19 19:38:51,032][root][INFO] - Length of data.x: 23
[2024-04-19 19:38:51,032][root][INFO] - Length of data.y: 23
[2024-04-19 19:38:51,195][root][INFO] - x: [-0.05226414  0.09887783  0.60028979 -0.40135908 -0.3097459 ]
[2024-04-19 19:38:51,195][root][INFO] - y: [ 0.00988778 -0.17729726 -0.31939167  0.14830723]
[2024-04-19 19:38:51,195][root][INFO] - Reward: -0.326808664475177
[2024-04-19 19:38:51,196][root][INFO] - --------------- Start iteration i=23 ---------------
[2024-04-19 19:38:51,196][root][INFO] - Length of data.x: 24
[2024-04-19 19:38:51,196][root][INFO] - Length of data.y: 24
[2024-04-19 19:38:51,359][root][INFO] - x: [-0.04237635 -0.07841942  0.28089813 -0.25305185  0.67386187]
[2024-04-19 19:38:51,359][root][INFO] - y: [-0.00784194  0.00728183 -0.20137243  0.08046644]
[2024-04-19 19:38:51,359][root][INFO] - Reward: -0.6337251766243388
[2024-04-19 19:38:51,360][root][INFO] - --------------- Start iteration i=24 ---------------
[2024-04-19 19:38:51,360][root][INFO] - Length of data.x: 25
[2024-04-19 19:38:51,360][root][INFO] - Length of data.y: 25
[2024-04-19 19:38:51,525][root][INFO] - x: [-0.0502183  -0.07113759  0.0795257  -0.17258541  0.96882069]
[2024-04-19 19:38:51,525][root][INFO] - y: [-0.00711376  0.07882165 -0.13733922  0.10065402]
[2024-04-19 19:38:51,525][root][INFO] - Reward: -0.9757291466343492
[2024-04-19 19:38:51,525][root][INFO] - Explore episode complete with return -23.832626153513573, resetting
[2024-04-19 19:38:51,525][root][INFO] - Exploration Episode Rewards: [-0.9999900761733861, -0.9999911924935803, -0.9999912487212645, -0.999990684148443, -0.9999886679525536, -0.9999865631833781, -0.9999878990139835, -0.9999872333228179, -0.9999934842135844, -0.9999876248272627, -0.9999257026121652, -0.9987611368638686, -0.9860077373735617, -0.947896603619884, -0.9713196162910391, -0.9995803122248202, -0.9999922525052303, -0.9999998778154673, -0.9999999966772076, -0.9999999986162192, -0.9999998048151638, -0.9929854523148248, -0.326808664475177, -0.6337251766243388, -0.9757291466343492]
[2024-04-19 19:38:51,526][root][INFO] - --------------- Start iteration i=25 ---------------
[2024-04-19 19:38:51,526][root][INFO] - Length of data.x: 26
[2024-04-19 19:38:51,526][root][INFO] - Length of data.y: 26
[2024-04-19 19:38:51,691][root][INFO] - x: [-2.95391195e-03  3.12471344e-03 -9.92518938e-01 -5.05083280e-04
 -5.15205315e-01]
[2024-04-19 19:38:51,691][root][INFO] - y: [ 0.00031247 -0.0398688  -0.00040193  0.03754981]
[2024-04-19 19:38:51,691][root][INFO] - Reward: -0.9999901672973874
[2024-04-19 19:38:51,692][root][INFO] - --------------- Start iteration i=26 ---------------
[2024-04-19 19:38:51,692][root][INFO] - Length of data.x: 27
[2024-04-19 19:38:51,692][root][INFO] - Length of data.y: 27
[2024-04-19 19:38:51,855][root][INFO] - x: [-0.00264144 -0.03674408 -0.99292087  0.03704472 -0.36347788]
[2024-04-19 19:38:51,855][root][INFO] - y: [-0.00367441 -0.02712641  0.02947928  0.02493569]
[2024-04-19 19:38:51,855][root][INFO] - Reward: -0.9999906809306599
[2024-04-19 19:38:51,856][root][INFO] - --------------- Start iteration i=27 ---------------
[2024-04-19 19:38:51,856][root][INFO] - Length of data.x: 28
[2024-04-19 19:38:51,856][root][INFO] - Length of data.y: 28
[2024-04-19 19:38:52,018][root][INFO] - x: [-0.00631585 -0.06387049 -0.96344159  0.06198042 -0.3700999 ]
[2024-04-19 19:38:52,018][root][INFO] - y: [-0.00638705 -0.02105195  0.04932249  0.00965936]
[2024-04-19 19:38:52,018][root][INFO] - Reward: -0.9999922339951205
[2024-04-19 19:38:52,019][root][INFO] - --------------- Start iteration i=28 ---------------
[2024-04-19 19:38:52,019][root][INFO] - Length of data.x: 29
[2024-04-19 19:38:52,019][root][INFO] - Length of data.y: 29
[2024-04-19 19:38:52,182][root][INFO] - x: [-0.0127029  -0.08492244 -0.9141191   0.07163978  0.0192372 ]
[2024-04-19 19:38:52,182][root][INFO] - y: [-0.00849224  0.01926507  0.05700917 -0.0447427 ]
[2024-04-19 19:38:52,182][root][INFO] - Reward: -0.9999949277975961
[2024-04-19 19:38:52,183][root][INFO] - --------------- Start iteration i=29 ---------------
[2024-04-19 19:38:52,183][root][INFO] - Length of data.x: 30
[2024-04-19 19:38:52,183][root][INFO] - Length of data.y: 30
[2024-04-19 19:38:52,346][root][INFO] - x: [-0.02119514 -0.06565738 -0.85710993  0.02689708 -0.32416293]
[2024-04-19 19:38:52,346][root][INFO] - y: [-0.00656574 -0.00123534  0.02140404 -0.04150378]
[2024-04-19 19:38:52,346][root][INFO] - Reward: -0.9999969532908421
[2024-04-19 19:38:52,347][root][INFO] - --------------- Start iteration i=30 ---------------
[2024-04-19 19:38:52,347][root][INFO] - Length of data.x: 31
[2024-04-19 19:38:52,347][root][INFO] - Length of data.y: 31
[2024-04-19 19:38:56,655][root][INFO] - *[TIME] [Evaluate the current MPC policy] Elapsed: 4.15 seconds
