[2024-04-24 17:51:20,805][root][INFO] - Dumper dumping to /tirl/experiments/mpc_frozencartpole_newhypers_initdata_gpforgetting_2024-04-24/17-51-14/seed_0
[2024-04-24 17:51:20,811][root][INFO] - Start obs: None
[2024-04-24 17:51:45,083][root][INFO] - GT Returns: [-12.03595919 -10.63957103 -12.40981486 -10.1108009  -10.5186479 ]
[2024-04-24 17:51:45,083][root][INFO] - GT Returns: mean=-11.143 std=0.907
[2024-04-24 17:51:45,083][root][INFO] - Path Lengths: [36345, 36345, 36345, 36345, 36345]
[2024-04-24 17:51:45,083][root][INFO] - Path Lengths: mean=36345.000 std=0.000
[2024-04-24 17:51:45,185][root][INFO] - all_x.shape = (181725, 5)
[2024-04-24 17:51:45,190][root][INFO] - all_x.min(axis=0) = [-0.56275907 -0.81486906 -0.99999735 -0.82402187 -1.        ]
[2024-04-24 17:51:45,196][root][INFO] - all_x.max(axis=0) = [0.87656293 1.44264553 0.99998294 0.84628512 1.        ]
[2024-04-24 17:51:45,200][root][INFO] - all_x.mean(axis=0) = [ 0.00219374 -0.00020272  0.0059548   0.00759479  0.00092384]
[2024-04-24 17:51:45,211][root][INFO] - all_x.var(axis=0) = [0.00756959 0.03461488 0.23857825 0.07996854 0.22559672]
[2024-04-24 17:51:45,297][root][INFO] - --------------- Start iteration i=0 ---------------
[2024-04-24 17:51:45,298][root][INFO] - Length of data.x: 301
[2024-04-24 17:51:45,298][root][INFO] - Length of data.y: 301
[2024-04-24 17:52:23,331][root][INFO] - Eval Returns: [-16.4072174  -17.64233599 -18.50970644 -23.43632817 -18.33850438]
[2024-04-24 17:52:23,340][root][INFO] - Eval Returns: mean=-18.867 std=2.402
[2024-04-24 17:52:23,340][root][INFO] - Eval ndata: 301.000
[2024-04-24 17:52:23,341][root][INFO] - Model MSE (current real MPC): 0.548
[2024-04-24 17:52:25,526][root][INFO] - Model MSE (random test set): 0.338
[2024-04-24 17:52:25,526][root][INFO] - Model MSE (GT MPC): 0.012
[2024-04-24 17:52:25,526][root][INFO] - Model Likelihood (random test set): -3.856
[2024-04-24 17:52:25,526][root][INFO] - Model Likelihood (GT MPC): -3.730
[2024-04-24 17:52:25,526][root][INFO] - *[TIME] [Evaluate the current MPC policy] Elapsed: 39.72 seconds
[2024-04-24 17:52:29,191][root][INFO] - x: [ 0.00152382 -0.00271907 -0.99859118  0.00107896  0.347486  ]
[2024-04-24 17:52:29,192][root][INFO] - y: [-0.00027191  0.05590154  0.00085861 -0.05633587]
[2024-04-24 17:52:29,192][root][INFO] - Reward: -0.9999900729895095
[2024-04-24 17:52:32,563][root][INFO] - --------------- Start iteration i=1 ---------------
[2024-04-24 17:52:32,563][root][INFO] - Length of data.x: 302
[2024-04-24 17:52:32,563][root][INFO] - Length of data.y: 302
[2024-04-24 17:52:33,054][root][INFO] - x: [ 0.00125191  0.05318247 -0.99773257 -0.05525691  0.68038218]
[2024-04-24 17:52:33,055][root][INFO] - y: [ 0.00531825  0.1084594  -0.04397208 -0.10915641]
[2024-04-24 17:52:33,055][root][INFO] - Reward: -0.9999907192490788
[2024-04-24 17:52:33,058][root][INFO] - --------------- Start iteration i=2 ---------------
[2024-04-24 17:52:33,059][root][INFO] - Length of data.x: 303
[2024-04-24 17:52:33,059][root][INFO] - Length of data.y: 303
[2024-04-24 17:52:33,524][root][INFO] - x: [ 0.00657016  0.16164188  0.95829535 -0.16441331 -0.0546705 ]
[2024-04-24 17:52:33,524][root][INFO] - y: [ 0.01616419 -0.02401675 -0.13083606  0.03664043]
[2024-04-24 17:52:33,525][root][INFO] - Reward: -0.9999951364003361
[2024-04-24 17:52:33,528][root][INFO] - --------------- Start iteration i=3 ---------------
[2024-04-24 17:52:33,528][root][INFO] - Length of data.x: 304
[2024-04-24 17:52:33,528][root][INFO] - Length of data.y: 304
[2024-04-24 17:52:34,021][root][INFO] - x: [ 0.02273435  0.13762513  0.82745929 -0.12777289 -0.84297923]
[2024-04-24 17:52:34,022][root][INFO] - y: [ 0.01376251 -0.15155062 -0.10167851  0.18048702]
[2024-04-24 17:52:34,022][root][INFO] - Reward: -0.9999982144961621
[2024-04-24 17:52:34,026][root][INFO] - --------------- Start iteration i=4 ---------------
[2024-04-24 17:52:34,026][root][INFO] - Length of data.x: 305
[2024-04-24 17:52:34,026][root][INFO] - Length of data.y: 305
[2024-04-24 17:52:34,538][root][INFO] - x: [ 0.03649686 -0.01392549  0.72578077  0.05271413 -1.        ]
[2024-04-24 17:52:34,538][root][INFO] - y: [-0.00139255 -0.14274458  0.04194861  0.16748628]
[2024-04-24 17:52:34,539][root][INFO] - Reward: -0.999998301578827
[2024-04-24 17:52:34,542][root][INFO] - --------------- Start iteration i=5 ---------------
[2024-04-24 17:52:34,543][root][INFO] - Length of data.x: 306
[2024-04-24 17:52:34,543][root][INFO] - Length of data.y: 306
[2024-04-24 17:52:35,044][root][INFO] - x: [ 0.03510431 -0.15667007  0.76772938  0.22020041 -1.        ]
[2024-04-24 17:52:35,045][root][INFO] - y: [-0.01566701 -0.18573188  0.17523006  0.20390436]
[2024-04-24 17:52:35,045][root][INFO] - Reward: -0.9999942286670269
[2024-04-24 17:52:35,049][root][INFO] - --------------- Start iteration i=6 ---------------
[2024-04-24 17:52:35,049][root][INFO] - Length of data.x: 307
[2024-04-24 17:52:35,049][root][INFO] - Length of data.y: 307
[2024-04-24 17:52:35,551][root][INFO] - x: [ 0.01943731 -0.34240196  0.94295945  0.42410477  0.62234164]
[2024-04-24 17:52:35,551][root][INFO] - y: [-0.0342402   0.04575747  0.33749213 -0.02752127]
[2024-04-24 17:52:35,551][root][INFO] - Reward: -0.9999773827822664
[2024-04-24 17:52:35,555][root][INFO] - --------------- Start iteration i=7 ---------------
[2024-04-24 17:52:35,555][root][INFO] - Length of data.x: 308
[2024-04-24 17:52:35,555][root][INFO] - Length of data.y: 308
[2024-04-24 17:52:36,044][root][INFO] - x: [-0.01480289 -0.29664449 -0.71954843  0.39658351  0.84351402]
[2024-04-24 17:52:36,044][root][INFO] - y: [-0.02966445  0.20864425  0.31559138 -0.2085196 ]
[2024-04-24 17:52:36,045][root][INFO] - Reward: -0.9999390942417318
[2024-04-24 17:52:36,049][root][INFO] - --------------- Start iteration i=8 ---------------
[2024-04-24 17:52:36,049][root][INFO] - Length of data.x: 309
[2024-04-24 17:52:36,050][root][INFO] - Length of data.y: 309
[2024-04-24 17:52:36,568][root][INFO] - x: [-0.04446734 -0.08800024 -0.40395705  0.18806391  0.3808882 ]
[2024-04-24 17:52:36,568][root][INFO] - y: [-0.00880002  0.04254397  0.14965662 -0.08112088]
[2024-04-24 17:52:36,569][root][INFO] - Reward: -0.9995365508776326
[2024-04-24 17:52:36,572][root][INFO] - --------------- Start iteration i=9 ---------------
[2024-04-24 17:52:36,572][root][INFO] - Length of data.x: 310
[2024-04-24 17:52:36,572][root][INFO] - Length of data.y: 310
[2024-04-24 17:52:37,079][root][INFO] - x: [-0.05326736 -0.04545626 -0.25430042  0.10694303  0.71048773]
[2024-04-24 17:52:37,080][root][INFO] - y: [-0.00454563  0.03089233  0.08510263 -0.0488225 ]
[2024-04-24 17:52:37,080][root][INFO] - Reward: -0.9981299263385615
[2024-04-24 17:52:37,084][root][INFO] - --------------- Start iteration i=10 ---------------
[2024-04-24 17:52:37,084][root][INFO] - Length of data.x: 311
[2024-04-24 17:52:37,084][root][INFO] - Length of data.y: 311
[2024-04-24 17:53:17,370][root][INFO] - Eval Returns: [-22.00120519 -23.01803003 -20.93303084 -19.43674725 -21.25330906]
[2024-04-24 17:53:17,388][root][INFO] - Eval Returns: mean=-21.328 std=1.187
[2024-04-24 17:53:17,388][root][INFO] - Eval ndata: 311.000
[2024-04-24 17:53:17,388][root][INFO] - Model MSE (current real MPC): 0.452
[2024-04-24 17:53:19,254][root][INFO] - Model MSE (random test set): 0.444
[2024-04-24 17:53:19,254][root][INFO] - Model MSE (GT MPC): 0.021
[2024-04-24 17:53:19,254][root][INFO] - Model Likelihood (random test set): -3.913
[2024-04-24 17:53:19,254][root][INFO] - Model Likelihood (GT MPC): -3.743
[2024-04-24 17:53:19,254][root][INFO] - *[TIME] [Evaluate the current MPC policy] Elapsed: 41.64 seconds
