[2024-04-19 19:38:03,445][root][INFO] - Dumper dumping to /trajectory-information-rl/experiments/mpc_frozencartpole_2024-04-19/19-37-58/seed_2
[2024-04-19 19:38:03,450][root][INFO] - Start obs: None
[2024-04-19 19:38:17,066][root][INFO] - GT Returns: [-10.94451672 -10.06585457 -11.91872883 -11.25002083 -11.24372694]
[2024-04-19 19:38:17,066][root][INFO] - GT Returns: mean=-11.085 std=0.601
[2024-04-19 19:38:17,066][root][INFO] - Path Lengths: [36345, 36345, 36345, 36345, 36345]
[2024-04-19 19:38:17,066][root][INFO] - Path Lengths: mean=36345.000 std=0.000
[2024-04-19 19:38:17,128][root][INFO] - all_x.shape = (181725, 5)
[2024-04-19 19:38:17,132][root][INFO] - all_x.min(axis=0) = [-0.64057075 -0.9546355  -0.99996269 -0.80375079 -1.        ]
[2024-04-19 19:38:17,137][root][INFO] - all_x.max(axis=0) = [0.92611446 1.51998524 0.99999263 0.86354569 1.        ]
[2024-04-19 19:38:17,139][root][INFO] - all_x.mean(axis=0) = [-0.01137735  0.00502309  0.00558873 -0.01099695  0.00516061]
[2024-04-19 19:38:17,147][root][INFO] - all_x.var(axis=0) = [0.00559274 0.02766329 0.22927556 0.07304178 0.2286357 ]
[2024-04-19 19:38:17,181][root][INFO] - --------------- Start iteration i=0 ---------------
[2024-04-19 19:38:17,181][root][INFO] - Length of data.x: 1
[2024-04-19 19:38:17,181][root][INFO] - Length of data.y: 1
[2024-04-19 19:38:22,542][root][INFO] - Eval Returns: [-24.98606845 -23.77620508 -24.99987306 -24.71657645 -24.42042783]
[2024-04-19 19:38:22,546][root][INFO] - Eval Returns: mean=-24.580 std=0.454
[2024-04-19 19:38:22,546][root][INFO] - Eval ndata: 1.000
[2024-04-19 19:38:22,546][root][INFO] - Model MSE (current real MPC): 0.566
[2024-04-19 19:38:23,535][root][INFO] - Model MSE (random test set): 0.377
[2024-04-19 19:38:23,536][root][INFO] - Model MSE (GT MPC): 0.091
[2024-04-19 19:38:23,536][root][INFO] - Model Likelihood (random test set): -4.124
[2024-04-19 19:38:23,536][root][INFO] - Model Likelihood (GT MPC): -3.923
[2024-04-19 19:38:23,536][root][INFO] - *[TIME] [Evaluate the current MPC policy] Elapsed: 6.16 seconds
[2024-04-19 19:38:24,752][root][INFO] - x: [-2.80361691e-05  2.52253826e-03  9.93469590e-01 -4.03413959e-04
 -1.00000000e+00]
[2024-04-19 19:38:24,753][root][INFO] - y: [ 0.00025225 -0.08122846 -0.00032103  0.08322612]
[2024-04-19 19:38:24,753][root][INFO] - Reward: -0.9999900622406592
[2024-04-19 19:38:26,333][root][INFO] - --------------- Start iteration i=1 ---------------
[2024-04-19 19:38:26,333][root][INFO] - Length of data.x: 2
[2024-04-19 19:38:26,333][root][INFO] - Length of data.y: 2
[2024-04-19 19:38:26,496][root][INFO] - x: [ 2.24217657e-04 -7.87059170e-02  9.93148563e-01  8.28227093e-02
  1.00000000e+00]
[2024-04-19 19:38:26,496][root][INFO] - y: [-0.00787059  0.15972543  0.06590827 -0.15757464]
[2024-04-19 19:38:26,496][root][INFO] - Reward: -0.9999908643946867
[2024-04-19 19:38:26,497][root][INFO] - --------------- Start iteration i=2 ---------------
[2024-04-19 19:38:26,497][root][INFO] - Length of data.x: 3
[2024-04-19 19:38:26,497][root][INFO] - Length of data.y: 3
[2024-04-19 19:38:26,649][root][INFO] - x: [-0.00764637  0.08101952 -0.94094317 -0.07475193  0.6692882 ]
[2024-04-19 19:38:26,650][root][INFO] - y: [ 0.00810195  0.0631854  -0.05948575 -0.08021617]
[2024-04-19 19:38:26,650][root][INFO] - Reward: -0.9999900726783051
[2024-04-19 19:38:26,650][root][INFO] - --------------- Start iteration i=3 ---------------
[2024-04-19 19:38:26,650][root][INFO] - Length of data.x: 4
[2024-04-19 19:38:26,650][root][INFO] - Length of data.y: 4
[2024-04-19 19:38:26,803][root][INFO] - x: [ 4.55577535e-04  1.44204913e-01  9.99571088e-01 -1.54968102e-01
 -9.41660436e-01]
[2024-04-19 19:38:26,803][root][INFO] - y: [ 0.01442049 -0.15310095 -0.1233198   0.15323338]
[2024-04-19 19:38:26,803][root][INFO] - Reward: -0.9999925591570828
[2024-04-19 19:38:26,804][root][INFO] - --------------- Start iteration i=4 ---------------
[2024-04-19 19:38:26,804][root][INFO] - Length of data.x: 5
[2024-04-19 19:38:26,804][root][INFO] - Length of data.y: 5
[2024-04-19 19:38:26,959][root][INFO] - x: [ 0.01487607 -0.00889604  0.87625129 -0.00173472 -1.        ]
[2024-04-19 19:38:26,960][root][INFO] - y: [-0.0008896  -0.1661988  -0.00138045  0.19101915]
[2024-04-19 19:38:26,960][root][INFO] - Reward: -0.9999921223322418
[2024-04-19 19:38:26,960][root][INFO] - --------------- Start iteration i=5 ---------------
[2024-04-19 19:38:26,960][root][INFO] - Length of data.x: 6
[2024-04-19 19:38:26,960][root][INFO] - Length of data.y: 6
[2024-04-19 19:38:27,116][root][INFO] - x: [ 0.01398646 -0.17509484  0.87487084  0.18928443 -1.        ]
[2024-04-19 19:38:27,116][root][INFO] - y: [-0.01750948 -0.18256075  0.15062788  0.20625215]
[2024-04-19 19:38:27,116][root][INFO] - Reward: -0.9999902527135901
[2024-04-19 19:38:27,117][root][INFO] - --------------- Start iteration i=6 ---------------
[2024-04-19 19:38:27,117][root][INFO] - Length of data.x: 7
[2024-04-19 19:38:27,117][root][INFO] - Length of data.y: 7
[2024-04-19 19:38:27,271][root][INFO] - x: [-0.00352302 -0.3576556  -0.97450127  0.39553658  0.55528196]
[2024-04-19 19:38:27,272][root][INFO] - y: [-0.03576556  0.07334251  0.31475826 -0.0809656 ]
[2024-04-19 19:38:27,272][root][INFO] - Reward: -0.9999978973847343
[2024-04-19 19:38:27,272][root][INFO] - --------------- Start iteration i=7 ---------------
[2024-04-19 19:38:27,272][root][INFO] - Length of data.x: 8
[2024-04-19 19:38:27,272][root][INFO] - Length of data.y: 8
[2024-04-19 19:38:27,426][root][INFO] - x: [-0.03928858 -0.28431309 -0.65974301  0.31457098  0.86882218]
[2024-04-19 19:38:27,426][root][INFO] - y: [-0.02843131  0.15674775  0.25032784 -0.16149422]
[2024-04-19 19:38:27,427][root][INFO] - Reward: -0.9999992100226924
[2024-04-19 19:38:27,427][root][INFO] - --------------- Start iteration i=8 ---------------
[2024-04-19 19:38:27,427][root][INFO] - Length of data.x: 9
[2024-04-19 19:38:27,427][root][INFO] - Length of data.y: 9
[2024-04-19 19:38:27,580][root][INFO] - x: [-0.06771989 -0.12756534 -0.40941517  0.15307677  1.        ]
[2024-04-19 19:38:27,580][root][INFO] - y: [-0.01275653  0.06433884  0.12181472 -0.0761868 ]
[2024-04-19 19:38:27,580][root][INFO] - Reward: -0.9999985519086619
[2024-04-19 19:38:27,581][root][INFO] - --------------- Start iteration i=9 ---------------
[2024-04-19 19:38:27,581][root][INFO] - Length of data.x: 10
[2024-04-19 19:38:27,581][root][INFO] - Length of data.y: 10
[2024-04-19 19:38:27,736][root][INFO] - x: [-0.08047642 -0.0632265  -0.28760046  0.07688996  0.76031674]
[2024-04-19 19:38:27,736][root][INFO] - y: [-0.00632265  0.02931015  0.06118714 -0.05899877]
[2024-04-19 19:38:27,736][root][INFO] - Reward: -0.999997409641592
[2024-04-19 19:38:27,737][root][INFO] - --------------- Start iteration i=10 ---------------
[2024-04-19 19:38:27,737][root][INFO] - Length of data.x: 11
[2024-04-19 19:38:27,737][root][INFO] - Length of data.y: 11
[2024-04-19 19:38:33,637][root][INFO] - Eval Returns: [-24.05400995 -24.98602467 -24.96858165 -22.91470327 -23.75136012]
[2024-04-19 19:38:33,642][root][INFO] - Eval Returns: mean=-24.135 std=0.783
[2024-04-19 19:38:33,642][root][INFO] - Eval ndata: 11.000
[2024-04-19 19:38:33,642][root][INFO] - Model MSE (current real MPC): 0.580
[2024-04-19 19:38:34,671][root][INFO] - Model MSE (random test set): 0.188
[2024-04-19 19:38:34,671][root][INFO] - Model MSE (GT MPC): 0.048
[2024-04-19 19:38:34,671][root][INFO] - Model Likelihood (random test set): -3.792
[2024-04-19 19:38:34,671][root][INFO] - Model Likelihood (GT MPC): -3.717
[2024-04-19 19:38:34,671][root][INFO] - *[TIME] [Evaluate the current MPC policy] Elapsed: 6.78 seconds
[2024-04-19 19:38:36,325][root][INFO] - x: [-0.08679907 -0.03391635 -0.22641332  0.01789119 -1.        ]
[2024-04-19 19:38:36,326][root][INFO] - y: [-0.00339163 -0.08623139  0.01423737 -0.12942827]
[2024-04-19 19:38:36,326][root][INFO] - Reward: -0.9999979420758847
[2024-04-19 19:38:37,542][root][INFO] - --------------- Start iteration i=11 ---------------
[2024-04-19 19:38:37,542][root][INFO] - Length of data.x: 12
[2024-04-19 19:38:37,542][root][INFO] - Length of data.y: 12
[2024-04-19 19:38:37,701][root][INFO] - x: [-0.09019071 -0.12014774 -0.21217595 -0.11153708  1.        ]
[2024-04-19 19:38:37,701][root][INFO] - y: [-0.01201477  0.05273281 -0.08875846 -0.01927124]
[2024-04-19 19:38:37,701][root][INFO] - Reward: -0.9999999924336853
[2024-04-19 19:38:37,702][root][INFO] - --------------- Start iteration i=12 ---------------
[2024-04-19 19:38:37,702][root][INFO] - Length of data.x: 13
[2024-04-19 19:38:37,702][root][INFO] - Length of data.y: 13
[2024-04-19 19:38:38,011][root][INFO] - x: [-0.10220548 -0.06741493 -0.30093441 -0.13080832  0.23428584]
[2024-04-19 19:38:38,011][root][INFO] - y: [-0.00674149  0.00908354 -0.10409404 -0.07429694]
[2024-04-19 19:38:38,011][root][INFO] - Reward: -0.9999999999413358
[2024-04-19 19:38:38,012][root][INFO] - --------------- Start iteration i=13 ---------------
[2024-04-19 19:38:38,012][root][INFO] - Length of data.x: 14
[2024-04-19 19:38:38,012][root][INFO] - Length of data.y: 14
[2024-04-19 19:38:38,166][root][INFO] - x: [-0.10894697 -0.05833138 -0.40502844 -0.20510526  0.2585561 ]
[2024-04-19 19:38:38,167][root][INFO] - y: [-0.00583314  0.04222929 -0.16321771 -0.08144787]
[2024-04-19 19:38:38,167][root][INFO] - Reward: -0.9999999999994835
[2024-04-19 19:38:38,167][root][INFO] - --------------- Start iteration i=14 ---------------
[2024-04-19 19:38:38,167][root][INFO] - Length of data.x: 15
[2024-04-19 19:38:38,167][root][INFO] - Length of data.y: 15
[2024-04-19 19:38:38,323][root][INFO] - x: [-0.11478011 -0.01610209 -0.56824615 -0.28655313  1.        ]
[2024-04-19 19:38:38,323][root][INFO] - y: [-0.00161021  0.13533199 -0.22803192 -0.12474505]
[2024-04-19 19:38:38,323][root][INFO] - Reward: -0.9999999999992284
[2024-04-19 19:38:38,324][root][INFO] - --------------- Start iteration i=15 ---------------
[2024-04-19 19:38:38,324][root][INFO] - Length of data.x: 16
[2024-04-19 19:38:38,324][root][INFO] - Length of data.y: 16
[2024-04-19 19:38:38,481][root][INFO] - x: [-0.11639032  0.1192299  -0.79627807 -0.41129818 -0.45494929]
[2024-04-19 19:38:38,482][root][INFO] - y: [ 0.01192299  0.11652487 -0.32730096 -0.15210882]
[2024-04-19 19:38:38,482][root][INFO] - Reward: -0.9999998903054391
[2024-04-19 19:38:38,482][root][INFO] - --------------- Start iteration i=16 ---------------
[2024-04-19 19:38:38,482][root][INFO] - Length of data.x: 17
[2024-04-19 19:38:38,482][root][INFO] - Length of data.y: 17
[2024-04-19 19:38:38,640][root][INFO] - x: [-0.10446733  0.23575477  0.87642097 -0.563407   -0.75134755]
[2024-04-19 19:38:38,640][root][INFO] - y: [ 0.02357548 -0.24380786 -0.44834541  0.26283748]
[2024-04-19 19:38:38,640][root][INFO] - Reward: -0.8818860811684744
[2024-04-19 19:38:38,641][root][INFO] - --------------- Start iteration i=17 ---------------
[2024-04-19 19:38:38,641][root][INFO] - Length of data.x: 18
[2024-04-19 19:38:38,641][root][INFO] - Length of data.y: 18
[2024-04-19 19:38:38,798][root][INFO] - x: [-0.08089185 -0.00805309  0.42807556 -0.30056952  0.20823429]
[2024-04-19 19:38:38,798][root][INFO] - y: [-0.00080531 -0.06523783 -0.23918582  0.08108783]
[2024-04-19 19:38:38,798][root][INFO] - Reward: -0.8560901139115308
[2024-04-19 19:38:38,799][root][INFO] - --------------- Start iteration i=18 ---------------
[2024-04-19 19:38:38,799][root][INFO] - Length of data.x: 19
[2024-04-19 19:38:38,799][root][INFO] - Length of data.y: 19
[2024-04-19 19:38:38,956][root][INFO] - x: [-0.08169716 -0.07329092  0.18888974 -0.21948169  0.91982032]
[2024-04-19 19:38:38,956][root][INFO] - y: [-0.00732909  0.05192463 -0.17465812  0.09796033]
[2024-04-19 19:38:38,956][root][INFO] - Reward: -0.9974311792616883
[2024-04-19 19:38:38,957][root][INFO] - --------------- Start iteration i=19 ---------------
[2024-04-19 19:38:38,957][root][INFO] - Length of data.x: 20
[2024-04-19 19:38:38,957][root][INFO] - Length of data.y: 20
[2024-04-19 19:38:39,115][root][INFO] - x: [-0.08902625 -0.02136629  0.01423162 -0.12152137  0.80594181]
[2024-04-19 19:38:39,115][root][INFO] - y: [-0.00213663  0.0663784  -0.09670371  0.07070111]
[2024-04-19 19:38:39,115][root][INFO] - Reward: -0.9998864194842281
[2024-04-19 19:38:39,116][root][INFO] - --------------- Start iteration i=20 ---------------
[2024-04-19 19:38:39,116][root][INFO] - Length of data.x: 21
[2024-04-19 19:38:39,116][root][INFO] - Length of data.y: 21
[2024-04-19 19:38:45,527][root][INFO] - Eval Returns: [-19.91186341 -22.33915454 -18.52851185 -19.2618718  -23.8560998 ]
[2024-04-19 19:38:45,531][root][INFO] - Eval Returns: mean=-20.780 std=2.001
[2024-04-19 19:38:45,532][root][INFO] - Eval ndata: 21.000
[2024-04-19 19:38:45,532][root][INFO] - Model MSE (current real MPC): 0.433
[2024-04-19 19:38:46,538][root][INFO] - Model MSE (random test set): 0.130
[2024-04-19 19:38:46,538][root][INFO] - Model MSE (GT MPC): 0.028
[2024-04-19 19:38:46,538][root][INFO] - Model Likelihood (random test set): -3.883
[2024-04-19 19:38:46,538][root][INFO] - Model Likelihood (GT MPC): -3.744
[2024-04-19 19:38:46,538][root][INFO] - *[TIME] [Evaluate the current MPC policy] Elapsed: 7.26 seconds
[2024-04-19 19:38:48,347][root][INFO] - x: [-0.09116288  0.04501211 -0.08247209 -0.05082025  0.30093165]
[2024-04-19 19:38:48,347][root][INFO] - y: [ 0.00450121  0.00938553 -0.0404415  -0.01608701]
[2024-04-19 19:38:48,347][root][INFO] - Reward: -0.9999299013793583
[2024-04-19 19:38:49,077][root][INFO] - --------------- Start iteration i=21 ---------------
[2024-04-19 19:38:49,077][root][INFO] - Length of data.x: 22
[2024-04-19 19:38:49,077][root][INFO] - Length of data.y: 22
[2024-04-19 19:38:49,252][root][INFO] - x: [-0.08666167  0.05439764 -0.12291359 -0.06690726  0.51563639]
[2024-04-19 19:38:49,252][root][INFO] - y: [ 0.00543976  0.02059986 -0.05324315 -0.01790096]
[2024-04-19 19:38:49,252][root][INFO] - Reward: -0.9999641285526596
[2024-04-19 19:38:49,253][root][INFO] - --------------- Start iteration i=22 ---------------
[2024-04-19 19:38:49,253][root][INFO] - Length of data.x: 23
[2024-04-19 19:38:49,253][root][INFO] - Length of data.y: 23
[2024-04-19 19:38:49,429][root][INFO] - x: [-0.08122191  0.0749975  -0.17615674 -0.08480822 -0.20296261]
[2024-04-19 19:38:49,429][root][INFO] - y: [ 0.00749975 -0.03269321 -0.06748829 -0.07942655]
[2024-04-19 19:38:49,429][root][INFO] - Reward: -0.999980750972824
[2024-04-19 19:38:49,430][root][INFO] - --------------- Start iteration i=23 ---------------
[2024-04-19 19:38:49,430][root][INFO] - Length of data.x: 24
[2024-04-19 19:38:49,430][root][INFO] - Length of data.y: 24
[2024-04-19 19:38:49,601][root][INFO] - x: [-0.07372216  0.04230428 -0.24364504 -0.16423477  0.72084786]
[2024-04-19 19:38:49,601][root][INFO] - y: [ 0.00423043  0.04315668 -0.13069398 -0.03691826]
[2024-04-19 19:38:49,601][root][INFO] - Reward: -0.999998716662868
[2024-04-19 19:38:49,602][root][INFO] - --------------- Start iteration i=24 ---------------
[2024-04-19 19:38:49,602][root][INFO] - Length of data.x: 25
[2024-04-19 19:38:49,602][root][INFO] - Length of data.y: 25
[2024-04-19 19:38:49,784][root][INFO] - x: [-0.06949173  0.08546096 -0.37433902 -0.20115303  0.48808345]
[2024-04-19 19:38:49,784][root][INFO] - y: [ 0.0085461   0.04816345 -0.16007263 -0.07212295]
[2024-04-19 19:38:49,784][root][INFO] - Reward: -0.9999997418176844
[2024-04-19 19:38:49,785][root][INFO] - Explore episode complete with return -24.735103860440617, resetting
[2024-04-19 19:38:49,785][root][INFO] - Exploration Episode Rewards: [-0.9999900622406592, -0.9999908643946867, -0.9999900726783051, -0.9999925591570828, -0.9999921223322418, -0.9999902527135901, -0.9999978973847343, -0.9999992100226924, -0.9999985519086619, -0.999997409641592, -0.9999979420758847, -0.9999999924336853, -0.9999999999413358, -0.9999999999994835, -0.9999999999992284, -0.9999998903054391, -0.8818860811684744, -0.8560901139115308, -0.9974311792616883, -0.9998864194842281, -0.9999299013793583, -0.9999641285526596, -0.999980750972824, -0.999998716662868, -0.9999997418176844]
[2024-04-19 19:38:49,786][root][INFO] - --------------- Start iteration i=25 ---------------
[2024-04-19 19:38:49,786][root][INFO] - Length of data.x: 26
[2024-04-19 19:38:49,786][root][INFO] - Length of data.y: 26
[2024-04-19 19:38:49,960][root][INFO] - x: [-3.76876961e-04 -2.77012163e-03  9.97514287e-01 -9.38802170e-04
  9.97935480e-01]
[2024-04-19 19:38:49,960][root][INFO] - y: [-0.00027701  0.079416   -0.00074708 -0.07864648]
[2024-04-19 19:38:49,960][root][INFO] - Reward: -0.9999900646074328
[2024-04-19 19:38:49,961][root][INFO] - --------------- Start iteration i=26 ---------------
[2024-04-19 19:38:49,961][root][INFO] - Length of data.x: 27
[2024-04-19 19:38:49,961][root][INFO] - Length of data.y: 27
[2024-04-19 19:38:50,133][root][INFO] - x: [-6.53889124e-04  7.66458785e-02  9.96767211e-01 -7.95852853e-02
 -2.20993508e-02]
[2024-04-19 19:38:50,133][root][INFO] - y: [ 0.00766459 -0.00368907 -0.06333201  0.00468644]
[2024-04-19 19:38:50,133][root][INFO] - Reward: -0.9999905882467596
[2024-04-19 19:38:50,134][root][INFO] - --------------- Start iteration i=27 ---------------
[2024-04-19 19:38:50,134][root][INFO] - Length of data.x: 28
[2024-04-19 19:38:50,134][root][INFO] - Length of data.y: 28
[2024-04-19 19:38:50,309][root][INFO] - x: [ 0.0070107   0.07295681  0.9334352  -0.07489884 -0.28429256]
[2024-04-19 19:38:50,310][root][INFO] - y: [ 0.00729568 -0.05884473 -0.05960265  0.07794913]
[2024-04-19 19:38:50,310][root][INFO] - Reward: -0.9999922467167188
[2024-04-19 19:38:50,311][root][INFO] - --------------- Start iteration i=28 ---------------
[2024-04-19 19:38:50,311][root][INFO] - Length of data.x: 29
[2024-04-19 19:38:50,311][root][INFO] - Length of data.y: 29
[2024-04-19 19:38:50,474][root][INFO] - x: [0.01430638 0.01411208 0.87383255 0.00305029 0.15958154]
[2024-04-19 19:38:50,474][root][INFO] - y: [0.00141121 0.00396369 0.00242734 0.03425583]
[2024-04-19 19:38:50,474][root][INFO] - Reward: -0.9999929308172404
[2024-04-19 19:38:50,475][root][INFO] - --------------- Start iteration i=29 ---------------
[2024-04-19 19:38:50,475][root][INFO] - Length of data.x: 30
[2024-04-19 19:38:50,475][root][INFO] - Length of data.y: 30
[2024-04-19 19:38:50,638][root][INFO] - x: [0.01571759 0.01807577 0.87625989 0.03730611 0.17855351]
[2024-04-19 19:38:50,639][root][INFO] - y: [0.00180758 0.0062808  0.02968729 0.03140816]
[2024-04-19 19:38:50,639][root][INFO] - Reward: -0.9999938925364935
[2024-04-19 19:38:50,640][root][INFO] - --------------- Start iteration i=30 ---------------
[2024-04-19 19:38:50,640][root][INFO] - Length of data.x: 31
[2024-04-19 19:38:50,640][root][INFO] - Length of data.y: 31
[2024-04-19 19:38:56,655][root][INFO] - *[TIME] [Evaluate the current MPC policy] Elapsed: 5.85 seconds
