[2024-04-23 22:41:40,906][root][INFO] - Dumper dumping to /tirl/experiments/mpc_cartpole_2024-04-23/22-41-36/seed_4
[2024-04-23 22:41:40,911][root][INFO] - Start obs: None
[2024-04-23 22:41:56,556][root][INFO] - GT Returns: [-11.70527341 -10.96849334 -10.97658542 -11.90409726 -11.94614686]
[2024-04-23 22:41:56,556][root][INFO] - GT Returns: mean=-11.500 std=0.438
[2024-04-23 22:41:56,556][root][INFO] - Path Lengths: [36345, 36345, 36345, 36345, 36345]
[2024-04-23 22:41:56,556][root][INFO] - Path Lengths: mean=36345.000 std=0.000
[2024-04-23 22:41:56,611][root][INFO] - all_x.shape = (181725, 5)
[2024-04-23 22:41:56,616][root][INFO] - all_x.min(axis=0) = [-0.94069567 -1.46374739 -0.99999246 -0.85842774 -1.        ]
[2024-04-23 22:41:56,621][root][INFO] - all_x.max(axis=0) = [0.91743302 1.3961215  0.99997786 0.90402849 1.        ]
[2024-04-23 22:41:56,624][root][INFO] - all_x.mean(axis=0) = [-0.00698719 -0.00349963  0.02208631  0.05024533  0.00307497]
[2024-04-23 22:41:56,632][root][INFO] - all_x.var(axis=0) = [0.01137594 0.05022586 0.25010697 0.08655194 0.20981295]
[2024-04-23 22:41:56,669][root][INFO] - --------------- Start iteration i=0 ---------------
[2024-04-23 22:41:56,669][root][INFO] - Length of data.x: 1
[2024-04-23 22:41:56,669][root][INFO] - Length of data.y: 1
[2024-04-23 22:42:01,993][root][INFO] - Eval Returns: [-24.99998333 -24.99997546 -24.9999805  -24.99998072 -24.99998324]
[2024-04-23 22:42:01,999][root][INFO] - Eval Returns: mean=-25.000 std=0.000
[2024-04-23 22:42:01,999][root][INFO] - Eval ndata: 1.000
[2024-04-23 22:42:01,999][root][INFO] - Model MSE (current real MPC): 0.612
[2024-04-23 22:42:03,097][root][INFO] - Model MSE (random test set): 0.497
[2024-04-23 22:42:03,097][root][INFO] - Model MSE (GT MPC): 0.172
[2024-04-23 22:42:03,097][root][INFO] - Model Likelihood (random test set): -4.163
[2024-04-23 22:42:03,097][root][INFO] - Model Likelihood (GT MPC): -3.967
[2024-04-23 22:42:03,097][root][INFO] - *[TIME] [Evaluate the current MPC policy] Elapsed: 6.31 seconds
[2024-04-23 22:42:05,886][root][INFO] - x: [ 2.11069508e-03 -4.79818846e-04 -9.99184752e-01  4.80637158e-04
 -1.00000000e+00]
[2024-04-23 22:42:05,886][root][INFO] - y: [-4.79818846e-05 -1.59840638e-01  3.82479206e-04  1.59588357e-01]
[2024-04-23 22:42:05,887][root][INFO] - Reward: -0.9999900964511158
[2024-04-23 22:42:08,881][root][INFO] - --------------- Start iteration i=1 ---------------
[2024-04-23 22:42:08,882][root][INFO] - Length of data.x: 2
[2024-04-23 22:42:08,882][root][INFO] - Length of data.y: 2
[2024-04-23 22:42:08,987][root][INFO] - x: [ 0.00206271 -0.16032046 -0.99880227  0.16006899 -1.        ]
[2024-04-23 22:42:08,987][root][INFO] - y: [-0.01603205 -0.15706697  0.12737896  0.15669611]
[2024-04-23 22:42:08,988][root][INFO] - Reward: -0.9999920285408983
[2024-04-23 22:42:08,988][root][INFO] - --------------- Start iteration i=2 ---------------
[2024-04-23 22:42:08,988][root][INFO] - Length of data.x: 3
[2024-04-23 22:42:08,988][root][INFO] - Length of data.y: 3
[2024-04-23 22:42:09,091][root][INFO] - x: [-0.01396933 -0.31738743 -0.87142331  0.3167651  -0.67619846]
[2024-04-23 22:42:09,091][root][INFO] - y: [-0.03173874 -0.02074001  0.25207386 -0.01952589]
[2024-04-23 22:42:09,091][root][INFO] - Reward: -0.9999987888657929
[2024-04-23 22:42:09,092][root][INFO] - --------------- Start iteration i=3 ---------------
[2024-04-23 22:42:09,092][root][INFO] - Length of data.x: 4
[2024-04-23 22:42:09,092][root][INFO] - Length of data.y: 4
[2024-04-23 22:42:09,200][root][INFO] - x: [-0.04570808 -0.33812744 -0.61934945  0.29723922 -1.        ]
[2024-04-23 22:42:09,200][root][INFO] - y: [-0.03381274 -0.00736508  0.23653564 -0.08868054]
[2024-04-23 22:42:09,200][root][INFO] - Reward: -0.9999998716294014
[2024-04-23 22:42:09,201][root][INFO] - --------------- Start iteration i=4 ---------------
[2024-04-23 22:42:09,201][root][INFO] - Length of data.x: 5
[2024-04-23 22:42:09,201][root][INFO] - Length of data.y: 5
[2024-04-23 22:42:09,307][root][INFO] - x: [-0.07952082 -0.34549253 -0.3828138   0.20855867  1.        ]
[2024-04-23 22:42:09,307][root][INFO] - y: [-0.03454925  0.13572816  0.16596585 -0.04277251]
[2024-04-23 22:42:09,308][root][INFO] - Reward: -0.9999999915714779
[2024-04-23 22:42:09,308][root][INFO] - --------------- Start iteration i=5 ---------------
[2024-04-23 22:42:09,308][root][INFO] - Length of data.x: 6
[2024-04-23 22:42:09,308][root][INFO] - Length of data.y: 6
[2024-04-23 22:42:09,417][root][INFO] - x: [-0.11407007 -0.20976437 -0.21684795  0.16578617  1.        ]
[2024-04-23 22:42:09,417][root][INFO] - y: [-0.02097644  0.12964601  0.13192854  0.03886476]
[2024-04-23 22:42:09,417][root][INFO] - Reward: -0.9999999876747521
[2024-04-23 22:42:09,418][root][INFO] - --------------- Start iteration i=6 ---------------
[2024-04-23 22:42:09,418][root][INFO] - Length of data.x: 7
[2024-04-23 22:42:09,418][root][INFO] - Length of data.y: 7
[2024-04-23 22:42:09,522][root][INFO] - x: [-0.13504651 -0.08011836 -0.08491941  0.20465093  0.85231857]
[2024-04-23 22:42:09,522][root][INFO] - y: [-0.00801184  0.13365777  0.16285616  0.10304119]
[2024-04-23 22:42:09,522][root][INFO] - Reward: -0.9999981773770847
[2024-04-23 22:42:09,523][root][INFO] - --------------- Start iteration i=7 ---------------
[2024-04-23 22:42:09,523][root][INFO] - Length of data.x: 8
[2024-04-23 22:42:09,523][root][INFO] - Length of data.y: 8
[2024-04-23 22:42:09,629][root][INFO] - x: [-0.14305835  0.05353941  0.07793676  0.30769212 -1.        ]
[2024-04-23 22:42:09,629][root][INFO] - y: [ 0.00535394 -0.17524599  0.24485381 -0.14621495]
[2024-04-23 22:42:09,629][root][INFO] - Reward: -0.9987227293044072
[2024-04-23 22:42:09,630][root][INFO] - --------------- Start iteration i=8 ---------------
[2024-04-23 22:42:09,630][root][INFO] - Length of data.x: 9
[2024-04-23 22:42:09,630][root][INFO] - Length of data.y: 9
[2024-04-23 22:42:09,741][root][INFO] - x: [-0.13770441 -0.12170659  0.32279057  0.16147717 -1.        ]
[2024-04-23 22:42:09,741][root][INFO] - y: [-0.01217066 -0.11506433  0.12849955  0.0225705 ]
[2024-04-23 22:42:09,742][root][INFO] - Reward: -0.9998217199659736
[2024-04-23 22:42:09,742][root][INFO] - --------------- Start iteration i=9 ---------------
[2024-04-23 22:42:09,742][root][INFO] - Length of data.x: 10
[2024-04-23 22:42:09,742][root][INFO] - Length of data.y: 10
[2024-04-23 22:42:09,852][root][INFO] - x: [-0.14987506 -0.23677092  0.45129011  0.18404767 -0.96390305]
[2024-04-23 22:42:09,853][root][INFO] - y: [-0.02367709 -0.12091381  0.1464606   0.07862141]
[2024-04-23 22:42:09,853][root][INFO] - Reward: -0.9999998504901992
[2024-04-23 22:42:09,853][root][INFO] - --------------- Start iteration i=10 ---------------
[2024-04-23 22:42:09,853][root][INFO] - Length of data.x: 11
[2024-04-23 22:42:09,853][root][INFO] - Length of data.y: 11
[2024-04-23 22:42:15,862][root][INFO] - Eval Returns: [-24.99991953 -24.99921074 -23.68878671 -24.99991283 -24.99966276]
[2024-04-23 22:42:15,867][root][INFO] - Eval Returns: mean=-24.737 std=0.524
[2024-04-23 22:42:15,867][root][INFO] - Eval ndata: 11.000
[2024-04-23 22:42:15,867][root][INFO] - Model MSE (current real MPC): 0.808
[2024-04-23 22:42:17,005][root][INFO] - Model MSE (random test set): 0.409
[2024-04-23 22:42:17,005][root][INFO] - Model MSE (GT MPC): 0.088
[2024-04-23 22:42:17,005][root][INFO] - Model Likelihood (random test set): -3.913
[2024-04-23 22:42:17,006][root][INFO] - Model Likelihood (GT MPC): -3.782
[2024-04-23 22:42:17,006][root][INFO] - *[TIME] [Evaluate the current MPC policy] Elapsed: 7.04 seconds
[2024-04-23 22:42:22,059][root][INFO] - x: [-0.17355216 -0.35768473  0.59775071  0.26266907 -0.59114352]
[2024-04-23 22:42:22,059][root][INFO] - y: [-0.03576847 -0.13234009  0.20902557  0.13361063]
[2024-04-23 22:42:22,059][root][INFO] - Reward: -0.9999999999999984
[2024-04-23 22:42:25,336][root][INFO] - --------------- Start iteration i=11 ---------------
[2024-04-23 22:42:25,336][root][INFO] - Length of data.x: 12
[2024-04-23 22:42:25,336][root][INFO] - Length of data.y: 12
[2024-04-23 22:42:25,469][root][INFO] - x: [-0.20932063 -0.49002482  0.80677629  0.39627971  0.55185738]
[2024-04-23 22:42:25,469][root][INFO] - y: [-0.04900248 -0.05508262  0.31534963  0.10125827]
[2024-04-23 22:42:25,470][root][INFO] - Reward: -1.0
[2024-04-23 22:42:25,470][root][INFO] - --------------- Start iteration i=12 ---------------
[2024-04-23 22:42:25,470][root][INFO] - Length of data.x: 13
[2024-04-23 22:42:25,470][root][INFO] - Length of data.y: 13
[2024-04-23 22:42:25,579][root][INFO] - x: [-0.25832311 -0.54510744 -0.87787409  0.49753798  0.57610617]
[2024-04-23 22:42:25,579][root][INFO] - y: [-0.05451074  0.24015418  0.39592846 -0.25945311]
[2024-04-23 22:42:25,579][root][INFO] - Reward: -1.0
[2024-04-23 22:42:25,580][root][INFO] - --------------- Start iteration i=13 ---------------
[2024-04-23 22:42:25,580][root][INFO] - Length of data.x: 14
[2024-04-23 22:42:25,580][root][INFO] - Length of data.y: 14
[2024-04-23 22:42:25,691][root][INFO] - x: [-0.31283386 -0.30495326 -0.48194562  0.23808487 -0.38098235]
[2024-04-23 22:42:25,691][root][INFO] - y: [-0.03049533  0.01594242  0.18946207 -0.0971383 ]
[2024-04-23 22:42:25,692][root][INFO] - Reward: -1.0
[2024-04-23 22:42:25,692][root][INFO] - --------------- Start iteration i=14 ---------------
[2024-04-23 22:42:25,692][root][INFO] - Length of data.x: 15
[2024-04-23 22:42:25,692][root][INFO] - Length of data.y: 15
[2024-04-23 22:42:25,803][root][INFO] - x: [-0.34332918 -0.28901084 -0.29248355  0.14094657 -1.        ]
[2024-04-23 22:42:25,804][root][INFO] - y: [-0.02890108 -0.11609116  0.11216181 -0.14849571]
[2024-04-23 22:42:25,804][root][INFO] - Reward: -1.0
[2024-04-23 22:42:25,804][root][INFO] - --------------- Start iteration i=15 ---------------
[2024-04-23 22:42:25,804][root][INFO] - Length of data.x: 16
[2024-04-23 22:42:25,804][root][INFO] - Length of data.y: 16
[2024-04-23 22:42:25,916][root][INFO] - x: [-0.37223027 -0.405102   -0.18032174 -0.00754913 -0.20941516]
[2024-04-23 22:42:25,916][root][INFO] - y: [-0.0405102  -0.04575352 -0.00600741 -0.09130812]
[2024-04-23 22:42:25,916][root][INFO] - Reward: -1.0
[2024-04-23 22:42:25,917][root][INFO] - --------------- Start iteration i=16 ---------------
[2024-04-23 22:42:25,917][root][INFO] - Length of data.x: 17
[2024-04-23 22:42:25,917][root][INFO] - Length of data.y: 17
[2024-04-23 22:42:26,029][root][INFO] - x: [-0.41274047 -0.45085552 -0.18632915 -0.09885725  0.85206764]
[2024-04-23 22:42:26,029][root][INFO] - y: [-0.04508555  0.10523523 -0.07866816  0.03345813]
[2024-04-23 22:42:26,030][root][INFO] - Reward: -1.0
[2024-04-23 22:42:26,030][root][INFO] - --------------- Start iteration i=17 ---------------
[2024-04-23 22:42:26,030][root][INFO] - Length of data.x: 18
[2024-04-23 22:42:26,030][root][INFO] - Length of data.y: 18
[2024-04-23 22:42:26,142][root][INFO] - x: [-0.45782602 -0.34562029 -0.26499732 -0.06539912  0.38565237]
[2024-04-23 22:42:26,142][root][INFO] - y: [-0.03456203  0.03211056 -0.05204301 -0.05102015]
[2024-04-23 22:42:26,143][root][INFO] - Reward: -1.0
[2024-04-23 22:42:26,143][root][INFO] - --------------- Start iteration i=18 ---------------
[2024-04-23 22:42:26,143][root][INFO] - Length of data.x: 19
[2024-04-23 22:42:26,143][root][INFO] - Length of data.y: 19
[2024-04-23 22:42:26,255][root][INFO] - x: [-0.49238805 -0.31350973 -0.31704033 -0.11641927 -0.3921917 ]
[2024-04-23 22:42:26,255][root][INFO] - y: [-0.03135097 -0.04748563 -0.09264359 -0.10823593]
[2024-04-23 22:42:26,256][root][INFO] - Reward: -1.0
[2024-04-23 22:42:26,256][root][INFO] - --------------- Start iteration i=19 ---------------
[2024-04-23 22:42:26,256][root][INFO] - Length of data.x: 20
[2024-04-23 22:42:26,256][root][INFO] - Length of data.y: 20
[2024-04-23 22:42:26,369][root][INFO] - x: [-0.52373902 -0.36099537 -0.40968391 -0.2246552   0.42174002]
[2024-04-23 22:42:26,369][root][INFO] - y: [-0.03609954  0.08377283 -0.17877507 -0.07082173]
[2024-04-23 22:42:26,369][root][INFO] - Reward: -1.0
[2024-04-23 22:42:26,370][root][INFO] - --------------- Start iteration i=20 ---------------
[2024-04-23 22:42:26,370][root][INFO] - Length of data.x: 21
[2024-04-23 22:42:26,370][root][INFO] - Length of data.y: 21
[2024-04-23 22:42:32,730][root][INFO] - Eval Returns: [-21.69813969 -21.35202528 -17.03021787 -23.05551707 -16.67937214]
[2024-04-23 22:42:32,736][root][INFO] - Eval Returns: mean=-19.963 std=2.603
[2024-04-23 22:42:32,736][root][INFO] - Eval ndata: 21.000
[2024-04-23 22:42:32,736][root][INFO] - Model MSE (current real MPC): 0.625
[2024-04-23 22:42:33,820][root][INFO] - Model MSE (random test set): 0.211
[2024-04-23 22:42:33,820][root][INFO] - Model MSE (GT MPC): 0.031
[2024-04-23 22:42:33,820][root][INFO] - Model Likelihood (random test set): -3.833
[2024-04-23 22:42:33,820][root][INFO] - Model Likelihood (GT MPC): -3.731
[2024-04-23 22:42:33,821][root][INFO] - *[TIME] [Evaluate the current MPC policy] Elapsed: 7.33 seconds
[2024-04-23 22:42:38,508][root][INFO] - x: [-0.55983856 -0.27722253 -0.58845899 -0.29547693  0.95364139]
[2024-04-23 22:42:38,508][root][INFO] - y: [-0.02772225  0.1919791  -0.23513326 -0.14709946]
[2024-04-23 22:42:38,508][root][INFO] - Reward: -1.0
[2024-04-23 22:42:40,712][root][INFO] - --------------- Start iteration i=21 ---------------
[2024-04-23 22:42:40,712][root][INFO] - Length of data.x: 22
[2024-04-23 22:42:40,712][root][INFO] - Length of data.y: 22
[2024-04-23 22:42:40,828][root][INFO] - x: [-0.58756081 -0.08524343 -0.82359224 -0.44257638  0.65149065]
[2024-04-23 22:42:40,828][root][INFO] - y: [-0.00852434  0.24575366 -0.35219138 -0.26064857]
[2024-04-23 22:42:40,828][root][INFO] - Reward: -1.0
[2024-04-23 22:42:40,829][root][INFO] - --------------- Start iteration i=22 ---------------
[2024-04-23 22:42:40,829][root][INFO] - Length of data.x: 23
[2024-04-23 22:42:40,829][root][INFO] - Length of data.y: 23
[2024-04-23 22:42:40,940][root][INFO] - x: [-0.59608515  0.16051023  0.82421638 -0.70322495 -0.19845095]
[2024-04-23 22:42:40,940][root][INFO] - y: [ 0.01605102 -0.3860329  -0.55960909  0.38016469]
[2024-04-23 22:42:40,940][root][INFO] - Reward: -1.0
[2024-04-23 22:42:40,940][root][INFO] - --------------- Start iteration i=23 ---------------
[2024-04-23 22:42:40,941][root][INFO] - Length of data.x: 24
[2024-04-23 22:42:40,941][root][INFO] - Length of data.y: 24
[2024-04-23 22:42:41,050][root][INFO] - x: [-0.58003413 -0.22552267  0.26460729 -0.32306027  0.77432429]
[2024-04-23 22:42:41,050][root][INFO] - y: [-0.02255227  0.03101763 -0.2570834   0.09345369]
[2024-04-23 22:42:41,050][root][INFO] - Reward: -1.0
[2024-04-23 22:42:41,051][root][INFO] - --------------- Start iteration i=24 ---------------
[2024-04-23 22:42:41,051][root][INFO] - Length of data.x: 25
[2024-04-23 22:42:41,051][root][INFO] - Length of data.y: 25
[2024-04-23 22:42:41,162][root][INFO] - x: [-0.6025864  -0.19450504  0.00752389 -0.22960657  0.12993798]
[2024-04-23 22:42:41,162][root][INFO] - y: [-0.0194505   0.02341747 -0.18271525  0.02573187]
[2024-04-23 22:42:41,162][root][INFO] - Reward: -1.0
[2024-04-23 22:42:41,162][root][INFO] - Explore episode complete with return -24.998523241871098, resetting
[2024-04-23 22:42:41,163][root][INFO] - Exploration Episode Rewards: [-0.9999900964511158, -0.9999920285408983, -0.9999987888657929, -0.9999998716294014, -0.9999999915714779, -0.9999999876747521, -0.9999981773770847, -0.9987227293044072, -0.9998217199659736, -0.9999998504901992, -0.9999999999999984, -1.0, -1.0, -1.0, -1.0, -1.0, -1.0, -1.0, -1.0, -1.0, -1.0, -1.0, -1.0, -1.0, -1.0]
[2024-04-23 22:42:41,163][root][INFO] - --------------- Start iteration i=25 ---------------
[2024-04-23 22:42:41,163][root][INFO] - Length of data.x: 26
[2024-04-23 22:42:41,163][root][INFO] - Length of data.y: 26
[2024-04-23 22:42:41,277][root][INFO] - x: [ 1.38236654e-03  1.26484513e-03  9.90327909e-01  3.82957922e-04
 -7.01402682e-01]
[2024-04-23 22:42:41,277][root][INFO] - y: [ 0.00012648 -0.11397092  0.00030475  0.11690197]
[2024-04-23 22:42:41,277][root][INFO] - Reward: -0.9999901060721258
[2024-04-23 22:42:41,278][root][INFO] - --------------- Start iteration i=26 ---------------
[2024-04-23 22:42:41,278][root][INFO] - Length of data.x: 27
[2024-04-23 22:42:41,278][root][INFO] - Length of data.y: 27
[2024-04-23 22:42:41,392][root][INFO] - x: [ 0.00150885 -0.11270608  0.99063266  0.11728493 -0.04959991]
[2024-04-23 22:42:41,392][root][INFO] - y: [-0.01127061 -0.00846853  0.09333246  0.01135456]
[2024-04-23 22:42:41,392][root][INFO] - Reward: -0.9999912050941391
[2024-04-23 22:42:41,393][root][INFO] - --------------- Start iteration i=27 ---------------
[2024-04-23 22:42:41,393][root][INFO] - Length of data.x: 28
[2024-04-23 22:42:41,393][root][INFO] - Length of data.y: 28
[2024-04-23 22:42:41,508][root][INFO] - x: [-0.00976176 -0.12117461 -0.91603489  0.12863949  0.75412351]
[2024-04-23 22:42:41,508][root][INFO] - y: [-0.01211746  0.13826213  0.10236814 -0.15908405]
[2024-04-23 22:42:41,508][root][INFO] - Reward: -0.9999944650767165
[2024-04-23 22:42:41,509][root][INFO] - --------------- Start iteration i=28 ---------------
[2024-04-23 22:42:41,509][root][INFO] - Length of data.x: 29
[2024-04-23 22:42:41,509][root][INFO] - Length of data.y: 29
[2024-04-23 22:42:41,626][root][INFO] - x: [-0.02187922  0.01708752 -0.81366675 -0.03044456  0.58644326]
[2024-04-23 22:42:41,626][root][INFO] - y: [ 0.00170875  0.10265653 -0.02422703 -0.13982166]
[2024-04-23 22:42:41,627][root][INFO] - Reward: -0.9999942054273779
[2024-04-23 22:42:41,627][root][INFO] - --------------- Start iteration i=29 ---------------
[2024-04-23 22:42:41,627][root][INFO] - Length of data.x: 30
[2024-04-23 22:42:41,627][root][INFO] - Length of data.y: 30
[2024-04-23 22:42:41,747][root][INFO] - x: [-0.02017047  0.11974405 -0.83789378 -0.17026622  0.21436929]
[2024-04-23 22:42:41,747][root][INFO] - y: [ 0.0119744   0.06884632 -0.13549367 -0.10798639]
[2024-04-23 22:42:41,747][root][INFO] - Reward: -0.9999910093737773
[2024-04-23 22:42:41,748][root][INFO] - --------------- Start iteration i=30 ---------------
[2024-04-23 22:42:41,748][root][INFO] - Length of data.x: 31
[2024-04-23 22:42:41,748][root][INFO] - Length of data.y: 31
[2024-04-23 22:42:48,825][root][INFO] - Eval Returns: [-12.6463197  -22.20868921 -17.8785913  -23.17044877 -23.84151129]
[2024-04-23 22:42:48,830][root][INFO] - Eval Returns: mean=-19.949 std=4.201
[2024-04-23 22:42:48,830][root][INFO] - Eval ndata: 31.000
[2024-04-23 22:42:48,830][root][INFO] - Model MSE (current real MPC): 0.524
[2024-04-23 22:42:49,890][root][INFO] - Model MSE (random test set): 0.050
[2024-04-23 22:42:49,890][root][INFO] - Model MSE (GT MPC): 0.005
[2024-04-23 22:42:49,890][root][INFO] - Model Likelihood (random test set): -3.771
[2024-04-23 22:42:49,890][root][INFO] - Model Likelihood (GT MPC): -3.699
[2024-04-23 22:42:49,890][root][INFO] - *[TIME] [Evaluate the current MPC policy] Elapsed: 8.02 seconds
[2024-04-23 22:42:54,624][root][INFO] - x: [-0.00819606  0.18859037 -0.97338745 -0.27825262  0.19582482]
[2024-04-23 22:42:54,624][root][INFO] - y: [ 0.01885904  0.04273765 -0.22142657 -0.05078913]
[2024-04-23 22:42:54,624][root][INFO] - Reward: -0.9999856755561533
[2024-04-23 22:42:57,081][root][INFO] - --------------- Start iteration i=31 ---------------
[2024-04-23 22:42:57,081][root][INFO] - Length of data.x: 32
[2024-04-23 22:42:57,081][root][INFO] - Length of data.y: 32
[2024-04-23 22:42:57,204][root][INFO] - x: [ 0.01066298  0.23132802  0.80518598 -0.32904175  0.53450585]
[2024-04-23 22:42:57,204][root][INFO] - y: [ 0.0231328  -0.0327132  -0.26184331  0.08319398]
[2024-04-23 22:42:57,204][root][INFO] - Reward: -0.9999767677579428
[2024-04-23 22:42:57,205][root][INFO] - --------------- Start iteration i=32 ---------------
[2024-04-23 22:42:57,205][root][INFO] - Length of data.x: 33
[2024-04-23 22:42:57,205][root][INFO] - Length of data.y: 33
[2024-04-23 22:42:57,321][root][INFO] - x: [ 0.03379578  0.19861481  0.54334266 -0.24584777 -0.74566026]
[2024-04-23 22:42:57,321][root][INFO] - y: [ 0.01986148 -0.13860145 -0.1956396   0.11610528]
[2024-04-23 22:42:57,321][root][INFO] - Reward: -0.9999538673710815
[2024-04-23 22:42:57,322][root][INFO] - --------------- Start iteration i=33 ---------------
[2024-04-23 22:42:57,322][root][INFO] - Length of data.x: 34
[2024-04-23 22:42:57,322][root][INFO] - Length of data.y: 34
[2024-04-23 22:42:57,438][root][INFO] - x: [ 0.05365726  0.06001337  0.34770306 -0.1297425  -0.70373609]
[2024-04-23 22:42:57,439][root][INFO] - y: [ 0.00600134 -0.07597103 -0.10324588  0.05219508]
[2024-04-23 22:42:57,439][root][INFO] - Reward: -0.9997845336996806
[2024-04-23 22:42:57,439][root][INFO] - --------------- Start iteration i=34 ---------------
[2024-04-23 22:42:57,440][root][INFO] - Length of data.x: 35
[2024-04-23 22:42:57,440][root][INFO] - Length of data.y: 35
[2024-04-23 22:42:57,557][root][INFO] - x: [ 0.0596586  -0.01595766  0.24445718 -0.07754742 -0.5604404 ]
[2024-04-23 22:42:57,557][root][INFO] - y: [-0.00159577 -0.05136611 -0.06171032  0.03126995]
[2024-04-23 22:42:57,557][root][INFO] - Reward: -0.998703040635104
[2024-04-23 22:42:57,558][root][INFO] - --------------- Start iteration i=35 ---------------
[2024-04-23 22:42:57,558][root][INFO] - Length of data.x: 36
[2024-04-23 22:42:57,558][root][INFO] - Length of data.y: 36
[2024-04-23 22:42:57,675][root][INFO] - x: [ 0.05806283 -0.06732377  0.18274686 -0.04627747 -0.69579482]
[2024-04-23 22:42:57,676][root][INFO] - y: [-0.00673238 -0.07232635 -0.03682647 -0.00739879]
[2024-04-23 22:42:57,676][root][INFO] - Reward: -0.9924275952219854
[2024-04-23 22:42:57,676][root][INFO] - --------------- Start iteration i=36 ---------------
[2024-04-23 22:42:57,677][root][INFO] - Length of data.x: 37
[2024-04-23 22:42:57,677][root][INFO] - Length of data.y: 37
[2024-04-23 22:42:57,795][root][INFO] - x: [ 0.05133045 -0.13965013  0.14592039 -0.05367626 -0.33389096]
[2024-04-23 22:42:57,796][root][INFO] - y: [-0.01396501 -0.02659385 -0.04271424  0.01960872]
[2024-04-23 22:42:57,796][root][INFO] - Reward: -0.9226824650749158
[2024-04-23 22:42:57,796][root][INFO] - --------------- Start iteration i=37 ---------------
[2024-04-23 22:42:57,797][root][INFO] - Length of data.x: 38
[2024-04-23 22:42:57,797][root][INFO] - Length of data.y: 38
[2024-04-23 22:42:57,915][root][INFO] - x: [ 0.03736544 -0.16624398  0.10320615 -0.03406754 -0.23351398]
[2024-04-23 22:42:57,916][root][INFO] - y: [-0.0166244  -0.01646177 -0.02711011  0.01568054]
[2024-04-23 22:42:57,916][root][INFO] - Reward: -0.6244827077704556
[2024-04-23 22:42:57,917][root][INFO] - --------------- Start iteration i=38 ---------------
[2024-04-23 22:42:57,917][root][INFO] - Length of data.x: 39
[2024-04-23 22:42:57,917][root][INFO] - Length of data.y: 39
[2024-04-23 22:42:58,037][root][INFO] - x: [ 0.02074104 -0.18270575  0.07609604 -0.018387    0.07468751]
[2024-04-23 22:42:58,037][root][INFO] - y: [-0.01827057  0.02738685 -0.01463192  0.04986095]
[2024-04-23 22:42:58,037][root][INFO] - Reward: -0.14567486624375825
[2024-04-23 22:42:58,038][root][INFO] - --------------- Start iteration i=39 ---------------
[2024-04-23 22:42:58,038][root][INFO] - Length of data.x: 40
[2024-04-23 22:42:58,038][root][INFO] - Length of data.y: 40
[2024-04-23 22:42:58,158][root][INFO] - x: [ 0.00247047 -0.1553189   0.06146412  0.03147395 -0.27732405]
[2024-04-23 22:42:58,158][root][INFO] - y: [-0.01553189 -0.03040367  0.0250462  -0.0109943 ]
[2024-04-23 22:42:58,158][root][INFO] - Reward: -0.01123598254395819
[2024-04-23 22:42:58,159][root][INFO] - --------------- Start iteration i=40 ---------------
[2024-04-23 22:42:58,159][root][INFO] - Length of data.x: 41
[2024-04-23 22:42:58,159][root][INFO] - Length of data.y: 41
[2024-04-23 22:43:05,436][root][INFO] - Eval Returns: [-15.94549492 -18.60221069 -22.85753788 -18.19360271 -20.05864958]
[2024-04-23 22:43:05,441][root][INFO] - Eval Returns: mean=-19.131 std=2.283
[2024-04-23 22:43:05,441][root][INFO] - Eval ndata: 41.000
[2024-04-23 22:43:05,441][root][INFO] - Model MSE (current real MPC): 0.551
[2024-04-23 22:43:06,541][root][INFO] - Model MSE (random test set): 0.027
[2024-04-23 22:43:06,541][root][INFO] - Model MSE (GT MPC): 0.003
[2024-04-23 22:43:06,541][root][INFO] - Model Likelihood (random test set): -3.751
[2024-04-23 22:43:06,541][root][INFO] - Model Likelihood (GT MPC): -3.695
[2024-04-23 22:43:06,541][root][INFO] - *[TIME] [Evaluate the current MPC policy] Elapsed: 8.26 seconds
[2024-04-23 22:43:11,481][root][INFO] - x: [-0.01306142 -0.18572256  0.08651031  0.02047966  0.0371536 ]
[2024-04-23 22:43:11,481][root][INFO] - y: [-0.01857226  0.02298953  0.01629721  0.04850713]
[2024-04-23 22:43:11,481][root][INFO] - Reward: -0.12585424956080848
[2024-04-23 22:43:13,731][root][INFO] - --------------- Start iteration i=41 ---------------
[2024-04-23 22:43:13,731][root][INFO] - Length of data.x: 42
[2024-04-23 22:43:13,732][root][INFO] - Length of data.y: 42
[2024-04-23 22:43:13,857][root][INFO] - x: [-0.03163368 -0.16273303  0.10280752  0.06898679  0.40941757]
[2024-04-23 22:43:13,857][root][INFO] - y: [-0.0162733   0.0788148   0.05489799  0.1059076 ]
[2024-04-23 22:43:13,857][root][INFO] - Reward: -0.28976222066791735
[2024-04-23 22:43:13,858][root][INFO] - --------------- Start iteration i=42 ---------------
[2024-04-23 22:43:13,858][root][INFO] - Length of data.x: 43
[2024-04-23 22:43:13,858][root][INFO] - Length of data.y: 43
[2024-04-23 22:43:13,979][root][INFO] - x: [-0.04790698 -0.08391824  0.1577055   0.17489439  0.77783549]
[2024-04-23 22:43:13,979][root][INFO] - y: [-0.00839182  0.1132659   0.13917664  0.14633309]
[2024-04-23 22:43:13,979][root][INFO] - Reward: -0.40747546244384936
[2024-04-23 22:43:13,980][root][INFO] - --------------- Start iteration i=43 ---------------
[2024-04-23 22:43:13,980][root][INFO] - Length of data.x: 44
[2024-04-23 22:43:13,980][root][INFO] - Length of data.y: 44
[2024-04-23 22:43:14,104][root][INFO] - x: [-0.05629881  0.02934766  0.29688215  0.32122747  0.98077735]
[2024-04-23 22:43:14,104][root][INFO] - y: [0.00293477 0.04348859 0.25562491 0.10478161]
[2024-04-23 22:43:14,105][root][INFO] - Reward: -0.9803681623264084
[2024-04-23 22:43:14,105][root][INFO] - --------------- Start iteration i=44 ---------------
[2024-04-23 22:43:14,105][root][INFO] - Length of data.x: 45
[2024-04-23 22:43:14,105][root][INFO] - Length of data.y: 45
[2024-04-23 22:43:14,227][root][INFO] - x: [-0.05336404  0.07283625  0.55250706  0.42600909 -0.35895053]
[2024-04-23 22:43:14,228][root][INFO] - y: [ 0.00728363 -0.21256915  0.33900753  0.13177243]
[2024-04-23 22:43:14,228][root][INFO] - Reward: -0.9999889019992698
[2024-04-23 22:43:14,229][root][INFO] - --------------- Start iteration i=45 ---------------
[2024-04-23 22:43:14,229][root][INFO] - Length of data.x: 46
[2024-04-23 22:43:14,229][root][INFO] - Length of data.y: 46
[2024-04-23 22:43:14,354][root][INFO] - x: [-0.04608041 -0.1397329   0.89151459  0.55778152  0.12232213]
[2024-04-23 22:43:14,354][root][INFO] - y: [-0.01397329 -0.14315028  0.44386879  0.16774071]
[2024-04-23 22:43:14,355][root][INFO] - Reward: -0.9999999320300895
[2024-04-23 22:43:14,355][root][INFO] - --------------- Start iteration i=46 ---------------
[2024-04-23 22:43:14,355][root][INFO] - Length of data.x: 47
[2024-04-23 22:43:14,355][root][INFO] - Length of data.y: 47
[2024-04-23 22:43:14,478][root][INFO] - x: [-0.06005371 -0.28288318 -0.66461662  0.72552223  0.0730474 ]
[2024-04-23 22:43:14,479][root][INFO] - y: [-0.02828832  0.50081706  0.57735271 -0.33296752]
[2024-04-23 22:43:14,479][root][INFO] - Reward: -0.9998422556572464
[2024-04-23 22:43:14,480][root][INFO] - --------------- Start iteration i=47 ---------------
[2024-04-23 22:43:14,480][root][INFO] - Length of data.x: 48
[2024-04-23 22:43:14,480][root][INFO] - Length of data.y: 48
[2024-04-23 22:43:14,603][root][INFO] - x: [-0.08834202  0.21793388 -0.08726391  0.3925547  -0.21960645]
[2024-04-23 22:43:14,603][root][INFO] - y: [ 0.02179339  0.00823637  0.31238536 -0.01865653]
[2024-04-23 22:43:14,604][root][INFO] - Reward: -0.5386068379604143
[2024-04-23 22:43:14,604][root][INFO] - --------------- Start iteration i=48 ---------------
[2024-04-23 22:43:14,604][root][INFO] - Length of data.x: 49
[2024-04-23 22:43:14,604][root][INFO] - Length of data.y: 49
[2024-04-23 22:43:14,730][root][INFO] - x: [-0.06654864  0.22617025  0.22512145  0.37389817  0.40183711]
[2024-04-23 22:43:14,730][root][INFO] - y: [ 0.02261702 -0.0370813   0.29753895  0.03561658]
[2024-04-23 22:43:14,731][root][INFO] - Reward: -0.9700113267178205
[2024-04-23 22:43:14,731][root][INFO] - --------------- Start iteration i=49 ---------------
[2024-04-23 22:43:14,731][root][INFO] - Length of data.x: 50
[2024-04-23 22:43:14,732][root][INFO] - Length of data.y: 50
[2024-04-23 22:43:14,855][root][INFO] - x: [-0.04393161  0.18908895  0.5226604   0.40951475 -0.66237852]
[2024-04-23 22:43:14,855][root][INFO] - y: [ 0.01890889 -0.22799668  0.32588174  0.11416829]
[2024-04-23 22:43:14,855][root][INFO] - Reward: -0.9999657117330633
[2024-04-23 22:43:14,855][root][INFO] - Explore episode complete with return -20.006743554016058, resetting
[2024-04-23 22:43:14,855][root][INFO] - Exploration Episode Rewards: [-0.9999901060721258, -0.9999912050941391, -0.9999944650767165, -0.9999942054273779, -0.9999910093737773, -0.9999856755561533, -0.9999767677579428, -0.9999538673710815, -0.9997845336996806, -0.998703040635104, -0.9924275952219854, -0.9226824650749158, -0.6244827077704556, -0.14567486624375825, -0.01123598254395819, -0.12585424956080848, -0.28976222066791735, -0.40747546244384936, -0.9803681623264084, -0.9999889019992698, -0.9999999320300895, -0.9998422556572464, -0.5386068379604143, -0.9700113267178205, -0.9999657117330633]
[2024-04-23 22:43:14,856][root][INFO] - --------------- Start iteration i=50 ---------------
[2024-04-23 22:43:14,856][root][INFO] - Length of data.x: 51
[2024-04-23 22:43:14,856][root][INFO] - Length of data.y: 51
[2024-04-23 22:43:22,594][root][INFO] - Eval Returns: [-16.74657253 -13.39533994 -14.93916728 -21.65530293 -16.54692297]
[2024-04-23 22:43:22,601][root][INFO] - Eval Returns: mean=-16.657 std=2.778
[2024-04-23 22:43:22,601][root][INFO] - Eval ndata: 51.000
[2024-04-23 22:43:22,601][root][INFO] - Model MSE (current real MPC): 0.418
[2024-04-23 22:43:23,735][root][INFO] - Model MSE (random test set): 0.012
[2024-04-23 22:43:23,735][root][INFO] - Model MSE (GT MPC): 0.002
[2024-04-23 22:43:23,735][root][INFO] - Model Likelihood (random test set): -3.717
[2024-04-23 22:43:23,736][root][INFO] - Model Likelihood (GT MPC): -3.690
[2024-04-23 22:43:23,736][root][INFO] - *[TIME] [Evaluate the current MPC policy] Elapsed: 8.76 seconds
