[2024-04-25 15:55:55,307][root][INFO] - Dumper dumping to /tirl/experiments/mpc_frozencartpole_newhypers_initdata_gpforgetting_2024-04-25/15-55-50/seed_4
[2024-04-25 15:55:55,313][root][INFO] - Start obs: None
[2024-04-25 15:56:21,552][root][INFO] - GT Returns: [-11.85246573 -10.6886697  -11.33051746 -11.6372286  -12.71972024]
[2024-04-25 15:56:21,553][root][INFO] - GT Returns: mean=-11.646 std=0.665
[2024-04-25 15:56:21,553][root][INFO] - Path Lengths: [36345, 36345, 36345, 36345, 36345]
[2024-04-25 15:56:21,553][root][INFO] - Path Lengths: mean=36345.000 std=0.000
[2024-04-25 15:56:21,652][root][INFO] - all_x.shape = (181725, 5)
[2024-04-25 15:56:21,657][root][INFO] - all_x.min(axis=0) = [-0.57513493 -0.89550009 -0.99998836 -0.83324774 -1.        ]
[2024-04-25 15:56:21,663][root][INFO] - all_x.max(axis=0) = [0.87539411 1.3136065  0.99999368 0.85370049 1.        ]
[2024-04-25 15:56:21,667][root][INFO] - all_x.mean(axis=0) = [-0.01893976 -0.00818684  0.03129553  0.02898879  0.00474076]
[2024-04-25 15:56:21,678][root][INFO] - all_x.var(axis=0) = [0.00602646 0.02822664 0.23784233 0.07290373 0.24006718]
[2024-04-25 15:56:21,755][root][INFO] - --------------- Start iteration i=0 ---------------
[2024-04-25 15:56:21,756][root][INFO] - Length of data.x: 301
[2024-04-25 15:56:21,756][root][INFO] - Length of data.y: 301
[2024-04-25 15:56:55,455][root][INFO] - Eval Returns: [-20.30411892 -20.60025969 -22.26124441 -23.48761086 -21.04768003]
[2024-04-25 15:56:55,469][root][INFO] - Eval Returns: mean=-21.540 std=1.180
[2024-04-25 15:56:55,469][root][INFO] - Eval ndata: 301.000
[2024-04-25 15:56:55,469][root][INFO] - Model MSE (current real MPC): 0.420
[2024-04-25 15:56:57,212][root][INFO] - Model MSE (random test set): 0.378
[2024-04-25 15:56:57,213][root][INFO] - Model MSE (GT MPC): 0.012
[2024-04-25 15:56:57,213][root][INFO] - Model Likelihood (random test set): -3.893
[2024-04-25 15:56:57,213][root][INFO] - Model Likelihood (GT MPC): -3.757
[2024-04-25 15:56:57,213][root][INFO] - *[TIME] [Evaluate the current MPC policy] Elapsed: 34.99 seconds
[2024-04-25 15:57:10,957][root][INFO] - x: [-4.91051197e-04 -3.48096370e-04 -9.99708783e-01  1.99183669e-03
  7.87465616e-02]
[2024-04-25 15:57:10,957][root][INFO] - y: [-3.48096370e-05  6.35935102e-03  1.58505456e-03 -6.44943890e-03]
[2024-04-25 15:57:10,958][root][INFO] - Reward: -0.9999900746529793
[2024-04-25 15:57:14,085][root][INFO] - --------------- Start iteration i=1 ---------------
[2024-04-25 15:57:14,085][root][INFO] - Length of data.x: 277
[2024-04-25 15:57:14,085][root][INFO] - Length of data.y: 277
[2024-04-25 15:57:27,952][root][INFO] - x: [-5.25860834e-04  6.01125465e-03 -9.98123729e-01 -4.45760221e-03
  1.46615980e-01]
[2024-04-25 15:57:27,952][root][INFO] - y: [ 0.00060113  0.01198047 -0.00354725 -0.01255934]
[2024-04-25 15:57:27,953][root][INFO] - Reward: -0.9999900701286696
[2024-04-25 15:57:27,956][root][INFO] - --------------- Start iteration i=2 ---------------
[2024-04-25 15:57:27,956][root][INFO] - Length of data.x: 253
[2024-04-25 15:57:27,956][root][INFO] - Length of data.y: 253
[2024-04-25 15:57:40,425][root][INFO] - x: [ 7.52646311e-05  1.79917226e-02  9.98329021e-01 -1.70169449e-02
 -4.03879639e-01]
[2024-04-25 15:57:40,426][root][INFO] - y: [ 0.00179917 -0.06521926 -0.01354167  0.06573411]
[2024-04-25 15:57:40,426][root][INFO] - Reward: -0.9999901183434913
[2024-04-25 15:57:40,428][root][INFO] - --------------- Start iteration i=3 ---------------
[2024-04-25 15:57:40,429][root][INFO] - Length of data.x: 229
[2024-04-25 15:57:40,429][root][INFO] - Length of data.y: 229
[2024-04-25 15:57:49,410][root][INFO] - x: [ 0.00187444 -0.04722754  0.98478736  0.04871716 -0.72189902]
[2024-04-25 15:57:49,410][root][INFO] - y: [-0.00472275 -0.11756903  0.03876792  0.1221264 ]
[2024-04-25 15:57:49,411][root][INFO] - Reward: -0.9999901785528267
[2024-04-25 15:57:49,413][root][INFO] - --------------- Start iteration i=4 ---------------
[2024-04-25 15:57:49,413][root][INFO] - Length of data.x: 205
[2024-04-25 15:57:49,413][root][INFO] - Length of data.y: 205
[2024-04-25 15:57:55,695][root][INFO] - x: [-0.00284832 -0.16479657 -0.97644473  0.17084357  0.05380969]
[2024-04-25 15:57:55,695][root][INFO] - y: [-0.01647966  0.01447544  0.1359531  -0.02169634]
[2024-04-25 15:57:55,696][root][INFO] - Reward: -0.9999938682774637
[2024-04-25 15:57:55,698][root][INFO] - --------------- Start iteration i=5 ---------------
[2024-04-25 15:57:55,698][root][INFO] - Length of data.x: 181
[2024-04-25 15:57:55,698][root][INFO] - Length of data.y: 181
[2024-04-25 15:58:03,794][root][INFO] - x: [-0.01932797 -0.15032113 -0.84049162  0.14914723 -0.79440041]
[2024-04-25 15:58:03,794][root][INFO] - y: [-0.01503211 -0.01782397  0.11868769 -0.03154294]
[2024-04-25 15:58:03,795][root][INFO] - Reward: -0.9999975776618181
[2024-04-25 15:58:03,797][root][INFO] - --------------- Start iteration i=6 ---------------
[2024-04-25 15:58:03,797][root][INFO] - Length of data.x: 157
[2024-04-25 15:58:03,797][root][INFO] - Length of data.y: 157
[2024-04-25 15:58:11,115][root][INFO] - x: [-0.03436009 -0.1681451  -0.72180394  0.11760429 -0.36813655]
[2024-04-25 15:58:11,116][root][INFO] - y: [-0.01681451  0.01341463  0.09358659 -0.08391779]
[2024-04-25 15:58:11,116][root][INFO] - Reward: -0.9999995582680095
[2024-04-25 15:58:11,118][root][INFO] - --------------- Start iteration i=7 ---------------
[2024-04-25 15:58:11,118][root][INFO] - Length of data.x: 133
[2024-04-25 15:58:11,119][root][INFO] - Length of data.y: 133
[2024-04-25 15:58:16,741][root][INFO] - x: [-0.0511746  -0.15473047 -0.62821734  0.0336865   1.        ]
[2024-04-25 15:58:16,742][root][INFO] - y: [-0.01547305  0.06982999  0.02680688 -0.11771395]
[2024-04-25 15:58:16,742][root][INFO] - Reward: -0.9999999658983373
[2024-04-25 15:58:16,743][root][INFO] - --------------- Start iteration i=8 ---------------
[2024-04-25 15:58:16,743][root][INFO] - Length of data.x: 109
[2024-04-25 15:58:16,743][root][INFO] - Length of data.y: 109
[2024-04-25 15:58:20,798][root][INFO] - x: [-0.06664764 -0.08490048 -0.60141046 -0.08402746 -1.        ]
[2024-04-25 15:58:20,799][root][INFO] - y: [-0.00849005 -0.03312952 -0.06686698 -0.08288137]
[2024-04-25 15:58:20,799][root][INFO] - Reward: -0.999999996282599
[2024-04-25 15:58:20,801][root][INFO] - --------------- Start iteration i=9 ---------------
[2024-04-25 15:58:20,801][root][INFO] - Length of data.x: 85
[2024-04-25 15:58:20,801][root][INFO] - Length of data.y: 85
[2024-04-25 15:58:24,177][root][INFO] - x: [-0.07513769 -0.11803    -0.66827744 -0.16690882 -0.57840129]
[2024-04-25 15:58:24,177][root][INFO] - y: [-0.011803    0.01199448 -0.13282193 -0.09084393]
[2024-04-25 15:58:24,178][root][INFO] - Reward: -0.9999999994715341
[2024-04-25 15:58:24,179][root][INFO] - --------------- Start iteration i=10 ---------------
[2024-04-25 15:58:24,179][root][INFO] - Length of data.x: 61
[2024-04-25 15:58:24,179][root][INFO] - Length of data.y: 61
[2024-04-25 15:58:33,421][root][INFO] - Eval Returns: [-23.37752252 -23.84625947 -24.37779556 -23.4580189  -24.22323313]
[2024-04-25 15:58:33,429][root][INFO] - Eval Returns: mean=-23.857 std=0.399
[2024-04-25 15:58:33,429][root][INFO] - Eval ndata: 61.000
[2024-04-25 15:58:33,430][root][INFO] - Model MSE (current real MPC): 0.572
[2024-04-25 15:58:34,636][root][INFO] - Model MSE (random test set): 0.283
[2024-04-25 15:58:34,636][root][INFO] - Model MSE (GT MPC): 0.049
[2024-04-25 15:58:34,636][root][INFO] - Model Likelihood (random test set): -3.772
[2024-04-25 15:58:34,636][root][INFO] - Model Likelihood (GT MPC): -3.713
[2024-04-25 15:58:34,636][root][INFO] - *[TIME] [Evaluate the current MPC policy] Elapsed: 10.29 seconds
[2024-04-25 15:58:42,653][root][INFO] - x: [-0.08694069 -0.10603552 -0.80109937 -0.25775276 -0.8139488 ]
[2024-04-25 15:58:42,654][root][INFO] - y: [-0.01060355  0.01894275 -0.20511329 -0.07280929]
[2024-04-25 15:58:42,654][root][INFO] - Reward: -0.9999999940983038
[2024-04-25 15:58:45,059][root][INFO] - --------------- Start iteration i=11 ---------------
[2024-04-25 15:58:45,059][root][INFO] - Length of data.x: 37
[2024-04-25 15:58:45,059][root][INFO] - Length of data.y: 37
[2024-04-25 15:58:47,831][root][INFO] - x: [-0.09754424 -0.08709277  0.99378734 -0.33056205  0.76634946]
[2024-04-25 15:58:47,832][root][INFO] - y: [-0.00870928  0.05833898 -0.26305313 -0.05641111]
[2024-04-25 15:58:47,832][root][INFO] - Reward: -0.9999828777750694
[2024-04-25 15:58:47,833][root][INFO] - --------------- Start iteration i=12 ---------------
[2024-04-25 15:58:47,833][root][INFO] - Length of data.x: 13
[2024-04-25 15:58:47,833][root][INFO] - Length of data.y: 13
[2024-04-25 15:58:49,227][root][INFO] - x: [-0.10625352 -0.02875379  0.73073421 -0.38697316  0.20569519]
[2024-04-25 15:58:49,227][root][INFO] - y: [-0.00287538 -0.13506503 -0.30794371  0.16306441]
[2024-04-25 15:58:49,228][root][INFO] - Reward: -0.9761055743012286
[2024-04-25 15:58:49,229][root][INFO] - --------------- Start iteration i=13 ---------------
[2024-04-25 15:58:49,229][root][INFO] - Length of data.x: 2
[2024-04-25 15:58:49,229][root][INFO] - Length of data.y: 2
[2024-04-25 15:58:49,815][root][INFO] - x: [-0.1091289  -0.16381882  0.4227905  -0.22390875 -1.        ]
[2024-04-25 15:58:49,815][root][INFO] - y: [-0.01638188 -0.08728994 -0.17818106  0.07435908]
[2024-04-25 15:58:49,815][root][INFO] - Reward: -0.9971102647426905
[2024-04-25 15:58:49,816][root][INFO] - --------------- Start iteration i=14 ---------------
[2024-04-25 15:58:49,816][root][INFO] - Length of data.x: 2
[2024-04-25 15:58:49,816][root][INFO] - Length of data.y: 2
[2024-04-25 15:58:50,435][root][INFO] - x: [-0.12551078 -0.25110875  0.24460944 -0.14954966  1.        ]
[2024-04-25 15:58:50,435][root][INFO] - y: [-0.02511088  0.06988786 -0.11900794  0.11849999]
[2024-04-25 15:58:50,436][root][INFO] - Reward: -0.9999978139730741
[2024-04-25 15:58:50,436][root][INFO] - --------------- Start iteration i=15 ---------------
[2024-04-25 15:58:50,436][root][INFO] - Length of data.x: 2
[2024-04-25 15:58:50,436][root][INFO] - Length of data.y: 2
[2024-04-25 15:58:51,041][root][INFO] - x: [-0.15062166 -0.1812209   0.1256015  -0.03104968 -0.97451161]
[2024-04-25 15:58:51,042][root][INFO] - y: [-0.01812209 -0.05025154 -0.02470857 -0.00863909]
[2024-04-25 15:58:51,042][root][INFO] - Reward: -0.9999999850328016
[2024-04-25 15:58:51,043][root][INFO] - --------------- Start iteration i=16 ---------------
[2024-04-25 15:58:51,043][root][INFO] - Length of data.x: 2
[2024-04-25 15:58:51,043][root][INFO] - Length of data.y: 2
[2024-04-25 15:58:51,643][root][INFO] - x: [-0.16874375 -0.23147243  0.10089294 -0.03968877 -1.        ]
[2024-04-25 15:58:51,643][root][INFO] - y: [-0.02314724 -0.05630159 -0.03158334 -0.02288967]
[2024-04-25 15:58:51,644][root][INFO] - Reward: -0.9999999999924856
[2024-04-25 15:58:51,644][root][INFO] - --------------- Start iteration i=17 ---------------
[2024-04-25 15:58:51,645][root][INFO] - Length of data.x: 2
[2024-04-25 15:58:51,645][root][INFO] - Length of data.y: 2
[2024-04-25 15:58:52,241][root][INFO] - x: [-0.19189099 -0.28777403  0.06930959 -0.06257844 -1.        ]
[2024-04-25 15:58:52,242][root][INFO] - y: [-0.0287774  -0.06248721 -0.04979838 -0.03979801]
[2024-04-25 15:58:52,242][root][INFO] - Reward: -1.0
[2024-04-25 15:58:52,243][root][INFO] - --------------- Start iteration i=18 ---------------
[2024-04-25 15:58:52,243][root][INFO] - Length of data.x: 2
[2024-04-25 15:58:52,243][root][INFO] - Length of data.y: 2
[2024-04-25 15:58:53,158][root][INFO] - x: [-0.22066839 -0.35026124  0.01951122 -0.10237644  0.61646554]
[2024-04-25 15:58:53,159][root][INFO] - y: [-0.03502612  0.05743159 -0.08146865  0.06333925]
[2024-04-25 15:58:53,160][root][INFO] - Reward: -1.0
[2024-04-25 15:58:53,161][root][INFO] - --------------- Start iteration i=19 ---------------
[2024-04-25 15:58:53,162][root][INFO] - Length of data.x: 2
[2024-04-25 15:58:53,162][root][INFO] - Length of data.y: 2
[2024-04-25 15:58:54,038][root][INFO] - x: [-0.25569452 -0.29282965 -0.06195744 -0.03903719  0.37488819]
[2024-04-25 15:58:54,039][root][INFO] - y: [-0.02928297  0.02341195 -0.03106483  0.00397619]
[2024-04-25 15:58:54,039][root][INFO] - Reward: -1.0
[2024-04-25 15:58:54,040][root][INFO] - --------------- Start iteration i=20 ---------------
[2024-04-25 15:58:54,040][root][INFO] - Length of data.x: 2
[2024-04-25 15:58:54,040][root][INFO] - Length of data.y: 2
[2024-04-25 15:59:00,020][root][INFO] - Eval Returns: [-24.99998238 -24.99998371 -24.99997562 -24.99997467 -24.99998268]
[2024-04-25 15:59:00,032][root][INFO] - Eval Returns: mean=-25.000 std=0.000
[2024-04-25 15:59:00,032][root][INFO] - Eval ndata: 2.000
[2024-04-25 15:59:00,032][root][INFO] - Model MSE (current real MPC): 0.362
[2024-04-25 15:59:01,262][root][INFO] - Model MSE (random test set): 0.372
[2024-04-25 15:59:01,262][root][INFO] - Model MSE (GT MPC): 0.068
[2024-04-25 15:59:01,263][root][INFO] - Model Likelihood (random test set): -3.729
[2024-04-25 15:59:01,263][root][INFO] - Model Likelihood (GT MPC): -3.685
[2024-04-25 15:59:01,263][root][INFO] - *[TIME] [Evaluate the current MPC policy] Elapsed: 7.09 seconds
[2024-04-25 15:59:06,304][root][INFO] - x: [-0.28497748 -0.26941771 -0.09302227 -0.035061   -0.42255822]
[2024-04-25 15:59:06,305][root][INFO] - y: [-0.02694177 -0.04307267 -0.02790068 -0.06953747]
[2024-04-25 15:59:06,305][root][INFO] - Reward: -1.0
[2024-04-25 15:59:09,587][root][INFO] - --------------- Start iteration i=21 ---------------
[2024-04-25 15:59:09,587][root][INFO] - Length of data.x: 3
[2024-04-25 15:59:09,587][root][INFO] - Length of data.y: 3
[2024-04-25 15:59:09,782][root][INFO] - x: [-0.31191925 -0.31249037 -0.12092295 -0.10459847 -0.65417229]
[2024-04-25 15:59:09,782][root][INFO] - y: [-0.03124904 -0.05684901 -0.08323689 -0.08921037]
[2024-04-25 15:59:09,783][root][INFO] - Reward: -1.0
[2024-04-25 15:59:09,784][root][INFO] - --------------- Start iteration i=22 ---------------
[2024-04-25 15:59:09,784][root][INFO] - Length of data.x: 4
[2024-04-25 15:59:09,784][root][INFO] - Length of data.y: 4
[2024-04-25 15:59:09,978][root][INFO] - x: [-0.34316829 -0.36933939 -0.20415984 -0.19380885  0.88859996]
[2024-04-25 15:59:09,979][root][INFO] - y: [-0.03693394  0.06788149 -0.1542283  -0.00436256]
[2024-04-25 15:59:09,979][root][INFO] - Reward: -1.0
[2024-04-25 15:59:09,980][root][INFO] - --------------- Start iteration i=23 ---------------
[2024-04-25 15:59:09,980][root][INFO] - Length of data.x: 5
[2024-04-25 15:59:09,980][root][INFO] - Length of data.y: 5
[2024-04-25 15:59:10,162][root][INFO] - x: [-0.38010223 -0.3014579  -0.35838814 -0.1981714   0.31720454]
[2024-04-25 15:59:10,163][root][INFO] - y: [-0.03014579  0.04062463 -0.15769992 -0.07115804]
[2024-04-25 15:59:10,163][root][INFO] - Reward: -1.0
[2024-04-25 15:59:10,164][root][INFO] - --------------- Start iteration i=24 ---------------
[2024-04-25 15:59:10,164][root][INFO] - Length of data.x: 6
[2024-04-25 15:59:10,164][root][INFO] - Length of data.y: 6
[2024-04-25 15:59:10,299][root][INFO] - x: [-0.41024802 -0.26083327 -0.51608806 -0.26932945  0.12307446]
[2024-04-25 15:59:10,300][root][INFO] - y: [-0.02608333  0.07861316 -0.21432574 -0.10204609]
[2024-04-25 15:59:10,300][root][INFO] - Reward: -1.0
[2024-04-25 15:59:10,300][root][INFO] - Explore episode complete with return -24.97314791745338, resetting
[2024-04-25 15:59:10,300][root][INFO] - Exploration Episode Rewards: [-0.9999900746529793, -0.9999900701286696, -0.9999901183434913, -0.9999901785528267, -0.9999938682774637, -0.9999975776618181, -0.9999995582680095, -0.9999999658983373, -0.999999996282599, -0.9999999994715341, -0.9999999940983038, -0.9999828777750694, -0.9761055743012286, -0.9971102647426905, -0.9999978139730741, -0.9999999850328016, -0.9999999999924856, -1.0, -1.0, -1.0, -1.0, -1.0, -1.0, -1.0, -1.0]
[2024-04-25 15:59:10,301][root][INFO] - --------------- Start iteration i=25 ---------------
[2024-04-25 15:59:10,302][root][INFO] - Length of data.x: 7
[2024-04-25 15:59:10,302][root][INFO] - Length of data.y: 7
[2024-04-25 15:59:10,439][root][INFO] - x: [ 1.71316892e-04  6.33577863e-04 -9.97714784e-01  2.18878893e-04
  4.13649258e-01]
[2024-04-25 15:59:10,439][root][INFO] - y: [ 6.33577863e-05  6.65948176e-02  1.74178430e-04 -6.72983418e-02]
[2024-04-25 15:59:10,439][root][INFO] - Reward: -0.9999900674954921
[2024-04-25 15:59:10,440][root][INFO] - --------------- Start iteration i=26 ---------------
[2024-04-25 15:59:10,440][root][INFO] - Length of data.x: 8
[2024-04-25 15:59:10,440][root][INFO] - Length of data.y: 8
[2024-04-25 15:59:10,577][root][INFO] - x: [ 2.34674679e-04  6.72283955e-02 -9.97540606e-01 -6.70794629e-02
  7.61026748e-01]
[2024-04-25 15:59:10,578][root][INFO] - y: [ 0.00672284  0.12119182 -0.05338018 -0.12194717]
[2024-04-25 15:59:10,578][root][INFO] - Reward: -0.9999907563460473
[2024-04-25 15:59:10,579][root][INFO] - --------------- Start iteration i=27 ---------------
[2024-04-25 15:59:10,579][root][INFO] - Length of data.x: 9
[2024-04-25 15:59:10,579][root][INFO] - Length of data.y: 9
[2024-04-25 15:59:10,714][root][INFO] - x: [ 0.00695751  0.18842021  0.94907921 -0.18902664  0.89779072]
[2024-04-25 15:59:10,715][root][INFO] - y: [ 0.01884202  0.12098652 -0.15042274 -0.10379907]
[2024-04-25 15:59:10,715][root][INFO] - Reward: -0.9999958910414128
[2024-04-25 15:59:10,716][root][INFO] - --------------- Start iteration i=28 ---------------
[2024-04-25 15:59:10,716][root][INFO] - Length of data.x: 10
[2024-04-25 15:59:10,717][root][INFO] - Length of data.y: 10
[2024-04-25 15:59:10,853][root][INFO] - x: [ 0.02579954  0.30940673  0.79865647 -0.29282571 -0.71702552]
[2024-04-25 15:59:10,854][root][INFO] - y: [ 0.03094067 -0.18501035 -0.23302348  0.20727145]
[2024-04-25 15:59:10,854][root][INFO] - Reward: -0.9999996433466918
[2024-04-25 15:59:10,855][root][INFO] - --------------- Start iteration i=29 ---------------
[2024-04-25 15:59:10,855][root][INFO] - Length of data.x: 11
[2024-04-25 15:59:10,855][root][INFO] - Length of data.y: 11
[2024-04-25 15:59:10,991][root][INFO] - x: [ 0.05674021  0.12439638  0.56563299 -0.08555426  1.        ]
[2024-04-25 15:59:10,992][root][INFO] - y: [ 0.01243964  0.0860117  -0.06808197  0.07851051]
[2024-04-25 15:59:10,992][root][INFO] - Reward: -0.9999999065114615
[2024-04-25 15:59:10,993][root][INFO] - --------------- Start iteration i=30 ---------------
[2024-04-25 15:59:10,993][root][INFO] - Length of data.x: 12
[2024-04-25 15:59:10,993][root][INFO] - Length of data.y: 12
[2024-04-25 15:59:17,635][root][INFO] - Eval Returns: [-24.42032837 -22.77420337 -24.99431817 -23.09462416 -20.32957213]
[2024-04-25 15:59:17,644][root][INFO] - Eval Returns: mean=-23.123 std=1.619
[2024-04-25 15:59:17,644][root][INFO] - Eval ndata: 12.000
[2024-04-25 15:59:17,644][root][INFO] - Model MSE (current real MPC): 0.463
[2024-04-25 15:59:18,764][root][INFO] - Model MSE (random test set): 0.274
[2024-04-25 15:59:18,764][root][INFO] - Model MSE (GT MPC): 0.039
[2024-04-25 15:59:18,765][root][INFO] - Model Likelihood (random test set): -3.728
[2024-04-25 15:59:18,765][root][INFO] - Model Likelihood (GT MPC): -3.687
[2024-04-25 15:59:18,765][root][INFO] - *[TIME] [Evaluate the current MPC policy] Elapsed: 7.64 seconds
[2024-04-25 15:59:22,911][root][INFO] - x: [ 0.06917985  0.21040808  0.49755101 -0.00704376 -0.42618411]
[2024-04-25 15:59:22,912][root][INFO] - y: [ 0.02104081 -0.04448664 -0.00560525  0.09785477]
[2024-04-25 15:59:22,912][root][INFO] - Reward: -0.9999999990593836
[2024-04-25 15:59:25,067][root][INFO] - --------------- Start iteration i=31 ---------------
[2024-04-25 15:59:25,067][root][INFO] - Length of data.x: 13
[2024-04-25 15:59:25,067][root][INFO] - Length of data.y: 13
[2024-04-25 15:59:25,276][root][INFO] - x: [ 0.09022065  0.16592145  0.49194577  0.09081102 -0.65171428]
[2024-04-25 15:59:25,277][root][INFO] - y: [ 0.01659214 -0.07364564  0.07226517  0.09630521]
[2024-04-25 15:59:25,277][root][INFO] - Reward: -0.9999999999953182
[2024-04-25 15:59:25,278][root][INFO] - --------------- Start iteration i=32 ---------------
[2024-04-25 15:59:25,278][root][INFO] - Length of data.x: 14
[2024-04-25 15:59:25,278][root][INFO] - Length of data.y: 14
[2024-04-25 15:59:25,411][root][INFO] - x: [ 0.1068128   0.09227581  0.56421094  0.18711622 -0.97823192]
[2024-04-25 15:59:25,411][root][INFO] - y: [ 0.00922758 -0.14024434  0.14890248  0.12430783]
[2024-04-25 15:59:25,412][root][INFO] - Reward: -0.9999999999997021
[2024-04-25 15:59:25,412][root][INFO] - --------------- Start iteration i=33 ---------------
[2024-04-25 15:59:25,413][root][INFO] - Length of data.x: 15
[2024-04-25 15:59:25,413][root][INFO] - Length of data.y: 15
[2024-04-25 15:59:25,549][root][INFO] - x: [ 0.11604038 -0.04796853  0.71311342  0.31142406 -0.25765187]
[2024-04-25 15:59:25,549][root][INFO] - y: [-0.00479685 -0.13383011  0.24782359  0.16005654]
[2024-04-25 15:59:25,549][root][INFO] - Reward: -0.9999999998592576
[2024-04-25 15:59:25,550][root][INFO] - --------------- Start iteration i=34 ---------------
[2024-04-25 15:59:25,551][root][INFO] - Length of data.x: 16
[2024-04-25 15:59:25,551][root][INFO] - Length of data.y: 16
[2024-04-25 15:59:25,696][root][INFO] - x: [ 0.11124353 -0.18179864  0.960937    0.47148059 -1.        ]
[2024-04-25 15:59:25,696][root][INFO] - y: [-0.01817986 -0.20324032  0.37519264  0.21373288]
[2024-04-25 15:59:25,696][root][INFO] - Reward: -0.999568661459574
[2024-04-25 15:59:25,697][root][INFO] - --------------- Start iteration i=35 ---------------
[2024-04-25 15:59:25,698][root][INFO] - Length of data.x: 17
[2024-04-25 15:59:25,698][root][INFO] - Length of data.y: 17
[2024-04-25 15:59:25,841][root][INFO] - x: [ 0.09306366 -0.38503896 -0.66387036  0.68521347 -1.        ]
[2024-04-25 15:59:25,842][root][INFO] - y: [-0.0385039   0.3330275   0.54527599 -0.24944505]
[2024-04-25 15:59:25,842][root][INFO] - Reward: -0.5810382657844044
[2024-04-25 15:59:25,843][root][INFO] - --------------- Start iteration i=36 ---------------
[2024-04-25 15:59:25,843][root][INFO] - Length of data.x: 18
[2024-04-25 15:59:25,843][root][INFO] - Length of data.y: 18
[2024-04-25 15:59:25,992][root][INFO] - x: [ 0.05455977 -0.05201146 -0.11859437  0.43576841 -0.85234648]
[2024-04-25 15:59:25,993][root][INFO] - y: [-0.00520115 -0.04801568  0.34677377 -0.08046774]
[2024-04-25 15:59:25,993][root][INFO] - Reward: -0.9984659694468878
[2024-04-25 15:59:25,994][root][INFO] - --------------- Start iteration i=37 ---------------
[2024-04-25 15:59:25,994][root][INFO] - Length of data.x: 19
[2024-04-25 15:59:25,994][root][INFO] - Length of data.y: 19
[2024-04-25 15:59:26,144][root][INFO] - x: [ 0.04935862 -0.10002714  0.2281794   0.35530068  1.        ]
[2024-04-25 15:59:26,145][root][INFO] - y: [-0.01000271  0.05271966  0.28273952  0.10426279]
[2024-04-25 15:59:26,145][root][INFO] - Reward: -0.9999828342180248
[2024-04-25 15:59:26,146][root][INFO] - --------------- Start iteration i=38 ---------------
[2024-04-25 15:59:26,146][root][INFO] - Length of data.x: 20
[2024-04-25 15:59:26,146][root][INFO] - Length of data.y: 20
[2024-04-25 15:59:26,308][root][INFO] - x: [ 0.03935591 -0.04730748  0.51091892  0.45956347  0.45736834]
[2024-04-25 15:59:26,308][root][INFO] - y: [-0.00473075 -0.15300193  0.36570928  0.1033894 ]
[2024-04-25 15:59:26,308][root][INFO] - Reward: -0.9999983391737295
[2024-04-25 15:59:26,309][root][INFO] - --------------- Start iteration i=39 ---------------
[2024-04-25 15:59:26,310][root][INFO] - Length of data.x: 21
[2024-04-25 15:59:26,310][root][INFO] - Length of data.y: 21
[2024-04-25 15:59:26,465][root][INFO] - x: [ 0.03462516 -0.20030942  0.8766282   0.56295287  1.        ]
[2024-04-25 15:59:26,465][root][INFO] - y: [-0.02003094 -0.03415472  0.44798402  0.06873642]
[2024-04-25 15:59:26,466][root][INFO] - Reward: -0.9995702304060671
[2024-04-25 15:59:26,467][root][INFO] - --------------- Start iteration i=40 ---------------
[2024-04-25 15:59:26,467][root][INFO] - Length of data.x: 22
[2024-04-25 15:59:26,467][root][INFO] - Length of data.y: 22
[2024-04-25 15:59:33,494][root][INFO] - Eval Returns: [-24.04682251 -24.93565297 -24.99578572 -24.9801353  -24.08795291]
[2024-04-25 15:59:33,501][root][INFO] - Eval Returns: mean=-24.609 std=0.443
[2024-04-25 15:59:33,501][root][INFO] - Eval ndata: 22.000
[2024-04-25 15:59:33,501][root][INFO] - Model MSE (current real MPC): 0.659
[2024-04-25 15:59:34,572][root][INFO] - Model MSE (random test set): 0.193
[2024-04-25 15:59:34,572][root][INFO] - Model MSE (GT MPC): 0.016
[2024-04-25 15:59:34,572][root][INFO] - Model Likelihood (random test set): -3.724
[2024-04-25 15:59:34,572][root][INFO] - Model Likelihood (GT MPC): -3.686
[2024-04-25 15:59:34,572][root][INFO] - *[TIME] [Evaluate the current MPC policy] Elapsed: 7.95 seconds
[2024-04-25 15:59:37,505][root][INFO] - x: [ 0.01459422 -0.23446414 -0.67538778  0.63168929 -0.98106675]
[2024-04-25 15:59:37,505][root][INFO] - y: [-0.02344641  0.26681595  0.50268277 -0.22335439]
[2024-04-25 15:59:37,506][root][INFO] - Reward: -0.7351782318374303
[2024-04-25 15:59:39,047][root][INFO] - --------------- Start iteration i=41 ---------------
[2024-04-25 15:59:39,047][root][INFO] - Length of data.x: 23
[2024-04-25 15:59:39,047][root][INFO] - Length of data.y: 23
[2024-04-25 15:59:39,238][root][INFO] - x: [-0.0088522   0.03235181 -0.17270501  0.4083349   1.        ]
[2024-04-25 15:59:39,239][root][INFO] - y: [0.00323518 0.15739129 0.32494285 0.08408329]
[2024-04-25 15:59:39,239][root][INFO] - Reward: -0.3451668004347048
[2024-04-25 15:59:39,240][root][INFO] - --------------- Start iteration i=42 ---------------
[2024-04-25 15:59:39,240][root][INFO] - Length of data.x: 24
[2024-04-25 15:59:39,241][root][INFO] - Length of data.y: 24
[2024-04-25 15:59:39,436][root][INFO] - x: [-0.00561702  0.1897431   0.15223785  0.49241819 -1.        ]
[2024-04-25 15:59:39,437][root][INFO] - y: [ 0.01897431 -0.20083304  0.39185426 -0.1331023 ]
[2024-04-25 15:59:39,437][root][INFO] - Reward: -0.9996536521403466
[2024-04-25 15:59:39,438][root][INFO] - --------------- Start iteration i=43 ---------------
[2024-04-25 15:59:39,439][root][INFO] - Length of data.x: 25
[2024-04-25 15:59:39,439][root][INFO] - Length of data.y: 25
[2024-04-25 15:59:39,631][root][INFO] - x: [ 0.01335729 -0.01108994  0.54409211  0.35931589  1.        ]
[2024-04-25 15:59:39,631][root][INFO] - y: [-0.00110899 -0.02498296  0.28593473  0.10070895]
[2024-04-25 15:59:39,632][root][INFO] - Reward: -0.9999892068432028
[2024-04-25 15:59:39,633][root][INFO] - --------------- Start iteration i=44 ---------------
[2024-04-25 15:59:39,633][root][INFO] - Length of data.x: 26
[2024-04-25 15:59:39,633][root][INFO] - Length of data.y: 26
[2024-04-25 15:59:39,856][root][INFO] - x: [ 0.0122483  -0.03607291  0.83002684  0.46002484  1.        ]
[2024-04-25 15:59:39,856][root][INFO] - y: [-0.00360729 -0.02319587  0.36607643  0.06994755]
[2024-04-25 15:59:39,856][root][INFO] - Reward: -0.9999564422269627
[2024-04-25 15:59:39,858][root][INFO] - --------------- Start iteration i=45 ---------------
[2024-04-25 15:59:39,858][root][INFO] - Length of data.x: 27
[2024-04-25 15:59:39,858][root][INFO] - Length of data.y: 27
[2024-04-25 15:59:40,099][root][INFO] - x: [ 0.00864101 -0.05926878 -0.80389673  0.52997239 -0.42227772]
[2024-04-25 15:59:40,099][root][INFO] - y: [-0.00592688  0.17046681  0.42173897 -0.19587041]
[2024-04-25 15:59:40,100][root][INFO] - Reward: -0.9679012748598534
[2024-04-25 15:59:40,101][root][INFO] - --------------- Start iteration i=46 ---------------
[2024-04-25 15:59:40,101][root][INFO] - Length of data.x: 28
[2024-04-25 15:59:40,101][root][INFO] - Length of data.y: 28
[2024-04-25 15:59:40,322][root][INFO] - x: [ 0.00271413  0.11119803 -0.38215776  0.33410199 -1.        ]
[2024-04-25 15:59:40,322][root][INFO] - y: [ 0.0111198  -0.01680007  0.26587013 -0.09762547]
[2024-04-25 15:59:40,323][root][INFO] - Reward: -0.05707440951309606
[2024-04-25 15:59:40,325][root][INFO] - --------------- Start iteration i=47 ---------------
[2024-04-25 15:59:40,325][root][INFO] - Length of data.x: 29
[2024-04-25 15:59:40,325][root][INFO] - Length of data.y: 29
[2024-04-25 15:59:40,543][root][INFO] - x: [ 0.01383394  0.09439796 -0.11628763  0.23647651  0.23458886]
[2024-04-25 15:59:40,543][root][INFO] - y: [0.0094398  0.04303511 0.18818218 0.00511256]
[2024-04-25 15:59:40,543][root][INFO] - Reward: -0.6604017990810539
[2024-04-25 15:59:40,545][root][INFO] - --------------- Start iteration i=48 ---------------
[2024-04-25 15:59:40,545][root][INFO] - Length of data.x: 30
[2024-04-25 15:59:40,545][root][INFO] - Length of data.y: 30
[2024-04-25 15:59:40,760][root][INFO] - x: [ 0.02327373  0.13743307  0.07189455  0.24158907 -0.25475367]
[2024-04-25 15:59:40,761][root][INFO] - y: [ 0.01374331 -0.04825378  0.19225063 -0.02503652]
[2024-04-25 15:59:40,761][root][INFO] - Reward: -0.9962656171264954
[2024-04-25 15:59:40,762][root][INFO] - --------------- Start iteration i=49 ---------------
[2024-04-25 15:59:40,763][root][INFO] - Length of data.x: 31
[2024-04-25 15:59:40,763][root][INFO] - Length of data.y: 31
[2024-04-25 15:59:40,969][root][INFO] - x: [0.03701704 0.08917929 0.26414518 0.21655255 0.35350174]
[2024-04-25 15:59:40,970][root][INFO] - y: [0.00891793 0.02455624 0.17232718 0.08902937]
[2024-04-25 15:59:40,970][root][INFO] - Reward: -0.9999757787887859
[2024-04-25 15:59:40,970][root][INFO] - Explore episode complete with return -22.340163776995386, resetting
[2024-04-25 15:59:40,970][root][INFO] - Exploration Episode Rewards: [-0.9999900674954921, -0.9999907563460473, -0.9999958910414128, -0.9999996433466918, -0.9999999065114615, -0.9999999990593836, -0.9999999999953182, -0.9999999999997021, -0.9999999998592576, -0.999568661459574, -0.5810382657844044, -0.9984659694468878, -0.9999828342180248, -0.9999983391737295, -0.9995702304060671, -0.7351782318374303, -0.3451668004347048, -0.9996536521403466, -0.9999892068432028, -0.9999564422269627, -0.9679012748598534, -0.05707440951309606, -0.6604017990810539, -0.9962656171264954, -0.9999757787887859]
[2024-04-25 15:59:40,971][root][INFO] - --------------- Start iteration i=50 ---------------
[2024-04-25 15:59:40,972][root][INFO] - Length of data.x: 32
[2024-04-25 15:59:40,972][root][INFO] - Length of data.y: 32
[2024-04-25 15:59:48,452][root][INFO] - Eval Returns: [-22.8436358  -24.99881449 -24.402552   -24.99964078 -24.99992455]
[2024-04-25 15:59:48,461][root][INFO] - Eval Returns: mean=-24.449 std=0.835
[2024-04-25 15:59:48,461][root][INFO] - Eval ndata: 32.000
[2024-04-25 15:59:48,461][root][INFO] - Model MSE (current real MPC): 0.677
[2024-04-25 15:59:49,618][root][INFO] - Model MSE (random test set): 0.193
[2024-04-25 15:59:49,619][root][INFO] - Model MSE (GT MPC): 0.017
[2024-04-25 15:59:49,619][root][INFO] - Model Likelihood (random test set): -3.734
[2024-04-25 15:59:49,619][root][INFO] - Model Likelihood (GT MPC): -3.695
[2024-04-25 15:59:49,619][root][INFO] - *[TIME] [Evaluate the current MPC policy] Elapsed: 8.51 seconds
[2024-04-25 15:59:55,305][root][INFO] - x: [-2.75589848e-03 -1.49509852e-03  9.99158441e-01 -3.27934383e-04
 -1.51337266e-01]
[2024-04-25 15:59:55,305][root][INFO] - y: [-0.00014951 -0.01223893 -0.00026096  0.01249876]
[2024-04-25 15:59:55,306][root][INFO] - Reward: -0.9999901274435651
[2024-04-25 15:59:56,830][root][INFO] - --------------- Start iteration i=51 ---------------
[2024-04-25 15:59:56,830][root][INFO] - Length of data.x: 23
[2024-04-25 15:59:56,830][root][INFO] - Length of data.y: 23
[2024-04-25 15:59:58,221][root][INFO] - x: [-0.00290541 -0.01373403  0.99889748  0.01217083 -1.        ]
[2024-04-25 15:59:58,222][root][INFO] - y: [-0.0013734  -0.07998468  0.00968524  0.08032458]
[2024-04-25 15:59:58,222][root][INFO] - Reward: -0.9999903023583133
[2024-04-25 15:59:58,223][root][INFO] - --------------- Start iteration i=52 ---------------
[2024-04-25 15:59:58,224][root][INFO] - Length of data.x: 16
[2024-04-25 15:59:58,224][root][INFO] - Length of data.y: 16
[2024-04-25 15:59:58,879][root][INFO] - x: [-0.00427881 -0.09371871 -0.99141728  0.0924954   0.79208037]
[2024-04-25 15:59:58,879][root][INFO] - y: [-0.00937187  0.06677088  0.07360556 -0.06939434]
[2024-04-25 15:59:58,879][root][INFO] - Reward: -0.999992590515895
[2024-04-25 15:59:58,881][root][INFO] - --------------- Start iteration i=53 ---------------
[2024-04-25 15:59:58,881][root][INFO] - Length of data.x: 12
[2024-04-25 15:59:58,881][root][INFO] - Length of data.y: 12
[2024-04-25 15:59:59,192][root][INFO] - x: [-0.01365068 -0.02694783 -0.91781171  0.02310106 -1.        ]
[2024-04-25 15:59:59,193][root][INFO] - y: [-0.00269478 -0.06237798  0.01838326  0.03523528]
[2024-04-25 15:59:59,193][root][INFO] - Reward: -0.9999934509907801
[2024-04-25 15:59:59,194][root][INFO] - --------------- Start iteration i=54 ---------------
[2024-04-25 15:59:59,194][root][INFO] - Length of data.x: 12
[2024-04-25 15:59:59,194][root][INFO] - Length of data.y: 12
[2024-04-25 15:59:59,781][root][INFO] - x: [-0.01634546 -0.08932581 -0.89942846  0.05833635  1.        ]
[2024-04-25 15:59:59,781][root][INFO] - y: [-0.00893258  0.09491844  0.04642263 -0.12073325]
[2024-04-25 15:59:59,782][root][INFO] - Reward: -0.9999963070072128
[2024-04-25 15:59:59,783][root][INFO] - --------------- Start iteration i=55 ---------------
[2024-04-25 15:59:59,783][root][INFO] - Length of data.x: 9
[2024-04-25 15:59:59,783][root][INFO] - Length of data.y: 9
[2024-04-25 16:00:00,139][root][INFO] - x: [-0.02527805  0.00559263 -0.85300583 -0.0623969  -0.73821396]
[2024-04-25 16:00:00,140][root][INFO] - y: [ 0.00055926 -0.02952521 -0.04965392 -0.01732131]
[2024-04-25 16:00:00,141][root][INFO] - Reward: -0.9999961057042887
[2024-04-25 16:00:00,143][root][INFO] - --------------- Start iteration i=56 ---------------
[2024-04-25 16:00:00,143][root][INFO] - Length of data.x: 9
[2024-04-25 16:00:00,143][root][INFO] - Length of data.y: 9
[2024-04-25 16:00:00,493][root][INFO] - x: [-0.02471878 -0.02393258 -0.90265975 -0.07971821  0.10501071]
[2024-04-25 16:00:00,493][root][INFO] - y: [-0.00239326  0.02709567 -0.06343779 -0.05540281]
[2024-04-25 16:00:00,494][root][INFO] - Reward: -0.9999956793524607
[2024-04-25 16:00:00,495][root][INFO] - --------------- Start iteration i=57 ---------------
[2024-04-25 16:00:00,495][root][INFO] - Length of data.x: 9
[2024-04-25 16:00:00,495][root][INFO] - Length of data.y: 9
[2024-04-25 16:00:00,841][root][INFO] - x: [-0.02711204  0.00316309 -0.96609754 -0.13512102 -0.76609688]
[2024-04-25 16:00:00,842][root][INFO] - y: [ 0.00031631 -0.05184713 -0.10752598  0.04111378]
[2024-04-25 16:00:00,842][root][INFO] - Reward: -0.9999882460668482
[2024-04-25 16:00:00,844][root][INFO] - --------------- Start iteration i=58 ---------------
[2024-04-25 16:00:00,844][root][INFO] - Length of data.x: 9
[2024-04-25 16:00:00,844][root][INFO] - Length of data.y: 9
[2024-04-25 16:00:01,150][root][INFO] - x: [-0.02679573 -0.04868404  0.92637648 -0.09400724  0.36726452]
[2024-04-25 16:00:01,150][root][INFO] - y: [-0.0048684   0.01354697 -0.07480864  0.00932522]
[2024-04-25 16:00:01,151][root][INFO] - Reward: -0.9999676997086384
[2024-04-25 16:00:01,152][root][INFO] - --------------- Start iteration i=59 ---------------
[2024-04-25 16:00:01,152][root][INFO] - Length of data.x: 9
[2024-04-25 16:00:01,152][root][INFO] - Length of data.y: 9
[2024-04-25 16:00:01,864][root][INFO] - x: [-0.03166414 -0.03513707  0.85156784 -0.08468202  0.57757982]
[2024-04-25 16:00:01,864][root][INFO] - y: [-0.00351371  0.01629425 -0.06738787  0.02959603]
[2024-04-25 16:00:01,864][root][INFO] - Reward: -0.9998902917189002
[2024-04-25 16:00:01,865][root][INFO] - --------------- Start iteration i=60 ---------------
[2024-04-25 16:00:01,866][root][INFO] - Length of data.x: 4
[2024-04-25 16:00:01,866][root][INFO] - Length of data.y: 4
[2024-04-25 16:00:08,014][root][INFO] - Eval Returns: [-24.99648367 -24.99995945 -24.99997298 -24.88882465 -23.7806195 ]
[2024-04-25 16:00:08,022][root][INFO] - Eval Returns: mean=-24.733 std=0.478
[2024-04-25 16:00:08,022][root][INFO] - Eval ndata: 4.000
[2024-04-25 16:00:08,022][root][INFO] - Model MSE (current real MPC): 0.451
[2024-04-25 16:00:09,102][root][INFO] - Model MSE (random test set): 0.313
[2024-04-25 16:00:09,102][root][INFO] - Model MSE (GT MPC): 0.057
[2024-04-25 16:00:09,102][root][INFO] - Model Likelihood (random test set): -3.728
[2024-04-25 16:00:09,102][root][INFO] - Model Likelihood (GT MPC): -3.686
[2024-04-25 16:00:09,102][root][INFO] - *[TIME] [Evaluate the current MPC policy] Elapsed: 7.10 seconds
[2024-04-25 16:00:13,028][root][INFO] - x: [-0.03517784 -0.01884282  0.78417997 -0.05508599  0.00834302]
[2024-04-25 16:00:13,028][root][INFO] - y: [-0.00188428 -0.02481208 -0.04383608  0.08092025]
[2024-04-25 16:00:13,029][root][INFO] - Reward: -0.9997295389883549
[2024-04-25 16:00:15,117][root][INFO] - --------------- Start iteration i=61 ---------------
[2024-04-25 16:00:15,117][root][INFO] - Length of data.x: 5
[2024-04-25 16:00:15,117][root][INFO] - Length of data.y: 5
[2024-04-25 16:00:15,321][root][INFO] - x: [-0.03706212 -0.0436549   0.7403439   0.02583425  0.71892822]
[2024-04-25 16:00:15,321][root][INFO] - y: [-0.00436549  0.02130033  0.02055826  0.05691436]
[2024-04-25 16:00:15,321][root][INFO] - Reward: -0.9998211121173476
[2024-04-25 16:00:15,323][root][INFO] - --------------- Start iteration i=62 ---------------
[2024-04-25 16:00:15,323][root][INFO] - Length of data.x: 6
[2024-04-25 16:00:15,323][root][INFO] - Length of data.y: 6
[2024-04-25 16:00:15,485][root][INFO] - x: [-0.04142761 -0.02235457  0.76090216  0.08274862  0.56038086]
[2024-04-25 16:00:15,486][root][INFO] - y: [-0.00223546  0.00686807  0.06584931  0.0619996 ]
[2024-04-25 16:00:15,486][root][INFO] - Reward: -0.9999564854428641
[2024-04-25 16:00:15,487][root][INFO] - --------------- Start iteration i=63 ---------------
[2024-04-25 16:00:15,488][root][INFO] - Length of data.x: 7
[2024-04-25 16:00:15,488][root][INFO] - Length of data.y: 7
[2024-04-25 16:00:15,626][root][INFO] - x: [-0.04366307 -0.0154865   0.82675147  0.14474822 -0.77907072]
[2024-04-25 16:00:15,627][root][INFO] - y: [-0.00154865 -0.08997703  0.11518706  0.1278235 ]
[2024-04-25 16:00:15,627][root][INFO] - Reward: -0.9999953208478277
[2024-04-25 16:00:15,628][root][INFO] - --------------- Start iteration i=64 ---------------
[2024-04-25 16:00:15,628][root][INFO] - Length of data.x: 8
[2024-04-25 16:00:15,629][root][INFO] - Length of data.y: 8
[2024-04-25 16:00:15,768][root][INFO] - x: [-0.04521172 -0.10546353  0.94193853  0.27257172 -0.52901104]
[2024-04-25 16:00:15,769][root][INFO] - y: [-0.01054635 -0.06997808  0.21690586  0.08663041]
[2024-04-25 16:00:15,769][root][INFO] - Reward: -0.9999998713814159
[2024-04-25 16:00:15,770][root][INFO] - --------------- Start iteration i=65 ---------------
[2024-04-25 16:00:15,770][root][INFO] - Length of data.x: 9
[2024-04-25 16:00:15,770][root][INFO] - Length of data.y: 9
[2024-04-25 16:00:15,909][root][INFO] - x: [-0.05575807 -0.1754416  -0.84115561  0.35920213 -1.        ]
[2024-04-25 16:00:15,909][root][INFO] - y: [-0.01754416  0.03533268  0.2858442  -0.07801949]
[2024-04-25 16:00:15,910][root][INFO] - Reward: -0.9999999845471383
[2024-04-25 16:00:15,911][root][INFO] - --------------- Start iteration i=66 ---------------
[2024-04-25 16:00:15,911][root][INFO] - Length of data.x: 10
[2024-04-25 16:00:15,911][root][INFO] - Length of data.y: 10
[2024-04-25 16:00:16,052][root][INFO] - x: [-0.07330223 -0.14010892 -0.55531141  0.28118263  0.60529744]
[2024-04-25 16:00:16,052][root][INFO] - y: [-0.01401089  0.11220048  0.22375821 -0.11611969]
[2024-04-25 16:00:16,053][root][INFO] - Reward: -0.9999999066146553
[2024-04-25 16:00:16,054][root][INFO] - --------------- Start iteration i=67 ---------------
[2024-04-25 16:00:16,054][root][INFO] - Length of data.x: 11
[2024-04-25 16:00:16,054][root][INFO] - Length of data.y: 11
[2024-04-25 16:00:16,194][root][INFO] - x: [-0.08731313 -0.02790844 -0.3315532   0.16506294 -0.43157348]
[2024-04-25 16:00:16,194][root][INFO] - y: [-0.00279084 -0.01691483  0.13135302 -0.09330695]
[2024-04-25 16:00:16,195][root][INFO] - Reward: -0.9999969055436682
[2024-04-25 16:00:16,196][root][INFO] - --------------- Start iteration i=68 ---------------
[2024-04-25 16:00:16,196][root][INFO] - Length of data.x: 12
[2024-04-25 16:00:16,196][root][INFO] - Length of data.y: 12
[2024-04-25 16:00:16,337][root][INFO] - x: [-0.09010397 -0.04482327 -0.20020018  0.07175599 -0.99916236]
[2024-04-25 16:00:16,338][root][INFO] - y: [-0.00448233 -0.08504239  0.05710165 -0.12653974]
[2024-04-25 16:00:16,338][root][INFO] - Reward: -0.9999915009542354
[2024-04-25 16:00:16,340][root][INFO] - --------------- Start iteration i=69 ---------------
[2024-04-25 16:00:16,340][root][INFO] - Length of data.x: 13
[2024-04-25 16:00:16,340][root][INFO] - Length of data.y: 13
[2024-04-25 16:00:16,480][root][INFO] - x: [-0.0945863  -0.12986566 -0.14309852 -0.05478374  0.95199753]
[2024-04-25 16:00:16,481][root][INFO] - y: [-0.01298657  0.0513186  -0.04359555  0.00354514]
[2024-04-25 16:00:16,481][root][INFO] - Reward: -0.9999998800020957
[2024-04-25 16:00:16,483][root][INFO] - --------------- Start iteration i=70 ---------------
[2024-04-25 16:00:16,483][root][INFO] - Length of data.x: 14
[2024-04-25 16:00:16,483][root][INFO] - Length of data.y: 14
[2024-04-25 16:00:23,614][root][INFO] - Eval Returns: [-23.33162017 -19.69938553 -20.89814073 -20.28194921 -24.97305834]
[2024-04-25 16:00:23,623][root][INFO] - Eval Returns: mean=-21.837 std=1.997
[2024-04-25 16:00:23,623][root][INFO] - Eval ndata: 14.000
[2024-04-25 16:00:23,623][root][INFO] - Model MSE (current real MPC): 0.577
[2024-04-25 16:00:24,725][root][INFO] - Model MSE (random test set): 0.216
[2024-04-25 16:00:24,725][root][INFO] - Model MSE (GT MPC): 0.018
[2024-04-25 16:00:24,725][root][INFO] - Model Likelihood (random test set): -3.726
[2024-04-25 16:00:24,725][root][INFO] - Model Likelihood (GT MPC): -3.685
[2024-04-25 16:00:24,725][root][INFO] - *[TIME] [Evaluate the current MPC policy] Elapsed: 7.74 seconds
[2024-04-25 16:00:28,790][root][INFO] - x: [-0.10757286 -0.07854706 -0.18669408 -0.05123861  0.47729367]
[2024-04-25 16:00:28,791][root][INFO] - y: [-0.00785471  0.0122148  -0.04077442 -0.04417667]
[2024-04-25 16:00:28,791][root][INFO] - Reward: -0.9999999959708346
[2024-04-25 16:00:30,587][root][INFO] - --------------- Start iteration i=71 ---------------
[2024-04-25 16:00:30,588][root][INFO] - Length of data.x: 15
[2024-04-25 16:00:30,588][root][INFO] - Length of data.y: 15
[2024-04-25 16:00:30,751][root][INFO] - x: [-0.11542757 -0.06633226 -0.2274685  -0.09541527  0.37766539]
[2024-04-25 16:00:30,752][root][INFO] - y: [-0.00663323  0.00879282 -0.07592912 -0.05771128]
[2024-04-25 16:00:30,752][root][INFO] - Reward: -0.9999999999581217
[2024-04-25 16:00:30,753][root][INFO] - --------------- Start iteration i=72 ---------------
[2024-04-25 16:00:30,753][root][INFO] - Length of data.x: 16
[2024-04-25 16:00:30,754][root][INFO] - Length of data.y: 16
[2024-04-25 16:00:30,910][root][INFO] - x: [-0.12206079 -0.05753944 -0.30339762 -0.15312656  0.26612365]
[2024-04-25 16:00:30,910][root][INFO] - y: [-0.00575394  0.01649055 -0.12185434 -0.07050703]
[2024-04-25 16:00:30,911][root][INFO] - Reward: -0.9999999999998332
[2024-04-25 16:00:30,912][root][INFO] - --------------- Start iteration i=73 ---------------
[2024-04-25 16:00:30,912][root][INFO] - Length of data.x: 17
[2024-04-25 16:00:30,912][root][INFO] - Length of data.y: 17
[2024-04-25 16:00:31,068][root][INFO] - x: [-0.12781474 -0.04104889 -0.42525196 -0.22363359  0.26812278]
[2024-04-25 16:00:31,068][root][INFO] - y: [-0.00410489  0.05214145 -0.1779621  -0.08337272]
[2024-04-25 16:00:31,069][root][INFO] - Reward: -0.9999999999999972
[2024-04-25 16:00:31,070][root][INFO] - --------------- Start iteration i=74 ---------------
[2024-04-25 16:00:31,070][root][INFO] - Length of data.x: 18
[2024-04-25 16:00:31,070][root][INFO] - Length of data.y: 18
[2024-04-25 16:00:31,228][root][INFO] - x: [-0.13191963  0.01109256 -0.60321406 -0.30700631  0.07123398]
[2024-04-25 16:00:31,229][root][INFO] - y: [ 0.00110926  0.10222035 -0.24430806 -0.12565032]
[2024-04-25 16:00:31,229][root][INFO] - Reward: -0.9999999999999339
[2024-04-25 16:00:31,229][root][INFO] - Explore episode complete with return -24.99929130323522, resetting
[2024-04-25 16:00:31,229][root][INFO] - Exploration Episode Rewards: [-0.9999901274435651, -0.9999903023583133, -0.999992590515895, -0.9999934509907801, -0.9999963070072128, -0.9999961057042887, -0.9999956793524607, -0.9999882460668482, -0.9999676997086384, -0.9998902917189002, -0.9997295389883549, -0.9998211121173476, -0.9999564854428641, -0.9999953208478277, -0.9999998713814159, -0.9999999845471383, -0.9999999066146553, -0.9999969055436682, -0.9999915009542354, -0.9999998800020957, -0.9999999959708346, -0.9999999999581217, -0.9999999999998332, -0.9999999999999972, -0.9999999999999339]
[2024-04-25 16:00:31,231][root][INFO] - --------------- Start iteration i=75 ---------------
[2024-04-25 16:00:31,231][root][INFO] - Length of data.x: 19
[2024-04-25 16:00:31,231][root][INFO] - Length of data.y: 19
[2024-04-25 16:00:31,391][root][INFO] - x: [ 2.16527117e-03 -2.08550916e-04 -9.96843604e-01  1.05353842e-04
 -5.12219088e-01]
[2024-04-25 16:00:31,391][root][INFO] - y: [-2.08550916e-05 -8.13625470e-02  8.38379915e-05  8.03845507e-02]
[2024-04-25 16:00:31,392][root][INFO] - Reward: -0.9999900832386251
[2024-04-25 16:00:31,393][root][INFO] - --------------- Start iteration i=76 ---------------
[2024-04-25 16:00:31,393][root][INFO] - Length of data.x: 20
[2024-04-25 16:00:31,393][root][INFO] - Length of data.y: 20
[2024-04-25 16:00:31,551][root][INFO] - x: [ 0.00214442 -0.0815711  -0.99675977  0.0804899  -0.24779644]
[2024-04-25 16:00:31,552][root][INFO] - y: [-0.00815711 -0.03764112  0.06405188  0.03663931]
[2024-04-25 16:00:31,552][root][INFO] - Reward: -0.9999902846778173
[2024-04-25 16:00:31,553][root][INFO] - --------------- Start iteration i=77 ---------------
[2024-04-25 16:00:31,553][root][INFO] - Length of data.x: 21
[2024-04-25 16:00:31,553][root][INFO] - Length of data.y: 21
[2024-04-25 16:00:31,698][root][INFO] - x: [-0.00601269 -0.11921222 -0.93270788  0.11712922  0.18244458]
[2024-04-25 16:00:31,698][root][INFO] - y: [-0.01192122  0.03206236  0.09320855 -0.0519544 ]
[2024-04-25 16:00:31,699][root][INFO] - Reward: -0.9999931566914801
[2024-04-25 16:00:31,700][root][INFO] - --------------- Start iteration i=78 ---------------
[2024-04-25 16:00:31,700][root][INFO] - Length of data.x: 22
[2024-04-25 16:00:31,700][root][INFO] - Length of data.y: 22
[2024-04-25 16:00:31,856][root][INFO] - x: [-0.01793392 -0.08714986 -0.83949934  0.06517482  0.15483589]
[2024-04-25 16:00:31,856][root][INFO] - y: [-0.00871499  0.03665023  0.05186452 -0.07953268]
[2024-04-25 16:00:31,856][root][INFO] - Reward: -0.9999960271910515
[2024-04-25 16:00:31,858][root][INFO] - --------------- Start iteration i=79 ---------------
[2024-04-25 16:00:31,858][root][INFO] - Length of data.x: 23
[2024-04-25 16:00:31,858][root][INFO] - Length of data.y: 23
[2024-04-25 16:00:32,001][root][INFO] - x: [-0.0266489  -0.05049963 -0.78763482 -0.01435786  0.24011867]
[2024-04-25 16:00:32,002][root][INFO] - y: [-0.00504996  0.03972369 -0.01142563 -0.09196856]
[2024-04-25 16:00:32,002][root][INFO] - Reward: -0.9999977615340627
[2024-04-25 16:00:32,003][root][INFO] - --------------- Start iteration i=80 ---------------
[2024-04-25 16:00:32,004][root][INFO] - Length of data.x: 24
[2024-04-25 16:00:32,004][root][INFO] - Length of data.y: 24
[2024-04-25 16:00:39,841][root][INFO] - Eval Returns: [-22.48778926 -23.71858217 -22.3657229  -22.73071412 -22.67612048]
[2024-04-25 16:00:39,850][root][INFO] - Eval Returns: mean=-22.796 std=0.480
[2024-04-25 16:00:39,850][root][INFO] - Eval ndata: 24.000
[2024-04-25 16:00:39,850][root][INFO] - Model MSE (current real MPC): 0.579
[2024-04-25 16:00:41,000][root][INFO] - Model MSE (random test set): 0.202
[2024-04-25 16:00:41,001][root][INFO] - Model MSE (GT MPC): 0.015
[2024-04-25 16:00:41,001][root][INFO] - Model Likelihood (random test set): -3.731
[2024-04-25 16:00:41,001][root][INFO] - Model Likelihood (GT MPC): -3.692
[2024-04-25 16:00:41,001][root][INFO] - *[TIME] [Evaluate the current MPC policy] Elapsed: 8.85 seconds
