[2024-04-23 21:26:30,299][root][INFO] - Dumper dumping to /tirl/experiments/mpc_frozencartpole_2024-04-23/21-26-09/seed_0
[2024-04-23 21:26:30,328][root][INFO] - Start obs: None
[2024-04-23 21:27:16,206][root][INFO] - GT Returns: [-10.42772867 -11.54980042 -10.36940951 -10.48363558 -12.43825328]
[2024-04-23 21:27:16,206][root][INFO] - GT Returns: mean=-11.054 std=0.818
[2024-04-23 21:27:16,207][root][INFO] - Path Lengths: [36345, 36345, 36345, 36345, 36345]
[2024-04-23 21:27:16,207][root][INFO] - Path Lengths: mean=36345.000 std=0.000
[2024-04-23 21:27:16,304][root][INFO] - all_x.shape = (181725, 5)
[2024-04-23 21:27:16,310][root][INFO] - all_x.min(axis=0) = [-0.5719387  -0.93165903 -0.99993309 -0.85590964 -1.        ]
[2024-04-23 21:27:16,316][root][INFO] - all_x.max(axis=0) = [0.89139028 1.39770752 0.99998977 0.8684865  1.        ]
[2024-04-23 21:27:16,320][root][INFO] - all_x.mean(axis=0) = [ 0.00767401  0.02081537 -0.01777016 -0.04996336  0.03773553]
[2024-04-23 21:27:16,331][root][INFO] - all_x.var(axis=0) = [0.00745989 0.03382844 0.23040931 0.07449107 0.21638695]
[2024-04-23 21:27:16,403][root][INFO] - 
============================================================
 Fitting Hyperparameters
============================================================
[2024-04-23 21:27:16,404][root][INFO] - Number of observations in fit_data: 18
[2024-04-23 21:27:41,253][root][INFO] - gp_params for output 0 = {'ls': [19274.778398960258, 3.0741000195586525, 54561.98994709663, 41796.30016209371, 67556.46535424293], 'alpha': 0.18943330515199602, 'sigma': 0.010000000000000005, 'n_dimx': 5}
[2024-04-23 21:27:59,532][root][INFO] - gp_params for output 1 = {'ls': [12166.206297684632, 17.684094262912406, 0.5743961807560755, 0.4707979749723402, 3.0955440326243124], 'alpha': 0.28439322065773137, 'sigma': 0.010000000000000005, 'n_dimx': 5}
[2024-04-23 21:28:16,800][root][INFO] - gp_params for output 2 = {'ls': [382467.8522132107, 1171803.1692504063, 1798494.58427214, 10.166398081512627, 822677.1811738005], 'alpha': 4.746816875089303, 'sigma': 0.010000000000000005, 'n_dimx': 5}
[2024-04-23 21:28:34,023][root][INFO] - gp_params for output 3 = {'ls': [1.8083095631574653, 88093.00692048708, 2.088175899455395, 9481.116479756001, 0.5648119116550527], 'alpha': 0.2816740628093723, 'sigma': 0.010000000000000005, 'n_dimx': 5}
