[2024-04-23 22:41:40,766][root][INFO] - Dumper dumping to /tirl/experiments/mpc_cartpole_2024-04-23/22-41-36/seed_0
[2024-04-23 22:41:40,770][root][INFO] - Start obs: None
[2024-04-23 22:41:56,515][root][INFO] - GT Returns: [-13.68995112 -10.75977612 -11.62510147 -10.09704642 -11.5342906 ]
[2024-04-23 22:41:56,515][root][INFO] - GT Returns: mean=-11.541 std=1.210
[2024-04-23 22:41:56,515][root][INFO] - Path Lengths: [36345, 36345, 36345, 36345, 36345]
[2024-04-23 22:41:56,515][root][INFO] - Path Lengths: mean=36345.000 std=0.000
[2024-04-23 22:41:56,572][root][INFO] - all_x.shape = (181725, 5)
[2024-04-23 22:41:56,576][root][INFO] - all_x.min(axis=0) = [-0.91791997 -1.51263853 -0.99999224 -0.88114464 -1.        ]
[2024-04-23 22:41:56,581][root][INFO] - all_x.max(axis=0) = [0.94123961 1.43077248 0.9999985  0.92416739 1.        ]
[2024-04-23 22:41:56,584][root][INFO] - all_x.mean(axis=0) = [ 0.0089821   0.00956189 -0.00059158  0.01187953  0.01619744]
[2024-04-23 22:41:56,592][root][INFO] - all_x.var(axis=0) = [0.01156088 0.05143013 0.23502706 0.08861566 0.1996118 ]
[2024-04-23 22:41:56,632][root][INFO] - --------------- Start iteration i=0 ---------------
[2024-04-23 22:41:56,632][root][INFO] - Length of data.x: 1
[2024-04-23 22:41:56,632][root][INFO] - Length of data.y: 1
[2024-04-23 22:42:01,947][root][INFO] - Eval Returns: [-24.99991583 -24.99988563 -24.99937172 -24.99665929 -24.996086  ]
[2024-04-23 22:42:01,953][root][INFO] - Eval Returns: mean=-24.998 std=0.002
[2024-04-23 22:42:01,953][root][INFO] - Eval ndata: 1.000
[2024-04-23 22:42:01,953][root][INFO] - Model MSE (current real MPC): 0.499
[2024-04-23 22:42:03,080][root][INFO] - Model MSE (random test set): 0.379
[2024-04-23 22:42:03,080][root][INFO] - Model MSE (GT MPC): 0.090
[2024-04-23 22:42:03,080][root][INFO] - Model Likelihood (random test set): -4.110
[2024-04-23 22:42:03,080][root][INFO] - Model Likelihood (GT MPC): -3.882
[2024-04-23 22:42:03,080][root][INFO] - *[TIME] [Evaluate the current MPC policy] Elapsed: 6.33 seconds
[2024-04-23 22:42:05,907][root][INFO] - x: [ 2.62878549e-03 -2.11256374e-03 -9.91416959e-01 -5.64118635e-04
 -1.56208473e-01]
[2024-04-23 22:42:05,907][root][INFO] - y: [-0.00021126 -0.02336123 -0.00044891  0.0207049 ]
[2024-04-23 22:42:05,907][root][INFO] - Reward: -0.99999003930792
[2024-04-23 22:42:08,951][root][INFO] - --------------- Start iteration i=1 ---------------
[2024-04-23 22:42:08,952][root][INFO] - Length of data.x: 2
[2024-04-23 22:42:08,952][root][INFO] - Length of data.y: 2
[2024-04-23 22:42:09,062][root][INFO] - x: [ 0.00241753 -0.02547379 -0.99186587  0.02014079  1.        ]
[2024-04-23 22:42:09,062][root][INFO] - y: [-0.00254738  0.16186485  0.01602754 -0.16432138]
[2024-04-23 22:42:09,063][root][INFO] - Reward: -0.9999899140975196
[2024-04-23 22:42:09,063][root][INFO] - --------------- Start iteration i=2 ---------------
[2024-04-23 22:42:09,063][root][INFO] - Length of data.x: 3
[2024-04-23 22:42:09,063][root][INFO] - Length of data.y: 3
[2024-04-23 22:42:09,165][root][INFO] - x: [-1.29850230e-04  1.36391059e-01 -9.75838330e-01 -1.44180598e-01
 -7.43096582e-01]
[2024-04-23 22:42:09,166][root][INFO] - y: [ 0.01363911 -0.11386472 -0.11473537  0.10608976]
[2024-04-23 22:42:09,166][root][INFO] - Reward: -0.9999924837998712
[2024-04-23 22:42:09,166][root][INFO] - --------------- Start iteration i=3 ---------------
[2024-04-23 22:42:09,166][root][INFO] - Length of data.x: 4
[2024-04-23 22:42:09,166][root][INFO] - Length of data.y: 4
[2024-04-23 22:42:09,276][root][INFO] - x: [ 0.01350926  0.02252634  0.9094263  -0.03809084 -0.26528238]
[2024-04-23 22:42:09,277][root][INFO] - y: [ 0.00225263 -0.05661475 -0.03031175  0.08190525]
[2024-04-23 22:42:09,277][root][INFO] - Reward: -0.9999929977393412
[2024-04-23 22:42:09,277][root][INFO] - --------------- Start iteration i=4 ---------------
[2024-04-23 22:42:09,277][root][INFO] - Length of data.x: 5
[2024-04-23 22:42:09,277][root][INFO] - Length of data.y: 5
[2024-04-23 22:42:09,381][root][INFO] - x: [ 0.01576189 -0.03408841  0.87911455  0.04381441 -0.96792576]
[2024-04-23 22:42:09,381][root][INFO] - y: [-0.00340884 -0.16229405  0.03486643  0.18713416]
[2024-04-23 22:42:09,381][root][INFO] - Reward: -0.9999921076708954
[2024-04-23 22:42:09,382][root][INFO] - --------------- Start iteration i=5 ---------------
[2024-04-23 22:42:09,382][root][INFO] - Length of data.x: 6
[2024-04-23 22:42:09,382][root][INFO] - Length of data.y: 6
[2024-04-23 22:42:09,487][root][INFO] - x: [ 0.01235305 -0.19638246  0.91398098  0.23094857  0.04139181]
[2024-04-23 22:42:09,487][root][INFO] - y: [-0.01963825 -0.02565518  0.18378318  0.05093973]
[2024-04-23 22:42:09,487][root][INFO] - Reward: -0.9999899138984341
[2024-04-23 22:42:09,487][root][INFO] - --------------- Start iteration i=6 ---------------
[2024-04-23 22:42:09,488][root][INFO] - Length of data.x: 7
[2024-04-23 22:42:09,488][root][INFO] - Length of data.y: 7
[2024-04-23 22:42:09,593][root][INFO] - x: [-0.0072852  -0.22203764 -0.90223584  0.2818883  -0.54012362]
[2024-04-23 22:42:09,593][root][INFO] - y: [-0.02220376 -0.02830006  0.22431976 -0.00271324]
[2024-04-23 22:42:09,593][root][INFO] - Reward: -0.9999932788526704
[2024-04-23 22:42:09,594][root][INFO] - --------------- Start iteration i=7 ---------------
[2024-04-23 22:42:09,594][root][INFO] - Length of data.x: 8
[2024-04-23 22:42:09,594][root][INFO] - Length of data.y: 8
[2024-04-23 22:42:09,702][root][INFO] - x: [-0.02948896 -0.2503377  -0.67791607  0.27917506 -0.89094695]
[2024-04-23 22:42:09,702][root][INFO] - y: [-0.02503377 -0.0090406   0.22216064 -0.07846169]
[2024-04-23 22:42:09,702][root][INFO] - Reward: -0.9999963610661604
[2024-04-23 22:42:09,703][root][INFO] - --------------- Start iteration i=8 ---------------
[2024-04-23 22:42:09,703][root][INFO] - Length of data.x: 9
[2024-04-23 22:42:09,703][root][INFO] - Length of data.y: 9
[2024-04-23 22:42:09,812][root][INFO] - x: [-0.05452273 -0.2593783  -0.45575544  0.20071338  0.0626037 ]
[2024-04-23 22:42:09,812][root][INFO] - y: [-0.02593783  0.04150367  0.15972276 -0.09150244]
[2024-04-23 22:42:09,812][root][INFO] - Reward: -0.9999988635540252
[2024-04-23 22:42:09,813][root][INFO] - --------------- Start iteration i=9 ---------------
[2024-04-23 22:42:09,813][root][INFO] - Length of data.x: 10
[2024-04-23 22:42:09,813][root][INFO] - Length of data.y: 10
[2024-04-23 22:42:09,931][root][INFO] - x: [-0.08046056 -0.21787463 -0.29603268  0.10921094  0.37073888]
[2024-04-23 22:42:09,931][root][INFO] - y: [-0.02178746  0.03529929  0.08690737 -0.05761713]
[2024-04-23 22:42:09,932][root][INFO] - Reward: -0.9999998248437655
[2024-04-23 22:42:09,932][root][INFO] - --------------- Start iteration i=10 ---------------
[2024-04-23 22:42:09,932][root][INFO] - Length of data.x: 11
[2024-04-23 22:42:09,932][root][INFO] - Length of data.y: 11
[2024-04-23 22:42:15,900][root][INFO] - Eval Returns: [-24.99998123 -24.04788097 -24.99998124 -22.99223189 -24.99992648]
[2024-04-23 22:42:15,908][root][INFO] - Eval Returns: mean=-24.408 std=0.798
[2024-04-23 22:42:15,908][root][INFO] - Eval ndata: 11.000
[2024-04-23 22:42:15,908][root][INFO] - Model MSE (current real MPC): 0.584
[2024-04-23 22:42:17,049][root][INFO] - Model MSE (random test set): 0.158
[2024-04-23 22:42:17,049][root][INFO] - Model MSE (GT MPC): 0.062
[2024-04-23 22:42:17,049][root][INFO] - Model Likelihood (random test set): -3.788
[2024-04-23 22:42:17,049][root][INFO] - Model Likelihood (GT MPC): -3.749
[2024-04-23 22:42:17,049][root][INFO] - *[TIME] [Evaluate the current MPC policy] Elapsed: 7.01 seconds
[2024-04-23 22:42:22,100][root][INFO] - x: [-0.10224802 -0.18257534 -0.2091253   0.05159381  0.04706656]
[2024-04-23 22:42:22,100][root][INFO] - y: [-0.01825753 -0.01274992  0.04105708 -0.07006984]
[2024-04-23 22:42:22,101][root][INFO] - Reward: -0.999999987899424
[2024-04-23 22:42:25,326][root][INFO] - --------------- Start iteration i=11 ---------------
[2024-04-23 22:42:25,326][root][INFO] - Length of data.x: 12
[2024-04-23 22:42:25,326][root][INFO] - Length of data.y: 12
[2024-04-23 22:42:25,441][root][INFO] - x: [-0.12050556 -0.19532526 -0.16806822 -0.01847603  1.        ]
[2024-04-23 22:42:25,441][root][INFO] - y: [-0.01953253  0.1195367  -0.01470277  0.05378373]
[2024-04-23 22:42:25,441][root][INFO] - Reward: -0.9999999999588689
[2024-04-23 22:42:25,442][root][INFO] - --------------- Start iteration i=12 ---------------
[2024-04-23 22:42:25,442][root][INFO] - Length of data.x: 13
[2024-04-23 22:42:25,442][root][INFO] - Length of data.y: 13
[2024-04-23 22:42:25,551][root][INFO] - x: [-0.14003808 -0.07578857 -0.18277098  0.0353077   1.        ]
[2024-04-23 22:42:25,551][root][INFO] - y: [-0.00757886  0.11500126  0.028097    0.04322077]
[2024-04-23 22:42:25,551][root][INFO] - Reward: -0.9999999999815815
[2024-04-23 22:42:25,552][root][INFO] - --------------- Start iteration i=13 ---------------
[2024-04-23 22:42:25,552][root][INFO] - Length of data.x: 14
[2024-04-23 22:42:25,552][root][INFO] - Length of data.y: 14
[2024-04-23 22:42:25,663][root][INFO] - x: [-0.14761694  0.03921269 -0.15467398  0.07852847  0.44305679]
[2024-04-23 22:42:25,664][root][INFO] - y: [ 0.00392127  0.04443484  0.06249102 -0.0065705 ]
[2024-04-23 22:42:25,664][root][INFO] - Reward: -0.9999999989744037
[2024-04-23 22:42:25,664][root][INFO] - --------------- Start iteration i=14 ---------------
[2024-04-23 22:42:25,664][root][INFO] - Length of data.x: 15
[2024-04-23 22:42:25,664][root][INFO] - Length of data.y: 15
[2024-04-23 22:42:25,784][root][INFO] - x: [-0.14369567  0.08364752 -0.09218296  0.07195797 -1.        ]
[2024-04-23 22:42:25,784][root][INFO] - y: [ 0.00836475 -0.16707069  0.05726238 -0.18815648]
[2024-04-23 22:42:25,784][root][INFO] - Reward: -0.9999998990472749
[2024-04-23 22:42:25,785][root][INFO] - --------------- Start iteration i=15 ---------------
[2024-04-23 22:42:25,785][root][INFO] - Length of data.x: 16
[2024-04-23 22:42:25,785][root][INFO] - Length of data.y: 16
[2024-04-23 22:42:25,897][root][INFO] - x: [-0.13533092 -0.08342317 -0.03492058 -0.11619851  0.57423662]
[2024-04-23 22:42:25,897][root][INFO] - y: [-0.00834232  0.08838225 -0.09246791  0.07709937]
[2024-04-23 22:42:25,897][root][INFO] - Reward: -0.9999999998019333
[2024-04-23 22:42:25,898][root][INFO] - --------------- Start iteration i=16 ---------------
[2024-04-23 22:42:25,898][root][INFO] - Length of data.x: 17
[2024-04-23 22:42:25,898][root][INFO] - Length of data.y: 17
[2024-04-23 22:42:26,010][root][INFO] - x: [-0.14367324  0.00495908 -0.12738849 -0.03909914  1.        ]
[2024-04-23 22:42:26,010][root][INFO] - y: [ 0.00049591  0.12801359 -0.03111413  0.07963904]
[2024-04-23 22:42:26,010][root][INFO] - Reward: -0.9999999999471862
[2024-04-23 22:42:26,011][root][INFO] - --------------- Start iteration i=17 ---------------
[2024-04-23 22:42:26,011][root][INFO] - Length of data.x: 18
[2024-04-23 22:42:26,011][root][INFO] - Length of data.y: 18
[2024-04-23 22:42:26,122][root][INFO] - x: [-0.14317733  0.13297267 -0.15850262  0.0405399   0.54866657]
[2024-04-23 22:42:26,123][root][INFO] - y: [0.01329727 0.05463417 0.03226066 0.00109674]
[2024-04-23 22:42:26,123][root][INFO] - Reward: -0.9999999928670966
[2024-04-23 22:42:26,123][root][INFO] - --------------- Start iteration i=18 ---------------
[2024-04-23 22:42:26,123][root][INFO] - Length of data.x: 19
[2024-04-23 22:42:26,123][root][INFO] - Length of data.y: 19
[2024-04-23 22:42:26,237][root][INFO] - x: [-0.12988006  0.18760684 -0.12624197  0.04163664  0.14775079]
[2024-04-23 22:42:26,237][root][INFO] - y: [ 0.01876068  0.00059626  0.03313341 -0.03738321]
[2024-04-23 22:42:26,238][root][INFO] - Reward: -0.9999981469890685
[2024-04-23 22:42:26,238][root][INFO] - --------------- Start iteration i=19 ---------------
[2024-04-23 22:42:26,238][root][INFO] - Length of data.x: 20
[2024-04-23 22:42:26,238][root][INFO] - Length of data.y: 20
[2024-04-23 22:42:26,354][root][INFO] - x: [-0.11111938  0.1882031  -0.09310855  0.00425344  0.57492611]
[2024-04-23 22:42:26,354][root][INFO] - y: [0.01882031 0.06926113 0.00338478 0.03800265]
[2024-04-23 22:42:26,354][root][INFO] - Reward: -0.9999256913132779
[2024-04-23 22:42:26,355][root][INFO] - --------------- Start iteration i=20 ---------------
[2024-04-23 22:42:26,355][root][INFO] - Length of data.x: 21
[2024-04-23 22:42:26,355][root][INFO] - Length of data.y: 21
[2024-04-23 22:42:32,778][root][INFO] - Eval Returns: [-24.33512514 -24.99911445 -23.1977102  -24.22298808 -24.2273813 ]
[2024-04-23 22:42:32,783][root][INFO] - Eval Returns: mean=-24.196 std=0.577
[2024-04-23 22:42:32,784][root][INFO] - Eval ndata: 21.000
[2024-04-23 22:42:32,784][root][INFO] - Model MSE (current real MPC): 0.646
[2024-04-23 22:42:33,882][root][INFO] - Model MSE (random test set): 0.176
[2024-04-23 22:42:33,882][root][INFO] - Model MSE (GT MPC): 0.045
[2024-04-23 22:42:33,882][root][INFO] - Model Likelihood (random test set): -3.843
[2024-04-23 22:42:33,882][root][INFO] - Model Likelihood (GT MPC): -3.738
[2024-04-23 22:42:33,882][root][INFO] - *[TIME] [Evaluate the current MPC policy] Elapsed: 7.40 seconds
[2024-04-23 22:42:38,729][root][INFO] - x: [-0.09229907  0.25746423 -0.08972377  0.04225609  0.12308902]
[2024-04-23 22:42:38,729][root][INFO] - y: [ 0.02574642  0.00055195  0.03362635 -0.0267849 ]
[2024-04-23 22:42:38,730][root][INFO] - Reward: -0.991372304980313
[2024-04-23 22:42:41,042][root][INFO] - --------------- Start iteration i=21 ---------------
[2024-04-23 22:42:41,042][root][INFO] - Length of data.x: 22
[2024-04-23 22:42:41,042][root][INFO] - Length of data.y: 22
[2024-04-23 22:42:41,160][root][INFO] - x: [-0.06655265  0.25801618 -0.05609742  0.01547119  0.05107234]
[2024-04-23 22:42:41,160][root][INFO] - y: [ 0.02580162 -0.00595402  0.01231159 -0.02307864]
[2024-04-23 22:42:41,161][root][INFO] - Reward: -0.8533003482954538
[2024-04-23 22:42:41,161][root][INFO] - --------------- Start iteration i=22 ---------------
[2024-04-23 22:42:41,161][root][INFO] - Length of data.x: 23
[2024-04-23 22:42:41,161][root][INFO] - Length of data.y: 23
[2024-04-23 22:42:41,274][root][INFO] - x: [-0.04075103  0.25206216 -0.04378583 -0.00760745 -0.07614409]
[2024-04-23 22:42:41,274][root][INFO] - y: [ 0.02520622 -0.0239371  -0.00605382 -0.03717654]
[2024-04-23 22:42:41,274][root][INFO] - Reward: -0.3913303277370662
[2024-04-23 22:42:41,275][root][INFO] - --------------- Start iteration i=23 ---------------
[2024-04-23 22:42:41,275][root][INFO] - Length of data.x: 24
[2024-04-23 22:42:41,275][root][INFO] - Length of data.y: 24
[2024-04-23 22:42:41,388][root][INFO] - x: [-0.01554481  0.22812505 -0.04983965 -0.04478399  0.06969002]
[2024-04-23 22:42:41,388][root][INFO] - y: [ 0.02281251 -0.00108997 -0.035638   -0.01638963]
[2024-04-23 22:42:41,388][root][INFO] - Reward: -0.06159917611088184
[2024-04-23 22:42:41,389][root][INFO] - --------------- Start iteration i=24 ---------------
[2024-04-23 22:42:41,389][root][INFO] - Length of data.x: 25
[2024-04-23 22:42:41,389][root][INFO] - Length of data.y: 25
[2024-04-23 22:42:41,501][root][INFO] - x: [ 0.00726769  0.22703508 -0.08547765 -0.06117363  0.08260652]
[2024-04-23 22:42:41,501][root][INFO] - y: [ 0.02270351 -0.00383653 -0.04868046 -0.02975345]
[2024-04-23 22:42:41,501][root][INFO] - Reward: -0.044576795231584976
[2024-04-23 22:42:41,501][root][INFO] - Explore episode complete with return -22.34203845396602, resetting
[2024-04-23 22:42:41,501][root][INFO] - Exploration Episode Rewards: [-0.99999003930792, -0.9999899140975196, -0.9999924837998712, -0.9999929977393412, -0.9999921076708954, -0.9999899138984341, -0.9999932788526704, -0.9999963610661604, -0.9999988635540252, -0.9999998248437655, -0.999999987899424, -0.9999999999588689, -0.9999999999815815, -0.9999999989744037, -0.9999998990472749, -0.9999999998019333, -0.9999999999471862, -0.9999999928670966, -0.9999981469890685, -0.9999256913132779, -0.991372304980313, -0.8533003482954538, -0.3913303277370662, -0.06159917611088184, -0.044576795231584976]
[2024-04-23 22:42:41,502][root][INFO] - --------------- Start iteration i=25 ---------------
[2024-04-23 22:42:41,502][root][INFO] - Length of data.x: 26
[2024-04-23 22:42:41,502][root][INFO] - Length of data.y: 26
[2024-04-23 22:42:41,615][root][INFO] - x: [ 3.77402841e-03 -8.94793544e-04 -9.98712688e-01 -8.80046178e-05
 -8.34986876e-01]
[2024-04-23 22:42:41,616][root][INFO] - y: [-8.94793544e-05 -1.33343842e-01 -7.00319062e-05  1.32945361e-01]
[2024-04-23 22:42:41,616][root][INFO] - Reward: -0.999990164034806
[2024-04-23 22:42:41,616][root][INFO] - --------------- Start iteration i=26 ---------------
[2024-04-23 22:42:41,617][root][INFO] - Length of data.x: 27
[2024-04-23 22:42:41,617][root][INFO] - Length of data.y: 27
[2024-04-23 22:42:41,731][root][INFO] - x: [ 0.00368455 -0.13423864 -0.99878272  0.13285736 -0.57869742]
[2024-04-23 22:42:41,731][root][INFO] - y: [-0.01342386 -0.09011619  0.10572461  0.08973975]
[2024-04-23 22:42:41,732][root][INFO] - Reward: -0.9999906683084094
[2024-04-23 22:42:41,732][root][INFO] - --------------- Start iteration i=27 ---------------
[2024-04-23 22:42:41,732][root][INFO] - Length of data.x: 28
[2024-04-23 22:42:41,732][root][INFO] - Length of data.y: 28
[2024-04-23 22:42:41,847][root][INFO] - x: [-0.00973931 -0.22435482 -0.89305811  0.2225971  -0.12955607]
[2024-04-23 22:42:41,848][root][INFO] - y: [-0.02243548  0.02412969  0.17713729 -0.0551557 ]
[2024-04-23 22:42:41,848][root][INFO] - Reward: -0.9999966533059986
[2024-04-23 22:42:41,848][root][INFO] - --------------- Start iteration i=28 ---------------
[2024-04-23 22:42:41,849][root][INFO] - Length of data.x: 29
[2024-04-23 22:42:41,849][root][INFO] - Length of data.y: 29
[2024-04-23 22:42:41,964][root][INFO] - x: [-0.0321748  -0.20022514 -0.71592082  0.1674414   1.        ]
[2024-04-23 22:42:41,965][root][INFO] - y: [-0.02002251  0.16479247  0.13324574 -0.17986711]
[2024-04-23 22:42:41,965][root][INFO] - Reward: -0.9999993600013922
[2024-04-23 22:42:41,966][root][INFO] - --------------- Start iteration i=29 ---------------
[2024-04-23 22:42:41,966][root][INFO] - Length of data.x: 30
[2024-04-23 22:42:41,966][root][INFO] - Length of data.y: 30
[2024-04-23 22:42:42,082][root][INFO] - x: [-0.05219731 -0.03543266 -0.58267508 -0.01242571  0.26628756]
[2024-04-23 22:42:42,082][root][INFO] - y: [-0.00354327  0.03718282 -0.00988807 -0.10445558]
[2024-04-23 22:42:42,082][root][INFO] - Reward: -0.9999997012070833
[2024-04-23 22:42:42,083][root][INFO] - --------------- Start iteration i=30 ---------------
[2024-04-23 22:42:42,083][root][INFO] - Length of data.x: 31
[2024-04-23 22:42:42,083][root][INFO] - Length of data.y: 31
[2024-04-23 22:42:48,926][root][INFO] - Eval Returns: [-23.30348377 -23.73601803 -23.97405999 -23.04652017 -23.9763253 ]
[2024-04-23 22:42:48,932][root][INFO] - Eval Returns: mean=-23.607 std=0.373
[2024-04-23 22:42:48,932][root][INFO] - Eval ndata: 31.000
[2024-04-23 22:42:48,932][root][INFO] - Model MSE (current real MPC): 0.701
[2024-04-23 22:42:49,993][root][INFO] - Model MSE (random test set): 0.150
[2024-04-23 22:42:49,993][root][INFO] - Model MSE (GT MPC): 0.036
[2024-04-23 22:42:49,993][root][INFO] - Model Likelihood (random test set): -3.851
[2024-04-23 22:42:49,993][root][INFO] - Model Likelihood (GT MPC): -3.742
[2024-04-23 22:42:49,994][root][INFO] - *[TIME] [Evaluate the current MPC policy] Elapsed: 7.79 seconds
[2024-04-23 22:42:54,662][root][INFO] - x: [-0.05574058  0.00175015 -0.59256316 -0.11688129  0.285072  ]
[2024-04-23 22:42:54,662][root][INFO] - y: [ 0.00017502  0.05249252 -0.09301125 -0.10912751]
[2024-04-23 22:42:54,662][root][INFO] - Reward: -0.9999998698041462
[2024-04-23 22:42:56,918][root][INFO] - --------------- Start iteration i=31 ---------------
[2024-04-23 22:42:56,918][root][INFO] - Length of data.x: 32
[2024-04-23 22:42:56,918][root][INFO] - Length of data.y: 32
[2024-04-23 22:42:57,041][root][INFO] - x: [-0.05556556  0.05424267 -0.68557441 -0.22600881  0.63216725]
[2024-04-23 22:42:57,041][root][INFO] - y: [ 0.00542427  0.13490915 -0.17985224 -0.15625032]
[2024-04-23 22:42:57,041][root][INFO] - Reward: -0.9999996938369419
[2024-04-23 22:42:57,042][root][INFO] - --------------- Start iteration i=32 ---------------
[2024-04-23 22:42:57,042][root][INFO] - Length of data.x: 33
[2024-04-23 22:42:57,042][root][INFO] - Length of data.y: 33
[2024-04-23 22:42:57,158][root][INFO] - x: [-0.05014129  0.18915183 -0.86542665 -0.38225913  0.5706741 ]
[2024-04-23 22:42:57,158][root][INFO] - y: [ 0.01891518  0.18188571 -0.30419239 -0.20616215]
[2024-04-23 22:42:57,158][root][INFO] - Reward: -0.9999536160190728
[2024-04-23 22:42:57,159][root][INFO] - --------------- Start iteration i=33 ---------------
[2024-04-23 22:42:57,159][root][INFO] - Length of data.x: 34
[2024-04-23 22:42:57,159][root][INFO] - Length of data.y: 34
[2024-04-23 22:42:57,273][root][INFO] - x: [-0.03122611  0.37103754  0.83038096 -0.58842128 -1.        ]
[2024-04-23 22:42:57,273][root][INFO] - y: [ 0.03710375 -0.39447661 -0.46825115  0.3896691 ]
[2024-04-23 22:42:57,273][root][INFO] - Reward: -0.9793949317834841
[2024-04-23 22:42:57,274][root][INFO] - --------------- Start iteration i=34 ---------------
[2024-04-23 22:42:57,274][root][INFO] - Length of data.x: 35
[2024-04-23 22:42:57,274][root][INFO] - Length of data.y: 35
[2024-04-23 22:42:57,392][root][INFO] - x: [ 0.00587764 -0.02343907  0.3621298  -0.19875218  1.        ]
[2024-04-23 22:42:57,392][root][INFO] - y: [-0.00234391  0.0863541  -0.15816208  0.12537599]
[2024-04-23 22:42:57,392][root][INFO] - Reward: -0.7421604094319401
[2024-04-23 22:42:57,393][root][INFO] - --------------- Start iteration i=35 ---------------
[2024-04-23 22:42:57,393][root][INFO] - Length of data.x: 36
[2024-04-23 22:42:57,393][root][INFO] - Length of data.y: 36
[2024-04-23 22:42:57,512][root][INFO] - x: [ 0.00353373  0.06291503  0.20396772 -0.07337619 -0.38095049]
[2024-04-23 22:42:57,513][root][INFO] - y: [ 0.0062915  -0.03174352 -0.05839096  0.03325976]
[2024-04-23 22:42:57,513][root][INFO] - Reward: -0.6623288927055406
[2024-04-23 22:42:57,514][root][INFO] - --------------- Start iteration i=36 ---------------
[2024-04-23 22:42:57,514][root][INFO] - Length of data.x: 37
[2024-04-23 22:42:57,514][root][INFO] - Length of data.y: 37
[2024-04-23 22:42:57,633][root][INFO] - x: [ 0.00982524  0.03117151  0.14557676 -0.04011643 -0.31057635]
[2024-04-23 22:42:57,633][root][INFO] - y: [ 0.00311715 -0.02499012 -0.03192367  0.02093985]
[2024-04-23 22:42:57,633][root][INFO] - Reward: -0.6060528288132572
[2024-04-23 22:42:57,634][root][INFO] - --------------- Start iteration i=37 ---------------
[2024-04-23 22:42:57,634][root][INFO] - Length of data.x: 38
[2024-04-23 22:42:57,634][root][INFO] - Length of data.y: 38
[2024-04-23 22:42:57,757][root][INFO] - x: [ 0.01294239  0.00618139  0.11365309 -0.01917659 -0.42406232]
[2024-04-23 22:42:57,757][root][INFO] - y: [ 0.00061814 -0.04551136 -0.01526025 -0.00831884]
[2024-04-23 22:42:57,758][root][INFO] - Reward: -0.5578615512794673
[2024-04-23 22:42:57,758][root][INFO] - --------------- Start iteration i=38 ---------------
[2024-04-23 22:42:57,758][root][INFO] - Length of data.x: 39
[2024-04-23 22:42:57,758][root][INFO] - Length of data.y: 39
[2024-04-23 22:42:57,885][root][INFO] - x: [ 0.01356053 -0.03932997  0.09839283 -0.02749542 -0.48138472]
[2024-04-23 22:42:57,885][root][INFO] - y: [-0.003933   -0.05652408 -0.02188018 -0.02397159]
[2024-04-23 22:42:57,885][root][INFO] - Reward: -0.36857874915902267
[2024-04-23 22:42:57,886][root][INFO] - --------------- Start iteration i=39 ---------------
[2024-04-23 22:42:57,886][root][INFO] - Length of data.x: 40
[2024-04-23 22:42:57,886][root][INFO] - Length of data.y: 40
[2024-04-23 22:42:58,009][root][INFO] - x: [ 0.00962753 -0.09585404  0.07651265 -0.05146701  0.09246926]
[2024-04-23 22:42:58,009][root][INFO] - y: [-0.0095854   0.02805237 -0.04095618  0.05062367]
[2024-04-23 22:42:58,010][root][INFO] - Reward: -0.03569805448688712
[2024-04-23 22:42:58,010][root][INFO] - --------------- Start iteration i=40 ---------------
[2024-04-23 22:42:58,010][root][INFO] - Length of data.x: 41
[2024-04-23 22:42:58,010][root][INFO] - Length of data.y: 41
[2024-04-23 22:43:05,443][root][INFO] - Eval Returns: [-22.97426512 -23.51524802 -20.5936972  -21.21338644 -20.79438992]
[2024-04-23 22:43:05,449][root][INFO] - Eval Returns: mean=-21.818 std=1.194
[2024-04-23 22:43:05,449][root][INFO] - Eval ndata: 41.000
[2024-04-23 22:43:05,449][root][INFO] - Model MSE (current real MPC): 0.466
[2024-04-23 22:43:06,576][root][INFO] - Model MSE (random test set): 0.072
[2024-04-23 22:43:06,576][root][INFO] - Model MSE (GT MPC): 0.014
[2024-04-23 22:43:06,576][root][INFO] - Model Likelihood (random test set): -3.805
[2024-04-23 22:43:06,576][root][INFO] - Model Likelihood (GT MPC): -3.721
[2024-04-23 22:43:06,576][root][INFO] - *[TIME] [Evaluate the current MPC policy] Elapsed: 8.44 seconds
[2024-04-23 22:43:11,372][root][INFO] - x: [ 4.21276300e-05 -6.78016746e-02  3.55564701e-02 -8.43341305e-04
  1.41970194e-01]
[2024-04-23 22:43:11,373][root][INFO] - y: [-0.00678017  0.03010249 -0.00067111  0.0408614 ]
[2024-04-23 22:43:11,373][root][INFO] - Reward: -0.00012828771552675367
[2024-04-23 22:43:13,640][root][INFO] - --------------- Start iteration i=41 ---------------
[2024-04-23 22:43:13,640][root][INFO] - Length of data.x: 42
[2024-04-23 22:43:13,640][root][INFO] - Length of data.y: 42
[2024-04-23 22:43:13,770][root][INFO] - x: [-0.00673804 -0.03769919  0.03488536  0.04001806 -0.24363436]
[2024-04-23 22:43:13,770][root][INFO] - y: [-0.00376992 -0.03200553  0.03184538 -0.02107277]
[2024-04-23 22:43:13,771][root][INFO] - Reward: -0.004502102423417087
[2024-04-23 22:43:13,771][root][INFO] - --------------- Start iteration i=42 ---------------
[2024-04-23 22:43:13,771][root][INFO] - Length of data.x: 43
[2024-04-23 22:43:13,771][root][INFO] - Length of data.y: 43
[2024-04-23 22:43:13,897][root][INFO] - x: [-0.01050796 -0.06970472  0.06673074  0.01894529 -0.24259239]
[2024-04-23 22:43:13,898][root][INFO] - y: [-0.00697047 -0.02516436  0.01507619 -0.00417715]
[2024-04-23 22:43:13,898][root][INFO] - Reward: -0.00705080882107989
[2024-04-23 22:43:13,899][root][INFO] - --------------- Start iteration i=43 ---------------
[2024-04-23 22:43:13,899][root][INFO] - Length of data.x: 44
[2024-04-23 22:43:13,899][root][INFO] - Length of data.y: 44
[2024-04-23 22:43:14,030][root][INFO] - x: [-0.01747843 -0.09486908  0.08180693  0.01476813 -0.09961007]
[2024-04-23 22:43:14,030][root][INFO] - y: [-9.48690788e-03 -1.75526331e-05  1.17521158e-02  2.49438888e-02]
[2024-04-23 22:43:14,031][root][INFO] - Reward: -0.07573792893386122
[2024-04-23 22:43:14,032][root][INFO] - --------------- Start iteration i=44 ---------------
[2024-04-23 22:43:14,032][root][INFO] - Length of data.x: 45
[2024-04-23 22:43:14,032][root][INFO] - Length of data.y: 45
[2024-04-23 22:43:14,161][root][INFO] - x: [-0.02696534 -0.09488663  0.09355905  0.03971202  0.22307418]
[2024-04-23 22:43:14,161][root][INFO] - y: [-0.00948866  0.05032794  0.03160185  0.07661915]
[2024-04-23 22:43:14,162][root][INFO] - Reward: -0.14940356079724704
[2024-04-23 22:43:14,162][root][INFO] - --------------- Start iteration i=45 ---------------
[2024-04-23 22:43:14,163][root][INFO] - Length of data.x: 46
[2024-04-23 22:43:14,163][root][INFO] - Length of data.y: 46
[2024-04-23 22:43:14,291][root][INFO] - x: [-0.036454   -0.0445587   0.1251609   0.11633117  1.        ]
[2024-04-23 22:43:14,291][root][INFO] - y: [-0.00445587  0.15971917  0.09257348  0.18515572]
[2024-04-23 22:43:14,291][root][INFO] - Reward: -0.14181307229505424
[2024-04-23 22:43:14,292][root][INFO] - --------------- Start iteration i=46 ---------------
[2024-04-23 22:43:14,292][root][INFO] - Length of data.x: 47
[2024-04-23 22:43:14,292][root][INFO] - Length of data.y: 47
[2024-04-23 22:43:14,421][root][INFO] - x: [-0.04090987  0.11516048  0.21773437  0.30148689  0.68176567]
[2024-04-23 22:43:14,421][root][INFO] - y: [0.01151605 0.0402867  0.23991583 0.0932783 ]
[2024-04-23 22:43:14,421][root][INFO] - Reward: -0.9444369660770784
[2024-04-23 22:43:14,422][root][INFO] - --------------- Start iteration i=47 ---------------
[2024-04-23 22:43:14,422][root][INFO] - Length of data.x: 48
[2024-04-23 22:43:14,422][root][INFO] - Length of data.y: 48
[2024-04-23 22:43:14,554][root][INFO] - x: [-0.02939382  0.15544718  0.45765021  0.39476519  0.81364459]
[2024-04-23 22:43:14,555][root][INFO] - y: [ 0.01554472 -0.06055618  0.31414441  0.08929907]
[2024-04-23 22:43:14,555][root][INFO] - Reward: -0.9999157640437901
[2024-04-23 22:43:14,556][root][INFO] - --------------- Start iteration i=48 ---------------
[2024-04-23 22:43:14,556][root][INFO] - Length of data.x: 49
[2024-04-23 22:43:14,556][root][INFO] - Length of data.y: 49
[2024-04-23 22:43:14,682][root][INFO] - x: [-0.01384911  0.094891    0.77179461  0.48406426  0.1585343 ]
[2024-04-23 22:43:14,682][root][INFO] - y: [ 0.0094891  -0.18766845  0.38520641  0.20599406]
[2024-04-23 22:43:14,682][root][INFO] - Reward: -0.9999840623635566
[2024-04-23 22:43:14,683][root][INFO] - --------------- Start iteration i=49 ---------------
[2024-04-23 22:43:14,683][root][INFO] - Length of data.x: 50
[2024-04-23 22:43:14,683][root][INFO] - Length of data.y: 50
[2024-04-23 22:43:14,808][root][INFO] - x: [-0.00436001 -0.09277746 -0.84299898  0.69005831 -0.31809479]
[2024-04-23 22:43:14,808][root][INFO] - y: [-0.00927775  0.2762014   0.5491314  -0.28977528]
[2024-04-23 22:43:14,808][root][INFO] - Reward: -0.9691359839253095
[2024-04-23 22:43:14,808][root][INFO] - Explore episode complete with return -16.244113681573374, resetting
[2024-04-23 22:43:14,808][root][INFO] - Exploration Episode Rewards: [-0.999990164034806, -0.9999906683084094, -0.9999966533059986, -0.9999993600013922, -0.9999997012070833, -0.9999998698041462, -0.9999996938369419, -0.9999536160190728, -0.9793949317834841, -0.7421604094319401, -0.6623288927055406, -0.6060528288132572, -0.5578615512794673, -0.36857874915902267, -0.03569805448688712, -0.00012828771552675367, -0.004502102423417087, -0.00705080882107989, -0.07573792893386122, -0.14940356079724704, -0.14181307229505424, -0.9444369660770784, -0.9999157640437901, -0.9999840623635566, -0.9691359839253095]
[2024-04-23 22:43:14,809][root][INFO] - --------------- Start iteration i=50 ---------------
[2024-04-23 22:43:14,809][root][INFO] - Length of data.x: 51
[2024-04-23 22:43:14,809][root][INFO] - Length of data.y: 51
[2024-04-23 22:43:22,572][root][INFO] - Eval Returns: [-20.96404708 -19.56450672 -23.35829993 -20.78121231 -20.67656654]
[2024-04-23 22:43:22,579][root][INFO] - Eval Returns: mean=-21.069 std=1.245
[2024-04-23 22:43:22,579][root][INFO] - Eval ndata: 51.000
[2024-04-23 22:43:22,579][root][INFO] - Model MSE (current real MPC): 0.623
[2024-04-23 22:43:23,727][root][INFO] - Model MSE (random test set): 0.050
[2024-04-23 22:43:23,727][root][INFO] - Model MSE (GT MPC): 0.007
[2024-04-23 22:43:23,727][root][INFO] - Model Likelihood (random test set): -3.796
[2024-04-23 22:43:23,727][root][INFO] - Model Likelihood (GT MPC): -3.713
[2024-04-23 22:43:23,727][root][INFO] - *[TIME] [Evaluate the current MPC policy] Elapsed: 8.79 seconds
