[2024-04-24 23:39:01,774][root][INFO] - Dumper dumping to /tirl/experiments/mpc_pendulum_2024-04-24/23-38-55/seed_4
[2024-04-24 23:39:01,782][root][INFO] - Start obs: None
[2024-04-24 23:39:26,235][root][INFO] - GT Returns: [-234.90908345 -128.98159871 -219.61588516 -234.37536118 -111.45519865]
[2024-04-24 23:39:26,235][root][INFO] - GT Returns: mean=-185.867 std=54.167
[2024-04-24 23:39:26,235][root][INFO] - Path Lengths: [39420, 39420, 39420, 39420, 39420]
[2024-04-24 23:39:26,235][root][INFO] - Path Lengths: mean=39420.000 std=0.000
[2024-04-24 23:39:26,310][root][INFO] - all_x.shape = (197100, 3)
[2024-04-24 23:39:26,315][root][INFO] - all_x.min(axis=0) = [-0.99997784 -1.         -1.        ]
[2024-04-24 23:39:26,320][root][INFO] - all_x.max(axis=0) = [0.99997676 1.         1.        ]
[2024-04-24 23:39:26,323][root][INFO] - all_x.mean(axis=0) = [ 0.01058324  0.02794153 -0.01894278]
[2024-04-24 23:39:26,332][root][INFO] - all_x.var(axis=0) = [0.10230083 0.10627781 0.26361278]
[2024-04-24 23:39:26,399][root][INFO] - --------------- Start iteration i=0 ---------------
[2024-04-24 23:39:26,399][root][INFO] - Length of data.x: 1
[2024-04-24 23:39:26,399][root][INFO] - Length of data.y: 1
[2024-04-24 23:39:57,095][root][INFO] - Eval Returns: [-1481.76079724 -1550.16528864 -1546.53340236 -1501.64239983
 -1560.67480793]
[2024-04-24 23:39:57,150][root][INFO] - Eval Returns: mean=-1528.155 std=30.774
[2024-04-24 23:39:57,151][root][INFO] - Eval ndata: 1.000
[2024-04-24 23:39:57,152][root][INFO] - Model MSE (current real MPC): 0.085
[2024-04-24 23:39:57,662][root][INFO] - Model MSE (random test set): 0.010
[2024-04-24 23:39:57,662][root][INFO] - Model MSE (GT MPC): 0.005
[2024-04-24 23:39:57,662][root][INFO] - Model Likelihood (random test set): -1.871
[2024-04-24 23:39:57,662][root][INFO] - Model Likelihood (GT MPC): -1.853
[2024-04-24 23:39:57,662][root][INFO] - *[TIME] [Evaluate the current MPC policy] Elapsed: 31.18 seconds
[2024-04-24 23:39:59,651][root][INFO] - x: [-0.18172105  0.05961864 -0.75711902]
[2024-04-24 23:39:59,651][root][INFO] - y: [-0.00247446 -0.07905297]
[2024-04-24 23:39:59,651][root][INFO] - Reward: -0.33956594055512135
[2024-04-24 23:40:02,509][root][INFO] - --------------- Start iteration i=1 ---------------
[2024-04-24 23:40:02,510][root][INFO] - Length of data.x: 2
[2024-04-24 23:40:02,510][root][INFO] - Length of data.y: 2
[2024-04-24 23:40:02,611][root][INFO] - x: [-0.1841955  -0.01943433  0.34819468]
[2024-04-24 23:40:02,612][root][INFO] - y: [-0.00734019 -0.03821539]
[2024-04-24 23:40:02,612][root][INFO] - Reward: -0.38383084410075247
[2024-04-24 23:40:02,613][root][INFO] - --------------- Start iteration i=2 ---------------
[2024-04-24 23:40:02,613][root][INFO] - Length of data.x: 3
[2024-04-24 23:40:02,613][root][INFO] - Length of data.y: 3
[2024-04-24 23:40:02,722][root][INFO] - x: [-0.19153569 -0.05764972  0.74724363]
[2024-04-24 23:40:02,723][root][INFO] - y: [-0.01052929 -0.02504715]
[2024-04-24 23:40:02,723][root][INFO] - Reward: -0.44898015438069366
[2024-04-24 23:40:02,724][root][INFO] - --------------- Start iteration i=3 ---------------
[2024-04-24 23:40:02,724][root][INFO] - Length of data.x: 4
[2024-04-24 23:40:02,724][root][INFO] - Length of data.y: 4
[2024-04-24 23:40:02,826][root][INFO] - x: [-0.20206498 -0.08269687  0.66264111]
[2024-04-24 23:40:02,827][root][INFO] - y: [-0.01444408 -0.0307467 ]
[2024-04-24 23:40:02,827][root][INFO] - Reward: -0.5467701602706229
[2024-04-24 23:40:02,828][root][INFO] - --------------- Start iteration i=4 ---------------
[2024-04-24 23:40:02,828][root][INFO] - Length of data.x: 5
[2024-04-24 23:40:02,828][root][INFO] - Length of data.y: 5
[2024-04-24 23:40:02,931][root][INFO] - x: [-0.21650907 -0.11344357  0.60111329]
[2024-04-24 23:40:02,932][root][INFO] - y: [-0.01908134 -0.03642096]
[2024-04-24 23:40:02,932][root][INFO] - Reward: -0.6929764976206408
[2024-04-24 23:40:02,933][root][INFO] - --------------- Start iteration i=5 ---------------
[2024-04-24 23:40:02,933][root][INFO] - Length of data.x: 6
[2024-04-24 23:40:02,933][root][INFO] - Length of data.y: 6
[2024-04-24 23:40:33,863][root][INFO] - Eval Returns: [-1545.41126285 -1606.98129239 -1571.66706672 -1387.54575467
 -1598.49907774]
[2024-04-24 23:40:33,908][root][INFO] - Eval Returns: mean=-1542.021 std=80.203
[2024-04-24 23:40:33,908][root][INFO] - Eval ndata: 6.000
[2024-04-24 23:40:33,910][root][INFO] - Model MSE (current real MPC): 0.094
[2024-04-24 23:40:34,397][root][INFO] - Model MSE (random test set): 0.006
[2024-04-24 23:40:34,397][root][INFO] - Model MSE (GT MPC): 0.003
[2024-04-24 23:40:34,401][root][INFO] - Model Likelihood (random test set): -1.894
[2024-04-24 23:40:34,401][root][INFO] - Model Likelihood (GT MPC): -1.876
[2024-04-24 23:40:34,402][root][INFO] - *[TIME] [Evaluate the current MPC policy] Elapsed: 31.37 seconds
[2024-04-24 23:40:38,894][root][INFO] - x: [-0.23559041 -0.14986453 -0.15760132]
[2024-04-24 23:40:38,895][root][INFO] - y: [-0.02788369 -0.06913348]
[2024-04-24 23:40:38,895][root][INFO] - Reward: -0.992178379587391
[2024-04-24 23:40:40,845][root][INFO] - --------------- Start iteration i=6 ---------------
[2024-04-24 23:40:40,845][root][INFO] - Length of data.x: 7
[2024-04-24 23:40:40,845][root][INFO] - Length of data.y: 7
[2024-04-24 23:40:40,957][root][INFO] - x: [-0.2634741  -0.21899801  0.42410409]
[2024-04-24 23:40:40,958][root][INFO] - y: [-0.03464883 -0.05313326]
[2024-04-24 23:40:40,958][root][INFO] - Reward: -1.3518578724371495
[2024-04-24 23:40:40,959][root][INFO] - --------------- Start iteration i=7 ---------------
[2024-04-24 23:40:40,959][root][INFO] - Length of data.x: 8
[2024-04-24 23:40:40,959][root][INFO] - Length of data.y: 8
[2024-04-24 23:40:41,062][root][INFO] - x: [-0.29812293 -0.27213127  0.64369227]
[2024-04-24 23:40:41,063][root][INFO] - y: [-0.04119081 -0.05138062]
[2024-04-24 23:40:41,063][root][INFO] - Reward: -1.807806268848288
[2024-04-24 23:40:41,064][root][INFO] - --------------- Start iteration i=8 ---------------
[2024-04-24 23:40:41,064][root][INFO] - Length of data.x: 9
[2024-04-24 23:40:41,064][root][INFO] - Length of data.y: 9
[2024-04-24 23:40:41,167][root][INFO] - x: [-0.33931374 -0.32351189  1.        ]
[2024-04-24 23:40:41,167][root][INFO] - y: [-0.04686388 -0.04455619]
[2024-04-24 23:40:41,167][root][INFO] - Reward: -2.342919658511709
[2024-04-24 23:40:41,168][root][INFO] - --------------- Start iteration i=9 ---------------
[2024-04-24 23:40:41,168][root][INFO] - Length of data.x: 10
[2024-04-24 23:40:41,168][root][INFO] - Length of data.y: 10
[2024-04-24 23:40:41,266][root][INFO] - x: [-0.38617763 -0.36806808 -0.11043127]
[2024-04-24 23:40:41,266][root][INFO] - y: [-0.05857273 -0.09196105]
[2024-04-24 23:40:41,266][root][INFO] - Reward: -3.306696520117485
[2024-04-24 23:40:41,267][root][INFO] - --------------- Start iteration i=10 ---------------
[2024-04-24 23:40:41,267][root][INFO] - Length of data.x: 11
[2024-04-24 23:40:41,267][root][INFO] - Length of data.y: 11
[2024-04-24 23:41:11,700][root][INFO] - Eval Returns: [   -1.81636633  -118.54659879    -2.97513911 -1409.56786418
    -3.9630089 ]
[2024-04-24 23:41:11,754][root][INFO] - Eval Returns: mean=-307.374 std=552.914
[2024-04-24 23:41:11,754][root][INFO] - Eval ndata: 11.000
[2024-04-24 23:41:11,754][root][INFO] - Model MSE (current real MPC): 0.047
[2024-04-24 23:41:12,357][root][INFO] - Model MSE (random test set): 0.004
[2024-04-24 23:41:12,357][root][INFO] - Model MSE (GT MPC): 0.002
[2024-04-24 23:41:12,357][root][INFO] - Model Likelihood (random test set): -1.886
[2024-04-24 23:41:12,357][root][INFO] - Model Likelihood (GT MPC): -1.861
[2024-04-24 23:41:12,357][root][INFO] - *[TIME] [Evaluate the current MPC policy] Elapsed: 30.99 seconds
[2024-04-24 23:41:16,092][root][INFO] - x: [-0.44475035 -0.46002913  0.9157504 ]
[2024-04-24 23:41:16,093][root][INFO] - y: [-0.0659576  -0.05800069]
[2024-04-24 23:41:16,093][root][INFO] - Reward: -4.295041865978387
[2024-04-24 23:41:18,055][root][INFO] - --------------- Start iteration i=11 ---------------
[2024-04-24 23:41:18,055][root][INFO] - Length of data.x: 12
[2024-04-24 23:41:18,055][root][INFO] - Length of data.y: 12
[2024-04-24 23:41:18,453][root][INFO] - x: [-0.51070795 -0.51802982  0.29440311]
[2024-04-24 23:41:18,454][root][INFO] - y: [-0.0764818  -0.08265684]
[2024-04-24 23:41:18,455][root][INFO] - Reward: -5.712582164016436
[2024-04-24 23:41:18,456][root][INFO] - --------------- Start iteration i=12 ---------------
[2024-04-24 23:41:18,456][root][INFO] - Length of data.x: 13
[2024-04-24 23:41:18,456][root][INFO] - Length of data.y: 13
[2024-04-24 23:41:18,572][root][INFO] - x: [-0.58718975 -0.60068666 -0.44048523]
[2024-04-24 23:41:18,573][root][INFO] - y: [-0.09007658 -0.10677313]
[2024-04-24 23:41:18,573][root][INFO] - Reward: -7.731057930916305
[2024-04-24 23:41:18,575][root][INFO] - --------------- Start iteration i=13 ---------------
[2024-04-24 23:41:18,575][root][INFO] - Length of data.x: 14
[2024-04-24 23:41:18,575][root][INFO] - Length of data.y: 14
[2024-04-24 23:41:18,691][root][INFO] - x: [-0.67726633 -0.70745979 -0.7242863 ]
[2024-04-24 23:41:18,692][root][INFO] - y: [-0.10366777 -0.10674496]
[2024-04-24 23:41:18,692][root][INFO] - Reward: -10.263904552625693
[2024-04-24 23:41:18,693][root][INFO] - --------------- Start iteration i=14 ---------------
[2024-04-24 23:41:18,694][root][INFO] - Length of data.x: 15
[2024-04-24 23:41:18,694][root][INFO] - Length of data.y: 15
[2024-04-24 23:41:18,809][root][INFO] - x: [-0.7809341  -0.81420475 -0.8366131 ]
[2024-04-24 23:41:18,810][root][INFO] - y: [-0.11524396 -0.09091925]
[2024-04-24 23:41:18,810][root][INFO] - Reward: -13.172622553466027
[2024-04-24 23:41:18,811][root][INFO] - --------------- Start iteration i=15 ---------------
[2024-04-24 23:41:18,811][root][INFO] - Length of data.x: 16
[2024-04-24 23:41:18,811][root][INFO] - Length of data.y: 16
[2024-04-24 23:41:49,646][root][INFO] - Eval Returns: [-1292.3496387  -1326.8400014  -1455.43474652 -1442.56492636
  -616.9090583 ]
[2024-04-24 23:41:49,687][root][INFO] - Eval Returns: mean=-1226.820 std=311.480
[2024-04-24 23:41:49,687][root][INFO] - Eval ndata: 16.000
[2024-04-24 23:41:49,688][root][INFO] - Model MSE (current real MPC): 0.197
[2024-04-24 23:41:50,168][root][INFO] - Model MSE (random test set): 0.002
[2024-04-24 23:41:50,168][root][INFO] - Model MSE (GT MPC): 0.001
[2024-04-24 23:41:50,168][root][INFO] - Model Likelihood (random test set): -1.864
[2024-04-24 23:41:50,168][root][INFO] - Model Likelihood (GT MPC): -1.851
[2024-04-24 23:41:50,168][root][INFO] - *[TIME] [Evaluate the current MPC policy] Elapsed: 31.26 seconds
