[2024-04-23 17:10:58,093][root][INFO] - Dumper dumping to /tirl/experiments/mpc_frozencartpole_2024-04-23/17-10-41/seed_3
[2024-04-23 17:10:58,109][root][INFO] - Start obs: None
[2024-04-23 17:11:24,501][root][INFO] - GT Returns: [-12.88672244 -10.10171724 -11.35482813 -10.9491231  -11.52767119]
[2024-04-23 17:11:24,501][root][INFO] - GT Returns: mean=-11.364 std=0.907
[2024-04-23 17:11:24,502][root][INFO] - Path Lengths: [36345, 36345, 36345, 36345, 36345]
[2024-04-23 17:11:24,502][root][INFO] - Path Lengths: mean=36345.000 std=0.000
[2024-04-23 17:11:24,559][root][INFO] - all_x.shape = (181725, 5)
[2024-04-23 17:11:24,565][root][INFO] - all_x.min(axis=0) = [-0.62009245 -0.8642927  -0.99999676 -0.78369541 -1.        ]
[2024-04-23 17:11:24,570][root][INFO] - all_x.max(axis=0) = [0.93111977 1.45003745 0.99999695 0.89501222 1.        ]
[2024-04-23 17:11:24,573][root][INFO] - all_x.mean(axis=0) = [-0.01349682 -0.01160307  0.03315462  0.04686431 -0.01138499]
[2024-04-23 17:11:24,581][root][INFO] - all_x.var(axis=0) = [0.00614631 0.02836618 0.24337292 0.07331693 0.22865835]
[2024-04-23 17:11:24,622][root][INFO] - --------------- Start iteration i=0 ---------------
[2024-04-23 17:11:24,622][root][INFO] - Length of data.x: 301
[2024-04-23 17:11:24,623][root][INFO] - Length of data.y: 301
[2024-04-23 17:11:52,155][root][INFO] - Eval Returns: [-18.53862569 -19.92496791 -19.98236267 -18.04292444 -15.40024104]
[2024-04-23 17:11:52,164][root][INFO] - Eval Returns: mean=-18.378 std=1.672
[2024-04-23 17:11:52,164][root][INFO] - Eval ndata: 301.000
[2024-04-23 17:11:52,164][root][INFO] - Model MSE (current real MPC): 0.386
[2024-04-23 17:11:53,746][root][INFO] - Model MSE (random test set): 0.002
[2024-04-23 17:11:53,747][root][INFO] - Model MSE (GT MPC): 0.001
[2024-04-23 17:11:53,747][root][INFO] - Model Likelihood (random test set): -3.729
[2024-04-23 17:11:53,747][root][INFO] - Model Likelihood (GT MPC): -3.814
[2024-04-23 17:11:53,747][root][INFO] - *[TIME] [Evaluate the current MPC policy] Elapsed: 28.67 seconds
