[2024-04-24 22:56:32,102][root][INFO] - Dumper dumping to /tirl/experiments/mpc_pendulum_2024-04-24/22-56-25/seed_3
[2024-04-24 22:56:32,108][root][INFO] - Start obs: None
[2024-04-24 22:56:55,475][root][INFO] - GT Returns: [-118.8555319  -232.7916781  -117.61449126 -128.84182177 -125.43491423]
[2024-04-24 22:56:55,476][root][INFO] - GT Returns: mean=-144.708 std=44.236
[2024-04-24 22:56:55,476][root][INFO] - Path Lengths: [39420, 39420, 39420, 39420, 39420]
[2024-04-24 22:56:55,476][root][INFO] - Path Lengths: mean=39420.000 std=0.000
[2024-04-24 22:56:55,580][root][INFO] - all_x.shape = (197100, 3)
[2024-04-24 22:56:55,586][root][INFO] - all_x.min(axis=0) = [-0.99985046 -1.         -1.        ]
[2024-04-24 22:56:55,592][root][INFO] - all_x.max(axis=0) = [0.99995586 1.         1.        ]
[2024-04-24 22:56:55,596][root][INFO] - all_x.mean(axis=0) = [ 0.00473446 -0.02159839 -0.00662113]
[2024-04-24 22:56:55,607][root][INFO] - all_x.var(axis=0) = [0.08545311 0.10751908 0.25026016]
[2024-04-24 22:56:55,674][root][INFO] - --------------- Start iteration i=0 ---------------
[2024-04-24 22:56:55,674][root][INFO] - Length of data.x: 1
[2024-04-24 22:56:55,674][root][INFO] - Length of data.y: 1
[2024-04-24 22:57:20,218][root][INFO] - Eval Returns: [-1488.89385155 -1552.73564293 -1562.54249083 -1174.50677915
 -1126.19753095]
[2024-04-24 22:57:20,261][root][INFO] - Eval Returns: mean=-1380.975 std=190.607
[2024-04-24 22:57:20,261][root][INFO] - Eval ndata: 1.000
[2024-04-24 22:57:20,262][root][INFO] - Model MSE (current real MPC): 0.194
[2024-04-24 22:57:20,700][root][INFO] - Model MSE (random test set): 0.013
[2024-04-24 22:57:20,700][root][INFO] - Model MSE (GT MPC): 0.008
[2024-04-24 22:57:20,700][root][INFO] - Model Likelihood (random test set): -1.898
[2024-04-24 22:57:20,700][root][INFO] - Model Likelihood (GT MPC): -1.891
[2024-04-24 22:57:20,700][root][INFO] - *[TIME] [Evaluate the current MPC policy] Elapsed: 24.91 seconds
[2024-04-24 22:57:22,103][root][INFO] - x: [0.60325021 0.06463108 0.09978419]
[2024-04-24 22:57:22,104][root][INFO] - y: [0.02001966 0.092603  ]
[2024-04-24 22:57:22,104][root][INFO] - Reward: -3.992263522793236
[2024-04-24 22:57:23,655][root][INFO] - --------------- Start iteration i=1 ---------------
[2024-04-24 22:57:23,655][root][INFO] - Length of data.x: 2
[2024-04-24 22:57:23,655][root][INFO] - Length of data.y: 2
[2024-04-24 22:57:23,748][root][INFO] - x: [ 0.62326987  0.15723408 -0.9113064 ]
[2024-04-24 22:57:23,748][root][INFO] - y: [0.02672116 0.05263344]
[2024-04-24 22:57:23,748][root][INFO] - Reward: -4.454998909618908
[2024-04-24 22:57:23,749][root][INFO] - --------------- Start iteration i=2 ---------------
[2024-04-24 22:57:23,749][root][INFO] - Length of data.x: 3
[2024-04-24 22:57:23,749][root][INFO] - Length of data.y: 3
[2024-04-24 22:57:23,848][root][INFO] - x: [ 0.64999103  0.20986751 -0.62789012]
[2024-04-24 22:57:23,848][root][INFO] - y: [0.03435897 0.05998718]
[2024-04-24 22:57:23,849][root][INFO] - Reward: -5.089915546489373
[2024-04-24 22:57:23,849][root][INFO] - --------------- Start iteration i=3 ---------------
[2024-04-24 22:57:23,850][root][INFO] - Length of data.x: 4
[2024-04-24 22:57:23,850][root][INFO] - Length of data.y: 4
[2024-04-24 22:57:23,946][root][INFO] - x: [ 0.68435     0.26985469 -1.        ]
[2024-04-24 22:57:23,946][root][INFO] - y: [0.03957439 0.04096188]
[2024-04-24 22:57:23,947][root][INFO] - Reward: -5.79461396255415
[2024-04-24 22:57:23,948][root][INFO] - --------------- Start iteration i=4 ---------------
[2024-04-24 22:57:23,948][root][INFO] - Length of data.x: 5
[2024-04-24 22:57:23,948][root][INFO] - Length of data.y: 5
[2024-04-24 22:57:24,045][root][INFO] - x: [0.72392439 0.31081657 0.33718652]
[2024-04-24 22:57:24,045][root][INFO] - y: [0.05028716 0.08413788]
[2024-04-24 22:57:24,045][root][INFO] - Reward: -6.91466052629858
[2024-04-24 22:57:24,046][root][INFO] - --------------- Start iteration i=5 ---------------
[2024-04-24 22:57:24,046][root][INFO] - Length of data.x: 6
[2024-04-24 22:57:24,046][root][INFO] - Length of data.y: 6
[2024-04-24 22:57:52,458][root][INFO] - Eval Returns: [ -983.5717479   -834.69571064 -1056.66887077  -980.60996384
  -813.26719465]
[2024-04-24 22:57:52,500][root][INFO] - Eval Returns: mean=-933.763 std=93.931
[2024-04-24 22:57:52,500][root][INFO] - Eval ndata: 6.000
[2024-04-24 22:57:52,501][root][INFO] - Model MSE (current real MPC): 0.140
[2024-04-24 22:57:53,024][root][INFO] - Model MSE (random test set): 0.003
[2024-04-24 22:57:53,024][root][INFO] - Model MSE (GT MPC): 0.002
[2024-04-24 22:57:53,024][root][INFO] - Model Likelihood (random test set): -1.864
[2024-04-24 22:57:53,024][root][INFO] - Model Likelihood (GT MPC): -1.858
[2024-04-24 22:57:53,024][root][INFO] - *[TIME] [Evaluate the current MPC policy] Elapsed: 28.88 seconds
[2024-04-24 22:57:56,231][root][INFO] - x: [0.77421155 0.39495446 1.        ]
[2024-04-24 22:57:56,232][root][INFO] - y: [0.06283648 0.09856214]
[2024-04-24 22:57:56,232][root][INFO] - Reward: -8.477908145825406
[2024-04-24 22:57:57,711][root][INFO] - --------------- Start iteration i=6 ---------------
[2024-04-24 22:57:57,711][root][INFO] - Length of data.x: 7
[2024-04-24 22:57:57,712][root][INFO] - Length of data.y: 7
[2024-04-24 22:57:57,816][root][INFO] - x: [0.83704803 0.4935166  1.        ]
[2024-04-24 22:57:57,816][root][INFO] - y: [0.0734584  0.08342433]
[2024-04-24 22:57:57,817][root][INFO] - Reward: -10.31642862625385
[2024-04-24 22:57:57,818][root][INFO] - --------------- Start iteration i=7 ---------------
[2024-04-24 22:57:57,818][root][INFO] - Length of data.x: 8
[2024-04-24 22:57:57,818][root][INFO] - Length of data.y: 8
[2024-04-24 22:57:57,914][root][INFO] - x: [0.91050643 0.57694093 0.53658581]
[2024-04-24 22:57:57,915][root][INFO] - y: [0.07933238 0.04613411]
[2024-04-24 22:57:57,915][root][INFO] - Reward: -12.155825808842584
[2024-04-24 22:57:57,916][root][INFO] - --------------- Start iteration i=8 ---------------
[2024-04-24 22:57:57,916][root][INFO] - Length of data.x: 9
[2024-04-24 22:57:57,916][root][INFO] - Length of data.y: 9
[2024-04-24 22:57:58,012][root][INFO] - x: [0.98983881 0.62307504 1.        ]
[2024-04-24 22:57:58,013][root][INFO] - y: [0.084488  0.0404922]
[2024-04-24 22:57:58,013][root][INFO] - Reward: -11.279034292486529
[2024-04-24 22:57:58,014][root][INFO] - --------------- Start iteration i=9 ---------------
[2024-04-24 22:57:58,014][root][INFO] - Length of data.x: 10
[2024-04-24 22:57:58,014][root][INFO] - Length of data.y: 10
[2024-04-24 22:57:58,111][root][INFO] - x: [-0.92567319  0.66356724  0.51499522]
[2024-04-24 22:57:58,111][root][INFO] - y: [ 0.08418493 -0.00238033]
[2024-04-24 22:57:58,112][root][INFO] - Reward: -9.78762873311773
[2024-04-24 22:57:58,113][root][INFO] - --------------- Start iteration i=10 ---------------
[2024-04-24 22:57:58,113][root][INFO] - Length of data.x: 11
[2024-04-24 22:57:58,113][root][INFO] - Length of data.y: 11
[2024-04-24 22:58:26,022][root][INFO] - Eval Returns: [-1522.32716987  -772.33096953 -1617.40180325  -646.61197182
  -753.97076593]
[2024-04-24 22:58:26,065][root][INFO] - Eval Returns: mean=-1062.529 std=417.542
[2024-04-24 22:58:26,065][root][INFO] - Eval ndata: 11.000
[2024-04-24 22:58:26,065][root][INFO] - Model MSE (current real MPC): 0.120
[2024-04-24 22:58:26,550][root][INFO] - Model MSE (random test set): 0.002
[2024-04-24 22:58:26,551][root][INFO] - Model MSE (GT MPC): 0.001
[2024-04-24 22:58:26,551][root][INFO] - Model Likelihood (random test set): -1.865
[2024-04-24 22:58:26,551][root][INFO] - Model Likelihood (GT MPC): -1.854
[2024-04-24 22:58:26,551][root][INFO] - *[TIME] [Evaluate the current MPC policy] Elapsed: 28.34 seconds
[2024-04-24 22:58:29,575][root][INFO] - x: [-0.84148826  0.66118691 -0.66598618]
[2024-04-24 22:58:29,575][root][INFO] - y: [ 0.07530354 -0.06975428]
[2024-04-24 22:58:29,575][root][INFO] - Reward: -8.034289762593327
[2024-04-24 22:58:31,104][root][INFO] - --------------- Start iteration i=11 ---------------
[2024-04-24 22:58:31,104][root][INFO] - Length of data.x: 12
[2024-04-24 22:58:31,104][root][INFO] - Length of data.y: 12
[2024-04-24 22:58:31,514][root][INFO] - x: [-0.76618472  0.59143263  0.50535507]
[2024-04-24 22:58:31,515][root][INFO] - y: [ 0.06971585 -0.04388559]
[2024-04-24 22:58:31,515][root][INFO] - Reward: -6.707229462361427
[2024-04-24 22:58:31,516][root][INFO] - --------------- Start iteration i=12 ---------------
[2024-04-24 22:58:31,516][root][INFO] - Length of data.x: 13
[2024-04-24 22:58:31,516][root][INFO] - Length of data.y: 13
[2024-04-24 22:58:31,618][root][INFO] - x: [-0.69646887  0.54754704  0.89886463]
[2024-04-24 22:58:31,618][root][INFO] - y: [ 0.06427345 -0.04274454]
[2024-04-24 22:58:31,618][root][INFO] - Reward: -5.578710816411737
[2024-04-24 22:58:31,619][root][INFO] - --------------- Start iteration i=13 ---------------
[2024-04-24 22:58:31,619][root][INFO] - Length of data.x: 14
[2024-04-24 22:58:31,619][root][INFO] - Length of data.y: 14
[2024-04-24 22:58:31,719][root][INFO] - x: [-0.63219542  0.5048025   1.        ]
[2024-04-24 22:58:31,720][root][INFO] - y: [ 0.05812617 -0.04828065]
[2024-04-24 22:58:31,720][root][INFO] - Reward: -4.590420757128094
[2024-04-24 22:58:31,721][root][INFO] - --------------- Start iteration i=14 ---------------
[2024-04-24 22:58:31,721][root][INFO] - Length of data.x: 15
[2024-04-24 22:58:31,721][root][INFO] - Length of data.y: 15
[2024-04-24 22:58:31,823][root][INFO] - x: [-0.57406925  0.45652185  1.        ]
[2024-04-24 22:58:31,823][root][INFO] - y: [ 0.0512859  -0.05372328]
[2024-04-24 22:58:31,823][root][INFO] - Reward: -3.73976580723088
[2024-04-24 22:58:31,824][root][INFO] - --------------- Start iteration i=15 ---------------
[2024-04-24 22:58:31,824][root][INFO] - Length of data.x: 16
[2024-04-24 22:58:31,824][root][INFO] - Length of data.y: 16
[2024-04-24 22:59:02,922][root][INFO] - Eval Returns: [-746.42599129 -502.3425794  -504.77084146 -390.6805789  -391.42127285]
[2024-04-24 22:59:02,970][root][INFO] - Eval Returns: mean=-507.128 std=129.800
[2024-04-24 22:59:02,970][root][INFO] - Eval ndata: 16.000
[2024-04-24 22:59:02,971][root][INFO] - Model MSE (current real MPC): 0.077
[2024-04-24 22:59:03,537][root][INFO] - Model MSE (random test set): 0.001
[2024-04-24 22:59:03,537][root][INFO] - Model MSE (GT MPC): 0.000
[2024-04-24 22:59:03,537][root][INFO] - Model Likelihood (random test set): -1.850
[2024-04-24 22:59:03,537][root][INFO] - Model Likelihood (GT MPC): -1.845
[2024-04-24 22:59:03,537][root][INFO] - *[TIME] [Evaluate the current MPC policy] Elapsed: 31.61 seconds
[2024-04-24 22:59:06,397][root][INFO] - x: [-0.52278335  0.40279857  1.        ]
[2024-04-24 22:59:06,397][root][INFO] - y: [ 0.0441545  -0.05600996]
[2024-04-24 22:59:06,397][root][INFO] - Reward: -3.0346631474799985
[2024-04-24 22:59:07,788][root][INFO] - --------------- Start iteration i=16 ---------------
[2024-04-24 22:59:07,788][root][INFO] - Length of data.x: 17
[2024-04-24 22:59:07,788][root][INFO] - Length of data.y: 17
[2024-04-24 22:59:07,893][root][INFO] - x: [-0.47862885  0.34678861  0.64466662]
[2024-04-24 22:59:07,893][root][INFO] - y: [ 0.03532283 -0.06936378]
[2024-04-24 22:59:07,894][root][INFO] - Reward: -2.43381248601869
[2024-04-24 22:59:07,895][root][INFO] - --------------- Start iteration i=17 ---------------
[2024-04-24 22:59:07,895][root][INFO] - Length of data.x: 18
[2024-04-24 22:59:07,895][root][INFO] - Length of data.y: 18
[2024-04-24 22:59:08,001][root][INFO] - x: [-0.44330603  0.27742483  0.92024278]
[2024-04-24 22:59:08,002][root][INFO] - y: [ 0.02796887 -0.05775781]
[2024-04-24 22:59:08,002][root][INFO] - Reward: -2.014766153699712
[2024-04-24 22:59:08,003][root][INFO] - --------------- Start iteration i=18 ---------------
[2024-04-24 22:59:08,003][root][INFO] - Length of data.x: 19
[2024-04-24 22:59:08,003][root][INFO] - Length of data.y: 19
[2024-04-24 22:59:08,115][root][INFO] - x: [-0.41533716  0.21966702  0.86151378]
[2024-04-24 22:59:08,116][root][INFO] - y: [ 0.02056541 -0.05814664]
[2024-04-24 22:59:08,116][root][INFO] - Reward: -1.7080632539008602
[2024-04-24 22:59:08,117][root][INFO] - --------------- Start iteration i=19 ---------------
[2024-04-24 22:59:08,117][root][INFO] - Length of data.x: 20
[2024-04-24 22:59:08,117][root][INFO] - Length of data.y: 20
[2024-04-24 22:59:08,221][root][INFO] - x: [-0.39477174  0.16152037  0.99426822]
[2024-04-24 22:59:08,221][root][INFO] - y: [ 0.01402241 -0.05138865]
[2024-04-24 22:59:08,222][root][INFO] - Reward: -1.5123770541772938
[2024-04-24 22:59:08,223][root][INFO] - --------------- Start iteration i=20 ---------------
[2024-04-24 22:59:08,223][root][INFO] - Length of data.x: 21
[2024-04-24 22:59:08,223][root][INFO] - Length of data.y: 21
[2024-04-24 22:59:41,654][root][INFO] - Eval Returns: [-238.70836197   -2.36867521 -240.30445798   -3.34568224 -457.29740205]
[2024-04-24 22:59:41,705][root][INFO] - Eval Returns: mean=-188.405 std=171.104
[2024-04-24 22:59:41,706][root][INFO] - Eval ndata: 21.000
[2024-04-24 22:59:41,706][root][INFO] - Model MSE (current real MPC): 0.028
[2024-04-24 22:59:42,216][root][INFO] - Model MSE (random test set): 0.000
[2024-04-24 22:59:42,216][root][INFO] - Model MSE (GT MPC): 0.000
[2024-04-24 22:59:42,216][root][INFO] - Model Likelihood (random test set): -1.845
[2024-04-24 22:59:42,216][root][INFO] - Model Likelihood (GT MPC): -1.842
[2024-04-24 22:59:42,216][root][INFO] - *[TIME] [Evaluate the current MPC policy] Elapsed: 33.89 seconds
[2024-04-24 22:59:45,253][root][INFO] - x: [-0.38074934  0.11013173  0.91551236]
[2024-04-24 22:59:45,254][root][INFO] - y: [ 0.00728495 -0.05291584]
[2024-04-24 22:59:45,254][root][INFO] - Reward: -1.4008735837979496
[2024-04-24 22:59:46,822][root][INFO] - --------------- Start iteration i=21 ---------------
[2024-04-24 22:59:46,822][root][INFO] - Length of data.x: 22
[2024-04-24 22:59:46,822][root][INFO] - Length of data.y: 22
[2024-04-24 22:59:46,927][root][INFO] - x: [-0.37346438  0.05721589  0.94467774]
[2024-04-24 22:59:46,928][root][INFO] - y: [ 0.00078962 -0.05101421]
[2024-04-24 22:59:46,928][root][INFO] - Reward: -1.374570470879772
[2024-04-24 22:59:46,929][root][INFO] - --------------- Start iteration i=22 ---------------
[2024-04-24 22:59:46,929][root][INFO] - Length of data.x: 23
[2024-04-24 22:59:46,929][root][INFO] - Length of data.y: 23
[2024-04-24 22:59:47,040][root][INFO] - x: [-0.37267476  0.00620169  0.35192476]
[2024-04-24 22:59:47,041][root][INFO] - y: [-0.0085244  -0.07315214]
[2024-04-24 22:59:47,041][root][INFO] - Reward: -1.4633624333141964
[2024-04-24 22:59:47,042][root][INFO] - --------------- Start iteration i=23 ---------------
[2024-04-24 22:59:47,042][root][INFO] - Length of data.x: 24
[2024-04-24 22:59:47,043][root][INFO] - Length of data.y: 24
[2024-04-24 22:59:47,142][root][INFO] - x: [-0.38119916 -0.06695046  0.99433257]
[2024-04-24 22:59:47,142][root][INFO] - y: [-0.01489167 -0.05000847]
[2024-04-24 22:59:47,143][root][INFO] - Reward: -1.6399249328598267
[2024-04-24 22:59:47,144][root][INFO] - --------------- Start iteration i=24 ---------------
[2024-04-24 22:59:47,144][root][INFO] - Length of data.x: 25
[2024-04-24 22:59:47,144][root][INFO] - Length of data.y: 25
[2024-04-24 22:59:47,244][root][INFO] - x: [-0.39609083 -0.11695893  0.75255158]
[2024-04-24 22:59:47,245][root][INFO] - y: [-0.02260475 -0.06057837]
[2024-04-24 22:59:47,245][root][INFO] - Reward: -1.934190924069876
[2024-04-24 22:59:47,246][root][INFO] - --------------- Start iteration i=25 ---------------
[2024-04-24 22:59:47,246][root][INFO] - Length of data.x: 26
[2024-04-24 22:59:47,246][root][INFO] - Length of data.y: 26
[2024-04-24 23:00:21,860][root][INFO] - Eval Returns: [-134.97193622 -372.8003111  -238.02969074 -122.86860575 -129.13468016]
[2024-04-24 23:00:21,901][root][INFO] - Eval Returns: mean=-199.561 std=96.442
[2024-04-24 23:00:21,901][root][INFO] - Eval ndata: 26.000
[2024-04-24 23:00:21,901][root][INFO] - Model MSE (current real MPC): 0.032
[2024-04-24 23:00:22,382][root][INFO] - Model MSE (random test set): 0.000
[2024-04-24 23:00:22,382][root][INFO] - Model MSE (GT MPC): 0.000
[2024-04-24 23:00:22,383][root][INFO] - Model Likelihood (random test set): -1.844
[2024-04-24 23:00:22,383][root][INFO] - Model Likelihood (GT MPC): -1.842
[2024-04-24 23:00:22,383][root][INFO] - *[TIME] [Evaluate the current MPC policy] Elapsed: 35.04 seconds
[2024-04-24 23:00:25,473][root][INFO] - x: [-0.41869558 -0.17753729  0.27761946]
[2024-04-24 23:00:25,474][root][INFO] - y: [-0.03282856 -0.08029764]
[2024-04-24 23:00:25,474][root][INFO] - Reward: -2.4379292792452154
[2024-04-24 23:00:26,882][root][INFO] - --------------- Start iteration i=26 ---------------
[2024-04-24 23:00:26,882][root][INFO] - Length of data.x: 27
[2024-04-24 23:00:26,882][root][INFO] - Length of data.y: 27
[2024-04-24 23:00:26,997][root][INFO] - x: [-0.45152414 -0.25783493 -0.13669488]
[2024-04-24 23:00:26,998][root][INFO] - y: [-0.0452797 -0.097791 ]
[2024-04-24 23:00:26,998][root][INFO] - Reward: -3.245438718238954
[2024-04-24 23:00:27,000][root][INFO] - --------------- Start iteration i=27 ---------------
[2024-04-24 23:00:27,000][root][INFO] - Length of data.x: 28
[2024-04-24 23:00:27,000][root][INFO] - Length of data.y: 28
[2024-04-24 23:00:27,105][root][INFO] - x: [-0.49680384 -0.35562593 -0.14614967]
[2024-04-24 23:00:27,105][root][INFO] - y: [-0.05791353 -0.09922589]
[2024-04-24 23:00:27,106][root][INFO] - Reward: -4.361172159944816
[2024-04-24 23:00:27,107][root][INFO] - --------------- Start iteration i=28 ---------------
[2024-04-24 23:00:27,107][root][INFO] - Length of data.x: 29
[2024-04-24 23:00:27,107][root][INFO] - Length of data.y: 29
[2024-04-24 23:00:27,212][root][INFO] - x: [-0.55471737 -0.45485182 -0.02430552]
[2024-04-24 23:00:27,213][root][INFO] - y: [-0.06979027 -0.09327973]
[2024-04-24 23:00:27,213][root][INFO] - Reward: -5.772113474851963
[2024-04-24 23:00:27,214][root][INFO] - --------------- Start iteration i=29 ---------------
[2024-04-24 23:00:27,214][root][INFO] - Length of data.x: 30
[2024-04-24 23:00:27,214][root][INFO] - Length of data.y: 30
[2024-04-24 23:00:27,325][root][INFO] - x: [-0.62450765 -0.54813155 -1.        ]
[2024-04-24 23:00:27,325][root][INFO] - y: [-0.08559997 -0.12416909]
[2024-04-24 23:00:27,325][root][INFO] - Reward: -7.873500451278744
[2024-04-24 23:00:27,327][root][INFO] - --------------- Start iteration i=30 ---------------
[2024-04-24 23:00:27,327][root][INFO] - Length of data.x: 31
[2024-04-24 23:00:27,327][root][INFO] - Length of data.y: 31
[2024-04-24 23:01:03,404][root][INFO] - Eval Returns: [-132.1660034  -359.37863103 -253.26283721 -383.30438054 -244.88743198]
[2024-04-24 23:01:03,447][root][INFO] - Eval Returns: mean=-274.600 std=90.144
[2024-04-24 23:01:03,447][root][INFO] - Eval ndata: 31.000
[2024-04-24 23:01:03,447][root][INFO] - Model MSE (current real MPC): 0.044
[2024-04-24 23:01:03,999][root][INFO] - Model MSE (random test set): 0.000
[2024-04-24 23:01:04,000][root][INFO] - Model MSE (GT MPC): 0.000
[2024-04-24 23:01:04,000][root][INFO] - Model Likelihood (random test set): -1.844
[2024-04-24 23:01:04,000][root][INFO] - Model Likelihood (GT MPC): -1.841
[2024-04-24 23:01:04,000][root][INFO] - *[TIME] [Evaluate the current MPC policy] Elapsed: 36.57 seconds
[2024-04-24 23:01:07,506][root][INFO] - x: [-0.71010762 -0.67230064 -1.        ]
[2024-04-24 23:01:07,507][root][INFO] - y: [-0.09980393 -0.1115576 ]
[2024-04-24 23:01:07,507][root][INFO] - Reward: -10.410409613612517
[2024-04-24 23:01:08,868][root][INFO] - --------------- Start iteration i=31 ---------------
[2024-04-24 23:01:08,868][root][INFO] - Length of data.x: 32
[2024-04-24 23:01:08,868][root][INFO] - Length of data.y: 32
[2024-04-24 23:01:08,969][root][INFO] - x: [-0.80991155 -0.78385824 -0.45986333]
[2024-04-24 23:01:08,969][root][INFO] - y: [-0.10871173 -0.06996173]
[2024-04-24 23:01:08,969][root][INFO] - Reward: -12.995151602380384
[2024-04-24 23:01:08,971][root][INFO] - --------------- Start iteration i=32 ---------------
[2024-04-24 23:01:08,971][root][INFO] - Length of data.x: 33
[2024-04-24 23:01:08,971][root][INFO] - Length of data.y: 33
[2024-04-24 23:01:09,074][root][INFO] - x: [-0.91862328 -0.85381997 -1.        ]
[2024-04-24 23:01:09,075][root][INFO] - y: [-0.11650487 -0.06120719]
[2024-04-24 23:01:09,075][root][INFO] - Reward: -14.550940026611299
[2024-04-24 23:01:09,076][root][INFO] - --------------- Start iteration i=33 ---------------
[2024-04-24 23:01:09,076][root][INFO] - Length of data.x: 34
[2024-04-24 23:01:09,076][root][INFO] - Length of data.y: 34
[2024-04-24 23:01:09,181][root][INFO] - x: [ 0.96487185 -0.91502716 -0.4379682 ]
[2024-04-24 23:01:09,182][root][INFO] - y: [-0.11728138 -0.00609871]
[2024-04-24 23:01:09,182][root][INFO] - Reward: -12.521412452136758
[2024-04-24 23:01:09,183][root][INFO] - --------------- Start iteration i=34 ---------------
[2024-04-24 23:01:09,183][root][INFO] - Length of data.x: 35
[2024-04-24 23:01:09,183][root][INFO] - Length of data.y: 35
[2024-04-24 23:01:09,288][root][INFO] - x: [ 0.84759046 -0.92112587 -0.08014188]
[2024-04-24 23:01:09,289][root][INFO] - y: [-0.11216457  0.04018738]
[2024-04-24 23:01:09,289][root][INFO] - Reward: -10.304750609964834
[2024-04-24 23:01:09,290][root][INFO] - --------------- Start iteration i=35 ---------------
[2024-04-24 23:01:09,290][root][INFO] - Length of data.x: 36
[2024-04-24 23:01:09,290][root][INFO] - Length of data.y: 36
[2024-04-24 23:01:45,138][root][INFO] - Eval Returns: [-357.72675575 -165.93259754 -132.76590843 -239.19702263 -256.62364434]
[2024-04-24 23:01:45,181][root][INFO] - Eval Returns: mean=-230.449 std=78.314
[2024-04-24 23:01:45,181][root][INFO] - Eval ndata: 36.000
[2024-04-24 23:01:45,181][root][INFO] - Model MSE (current real MPC): 0.036
[2024-04-24 23:01:45,762][root][INFO] - Model MSE (random test set): 0.000
[2024-04-24 23:01:45,762][root][INFO] - Model MSE (GT MPC): 0.000
[2024-04-24 23:01:45,762][root][INFO] - Model Likelihood (random test set): -1.845
[2024-04-24 23:01:45,762][root][INFO] - Model Likelihood (GT MPC): -1.841
[2024-04-24 23:01:45,762][root][INFO] - *[TIME] [Evaluate the current MPC policy] Elapsed: 36.37 seconds
[2024-04-24 23:01:49,313][root][INFO] - x: [ 0.73542589 -0.88093849  0.57395569]
[2024-04-24 23:01:49,314][root][INFO] - y: [-0.10060619  0.09077927]
[2024-04-24 23:01:49,314][root][INFO] - Reward: -7.974579737006406
[2024-04-24 23:01:51,034][root][INFO] - --------------- Start iteration i=36 ---------------
[2024-04-24 23:01:51,034][root][INFO] - Length of data.x: 37
[2024-04-24 23:01:51,034][root][INFO] - Length of data.y: 37
[2024-04-24 23:01:51,150][root][INFO] - x: [ 0.6348197  -0.79015923  0.29446535]
[2024-04-24 23:01:51,151][root][INFO] - y: [-0.08831837  0.09650834]
[2024-04-24 23:01:51,151][root][INFO] - Reward: -6.027409451112727
[2024-04-24 23:01:51,153][root][INFO] - --------------- Start iteration i=37 ---------------
[2024-04-24 23:01:51,153][root][INFO] - Length of data.x: 38
[2024-04-24 23:01:51,153][root][INFO] - Length of data.y: 38
[2024-04-24 23:01:51,264][root][INFO] - x: [ 0.54650133 -0.69365088  0.4960342 ]
[2024-04-24 23:01:51,265][root][INFO] - y: [-0.07414051  0.11135266]
[2024-04-24 23:01:51,265][root][INFO] - Reward: -4.373193012691642
[2024-04-24 23:01:51,267][root][INFO] - --------------- Start iteration i=38 ---------------
[2024-04-24 23:01:51,267][root][INFO] - Length of data.x: 39
[2024-04-24 23:01:51,267][root][INFO] - Length of data.y: 39
[2024-04-24 23:01:51,374][root][INFO] - x: [ 0.47236082 -0.58229822 -0.28154324]
[2024-04-24 23:01:51,375][root][INFO] - y: [-0.06359313  0.08283893]
[2024-04-24 23:01:51,375][root][INFO] - Reward: -3.245980746227238
[2024-04-24 23:01:51,376][root][INFO] - --------------- Start iteration i=39 ---------------
[2024-04-24 23:01:51,377][root][INFO] - Length of data.x: 40
[2024-04-24 23:01:51,377][root][INFO] - Length of data.y: 40
[2024-04-24 23:01:51,484][root][INFO] - x: [ 0.40876769 -0.49945929 -0.09871017]
[2024-04-24 23:01:51,485][root][INFO] - y: [-0.05261475  0.08622397]
[2024-04-24 23:01:51,485][root][INFO] - Reward: -2.3448340809285897
[2024-04-24 23:01:51,486][root][INFO] - --------------- Start iteration i=40 ---------------
[2024-04-24 23:01:51,487][root][INFO] - Length of data.x: 41
[2024-04-24 23:01:51,487][root][INFO] - Length of data.y: 41
[2024-04-24 23:02:29,598][root][INFO] - Eval Returns: [-117.49587683 -116.5769252  -127.15737288 -243.00250984 -116.87520578]
[2024-04-24 23:02:29,650][root][INFO] - Eval Returns: mean=-144.222 std=49.548
[2024-04-24 23:02:29,650][root][INFO] - Eval ndata: 41.000
[2024-04-24 23:02:29,650][root][INFO] - Model MSE (current real MPC): 0.024
[2024-04-24 23:02:30,175][root][INFO] - Model MSE (random test set): 0.000
[2024-04-24 23:02:30,176][root][INFO] - Model MSE (GT MPC): 0.000
[2024-04-24 23:02:30,176][root][INFO] - Model Likelihood (random test set): -1.844
[2024-04-24 23:02:30,176][root][INFO] - Model Likelihood (GT MPC): -1.840
[2024-04-24 23:02:30,176][root][INFO] - *[TIME] [Evaluate the current MPC policy] Elapsed: 38.58 seconds
[2024-04-24 23:02:33,876][root][INFO] - x: [ 0.35615293 -0.41323532 -0.75323374]
[2024-04-24 23:02:33,876][root][INFO] - y: [-0.04547281  0.05609266]
[2024-04-24 23:02:33,876][root][INFO] - Reward: -1.771230426814783
[2024-04-24 23:02:35,864][root][INFO] - --------------- Start iteration i=41 ---------------
[2024-04-24 23:02:35,865][root][INFO] - Length of data.x: 42
[2024-04-24 23:02:35,865][root][INFO] - Length of data.y: 42
[2024-04-24 23:02:35,987][root][INFO] - x: [ 0.31068012 -0.35714266 -0.25117329]
[2024-04-24 23:02:35,987][root][INFO] - y: [-0.03678522  0.06823222]
[2024-04-24 23:02:35,988][root][INFO] - Reward: -1.274857631874655
[2024-04-24 23:02:35,989][root][INFO] - --------------- Start iteration i=42 ---------------
[2024-04-24 23:02:35,989][root][INFO] - Length of data.x: 43
[2024-04-24 23:02:35,989][root][INFO] - Length of data.y: 43
[2024-04-24 23:02:36,110][root][INFO] - x: [ 0.2738949  -0.28891044 -0.90851631]
[2024-04-24 23:02:36,110][root][INFO] - y: [-0.03207336  0.03700689]
[2024-04-24 23:02:36,111][root][INFO] - Reward: -0.9865675577957124
[2024-04-24 23:02:36,112][root][INFO] - --------------- Start iteration i=43 ---------------
[2024-04-24 23:02:36,112][root][INFO] - Length of data.x: 44
[2024-04-24 23:02:36,113][root][INFO] - Length of data.y: 44
[2024-04-24 23:02:36,235][root][INFO] - x: [ 0.24182155 -0.25190355 -0.65945532]
[2024-04-24 23:02:36,236][root][INFO] - y: [-0.02700118  0.03983675]
[2024-04-24 23:02:36,236][root][INFO] - Reward: -0.7450228627085548
[2024-04-24 23:02:36,238][root][INFO] - --------------- Start iteration i=44 ---------------
[2024-04-24 23:02:36,238][root][INFO] - Length of data.x: 45
[2024-04-24 23:02:36,238][root][INFO] - Length of data.y: 45
[2024-04-24 23:02:36,360][root][INFO] - x: [ 0.21482036 -0.2120668  -0.40584564]
[2024-04-24 23:02:36,361][root][INFO] - y: [-0.02148093  0.04335599]
[2024-04-24 23:02:36,361][root][INFO] - Reward: -0.5517513947169213
[2024-04-24 23:02:36,362][root][INFO] - --------------- Start iteration i=45 ---------------
[2024-04-24 23:02:36,363][root][INFO] - Length of data.x: 46
[2024-04-24 23:02:36,363][root][INFO] - Length of data.y: 46
[2024-04-24 23:03:14,069][root][INFO] - Eval Returns: [-233.0294691  -124.13433436 -123.13598694 -343.00073187 -117.70448893]
[2024-04-24 23:03:14,114][root][INFO] - Eval Returns: mean=-188.201 std=88.634
[2024-04-24 23:03:14,114][root][INFO] - Eval ndata: 46.000
[2024-04-24 23:03:14,115][root][INFO] - Model MSE (current real MPC): 0.032
[2024-04-24 23:03:14,638][root][INFO] - Model MSE (random test set): 0.000
[2024-04-24 23:03:14,638][root][INFO] - Model MSE (GT MPC): 0.000
[2024-04-24 23:03:14,638][root][INFO] - Model Likelihood (random test set): -1.845
[2024-04-24 23:03:14,638][root][INFO] - Model Likelihood (GT MPC): -1.840
[2024-04-24 23:03:14,638][root][INFO] - *[TIME] [Evaluate the current MPC policy] Elapsed: 38.17 seconds
[2024-04-24 23:03:18,363][root][INFO] - x: [ 0.19333944 -0.16871081 -0.76778526]
[2024-04-24 23:03:18,364][root][INFO] - y: [-0.01833425  0.02471393]
[2024-04-24 23:03:18,364][root][INFO] - Reward: -0.4373371926514677
[2024-04-24 23:03:20,448][root][INFO] - --------------- Start iteration i=46 ---------------
[2024-04-24 23:03:20,448][root][INFO] - Length of data.x: 47
[2024-04-24 23:03:20,449][root][INFO] - Length of data.y: 47
[2024-04-24 23:03:20,560][root][INFO] - x: [ 0.17500518 -0.14399688 -0.69194983]
[2024-04-24 23:03:20,561][root][INFO] - y: [-0.01540104  0.02303743]
[2024-04-24 23:03:20,561][root][INFO] - Reward: -0.346968022554575
[2024-04-24 23:03:20,563][root][INFO] - --------------- Start iteration i=47 ---------------
[2024-04-24 23:03:20,563][root][INFO] - Length of data.x: 48
[2024-04-24 23:03:20,563][root][INFO] - Length of data.y: 48
[2024-04-24 23:03:20,674][root][INFO] - x: [ 0.15960415 -0.12095946 -0.99426391]
[2024-04-24 23:03:20,674][root][INFO] - y: [-0.0144108   0.00777731]
[2024-04-24 23:03:20,675][root][INFO] - Reward: -0.29400173076707187
[2024-04-24 23:03:20,676][root][INFO] - --------------- Start iteration i=48 ---------------
[2024-04-24 23:03:20,676][root][INFO] - Length of data.x: 49
[2024-04-24 23:03:20,676][root][INFO] - Length of data.y: 49
[2024-04-24 23:03:20,792][root][INFO] - x: [ 0.14519335 -0.11318215 -1.        ]
[2024-04-24 23:03:20,793][root][INFO] - y: [-0.01392755  0.00379543]
[2024-04-24 23:03:20,793][root][INFO] - Reward: -0.25063921158685365
[2024-04-24 23:03:20,794][root][INFO] - --------------- Start iteration i=49 ---------------
[2024-04-24 23:03:20,795][root][INFO] - Length of data.x: 50
[2024-04-24 23:03:20,795][root][INFO] - Length of data.y: 50
[2024-04-24 23:03:20,906][root][INFO] - x: [ 0.1312658  -0.10938672 -0.33790968]
[2024-04-24 23:03:20,907][root][INFO] - y: [-0.01075682  0.02490285]
[2024-04-24 23:03:20,907][root][INFO] - Reward: -0.18946737524717513
[2024-04-24 23:03:20,909][root][INFO] - --------------- Start iteration i=50 ---------------
[2024-04-24 23:03:20,909][root][INFO] - Length of data.x: 51
[2024-04-24 23:03:20,909][root][INFO] - Length of data.y: 51
[2024-04-24 23:03:59,533][root][INFO] - Eval Returns: [-239.96751967 -352.37573538 -115.71777407 -122.95846863 -119.38083692]
[2024-04-24 23:03:59,583][root][INFO] - Eval Returns: mean=-190.080 std=93.661
[2024-04-24 23:03:59,583][root][INFO] - Eval ndata: 51.000
[2024-04-24 23:03:59,583][root][INFO] - Model MSE (current real MPC): 0.032
[2024-04-24 23:04:00,117][root][INFO] - Model MSE (random test set): 0.000
[2024-04-24 23:04:00,118][root][INFO] - Model MSE (GT MPC): 0.000
[2024-04-24 23:04:00,118][root][INFO] - Model Likelihood (random test set): -1.845
[2024-04-24 23:04:00,118][root][INFO] - Model Likelihood (GT MPC): -1.840
[2024-04-24 23:04:00,118][root][INFO] - *[TIME] [Evaluate the current MPC policy] Elapsed: 39.10 seconds
[2024-04-24 23:04:02,869][root][INFO] - x: [ 0.12050898 -0.08448386 -0.49637384]
[2024-04-24 23:04:02,870][root][INFO] - y: [-0.00871493  0.01603699]
[2024-04-24 23:04:02,870][root][INFO] - Reward: -0.1543188232473631
[2024-04-24 23:04:04,504][root][INFO] - --------------- Start iteration i=51 ---------------
[2024-04-24 23:04:04,504][root][INFO] - Length of data.x: 52
[2024-04-24 23:04:04,504][root][INFO] - Length of data.y: 52
[2024-04-24 23:04:04,631][root][INFO] - x: [ 0.11179406 -0.06844687 -0.39205494]
[2024-04-24 23:04:04,632][root][INFO] - y: [-0.00648023  0.01755127]
[2024-04-24 23:04:04,632][root][INFO] - Reward: -0.12665695439337976
[2024-04-24 23:04:04,634][root][INFO] - --------------- Start iteration i=52 ---------------
[2024-04-24 23:04:04,634][root][INFO] - Length of data.x: 53
[2024-04-24 23:04:04,634][root][INFO] - Length of data.y: 53
[2024-04-24 23:04:04,751][root][INFO] - x: [ 0.10531383 -0.0508956  -0.84586896]
[2024-04-24 23:04:04,751][root][INFO] - y: [-0.00664134 -0.0012654 ]
[2024-04-24 23:04:04,751][root][INFO] - Reward: -0.11636792944504969
[2024-04-24 23:04:04,753][root][INFO] - --------------- Start iteration i=53 ---------------
[2024-04-24 23:04:04,753][root][INFO] - Length of data.x: 54
[2024-04-24 23:04:04,753][root][INFO] - Length of data.y: 54
[2024-04-24 23:04:04,865][root][INFO] - x: [ 0.09867248 -0.052161   -0.59056052]
[2024-04-24 23:04:04,866][root][INFO] - y: [-0.00581982  0.00645222]
[2024-04-24 23:04:04,866][root][INFO] - Reward: -0.099858464359568
[2024-04-24 23:04:04,868][root][INFO] - --------------- Start iteration i=54 ---------------
[2024-04-24 23:04:04,868][root][INFO] - Length of data.x: 55
[2024-04-24 23:04:04,868][root][INFO] - Length of data.y: 55
[2024-04-24 23:04:04,981][root][INFO] - x: [ 0.09285266 -0.04570877 -0.87329454]
[2024-04-24 23:04:04,981][root][INFO] - y: [-0.00655669 -0.00578737]
[2024-04-24 23:04:04,982][root][INFO] - Reward: -0.0935213215523407
[2024-04-24 23:04:04,983][root][INFO] - --------------- Start iteration i=55 ---------------
[2024-04-24 23:04:04,984][root][INFO] - Length of data.x: 56
[2024-04-24 23:04:04,984][root][INFO] - Length of data.y: 56
[2024-04-24 23:04:47,260][root][INFO] - Eval Returns: [-123.27130672 -115.15573966 -229.69963349 -242.84768609 -122.84512982]
[2024-04-24 23:04:47,312][root][INFO] - Eval Returns: mean=-166.764 std=56.980
[2024-04-24 23:04:47,313][root][INFO] - Eval ndata: 56.000
[2024-04-24 23:04:47,313][root][INFO] - Model MSE (current real MPC): 0.028
[2024-04-24 23:04:47,859][root][INFO] - Model MSE (random test set): 0.000
[2024-04-24 23:04:47,859][root][INFO] - Model MSE (GT MPC): 0.000
[2024-04-24 23:04:47,859][root][INFO] - Model Likelihood (random test set): -1.845
[2024-04-24 23:04:47,859][root][INFO] - Model Likelihood (GT MPC): -1.840
[2024-04-24 23:04:47,859][root][INFO] - *[TIME] [Evaluate the current MPC policy] Elapsed: 42.77 seconds
