[2024-04-19 19:47:36,131][root][INFO] - Dumper dumping to /trajectory-information-rl/experiments/mpc_cartpole_2024-04-19/19-47-30/seed_2
[2024-04-19 19:47:36,136][root][INFO] - Start obs: None
[2024-04-19 19:47:49,709][root][INFO] - GT Returns: [-13.14194716 -10.68993189 -11.71154279 -11.14173624 -12.32552648]
[2024-04-19 19:47:49,710][root][INFO] - GT Returns: mean=-11.802 std=0.866
[2024-04-19 19:47:49,710][root][INFO] - Path Lengths: [36345, 36345, 36345, 36345, 36345]
[2024-04-19 19:47:49,710][root][INFO] - Path Lengths: mean=36345.000 std=0.000
[2024-04-19 19:47:49,771][root][INFO] - all_x.shape = (181725, 5)
[2024-04-19 19:47:49,776][root][INFO] - all_x.min(axis=0) = [-0.99608083 -1.44766348 -0.99997214 -0.86205881 -1.        ]
[2024-04-19 19:47:49,780][root][INFO] - all_x.max(axis=0) = [1.10588286 1.57848771 0.99999298 0.8639946  1.        ]
[2024-04-19 19:47:49,783][root][INFO] - all_x.mean(axis=0) = [-0.00193938 -0.0038173  -0.01913679 -0.02085669 -0.00819337]
[2024-04-19 19:47:49,791][root][INFO] - all_x.var(axis=0) = [0.01230669 0.05318237 0.25696868 0.08688502 0.21421824]
[2024-04-19 19:47:49,825][root][INFO] - --------------- Start iteration i=0 ---------------
[2024-04-19 19:47:49,825][root][INFO] - Length of data.x: 1
[2024-04-19 19:47:49,825][root][INFO] - Length of data.y: 1
[2024-04-19 19:47:55,181][root][INFO] - Eval Returns: [-24.99998258 -24.99998196 -24.99997776 -24.9999809  -24.99985644]
[2024-04-19 19:47:55,186][root][INFO] - Eval Returns: mean=-25.000 std=0.000
[2024-04-19 19:47:55,186][root][INFO] - Eval ndata: 1.000
[2024-04-19 19:47:55,186][root][INFO] - Model MSE (current real MPC): 0.553
[2024-04-19 19:47:56,198][root][INFO] - Model MSE (random test set): 0.380
[2024-04-19 19:47:56,198][root][INFO] - Model MSE (GT MPC): 0.093
[2024-04-19 19:47:56,198][root][INFO] - Model Likelihood (random test set): -4.125
[2024-04-19 19:47:56,198][root][INFO] - Model Likelihood (GT MPC): -3.928
[2024-04-19 19:47:56,198][root][INFO] - *[TIME] [Evaluate the current MPC policy] Elapsed: 6.17 seconds
[2024-04-19 19:47:57,871][root][INFO] - x: [ 4.58557106e-03  2.41792882e-03 -9.97101653e-01  8.39180418e-05
  5.62060128e-01]
[2024-04-19 19:47:57,871][root][INFO] - y: [ 2.41792882e-04  9.04230443e-02  6.67799097e-05 -9.13136825e-02]
[2024-04-19 19:47:57,871][root][INFO] - Reward: -0.9999902092713812
[2024-04-19 19:47:59,679][root][INFO] - --------------- Start iteration i=1 ---------------
[2024-04-19 19:47:59,679][root][INFO] - Length of data.x: 2
[2024-04-19 19:47:59,680][root][INFO] - Length of data.y: 2
[2024-04-19 19:47:59,861][root][INFO] - x: [ 0.00482736  0.09284097 -0.99703487 -0.09122976 -0.98858808]
[2024-04-19 19:47:59,861][root][INFO] - y: [ 0.0092841  -0.15898597 -0.0725984   0.15806408]
[2024-04-19 19:47:59,862][root][INFO] - Reward: -0.9999927609938295
[2024-04-19 19:47:59,862][root][INFO] - --------------- Start iteration i=2 ---------------
[2024-04-19 19:47:59,862][root][INFO] - Length of data.x: 3
[2024-04-19 19:47:59,862][root][INFO] - Length of data.y: 3
[2024-04-19 19:48:00,032][root][INFO] - x: [ 0.01411146 -0.066145    0.93036673  0.06683432  0.02962238]
[2024-04-19 19:48:00,032][root][INFO] - y: [-0.0066145  -0.00791466  0.0531851   0.0290375 ]
[2024-04-19 19:48:00,032][root][INFO] - Reward: -0.9999907828948651
[2024-04-19 19:48:00,033][root][INFO] - --------------- Start iteration i=3 ---------------
[2024-04-19 19:48:00,033][root][INFO] - Length of data.x: 4
[2024-04-19 19:48:00,033][root][INFO] - Length of data.y: 4
[2024-04-19 19:48:00,184][root][INFO] - x: [ 0.00749696 -0.07405966  0.98355183  0.09587181 -1.        ]
[2024-04-19 19:48:00,184][root][INFO] - y: [-0.00740597 -0.1623067   0.07629243  0.16716235]
[2024-04-19 19:48:00,184][root][INFO] - Reward: -0.9999889918355102
[2024-04-19 19:48:00,185][root][INFO] - --------------- Start iteration i=4 ---------------
[2024-04-19 19:48:00,185][root][INFO] - Length of data.x: 5
[2024-04-19 19:48:00,185][root][INFO] - Length of data.y: 5
[2024-04-19 19:48:00,335][root][INFO] - x: [ 9.09952056e-05 -2.36366357e-01 -9.40155743e-01  2.63034164e-01
  1.00000000e+00]
[2024-04-19 19:48:00,335][root][INFO] - y: [-0.02363664  0.19001438  0.20931611 -0.20501989]
[2024-04-19 19:48:00,335][root][INFO] - Reward: -0.9999918348939483
[2024-04-19 19:48:00,336][root][INFO] - --------------- Start iteration i=5 ---------------
[2024-04-19 19:48:00,336][root][INFO] - Length of data.x: 6
[2024-04-19 19:48:00,336][root][INFO] - Length of data.y: 6
[2024-04-19 19:48:00,487][root][INFO] - x: [-0.02354564 -0.04635198 -0.73083964  0.05801427 -0.79109756]
[2024-04-19 19:48:00,487][root][INFO] - y: [-0.0046352  -0.06946632  0.04616633 -0.02741338]
[2024-04-19 19:48:00,488][root][INFO] - Reward: -0.9999926103789291
[2024-04-19 19:48:00,488][root][INFO] - --------------- Start iteration i=6 ---------------
[2024-04-19 19:48:00,488][root][INFO] - Length of data.x: 7
[2024-04-19 19:48:00,488][root][INFO] - Length of data.y: 7
[2024-04-19 19:48:00,640][root][INFO] - x: [-0.02818084 -0.1158183  -0.68467331  0.03060089  0.26183895]
[2024-04-19 19:48:00,640][root][INFO] - y: [-0.01158183  0.05066882  0.02435144 -0.10990645]
[2024-04-19 19:48:00,640][root][INFO] - Reward: -0.9999980507091477
[2024-04-19 19:48:00,641][root][INFO] - --------------- Start iteration i=7 ---------------
[2024-04-19 19:48:00,641][root][INFO] - Length of data.x: 8
[2024-04-19 19:48:00,641][root][INFO] - Length of data.y: 8
[2024-04-19 19:48:00,793][root][INFO] - x: [-0.03976267 -0.06514947 -0.66032187 -0.07930556  0.60965299]
[2024-04-19 19:48:00,793][root][INFO] - y: [-0.00651495  0.09022863 -0.06310941 -0.12955329]
[2024-04-19 19:48:00,793][root][INFO] - Reward: -0.999999536693888
[2024-04-19 19:48:00,794][root][INFO] - --------------- Start iteration i=8 ---------------
[2024-04-19 19:48:00,794][root][INFO] - Length of data.x: 9
[2024-04-19 19:48:00,794][root][INFO] - Length of data.y: 9
[2024-04-19 19:48:00,946][root][INFO] - x: [-0.04627761  0.02507916 -0.72343128 -0.20885885  0.93916817]
[2024-04-19 19:48:00,946][root][INFO] - y: [ 0.00250792  0.16956011 -0.16620473 -0.18446886]
[2024-04-19 19:48:00,946][root][INFO] - Reward: -0.9999992754622521
[2024-04-19 19:48:00,947][root][INFO] - --------------- Start iteration i=9 ---------------
[2024-04-19 19:48:00,947][root][INFO] - Length of data.x: 10
[2024-04-19 19:48:00,947][root][INFO] - Length of data.y: 10
[2024-04-19 19:48:01,101][root][INFO] - x: [-0.0437697   0.19463927 -0.88963601 -0.39332771 -1.        ]
[2024-04-19 19:48:01,101][root][INFO] - y: [ 0.01946393 -0.06118679 -0.3130005   0.02417578]
[2024-04-19 19:48:01,101][root][INFO] - Reward: -0.9999234251369771
[2024-04-19 19:48:01,101][root][INFO] - --------------- Start iteration i=10 ---------------
[2024-04-19 19:48:01,102][root][INFO] - Length of data.x: 11
[2024-04-19 19:48:01,102][root][INFO] - Length of data.y: 11
[2024-04-19 19:48:06,991][root][INFO] - Eval Returns: [-22.77599737 -24.97273082 -16.43982141 -21.18726723 -17.18646473]
[2024-04-19 19:48:06,996][root][INFO] - Eval Returns: mean=-20.512 std=3.259
[2024-04-19 19:48:06,996][root][INFO] - Eval ndata: 11.000
[2024-04-19 19:48:06,996][root][INFO] - Model MSE (current real MPC): 0.486
[2024-04-19 19:48:08,052][root][INFO] - Model MSE (random test set): 0.315
[2024-04-19 19:48:08,052][root][INFO] - Model MSE (GT MPC): 0.089
[2024-04-19 19:48:08,052][root][INFO] - Model Likelihood (random test set): -3.837
[2024-04-19 19:48:08,052][root][INFO] - Model Likelihood (GT MPC): -3.735
[2024-04-19 19:48:08,052][root][INFO] - *[TIME] [Evaluate the current MPC policy] Elapsed: 6.80 seconds
[2024-04-19 19:48:10,458][root][INFO] - x: [-0.02430577  0.13345248  0.79736349 -0.36915193 -1.        ]
[2024-04-19 19:48:10,458][root][INFO] - y: [ 0.01334525 -0.25726592 -0.29376201  0.26524928]
[2024-04-19 19:48:10,458][root][INFO] - Reward: -0.9923199224673536
[2024-04-19 19:48:11,586][root][INFO] - --------------- Start iteration i=11 ---------------
[2024-04-19 19:48:11,586][root][INFO] - Length of data.x: 12
[2024-04-19 19:48:11,586][root][INFO] - Length of data.y: 12
[2024-04-19 19:48:11,772][root][INFO] - x: [-0.01096052 -0.12381344  0.50360148 -0.10390265 -1.        ]
[2024-04-19 19:48:11,772][root][INFO] - y: [-0.01238134 -0.10930406 -0.08268317  0.09943026]
[2024-04-19 19:48:11,772][root][INFO] - Reward: -0.9262812309157139
[2024-04-19 19:48:11,773][root][INFO] - --------------- Start iteration i=12 ---------------
[2024-04-19 19:48:11,773][root][INFO] - Length of data.x: 13
[2024-04-19 19:48:11,773][root][INFO] - Length of data.y: 13
[2024-04-19 19:48:12,104][root][INFO] - x: [-0.02334187 -0.2331175   0.42091831 -0.00447239  1.        ]
[2024-04-19 19:48:12,104][root][INFO] - y: [-0.02331175  0.1136674  -0.00355902  0.12313521]
[2024-04-19 19:48:12,104][root][INFO] - Reward: -0.8161997586667346
[2024-04-19 19:48:12,105][root][INFO] - --------------- Start iteration i=13 ---------------
[2024-04-19 19:48:12,105][root][INFO] - Length of data.x: 14
[2024-04-19 19:48:12,105][root][INFO] - Length of data.y: 14
[2024-04-19 19:48:12,260][root][INFO] - x: [-0.04665362 -0.1194501   0.41735929  0.11866282 -1.        ]
[2024-04-19 19:48:12,260][root][INFO] - y: [-0.01194501 -0.10502263  0.09442895  0.0679478 ]
[2024-04-19 19:48:12,261][root][INFO] - Reward: -0.9548915934737698
[2024-04-19 19:48:12,261][root][INFO] - --------------- Start iteration i=14 ---------------
[2024-04-19 19:48:12,261][root][INFO] - Length of data.x: 15
[2024-04-19 19:48:12,261][root][INFO] - Length of data.y: 15
[2024-04-19 19:48:12,417][root][INFO] - x: [-0.05859863 -0.22447273  0.51178823  0.18661062  0.65343783]
[2024-04-19 19:48:12,417][root][INFO] - y: [-0.02244727  0.03361865  0.14850013  0.09688797]
[2024-04-19 19:48:12,417][root][INFO] - Reward: -0.9990693102984766
[2024-04-19 19:48:12,418][root][INFO] - --------------- Start iteration i=15 ---------------
[2024-04-19 19:48:12,418][root][INFO] - Length of data.x: 16
[2024-04-19 19:48:12,418][root][INFO] - Length of data.y: 16
[2024-04-19 19:48:12,574][root][INFO] - x: [-0.0810459  -0.19085408  0.66028837  0.28349859 -1.        ]
[2024-04-19 19:48:12,574][root][INFO] - y: [-0.01908541 -0.19683851  0.22560119  0.18099411]
[2024-04-19 19:48:12,574][root][INFO] - Reward: -0.9999998628448786
[2024-04-19 19:48:12,575][root][INFO] - --------------- Start iteration i=16 ---------------
[2024-04-19 19:48:12,575][root][INFO] - Length of data.x: 17
[2024-04-19 19:48:12,575][root][INFO] - Length of data.y: 17
[2024-04-19 19:48:12,732][root][INFO] - x: [-0.10013131 -0.38769259  0.88588956  0.46449271  0.51946036]
[2024-04-19 19:48:12,732][root][INFO] - y: [-0.03876926 -0.04059285  0.36963185  0.07246684]
[2024-04-19 19:48:12,732][root][INFO] - Reward: -0.9999999999999992
[2024-04-19 19:48:12,733][root][INFO] - --------------- Start iteration i=17 ---------------
[2024-04-19 19:48:12,733][root][INFO] - Length of data.x: 18
[2024-04-19 19:48:12,733][root][INFO] - Length of data.y: 18
[2024-04-19 19:48:12,889][root][INFO] - x: [-0.13890057 -0.42828543 -0.74447859  0.53695954  0.41577189]
[2024-04-19 19:48:12,890][root][INFO] - y: [-0.04282854  0.31585061  0.42729917 -0.29006419]
[2024-04-19 19:48:12,890][root][INFO] - Reward: -1.0
[2024-04-19 19:48:12,890][root][INFO] - --------------- Start iteration i=18 ---------------
[2024-04-19 19:48:12,890][root][INFO] - Length of data.x: 19
[2024-04-19 19:48:12,890][root][INFO] - Length of data.y: 19
[2024-04-19 19:48:13,047][root][INFO] - x: [-0.18172911 -0.11243482 -0.31717941  0.24689535  1.        ]
[2024-04-19 19:48:13,048][root][INFO] - y: [-0.01124348  0.14877289  0.19647324 -0.00161692]
[2024-04-19 19:48:13,048][root][INFO] - Reward: -0.9999999999999999
[2024-04-19 19:48:13,048][root][INFO] - --------------- Start iteration i=19 ---------------
[2024-04-19 19:48:13,048][root][INFO] - Length of data.x: 20
[2024-04-19 19:48:13,048][root][INFO] - Length of data.y: 20
[2024-04-19 19:48:13,206][root][INFO] - x: [-0.19297259  0.03633807 -0.12070618  0.24527843 -0.86462996]
[2024-04-19 19:48:13,207][root][INFO] - y: [ 0.00363381 -0.11622156  0.19518653 -0.14431718]
[2024-04-19 19:48:13,207][root][INFO] - Reward: -0.9999999999797312
[2024-04-19 19:48:13,207][root][INFO] - --------------- Start iteration i=20 ---------------
[2024-04-19 19:48:13,207][root][INFO] - Length of data.x: 21
[2024-04-19 19:48:13,208][root][INFO] - Length of data.y: 21
[2024-04-19 19:48:19,597][root][INFO] - Eval Returns: [-23.45603981 -23.67650371 -24.41706713 -21.26375883 -20.90085509]
[2024-04-19 19:48:19,602][root][INFO] - Eval Returns: mean=-22.743 std=1.397
[2024-04-19 19:48:19,602][root][INFO] - Eval ndata: 21.000
[2024-04-19 19:48:19,602][root][INFO] - Model MSE (current real MPC): 0.593
[2024-04-19 19:48:20,673][root][INFO] - Model MSE (random test set): 0.081
[2024-04-19 19:48:20,673][root][INFO] - Model MSE (GT MPC): 0.013
[2024-04-19 19:48:20,673][root][INFO] - Model Likelihood (random test set): -3.777
[2024-04-19 19:48:20,673][root][INFO] - Model Likelihood (GT MPC): -3.725
[2024-04-19 19:48:20,673][root][INFO] - *[TIME] [Evaluate the current MPC policy] Elapsed: 7.31 seconds
[2024-04-19 19:48:23,166][root][INFO] - x: [-0.18933879 -0.07988349  0.07448035  0.10096125  1.        ]
[2024-04-19 19:48:23,166][root][INFO] - y: [-0.00798835  0.16567797  0.08034247  0.18393161]
[2024-04-19 19:48:23,166][root][INFO] - Reward: -0.9999999998935718
[2024-04-19 19:48:24,292][root][INFO] - --------------- Start iteration i=21 ---------------
[2024-04-19 19:48:24,292][root][INFO] - Length of data.x: 22
[2024-04-19 19:48:24,292][root][INFO] - Length of data.y: 22
[2024-04-19 19:48:24,473][root][INFO] - x: [-0.19732713  0.08579447  0.15482283  0.28489286  1.        ]
[2024-04-19 19:48:24,473][root][INFO] - y: [0.00857945 0.11145448 0.22671072 0.14443104]
[2024-04-19 19:48:24,473][root][INFO] - Reward: -0.9999997703472724
[2024-04-19 19:48:24,474][root][INFO] - --------------- Start iteration i=22 ---------------
[2024-04-19 19:48:24,474][root][INFO] - Length of data.x: 23
[2024-04-19 19:48:24,474][root][INFO] - Length of data.y: 23
[2024-04-19 19:48:24,645][root][INFO] - x: [-0.18874769  0.19724896  0.38153354  0.42932389  0.6414579 ]
[2024-04-19 19:48:24,646][root][INFO] - y: [ 0.0197249  -0.09082528  0.34164537  0.05844925]
[2024-04-19 19:48:24,646][root][INFO] - Reward: -0.9999999977939459
[2024-04-19 19:48:24,646][root][INFO] - --------------- Start iteration i=23 ---------------
[2024-04-19 19:48:24,646][root][INFO] - Length of data.x: 24
[2024-04-19 19:48:24,647][root][INFO] - Length of data.y: 24
[2024-04-19 19:48:24,822][root][INFO] - x: [-0.16902279  0.10642368  0.72317892  0.48777315  0.7869539 ]
[2024-04-19 19:48:24,822][root][INFO] - y: [ 0.01064237 -0.13147377  0.38815785  0.15984748]
[2024-04-19 19:48:24,822][root][INFO] - Reward: -0.9999999999999999
[2024-04-19 19:48:24,823][root][INFO] - --------------- Start iteration i=24 ---------------
[2024-04-19 19:48:24,823][root][INFO] - Length of data.x: 25
[2024-04-19 19:48:24,823][root][INFO] - Length of data.y: 25
[2024-04-19 19:48:24,985][root][INFO] - x: [-0.15838042 -0.0250501  -0.88866323  0.64762062 -0.20439371]
[2024-04-19 19:48:24,985][root][INFO] - y: [-0.00250501  0.18894478  0.51536053 -0.21115601]
[2024-04-19 19:48:24,985][root][INFO] - Reward: -1.0
[2024-04-19 19:48:24,985][root][INFO] - Explore episode complete with return -24.68862892495218, resetting
[2024-04-19 19:48:24,985][root][INFO] - Exploration Episode Rewards: [-0.9999902092713812, -0.9999927609938295, -0.9999907828948651, -0.9999889918355102, -0.9999918348939483, -0.9999926103789291, -0.9999980507091477, -0.999999536693888, -0.9999992754622521, -0.9999234251369771, -0.9923199224673536, -0.9262812309157139, -0.8161997586667346, -0.9548915934737698, -0.9990693102984766, -0.9999998628448786, -0.9999999999999992, -1.0, -0.9999999999999999, -0.9999999999797312, -0.9999999998935718, -0.9999997703472724, -0.9999999977939459, -0.9999999999999999, -1.0]
[2024-04-19 19:48:24,986][root][INFO] - --------------- Start iteration i=25 ---------------
[2024-04-19 19:48:24,986][root][INFO] - Length of data.x: 26
[2024-04-19 19:48:24,986][root][INFO] - Length of data.y: 26
[2024-04-19 19:48:25,151][root][INFO] - x: [ 5.40301939e-03  3.69472428e-03  9.85843140e-01  2.50508660e-04
 -3.30484115e-01]
[2024-04-19 19:48:25,152][root][INFO] - y: [ 0.00036947 -0.05548792  0.00019935  0.05979931]
[2024-04-19 19:48:25,152][root][INFO] - Reward: -0.9999905113383161
[2024-04-19 19:48:25,152][root][INFO] - --------------- Start iteration i=26 ---------------
[2024-04-19 19:48:25,153][root][INFO] - Length of data.x: 27
[2024-04-19 19:48:25,153][root][INFO] - Length of data.y: 27
[2024-04-19 19:48:25,314][root][INFO] - x: [ 0.00577249 -0.0517932   0.98604249  0.06004982 -0.36909072]
[2024-04-19 19:48:25,315][root][INFO] - y: [-0.00517932 -0.06097304  0.04778616  0.06521925]
[2024-04-19 19:48:25,315][root][INFO] - Reward: -0.9999896832492012
[2024-04-19 19:48:25,315][root][INFO] - --------------- Start iteration i=27 ---------------
[2024-04-19 19:48:25,316][root][INFO] - Length of data.x: 28
[2024-04-19 19:48:25,316][root][INFO] - Length of data.y: 28
[2024-04-19 19:48:25,477][root][INFO] - x: [ 5.93171780e-04 -1.12766245e-01 -9.66171347e-01  1.25269066e-01
 -2.72610109e-01]
[2024-04-19 19:48:25,477][root][INFO] - y: [-0.01127662 -0.03287957  0.09968604  0.02227717]
[2024-04-19 19:48:25,477][root][INFO] - Reward: -0.9999901661449387
[2024-04-19 19:48:25,478][root][INFO] - --------------- Start iteration i=28 ---------------
[2024-04-19 19:48:25,478][root][INFO] - Length of data.x: 29
[2024-04-19 19:48:25,478][root][INFO] - Length of data.y: 29
[2024-04-19 19:48:25,641][root][INFO] - x: [-0.01068345 -0.14564582 -0.86648531  0.14754623 -0.10498624]
[2024-04-19 19:48:25,641][root][INFO] - y: [-0.01456458  0.0188693   0.11741365 -0.05722641]
[2024-04-19 19:48:25,641][root][INFO] - Reward: -0.9999941548006033
[2024-04-19 19:48:25,642][root][INFO] - --------------- Start iteration i=29 ---------------
[2024-04-19 19:48:25,642][root][INFO] - Length of data.x: 30
[2024-04-19 19:48:25,642][root][INFO] - Length of data.y: 30
[2024-04-19 19:48:25,805][root][INFO] - x: [-0.02524803 -0.12677652 -0.74907166  0.09031982  0.50936453]
[2024-04-19 19:48:25,805][root][INFO] - y: [-0.01267765  0.09346179  0.07187429 -0.13553455]
[2024-04-19 19:48:25,805][root][INFO] - Reward: -0.9999978396629087
[2024-04-19 19:48:25,806][root][INFO] - --------------- Start iteration i=30 ---------------
[2024-04-19 19:48:25,806][root][INFO] - Length of data.x: 31
[2024-04-19 19:48:25,806][root][INFO] - Length of data.y: 31
[2024-04-19 19:48:32,696][root][INFO] - Eval Returns: [-17.67765324 -18.16788997 -16.40203936 -18.72872338 -19.04945455]
[2024-04-19 19:48:32,700][root][INFO] - Eval Returns: mean=-18.005 std=0.929
[2024-04-19 19:48:32,700][root][INFO] - Eval ndata: 31.000
[2024-04-19 19:48:32,700][root][INFO] - Model MSE (current real MPC): 0.419
[2024-04-19 19:48:33,790][root][INFO] - Model MSE (random test set): 0.051
[2024-04-19 19:48:33,791][root][INFO] - Model MSE (GT MPC): 0.005
[2024-04-19 19:48:33,791][root][INFO] - Model Likelihood (random test set): -3.734
[2024-04-19 19:48:33,791][root][INFO] - Model Likelihood (GT MPC): -3.691
[2024-04-19 19:48:33,791][root][INFO] - *[TIME] [Evaluate the current MPC policy] Elapsed: 7.82 seconds
[2024-04-19 19:48:36,398][root][INFO] - x: [-0.03792569 -0.03331473 -0.67719737 -0.04521473 -0.05385341]
[2024-04-19 19:48:36,398][root][INFO] - y: [-0.00333147  0.01462567 -0.03598077 -0.09110093]
[2024-04-19 19:48:36,398][root][INFO] - Reward: -0.999998986896899
[2024-04-19 19:48:37,484][root][INFO] - --------------- Start iteration i=31 ---------------
[2024-04-19 19:48:37,484][root][INFO] - Length of data.x: 32
[2024-04-19 19:48:37,484][root][INFO] - Length of data.y: 32
[2024-04-19 19:48:37,651][root][INFO] - x: [-0.04125716 -0.01868906 -0.71317814 -0.13631566  0.03791367]
[2024-04-19 19:48:37,651][root][INFO] - y: [-0.00186891  0.04156409 -0.10847665 -0.10279004]
[2024-04-19 19:48:37,651][root][INFO] - Reward: -0.9999994006201751
[2024-04-19 19:48:37,652][root][INFO] - --------------- Start iteration i=32 ---------------
[2024-04-19 19:48:37,652][root][INFO] - Length of data.x: 33
[2024-04-19 19:48:37,652][root][INFO] - Length of data.y: 33
[2024-04-19 19:48:37,816][root][INFO] - x: [-0.04312607  0.02287503 -0.82165478 -0.2391057   0.46498583]
[2024-04-19 19:48:37,816][root][INFO] - y: [ 0.0022875   0.12495623 -0.19027443 -0.15803716]
[2024-04-19 19:48:37,816][root][INFO] - Reward: -0.999996958873551
[2024-04-19 19:48:37,817][root][INFO] - --------------- Start iteration i=33 ---------------
[2024-04-19 19:48:37,817][root][INFO] - Length of data.x: 34
[2024-04-19 19:48:37,817][root][INFO] - Length of data.y: 34
[2024-04-19 19:48:37,989][root][INFO] - x: [-0.04083856  0.14783126  0.98807079 -0.39714287  0.48997286]
[2024-04-19 19:48:37,989][root][INFO] - y: [ 0.01478313  0.06490458 -0.31603651 -0.0611794 ]
[2024-04-19 19:48:37,989][root][INFO] - Reward: -0.9991928412507525
[2024-04-19 19:48:37,990][root][INFO] - --------------- Start iteration i=34 ---------------
[2024-04-19 19:48:37,990][root][INFO] - Length of data.x: 35
[2024-04-19 19:48:37,990][root][INFO] - Length of data.y: 35
[2024-04-19 19:48:38,155][root][INFO] - x: [-0.02605544  0.21273584  0.67203429 -0.45832227  0.09048425]
[2024-04-19 19:48:38,155][root][INFO] - y: [ 0.02127358 -0.19782849 -0.36472157  0.18599254]
[2024-04-19 19:48:38,155][root][INFO] - Reward: -0.8803398854503662
[2024-04-19 19:48:38,157][root][INFO] - --------------- Start iteration i=35 ---------------
[2024-04-19 19:48:38,157][root][INFO] - Length of data.x: 36
[2024-04-19 19:48:38,157][root][INFO] - Length of data.y: 36
[2024-04-19 19:48:38,330][root][INFO] - x: [-0.00478185  0.01490735  0.30731272 -0.27232973  0.48680687]
[2024-04-19 19:48:38,330][root][INFO] - y: [ 0.00149074  0.00977687 -0.21671329  0.08631389]
[2024-04-19 19:48:38,330][root][INFO] - Reward: -0.14074678596597723
[2024-04-19 19:48:38,331][root][INFO] - --------------- Start iteration i=36 ---------------
[2024-04-19 19:48:38,331][root][INFO] - Length of data.x: 37
[2024-04-19 19:48:38,331][root][INFO] - Length of data.y: 37
[2024-04-19 19:48:38,495][root][INFO] - x: [-0.00329112  0.02468423  0.09059944 -0.18601584  0.39062812]
[2024-04-19 19:48:38,495][root][INFO] - y: [ 0.00246842  0.06054596 -0.14802682  0.08568443]
[2024-04-19 19:48:38,495][root][INFO] - Reward: -0.10255200559540567
[2024-04-19 19:48:38,496][root][INFO] - --------------- Start iteration i=37 ---------------
[2024-04-19 19:48:38,496][root][INFO] - Length of data.x: 38
[2024-04-19 19:48:38,496][root][INFO] - Length of data.y: 38
[2024-04-19 19:48:38,660][root][INFO] - x: [-0.00082269  0.08523019 -0.05742739 -0.10033141  0.18302527]
[2024-04-19 19:48:38,661][root][INFO] - y: [ 0.00852302  0.0198456  -0.07984126  0.00190286]
[2024-04-19 19:48:38,661][root][INFO] - Reward: -0.2333930649064856
[2024-04-19 19:48:38,662][root][INFO] - --------------- Start iteration i=38 ---------------
[2024-04-19 19:48:38,662][root][INFO] - Length of data.x: 39
[2024-04-19 19:48:38,662][root][INFO] - Length of data.y: 39
[2024-04-19 19:48:38,827][root][INFO] - x: [ 0.00770032  0.10507579 -0.13726865 -0.09842854  0.96815524]
[2024-04-19 19:48:38,827][root][INFO] - y: [ 0.01050758  0.12393209 -0.07832701  0.07153826]
[2024-04-19 19:48:38,827][root][INFO] - Reward: -0.35676156729945485
[2024-04-19 19:48:38,828][root][INFO] - --------------- Start iteration i=39 ---------------
[2024-04-19 19:48:38,828][root][INFO] - Length of data.x: 40
[2024-04-19 19:48:38,828][root][INFO] - Length of data.y: 40
[2024-04-19 19:48:38,994][root][INFO] - x: [ 0.0182079   0.22900788 -0.21559566 -0.02689029 -0.51479234]
[2024-04-19 19:48:38,994][root][INFO] - y: [ 0.02290079 -0.09236049 -0.02139863 -0.13351487]
[2024-04-19 19:48:38,994][root][INFO] - Reward: -0.18274144156477445
[2024-04-19 19:48:38,995][root][INFO] - --------------- Start iteration i=40 ---------------
[2024-04-19 19:48:38,995][root][INFO] - Length of data.x: 41
[2024-04-19 19:48:38,995][root][INFO] - Length of data.y: 41
[2024-04-19 19:48:46,339][root][INFO] - Eval Returns: [-19.85038366 -21.9450571  -12.98206242 -13.34057414 -17.23885849]
[2024-04-19 19:48:46,343][root][INFO] - Eval Returns: mean=-17.071 std=3.525
[2024-04-19 19:48:46,343][root][INFO] - Eval ndata: 41.000
[2024-04-19 19:48:46,344][root][INFO] - Model MSE (current real MPC): 0.385
[2024-04-19 19:48:47,434][root][INFO] - Model MSE (random test set): 0.041
[2024-04-19 19:48:47,434][root][INFO] - Model MSE (GT MPC): 0.002
[2024-04-19 19:48:47,434][root][INFO] - Model Likelihood (random test set): -3.772
[2024-04-19 19:48:47,434][root][INFO] - Model Likelihood (GT MPC): -3.699
[2024-04-19 19:48:47,434][root][INFO] - *[TIME] [Evaluate the current MPC policy] Elapsed: 8.27 seconds
[2024-04-19 19:48:49,906][root][INFO] - x: [ 0.04110869  0.13664739 -0.23699429 -0.16040516 -0.73689296]
[2024-04-19 19:48:49,906][root][INFO] - y: [ 0.01366474 -0.09666542 -0.12764647 -0.13763133]
[2024-04-19 19:48:49,906][root][INFO] - Reward: -0.6298746871265892
[2024-04-19 19:48:50,991][root][INFO] - --------------- Start iteration i=41 ---------------
[2024-04-19 19:48:50,991][root][INFO] - Length of data.x: 42
[2024-04-19 19:48:50,992][root][INFO] - Length of data.y: 42
[2024-04-19 19:48:51,176][root][INFO] - x: [ 0.05477343  0.03998197 -0.36464076 -0.29803649 -0.87177312]
[2024-04-19 19:48:51,176][root][INFO] - y: [ 0.0039982  -0.02730085 -0.23717009 -0.10071689]
[2024-04-19 19:48:51,176][root][INFO] - Reward: -0.9931150534820421
[2024-04-19 19:48:51,177][root][INFO] - --------------- Start iteration i=42 ---------------
[2024-04-19 19:48:51,177][root][INFO] - Length of data.x: 43
[2024-04-19 19:48:51,177][root][INFO] - Length of data.y: 43
[2024-04-19 19:48:51,346][root][INFO] - x: [ 0.05877163  0.01268112 -0.60181085 -0.39875338 -0.48015621]
[2024-04-19 19:48:51,346][root][INFO] - y: [ 0.00126811  0.10837296 -0.31731811 -0.12729439]
[2024-04-19 19:48:51,346][root][INFO] - Reward: -0.9999971557871525
[2024-04-19 19:48:51,347][root][INFO] - --------------- Start iteration i=43 ---------------
[2024-04-19 19:48:51,347][root][INFO] - Length of data.x: 44
[2024-04-19 19:48:51,347][root][INFO] - Length of data.y: 44
[2024-04-19 19:48:51,517][root][INFO] - x: [ 0.06003974  0.12105408 -0.91912896 -0.52604777 -0.71023523]
[2024-04-19 19:48:51,517][root][INFO] - y: [ 0.01210541  0.00297563 -0.41861585 -0.02756186]
[2024-04-19 19:48:51,517][root][INFO] - Reward: -0.9999999930183328
[2024-04-19 19:48:51,518][root][INFO] - --------------- Start iteration i=44 ---------------
[2024-04-19 19:48:51,518][root][INFO] - Length of data.x: 45
[2024-04-19 19:48:51,518][root][INFO] - Length of data.y: 45
[2024-04-19 19:48:51,686][root][INFO] - x: [ 0.07214515  0.12402971  0.66225518 -0.55360963 -0.52320327]
[2024-04-19 19:48:51,686][root][INFO] - y: [ 0.01240297 -0.35142289 -0.4405489   0.25719237]
[2024-04-19 19:48:51,687][root][INFO] - Reward: -0.9999952977417295
[2024-04-19 19:48:51,688][root][INFO] - --------------- Start iteration i=45 ---------------
[2024-04-19 19:48:51,688][root][INFO] - Length of data.x: 46
[2024-04-19 19:48:51,688][root][INFO] - Length of data.y: 46
[2024-04-19 19:48:51,857][root][INFO] - x: [ 0.08454812 -0.22739318  0.22170628 -0.29641726  0.94889796]
[2024-04-19 19:48:51,857][root][INFO] - y: [-0.02273932  0.08011997 -0.23588155  0.12445857]
[2024-04-19 19:48:51,857][root][INFO] - Reward: -0.9390570871982672
[2024-04-19 19:48:51,858][root][INFO] - --------------- Start iteration i=46 ---------------
[2024-04-19 19:48:51,858][root][INFO] - Length of data.x: 47
[2024-04-19 19:48:51,858][root][INFO] - Length of data.y: 47
[2024-04-19 19:48:52,027][root][INFO] - x: [ 0.0618088  -0.14727321 -0.01417527 -0.1719587   0.69528572]
[2024-04-19 19:48:52,027][root][INFO] - y: [-0.01472732  0.11282211 -0.13684049  0.10833857]
[2024-04-19 19:48:52,028][root][INFO] - Reward: -0.2915737246594502
[2024-04-19 19:48:52,029][root][INFO] - --------------- Start iteration i=47 ---------------
[2024-04-19 19:48:52,029][root][INFO] - Length of data.x: 48
[2024-04-19 19:48:52,029][root][INFO] - Length of data.y: 48
[2024-04-19 19:48:52,198][root][INFO] - x: [ 0.04708148 -0.0344511  -0.15101577 -0.06362013  0.18749522]
[2024-04-19 19:48:52,198][root][INFO] - y: [-0.00344511  0.00833648 -0.05062733 -0.03744508]
[2024-04-19 19:48:52,198][root][INFO] - Reward: -0.14884361673408952
[2024-04-19 19:48:52,199][root][INFO] - --------------- Start iteration i=48 ---------------
[2024-04-19 19:48:52,199][root][INFO] - Length of data.x: 49
[2024-04-19 19:48:52,199][root][INFO] - Length of data.y: 49
[2024-04-19 19:48:52,369][root][INFO] - x: [ 0.04363637 -0.02611463 -0.2016431  -0.10106521  0.05141309]
[2024-04-19 19:48:52,369][root][INFO] - y: [-0.00261146 -0.00859099 -0.0804252  -0.0650539 ]
[2024-04-19 19:48:52,369][root][INFO] - Reward: -0.33830844368893265
[2024-04-19 19:48:52,370][root][INFO] - --------------- Start iteration i=49 ---------------
[2024-04-19 19:48:52,370][root][INFO] - Length of data.x: 50
[2024-04-19 19:48:52,370][root][INFO] - Length of data.y: 50
[2024-04-19 19:48:52,541][root][INFO] - x: [ 0.04102491 -0.03470562 -0.2820683  -0.16611911 -0.84618805]
[2024-04-19 19:48:52,542][root][INFO] - y: [-0.00347056 -0.09678691 -0.13219349 -0.13727796]
[2024-04-19 19:48:52,542][root][INFO] - Reward: -0.8474473428992692
[2024-04-19 19:48:52,542][root][INFO] - Explore episode complete with return -18.083897695955663, resetting
[2024-04-19 19:48:52,542][root][INFO] - Exploration Episode Rewards: [-0.9999905113383161, -0.9999896832492012, -0.9999901661449387, -0.9999941548006033, -0.9999978396629087, -0.999998986896899, -0.9999994006201751, -0.999996958873551, -0.9991928412507525, -0.8803398854503662, -0.14074678596597723, -0.10255200559540567, -0.2333930649064856, -0.35676156729945485, -0.18274144156477445, -0.6298746871265892, -0.9931150534820421, -0.9999971557871525, -0.9999999930183328, -0.9999952977417295, -0.9390570871982672, -0.2915737246594502, -0.14884361673408952, -0.33830844368893265, -0.8474473428992692]
[2024-04-19 19:48:52,543][root][INFO] - --------------- Start iteration i=50 ---------------
[2024-04-19 19:48:52,543][root][INFO] - Length of data.x: 51
[2024-04-19 19:48:52,543][root][INFO] - Length of data.y: 51
[2024-04-19 19:49:00,407][root][INFO] - Eval Returns: [-16.2932257  -14.66730878 -17.4825821  -16.69040401 -12.89980771]
[2024-04-19 19:49:00,412][root][INFO] - Eval Returns: mean=-15.607 std=1.636
[2024-04-19 19:49:00,412][root][INFO] - Eval ndata: 51.000
[2024-04-19 19:49:00,412][root][INFO] - Model MSE (current real MPC): 0.448
[2024-04-19 19:49:01,516][root][INFO] - Model MSE (random test set): 0.010
[2024-04-19 19:49:01,516][root][INFO] - Model MSE (GT MPC): 0.001
[2024-04-19 19:49:01,516][root][INFO] - Model Likelihood (random test set): -3.715
[2024-04-19 19:49:01,516][root][INFO] - Model Likelihood (GT MPC): -3.686
[2024-04-19 19:49:01,516][root][INFO] - *[TIME] [Evaluate the current MPC policy] Elapsed: 8.80 seconds
[2024-04-19 19:49:03,861][root][INFO] - x: [ 1.01879573e-03  8.29595021e-04 -9.93371383e-01  7.95406064e-04
  3.17073077e-01]
[2024-04-19 19:49:03,861][root][INFO] - y: [ 8.29595021e-05  5.19316931e-02  6.32964545e-04 -5.39654876e-02]
[2024-04-19 19:49:03,861][root][INFO] - Reward: -0.999990041250449
[2024-04-19 19:49:05,132][root][INFO] - --------------- Start iteration i=51 ---------------
[2024-04-19 19:49:05,132][root][INFO] - Length of data.x: 52
[2024-04-19 19:49:05,132][root][INFO] - Length of data.y: 52
[2024-04-19 19:49:05,319][root][INFO] - x: [ 0.00110176  0.05276129 -0.99273842 -0.05317008  0.44047845]
[2024-04-19 19:49:05,320][root][INFO] - y: [ 0.00527613  0.07105075 -0.04231144 -0.07327254]
[2024-04-19 19:49:05,320][root][INFO] - Reward: -0.999990694835576
[2024-04-19 19:49:05,321][root][INFO] - --------------- Start iteration i=52 ---------------
[2024-04-19 19:49:05,321][root][INFO] - Length of data.x: 53
[2024-04-19 19:49:05,321][root][INFO] - Length of data.y: 53
[2024-04-19 19:49:05,506][root][INFO] - x: [ 0.00637788  0.12381203  0.96495014 -0.12644262  0.18882203]
[2024-04-19 19:49:05,507][root][INFO] - y: [ 0.0123812   0.01902166 -0.10061992 -0.00811502]
[2024-04-19 19:49:05,507][root][INFO] - Reward: -0.9999940417967181
[2024-04-19 19:49:05,508][root][INFO] - --------------- Start iteration i=53 ---------------
[2024-04-19 19:49:05,508][root][INFO] - Length of data.x: 54
[2024-04-19 19:49:05,508][root][INFO] - Length of data.y: 54
[2024-04-19 19:49:05,680][root][INFO] - x: [ 0.01875909  0.1428337   0.86433022 -0.13455764 -0.02828302]
[2024-04-19 19:49:05,681][root][INFO] - y: [ 0.01428337 -0.03647801 -0.10707765  0.07381362]
[2024-04-19 19:49:05,681][root][INFO] - Reward: -0.9999977156358831
[2024-04-19 19:49:05,682][root][INFO] - --------------- Start iteration i=54 ---------------
[2024-04-19 19:49:05,682][root][INFO] - Length of data.x: 55
[2024-04-19 19:49:05,682][root][INFO] - Length of data.y: 55
[2024-04-19 19:49:05,854][root][INFO] - x: [ 0.03304246  0.10635569  0.75725257 -0.06074402 -0.24098367]
[2024-04-19 19:49:05,854][root][INFO] - y: [ 0.01063557 -0.0571484  -0.04833859  0.10915812]
[2024-04-19 19:49:05,855][root][INFO] - Reward: -0.9999992646716437
[2024-04-19 19:49:05,856][root][INFO] - --------------- Start iteration i=55 ---------------
[2024-04-19 19:49:05,856][root][INFO] - Length of data.x: 56
[2024-04-19 19:49:05,856][root][INFO] - Length of data.y: 56
[2024-04-19 19:49:06,028][root][INFO] - x: [ 0.04367803  0.04920729  0.70891398  0.04841411 -0.23468439]
[2024-04-19 19:49:06,028][root][INFO] - y: [ 0.00492073 -0.05056413  0.03852675  0.10865277]
[2024-04-19 19:49:06,029][root][INFO] - Reward: -0.9999996986329001
[2024-04-19 19:49:06,030][root][INFO] - --------------- Start iteration i=56 ---------------
[2024-04-19 19:49:06,030][root][INFO] - Length of data.x: 57
[2024-04-19 19:49:06,030][root][INFO] - Length of data.y: 57
[2024-04-19 19:49:06,204][root][INFO] - x: [ 0.04859876 -0.00135684  0.74744073  0.15706688 -0.42426745]
[2024-04-19 19:49:06,204][root][INFO] - y: [-1.35684207e-04 -9.47968847e-02  1.24989953e-01  1.36484345e-01]
[2024-04-19 19:49:06,204][root][INFO] - Reward: -0.999999610177564
[2024-04-19 19:49:06,205][root][INFO] - --------------- Start iteration i=57 ---------------
[2024-04-19 19:49:06,205][root][INFO] - Length of data.x: 58
[2024-04-19 19:49:06,205][root][INFO] - Length of data.y: 58
[2024-04-19 19:49:06,379][root][INFO] - x: [ 0.04846307 -0.09615373  0.87243068  0.29355123 -0.19362886]
[2024-04-19 19:49:06,379][root][INFO] - y: [-0.00961537 -0.0925803   0.23360083  0.123555  ]
[2024-04-19 19:49:06,380][root][INFO] - Reward: -0.9999862055091399
[2024-04-19 19:49:06,381][root][INFO] - --------------- Start iteration i=58 ---------------
[2024-04-19 19:49:06,381][root][INFO] - Length of data.x: 59
[2024-04-19 19:49:06,381][root][INFO] - Length of data.y: 59
[2024-04-19 19:49:06,555][root][INFO] - x: [ 0.0388477  -0.18873403 -0.89396849  0.41710622 -0.22700368]
[2024-04-19 19:49:06,555][root][INFO] - y: [-0.0188734   0.06600356  0.33192285 -0.09448515]
[2024-04-19 19:49:06,555][root][INFO] - Reward: -0.9950758562448245
[2024-04-19 19:49:06,557][root][INFO] - --------------- Start iteration i=59 ---------------
[2024-04-19 19:49:06,557][root][INFO] - Length of data.x: 60
[2024-04-19 19:49:06,557][root][INFO] - Length of data.y: 60
[2024-04-19 19:49:06,731][root][INFO] - x: [ 0.0199743  -0.12273046 -0.56204563  0.32262107  0.11593027]
[2024-04-19 19:49:06,731][root][INFO] - y: [-0.01227305  0.11719785  0.2567339  -0.11904029]
[2024-04-19 19:49:06,731][root][INFO] - Reward: -0.8496425978344053
[2024-04-19 19:49:06,733][root][INFO] - --------------- Start iteration i=60 ---------------
[2024-04-19 19:49:06,733][root][INFO] - Length of data.x: 61
[2024-04-19 19:49:06,733][root][INFO] - Length of data.y: 61
[2024-04-19 19:49:15,085][root][INFO] - Eval Returns: [-15.85126956 -19.31176017 -16.19591006 -16.14534264 -15.10229133]
[2024-04-19 19:49:15,090][root][INFO] - Eval Returns: mean=-16.521 std=1.449
[2024-04-19 19:49:15,090][root][INFO] - Eval ndata: 61.000
[2024-04-19 19:49:15,090][root][INFO] - Model MSE (current real MPC): 0.320
[2024-04-19 19:49:16,205][root][INFO] - Model MSE (random test set): 0.009
[2024-04-19 19:49:16,205][root][INFO] - Model MSE (GT MPC): 0.000
[2024-04-19 19:49:16,205][root][INFO] - Model Likelihood (random test set): -3.716
[2024-04-19 19:49:16,206][root][INFO] - Model Likelihood (GT MPC): -3.686
[2024-04-19 19:49:16,206][root][INFO] - *[TIME] [Evaluate the current MPC policy] Elapsed: 9.30 seconds
[2024-04-19 19:49:18,803][root][INFO] - x: [ 0.00770125 -0.00553261 -0.30531173  0.20358078 -0.32827882]
[2024-04-19 19:49:18,803][root][INFO] - y: [-0.00055326 -0.02085149  0.16200457 -0.09237054]
[2024-04-19 19:49:18,803][root][INFO] - Reward: -0.2711040656846715
[2024-04-19 19:49:19,913][root][INFO] - --------------- Start iteration i=61 ---------------
[2024-04-19 19:49:19,913][root][INFO] - Length of data.x: 62
[2024-04-19 19:49:19,913][root][INFO] - Length of data.y: 62
[2024-04-19 19:49:20,111][root][INFO] - x: [ 0.00714799 -0.0263841  -0.14330716  0.11121025  0.03830849]
[2024-04-19 19:49:20,111][root][INFO] - y: [-0.00263841 -0.00759708  0.08849837 -0.04957246]
[2024-04-19 19:49:20,111][root][INFO] - Reward: -0.026901641498330076
[2024-04-19 19:49:20,113][root][INFO] - --------------- Start iteration i=62 ---------------
[2024-04-19 19:49:20,113][root][INFO] - Length of data.x: 63
[2024-04-19 19:49:20,113][root][INFO] - Length of data.y: 63
[2024-04-19 19:49:20,306][root][INFO] - x: [ 0.00450958 -0.03398118 -0.05480879  0.06163779 -0.19465319]
[2024-04-19 19:49:20,306][root][INFO] - y: [-0.00339812 -0.03888537  0.04904983 -0.05513566]
[2024-04-19 19:49:20,306][root][INFO] - Reward: -6.171935943433127e-07
[2024-04-19 19:49:20,308][root][INFO] - --------------- Start iteration i=63 ---------------
[2024-04-19 19:49:20,308][root][INFO] - Length of data.x: 64
[2024-04-19 19:49:20,308][root][INFO] - Length of data.y: 64
[2024-04-19 19:49:20,494][root][INFO] - x: [ 0.00111146 -0.07286656 -0.00575896  0.00650212  0.03064302]
[2024-04-19 19:49:20,494][root][INFO] - y: [-0.00728666  0.00500315  0.00517423  0.00322576]
[2024-04-19 19:49:20,494][root][INFO] - Reward: -0.03111092258088266
[2024-04-19 19:49:20,496][root][INFO] - --------------- Start iteration i=64 ---------------
[2024-04-19 19:49:20,496][root][INFO] - Length of data.x: 65
[2024-04-19 19:49:20,496][root][INFO] - Length of data.y: 65
[2024-04-19 19:49:20,682][root][INFO] - x: [-0.0061752  -0.06786341 -0.00058473  0.00972789 -0.02791089]
[2024-04-19 19:49:20,682][root][INFO] - y: [-0.00678634 -0.00348789  0.00774121 -0.00366828]
[2024-04-19 19:49:20,682][root][INFO] - Reward: -0.10226805351438917
[2024-04-19 19:49:20,684][root][INFO] - --------------- Start iteration i=65 ---------------
[2024-04-19 19:49:20,684][root][INFO] - Length of data.x: 66
[2024-04-19 19:49:20,684][root][INFO] - Length of data.y: 66
[2024-04-19 19:49:20,862][root][INFO] - x: [-0.01296154 -0.0713513   0.00715648  0.00605961 -0.00352805]
[2024-04-19 19:49:20,862][root][INFO] - y: [-0.00713513  0.00189956  0.00482209  0.00410669]
[2024-04-19 19:49:20,862][root][INFO] - Reward: -0.22476864038162092
[2024-04-19 19:49:20,864][root][INFO] - --------------- Start iteration i=66 ---------------
[2024-04-19 19:49:20,864][root][INFO] - Length of data.x: 67
[2024-04-19 19:49:20,864][root][INFO] - Length of data.y: 67
[2024-04-19 19:49:21,043][root][INFO] - x: [-0.02009667 -0.06945175  0.01197857  0.0101663   0.20569898]
[2024-04-19 19:49:21,044][root][INFO] - y: [-0.00694517  0.03620166  0.00809009  0.03987059]
[2024-04-19 19:49:21,044][root][INFO] - Reward: -0.35136759008720164
[2024-04-19 19:49:21,045][root][INFO] - --------------- Start iteration i=67 ---------------
[2024-04-19 19:49:21,045][root][INFO] - Length of data.x: 68
[2024-04-19 19:49:21,045][root][INFO] - Length of data.y: 68
[2024-04-19 19:49:21,225][root][INFO] - x: [-0.02704184 -0.03325009  0.02006866  0.0500369  -0.20470812]
[2024-04-19 19:49:21,225][root][INFO] - y: [-0.00332501 -0.02868467  0.03981813 -0.02244051]
[2024-04-19 19:49:21,225][root][INFO] - Reward: -0.2548128084448482
[2024-04-19 19:49:21,227][root][INFO] - --------------- Start iteration i=68 ---------------
[2024-04-19 19:49:21,227][root][INFO] - Length of data.x: 69
[2024-04-19 19:49:21,227][root][INFO] - Length of data.y: 69
[2024-04-19 19:49:21,407][root][INFO] - x: [-0.03036685 -0.06193476  0.05988679  0.02759638 -0.09687765]
[2024-04-19 19:49:21,408][root][INFO] - y: [-0.00619348 -0.00381754  0.02196052  0.01461635]
[2024-04-19 19:49:21,408][root][INFO] - Reward: -0.30658772638945
[2024-04-19 19:49:21,409][root][INFO] - --------------- Start iteration i=69 ---------------
[2024-04-19 19:49:21,409][root][INFO] - Length of data.x: 70
[2024-04-19 19:49:21,409][root][INFO] - Length of data.y: 70
[2024-04-19 19:49:21,590][root][INFO] - x: [-0.03656033 -0.0657523   0.08184731  0.04221273  0.25573239]
[2024-04-19 19:49:21,590][root][INFO] - y: [-0.00657523  0.05369702  0.03359185  0.07690457]
[2024-04-19 19:49:21,590][root][INFO] - Reward: -0.32572077302242364
[2024-04-19 19:49:21,592][root][INFO] - --------------- Start iteration i=70 ---------------
[2024-04-19 19:49:21,592][root][INFO] - Length of data.x: 71
[2024-04-19 19:49:21,592][root][INFO] - Length of data.y: 71
[2024-04-19 19:49:30,495][root][INFO] - Eval Returns: [-15.62068524 -12.56875581 -16.92880059 -13.46825355  -9.73116102]
[2024-04-19 19:49:30,499][root][INFO] - Eval Returns: mean=-13.664 std=2.498
[2024-04-19 19:49:30,499][root][INFO] - Eval ndata: 71.000
[2024-04-19 19:49:30,499][root][INFO] - Model MSE (current real MPC): 0.256
[2024-04-19 19:49:31,602][root][INFO] - Model MSE (random test set): 0.005
[2024-04-19 19:49:31,602][root][INFO] - Model MSE (GT MPC): 0.000
[2024-04-19 19:49:31,602][root][INFO] - Model Likelihood (random test set): -3.702
[2024-04-19 19:49:31,602][root][INFO] - Model Likelihood (GT MPC): -3.681
[2024-04-19 19:49:31,602][root][INFO] - *[TIME] [Evaluate the current MPC policy] Elapsed: 9.83 seconds
[2024-04-19 19:49:33,882][root][INFO] - x: [-0.04313556 -0.01205529  0.11543916  0.11911729  0.1153617 ]
[2024-04-19 19:49:33,882][root][INFO] - y: [-0.00120553  0.02849174  0.09479061  0.06147642]
[2024-04-19 19:49:33,883][root][INFO] - Reward: -0.15864894459558954
[2024-04-19 19:49:35,043][root][INFO] - --------------- Start iteration i=71 ---------------
[2024-04-19 19:49:35,043][root][INFO] - Length of data.x: 72
[2024-04-19 19:49:35,043][root][INFO] - Length of data.y: 72
[2024-04-19 19:49:35,245][root][INFO] - x: [-0.04434109  0.01643646  0.21022977  0.18059371  0.1532761 ]
[2024-04-19 19:49:35,245][root][INFO] - y: [0.00164365 0.01859519 0.14371203 0.07492828]
[2024-04-19 19:49:35,246][root][INFO] - Reward: -0.6292634962757457
[2024-04-19 19:49:35,247][root][INFO] - --------------- Start iteration i=72 ---------------
[2024-04-19 19:49:35,247][root][INFO] - Length of data.x: 73
[2024-04-19 19:49:35,247][root][INFO] - Length of data.y: 73
[2024-04-19 19:49:35,435][root][INFO] - x: [-0.04269744  0.03503164  0.3539418   0.255522    0.24851861]
[2024-04-19 19:49:35,435][root][INFO] - y: [ 0.00350316 -0.01700513  0.20333811  0.08051019]
[2024-04-19 19:49:35,436][root][INFO] - Reward: -0.986673199936995
[2024-04-19 19:49:35,437][root][INFO] - --------------- Start iteration i=73 ---------------
[2024-04-19 19:49:35,437][root][INFO] - Length of data.x: 74
[2024-04-19 19:49:35,437][root][INFO] - Length of data.y: 74
[2024-04-19 19:49:35,621][root][INFO] - x: [-0.03919427  0.01802651  0.5572799   0.33603219  0.21025161]
[2024-04-19 19:49:35,621][root][INFO] - y: [ 0.00180265 -0.09088226  0.26740614  0.11288038]
[2024-04-19 19:49:35,622][root][INFO] - Reward: -0.999950232779403
[2024-04-19 19:49:35,623][root][INFO] - --------------- Start iteration i=74 ---------------
[2024-04-19 19:49:35,623][root][INFO] - Length of data.x: 75
[2024-04-19 19:49:35,623][root][INFO] - Length of data.y: 75
[2024-04-19 19:49:35,805][root][INFO] - x: [-0.03739162 -0.07285575  0.82468604  0.44891257  0.75125352]
[2024-04-19 19:49:35,806][root][INFO] - y: [-0.00728557 -0.05419993  0.35723356  0.09757712]
[2024-04-19 19:49:35,806][root][INFO] - Reward: -0.9999995063477455
[2024-04-19 19:49:35,806][root][INFO] - Explore episode complete with return -15.513853945321994, resetting
[2024-04-19 19:49:35,806][root][INFO] - Exploration Episode Rewards: [-0.999990041250449, -0.999990694835576, -0.9999940417967181, -0.9999977156358831, -0.9999992646716437, -0.9999996986329001, -0.999999610177564, -0.9999862055091399, -0.9950758562448245, -0.8496425978344053, -0.2711040656846715, -0.026901641498330076, -6.171935943433127e-07, -0.03111092258088266, -0.10226805351438917, -0.22476864038162092, -0.35136759008720164, -0.2548128084448482, -0.30658772638945, -0.32572077302242364, -0.15864894459558954, -0.6292634962757457, -0.986673199936995, -0.999950232779403, -0.9999995063477455]
[2024-04-19 19:49:35,807][root][INFO] - --------------- Start iteration i=75 ---------------
[2024-04-19 19:49:35,808][root][INFO] - Length of data.x: 76
[2024-04-19 19:49:35,808][root][INFO] - Length of data.y: 76
[2024-04-19 19:49:35,990][root][INFO] - x: [-1.80347346e-03 -4.44649290e-03 -9.98650846e-01  5.04979175e-04
  4.74448039e-01]
[2024-04-19 19:49:35,990][root][INFO] - y: [-0.00044465  0.07623189  0.00040185 -0.07664767]
[2024-04-19 19:49:35,990][root][INFO] - Reward: -0.9999901214396195
[2024-04-19 19:49:35,992][root][INFO] - --------------- Start iteration i=76 ---------------
[2024-04-19 19:49:35,992][root][INFO] - Length of data.x: 77
[2024-04-19 19:49:35,992][root][INFO] - Length of data.y: 77
[2024-04-19 19:49:36,175][root][INFO] - x: [-0.00224812  0.07178539 -0.998249   -0.07614269  0.39717148]
[2024-04-19 19:49:36,175][root][INFO] - y: [ 0.00717854  0.06276985 -0.06059248 -0.06330934]
[2024-04-19 19:49:36,175][root][INFO] - Reward: -0.9999901526652594
[2024-04-19 19:49:36,177][root][INFO] - --------------- Start iteration i=77 ---------------
[2024-04-19 19:49:36,177][root][INFO] - Length of data.x: 78
[2024-04-19 19:49:36,177][root][INFO] - Length of data.y: 78
[2024-04-19 19:49:36,361][root][INFO] - x: [ 0.00493042  0.13455524  0.94115853 -0.13945203  0.10771435]
[2024-04-19 19:49:36,361][root][INFO] - y: [ 0.01345552 -0.00090732 -0.11097249  0.01894173]
[2024-04-19 19:49:36,361][root][INFO] - Reward: -0.9999931249651485
[2024-04-19 19:49:36,363][root][INFO] - --------------- Start iteration i=78 ---------------
[2024-04-19 19:49:36,363][root][INFO] - Length of data.x: 79
[2024-04-19 19:49:36,363][root][INFO] - Length of data.y: 79
[2024-04-19 19:49:36,547][root][INFO] - x: [ 0.01838594  0.13364793  0.83018604 -0.12051029 -0.12430994]
[2024-04-19 19:49:36,547][root][INFO] - y: [ 0.01336479 -0.05099302 -0.09589912  0.09384558]
[2024-04-19 19:49:36,547][root][INFO] - Reward: -0.9999969259638056
[2024-04-19 19:49:36,549][root][INFO] - --------------- Start iteration i=79 ---------------
[2024-04-19 19:49:36,549][root][INFO] - Length of data.x: 80
[2024-04-19 19:49:36,549][root][INFO] - Length of data.y: 80
[2024-04-19 19:49:36,732][root][INFO] - x: [ 0.03175073  0.08265491  0.73428692 -0.02666472 -0.05096881]
[2024-04-19 19:49:36,732][root][INFO] - y: [ 0.00826549 -0.02977234 -0.02121913  0.0927675 ]
[2024-04-19 19:49:36,733][root][INFO] - Reward: -0.9999987933613804
[2024-04-19 19:49:36,734][root][INFO] - --------------- Start iteration i=80 ---------------
[2024-04-19 19:49:36,734][root][INFO] - Length of data.x: 81
[2024-04-19 19:49:36,734][root][INFO] - Length of data.y: 81
[2024-04-19 19:49:46,091][root][INFO] - Eval Returns: [-12.72618372 -14.50987864 -12.35129025 -14.19403899 -16.14654825]
[2024-04-19 19:49:46,096][root][INFO] - Eval Returns: mean=-13.986 std=1.360
[2024-04-19 19:49:46,096][root][INFO] - Eval ndata: 81.000
[2024-04-19 19:49:46,096][root][INFO] - Model MSE (current real MPC): 0.288
[2024-04-19 19:49:47,219][root][INFO] - Model MSE (random test set): 0.005
[2024-04-19 19:49:47,219][root][INFO] - Model MSE (GT MPC): 0.000
[2024-04-19 19:49:47,219][root][INFO] - Model Likelihood (random test set): -3.703
[2024-04-19 19:49:47,219][root][INFO] - Model Likelihood (GT MPC): -3.681
[2024-04-19 19:49:47,220][root][INFO] - *[TIME] [Evaluate the current MPC policy] Elapsed: 10.30 seconds
[2024-04-19 19:49:49,353][root][INFO] - x: [ 0.04001622  0.05288257  0.71306779  0.06610278 -0.3934222 ]
[2024-04-19 19:49:49,353][root][INFO] - y: [ 0.00528826 -0.0712962   0.05260297  0.12124841]
[2024-04-19 19:49:49,353][root][INFO] - Reward: -0.999999539397952
[2024-04-19 19:49:50,653][root][INFO] - --------------- Start iteration i=81 ---------------
[2024-04-19 19:49:50,653][root][INFO] - Length of data.x: 82
[2024-04-19 19:49:50,653][root][INFO] - Length of data.y: 82
[2024-04-19 19:49:50,846][root][INFO] - x: [ 0.04530448 -0.01841363  0.76567076  0.1873512  -0.08470643]
[2024-04-19 19:49:50,846][root][INFO] - y: [-0.00184136 -0.06133619  0.14908947  0.11138973]
[2024-04-19 19:49:50,846][root][INFO] - Reward: -0.9999991081565145
[2024-04-19 19:49:50,848][root][INFO] - --------------- Start iteration i=82 ---------------
[2024-04-19 19:49:50,848][root][INFO] - Length of data.x: 83
[2024-04-19 19:49:50,848][root][INFO] - Length of data.y: 83
[2024-04-19 19:49:51,035][root][INFO] - x: [ 0.04346312 -0.07974981  0.91476022  0.29874093 -0.21212195]
[2024-04-19 19:49:51,035][root][INFO] - y: [-0.00797498 -0.07976923  0.23773067  0.10290997]
[2024-04-19 19:49:51,035][root][INFO] - Reward: -0.999966658322535
[2024-04-19 19:49:51,037][root][INFO] - --------------- Start iteration i=83 ---------------
[2024-04-19 19:49:51,037][root][INFO] - Length of data.x: 84
[2024-04-19 19:49:51,037][root][INFO] - Length of data.y: 84
[2024-04-19 19:49:51,224][root][INFO] - x: [ 0.03548814 -0.15951904 -0.84750911  0.4016509  -0.42821811]
[2024-04-19 19:49:51,225][root][INFO] - y: [-0.0159519   0.06180344  0.31962389 -0.10011133]
[2024-04-19 19:49:51,225][root][INFO] - Reward: -0.990913733294428
[2024-04-19 19:49:51,226][root][INFO] - --------------- Start iteration i=84 ---------------
[2024-04-19 19:49:51,226][root][INFO] - Length of data.x: 85
[2024-04-19 19:49:51,226][root][INFO] - Length of data.y: 85
[2024-04-19 19:49:51,414][root][INFO] - x: [ 0.01953623 -0.0977156  -0.52788522  0.30153956  0.0096166 ]
[2024-04-19 19:49:51,414][root][INFO] - y: [-0.00977156  0.09032393  0.23995775 -0.10572594]
[2024-04-19 19:49:51,414][root][INFO] - Reward: -0.785496951371614
[2024-04-19 19:49:51,416][root][INFO] - --------------- Start iteration i=85 ---------------
[2024-04-19 19:49:51,416][root][INFO] - Length of data.x: 86
[2024-04-19 19:49:51,416][root][INFO] - Length of data.y: 86
[2024-04-19 19:49:51,604][root][INFO] - x: [ 0.00976467 -0.00739168 -0.28792747  0.19581363 -0.14390409]
[2024-04-19 19:49:51,604][root][INFO] - y: [-0.00073917 -0.00460967  0.15582366 -0.08004861]
[2024-04-19 19:49:51,604][root][INFO] - Reward: -0.18517260818039416
[2024-04-19 19:49:51,606][root][INFO] - --------------- Start iteration i=86 ---------------
[2024-04-19 19:49:51,606][root][INFO] - Length of data.x: 87
[2024-04-19 19:49:51,606][root][INFO] - Length of data.y: 87
[2024-04-19 19:49:51,794][root][INFO] - x: [ 0.00902551 -0.01200134 -0.13210381  0.11576502 -0.10396501]
[2024-04-19 19:49:51,794][root][INFO] - y: [-0.00120013 -0.02740402  0.09212295 -0.06467238]
[2024-04-19 19:49:51,794][root][INFO] - Reward: -0.0002550635242056787
[2024-04-19 19:49:51,796][root][INFO] - --------------- Start iteration i=87 ---------------
[2024-04-19 19:49:51,796][root][INFO] - Length of data.x: 88
[2024-04-19 19:49:51,796][root][INFO] - Length of data.y: 88
[2024-04-19 19:49:51,987][root][INFO] - x: [ 0.00782537 -0.03940537 -0.03998086  0.05109263 -0.05030049]
[2024-04-19 19:49:51,987][root][INFO] - y: [-0.00394054 -0.0141171   0.04065826 -0.02630775]
[2024-04-19 19:49:51,987][root][INFO] - Reward: -0.0127976630344514
[2024-04-19 19:49:51,989][root][INFO] - --------------- Start iteration i=88 ---------------
[2024-04-19 19:49:51,989][root][INFO] - Length of data.x: 89
[2024-04-19 19:49:51,989][root][INFO] - Length of data.y: 89
[2024-04-19 19:49:52,178][root][INFO] - x: [ 0.00388483 -0.05352247  0.0006774   0.02478489 -0.0469979 ]
[2024-04-19 19:49:52,178][root][INFO] - y: [-0.00535225 -0.00653986  0.0197232  -0.00633087]
[2024-04-19 19:49:52,178][root][INFO] - Reward: -0.004515839297057567
[2024-04-19 19:49:52,180][root][INFO] - --------------- Start iteration i=89 ---------------
[2024-04-19 19:49:52,180][root][INFO] - Length of data.x: 90
[2024-04-19 19:49:52,180][root][INFO] - Length of data.y: 90
[2024-04-19 19:49:52,369][root][INFO] - x: [-0.00146741 -0.06006233  0.0204006   0.01845402 -0.01996973]
[2024-04-19 19:49:52,369][root][INFO] - y: [-0.00600623  0.00149531  0.01468526  0.00778161]
[2024-04-19 19:49:52,370][root][INFO] - Reward: -0.0007162200523495033
[2024-04-19 19:49:52,371][root][INFO] - --------------- Start iteration i=90 ---------------
[2024-04-19 19:49:52,371][root][INFO] - Length of data.x: 91
[2024-04-19 19:49:52,371][root][INFO] - Length of data.y: 91
[2024-04-19 19:50:02,250][root][INFO] - Eval Returns: [-15.31840837 -12.08441983 -12.21471709 -11.07447407 -11.30447405]
[2024-04-19 19:50:02,255][root][INFO] - Eval Returns: mean=-12.399 std=1.524
[2024-04-19 19:50:02,255][root][INFO] - Eval ndata: 91.000
[2024-04-19 19:50:02,255][root][INFO] - Model MSE (current real MPC): 0.256
[2024-04-19 19:50:03,377][root][INFO] - Model MSE (random test set): 0.005
[2024-04-19 19:50:03,378][root][INFO] - Model MSE (GT MPC): 0.000
[2024-04-19 19:50:03,378][root][INFO] - Model Likelihood (random test set): -3.702
[2024-04-19 19:50:03,378][root][INFO] - Model Likelihood (GT MPC): -3.681
[2024-04-19 19:50:03,378][root][INFO] - *[TIME] [Evaluate the current MPC policy] Elapsed: 10.82 seconds
[2024-04-19 19:50:05,892][root][INFO] - x: [-0.00747365 -0.05856702  0.03508586  0.02623563 -0.23117062]
[2024-04-19 19:50:05,892][root][INFO] - y: [-0.0058567  -0.02950756  0.02087767 -0.01852626]
[2024-04-19 19:50:05,892][root][INFO] - Reward: -0.007092274836354218
[2024-04-19 19:50:06,930][root][INFO] - --------------- Start iteration i=91 ---------------
[2024-04-19 19:50:06,930][root][INFO] - Length of data.x: 92
[2024-04-19 19:50:06,930][root][INFO] - Length of data.y: 92
[2024-04-19 19:50:07,127][root][INFO] - x: [-0.01333035 -0.08807458  0.05596353  0.00770937 -0.02769666]
[2024-04-19 19:50:07,127][root][INFO] - y: [-0.00880746  0.00698083  0.00613492  0.02404939]
[2024-04-19 19:50:07,128][root][INFO] - Reward: -0.0854726560101825
[2024-04-19 19:50:07,129][root][INFO] - --------------- Start iteration i=92 ---------------
[2024-04-19 19:50:07,129][root][INFO] - Length of data.x: 93
[2024-04-19 19:50:07,129][root][INFO] - Length of data.y: 93
[2024-04-19 19:50:07,321][root][INFO] - x: [-0.0221378  -0.08109375  0.06209845  0.03175875 -0.03385156]
[2024-04-19 19:50:07,322][root][INFO] - y: [-0.00810937  0.00664332  0.02527283  0.02555364]
[2024-04-19 19:50:07,322][root][INFO] - Reward: -0.14826549838096803
[2024-04-19 19:50:07,323][root][INFO] - --------------- Start iteration i=93 ---------------
[2024-04-19 19:50:07,323][root][INFO] - Length of data.x: 94
[2024-04-19 19:50:07,324][root][INFO] - Length of data.y: 94
[2024-04-19 19:50:07,516][root][INFO] - x: [-0.03024718 -0.07445043  0.08737129  0.05731239 -0.05947771]
[2024-04-19 19:50:07,516][root][INFO] - y: [-0.00744504  0.00547061  0.04560779  0.03188303]
[2024-04-19 19:50:07,516][root][INFO] - Reward: -0.15113877683844346
[2024-04-19 19:50:07,518][root][INFO] - --------------- Start iteration i=94 ---------------
[2024-04-19 19:50:07,518][root][INFO] - Length of data.x: 95
[2024-04-19 19:50:07,518][root][INFO] - Length of data.y: 95
[2024-04-19 19:50:07,713][root][INFO] - x: [-0.03769222 -0.06897982  0.13297908  0.08919542 -0.17343269]
[2024-04-19 19:50:07,714][root][INFO] - y: [-0.00689798 -0.00877185  0.07097952  0.03182419]
[2024-04-19 19:50:07,714][root][INFO] - Reward: -0.15984923949439367
[2024-04-19 19:50:07,715][root][INFO] - --------------- Start iteration i=95 ---------------
[2024-04-19 19:50:07,715][root][INFO] - Length of data.x: 96
[2024-04-19 19:50:07,715][root][INFO] - Length of data.y: 96
[2024-04-19 19:50:07,908][root][INFO] - x: [-0.04459021 -0.07775167  0.2039586   0.12101962  0.36465704]
[2024-04-19 19:50:07,909][root][INFO] - y: [-0.00777517  0.06150444  0.09630443  0.10800872]
[2024-04-19 19:50:07,909][root][INFO] - Reward: -0.39497360728436237
[2024-04-19 19:50:07,910][root][INFO] - --------------- Start iteration i=96 ---------------
[2024-04-19 19:50:07,910][root][INFO] - Length of data.x: 97
[2024-04-19 19:50:07,910][root][INFO] - Length of data.y: 97
[2024-04-19 19:50:08,104][root][INFO] - x: [-0.05236537 -0.01624723  0.30026302  0.22902833  0.30177178]
[2024-04-19 19:50:08,105][root][INFO] - y: [-0.00162472  0.00922647  0.1822551   0.08491011]
[2024-04-19 19:50:08,105][root][INFO] - Reward: -0.9257648719903768
[2024-04-19 19:50:08,107][root][INFO] - --------------- Start iteration i=97 ---------------
[2024-04-19 19:50:08,107][root][INFO] - Length of data.x: 98
[2024-04-19 19:50:08,107][root][INFO] - Length of data.y: 98
[2024-04-19 19:50:08,300][root][INFO] - x: [-0.0539901  -0.00702076  0.48251813  0.31393845  0.64771066]
[2024-04-19 19:50:08,301][root][INFO] - y: [-0.00070208 -0.02542721  0.24982448  0.09665611]
[2024-04-19 19:50:08,301][root][INFO] - Reward: -0.9996906581583036
[2024-04-19 19:50:08,302][root][INFO] - --------------- Start iteration i=98 ---------------
[2024-04-19 19:50:08,303][root][INFO] - Length of data.x: 99
[2024-04-19 19:50:08,303][root][INFO] - Length of data.y: 99
[2024-04-19 19:50:08,497][root][INFO] - x: [-0.05469217 -0.03244797  0.7323426   0.41059456  0.74184917]
[2024-04-19 19:50:08,498][root][INFO] - y: [-0.0032448  -0.07389478  0.32674103  0.12245511]
[2024-04-19 19:50:08,498][root][INFO] - Reward: -0.9999997321651777
[2024-04-19 19:50:08,499][root][INFO] - --------------- Start iteration i=99 ---------------
[2024-04-19 19:50:08,499][root][INFO] - Length of data.x: 100
[2024-04-19 19:50:08,500][root][INFO] - Length of data.y: 100
[2024-04-19 19:50:08,694][root][INFO] - x: [-0.05793697 -0.10634275 -0.94091636  0.53304967  0.63101194]
[2024-04-19 19:50:08,695][root][INFO] - y: [-0.01063428  0.18816493  0.42418779 -0.20305597]
[2024-04-19 19:50:08,695][root][INFO] - Reward: -0.9999999244091013
[2024-04-19 19:50:08,695][root][INFO] - Explore episode complete with return -14.852049742594378, resetting
[2024-04-19 19:50:08,695][root][INFO] - Exploration Episode Rewards: [-0.9999901214396195, -0.9999901526652594, -0.9999931249651485, -0.9999969259638056, -0.9999987933613804, -0.999999539397952, -0.9999991081565145, -0.999966658322535, -0.990913733294428, -0.785496951371614, -0.18517260818039416, -0.0002550635242056787, -0.0127976630344514, -0.004515839297057567, -0.0007162200523495033, -0.007092274836354218, -0.0854726560101825, -0.14826549838096803, -0.15113877683844346, -0.15984923949439367, -0.39497360728436237, -0.9257648719903768, -0.9996906581583036, -0.9999997321651777, -0.9999999244091013]
[2024-04-19 19:50:08,697][root][INFO] - --------------- Start iteration i=100 ---------------
[2024-04-19 19:50:08,697][root][INFO] - Length of data.x: 101
[2024-04-19 19:50:08,697][root][INFO] - Length of data.y: 101
[2024-04-19 19:50:19,161][root][INFO] - Eval Returns: [-10.84526388 -17.52439792 -10.93435273 -15.8855132  -12.17661883]
[2024-04-19 19:50:19,166][root][INFO] - Eval Returns: mean=-13.473 std=2.730
[2024-04-19 19:50:19,166][root][INFO] - Eval ndata: 101.000
[2024-04-19 19:50:19,166][root][INFO] - Model MSE (current real MPC): 0.384
[2024-04-19 19:50:20,303][root][INFO] - Model MSE (random test set): 0.005
[2024-04-19 19:50:20,303][root][INFO] - Model MSE (GT MPC): 0.000
[2024-04-19 19:50:20,303][root][INFO] - Model Likelihood (random test set): -3.702
[2024-04-19 19:50:20,303][root][INFO] - Model Likelihood (GT MPC): -3.681
[2024-04-19 19:50:20,303][root][INFO] - *[TIME] [Evaluate the current MPC policy] Elapsed: 11.41 seconds
[2024-04-19 19:50:22,270][root][INFO] - x: [-1.25642236e-04 -5.67961792e-04 -9.96446466e-01 -1.37849232e-04
  1.01014086e-01]
[2024-04-19 19:50:22,270][root][INFO] - y: [-5.67961792e-05  1.68279453e-02 -1.09697022e-04 -1.79234023e-02]
[2024-04-19 19:50:22,270][root][INFO] - Reward: -0.9999900692930208
[2024-04-19 19:50:23,403][root][INFO] - --------------- Start iteration i=101 ---------------
[2024-04-19 19:50:23,403][root][INFO] - Length of data.x: 102
[2024-04-19 19:50:23,403][root][INFO] - Length of data.y: 102
[2024-04-19 19:50:23,617][root][INFO] - x: [-1.82438416e-04  1.62599835e-02 -9.96556163e-01 -1.80612516e-02
  1.86139977e-01]
[2024-04-19 19:50:23,617][root][INFO] - y: [ 0.001626    0.03016297 -0.0143727  -0.03122387]
[2024-04-19 19:50:23,617][root][INFO] - Reward: -0.9999901005305641
[2024-04-19 19:50:23,619][root][INFO] - --------------- Start iteration i=102 ---------------
[2024-04-19 19:50:23,619][root][INFO] - Length of data.x: 103
[2024-04-19 19:50:23,619][root][INFO] - Length of data.y: 103
[2024-04-19 19:50:23,832][root][INFO] - x: [ 0.00144356  0.04642296  0.98907114 -0.04928513 -0.21803292]
[2024-04-19 19:50:23,833][root][INFO] - y: [ 0.0046423  -0.03774794 -0.03921989  0.04109688]
[2024-04-19 19:50:23,833][root][INFO] - Reward: -0.9999905543640585
[2024-04-19 19:50:23,835][root][INFO] - --------------- Start iteration i=103 ---------------
[2024-04-19 19:50:23,835][root][INFO] - Length of data.x: 104
[2024-04-19 19:50:23,835][root][INFO] - Length of data.y: 104
[2024-04-19 19:50:24,036][root][INFO] - x: [ 0.00608586  0.00867501  0.94985125 -0.00818825  0.57196327]
[2024-04-19 19:50:24,037][root][INFO] - y: [ 0.0008675   0.08103271 -0.00651601 -0.06462168]
[2024-04-19 19:50:24,037][root][INFO] - Reward: -0.9999907033400359
[2024-04-19 19:50:24,039][root][INFO] - --------------- Start iteration i=104 ---------------
[2024-04-19 19:50:24,039][root][INFO] - Length of data.x: 105
[2024-04-19 19:50:24,039][root][INFO] - Length of data.y: 105
[2024-04-19 19:50:24,236][root][INFO] - x: [ 0.00695336  0.08970773  0.94333524 -0.07280993  0.32434414]
[2024-04-19 19:50:24,237][root][INFO] - y: [ 0.00897077  0.03806666 -0.05794035 -0.02007569]
[2024-04-19 19:50:24,237][root][INFO] - Reward: -0.9999931559346062
[2024-04-19 19:50:24,239][root][INFO] - --------------- Start iteration i=105 ---------------
[2024-04-19 19:50:24,239][root][INFO] - Length of data.x: 106
[2024-04-19 19:50:24,239][root][INFO] - Length of data.y: 106
[2024-04-19 19:50:24,438][root][INFO] - x: [ 0.01592413  0.12777438  0.8853949  -0.09288562  0.19523665]
[2024-04-19 19:50:24,438][root][INFO] - y: [ 0.01277744  0.0048456  -0.07391608  0.03006254]
[2024-04-19 19:50:24,439][root][INFO] - Reward: -0.9999970571403707
[2024-04-19 19:50:24,440][root][INFO] - --------------- Start iteration i=106 ---------------
[2024-04-19 19:50:24,440][root][INFO] - Length of data.x: 107
[2024-04-19 19:50:24,441][root][INFO] - Length of data.y: 107
[2024-04-19 19:50:24,640][root][INFO] - x: [ 0.02870157  0.13261998  0.81147881 -0.06282307 -0.04655345]
[2024-04-19 19:50:24,640][root][INFO] - y: [ 0.013262   -0.03383773 -0.04999305  0.08289338]
[2024-04-19 19:50:24,640][root][INFO] - Reward: -0.9999992697882192
[2024-04-19 19:50:24,642][root][INFO] - --------------- Start iteration i=107 ---------------
[2024-04-19 19:50:24,642][root][INFO] - Length of data.x: 108
[2024-04-19 19:50:24,642][root][INFO] - Length of data.y: 108
[2024-04-19 19:50:24,841][root][INFO] - x: [ 0.04196357  0.09878225  0.76148576  0.02007031 -0.4138843 ]
[2024-04-19 19:50:24,841][root][INFO] - y: [ 0.00987822 -0.0763448   0.01597146  0.122784  ]
[2024-04-19 19:50:24,842][root][INFO] - Reward: -0.9999998184279445
[2024-04-19 19:50:24,843][root][INFO] - --------------- Start iteration i=108 ---------------
[2024-04-19 19:50:24,843][root][INFO] - Length of data.x: 109
[2024-04-19 19:50:24,843][root][INFO] - Length of data.y: 109
[2024-04-19 19:50:25,044][root][INFO] - x: [ 0.05184179  0.02243744  0.77745722  0.14285431 -0.41182232]
[2024-04-19 19:50:25,044][root][INFO] - y: [ 0.00224374 -0.09208902  0.11367994  0.13368213]
[2024-04-19 19:50:25,045][root][INFO] - Reward: -0.9999997660005584
[2024-04-19 19:50:25,046][root][INFO] - --------------- Start iteration i=109 ---------------
[2024-04-19 19:50:25,047][root][INFO] - Length of data.x: 110
[2024-04-19 19:50:25,047][root][INFO] - Length of data.y: 110
[2024-04-19 19:50:25,248][root][INFO] - x: [ 0.05408554 -0.06965157  0.89113716  0.27653644 -0.2491266 ]
[2024-04-19 19:50:25,248][root][INFO] - y: [-0.00696516 -0.08977384  0.22006089  0.1175085 ]
[2024-04-19 19:50:25,248][root][INFO] - Reward: -0.9999888048857825
[2024-04-19 19:50:25,250][root][INFO] - --------------- Start iteration i=110 ---------------
[2024-04-19 19:50:25,250][root][INFO] - Length of data.x: 111
[2024-04-19 19:50:25,250][root][INFO] - Length of data.y: 111
[2024-04-19 19:50:36,313][root][INFO] - Eval Returns: [-16.76035321 -16.94892052 -16.83073339 -15.84755877 -11.52978471]
[2024-04-19 19:50:36,318][root][INFO] - Eval Returns: mean=-15.583 std=2.064
[2024-04-19 19:50:36,318][root][INFO] - Eval ndata: 111.000
[2024-04-19 19:50:36,318][root][INFO] - Model MSE (current real MPC): 0.352
[2024-04-19 19:50:37,464][root][INFO] - Model MSE (random test set): 0.005
[2024-04-19 19:50:37,464][root][INFO] - Model MSE (GT MPC): 0.000
[2024-04-19 19:50:37,464][root][INFO] - Model Likelihood (random test set): -3.702
[2024-04-19 19:50:37,464][root][INFO] - Model Likelihood (GT MPC): -3.681
[2024-04-19 19:50:37,464][root][INFO] - *[TIME] [Evaluate the current MPC policy] Elapsed: 12.01 seconds
[2024-04-19 19:50:39,363][root][INFO] - x: [ 0.04712038 -0.15942542 -0.88880196  0.39404494 -0.29687597]
[2024-04-19 19:50:39,363][root][INFO] - y: [-0.01594254  0.05019074  0.31357125 -0.08077092]
[2024-04-19 19:50:39,363][root][INFO] - Reward: -0.9931016624795107
[2024-04-19 19:50:40,601][root][INFO] - --------------- Start iteration i=111 ---------------
[2024-04-19 19:50:40,601][root][INFO] - Length of data.x: 112
[2024-04-19 19:50:40,601][root][INFO] - Length of data.y: 112
[2024-04-19 19:50:40,808][root][INFO] - x: [ 0.03117784 -0.10923468 -0.57523071  0.31327402  0.15623845]
[2024-04-19 19:50:40,809][root][INFO] - y: [-0.01092347  0.11695262  0.24929574 -0.12285442]
[2024-04-19 19:50:40,809][root][INFO] - Reward: -0.7612093470904646
[2024-04-19 19:50:40,811][root][INFO] - --------------- Start iteration i=112 ---------------
[2024-04-19 19:50:40,811][root][INFO] - Length of data.x: 113
[2024-04-19 19:50:40,811][root][INFO] - Length of data.y: 113
[2024-04-19 19:50:41,021][root][INFO] - x: [ 0.02025437  0.00771794 -0.32593496  0.1904196  -0.04018582]
[2024-04-19 19:50:41,022][root][INFO] - y: [ 0.00077179  0.00955274  0.15153123 -0.07891221]
[2024-04-19 19:50:41,022][root][INFO] - Reward: -0.13532282325162015
[2024-04-19 19:50:41,024][root][INFO] - --------------- Start iteration i=113 ---------------
[2024-04-19 19:50:41,024][root][INFO] - Length of data.x: 114
[2024-04-19 19:50:41,024][root][INFO] - Length of data.y: 114
[2024-04-19 19:50:41,232][root][INFO] - x: [ 0.02102616  0.01727068 -0.17440373  0.11150739 -0.00843494]
[2024-04-19 19:50:41,232][root][INFO] - y: [ 0.00172707 -0.01557397  0.08873483 -0.0644466 ]
[2024-04-19 19:50:41,232][root][INFO] - Reward: -0.03989868553295284
[2024-04-19 19:50:41,234][root][INFO] - --------------- Start iteration i=114 ---------------
[2024-04-19 19:50:41,234][root][INFO] - Length of data.x: 115
[2024-04-19 19:50:41,234][root][INFO] - Length of data.y: 115
[2024-04-19 19:50:41,441][root][INFO] - x: [ 0.02275323  0.00169672 -0.0856689   0.04706079 -0.13504784]
[2024-04-19 19:50:41,441][root][INFO] - y: [ 0.00016967 -0.03439516  0.03744981 -0.05926827]
[2024-04-19 19:50:41,441][root][INFO] - Reward: -0.14293969867720646
[2024-04-19 19:50:41,443][root][INFO] - --------------- Start iteration i=115 ---------------
[2024-04-19 19:50:41,443][root][INFO] - Length of data.x: 116
[2024-04-19 19:50:41,443][root][INFO] - Length of data.y: 116
[2024-04-19 19:50:41,651][root][INFO] - x: [ 0.0229229  -0.03269844 -0.04821909 -0.01220748  0.16001443]
[2024-04-19 19:50:41,651][root][INFO] - y: [-0.00326984  0.01713553 -0.00971441  0.00212034]
[2024-04-19 19:50:41,651][root][INFO] - Reward: -0.06071830917195664
[2024-04-19 19:50:41,653][root][INFO] - --------------- Start iteration i=116 ---------------
[2024-04-19 19:50:41,653][root][INFO] - Length of data.x: 117
[2024-04-19 19:50:41,653][root][INFO] - Length of data.y: 117
[2024-04-19 19:50:41,858][root][INFO] - x: [ 0.01965306 -0.01556291 -0.0579335  -0.01008714  0.11423678]
[2024-04-19 19:50:41,858][root][INFO] - y: [-0.00155629  0.00791064 -0.0080271  -0.00999424]
[2024-04-19 19:50:41,858][root][INFO] - Reward: -0.027406620314068264
[2024-04-19 19:50:41,860][root][INFO] - --------------- Start iteration i=117 ---------------
[2024-04-19 19:50:41,860][root][INFO] - Length of data.x: 118
[2024-04-19 19:50:41,860][root][INFO] - Length of data.y: 118
[2024-04-19 19:50:42,065][root][INFO] - x: [ 0.01809677 -0.00765228 -0.0659606  -0.02008138  0.29880734]
[2024-04-19 19:50:42,065][root][INFO] - y: [-0.00076523  0.03529667 -0.01598027  0.01433775]
[2024-04-19 19:50:42,066][root][INFO] - Reward: -0.006487895906733154
[2024-04-19 19:50:42,067][root][INFO] - --------------- Start iteration i=118 ---------------
[2024-04-19 19:50:42,068][root][INFO] - Length of data.x: 119
[2024-04-19 19:50:42,068][root][INFO] - Length of data.y: 119
[2024-04-19 19:50:42,273][root][INFO] - x: [ 0.01733154  0.02764439 -0.08194087 -0.00574363  0.29160433]
[2024-04-19 19:50:42,274][root][INFO] - y: [ 0.00276444  0.03053333 -0.00457064  0.0045264 ]
[2024-04-19 19:50:42,274][root][INFO] - Reward: -0.016472738405404752
[2024-04-19 19:50:42,276][root][INFO] - --------------- Start iteration i=119 ---------------
[2024-04-19 19:50:42,276][root][INFO] - Length of data.x: 120
[2024-04-19 19:50:42,276][root][INFO] - Length of data.y: 120
[2024-04-19 19:50:42,481][root][INFO] - x: [ 0.02009598  0.05817772 -0.08651151 -0.00121723  0.13029821]
[2024-04-19 19:50:42,482][root][INFO] - y: [ 0.00581777  0.00448696 -0.00096864 -0.02203954]
[2024-04-19 19:50:42,482][root][INFO] - Reward: -0.07527600303235682
[2024-04-19 19:50:42,484][root][INFO] - --------------- Start iteration i=120 ---------------
[2024-04-19 19:50:42,484][root][INFO] - Length of data.x: 121
[2024-04-19 19:50:42,484][root][INFO] - Length of data.y: 121
[2024-04-19 19:50:54,051][root][INFO] - Eval Returns: [-12.16453127 -11.06162153 -12.0424372  -16.8192095  -12.68535206]
[2024-04-19 19:50:54,056][root][INFO] - Eval Returns: mean=-12.955 std=2.002
[2024-04-19 19:50:54,056][root][INFO] - Eval ndata: 121.000
[2024-04-19 19:50:54,056][root][INFO] - Model MSE (current real MPC): 0.256
[2024-04-19 19:50:55,212][root][INFO] - Model MSE (random test set): 0.005
[2024-04-19 19:50:55,213][root][INFO] - Model MSE (GT MPC): 0.000
[2024-04-19 19:50:55,213][root][INFO] - Model Likelihood (random test set): -3.702
[2024-04-19 19:50:55,213][root][INFO] - Model Likelihood (GT MPC): -3.681
[2024-04-19 19:50:55,213][root][INFO] - *[TIME] [Evaluate the current MPC policy] Elapsed: 12.52 seconds
[2024-04-19 19:50:57,186][root][INFO] - x: [ 0.02591375  0.06266469 -0.08748015 -0.02325677  0.23386535]
[2024-04-19 19:50:57,186][root][INFO] - y: [ 0.00626647  0.02034722 -0.01850716 -0.0070659 ]
[2024-04-19 19:50:57,187][root][INFO] - Reward: -0.12635045498238417
[2024-04-19 19:50:58,453][root][INFO] - --------------- Start iteration i=121 ---------------
[2024-04-19 19:50:58,453][root][INFO] - Length of data.x: 122
[2024-04-19 19:50:58,453][root][INFO] - Length of data.y: 122
[2024-04-19 19:50:58,666][root][INFO] - x: [ 0.03218022  0.08301191 -0.10598732 -0.03032267 -0.11568235]
[2024-04-19 19:50:58,666][root][INFO] - y: [ 0.00830119 -0.03532272 -0.02413003 -0.06547935]
[2024-04-19 19:50:58,666][root][INFO] - Reward: -0.21404530718355885
[2024-04-19 19:50:58,668][root][INFO] - --------------- Start iteration i=122 ---------------
[2024-04-19 19:50:58,668][root][INFO] - Length of data.x: 123
[2024-04-19 19:50:58,668][root][INFO] - Length of data.y: 123
[2024-04-19 19:50:58,880][root][INFO] - x: [ 0.04048141  0.04768919 -0.13011735 -0.09580202 -0.13720299]
[2024-04-19 19:50:58,880][root][INFO] - y: [ 0.00476892 -0.03537968 -0.07623688 -0.0714978 ]
[2024-04-19 19:50:58,880][root][INFO] - Reward: -0.16776912355892026
[2024-04-19 19:50:58,882][root][INFO] - --------------- Start iteration i=123 ---------------
[2024-04-19 19:50:58,882][root][INFO] - Length of data.x: 124
[2024-04-19 19:50:58,882][root][INFO] - Length of data.y: 124
[2024-04-19 19:50:59,098][root][INFO] - x: [ 0.04525033  0.01230951 -0.20635424 -0.16729982 -0.61398912]
[2024-04-19 19:50:59,098][root][INFO] - y: [ 0.00123095 -0.0832355  -0.13313307 -0.12564375]
[2024-04-19 19:50:59,098][root][INFO] - Reward: -0.5500356378077349
[2024-04-19 19:50:59,100][root][INFO] - --------------- Start iteration i=124 ---------------
[2024-04-19 19:50:59,101][root][INFO] - Length of data.x: 125
[2024-04-19 19:50:59,101][root][INFO] - Length of data.y: 125
[2024-04-19 19:50:59,312][root][INFO] - x: [ 0.04648128 -0.07092599 -0.33948731 -0.29294356 -0.21066652]
[2024-04-19 19:50:59,312][root][INFO] - y: [-0.0070926   0.03781347 -0.23311727 -0.06770681]
[2024-04-19 19:50:59,313][root][INFO] - Reward: -0.9901496651902726
[2024-04-19 19:50:59,313][root][INFO] - Explore episode complete with return -14.307123272290307, resetting
[2024-04-19 19:50:59,313][root][INFO] - Exploration Episode Rewards: [-0.9999900692930208, -0.9999901005305641, -0.9999905543640585, -0.9999907033400359, -0.9999931559346062, -0.9999970571403707, -0.9999992697882192, -0.9999998184279445, -0.9999997660005584, -0.9999888048857825, -0.9931016624795107, -0.7612093470904646, -0.13532282325162015, -0.03989868553295284, -0.14293969867720646, -0.06071830917195664, -0.027406620314068264, -0.006487895906733154, -0.016472738405404752, -0.07527600303235682, -0.12635045498238417, -0.21404530718355885, -0.16776912355892026, -0.5500356378077349, -0.9901496651902726]
[2024-04-19 19:50:59,315][root][INFO] - --------------- Start iteration i=125 ---------------
[2024-04-19 19:50:59,315][root][INFO] - Length of data.x: 126
[2024-04-19 19:50:59,315][root][INFO] - Length of data.y: 126
[2024-04-19 19:50:59,524][root][INFO] - x: [ 8.75548439e-04  2.82548435e-03 -9.93479606e-01  1.19165834e-03
  2.93574878e-01]
[2024-04-19 19:50:59,524][root][INFO] - y: [ 0.00028255  0.04812145  0.00094829 -0.05012303]
[2024-04-19 19:50:59,525][root][INFO] - Reward: -0.9999900394520612
[2024-04-19 19:50:59,527][root][INFO] - --------------- Start iteration i=126 ---------------
[2024-04-19 19:50:59,527][root][INFO] - Length of data.x: 127
[2024-04-19 19:50:59,527][root][INFO] - Length of data.y: 127
[2024-04-19 19:50:59,737][root][INFO] - x: [ 0.0011581   0.05094694 -0.99253131 -0.04893137 -0.2281767 ]
[2024-04-19 19:50:59,737][root][INFO] - y: [ 0.00509469 -0.0358452  -0.03893838  0.03353117]
[2024-04-19 19:50:59,738][root][INFO] - Reward: -0.9999906711593262
[2024-04-19 19:50:59,740][root][INFO] - --------------- Start iteration i=127 ---------------
[2024-04-19 19:50:59,740][root][INFO] - Length of data.x: 128
[2024-04-19 19:50:59,740][root][INFO] - Length of data.y: 128
[2024-04-19 19:50:59,950][root][INFO] - x: [ 0.00625279  0.01510174  0.96853031 -0.0154002   0.45480621]
[2024-04-19 19:50:59,950][root][INFO] - y: [ 0.00151017  0.06631719 -0.0122551  -0.05630037]
[2024-04-19 19:50:59,951][root][INFO] - Reward: -0.9999909794197258
[2024-04-19 19:50:59,953][root][INFO] - --------------- Start iteration i=128 ---------------
[2024-04-19 19:50:59,953][root][INFO] - Length of data.x: 129
[2024-04-19 19:50:59,953][root][INFO] - Length of data.y: 129
[2024-04-19 19:51:00,163][root][INFO] - x: [ 0.00776296  0.08141893  0.95627521 -0.07170057  0.33274825]
[2024-04-19 19:51:00,163][root][INFO] - y: [ 0.00814189  0.04241159 -0.05705755 -0.02856492]
[2024-04-19 19:51:00,164][root][INFO] - Reward: -0.9999932869713589
[2024-04-19 19:51:00,166][root][INFO] - --------------- Start iteration i=129 ---------------
[2024-04-19 19:51:00,166][root][INFO] - Length of data.x: 130
[2024-04-19 19:51:00,166][root][INFO] - Length of data.y: 130
[2024-04-19 19:51:00,377][root][INFO] - x: [ 0.01590486  0.12383052  0.89921766 -0.10026549  0.10749318]
[2024-04-19 19:51:00,377][root][INFO] - y: [ 0.01238305 -0.00653088 -0.0797888   0.03678139]
[2024-04-19 19:51:00,377][root][INFO] - Reward: -0.9999970008157262
[2024-04-19 19:51:00,379][root][INFO] - --------------- Start iteration i=130 ---------------
[2024-04-19 19:51:00,379][root][INFO] - Length of data.x: 131
[2024-04-19 19:51:00,379][root][INFO] - Length of data.y: 131
[2024-04-19 19:51:12,519][root][INFO] - Eval Returns: [-13.77358532 -16.33628466 -17.64936662 -14.26059426 -13.913763  ]
[2024-04-19 19:51:12,524][root][INFO] - Eval Returns: mean=-15.187 std=1.540
[2024-04-19 19:51:12,524][root][INFO] - Eval ndata: 131.000
[2024-04-19 19:51:12,524][root][INFO] - Model MSE (current real MPC): 0.352
[2024-04-19 19:51:13,696][root][INFO] - Model MSE (random test set): 0.005
[2024-04-19 19:51:13,696][root][INFO] - Model MSE (GT MPC): 0.000
[2024-04-19 19:51:13,697][root][INFO] - Model Likelihood (random test set): -3.701
[2024-04-19 19:51:13,697][root][INFO] - Model Likelihood (GT MPC): -3.681
[2024-04-19 19:51:13,697][root][INFO] - *[TIME] [Evaluate the current MPC policy] Elapsed: 13.11 seconds
