[2024-04-24 17:22:57,766][root][INFO] - Dumper dumping to /tirl/experiments/mpc_frozencartpole_newhypers_initdata_gpforgetting_2024-04-24/17-22-51/seed_1
[2024-04-24 17:22:57,771][root][INFO] - Start obs: None
[2024-04-24 17:23:22,964][root][INFO] - GT Returns: [-10.73309775 -11.41945319 -10.32606276  -9.71291913 -12.41550478]
[2024-04-24 17:23:22,964][root][INFO] - GT Returns: mean=-10.921 std=0.931
[2024-04-24 17:23:22,965][root][INFO] - Path Lengths: [36345, 36345, 36345, 36345, 36345]
[2024-04-24 17:23:22,965][root][INFO] - Path Lengths: mean=36345.000 std=0.000
[2024-04-24 17:23:23,031][root][INFO] - all_x.shape = (181725, 5)
[2024-04-24 17:23:23,036][root][INFO] - all_x.min(axis=0) = [-0.58565234 -0.91521594 -0.99997458 -0.82426353 -1.        ]
[2024-04-24 17:23:23,041][root][INFO] - all_x.max(axis=0) = [0.88974556 1.50967205 0.999966   0.87394257 1.        ]
[2024-04-24 17:23:23,044][root][INFO] - all_x.mean(axis=0) = [-0.00871142 -0.00378299  0.01051432  0.00303448 -0.00892777]
[2024-04-24 17:23:23,053][root][INFO] - all_x.var(axis=0) = [0.00623862 0.02904663 0.23402189 0.07559392 0.23138382]
[2024-04-24 17:23:23,119][root][INFO] - --------------- Start iteration i=0 ---------------
[2024-04-24 17:23:23,119][root][INFO] - Length of data.x: 301
[2024-04-24 17:23:23,119][root][INFO] - Length of data.y: 301
[2024-04-24 17:23:59,795][root][INFO] - Eval Returns: [-21.77036406 -23.90546593 -23.91576447 -19.31894415 -24.12699515]
[2024-04-24 17:23:59,807][root][INFO] - Eval Returns: mean=-22.608 std=1.856
[2024-04-24 17:23:59,807][root][INFO] - Eval ndata: 301.000
[2024-04-24 17:23:59,807][root][INFO] - Model MSE (current real MPC): 0.447
[2024-04-24 17:24:01,890][root][INFO] - Model MSE (random test set): 0.367
[2024-04-24 17:24:01,891][root][INFO] - Model MSE (GT MPC): 0.056
[2024-04-24 17:24:01,891][root][INFO] - Model Likelihood (random test set): -3.722
[2024-04-24 17:24:01,891][root][INFO] - Model Likelihood (GT MPC): -3.681
[2024-04-24 17:24:01,891][root][INFO] - *[TIME] [Evaluate the current MPC policy] Elapsed: 38.43 seconds
[2024-04-24 17:24:03,980][root][INFO] - x: [-4.27960767e-04  2.50503429e-03 -9.96413268e-01 -1.17086861e-03
 -4.33810216e-01]
[2024-04-24 17:24:03,980][root][INFO] - y: [ 0.0002505  -0.03407827 -0.00093175  0.03296936]
[2024-04-24 17:24:03,981][root][INFO] - Reward: -0.999990070166487
[2024-04-24 17:24:07,154][root][INFO] - --------------- Start iteration i=1 ---------------
[2024-04-24 17:24:07,155][root][INFO] - Length of data.x: 302
[2024-04-24 17:24:07,155][root][INFO] - Length of data.y: 302
[2024-04-24 17:24:07,676][root][INFO] - x: [-1.77457338e-04 -3.15732370e-02 -9.97345016e-01  3.17984911e-02
 -3.63056637e-01]
[2024-04-24 17:24:07,677][root][INFO] - y: [-0.00315732 -0.02803396  0.02530446  0.02721367]
[2024-04-24 17:24:07,677][root][INFO] - Reward: -0.9999902161171248
[2024-04-24 17:24:07,681][root][INFO] - --------------- Start iteration i=2 ---------------
[2024-04-24 17:24:07,681][root][INFO] - Length of data.x: 303
[2024-04-24 17:24:07,681][root][INFO] - Length of data.y: 303
[2024-04-24 17:24:08,217][root][INFO] - x: [-0.00333478 -0.0596072  -0.97204056  0.05901217 -0.26582119]
[2024-04-24 17:24:08,217][root][INFO] - y: [-0.00596072 -0.01463721  0.04696043  0.00596601]
[2024-04-24 17:24:08,218][root][INFO] - Reward: -0.9999911793392626
[2024-04-24 17:24:08,221][root][INFO] - --------------- Start iteration i=3 ---------------
[2024-04-24 17:24:08,222][root][INFO] - Length of data.x: 304
[2024-04-24 17:24:08,222][root][INFO] - Length of data.y: 304
[2024-04-24 17:24:08,764][root][INFO] - x: [-0.0092955  -0.07424441 -0.92508013  0.06497818 -0.0674464 ]
[2024-04-24 17:24:08,764][root][INFO] - y: [-0.00742444  0.01029468  0.05170803 -0.03291135]
[2024-04-24 17:24:08,764][root][INFO] - Reward: -0.9999933151962097
[2024-04-24 17:24:08,768][root][INFO] - --------------- Start iteration i=4 ---------------
[2024-04-24 17:24:08,768][root][INFO] - Length of data.x: 305
[2024-04-24 17:24:08,768][root][INFO] - Length of data.y: 305
[2024-04-24 17:24:09,316][root][INFO] - x: [-0.01671994 -0.06394973 -0.8733721   0.03206682 -0.39443025]
[2024-04-24 17:24:09,317][root][INFO] - y: [-0.00639497 -0.00815582  0.02551799 -0.03052428]
[2024-04-24 17:24:09,317][root][INFO] - Reward: -0.9999955500406973
[2024-04-24 17:24:09,321][root][INFO] - --------------- Start iteration i=5 ---------------
[2024-04-24 17:24:09,321][root][INFO] - Length of data.x: 306
[2024-04-24 17:24:09,321][root][INFO] - Length of data.y: 306
[2024-04-24 17:24:09,865][root][INFO] - x: [-0.02311491 -0.07210555 -0.84785411  0.00154254  0.02519816]
[2024-04-24 17:24:09,865][root][INFO] - y: [-0.00721055  0.02416798  0.00122752 -0.06663024]
[2024-04-24 17:24:09,866][root][INFO] - Reward: -0.9999976213959874
[2024-04-24 17:24:09,869][root][INFO] - --------------- Start iteration i=6 ---------------
[2024-04-24 17:24:09,869][root][INFO] - Length of data.x: 307
[2024-04-24 17:24:09,869][root][INFO] - Length of data.y: 307
[2024-04-24 17:24:10,409][root][INFO] - x: [-0.03032547 -0.04793757 -0.8466266  -0.0650877   0.18281602]
[2024-04-24 17:24:10,410][root][INFO] - y: [-0.00479376  0.0376777  -0.05179519 -0.07889469]
[2024-04-24 17:24:10,410][root][INFO] - Reward: -0.9999982807172023
[2024-04-24 17:24:10,414][root][INFO] - --------------- Start iteration i=7 ---------------
[2024-04-24 17:24:10,414][root][INFO] - Length of data.x: 308
[2024-04-24 17:24:10,414][root][INFO] - Length of data.y: 308
[2024-04-24 17:24:10,962][root][INFO] - x: [-0.03511923 -0.01025987 -0.89842178 -0.14398239  0.27246811]
[2024-04-24 17:24:10,962][root][INFO] - y: [-0.00102599  0.04652184 -0.11457764 -0.07498141]
[2024-04-24 17:24:10,963][root][INFO] - Reward: -0.9999959577138504
[2024-04-24 17:24:10,966][root][INFO] - --------------- Start iteration i=8 ---------------
[2024-04-24 17:24:10,966][root][INFO] - Length of data.x: 309
[2024-04-24 17:24:10,966][root][INFO] - Length of data.y: 309
[2024-04-24 17:24:11,442][root][INFO] - x: [-0.03614521  0.03626197  0.98700058 -0.2189638   0.74829567]
[2024-04-24 17:24:11,442][root][INFO] - y: [ 0.0036262   0.05388946 -0.17424599 -0.04983501]
[2024-04-24 17:24:11,443][root][INFO] - Reward: -0.9999365642719792
[2024-04-24 17:24:11,446][root][INFO] - --------------- Start iteration i=9 ---------------
[2024-04-24 17:24:11,446][root][INFO] - Length of data.x: 310
[2024-04-24 17:24:11,446][root][INFO] - Length of data.y: 310
[2024-04-24 17:24:11,872][root][INFO] - x: [-0.03251902  0.09015143  0.81275459 -0.26879881  0.48332553]
[2024-04-24 17:24:11,873][root][INFO] - y: [ 0.00901514 -0.04230097 -0.21390347  0.08968255]
[2024-04-24 17:24:11,873][root][INFO] - Reward: -0.9970134926812144
[2024-04-24 17:24:11,875][root][INFO] - --------------- Start iteration i=10 ---------------
[2024-04-24 17:24:11,875][root][INFO] - Length of data.x: 311
[2024-04-24 17:24:11,875][root][INFO] - Length of data.y: 311
[2024-04-24 17:24:47,220][root][INFO] - Eval Returns: [-18.1390282  -18.32730486 -21.41594408 -23.2897005  -20.0021223 ]
[2024-04-24 17:24:47,233][root][INFO] - Eval Returns: mean=-20.235 std=1.940
[2024-04-24 17:24:47,234][root][INFO] - Eval ndata: 311.000
[2024-04-24 17:24:47,234][root][INFO] - Model MSE (current real MPC): 0.356
[2024-04-24 17:24:49,318][root][INFO] - Model MSE (random test set): 0.367
[2024-04-24 17:24:49,319][root][INFO] - Model MSE (GT MPC): 0.056
[2024-04-24 17:24:49,319][root][INFO] - Model Likelihood (random test set): -3.722
[2024-04-24 17:24:49,319][root][INFO] - Model Likelihood (GT MPC): -3.681
[2024-04-24 17:24:49,319][root][INFO] - *[TIME] [Evaluate the current MPC policy] Elapsed: 37.11 seconds
[2024-04-24 17:24:54,248][root][INFO] - x: [-0.02350387  0.04785046  0.59885112 -0.17911625 -0.10823461]
[2024-04-24 17:24:54,248][root][INFO] - y: [ 0.00478505 -0.04688553 -0.1425363   0.10783003]
[2024-04-24 17:24:54,249][root][INFO] - Reward: -0.9689504045535141
[2024-04-24 17:24:56,488][root][INFO] - --------------- Start iteration i=11 ---------------
[2024-04-24 17:24:56,489][root][INFO] - Length of data.x: 312
[2024-04-24 17:24:56,489][root][INFO] - Length of data.y: 312
[2024-04-24 17:24:56,942][root][INFO] - x: [-0.01871883  0.00096493  0.45631482 -0.07128622 -0.18819698]
[2024-04-24 17:24:56,942][root][INFO] - y: [ 9.64928262e-05 -9.21276291e-03 -5.67278172e-02  9.60162169e-02]
[2024-04-24 17:24:56,943][root][INFO] - Reward: -0.9219851853880898
[2024-04-24 17:24:56,946][root][INFO] - --------------- Start iteration i=12 ---------------
[2024-04-24 17:24:56,946][root][INFO] - Length of data.x: 313
[2024-04-24 17:24:56,946][root][INFO] - Length of data.y: 313
[2024-04-24 17:24:57,384][root][INFO] - x: [-0.01862233 -0.00824783  0.399587    0.02473    -0.13831423]
[2024-04-24 17:24:57,385][root][INFO] - y: [-0.00082478  0.00361338  0.01967952  0.09447533]
[2024-04-24 17:24:57,385][root][INFO] - Reward: -0.9397977404936537
[2024-04-24 17:24:57,389][root][INFO] - --------------- Start iteration i=13 ---------------
[2024-04-24 17:24:57,389][root][INFO] - Length of data.x: 314
[2024-04-24 17:24:57,389][root][INFO] - Length of data.y: 314
[2024-04-24 17:24:57,828][root][INFO] - x: [-0.01944712 -0.00463445  0.41926652  0.11920532 -0.50135848]
[2024-04-24 17:24:57,828][root][INFO] - y: [-0.00046345 -0.02967319  0.09486066  0.08761265]
[2024-04-24 17:24:57,828][root][INFO] - Reward: -0.9880037413930317
[2024-04-24 17:24:57,832][root][INFO] - --------------- Start iteration i=14 ---------------
[2024-04-24 17:24:57,832][root][INFO] - Length of data.x: 315
[2024-04-24 17:24:57,832][root][INFO] - Length of data.y: 315
[2024-04-24 17:24:58,291][root][INFO] - x: [-0.01991056 -0.03430764  0.51412718  0.20681798  0.66863738]
[2024-04-24 17:24:58,292][root][INFO] - y: [-0.00343076 -0.00792391  0.16458065  0.09845486]
[2024-04-24 17:24:58,292][root][INFO] - Reward: -0.9993673777471891
[2024-04-24 17:24:58,296][root][INFO] - --------------- Start iteration i=15 ---------------
[2024-04-24 17:24:58,296][root][INFO] - Length of data.x: 316
[2024-04-24 17:24:58,296][root][INFO] - Length of data.y: 316
[2024-04-24 17:24:58,765][root][INFO] - x: [-0.02334133 -0.04223155  0.67870783  0.30527284  0.34591824]
[2024-04-24 17:24:58,766][root][INFO] - y: [-0.00422315 -0.0814959   0.2429286   0.12651389]
[2024-04-24 17:24:58,766][root][INFO] - Reward: -0.9999877411846202
[2024-04-24 17:24:58,769][root][INFO] - --------------- Start iteration i=16 ---------------
[2024-04-24 17:24:58,770][root][INFO] - Length of data.x: 317
[2024-04-24 17:24:58,770][root][INFO] - Length of data.y: 317
[2024-04-24 17:24:59,234][root][INFO] - x: [-0.02756448 -0.12372744  0.92163643  0.43178672 -0.52236265]
[2024-04-24 17:24:59,234][root][INFO] - y: [-0.01237274 -0.11769714  0.34360523  0.13808064]
[2024-04-24 17:24:59,234][root][INFO] - Reward: -0.9999989290701197
[2024-04-24 17:24:59,238][root][INFO] - --------------- Start iteration i=17 ---------------
[2024-04-24 17:24:59,238][root][INFO] - Length of data.x: 318
[2024-04-24 17:24:59,238][root][INFO] - Length of data.y: 318
[2024-04-24 17:24:59,716][root][INFO] - x: [-0.03993723 -0.24142458 -0.73475834  0.56986736  0.44869634]
[2024-04-24 17:24:59,716][root][INFO] - y: [-0.02414246  0.32334504  0.4534864  -0.29011523]
[2024-04-24 17:24:59,717][root][INFO] - Reward: -0.9999607954826295
[2024-04-24 17:24:59,721][root][INFO] - --------------- Start iteration i=18 ---------------
[2024-04-24 17:24:59,721][root][INFO] - Length of data.x: 319
[2024-04-24 17:24:59,721][root][INFO] - Length of data.y: 319
[2024-04-24 17:25:00,203][root][INFO] - x: [-0.06407968  0.08192046 -0.28127193  0.27975213 -0.20983431]
[2024-04-24 17:25:00,203][root][INFO] - y: [ 0.00819205  0.03221011  0.22261985 -0.05548169]
[2024-04-24 17:25:00,203][root][INFO] - Reward: -0.9721037174324239
[2024-04-24 17:25:00,207][root][INFO] - --------------- Start iteration i=19 ---------------
[2024-04-24 17:25:00,207][root][INFO] - Length of data.x: 320
[2024-04-24 17:25:00,207][root][INFO] - Length of data.y: 320
[2024-04-24 17:25:00,667][root][INFO] - x: [-0.05588764  0.11413058 -0.05865209  0.22427043 -0.77356299]
[2024-04-24 17:25:00,667][root][INFO] - y: [ 0.01141306 -0.059306    0.17846888 -0.07629426]
[2024-04-24 17:25:00,667][root][INFO] - Reward: -0.3404611450823247
[2024-04-24 17:25:00,671][root][INFO] - --------------- Start iteration i=20 ---------------
[2024-04-24 17:25:00,671][root][INFO] - Length of data.x: 321
[2024-04-24 17:25:00,671][root][INFO] - Length of data.y: 321
[2024-04-24 17:25:41,597][root][INFO] - Eval Returns: [-17.76732861 -20.13194713 -18.63100108 -23.74560472 -18.1028739 ]
[2024-04-24 17:25:41,608][root][INFO] - Eval Returns: mean=-19.676 std=2.190
[2024-04-24 17:25:41,608][root][INFO] - Eval ndata: 321.000
[2024-04-24 17:25:41,608][root][INFO] - Model MSE (current real MPC): 0.490
[2024-04-24 17:25:43,396][root][INFO] - Model MSE (random test set): 0.367
[2024-04-24 17:25:43,396][root][INFO] - Model MSE (GT MPC): 0.055
[2024-04-24 17:25:43,396][root][INFO] - Model Likelihood (random test set): -3.722
[2024-04-24 17:25:43,396][root][INFO] - Model Likelihood (GT MPC): -3.681
[2024-04-24 17:25:43,396][root][INFO] - *[TIME] [Evaluate the current MPC policy] Elapsed: 42.26 seconds
[2024-04-24 17:25:48,733][root][INFO] - x: [-0.04447458  0.05482458  0.1198168   0.14797617 -0.4780407 ]
[2024-04-24 17:25:48,733][root][INFO] - y: [ 0.00548246 -0.02872337  0.11775579  0.00938485]
[2024-04-24 17:25:48,733][root][INFO] - Reward: -0.18613311407854594
[2024-04-24 17:25:51,168][root][INFO] - --------------- Start iteration i=21 ---------------
[2024-04-24 17:25:51,168][root][INFO] - Length of data.x: 322
[2024-04-24 17:25:51,168][root][INFO] - Length of data.y: 322
[2024-04-24 17:25:51,721][root][INFO] - x: [-0.03899212  0.02610121  0.23757259  0.15736103 -0.24191185]
[2024-04-24 17:25:51,722][root][INFO] - y: [ 0.00261012 -0.01223543  0.12522403  0.05769177]
[2024-04-24 17:25:51,723][root][INFO] - Reward: -0.7103564862934149
[2024-04-24 17:25:51,727][root][INFO] - --------------- Start iteration i=22 ---------------
[2024-04-24 17:25:51,727][root][INFO] - Length of data.x: 323
[2024-04-24 17:25:51,728][root][INFO] - Length of data.y: 323
[2024-04-24 17:25:52,246][root][INFO] - x: [-0.036382    0.01386578  0.36279662  0.21505279 -1.        ]
[2024-04-24 17:25:52,247][root][INFO] - y: [ 0.00138658 -0.08084371  0.17113371  0.05544025]
[2024-04-24 17:25:52,247][root][INFO] - Reward: -0.9819041037783959
[2024-04-24 17:25:52,251][root][INFO] - --------------- Start iteration i=23 ---------------
[2024-04-24 17:25:52,251][root][INFO] - Length of data.x: 324
[2024-04-24 17:25:52,251][root][INFO] - Length of data.y: 324
[2024-04-24 17:25:52,746][root][INFO] - x: [-0.03499542 -0.06697793  0.53393033  0.27049304 -0.70066542]
[2024-04-24 17:25:52,747][root][INFO] - y: [-0.00669779 -0.10691724  0.2152517   0.1090178 ]
[2024-04-24 17:25:52,747][root][INFO] - Reward: -0.9997695804073333
[2024-04-24 17:25:52,752][root][INFO] - --------------- Start iteration i=24 ---------------
[2024-04-24 17:25:52,752][root][INFO] - Length of data.x: 325
[2024-04-24 17:25:52,752][root][INFO] - Length of data.y: 325
[2024-04-24 17:25:53,244][root][INFO] - x: [-0.04169322 -0.17389517  0.74918203  0.37951084 -1.        ]
[2024-04-24 17:25:53,245][root][INFO] - y: [-0.01738952 -0.19963606  0.30200538  0.21041675]
[2024-04-24 17:25:53,245][root][INFO] - Reward: -0.9999997357815374
[2024-04-24 17:25:53,245][root][INFO] - Explore episode complete with return -23.00568204580684, resetting
[2024-04-24 17:25:53,245][root][INFO] - Exploration Episode Rewards: [-0.999990070166487, -0.9999902161171248, -0.9999911793392626, -0.9999933151962097, -0.9999955500406973, -0.9999976213959874, -0.9999982807172023, -0.9999959577138504, -0.9999365642719792, -0.9970134926812144, -0.9689504045535141, -0.9219851853880898, -0.9397977404936537, -0.9880037413930317, -0.9993673777471891, -0.9999877411846202, -0.9999989290701197, -0.9999607954826295, -0.9721037174324239, -0.3404611450823247, -0.18613311407854594, -0.7103564862934149, -0.9819041037783959, -0.9997695804073333, -0.9999997357815374]
[2024-04-24 17:25:53,249][root][INFO] - --------------- Start iteration i=25 ---------------
[2024-04-24 17:25:53,249][root][INFO] - Length of data.x: 326
[2024-04-24 17:25:53,249][root][INFO] - Length of data.y: 326
[2024-04-24 17:25:53,790][root][INFO] - x: [-1.74367960e-03  7.08897731e-04  9.96407270e-01  3.78954057e-04
  2.50626744e-01]
[2024-04-24 17:25:53,791][root][INFO] - y: [ 7.08897731e-05  1.93721973e-02  3.01562300e-04 -1.82623654e-02]
[2024-04-24 17:25:53,791][root][INFO] - Reward: -0.9999900731740164
[2024-04-24 17:25:53,796][root][INFO] - --------------- Start iteration i=26 ---------------
[2024-04-24 17:25:53,796][root][INFO] - Length of data.x: 327
[2024-04-24 17:25:53,796][root][INFO] - Length of data.y: 327
[2024-04-24 17:25:54,421][root][INFO] - x: [-0.00167279  0.0200811   0.99670883 -0.01788341 -0.46907129]
[2024-04-24 17:25:54,422][root][INFO] - y: [ 0.00200811 -0.0384588  -0.01423118  0.03947232]
[2024-04-24 17:25:54,422][root][INFO] - Reward: -0.9999900020986348
[2024-04-24 17:25:54,427][root][INFO] - --------------- Start iteration i=27 ---------------
[2024-04-24 17:25:54,428][root][INFO] - Length of data.x: 328
[2024-04-24 17:25:54,428][root][INFO] - Length of data.y: 328
[2024-04-24 17:25:54,979][root][INFO] - x: [ 3.35319679e-04 -1.83777082e-02  9.82477655e-01  2.15889049e-02
 -6.20123853e-01]
[2024-04-24 17:25:54,980][root][INFO] - y: [-0.00183777 -0.10201596  0.01717992  0.10726465]
[2024-04-24 17:25:54,980][root][INFO] - Reward: -0.9999900868362259
[2024-04-24 17:25:54,984][root][INFO] - --------------- Start iteration i=28 ---------------
[2024-04-24 17:25:54,984][root][INFO] - Length of data.x: 329
[2024-04-24 17:25:54,985][root][INFO] - Length of data.y: 329
[2024-04-24 17:25:55,494][root][INFO] - x: [-0.00150245 -0.12039367  0.99965757  0.12885355 -0.27260868]
[2024-04-24 17:25:55,494][root][INFO] - y: [-0.01203937 -0.01997277  0.10253848  0.02007865]
[2024-04-24 17:25:55,494][root][INFO] - Reward: -0.999992363915019
[2024-04-24 17:25:55,498][root][INFO] - --------------- Start iteration i=29 ---------------
[2024-04-24 17:25:55,499][root][INFO] - Length of data.x: 330
[2024-04-24 17:25:55,499][root][INFO] - Length of data.y: 330
[2024-04-24 17:25:56,019][root][INFO] - x: [-0.01354182 -0.14036644 -0.89780394  0.1489322   0.1535352 ]
[2024-04-24 17:25:56,020][root][INFO] - y: [-0.01403664  0.04026569  0.11851658 -0.06919745]
[2024-04-24 17:25:56,020][root][INFO] - Reward: -0.999996237935478
[2024-04-24 17:25:56,024][root][INFO] - --------------- Start iteration i=30 ---------------
[2024-04-24 17:25:56,025][root][INFO] - Length of data.x: 331
[2024-04-24 17:25:56,025][root][INFO] - Length of data.y: 331
[2024-04-24 17:26:37,525][root][INFO] - Eval Returns: [-20.62722382 -22.10366214 -21.07171059 -22.00602382 -18.12440811]
[2024-04-24 17:26:37,534][root][INFO] - Eval Returns: mean=-20.787 std=1.443
[2024-04-24 17:26:37,534][root][INFO] - Eval ndata: 331.000
[2024-04-24 17:26:37,534][root][INFO] - Model MSE (current real MPC): 0.427
[2024-04-24 17:26:39,467][root][INFO] - Model MSE (random test set): 0.367
[2024-04-24 17:26:39,467][root][INFO] - Model MSE (GT MPC): 0.054
[2024-04-24 17:26:39,467][root][INFO] - Model Likelihood (random test set): -3.722
[2024-04-24 17:26:39,467][root][INFO] - Model Likelihood (GT MPC): -3.681
[2024-04-24 17:26:39,468][root][INFO] - *[TIME] [Evaluate the current MPC policy] Elapsed: 42.93 seconds
[2024-04-24 17:26:43,634][root][INFO] - x: [-0.02757846 -0.10010074 -0.77928737  0.07973475 -0.02425001]
[2024-04-24 17:26:43,634][root][INFO] - y: [-0.01001007  0.02788472  0.06345095 -0.08421009]
[2024-04-24 17:26:43,634][root][INFO] - Reward: -0.9999983483838455
[2024-04-24 17:26:45,699][root][INFO] - --------------- Start iteration i=31 ---------------
[2024-04-24 17:26:45,699][root][INFO] - Length of data.x: 332
[2024-04-24 17:26:45,699][root][INFO] - Length of data.y: 332
[2024-04-24 17:26:46,252][root][INFO] - x: [-0.03758854 -0.07221603 -0.71583642 -0.00447534  0.17624579]
[2024-04-24 17:26:46,252][root][INFO] - y: [-0.0072216   0.03230606 -0.00356136 -0.09674204]
[2024-04-24 17:26:46,253][root][INFO] - Reward: -0.9999994136035883
[2024-04-24 17:26:46,257][root][INFO] - --------------- Start iteration i=32 ---------------
[2024-04-24 17:26:46,257][root][INFO] - Length of data.x: 333
[2024-04-24 17:26:46,257][root][INFO] - Length of data.y: 333
[2024-04-24 17:26:46,816][root][INFO] - x: [-0.04481014 -0.03990997 -0.71939778 -0.10121738 -0.23583475]
[2024-04-24 17:26:46,817][root][INFO] - y: [-0.003991    0.01661216 -0.08054629 -0.08634754]
[2024-04-24 17:26:46,817][root][INFO] - Reward: -0.9999997173257842
[2024-04-24 17:26:46,822][root][INFO] - --------------- Start iteration i=33 ---------------
[2024-04-24 17:26:46,822][root][INFO] - Length of data.x: 334
[2024-04-24 17:26:46,822][root][INFO] - Length of data.y: 334
[2024-04-24 17:26:47,362][root][INFO] - x: [-0.04880114 -0.02329781 -0.79994407 -0.18756491  0.37319196]
[2024-04-24 17:26:47,362][root][INFO] - y: [-0.00232978  0.07394011 -0.14925953 -0.11754571]
[2024-04-24 17:26:47,363][root][INFO] - Reward: -0.9999993951680047
[2024-04-24 17:26:47,366][root][INFO] - --------------- Start iteration i=34 ---------------
[2024-04-24 17:26:47,367][root][INFO] - Length of data.x: 335
[2024-04-24 17:26:47,367][root][INFO] - Length of data.y: 335
[2024-04-24 17:26:47,886][root][INFO] - x: [-0.05113092  0.05064231 -0.94920361 -0.30511062  0.314102  ]
[2024-04-24 17:26:47,886][root][INFO] - y: [ 0.00506423  0.0549193  -0.24279952 -0.06982618]
[2024-04-24 17:26:47,887][root][INFO] - Reward: -0.9999382542961063
[2024-04-24 17:26:47,891][root][INFO] - --------------- Start iteration i=35 ---------------
[2024-04-24 17:26:47,891][root][INFO] - Length of data.x: 336
[2024-04-24 17:26:47,891][root][INFO] - Length of data.y: 336
[2024-04-24 17:26:48,390][root][INFO] - x: [-0.04606669  0.10556161  0.80799687 -0.37493681  0.49108436]
[2024-04-24 17:26:48,391][root][INFO] - y: [ 0.01055616 -0.09181913 -0.29836547  0.1313222 ]
[2024-04-24 17:26:48,391][root][INFO] - Reward: -0.9708587183814562
[2024-04-24 17:26:48,395][root][INFO] - --------------- Start iteration i=36 ---------------
[2024-04-24 17:26:48,395][root][INFO] - Length of data.x: 337
[2024-04-24 17:26:48,395][root][INFO] - Length of data.y: 337
[2024-04-24 17:26:48,899][root][INFO] - x: [-0.03551052  0.01374248  0.5096314  -0.24361461  0.38335895]
[2024-04-24 17:26:48,899][root][INFO] - y: [ 0.00137425 -0.0377093  -0.19386251  0.09929584]
[2024-04-24 17:26:48,899][root][INFO] - Reward: -0.5498367444293408
[2024-04-24 17:26:48,904][root][INFO] - --------------- Start iteration i=37 ---------------
[2024-04-24 17:26:48,904][root][INFO] - Length of data.x: 338
[2024-04-24 17:26:48,904][root][INFO] - Length of data.y: 338
[2024-04-24 17:26:49,416][root][INFO] - x: [-0.03413628 -0.02396682  0.3157689  -0.14431878  0.4934669 ]
[2024-04-24 17:26:49,417][root][INFO] - y: [-0.00239668  0.02864366 -0.11484533  0.0978744 ]
[2024-04-24 17:26:49,417][root][INFO] - Reward: -0.10232511418946455
[2024-04-24 17:26:49,421][root][INFO] - --------------- Start iteration i=38 ---------------
[2024-04-24 17:26:49,421][root][INFO] - Length of data.x: 339
[2024-04-24 17:26:49,421][root][INFO] - Length of data.y: 339
[2024-04-24 17:26:49,997][root][INFO] - x: [-0.03653296  0.00467684  0.20092357 -0.04644438 -0.67959833]
[2024-04-24 17:26:49,998][root][INFO] - y: [ 0.00046768 -0.02339354 -0.03695929  0.03906494]
[2024-04-24 17:26:49,998][root][INFO] - Reward: -0.07906997043846742
[2024-04-24 17:26:50,003][root][INFO] - --------------- Start iteration i=39 ---------------
[2024-04-24 17:26:50,003][root][INFO] - Length of data.x: 340
[2024-04-24 17:26:50,003][root][INFO] - Length of data.y: 340
[2024-04-24 17:26:50,553][root][INFO] - x: [-0.03606527 -0.0187167   0.16396428 -0.00737944 -0.65617193]
[2024-04-24 17:26:50,554][root][INFO] - y: [-0.00187167 -0.02354658 -0.00587238  0.02788504]
[2024-04-24 17:26:50,554][root][INFO] - Reward: -0.10590315188129373
[2024-04-24 17:26:50,559][root][INFO] - --------------- Start iteration i=40 ---------------
[2024-04-24 17:26:50,559][root][INFO] - Length of data.x: 341
[2024-04-24 17:26:50,559][root][INFO] - Length of data.y: 341
[2024-04-24 17:27:33,929][root][INFO] - Eval Returns: [-19.17608174 -20.56955891 -22.45814291 -21.23333535 -22.62756073]
[2024-04-24 17:27:33,940][root][INFO] - Eval Returns: mean=-21.213 std=1.274
[2024-04-24 17:27:33,940][root][INFO] - Eval ndata: 341.000
[2024-04-24 17:27:33,941][root][INFO] - Model MSE (current real MPC): 0.450
[2024-04-24 17:27:35,965][root][INFO] - Model MSE (random test set): 0.367
[2024-04-24 17:27:35,965][root][INFO] - Model MSE (GT MPC): 0.054
[2024-04-24 17:27:35,965][root][INFO] - Model Likelihood (random test set): -3.722
[2024-04-24 17:27:35,965][root][INFO] - Model Likelihood (GT MPC): -3.681
[2024-04-24 17:27:35,965][root][INFO] - *[TIME] [Evaluate the current MPC policy] Elapsed: 44.85 seconds
[2024-04-24 17:27:39,587][root][INFO] - x: [-0.03793694 -0.04226328  0.1580919   0.0205056  -1.        ]
[2024-04-24 17:27:39,587][root][INFO] - y: [-0.00422633 -0.04835432  0.01631785  0.00427938]
[2024-04-24 17:27:39,587][root][INFO] - Reward: -0.1452216962090488
[2024-04-24 17:27:41,817][root][INFO] - --------------- Start iteration i=41 ---------------
[2024-04-24 17:27:41,817][root][INFO] - Length of data.x: 342
[2024-04-24 17:27:41,817][root][INFO] - Length of data.y: 342
[2024-04-24 17:27:42,394][root][INFO] - x: [-0.04216327 -0.0906176   0.17440975  0.02478498 -0.75174679]
[2024-04-24 17:27:42,395][root][INFO] - y: [-0.00906176 -0.02835419  0.01972328  0.02695061]
[2024-04-24 17:27:42,395][root][INFO] - Reward: -0.27456142459784505
[2024-04-24 17:27:42,400][root][INFO] - --------------- Start iteration i=42 ---------------
[2024-04-24 17:27:42,401][root][INFO] - Length of data.x: 343
[2024-04-24 17:27:42,401][root][INFO] - Length of data.y: 343
[2024-04-24 17:27:43,022][root][INFO] - x: [-0.05122503 -0.11897179  0.19413302  0.05173559 -1.        ]
[2024-04-24 17:27:43,023][root][INFO] - y: [-0.01189718 -0.04405968  0.04116991  0.02013014]
[2024-04-24 17:27:43,024][root][INFO] - Reward: -0.4557834672963107
[2024-04-24 17:27:43,029][root][INFO] - --------------- Start iteration i=43 ---------------
[2024-04-24 17:27:43,029][root][INFO] - Length of data.x: 344
[2024-04-24 17:27:43,029][root][INFO] - Length of data.y: 344
[2024-04-24 17:27:43,645][root][INFO] - x: [-0.06312221 -0.16303148  0.23530294  0.07186573 -0.53662294]
[2024-04-24 17:27:43,646][root][INFO] - y: [-0.01630315 -0.01273732  0.05718898  0.05674612]
[2024-04-24 17:27:43,646][root][INFO] - Reward: -0.713753499588474
[2024-04-24 17:27:43,652][root][INFO] - --------------- Start iteration i=44 ---------------
[2024-04-24 17:27:43,652][root][INFO] - Length of data.x: 345
[2024-04-24 17:27:43,652][root][INFO] - Length of data.y: 345
[2024-04-24 17:27:44,277][root][INFO] - x: [-0.07942536 -0.1757688   0.29249191  0.12861185 -0.23971546]
[2024-04-24 17:27:44,278][root][INFO] - y: [-0.01757688 -0.00556289  0.10234614  0.07468695]
[2024-04-24 17:27:44,278][root][INFO] - Reward: -0.9264944306088735
[2024-04-24 17:27:44,283][root][INFO] - --------------- Start iteration i=45 ---------------
[2024-04-24 17:27:44,283][root][INFO] - Length of data.x: 346
[2024-04-24 17:27:44,284][root][INFO] - Length of data.y: 346
[2024-04-24 17:27:44,903][root][INFO] - x: [-0.09700224 -0.18133169  0.39483806  0.2032988   0.16375015]
[2024-04-24 17:27:44,904][root][INFO] - y: [-0.01813317 -0.01598169  0.16178018  0.0877049 ]
[2024-04-24 17:27:44,905][root][INFO] - Reward: -0.9985047377922343
[2024-04-24 17:27:44,910][root][INFO] - --------------- Start iteration i=46 ---------------
[2024-04-24 17:27:44,910][root][INFO] - Length of data.x: 347
[2024-04-24 17:27:44,910][root][INFO] - Length of data.y: 347
[2024-04-24 17:27:45,541][root][INFO] - x: [-0.11513541 -0.19731338  0.55661824  0.2910037  -0.28344579]
[2024-04-24 17:27:45,542][root][INFO] - y: [-0.01973134 -0.09789913  0.23157358  0.11397232]
[2024-04-24 17:27:45,542][root][INFO] - Reward: -0.9999999518501852
[2024-04-24 17:27:45,547][root][INFO] - --------------- Start iteration i=47 ---------------
[2024-04-24 17:27:45,548][root][INFO] - Length of data.x: 348
[2024-04-24 17:27:45,548][root][INFO] - Length of data.y: 348
[2024-04-24 17:27:46,157][root][INFO] - x: [-0.13486675 -0.29521251  0.78819181  0.40497603  0.21869482]
[2024-04-24 17:27:46,158][root][INFO] - y: [-0.02952125 -0.12881851  0.32226994  0.16196372]
[2024-04-24 17:27:46,158][root][INFO] - Reward: -1.0
[2024-04-24 17:27:46,163][root][INFO] - --------------- Start iteration i=48 ---------------
[2024-04-24 17:27:46,164][root][INFO] - Length of data.x: 349
[2024-04-24 17:27:46,164][root][INFO] - Length of data.y: 349
[2024-04-24 17:27:46,785][root][INFO] - x: [-0.164388   -0.42403102 -0.88953824  0.56693975 -0.82140032]
[2024-04-24 17:27:46,786][root][INFO] - y: [-0.0424031   0.11585143  0.45115668 -0.14234352]
[2024-04-24 17:27:46,786][root][INFO] - Reward: -1.0
[2024-04-24 17:27:46,791][root][INFO] - --------------- Start iteration i=49 ---------------
[2024-04-24 17:27:46,791][root][INFO] - Length of data.x: 350
[2024-04-24 17:27:46,791][root][INFO] - Length of data.y: 350
[2024-04-24 17:27:47,371][root][INFO] - x: [-0.2067911  -0.3081796  -0.43838156  0.42459623 -1.        ]
[2024-04-24 17:27:47,372][root][INFO] - y: [-0.03081796  0.11356338  0.33788322 -0.0745191 ]
[2024-04-24 17:27:47,372][root][INFO] - Reward: -1.0
[2024-04-24 17:27:47,372][root][INFO] - Explore episode complete with return -19.322206799999694, resetting
[2024-04-24 17:27:47,372][root][INFO] - Exploration Episode Rewards: [-0.9999900731740164, -0.9999900020986348, -0.9999900868362259, -0.999992363915019, -0.999996237935478, -0.9999983483838455, -0.9999994136035883, -0.9999997173257842, -0.9999993951680047, -0.9999382542961063, -0.9708587183814562, -0.5498367444293408, -0.10232511418946455, -0.07906997043846742, -0.10590315188129373, -0.1452216962090488, -0.27456142459784505, -0.4557834672963107, -0.713753499588474, -0.9264944306088735, -0.9985047377922343, -0.9999999518501852, -1.0, -1.0, -1.0]
[2024-04-24 17:27:47,377][root][INFO] - --------------- Start iteration i=50 ---------------
[2024-04-24 17:27:47,377][root][INFO] - Length of data.x: 351
[2024-04-24 17:27:47,377][root][INFO] - Length of data.y: 351
[2024-04-24 17:28:30,758][root][INFO] - Eval Returns: [-21.90188178 -20.44461962 -21.05769218 -23.52428256 -23.11899371]
[2024-04-24 17:28:30,768][root][INFO] - Eval Returns: mean=-22.009 std=1.174
[2024-04-24 17:28:30,768][root][INFO] - Eval ndata: 351.000
[2024-04-24 17:28:30,768][root][INFO] - Model MSE (current real MPC): 0.512
[2024-04-24 17:28:32,785][root][INFO] - Model MSE (random test set): 0.367
[2024-04-24 17:28:32,785][root][INFO] - Model MSE (GT MPC): 0.054
[2024-04-24 17:28:32,785][root][INFO] - Model Likelihood (random test set): -3.722
[2024-04-24 17:28:32,785][root][INFO] - Model Likelihood (GT MPC): -3.681
[2024-04-24 17:28:32,785][root][INFO] - *[TIME] [Evaluate the current MPC policy] Elapsed: 44.82 seconds
[2024-04-24 17:28:36,273][root][INFO] - x: [-3.91410848e-04  2.64754250e-04 -9.99408001e-01 -6.93508465e-04
 -2.44184944e-01]
[2024-04-24 17:28:36,274][root][INFO] - y: [ 2.64754250e-05 -1.94292602e-02 -5.51876947e-04  1.92463435e-02]
[2024-04-24 17:28:36,274][root][INFO] - Reward: -0.999990071597802
[2024-04-24 17:28:37,879][root][INFO] - --------------- Start iteration i=51 ---------------
[2024-04-24 17:28:37,879][root][INFO] - Length of data.x: 352
[2024-04-24 17:28:37,879][root][INFO] - Length of data.y: 352
[2024-04-24 17:28:38,461][root][INFO] - x: [-3.64935423e-04 -1.91645060e-02 -9.99959878e-01  1.85528351e-02
  1.07480090e-01]
[2024-04-24 17:28:38,462][root][INFO] - y: [-0.00191645  0.00891268  0.01476389 -0.00892531]
[2024-04-24 17:28:38,463][root][INFO] - Reward: -0.9999901507725214
[2024-04-24 17:28:38,469][root][INFO] - --------------- Start iteration i=52 ---------------
[2024-04-24 17:28:38,469][root][INFO] - Length of data.x: 353
[2024-04-24 17:28:38,469][root][INFO] - Length of data.y: 353
[2024-04-24 17:28:39,065][root][INFO] - x: [-0.00228139 -0.01025182 -0.98519599  0.00962753 -0.50751264]
[2024-04-24 17:28:39,065][root][INFO] - y: [-0.00102518 -0.03764523  0.00766135  0.03303882]
[2024-04-24 17:28:39,066][root][INFO] - Reward: -0.9999902358353726
[2024-04-24 17:28:39,071][root][INFO] - --------------- Start iteration i=53 ---------------
[2024-04-24 17:28:39,071][root][INFO] - Length of data.x: 354
[2024-04-24 17:28:39,071][root][INFO] - Length of data.y: 354
[2024-04-24 17:28:39,744][root][INFO] - x: [-0.00330657 -0.04789706 -0.97753464  0.04266635 -0.17765175]
[2024-04-24 17:28:39,745][root][INFO] - y: [-0.00478971 -0.00908138  0.03395283  0.00213361]
[2024-04-24 17:28:39,746][root][INFO] - Reward: -0.99999100859026
[2024-04-24 17:28:39,753][root][INFO] - --------------- Start iteration i=54 ---------------
[2024-04-24 17:28:39,754][root][INFO] - Length of data.x: 355
[2024-04-24 17:28:39,754][root][INFO] - Length of data.y: 355
[2024-04-24 17:28:40,470][root][INFO] - x: [-0.00809627 -0.05697843 -0.94358181  0.04479996 -0.35112082]
[2024-04-24 17:28:40,471][root][INFO] - y: [-0.00569784 -0.01612055  0.03565071 -0.00144651]
[2024-04-24 17:28:40,471][root][INFO] - Reward: -0.9999925750054995
[2024-04-24 17:28:40,477][root][INFO] - --------------- Start iteration i=55 ---------------
[2024-04-24 17:28:40,478][root][INFO] - Length of data.x: 356
[2024-04-24 17:28:40,478][root][INFO] - Length of data.y: 356
[2024-04-24 17:28:41,174][root][INFO] - x: [-0.01379412 -0.07309899 -0.90793111  0.04335345 -0.51881842]
[2024-04-24 17:28:41,175][root][INFO] - y: [-0.0073099  -0.02233398  0.03449961 -0.00660326]
[2024-04-24 17:28:41,176][root][INFO] - Reward: -0.9999950268028236
[2024-04-24 17:28:41,182][root][INFO] - --------------- Start iteration i=56 ---------------
[2024-04-24 17:28:41,182][root][INFO] - Length of data.x: 357
[2024-04-24 17:28:41,182][root][INFO] - Length of data.y: 357
[2024-04-24 17:28:41,835][root][INFO] - x: [-0.02110402 -0.09543297 -0.8734315   0.03675019  0.09814738]
[2024-04-24 17:28:41,835][root][INFO] - y: [-0.0095433   0.02862367  0.0292449  -0.06441682]
[2024-04-24 17:28:41,836][root][INFO] - Reward: -0.999997690195998
[2024-04-24 17:28:41,841][root][INFO] - --------------- Start iteration i=57 ---------------
[2024-04-24 17:28:41,841][root][INFO] - Length of data.x: 358
[2024-04-24 17:28:41,841][root][INFO] - Length of data.y: 358
[2024-04-24 17:28:42,469][root][INFO] - x: [-0.03064731 -0.0668093  -0.8441866  -0.02766663  0.48058775]
[2024-04-24 17:28:42,470][root][INFO] - y: [-0.00668093  0.05695158 -0.02201642 -0.09643604]
[2024-04-24 17:28:42,470][root][INFO] - Reward: -0.9999987540798551
[2024-04-24 17:28:42,475][root][INFO] - --------------- Start iteration i=58 ---------------
[2024-04-24 17:28:42,475][root][INFO] - Length of data.x: 359
[2024-04-24 17:28:42,475][root][INFO] - Length of data.y: 359
[2024-04-24 17:28:43,119][root][INFO] - x: [-0.03732824 -0.00985772 -0.86620302 -0.12410266  0.33618356]
[2024-04-24 17:28:43,119][root][INFO] - y: [-0.00098577  0.05312258 -0.09875784 -0.08857068]
[2024-04-24 17:28:43,120][root][INFO] - Reward: -0.9999978789175864
[2024-04-24 17:28:43,125][root][INFO] - --------------- Start iteration i=59 ---------------
[2024-04-24 17:28:43,125][root][INFO] - Length of data.x: 360
[2024-04-24 17:28:43,126][root][INFO] - Length of data.y: 360
[2024-04-24 17:28:43,752][root][INFO] - x: [-0.03831402  0.04326486 -0.96496086 -0.21267335  0.3962924 ]
[2024-04-24 17:28:43,752][root][INFO] - y: [ 0.00432649  0.04457545 -0.16924021 -0.05509379]
[2024-04-24 17:28:43,753][root][INFO] - Reward: -0.9999751959467497
[2024-04-24 17:28:43,759][root][INFO] - --------------- Start iteration i=60 ---------------
[2024-04-24 17:28:43,759][root][INFO] - Length of data.x: 361
[2024-04-24 17:28:43,759][root][INFO] - Length of data.y: 361
[2024-04-24 17:29:30,147][root][INFO] - Eval Returns: [-20.2003053  -21.72828523 -22.20159172 -21.54508381 -21.15701696]
[2024-04-24 17:29:30,161][root][INFO] - Eval Returns: mean=-21.366 std=0.673
[2024-04-24 17:29:30,161][root][INFO] - Eval ndata: 361.000
[2024-04-24 17:29:30,162][root][INFO] - Model MSE (current real MPC): 0.462
[2024-04-24 17:29:32,442][root][INFO] - Model MSE (random test set): 0.367
[2024-04-24 17:29:32,442][root][INFO] - Model MSE (GT MPC): 0.054
[2024-04-24 17:29:32,442][root][INFO] - Model Likelihood (random test set): -3.722
[2024-04-24 17:29:32,442][root][INFO] - Model Likelihood (GT MPC): -3.681
[2024-04-24 17:29:32,442][root][INFO] - *[TIME] [Evaluate the current MPC policy] Elapsed: 48.06 seconds
[2024-04-24 17:29:36,913][root][INFO] - x: [-0.03398753  0.08784031  0.86579893 -0.26776714  0.92420292]
[2024-04-24 17:29:36,914][root][INFO] - y: [ 0.00878403  0.00592337 -0.21308249  0.03478147]
[2024-04-24 17:29:36,914][root][INFO] - Reward: -0.9988642708757938
[2024-04-24 17:29:39,060][root][INFO] - --------------- Start iteration i=61 ---------------
[2024-04-24 17:29:39,060][root][INFO] - Length of data.x: 362
[2024-04-24 17:29:39,061][root][INFO] - Length of data.y: 362
[2024-04-24 17:29:39,654][root][INFO] - x: [-0.0252035   0.09376368  0.65271644 -0.23298567  0.4779436 ]
[2024-04-24 17:29:39,654][root][INFO] - y: [ 0.00937637 -0.0404989  -0.18540426  0.1058066 ]
[2024-04-24 17:29:39,655][root][INFO] - Reward: -0.9789009249260473
[2024-04-24 17:29:39,660][root][INFO] - --------------- Start iteration i=62 ---------------
[2024-04-24 17:29:39,660][root][INFO] - Length of data.x: 363
[2024-04-24 17:29:39,661][root][INFO] - Length of data.y: 363
[2024-04-24 17:29:40,245][root][INFO] - x: [-0.01582713  0.05326478  0.46731218 -0.12717907  0.40291996]
[2024-04-24 17:29:40,245][root][INFO] - y: [ 0.00532648  0.00831754 -0.10120597  0.09853531]
[2024-04-24 17:29:40,246][root][INFO] - Reward: -0.9239188247835242
[2024-04-24 17:29:40,251][root][INFO] - --------------- Start iteration i=63 ---------------
[2024-04-24 17:29:40,251][root][INFO] - Length of data.x: 364
[2024-04-24 17:29:40,251][root][INFO] - Length of data.y: 364
[2024-04-24 17:29:40,796][root][INFO] - x: [-0.01050065  0.06158232  0.36610622 -0.02864376  0.11940688]
[2024-04-24 17:29:40,797][root][INFO] - y: [ 0.00615823  0.01960474 -0.022794    0.09764517]
[2024-04-24 17:29:40,797][root][INFO] - Reward: -0.9318111264044731
[2024-04-24 17:29:40,802][root][INFO] - --------------- Start iteration i=64 ---------------
[2024-04-24 17:29:40,802][root][INFO] - Length of data.x: 365
[2024-04-24 17:29:40,802][root][INFO] - Length of data.y: 365
[2024-04-24 17:29:41,370][root][INFO] - x: [-0.00434242  0.08118707  0.34331222  0.06900141  1.        ]
[2024-04-24 17:29:41,370][root][INFO] - y: [0.00811871 0.06613115 0.05490962 0.11779512]
[2024-04-24 17:29:41,370][root][INFO] - Reward: -0.9864996505727669
[2024-04-24 17:29:41,375][root][INFO] - --------------- Start iteration i=65 ---------------
[2024-04-24 17:29:41,375][root][INFO] - Length of data.x: 366
[2024-04-24 17:29:41,375][root][INFO] - Length of data.y: 366
[2024-04-24 17:29:41,912][root][INFO] - x: [ 0.00377629  0.14731822  0.39822183  0.18679653 -0.07405265]
[2024-04-24 17:29:41,913][root][INFO] - y: [ 0.01473182 -0.03005785  0.14864807  0.08377478]
[2024-04-24 17:29:41,913][root][INFO] - Reward: -0.999822521391002
[2024-04-24 17:29:41,918][root][INFO] - --------------- Start iteration i=66 ---------------
[2024-04-24 17:29:41,918][root][INFO] - Length of data.x: 367
[2024-04-24 17:29:41,918][root][INFO] - Length of data.y: 367
[2024-04-24 17:29:42,465][root][INFO] - x: [0.01850811 0.11726037 0.54686991 0.27057131 0.12604967]
[2024-04-24 17:29:42,466][root][INFO] - y: [ 0.01172604 -0.06230541  0.21531398  0.10627841]
[2024-04-24 17:29:42,466][root][INFO] - Reward: -0.9999969163970095
[2024-04-24 17:29:42,471][root][INFO] - --------------- Start iteration i=67 ---------------
[2024-04-24 17:29:42,472][root][INFO] - Length of data.x: 368
[2024-04-24 17:29:42,472][root][INFO] - Length of data.y: 368
[2024-04-24 17:29:43,044][root][INFO] - x: [0.03023414 0.05495496 0.76218389 0.37684972 0.06171372]
[2024-04-24 17:29:43,044][root][INFO] - y: [ 0.0054955  -0.12930894  0.29988772  0.16159703]
[2024-04-24 17:29:43,045][root][INFO] - Reward: -0.9999922472656396
[2024-04-24 17:29:43,050][root][INFO] - --------------- Start iteration i=68 ---------------
[2024-04-24 17:29:43,050][root][INFO] - Length of data.x: 369
[2024-04-24 17:29:43,050][root][INFO] - Length of data.y: 369
[2024-04-24 17:29:43,684][root][INFO] - x: [ 0.03572964 -0.07435398 -0.93792839  0.53844676 -0.43079279]
[2024-04-24 17:29:43,685][root][INFO] - y: [-0.0074354   0.02712171  0.42848266 -0.04563612]
[2024-04-24 17:29:43,685][root][INFO] - Reward: -0.978853759787651
[2024-04-24 17:29:43,691][root][INFO] - --------------- Start iteration i=69 ---------------
[2024-04-24 17:29:43,691][root][INFO] - Length of data.x: 370
[2024-04-24 17:29:43,691][root][INFO] - Length of data.y: 370
[2024-04-24 17:29:44,372][root][INFO] - x: [ 0.02829424 -0.04723228 -0.50944573  0.49281064 -0.15563373]
[2024-04-24 17:29:44,373][root][INFO] - y: [-0.00472323  0.21365476  0.39216656 -0.10449569]
[2024-04-24 17:29:44,374][root][INFO] - Reward: -0.01592009098379199
[2024-04-24 17:29:44,380][root][INFO] - --------------- Start iteration i=70 ---------------
[2024-04-24 17:29:44,381][root][INFO] - Length of data.x: 371
[2024-04-24 17:29:44,381][root][INFO] - Length of data.y: 371
[2024-04-24 17:30:31,831][root][INFO] - Eval Returns: [-19.58121513 -23.78898083 -19.00295325 -22.61821758 -20.9124369 ]
[2024-04-24 17:30:31,844][root][INFO] - Eval Returns: mean=-21.181 std=1.802
[2024-04-24 17:30:31,844][root][INFO] - Eval ndata: 371.000
[2024-04-24 17:30:31,844][root][INFO] - Model MSE (current real MPC): 0.469
[2024-04-24 17:30:33,891][root][INFO] - Model MSE (random test set): 0.367
[2024-04-24 17:30:33,891][root][INFO] - Model MSE (GT MPC): 0.053
[2024-04-24 17:30:33,891][root][INFO] - Model Likelihood (random test set): -3.722
[2024-04-24 17:30:33,891][root][INFO] - Model Likelihood (GT MPC): -3.681
[2024-04-24 17:30:33,891][root][INFO] - *[TIME] [Evaluate the current MPC policy] Elapsed: 48.75 seconds
[2024-04-24 17:30:36,952][root][INFO] - x: [ 0.02357101  0.16642248 -0.11727916  0.38831495  0.27731992]
[2024-04-24 17:30:36,952][root][INFO] - y: [0.01664225 0.09590978 0.30901147 0.05410515]
[2024-04-24 17:30:36,953][root][INFO] - Reward: -0.988831300572119
[2024-04-24 17:30:38,637][root][INFO] - --------------- Start iteration i=71 ---------------
[2024-04-24 17:30:38,637][root][INFO] - Length of data.x: 372
[2024-04-24 17:30:38,637][root][INFO] - Length of data.y: 372
[2024-04-24 17:30:39,246][root][INFO] - x: [ 0.04021326  0.26233226  0.19173231  0.44242011 -0.60864355]
[2024-04-24 17:30:39,247][root][INFO] - y: [ 0.02623323 -0.20159334  0.35206702 -0.11047711]
[2024-04-24 17:30:39,247][root][INFO] - Reward: -0.9999999246217888
[2024-04-24 17:30:39,252][root][INFO] - --------------- Start iteration i=72 ---------------
[2024-04-24 17:30:39,252][root][INFO] - Length of data.x: 373
[2024-04-24 17:30:39,252][root][INFO] - Length of data.y: 373
[2024-04-24 17:30:39,826][root][INFO] - x: [0.06644649 0.06073892 0.54379932 0.33194299 0.35906488]
[2024-04-24 17:30:39,826][root][INFO] - y: [ 0.00607389 -0.07253918  0.26415205  0.10722164]
[2024-04-24 17:30:39,827][root][INFO] - Reward: -0.9999999921330516
[2024-04-24 17:30:39,832][root][INFO] - --------------- Start iteration i=73 ---------------
[2024-04-24 17:30:39,832][root][INFO] - Length of data.x: 374
[2024-04-24 17:30:39,832][root][INFO] - Length of data.y: 374
[2024-04-24 17:30:40,421][root][INFO] - x: [ 0.07252038 -0.01180026  0.80795138  0.43916463 -0.53042243]
[2024-04-24 17:30:40,422][root][INFO] - y: [-0.00118003 -0.23161477  0.34947639  0.2464403 ]
[2024-04-24 17:30:40,422][root][INFO] - Reward: -0.9999912857815261
[2024-04-24 17:30:40,428][root][INFO] - --------------- Start iteration i=74 ---------------
[2024-04-24 17:30:40,428][root][INFO] - Length of data.x: 375
[2024-04-24 17:30:40,428][root][INFO] - Length of data.y: 375
[2024-04-24 17:30:40,887][root][INFO] - x: [ 0.07134035 -0.24341503 -0.84257223  0.68560493  0.83813456]
[2024-04-24 17:30:40,888][root][INFO] - y: [-0.0243415   0.43806656  0.54558751 -0.43218452]
[2024-04-24 17:30:40,888][root][INFO] - Reward: -0.37660135203097556
[2024-04-24 17:30:40,888][root][INFO] - Explore episode complete with return -23.17992277627163, resetting
[2024-04-24 17:30:40,888][root][INFO] - Exploration Episode Rewards: [-0.999990071597802, -0.9999901507725214, -0.9999902358353726, -0.99999100859026, -0.9999925750054995, -0.9999950268028236, -0.999997690195998, -0.9999987540798551, -0.9999978789175864, -0.9999751959467497, -0.9988642708757938, -0.9789009249260473, -0.9239188247835242, -0.9318111264044731, -0.9864996505727669, -0.999822521391002, -0.9999969163970095, -0.9999922472656396, -0.978853759787651, -0.01592009098379199, -0.988831300572119, -0.9999999246217888, -0.9999999921330516, -0.9999912857815261, -0.37660135203097556]
[2024-04-24 17:30:40,893][root][INFO] - --------------- Start iteration i=75 ---------------
[2024-04-24 17:30:40,894][root][INFO] - Length of data.x: 376
[2024-04-24 17:30:40,894][root][INFO] - Length of data.y: 376
[2024-04-24 17:30:41,448][root][INFO] - x: [-4.66131206e-04 -2.30374861e-03  9.95351523e-01 -2.64001589e-04
 -3.17212578e-01]
[2024-04-24 17:30:41,449][root][INFO] - y: [-0.00023037 -0.02619727 -0.00021009  0.02762874]
[2024-04-24 17:30:41,449][root][INFO] - Reward: -0.999990057541019
[2024-04-24 17:30:41,452][root][INFO] - --------------- Start iteration i=76 ---------------
[2024-04-24 17:30:41,453][root][INFO] - Length of data.x: 377
[2024-04-24 17:30:41,453][root][INFO] - Length of data.y: 377
[2024-04-24 17:30:41,931][root][INFO] - x: [-6.96506067e-04 -2.85010149e-02  9.95141437e-01  2.73647426e-02
  1.95287573e-01]
[2024-04-24 17:30:41,932][root][INFO] - y: [-0.0028501   0.01516041  0.02177619 -0.01365957]
[2024-04-24 17:30:41,932][root][INFO] - Reward: -0.9999902672745826
[2024-04-24 17:30:41,935][root][INFO] - --------------- Start iteration i=77 ---------------
[2024-04-24 17:30:41,935][root][INFO] - Length of data.x: 378
[2024-04-24 17:30:41,935][root][INFO] - Length of data.y: 378
[2024-04-24 17:30:42,345][root][INFO] - x: [-0.00354661 -0.0133406  -0.98308237  0.01370517 -0.48151333]
[2024-04-24 17:30:42,346][root][INFO] - y: [-0.00133406 -0.03510745  0.01090624  0.02984092]
[2024-04-24 17:30:42,346][root][INFO] - Reward: -0.99999044044375
[2024-04-24 17:30:42,349][root][INFO] - --------------- Start iteration i=78 ---------------
[2024-04-24 17:30:42,349][root][INFO] - Length of data.x: 379
[2024-04-24 17:30:42,349][root][INFO] - Length of data.y: 379
[2024-04-24 17:30:42,760][root][INFO] - x: [-0.00488067 -0.04844805 -0.97217614  0.04354609 -0.49035882]
[2024-04-24 17:30:42,760][root][INFO] - y: [-0.0048448  -0.0329304   0.03465291  0.02423157]
[2024-04-24 17:30:42,761][root][INFO] - Reward: -0.9999914292123036
[2024-04-24 17:30:42,764][root][INFO] - --------------- Start iteration i=79 ---------------
[2024-04-24 17:30:42,764][root][INFO] - Length of data.x: 380
[2024-04-24 17:30:42,764][root][INFO] - Length of data.y: 380
[2024-04-24 17:30:43,178][root][INFO] - x: [-0.00972547 -0.08137845 -0.93752323  0.06777767 -0.40014234]
[2024-04-24 17:30:43,178][root][INFO] - y: [-0.00813785 -0.01769176  0.0539358  -0.00179901]
[2024-04-24 17:30:43,178][root][INFO] - Reward: -0.9999939024658158
[2024-04-24 17:30:43,181][root][INFO] - --------------- Start iteration i=80 ---------------
[2024-04-24 17:30:43,182][root][INFO] - Length of data.x: 381
[2024-04-24 17:30:43,182][root][INFO] - Length of data.y: 381
[2024-04-24 17:31:27,074][root][INFO] - Eval Returns: [-24.01432004 -22.87237462 -19.22611373 -20.54724777 -21.74879453]
[2024-04-24 17:31:27,086][root][INFO] - Eval Returns: mean=-21.682 std=1.684
[2024-04-24 17:31:27,086][root][INFO] - Eval ndata: 381.000
[2024-04-24 17:31:27,086][root][INFO] - Model MSE (current real MPC): 0.450
[2024-04-24 17:31:29,160][root][INFO] - Model MSE (random test set): 0.367
[2024-04-24 17:31:29,160][root][INFO] - Model MSE (GT MPC): 0.053
[2024-04-24 17:31:29,160][root][INFO] - Model Likelihood (random test set): -3.722
[2024-04-24 17:31:29,160][root][INFO] - Model Likelihood (GT MPC): -3.681
[2024-04-24 17:31:29,160][root][INFO] - *[TIME] [Evaluate the current MPC policy] Elapsed: 45.56 seconds
[2024-04-24 17:31:32,285][root][INFO] - x: [-0.01786332 -0.09907021 -0.88358743  0.06597866  0.12701783]
[2024-04-24 17:31:32,285][root][INFO] - y: [-0.00990702  0.03135349  0.05250419 -0.06439868]
[2024-04-24 17:31:32,285][root][INFO] - Reward: -0.9999969306322156
[2024-04-24 17:31:33,995][root][INFO] - --------------- Start iteration i=81 ---------------
[2024-04-24 17:31:33,995][root][INFO] - Length of data.x: 382
[2024-04-24 17:31:33,995][root][INFO] - Length of data.y: 382
[2024-04-24 17:31:34,683][root][INFO] - x: [-0.02777034 -0.06771673 -0.83108324  0.00157998 -0.16056603]
[2024-04-24 17:31:34,684][root][INFO] - y: [-0.00677167  0.0120994   0.00125731 -0.06013546]
[2024-04-24 17:31:34,684][root][INFO] - Reward: -0.9999984235720317
[2024-04-24 17:31:34,691][root][INFO] - --------------- Start iteration i=82 ---------------
[2024-04-24 17:31:34,691][root][INFO] - Length of data.x: 383
[2024-04-24 17:31:34,691][root][INFO] - Length of data.y: 383
[2024-04-24 17:31:35,388][root][INFO] - x: [-0.03454201 -0.05561733 -0.82982593 -0.05855548  0.63582111]
[2024-04-24 17:31:35,388][root][INFO] - y: [-0.00556173  0.069398   -0.04659701 -0.10974863]
[2024-04-24 17:31:35,389][root][INFO] - Reward: -0.9999990196916194
[2024-04-24 17:31:35,393][root][INFO] - --------------- Start iteration i=83 ---------------
[2024-04-24 17:31:35,393][root][INFO] - Length of data.x: 384
[2024-04-24 17:31:35,393][root][INFO] - Length of data.y: 384
[2024-04-24 17:31:36,019][root][INFO] - x: [-0.04010375  0.01378067 -0.87642294 -0.16830411  1.        ]
[2024-04-24 17:31:36,020][root][INFO] - y: [ 0.00137807  0.10728397 -0.13393227 -0.13647369]
[2024-04-24 17:31:36,020][root][INFO] - Reward: -0.9999966136703152
[2024-04-24 17:31:36,026][root][INFO] - --------------- Start iteration i=84 ---------------
[2024-04-24 17:31:36,027][root][INFO] - Length of data.x: 385
[2024-04-24 17:31:36,027][root][INFO] - Length of data.y: 385
[2024-04-24 17:31:36,760][root][INFO] - x: [-0.03872568  0.12106464  0.9896448  -0.3047778   0.63459779]
[2024-04-24 17:31:36,761][root][INFO] - y: [ 0.01210646  0.04235598 -0.24253466 -0.03913926]
[2024-04-24 17:31:36,761][root][INFO] - Reward: -0.9998043812068186
[2024-04-24 17:31:36,767][root][INFO] - --------------- Start iteration i=85 ---------------
[2024-04-24 17:31:36,767][root][INFO] - Length of data.x: 386
[2024-04-24 17:31:36,767][root][INFO] - Length of data.y: 386
[2024-04-24 17:31:37,431][root][INFO] - x: [-0.02661921  0.16342062  0.74711014 -0.34391705  0.12538196]
[2024-04-24 17:31:37,431][root][INFO] - y: [ 0.01634206 -0.1138514  -0.27368072  0.1498363 ]
[2024-04-24 17:31:37,432][root][INFO] - Reward: -0.9874879863478677
[2024-04-24 17:31:37,435][root][INFO] - --------------- Start iteration i=86 ---------------
[2024-04-24 17:31:37,435][root][INFO] - Length of data.x: 387
[2024-04-24 17:31:37,435][root][INFO] - Length of data.y: 387
[2024-04-24 17:31:37,957][root][INFO] - x: [-0.01027715  0.04956922  0.47342942 -0.19408075  0.34159153]
[2024-04-24 17:31:37,958][root][INFO] - y: [ 0.00495692 -0.01558721 -0.15444468  0.09655843]
[2024-04-24 17:31:37,958][root][INFO] - Reward: -0.8946453525568043
[2024-04-24 17:31:37,962][root][INFO] - --------------- Start iteration i=87 ---------------
[2024-04-24 17:31:37,962][root][INFO] - Length of data.x: 388
[2024-04-24 17:31:37,962][root][INFO] - Length of data.y: 388
[2024-04-24 17:31:38,460][root][INFO] - x: [-0.00532023  0.03398201  0.31898474 -0.09752232 -0.23361371]
[2024-04-24 17:31:38,461][root][INFO] - y: [ 0.0033982  -0.00316814 -0.07760586  0.08103861]
[2024-04-24 17:31:38,461][root][INFO] - Reward: -0.7664415876662779
[2024-04-24 17:31:38,465][root][INFO] - --------------- Start iteration i=88 ---------------
[2024-04-24 17:31:38,465][root][INFO] - Length of data.x: 389
[2024-04-24 17:31:38,465][root][INFO] - Length of data.y: 389
[2024-04-24 17:31:38,951][root][INFO] - x: [-0.00192203  0.03081387  0.24137888 -0.01648371 -0.77360025]
[2024-04-24 17:31:38,952][root][INFO] - y: [ 0.00308139 -0.02589628 -0.01311733  0.04873133]
[2024-04-24 17:31:38,952][root][INFO] - Reward: -0.7752664968615608
[2024-04-24 17:31:38,956][root][INFO] - --------------- Start iteration i=89 ---------------
[2024-04-24 17:31:38,956][root][INFO] - Length of data.x: 390
[2024-04-24 17:31:38,956][root][INFO] - Length of data.y: 390
[2024-04-24 17:31:39,852][root][INFO] - x: [0.00115936 0.00491759 0.22826155 0.03224762 0.46733742]
[2024-04-24 17:31:39,852][root][INFO] - y: [0.00049176 0.08168661 0.02566186 0.1261057 ]
[2024-04-24 17:31:39,853][root][INFO] - Reward: -0.8432664101661916
[2024-04-24 17:31:39,857][root][INFO] - --------------- Start iteration i=90 ---------------
[2024-04-24 17:31:39,857][root][INFO] - Length of data.x: 391
[2024-04-24 17:31:39,857][root][INFO] - Length of data.y: 391
[2024-04-24 17:32:28,881][root][INFO] - Eval Returns: [-19.6189392  -20.0758232  -23.66588036 -19.28059116 -19.34546145]
[2024-04-24 17:32:28,894][root][INFO] - Eval Returns: mean=-20.397 std=1.658
[2024-04-24 17:32:28,894][root][INFO] - Eval ndata: 391.000
[2024-04-24 17:32:28,894][root][INFO] - Model MSE (current real MPC): 0.490
[2024-04-24 17:32:31,108][root][INFO] - Model MSE (random test set): 0.367
[2024-04-24 17:32:31,109][root][INFO] - Model MSE (GT MPC): 0.053
[2024-04-24 17:32:31,109][root][INFO] - Model Likelihood (random test set): -3.722
[2024-04-24 17:32:31,109][root][INFO] - Model Likelihood (GT MPC): -3.681
[2024-04-24 17:32:31,109][root][INFO] - *[TIME] [Evaluate the current MPC policy] Elapsed: 50.75 seconds
[2024-04-24 17:32:34,430][root][INFO] - x: [ 0.00165112  0.0866042   0.25392341  0.15835332 -0.0164981 ]
[2024-04-24 17:32:34,431][root][INFO] - y: [ 0.00866042 -0.001145    0.12601367  0.06948882]
[2024-04-24 17:32:34,431][root][INFO] - Reward: -0.9903801007715551
[2024-04-24 17:32:36,012][root][INFO] - --------------- Start iteration i=91 ---------------
[2024-04-24 17:32:36,012][root][INFO] - Length of data.x: 392
[2024-04-24 17:32:36,012][root][INFO] - Length of data.y: 392
[2024-04-24 17:32:36,640][root][INFO] - x: [0.01031154 0.0854592  0.37993708 0.22784214 0.15918024]
[2024-04-24 17:32:36,641][root][INFO] - y: [ 0.00854592 -0.01851525  0.18131116  0.08447753]
[2024-04-24 17:32:36,642][root][INFO] - Reward: -0.9998666958671079
[2024-04-24 17:32:36,647][root][INFO] - --------------- Start iteration i=92 ---------------
[2024-04-24 17:32:36,647][root][INFO] - Length of data.x: 393
[2024-04-24 17:32:36,648][root][INFO] - Length of data.y: 393
[2024-04-24 17:32:37,256][root][INFO] - x: [0.01885746 0.06694396 0.56124824 0.31231967 0.38517565]
[2024-04-24 17:32:37,257][root][INFO] - y: [ 0.0066944  -0.05964133  0.2485363   0.10779297]
[2024-04-24 17:32:37,257][root][INFO] - Reward: -0.9999959801174628
[2024-04-24 17:32:37,263][root][INFO] - --------------- Start iteration i=93 ---------------
[2024-04-24 17:32:37,264][root][INFO] - Length of data.x: 394
[2024-04-24 17:32:37,264][root][INFO] - Length of data.y: 394
[2024-04-24 17:32:37,904][root][INFO] - x: [ 0.02555185  0.00730263  0.80978454  0.42011265 -0.49729956]
[2024-04-24 17:32:37,904][root][INFO] - y: [ 0.00073026 -0.21517559  0.33431529  0.23313712]
[2024-04-24 17:32:37,905][root][INFO] - Reward: -0.9999692242208115
[2024-04-24 17:32:37,911][root][INFO] - --------------- Start iteration i=94 ---------------
[2024-04-24 17:32:37,911][root][INFO] - Length of data.x: 395
[2024-04-24 17:32:37,911][root][INFO] - Length of data.y: 395
[2024-04-24 17:32:38,591][root][INFO] - x: [ 0.02628212 -0.20787296 -0.85590017  0.65324976  0.72428905]
[2024-04-24 17:32:38,592][root][INFO] - y: [-0.0207873   0.37887691  0.51984006 -0.38366422]
[2024-04-24 17:32:38,592][root][INFO] - Reward: -0.9169169037285199
[2024-04-24 17:32:38,599][root][INFO] - --------------- Start iteration i=95 ---------------
[2024-04-24 17:32:38,599][root][INFO] - Length of data.x: 396
[2024-04-24 17:32:38,599][root][INFO] - Length of data.y: 396
[2024-04-24 17:32:39,268][root][INFO] - x: [ 0.00549482  0.17100395 -0.33606011  0.26958554 -0.24249227]
[2024-04-24 17:32:39,269][root][INFO] - y: [ 0.01710039  0.01930718  0.21452953 -0.07595112]
[2024-04-24 17:32:39,269][root][INFO] - Reward: -0.014866065245578097
[2024-04-24 17:32:39,275][root][INFO] - --------------- Start iteration i=96 ---------------
[2024-04-24 17:32:39,276][root][INFO] - Length of data.x: 397
[2024-04-24 17:32:39,276][root][INFO] - Length of data.y: 397
[2024-04-24 17:32:39,973][root][INFO] - x: [ 0.02259521  0.19031113 -0.12153058  0.19363442  0.96769666]
[2024-04-24 17:32:39,974][root][INFO] - y: [0.01903111 0.14065355 0.1540895  0.09393748]
[2024-04-24 17:32:39,974][root][INFO] - Reward: -0.8386768243208487
[2024-04-24 17:32:39,981][root][INFO] - --------------- Start iteration i=97 ---------------
[2024-04-24 17:32:39,982][root][INFO] - Length of data.x: 398
[2024-04-24 17:32:39,982][root][INFO] - Length of data.y: 398
[2024-04-24 17:32:40,723][root][INFO] - x: [0.04162633 0.33096468 0.03255893 0.2875719  0.72063883]
[2024-04-24 17:32:40,724][root][INFO] - y: [0.03309647 0.10268302 0.22884263 0.11217338]
[2024-04-24 17:32:40,724][root][INFO] - Reward: -0.9999903935118075
[2024-04-24 17:32:40,732][root][INFO] - --------------- Start iteration i=98 ---------------
[2024-04-24 17:32:40,732][root][INFO] - Length of data.x: 399
[2024-04-24 17:32:40,732][root][INFO] - Length of data.y: 399
[2024-04-24 17:32:41,489][root][INFO] - x: [0.0747228  0.4336477  0.26140156 0.39974528 0.12642092]
[2024-04-24 17:32:41,490][root][INFO] - y: [ 0.04336477 -0.10047652  0.31810744  0.00342218]
[2024-04-24 17:32:41,491][root][INFO] - Reward: -0.999999999999816
[2024-04-24 17:32:41,497][root][INFO] - --------------- Start iteration i=99 ---------------
[2024-04-24 17:32:41,497][root][INFO] - Length of data.x: 400
[2024-04-24 17:32:41,497][root][INFO] - Length of data.y: 400
[2024-04-24 17:32:42,266][root][INFO] - x: [ 0.11808757  0.33317118  0.579509    0.40316746 -1.        ]
[2024-04-24 17:32:42,266][root][INFO] - y: [ 0.03331712 -0.26590097  0.32083073  0.16088161]
[2024-04-24 17:32:42,266][root][INFO] - Reward: -0.9999999999999983
[2024-04-24 17:32:42,266][root][INFO] - Explore episode complete with return -23.027521487092677, resetting
[2024-04-24 17:32:42,266][root][INFO] - Exploration Episode Rewards: [-0.999990057541019, -0.9999902672745826, -0.99999044044375, -0.9999914292123036, -0.9999939024658158, -0.9999969306322156, -0.9999984235720317, -0.9999990196916194, -0.9999966136703152, -0.9998043812068186, -0.9874879863478677, -0.8946453525568043, -0.7664415876662779, -0.7752664968615608, -0.8432664101661916, -0.9903801007715551, -0.9998666958671079, -0.9999959801174628, -0.9999692242208115, -0.9169169037285199, -0.014866065245578097, -0.8386768243208487, -0.9999903935118075, -0.999999999999816, -0.9999999999999983]
[2024-04-24 17:32:42,274][root][INFO] - --------------- Start iteration i=100 ---------------
[2024-04-24 17:32:42,275][root][INFO] - Length of data.x: 401
[2024-04-24 17:32:42,275][root][INFO] - Length of data.y: 401
[2024-04-24 17:33:31,173][root][INFO] - Eval Returns: [-21.03847076 -18.92394673 -20.16351304 -20.61856628 -22.56241485]
[2024-04-24 17:33:31,184][root][INFO] - Eval Returns: mean=-20.661 std=1.185
[2024-04-24 17:33:31,184][root][INFO] - Eval ndata: 401.000
[2024-04-24 17:33:31,184][root][INFO] - Model MSE (current real MPC): 0.442
[2024-04-24 17:33:33,047][root][INFO] - Model MSE (random test set): 0.367
[2024-04-24 17:33:33,048][root][INFO] - Model MSE (GT MPC): 0.052
[2024-04-24 17:33:33,048][root][INFO] - Model Likelihood (random test set): -3.722
[2024-04-24 17:33:33,048][root][INFO] - Model Likelihood (GT MPC): -3.681
[2024-04-24 17:33:33,048][root][INFO] - *[TIME] [Evaluate the current MPC policy] Elapsed: 50.01 seconds
[2024-04-24 17:33:36,764][root][INFO] - x: [-1.17340889e-03 -1.53276406e-03 -9.86985419e-01  1.50827029e-05
 -2.53215729e-01]
[2024-04-24 17:33:36,764][root][INFO] - y: [-1.53276406e-04 -1.78083833e-02  1.20024433e-05  1.37793160e-02]
[2024-04-24 17:33:36,765][root][INFO] - Reward: -0.9999900883111358
[2024-04-24 17:33:38,677][root][INFO] - --------------- Start iteration i=101 ---------------
[2024-04-24 17:33:38,677][root][INFO] - Length of data.x: 402
[2024-04-24 17:33:38,677][root][INFO] - Length of data.y: 402
