[2024-04-23 22:41:40,863][root][INFO] - Dumper dumping to /tirl/experiments/mpc_cartpole_2024-04-23/22-41-36/seed_1
[2024-04-23 22:41:40,868][root][INFO] - Start obs: None
[2024-04-23 22:41:56,453][root][INFO] - GT Returns: [-12.79773127 -10.88519019 -11.06114425 -14.27765222 -10.49320595]
[2024-04-23 22:41:56,453][root][INFO] - GT Returns: mean=-11.903 std=1.426
[2024-04-23 22:41:56,453][root][INFO] - Path Lengths: [36345, 36345, 36345, 36345, 36345]
[2024-04-23 22:41:56,453][root][INFO] - Path Lengths: mean=36345.000 std=0.000
[2024-04-23 22:41:56,509][root][INFO] - all_x.shape = (181725, 5)
[2024-04-23 22:41:56,514][root][INFO] - all_x.min(axis=0) = [-0.94233291 -1.49227852 -0.99999952 -0.85387842 -1.        ]
[2024-04-23 22:41:56,519][root][INFO] - all_x.max(axis=0) = [0.99703042 1.36509476 0.99988944 0.86306397 1.        ]
[2024-04-23 22:41:56,522][root][INFO] - all_x.mean(axis=0) = [ 0.00792777 -0.00661444  0.00269215  0.00690085 -0.01436005]
[2024-04-23 22:41:56,530][root][INFO] - all_x.var(axis=0) = [0.01203848 0.0532996  0.25046741 0.09055206 0.22022065]
[2024-04-23 22:41:56,570][root][INFO] - --------------- Start iteration i=0 ---------------
[2024-04-23 22:41:56,570][root][INFO] - Length of data.x: 1
[2024-04-23 22:41:56,570][root][INFO] - Length of data.y: 1
[2024-04-23 22:42:01,908][root][INFO] - Eval Returns: [-24.99997866 -24.99997011 -24.99998038 -24.99998086 -24.99997916]
[2024-04-23 22:42:01,913][root][INFO] - Eval Returns: mean=-25.000 std=0.000
[2024-04-23 22:42:01,913][root][INFO] - Eval ndata: 1.000
[2024-04-23 22:42:01,913][root][INFO] - Model MSE (current real MPC): 0.605
[2024-04-23 22:42:03,024][root][INFO] - Model MSE (random test set): 0.498
[2024-04-23 22:42:03,025][root][INFO] - Model MSE (GT MPC): 0.197
[2024-04-23 22:42:03,025][root][INFO] - Model Likelihood (random test set): -4.165
[2024-04-23 22:42:03,025][root][INFO] - Model Likelihood (GT MPC): -4.016
[2024-04-23 22:42:03,025][root][INFO] - *[TIME] [Evaluate the current MPC policy] Elapsed: 6.33 seconds
[2024-04-23 22:42:05,850][root][INFO] - x: [ 5.95763533e-04  1.40345629e-04 -9.87304533e-01 -2.19658217e-04
 -7.10694104e-01]
[2024-04-23 22:42:05,850][root][INFO] - y: [ 1.40345629e-05 -1.11259532e-01 -1.74798596e-04  1.07255225e-01]
[2024-04-23 22:42:05,850][root][INFO] - Reward: -0.9999900061357717
[2024-04-23 22:42:08,791][root][INFO] - --------------- Start iteration i=1 ---------------
[2024-04-23 22:42:08,791][root][INFO] - Length of data.x: 2
[2024-04-23 22:42:08,791][root][INFO] - Length of data.y: 2
[2024-04-23 22:42:08,903][root][INFO] - x: [ 6.09798096e-04 -1.11119186e-01 -9.87479331e-01  1.07035567e-01
  1.00000000e+00]
[2024-04-23 22:42:08,904][root][INFO] - y: [-0.01111192  0.16461635  0.08517627 -0.16835093]
[2024-04-23 22:42:08,904][root][INFO] - Reward: -0.9999912254982477
[2024-04-23 22:42:08,904][root][INFO] - --------------- Start iteration i=2 ---------------
[2024-04-23 22:42:08,904][root][INFO] - Length of data.x: 3
[2024-04-23 22:42:08,904][root][INFO] - Length of data.y: 3
[2024-04-23 22:42:09,008][root][INFO] - x: [-0.01050212  0.05349716 -0.90230306 -0.06131536  0.67309995]
[2024-04-23 22:42:09,008][root][INFO] - y: [ 0.00534972  0.11899608 -0.04879325 -0.14310416]
[2024-04-23 22:42:09,008][root][INFO] - Reward: -0.9999903551418128
[2024-04-23 22:42:09,009][root][INFO] - --------------- Start iteration i=3 ---------------
[2024-04-23 22:42:09,009][root][INFO] - Length of data.x: 4
[2024-04-23 22:42:09,009][root][INFO] - Length of data.y: 4
[2024-04-23 22:42:09,114][root][INFO] - x: [-0.0051524   0.17249324 -0.95109632 -0.20441953 -0.73157712]
[2024-04-23 22:42:09,114][root][INFO] - y: [ 0.01724932 -0.09990549 -0.16267202  0.08370074]
[2024-04-23 22:42:09,115][root][INFO] - Reward: -0.9999915331074116
[2024-04-23 22:42:09,115][root][INFO] - --------------- Start iteration i=4 ---------------
[2024-04-23 22:42:09,115][root][INFO] - Length of data.x: 5
[2024-04-23 22:42:09,115][root][INFO] - Length of data.y: 5
[2024-04-23 22:42:09,221][root][INFO] - x: [ 0.01209692  0.07258774  0.88623166 -0.12071878  0.92881052]
[2024-04-23 22:42:09,221][root][INFO] - y: [ 0.00725877  0.11224659 -0.09606503 -0.07079731]
[2024-04-23 22:42:09,221][root][INFO] - Reward: -0.999992118189264
[2024-04-23 22:42:09,221][root][INFO] - --------------- Start iteration i=5 ---------------
[2024-04-23 22:42:09,221][root][INFO] - Length of data.x: 6
[2024-04-23 22:42:09,221][root][INFO] - Length of data.y: 6
[2024-04-23 22:42:09,328][root][INFO] - x: [ 0.01935569  0.18483433  0.79016663 -0.1915161  -1.        ]
[2024-04-23 22:42:09,328][root][INFO] - y: [ 0.01848343 -0.18380867 -0.15240379  0.20544307]
[2024-04-23 22:42:09,328][root][INFO] - Reward: -0.999996690973053
[2024-04-23 22:42:09,328][root][INFO] - --------------- Start iteration i=6 ---------------
[2024-04-23 22:42:09,328][root][INFO] - Length of data.x: 7
[2024-04-23 22:42:09,328][root][INFO] - Length of data.y: 7
[2024-04-23 22:42:09,433][root][INFO] - x: [0.03783913 0.00102566 0.63776284 0.01392698 0.99948601]
[2024-04-23 22:42:09,433][root][INFO] - y: [0.00010257 0.09180864 0.01108274 0.05064047]
[2024-04-23 22:42:09,433][root][INFO] - Reward: -0.9999971247969016
[2024-04-23 22:42:09,433][root][INFO] - --------------- Start iteration i=7 ---------------
[2024-04-23 22:42:09,434][root][INFO] - Length of data.x: 8
[2024-04-23 22:42:09,434][root][INFO] - Length of data.y: 8
[2024-04-23 22:42:09,539][root][INFO] - x: [ 0.03794169  0.0928343   0.64884558  0.06456745 -1.        ]
[2024-04-23 22:42:09,540][root][INFO] - y: [ 0.00928343 -0.12906828  0.05138118  0.14583615]
[2024-04-23 22:42:09,540][root][INFO] - Reward: -0.9999995431898001
[2024-04-23 22:42:09,540][root][INFO] - --------------- Start iteration i=8 ---------------
[2024-04-23 22:42:09,540][root][INFO] - Length of data.x: 9
[2024-04-23 22:42:09,540][root][INFO] - Length of data.y: 9
[2024-04-23 22:42:09,650][root][INFO] - x: [ 0.04722512 -0.03623398  0.70022676  0.21040359 -0.31390703]
[2024-04-23 22:42:09,650][root][INFO] - y: [-0.0036234  -0.09435545  0.167434    0.1349194 ]
[2024-04-23 22:42:09,651][root][INFO] - Reward: -0.9999993463921298
[2024-04-23 22:42:09,651][root][INFO] - --------------- Start iteration i=9 ---------------
[2024-04-23 22:42:09,652][root][INFO] - Length of data.x: 10
[2024-04-23 22:42:09,652][root][INFO] - Length of data.y: 10
[2024-04-23 22:42:09,764][root][INFO] - x: [ 0.04360172 -0.13058943  0.86766076  0.345323   -0.3126124 ]
[2024-04-23 22:42:09,764][root][INFO] - y: [-0.01305894 -0.12928778  0.27479953  0.15793518]
[2024-04-23 22:42:09,764][root][INFO] - Reward: -0.999970469044434
[2024-04-23 22:42:09,765][root][INFO] - --------------- Start iteration i=10 ---------------
[2024-04-23 22:42:09,765][root][INFO] - Length of data.x: 11
[2024-04-23 22:42:09,765][root][INFO] - Length of data.y: 11
[2024-04-23 22:42:15,677][root][INFO] - Eval Returns: [-21.3291983  -20.94857709 -24.80148169 -24.99997798 -24.72776369]
[2024-04-23 22:42:15,682][root][INFO] - Eval Returns: mean=-23.361 std=1.821
[2024-04-23 22:42:15,682][root][INFO] - Eval ndata: 11.000
[2024-04-23 22:42:15,682][root][INFO] - Model MSE (current real MPC): 0.575
[2024-04-23 22:42:16,797][root][INFO] - Model MSE (random test set): 0.236
[2024-04-23 22:42:16,797][root][INFO] - Model MSE (GT MPC): 0.120
[2024-04-23 22:42:16,797][root][INFO] - Model Likelihood (random test set): -3.805
[2024-04-23 22:42:16,797][root][INFO] - Model Likelihood (GT MPC): -3.748
[2024-04-23 22:42:16,797][root][INFO] - *[TIME] [Evaluate the current MPC policy] Elapsed: 6.92 seconds
[2024-04-23 22:42:21,233][root][INFO] - x: [ 0.03054278 -0.25987721 -0.85753971  0.50325818 -0.36474442]
[2024-04-23 22:42:21,233][root][INFO] - y: [-0.02598772  0.11973859  0.40048046 -0.15044255]
[2024-04-23 22:42:21,233][root][INFO] - Reward: -0.9896274952377048
[2024-04-23 22:42:24,741][root][INFO] - --------------- Start iteration i=11 ---------------
[2024-04-23 22:42:24,741][root][INFO] - Length of data.x: 12
[2024-04-23 22:42:24,742][root][INFO] - Length of data.y: 12
[2024-04-23 22:42:24,861][root][INFO] - x: [ 0.00455506 -0.14013863 -0.45705925  0.35281563 -0.23273692]
[2024-04-23 22:42:24,861][root][INFO] - y: [-0.01401386  0.08946545  0.28076198 -0.08527516]
[2024-04-23 22:42:24,862][root][INFO] - Reward: -0.7559241243730479
[2024-04-23 22:42:24,862][root][INFO] - --------------- Start iteration i=12 ---------------
[2024-04-23 22:42:24,862][root][INFO] - Length of data.x: 13
[2024-04-23 22:42:24,862][root][INFO] - Length of data.y: 13
[2024-04-23 22:42:24,971][root][INFO] - x: [-0.0094588  -0.05067318 -0.17629727  0.26754047 -1.        ]
[2024-04-23 22:42:24,971][root][INFO] - y: [-0.00506732 -0.11070014  0.21290211 -0.14580103]
[2024-04-23 22:42:24,971][root][INFO] - Reward: -0.04575930909260084
[2024-04-23 22:42:24,972][root][INFO] - --------------- Start iteration i=13 ---------------
[2024-04-23 22:42:24,972][root][INFO] - Length of data.x: 14
[2024-04-23 22:42:24,972][root][INFO] - Length of data.y: 14
[2024-04-23 22:42:25,081][root][INFO] - x: [-0.01452612 -0.16137332  0.03660484  0.12173944  1.        ]
[2024-04-23 22:42:25,081][root][INFO] - y: [-0.01613733  0.16544026  0.09687724  0.17561542]
[2024-04-23 22:42:25,081][root][INFO] - Reward: -0.05134282950143598
[2024-04-23 22:42:25,082][root][INFO] - --------------- Start iteration i=14 ---------------
[2024-04-23 22:42:25,082][root][INFO] - Length of data.x: 15
[2024-04-23 22:42:25,082][root][INFO] - Length of data.y: 15
[2024-04-23 22:42:25,187][root][INFO] - x: [-0.03066345  0.00406694  0.13348209  0.29735485 -1.        ]
[2024-04-23 22:42:25,187][root][INFO] - y: [ 0.00040669 -0.17477128  0.23662766 -0.11964487]
[2024-04-23 22:42:25,187][root][INFO] - Reward: -0.7857199971532327
[2024-04-23 22:42:25,188][root][INFO] - --------------- Start iteration i=15 ---------------
[2024-04-23 22:42:25,188][root][INFO] - Length of data.x: 16
[2024-04-23 22:42:25,188][root][INFO] - Length of data.y: 16
[2024-04-23 22:42:25,293][root][INFO] - x: [-0.03025676 -0.17070434  0.37010975  0.17770999 -0.92457664]
[2024-04-23 22:42:25,293][root][INFO] - y: [-0.01707043 -0.1110724   0.14141723  0.04605979]
[2024-04-23 22:42:25,293][root][INFO] - Reward: -0.9600446532030716
[2024-04-23 22:42:25,293][root][INFO] - --------------- Start iteration i=16 ---------------
[2024-04-23 22:42:25,293][root][INFO] - Length of data.x: 17
[2024-04-23 22:42:25,293][root][INFO] - Length of data.y: 17
[2024-04-23 22:42:25,436][root][INFO] - x: [-0.04732719 -0.28177674  0.51152698  0.22376978  0.70902598]
[2024-04-23 22:42:25,436][root][INFO] - y: [-0.02817767  0.02548798  0.17807048  0.09721286]
[2024-04-23 22:42:25,436][root][INFO] - Reward: -0.9994750099857679
[2024-04-23 22:42:25,437][root][INFO] - --------------- Start iteration i=17 ---------------
[2024-04-23 22:42:25,437][root][INFO] - Length of data.x: 18
[2024-04-23 22:42:25,437][root][INFO] - Length of data.y: 18
[2024-04-23 22:42:25,547][root][INFO] - x: [-0.07550487 -0.25628876  0.68959745  0.32098264  0.85982994]
[2024-04-23 22:42:25,547][root][INFO] - y: [-0.02562888 -0.00965255  0.25543007  0.08670457]
[2024-04-23 22:42:25,548][root][INFO] - Reward: -0.9999999839621168
[2024-04-23 22:42:25,548][root][INFO] - --------------- Start iteration i=18 ---------------
[2024-04-23 22:42:25,548][root][INFO] - Length of data.x: 19
[2024-04-23 22:42:25,548][root][INFO] - Length of data.y: 19
[2024-04-23 22:42:25,658][root][INFO] - x: [-0.10113374 -0.26594131  0.94502752  0.40768721  0.88682835]
[2024-04-23 22:42:25,658][root][INFO] - y: [-0.02659413  0.09170459  0.32442744 -0.07346507]
[2024-04-23 22:42:25,658][root][INFO] - Reward: -0.9999999999999847
[2024-04-23 22:42:25,658][root][INFO] - --------------- Start iteration i=19 ---------------
[2024-04-23 22:42:25,658][root][INFO] - Length of data.x: 20
[2024-04-23 22:42:25,659][root][INFO] - Length of data.y: 20
[2024-04-23 22:42:25,769][root][INFO] - x: [-0.12772787 -0.17423672 -0.73054504  0.33422214  0.41980928]
[2024-04-23 22:42:25,769][root][INFO] - y: [-0.01742367  0.16811082  0.26596574 -0.18493893]
[2024-04-23 22:42:25,769][root][INFO] - Reward: -0.9999999999999998
[2024-04-23 22:42:25,770][root][INFO] - --------------- Start iteration i=20 ---------------
[2024-04-23 22:42:25,770][root][INFO] - Length of data.x: 21
[2024-04-23 22:42:25,770][root][INFO] - Length of data.y: 21
[2024-04-23 22:42:32,169][root][INFO] - Eval Returns: [-24.99998303 -24.9999821  -24.99998275 -21.87285088 -24.99998038]
[2024-04-23 22:42:32,173][root][INFO] - Eval Returns: mean=-24.375 std=1.251
[2024-04-23 22:42:32,173][root][INFO] - Eval ndata: 21.000
[2024-04-23 22:42:32,173][root][INFO] - Model MSE (current real MPC): 0.638
[2024-04-23 22:42:33,176][root][INFO] - Model MSE (random test set): 0.213
[2024-04-23 22:42:33,176][root][INFO] - Model MSE (GT MPC): 0.076
[2024-04-23 22:42:33,176][root][INFO] - Model Likelihood (random test set): -3.888
[2024-04-23 22:42:33,176][root][INFO] - Model Likelihood (GT MPC): -3.834
[2024-04-23 22:42:33,176][root][INFO] - *[TIME] [Evaluate the current MPC policy] Elapsed: 7.29 seconds
[2024-04-23 22:42:37,001][root][INFO] - x: [-0.14515155 -0.0061259  -0.46457929  0.14928321 -0.17615751]
[2024-04-23 22:42:37,001][root][INFO] - y: [-0.00061259 -0.00085914  0.1187959  -0.09768803]
[2024-04-23 22:42:37,001][root][INFO] - Reward: -0.999999999999992
[2024-04-23 22:42:39,779][root][INFO] - --------------- Start iteration i=21 ---------------
[2024-04-23 22:42:39,780][root][INFO] - Length of data.x: 22
[2024-04-23 22:42:39,780][root][INFO] - Length of data.y: 22
[2024-04-23 22:42:39,898][root][INFO] - x: [-0.14576414 -0.00698504 -0.34578339  0.05159518  0.79174756]
[2024-04-23 22:42:39,898][root][INFO] - y: [-0.0006985   0.07214433  0.04105817 -0.05329705]
[2024-04-23 22:42:39,899][root][INFO] - Reward: -0.9999999999999689
[2024-04-23 22:42:39,899][root][INFO] - --------------- Start iteration i=22 ---------------
[2024-04-23 22:42:39,899][root][INFO] - Length of data.x: 23
[2024-04-23 22:42:39,899][root][INFO] - Length of data.y: 23
[2024-04-23 22:42:40,012][root][INFO] - x: [-0.14646264  0.06515928 -0.30472522 -0.00170187  0.61649629]
[2024-04-23 22:42:40,012][root][INFO] - y: [ 0.00651593  0.0498631  -0.00135431 -0.0515867 ]
[2024-04-23 22:42:40,012][root][INFO] - Reward: -0.9999999999997811
[2024-04-23 22:42:40,013][root][INFO] - --------------- Start iteration i=23 ---------------
[2024-04-23 22:42:40,013][root][INFO] - Length of data.x: 24
[2024-04-23 22:42:40,013][root][INFO] - Length of data.y: 24
[2024-04-23 22:42:40,125][root][INFO] - x: [-0.13994671  0.11502238 -0.30607953 -0.05328857  1.        ]
[2024-04-23 22:42:40,125][root][INFO] - y: [ 0.01150224  0.09547534 -0.04240573 -0.02589964]
[2024-04-23 22:42:40,125][root][INFO] - Reward: -0.999999999998578
[2024-04-23 22:42:40,126][root][INFO] - --------------- Start iteration i=24 ---------------
[2024-04-23 22:42:40,126][root][INFO] - Length of data.x: 25
[2024-04-23 22:42:40,126][root][INFO] - Length of data.y: 25
[2024-04-23 22:42:40,239][root][INFO] - x: [-0.12844447  0.21049772 -0.34848526 -0.07918822  0.04893237]
[2024-04-23 22:42:40,240][root][INFO] - y: [ 0.02104977 -0.00758176 -0.06301603 -0.09075782]
[2024-04-23 22:42:40,240][root][INFO] - Reward: -0.9999999999254824
[2024-04-23 22:42:40,240][root][INFO] - Explore episode complete with return -22.587811814901595, resetting
[2024-04-23 22:42:40,240][root][INFO] - Exploration Episode Rewards: [-0.9999900061357717, -0.9999912254982477, -0.9999903551418128, -0.9999915331074116, -0.999992118189264, -0.999996690973053, -0.9999971247969016, -0.9999995431898001, -0.9999993463921298, -0.999970469044434, -0.9896274952377048, -0.7559241243730479, -0.04575930909260084, -0.05134282950143598, -0.7857199971532327, -0.9600446532030716, -0.9994750099857679, -0.9999999839621168, -0.9999999999999847, -0.9999999999999998, -0.999999999999992, -0.9999999999999689, -0.9999999999997811, -0.999999999998578, -0.9999999999254824]
[2024-04-23 22:42:40,240][root][INFO] - --------------- Start iteration i=25 ---------------
[2024-04-23 22:42:40,241][root][INFO] - Length of data.x: 26
[2024-04-23 22:42:40,241][root][INFO] - Length of data.y: 26
[2024-04-23 22:42:40,355][root][INFO] - x: [ 1.16658941e-03 -4.85618717e-04 -9.98475583e-01  9.52823883e-04
  8.98441939e-01]
[2024-04-23 22:42:40,355][root][INFO] - y: [-4.85618717e-05  1.44038821e-01  7.58233766e-04 -1.44507703e-01]
[2024-04-23 22:42:40,355][root][INFO] - Reward: -0.9999900713081854
[2024-04-23 22:42:40,356][root][INFO] - --------------- Start iteration i=26 ---------------
[2024-04-23 22:42:40,356][root][INFO] - Length of data.x: 27
[2024-04-23 22:42:40,356][root][INFO] - Length of data.y: 27
[2024-04-23 22:42:40,469][root][INFO] - x: [ 0.00111803  0.1435532  -0.99771735 -0.14355488  0.07814488]
[2024-04-23 22:42:40,469][root][INFO] - y: [ 0.01435532  0.0108504  -0.11423744 -0.01155458]
[2024-04-23 22:42:40,470][root][INFO] - Reward: -0.9999930075250443
[2024-04-23 22:42:40,470][root][INFO] - --------------- Start iteration i=27 ---------------
[2024-04-23 22:42:40,470][root][INFO] - Length of data.x: 28
[2024-04-23 22:42:40,470][root][INFO] - Length of data.y: 28
[2024-04-23 22:42:40,584][root][INFO] - x: [ 0.01547335  0.15440361  0.88804521 -0.15510945 -0.11594536]
[2024-04-23 22:42:40,584][root][INFO] - y: [ 0.01544036 -0.04901974 -0.12343228  0.0798499 ]
[2024-04-23 22:42:40,584][root][INFO] - Reward: -0.9999971836204667
[2024-04-23 22:42:40,585][root][INFO] - --------------- Start iteration i=28 ---------------
[2024-04-23 22:42:40,585][root][INFO] - Length of data.x: 29
[2024-04-23 22:42:40,585][root][INFO] - Length of data.y: 29
[2024-04-23 22:42:40,699][root][INFO] - x: [ 0.03091371  0.10538387  0.76461293 -0.07525955  0.13383845]
[2024-04-23 22:42:40,699][root][INFO] - y: [ 0.01053839 -0.01204993 -0.0598897   0.07508086]
[2024-04-23 22:42:40,699][root][INFO] - Reward: -0.9999989569625147
[2024-04-23 22:42:40,700][root][INFO] - --------------- Start iteration i=29 ---------------
[2024-04-23 22:42:40,700][root][INFO] - Length of data.x: 30
[2024-04-23 22:42:40,700][root][INFO] - Length of data.y: 30
[2024-04-23 22:42:40,817][root][INFO] - x: [ 4.14520950e-02  9.33339368e-02  7.04723234e-01 -1.78695499e-04
 -3.66771043e-01]
[2024-04-23 22:42:40,817][root][INFO] - y: [ 0.00933339 -0.06390167 -0.0001422   0.11690369]
[2024-04-23 22:42:40,817][root][INFO] - Reward: -0.999999744059824
[2024-04-23 22:42:40,818][root][INFO] - --------------- Start iteration i=30 ---------------
[2024-04-23 22:42:40,818][root][INFO] - Length of data.x: 31
[2024-04-23 22:42:40,818][root][INFO] - Length of data.y: 31
[2024-04-23 22:42:47,763][root][INFO] - Eval Returns: [-23.18338586 -20.73562864 -20.5122139  -22.16640546 -21.40455622]
[2024-04-23 22:42:47,768][root][INFO] - Eval Returns: mean=-21.600 std=0.979
[2024-04-23 22:42:47,768][root][INFO] - Eval ndata: 31.000
[2024-04-23 22:42:47,768][root][INFO] - Model MSE (current real MPC): 0.531
[2024-04-23 22:42:48,734][root][INFO] - Model MSE (random test set): 0.159
[2024-04-23 22:42:48,734][root][INFO] - Model MSE (GT MPC): 0.032
[2024-04-23 22:42:48,734][root][INFO] - Model Likelihood (random test set): -3.885
[2024-04-23 22:42:48,734][root][INFO] - Model Likelihood (GT MPC): -3.798
[2024-04-23 22:42:48,734][root][INFO] - *[TIME] [Evaluate the current MPC policy] Elapsed: 7.80 seconds
[2024-04-23 22:42:52,457][root][INFO] - x: [ 0.05078549  0.02943227  0.70458103  0.11672499 -0.324615  ]
[2024-04-23 22:42:52,457][root][INFO] - y: [ 0.00294323 -0.07009046  0.09288687  0.12061649]
[2024-04-23 22:42:52,457][root][INFO] - Reward: -0.9999998579588472
[2024-04-23 22:42:54,840][root][INFO] - --------------- Start iteration i=31 ---------------
[2024-04-23 22:42:54,840][root][INFO] - Length of data.x: 32
[2024-04-23 22:42:54,840][root][INFO] - Length of data.y: 32
[2024-04-23 22:42:54,958][root][INFO] - x: [ 0.05372872 -0.04065819  0.79746791  0.23734149 -0.09292934]
[2024-04-23 22:42:54,958][root][INFO] - y: [-0.00406582 -0.07640052  0.18887051  0.11980086]
[2024-04-23 22:42:54,958][root][INFO] - Reward: -0.9999988689789717
[2024-04-23 22:42:54,959][root][INFO] - --------------- Start iteration i=32 ---------------
[2024-04-23 22:42:54,959][root][INFO] - Length of data.x: 33
[2024-04-23 22:42:54,959][root][INFO] - Length of data.y: 33
[2024-04-23 22:42:55,073][root][INFO] - x: [ 0.0496629  -0.11705871  0.98633841  0.35714235 -0.26196434]
[2024-04-23 22:42:55,073][root][INFO] - y: [-0.01170587 -0.05072067  0.28420508  0.05488756]
[2024-04-23 22:42:55,073][root][INFO] - Reward: -0.9996567078399843
[2024-04-23 22:42:55,074][root][INFO] - --------------- Start iteration i=33 ---------------
[2024-04-23 22:42:55,074][root][INFO] - Length of data.x: 34
[2024-04-23 22:42:55,074][root][INFO] - Length of data.y: 34
[2024-04-23 22:42:55,185][root][INFO] - x: [ 0.03795703 -0.16777937 -0.72945651  0.41202991  0.36699954]
[2024-04-23 22:42:55,185][root][INFO] - y: [-0.01677794  0.21060904  0.32788325 -0.21277982]
[2024-04-23 22:42:55,185][root][INFO] - Reward: -0.9118957660784891
[2024-04-23 22:42:55,186][root][INFO] - --------------- Start iteration i=34 ---------------
[2024-04-23 22:42:55,186][root][INFO] - Length of data.x: 35
[2024-04-23 22:42:55,186][root][INFO] - Length of data.y: 35
[2024-04-23 22:42:55,307][root][INFO] - x: [ 0.02117909  0.04282967 -0.40157326  0.19925009 -0.34562337]
[2024-04-23 22:42:55,308][root][INFO] - y: [ 0.00428297 -0.01057879  0.15855831 -0.09676183]
[2024-04-23 22:42:55,308][root][INFO] - Reward: -0.3476978200240167
[2024-04-23 22:42:55,308][root][INFO] - --------------- Start iteration i=35 ---------------
[2024-04-23 22:42:55,309][root][INFO] - Length of data.x: 36
[2024-04-23 22:42:55,309][root][INFO] - Length of data.y: 36
[2024-04-23 22:42:55,421][root][INFO] - x: [ 0.02546206  0.03225088 -0.24301494  0.10248826 -0.46414924]
[2024-04-23 22:42:55,421][root][INFO] - y: [ 0.00322509 -0.07251706  0.08155763 -0.12028763]
[2024-04-23 22:42:55,421][root][INFO] - Reward: -0.044790146056325475
[2024-04-23 22:42:55,422][root][INFO] - --------------- Start iteration i=36 ---------------
[2024-04-23 22:42:55,422][root][INFO] - Length of data.x: 37
[2024-04-23 22:42:55,422][root][INFO] - Length of data.y: 37
[2024-04-23 22:42:55,534][root][INFO] - x: [ 0.02868714 -0.04026619 -0.16145731 -0.01779937  0.41481732]
[2024-04-23 22:42:55,534][root][INFO] - y: [-0.00402662  0.03699134 -0.0141643  -0.01536782]
[2024-04-23 22:42:55,534][root][INFO] - Reward: -0.09541948012530377
[2024-04-23 22:42:55,535][root][INFO] - --------------- Start iteration i=37 ---------------
[2024-04-23 22:42:55,535][root][INFO] - Length of data.x: 38
[2024-04-23 22:42:55,535][root][INFO] - Length of data.y: 38
[2024-04-23 22:42:55,654][root][INFO] - x: [ 0.02466052 -0.00327485 -0.17562161 -0.03316719  1.        ]
[2024-04-23 22:42:55,654][root][INFO] - y: [-0.00032748  0.11556553 -0.02639363  0.046945  ]
[2024-04-23 22:42:55,654][root][INFO] - Reward: -0.18964259332669442
[2024-04-23 22:42:55,655][root][INFO] - --------------- Start iteration i=38 ---------------
[2024-04-23 22:42:55,655][root][INFO] - Length of data.x: 39
[2024-04-23 22:42:55,655][root][INFO] - Length of data.y: 39
[2024-04-23 22:42:55,772][root][INFO] - x: [ 0.02433304  0.11229068 -0.20201524  0.01377781  0.31478343]
[2024-04-23 22:42:55,773][root][INFO] - y: [ 0.01122907  0.0170172   0.01096404 -0.04451868]
[2024-04-23 22:42:55,773][root][INFO] - Reward: -0.08626856238808234
[2024-04-23 22:42:55,773][root][INFO] - --------------- Start iteration i=39 ---------------
[2024-04-23 22:42:55,773][root][INFO] - Length of data.x: 40
[2024-04-23 22:42:55,774][root][INFO] - Length of data.y: 40
[2024-04-23 22:42:55,887][root][INFO] - x: [ 0.03556211  0.12930789 -0.1910512  -0.03074087 -0.51004495]
[2024-04-23 22:42:55,887][root][INFO] - y: [ 0.01293079 -0.09261128 -0.02446282 -0.13188916]
[2024-04-23 22:42:55,887][root][INFO] - Reward: -0.20960670641709844
[2024-04-23 22:42:55,888][root][INFO] - --------------- Start iteration i=40 ---------------
[2024-04-23 22:42:55,888][root][INFO] - Length of data.x: 41
[2024-04-23 22:42:55,888][root][INFO] - Length of data.y: 41
[2024-04-23 22:43:03,299][root][INFO] - Eval Returns: [-16.44825331 -14.52556859 -13.12378911 -15.86386868 -16.29807737]
[2024-04-23 22:43:03,304][root][INFO] - Eval Returns: mean=-15.252 std=1.261
[2024-04-23 22:43:03,304][root][INFO] - Eval ndata: 41.000
[2024-04-23 22:43:03,304][root][INFO] - Model MSE (current real MPC): 0.289
[2024-04-23 22:43:04,283][root][INFO] - Model MSE (random test set): 0.094
[2024-04-23 22:43:04,283][root][INFO] - Model MSE (GT MPC): 0.011
[2024-04-23 22:43:04,283][root][INFO] - Model Likelihood (random test set): -3.801
[2024-04-23 22:43:04,283][root][INFO] - Model Likelihood (GT MPC): -3.713
[2024-04-23 22:43:04,283][root][INFO] - *[TIME] [Evaluate the current MPC policy] Elapsed: 8.28 seconds
[2024-04-23 22:43:07,567][root][INFO] - x: [ 0.0484929   0.03669661 -0.21551402 -0.16263002 -1.        ]
[2024-04-23 22:43:07,567][root][INFO] - y: [ 0.00366966 -0.13314677 -0.12941697 -0.16529973]
[2024-04-23 22:43:07,567][root][INFO] - Reward: -0.5575034892739794
[2024-04-23 22:43:09,128][root][INFO] - --------------- Start iteration i=41 ---------------
[2024-04-23 22:43:09,129][root][INFO] - Length of data.x: 42
[2024-04-23 22:43:09,129][root][INFO] - Length of data.y: 42
[2024-04-23 22:43:09,255][root][INFO] - x: [ 0.05216256 -0.09645016 -0.34493099 -0.32792975  0.25905207]
[2024-04-23 22:43:09,255][root][INFO] - y: [-0.00964502  0.10974308 -0.26095842 -0.03540261]
[2024-04-23 22:43:09,255][root][INFO] - Reward: -0.9946424803097569
[2024-04-23 22:43:09,256][root][INFO] - --------------- Start iteration i=42 ---------------
[2024-04-23 22:43:09,256][root][INFO] - Length of data.x: 43
[2024-04-23 22:43:09,256][root][INFO] - Length of data.y: 43
[2024-04-23 22:43:09,377][root][INFO] - x: [ 0.04251754  0.01329292 -0.60588941 -0.36333236 -0.35990165]
[2024-04-23 22:43:09,377][root][INFO] - y: [ 0.00132929  0.09605945 -0.28913094 -0.12418539]
[2024-04-23 22:43:09,377][root][INFO] - Reward: -0.9999886283112249
[2024-04-23 22:43:09,378][root][INFO] - --------------- Start iteration i=43 ---------------
[2024-04-23 22:43:09,378][root][INFO] - Length of data.x: 44
[2024-04-23 22:43:09,378][root][INFO] - Length of data.y: 44
[2024-04-23 22:43:09,497][root][INFO] - x: [ 0.04384683  0.10935237 -0.89502035 -0.48751776 -0.21475051]
[2024-04-23 22:43:09,497][root][INFO] - y: [ 0.01093524  0.09163603 -0.38795462 -0.1185003 ]
[2024-04-23 22:43:09,498][root][INFO] - Reward: -0.9999998723691691
[2024-04-23 22:43:09,498][root][INFO] - --------------- Start iteration i=44 ---------------
[2024-04-23 22:43:09,498][root][INFO] - Length of data.x: 45
[2024-04-23 22:43:09,498][root][INFO] - Length of data.y: 45
[2024-04-23 22:43:09,620][root][INFO] - x: [ 0.05478207  0.2009884   0.71702504 -0.60601806 -0.65102314]
[2024-04-23 22:43:09,620][root][INFO] - y: [ 0.02009884 -0.41413916 -0.48225424  0.33723404]
[2024-04-23 22:43:09,620][root][INFO] - Reward: -0.9999799406629707
[2024-04-23 22:43:09,621][root][INFO] - --------------- Start iteration i=45 ---------------
[2024-04-23 22:43:09,621][root][INFO] - Length of data.x: 46
[2024-04-23 22:43:09,621][root][INFO] - Length of data.y: 46
[2024-04-23 22:43:09,746][root][INFO] - x: [ 0.07488091 -0.21315076  0.2347708  -0.26878401 -0.98840864]
[2024-04-23 22:43:09,747][root][INFO] - y: [-0.02131508 -0.15596532 -0.2138917  -0.04939494]
[2024-04-23 22:43:09,747][root][INFO] - Reward: -0.9289866269480529
[2024-04-23 22:43:09,748][root][INFO] - --------------- Start iteration i=46 ---------------
[2024-04-23 22:43:09,748][root][INFO] - Length of data.x: 47
[2024-04-23 22:43:09,748][root][INFO] - Length of data.y: 47
[2024-04-23 22:43:09,871][root][INFO] - x: [ 0.05356583 -0.36911608  0.0208791  -0.31817896  0.61966529]
[2024-04-23 22:43:09,872][root][INFO] - y: [-0.03691161  0.09869789 -0.25319897  0.10492231]
[2024-04-23 22:43:09,872][root][INFO] - Reward: -0.46372261371318313
[2024-04-23 22:43:09,873][root][INFO] - --------------- Start iteration i=47 ---------------
[2024-04-23 22:43:09,873][root][INFO] - Length of data.x: 48
[2024-04-23 22:43:09,873][root][INFO] - Length of data.y: 48
[2024-04-23 22:43:09,994][root][INFO] - x: [ 0.01665423 -0.27041819 -0.23231987 -0.21325665  0.1351403 ]
[2024-04-23 22:43:09,994][root][INFO] - y: [-0.02704182  0.03327871 -0.16970438 -0.04067421]
[2024-04-23 22:43:09,994][root][INFO] - Reward: -0.9936008710022762
[2024-04-23 22:43:09,995][root][INFO] - --------------- Start iteration i=48 ---------------
[2024-04-23 22:43:09,995][root][INFO] - Length of data.x: 49
[2024-04-23 22:43:09,995][root][INFO] - Length of data.y: 49
[2024-04-23 22:43:10,115][root][INFO] - x: [-0.01038759 -0.23713948 -0.40202425 -0.25393086  0.01405885]
[2024-04-23 22:43:10,116][root][INFO] - y: [-0.02371395  0.05256401 -0.20207192 -0.07765983]
[2024-04-23 22:43:10,116][root][INFO] - Reward: -0.9999912008207954
[2024-04-23 22:43:10,117][root][INFO] - --------------- Start iteration i=49 ---------------
[2024-04-23 22:43:10,117][root][INFO] - Length of data.x: 50
[2024-04-23 22:43:10,117][root][INFO] - Length of data.y: 50
[2024-04-23 22:43:10,237][root][INFO] - x: [-0.03410154 -0.18457547 -0.60409617 -0.33159068  0.98409961]
[2024-04-23 22:43:10,237][root][INFO] - y: [-0.01845755  0.2174912  -0.26387169 -0.1628599 ]
[2024-04-23 22:43:10,237][root][INFO] - Reward: -0.9999997676279533
[2024-04-23 22:43:10,237][root][INFO] - Explore episode complete with return -18.823370963709213, resetting
[2024-04-23 22:43:10,237][root][INFO] - Exploration Episode Rewards: [-0.9999900713081854, -0.9999930075250443, -0.9999971836204667, -0.9999989569625147, -0.999999744059824, -0.9999998579588472, -0.9999988689789717, -0.9996567078399843, -0.9118957660784891, -0.3476978200240167, -0.044790146056325475, -0.09541948012530377, -0.18964259332669442, -0.08626856238808234, -0.20960670641709844, -0.5575034892739794, -0.9946424803097569, -0.9999886283112249, -0.9999998723691691, -0.9999799406629707, -0.9289866269480529, -0.46372261371318313, -0.9936008710022762, -0.9999912008207954, -0.9999997676279533]
[2024-04-23 22:43:10,238][root][INFO] - --------------- Start iteration i=50 ---------------
[2024-04-23 22:43:10,238][root][INFO] - Length of data.x: 51
[2024-04-23 22:43:10,238][root][INFO] - Length of data.y: 51
[2024-04-23 22:43:17,985][root][INFO] - Eval Returns: [-18.91613306 -21.93365039 -19.38332683 -21.66601734 -17.80732737]
[2024-04-23 22:43:17,990][root][INFO] - Eval Returns: mean=-19.941 std=1.604
[2024-04-23 22:43:17,990][root][INFO] - Eval ndata: 51.000
[2024-04-23 22:43:17,990][root][INFO] - Model MSE (current real MPC): 0.611
[2024-04-23 22:43:18,978][root][INFO] - Model MSE (random test set): 0.013
[2024-04-23 22:43:18,978][root][INFO] - Model MSE (GT MPC): 0.001
[2024-04-23 22:43:18,978][root][INFO] - Model Likelihood (random test set): -3.712
[2024-04-23 22:43:18,978][root][INFO] - Model Likelihood (GT MPC): -3.685
[2024-04-23 22:43:18,978][root][INFO] - *[TIME] [Evaluate the current MPC policy] Elapsed: 8.62 seconds
[2024-04-23 22:43:21,760][root][INFO] - x: [ 2.96569065e-03 -6.02190591e-04 -9.90000437e-01 -2.27918316e-04
  5.48880604e-01]
[2024-04-23 22:43:21,760][root][INFO] - y: [-6.02190591e-05  8.96273482e-02 -1.81371780e-04 -9.26677675e-02]
[2024-04-23 22:43:21,760][root][INFO] - Reward: -0.999990024818855
[2024-04-23 22:43:23,164][root][INFO] - --------------- Start iteration i=51 ---------------
[2024-04-23 22:43:23,165][root][INFO] - Length of data.x: 52
[2024-04-23 22:43:23,165][root][INFO] - Length of data.y: 52
[2024-04-23 22:43:23,335][root][INFO] - x: [ 0.00290547  0.08902516 -0.99018181 -0.09289569  0.34109576]
[2024-04-23 22:43:23,335][root][INFO] - y: [ 0.00890252  0.05533494 -0.0739241  -0.05833734]
[2024-04-23 22:43:23,335][root][INFO] - Reward: -0.9999920463447571
[2024-04-23 22:43:23,338][root][INFO] - --------------- Start iteration i=52 ---------------
[2024-04-23 22:43:23,338][root][INFO] - Length of data.x: 53
[2024-04-23 22:43:23,338][root][INFO] - Length of data.y: 53
[2024-04-23 22:43:23,500][root][INFO] - x: [ 0.01180799  0.1443601   0.93589409 -0.15123302 -0.02499661]
[2024-04-23 22:43:23,501][root][INFO] - y: [ 0.01443601 -0.0241404  -0.12034751  0.04329624]
[2024-04-23 22:43:23,501][root][INFO] - Reward: -0.9999963114328638
[2024-04-23 22:43:23,502][root][INFO] - --------------- Start iteration i=53 ---------------
[2024-04-23 22:43:23,502][root][INFO] - Length of data.x: 54
[2024-04-23 22:43:23,502][root][INFO] - Length of data.y: 54
[2024-04-23 22:43:23,666][root][INFO] - x: [ 0.026244    0.12021969  0.81554658 -0.10793678 -0.05046242]
[2024-04-23 22:43:23,667][root][INFO] - y: [ 0.01202197 -0.03946367 -0.08589343  0.08679433]
[2024-04-23 22:43:23,667][root][INFO] - Reward: -0.9999986208911835
[2024-04-23 22:43:23,668][root][INFO] - --------------- Start iteration i=54 ---------------
[2024-04-23 22:43:23,668][root][INFO] - Length of data.x: 55
[2024-04-23 22:43:23,668][root][INFO] - Length of data.y: 55
[2024-04-23 22:43:23,814][root][INFO] - x: [ 0.03826597  0.08075602  0.72965315 -0.02114245 -0.16282698]
[2024-04-23 22:43:23,814][root][INFO] - y: [ 0.0080756  -0.04264333 -0.01682464  0.10189736]
[2024-04-23 22:43:23,814][root][INFO] - Reward: -0.9999995152068323
[2024-04-23 22:43:23,815][root][INFO] - --------------- Start iteration i=55 ---------------
[2024-04-23 22:43:23,815][root][INFO] - Length of data.x: 56
[2024-04-23 22:43:23,815][root][INFO] - Length of data.y: 56
[2024-04-23 22:43:23,945][root][INFO] - x: [ 0.04634157  0.03811269  0.71282851  0.08075491 -0.02858928]
[2024-04-23 22:43:23,946][root][INFO] - y: [ 0.00381127 -0.03031911  0.06426277  0.09585034]
[2024-04-23 22:43:23,946][root][INFO] - Reward: -0.999999768671109
[2024-04-23 22:43:23,947][root][INFO] - --------------- Start iteration i=56 ---------------
[2024-04-23 22:43:23,947][root][INFO] - Length of data.x: 57
[2024-04-23 22:43:23,947][root][INFO] - Length of data.y: 57
[2024-04-23 22:43:24,075][root][INFO] - x: [ 0.05015284  0.00779358  0.77709128  0.17660525 -0.41031049]
[2024-04-23 22:43:24,075][root][INFO] - y: [ 0.00077936 -0.10003204  0.14053811  0.13977399]
[2024-04-23 22:43:24,075][root][INFO] - Reward: -0.9999995679385525
[2024-04-23 22:43:24,076][root][INFO] - --------------- Start iteration i=57 ---------------
[2024-04-23 22:43:24,077][root][INFO] - Length of data.x: 58
[2024-04-23 22:43:24,077][root][INFO] - Length of data.y: 58
[2024-04-23 22:43:24,200][root][INFO] - x: [ 0.0509322  -0.09223845  0.91762939  0.31637924 -0.29067611]
[2024-04-23 22:43:24,200][root][INFO] - y: [-0.00922385 -0.09432346  0.25176681  0.11631208]
[2024-04-23 22:43:24,200][root][INFO] - Reward: -0.9999582337287124
[2024-04-23 22:43:24,201][root][INFO] - --------------- Start iteration i=58 ---------------
[2024-04-23 22:43:24,201][root][INFO] - Length of data.x: 59
[2024-04-23 22:43:24,202][root][INFO] - Length of data.y: 59
[2024-04-23 22:43:24,331][root][INFO] - x: [ 0.04170835 -0.18656191 -0.83060381  0.43269132 -0.20394625]
[2024-04-23 22:43:24,332][root][INFO] - y: [-0.01865619  0.12006527  0.34432509 -0.15328847]
[2024-04-23 22:43:24,332][root][INFO] - Reward: -0.9759096879886596
[2024-04-23 22:43:24,333][root][INFO] - --------------- Start iteration i=59 ---------------
[2024-04-23 22:43:24,333][root][INFO] - Length of data.x: 60
[2024-04-23 22:43:24,333][root][INFO] - Length of data.y: 60
[2024-04-23 22:43:24,464][root][INFO] - x: [ 0.02305216 -0.06649664 -0.48627872  0.27940286 -0.06987083]
[2024-04-23 22:43:24,464][root][INFO] - y: [-0.00664966  0.06525669  0.22234191 -0.09529656]
[2024-04-23 22:43:24,464][root][INFO] - Reward: -0.6028196837170565
[2024-04-23 22:43:24,465][root][INFO] - --------------- Start iteration i=60 ---------------
[2024-04-23 22:43:24,465][root][INFO] - Length of data.x: 61
[2024-04-23 22:43:24,465][root][INFO] - Length of data.y: 61
[2024-04-23 22:43:32,378][root][INFO] - Eval Returns: [-11.90027784 -19.46059709 -21.52546847 -18.62397758 -20.97941256]
[2024-04-23 22:43:32,382][root][INFO] - Eval Returns: mean=-18.498 std=3.458
[2024-04-23 22:43:32,382][root][INFO] - Eval ndata: 61.000
[2024-04-23 22:43:32,382][root][INFO] - Model MSE (current real MPC): 0.578
[2024-04-23 22:43:33,337][root][INFO] - Model MSE (random test set): 0.012
[2024-04-23 22:43:33,337][root][INFO] - Model MSE (GT MPC): 0.001
[2024-04-23 22:43:33,337][root][INFO] - Model Likelihood (random test set): -3.709
[2024-04-23 22:43:33,337][root][INFO] - Model Likelihood (GT MPC): -3.683
[2024-04-23 22:43:33,337][root][INFO] - *[TIME] [Evaluate the current MPC policy] Elapsed: 8.75 seconds
