[2024-04-19 19:47:36,159][root][INFO] - Dumper dumping to /trajectory-information-rl/experiments/mpc_cartpole_2024-04-19/19-47-30/seed_3
[2024-04-19 19:47:36,163][root][INFO] - Start obs: None
[2024-04-19 19:47:49,697][root][INFO] - GT Returns: [-12.35313987 -12.21910359 -11.81003827 -12.91368872 -10.76683523]
[2024-04-19 19:47:49,697][root][INFO] - GT Returns: mean=-12.013 std=0.716
[2024-04-19 19:47:49,697][root][INFO] - Path Lengths: [36345, 36345, 36345, 36345, 36345]
[2024-04-19 19:47:49,697][root][INFO] - Path Lengths: mean=36345.000 std=0.000
[2024-04-19 19:47:49,757][root][INFO] - all_x.shape = (181725, 5)
[2024-04-19 19:47:49,762][root][INFO] - all_x.min(axis=0) = [-0.97811117 -1.47690282 -0.99999591 -0.8776368  -1.        ]
[2024-04-19 19:47:49,767][root][INFO] - all_x.max(axis=0) = [0.98346154 1.47145332 0.99997078 0.91393875 1.        ]
[2024-04-19 19:47:49,769][root][INFO] - all_x.mean(axis=0) = [-0.01378485 -0.00694846  0.01851062  0.03019677  0.00445747]
[2024-04-19 19:47:49,777][root][INFO] - all_x.var(axis=0) = [0.01190551 0.0511241  0.25174324 0.08853388 0.21410561]
[2024-04-19 19:47:49,810][root][INFO] - --------------- Start iteration i=0 ---------------
[2024-04-19 19:47:49,810][root][INFO] - Length of data.x: 1
[2024-04-19 19:47:49,810][root][INFO] - Length of data.y: 1
[2024-04-19 19:47:55,148][root][INFO] - Eval Returns: [-24.99998063 -24.9999823  -24.99998131 -24.9999845  -24.99998331]
[2024-04-19 19:47:55,153][root][INFO] - Eval Returns: mean=-25.000 std=0.000
[2024-04-19 19:47:55,153][root][INFO] - Eval ndata: 1.000
[2024-04-19 19:47:55,153][root][INFO] - Model MSE (current real MPC): 0.389
[2024-04-19 19:47:56,156][root][INFO] - Model MSE (random test set): 0.364
[2024-04-19 19:47:56,156][root][INFO] - Model MSE (GT MPC): 0.075
[2024-04-19 19:47:56,156][root][INFO] - Model Likelihood (random test set): -4.106
[2024-04-19 19:47:56,156][root][INFO] - Model Likelihood (GT MPC): -3.866
[2024-04-19 19:47:56,156][root][INFO] - *[TIME] [Evaluate the current MPC policy] Elapsed: 6.16 seconds
[2024-04-19 19:47:57,855][root][INFO] - x: [ 1.58283131e-03 -2.77916978e-04 -9.99541054e-01  3.29563860e-04
 -6.14843935e-01]
[2024-04-19 19:47:57,855][root][INFO] - y: [-2.77916978e-05 -9.82853584e-02  2.62258799e-04  9.81434203e-02]
[2024-04-19 19:47:57,856][root][INFO] - Reward: -0.9999900861826911
[2024-04-19 19:47:59,654][root][INFO] - --------------- Start iteration i=1 ---------------
[2024-04-19 19:47:59,654][root][INFO] - Length of data.x: 2
[2024-04-19 19:47:59,654][root][INFO] - Length of data.y: 2
[2024-04-19 19:47:59,816][root][INFO] - x: [ 0.00155504 -0.09856328 -0.9992788   0.09847298  1.        ]
[2024-04-19 19:47:59,817][root][INFO] - y: [-0.00985633  0.16174315  0.07836237 -0.16196548]
[2024-04-19 19:47:59,817][root][INFO] - Reward: -0.9999907808830594
[2024-04-19 19:47:59,817][root][INFO] - --------------- Start iteration i=2 ---------------
[2024-04-19 19:47:59,817][root][INFO] - Length of data.x: 3
[2024-04-19 19:47:59,817][root][INFO] - Length of data.y: 3
[2024-04-19 19:47:59,974][root][INFO] - x: [-0.00830129  0.06317988 -0.92091642 -0.06349249  0.93040597]
[2024-04-19 19:47:59,974][root][INFO] - y: [ 0.00631799  0.15766453 -0.05052576 -0.17697101]
[2024-04-19 19:47:59,974][root][INFO] - Reward: -0.9999900410500584
[2024-04-19 19:47:59,975][root][INFO] - --------------- Start iteration i=3 ---------------
[2024-04-19 19:47:59,975][root][INFO] - Length of data.x: 4
[2024-04-19 19:47:59,975][root][INFO] - Length of data.y: 4
[2024-04-19 19:48:00,134][root][INFO] - x: [-0.0019833   0.22084441 -0.97144218 -0.2404635  -0.00950956]
[2024-04-19 19:48:00,134][root][INFO] - y: [ 0.02208444  0.00793598 -0.19135493 -0.0167027 ]
[2024-04-19 19:48:00,134][root][INFO] - Reward: -0.9999941592903203
[2024-04-19 19:48:00,135][root][INFO] - --------------- Start iteration i=4 ---------------
[2024-04-19 19:48:00,135][root][INFO] - Length of data.x: 5
[2024-04-19 19:48:00,135][root][INFO] - Length of data.y: 5
[2024-04-19 19:48:00,284][root][INFO] - x: [ 0.02010114  0.22878039  0.83720289 -0.2571662  -1.        ]
[2024-04-19 19:48:00,285][root][INFO] - y: [ 0.02287804 -0.20753252 -0.20464653  0.22903909]
[2024-04-19 19:48:00,285][root][INFO] - Reward: -0.9999983929155217
[2024-04-19 19:48:00,285][root][INFO] - --------------- Start iteration i=5 ---------------
[2024-04-19 19:48:00,285][root][INFO] - Length of data.x: 6
[2024-04-19 19:48:00,285][root][INFO] - Length of data.y: 6
[2024-04-19 19:48:00,437][root][INFO] - x: [ 0.04297918  0.02124787  0.63255636 -0.02812711  1.        ]
[2024-04-19 19:48:00,437][root][INFO] - y: [ 0.00212479  0.09107465 -0.02238286  0.05296739]
[2024-04-19 19:48:00,437][root][INFO] - Reward: -0.9999985070670461
[2024-04-19 19:48:00,438][root][INFO] - --------------- Start iteration i=6 ---------------
[2024-04-19 19:48:00,438][root][INFO] - Length of data.x: 7
[2024-04-19 19:48:00,438][root][INFO] - Length of data.y: 7
[2024-04-19 19:48:00,588][root][INFO] - x: [ 0.04510397  0.11232252  0.6101735   0.02484028 -0.95344399]
[2024-04-19 19:48:00,588][root][INFO] - y: [ 0.01123225 -0.11366962  0.01976728  0.13093873]
[2024-04-19 19:48:00,588][root][INFO] - Reward: -0.9999998234161218
[2024-04-19 19:48:00,589][root][INFO] - --------------- Start iteration i=7 ---------------
[2024-04-19 19:48:00,589][root][INFO] - Length of data.x: 8
[2024-04-19 19:48:00,589][root][INFO] - Length of data.y: 8
[2024-04-19 19:48:00,740][root][INFO] - x: [ 0.05633622 -0.0013471   0.62994078  0.15577901  0.92358185]
[2024-04-19 19:48:00,740][root][INFO] - y: [-0.00013471  0.06172072  0.12396509  0.0656292 ]
[2024-04-19 19:48:00,740][root][INFO] - Reward: -0.9999999057653257
[2024-04-19 19:48:00,740][root][INFO] - --------------- Start iteration i=8 ---------------
[2024-04-19 19:48:00,740][root][INFO] - Length of data.x: 9
[2024-04-19 19:48:00,741][root][INFO] - Length of data.y: 9
[2024-04-19 19:48:00,892][root][INFO] - x: [0.05620151 0.06037363 0.75390587 0.2214082  0.72519137]
[2024-04-19 19:48:00,892][root][INFO] - y: [0.00603736 0.02650397 0.17619119 0.04961112]
[2024-04-19 19:48:00,893][root][INFO] - Reward: -0.9999998600847448
[2024-04-19 19:48:00,893][root][INFO] - --------------- Start iteration i=9 ---------------
[2024-04-19 19:48:00,893][root][INFO] - Length of data.x: 10
[2024-04-19 19:48:00,893][root][INFO] - Length of data.y: 10
[2024-04-19 19:48:01,046][root][INFO] - x: [0.06223887 0.08687759 0.93009706 0.27101932 0.96985929]
[2024-04-19 19:48:01,046][root][INFO] - y: [ 0.00868776  0.1140118   0.2156705  -0.08988088]
[2024-04-19 19:48:01,046][root][INFO] - Reward: -0.9999934804270876
[2024-04-19 19:48:01,047][root][INFO] - --------------- Start iteration i=10 ---------------
[2024-04-19 19:48:01,047][root][INFO] - Length of data.x: 11
[2024-04-19 19:48:01,047][root][INFO] - Length of data.y: 11
[2024-04-19 19:48:06,937][root][INFO] - Eval Returns: [-23.68323901 -21.79478773 -22.02468233 -24.59194069 -22.98458264]
[2024-04-19 19:48:06,942][root][INFO] - Eval Returns: mean=-23.016 std=1.040
[2024-04-19 19:48:06,942][root][INFO] - Eval ndata: 11.000
[2024-04-19 19:48:06,942][root][INFO] - Model MSE (current real MPC): 0.591
[2024-04-19 19:48:07,990][root][INFO] - Model MSE (random test set): 0.142
[2024-04-19 19:48:07,990][root][INFO] - Model MSE (GT MPC): 0.020
[2024-04-19 19:48:07,990][root][INFO] - Model Likelihood (random test set): -3.786
[2024-04-19 19:48:07,990][root][INFO] - Model Likelihood (GT MPC): -3.705
[2024-04-19 19:48:07,990][root][INFO] - *[TIME] [Evaluate the current MPC policy] Elapsed: 6.79 seconds
[2024-04-19 19:48:10,345][root][INFO] - x: [ 0.07092663  0.20088939 -0.85423244  0.18113844 -0.66062513]
[2024-04-19 19:48:10,345][root][INFO] - y: [ 0.02008894 -0.0570947   0.14414551  0.0077971 ]
[2024-04-19 19:48:10,345][root][INFO] - Reward: -0.9998785641596138
[2024-04-19 19:48:11,552][root][INFO] - --------------- Start iteration i=11 ---------------
[2024-04-19 19:48:11,552][root][INFO] - Length of data.x: 12
[2024-04-19 19:48:11,552][root][INFO] - Length of data.y: 12
[2024-04-19 19:48:11,717][root][INFO] - x: [ 0.09101557  0.1437947  -0.71008693  0.18893554 -0.92811289]
[2024-04-19 19:48:11,717][root][INFO] - y: [ 0.01437947 -0.05817634  0.15035025 -0.04190773]
[2024-04-19 19:48:11,717][root][INFO] - Reward: -0.9969138903285593
[2024-04-19 19:48:11,718][root][INFO] - --------------- Start iteration i=12 ---------------
[2024-04-19 19:48:11,718][root][INFO] - Length of data.x: 13
[2024-04-19 19:48:11,718][root][INFO] - Length of data.y: 13
[2024-04-19 19:48:12,048][root][INFO] - x: [ 0.10539504  0.08561835 -0.55973669  0.14702781 -0.97142575]
[2024-04-19 19:48:12,049][root][INFO] - y: [ 0.00856184 -0.07228225  0.11700111 -0.08299032]
[2024-04-19 19:48:12,049][root][INFO] - Reward: -0.9871572292731741
[2024-04-19 19:48:12,049][root][INFO] - --------------- Start iteration i=13 ---------------
[2024-04-19 19:48:12,049][root][INFO] - Length of data.x: 14
[2024-04-19 19:48:12,050][root][INFO] - Length of data.y: 14
[2024-04-19 19:48:12,205][root][INFO] - x: [ 0.11395688  0.0133361  -0.44273558  0.06403749 -0.9191421 ]
[2024-04-19 19:48:12,205][root][INFO] - y: [ 0.00133361 -0.09589942  0.05095946 -0.11377481]
[2024-04-19 19:48:12,205][root][INFO] - Reward: -0.9823732190794319
[2024-04-19 19:48:12,206][root][INFO] - --------------- Start iteration i=14 ---------------
[2024-04-19 19:48:12,206][root][INFO] - Length of data.x: 15
[2024-04-19 19:48:12,206][root][INFO] - Length of data.y: 15
[2024-04-19 19:48:12,361][root][INFO] - x: [ 0.11529049 -0.08256333 -0.39177612 -0.04973731 -0.78738449]
[2024-04-19 19:48:12,361][root][INFO] - y: [-0.00825633 -0.09110333 -0.03957973 -0.1229601 ]
[2024-04-19 19:48:12,361][root][INFO] - Reward: -0.9741442200531459
[2024-04-19 19:48:12,362][root][INFO] - --------------- Start iteration i=15 ---------------
[2024-04-19 19:48:12,362][root][INFO] - Length of data.x: 16
[2024-04-19 19:48:12,362][root][INFO] - Length of data.y: 16
[2024-04-19 19:48:12,517][root][INFO] - x: [ 0.10703415 -0.17366666 -0.43135585 -0.17269741 -0.20263254]
[2024-04-19 19:48:12,518][root][INFO] - y: [-0.01736667  0.00110767 -0.13742835 -0.09568835]
[2024-04-19 19:48:12,518][root][INFO] - Reward: -0.993391123006085
[2024-04-19 19:48:12,518][root][INFO] - --------------- Start iteration i=16 ---------------
[2024-04-19 19:48:12,518][root][INFO] - Length of data.x: 17
[2024-04-19 19:48:12,518][root][INFO] - Length of data.y: 17
[2024-04-19 19:48:12,675][root][INFO] - x: [ 0.08966749 -0.17255899 -0.56878419 -0.26838577 -0.67914494]
[2024-04-19 19:48:12,675][root][INFO] - y: [-0.0172559   0.00761294 -0.21357478 -0.09754849]
[2024-04-19 19:48:12,675][root][INFO] - Reward: -0.9999558859262598
[2024-04-19 19:48:12,676][root][INFO] - --------------- Start iteration i=17 ---------------
[2024-04-19 19:48:12,676][root][INFO] - Length of data.x: 18
[2024-04-19 19:48:12,676][root][INFO] - Length of data.y: 18
[2024-04-19 19:48:12,832][root][INFO] - x: [ 0.07241159 -0.16494605 -0.78235897 -0.36593426 -0.34095299]
[2024-04-19 19:48:12,832][root][INFO] - y: [-0.01649461  0.08376773 -0.29120146 -0.12697071]
[2024-04-19 19:48:12,832][root][INFO] - Reward: -0.9999997225912859
[2024-04-19 19:48:12,833][root][INFO] - --------------- Start iteration i=18 ---------------
[2024-04-19 19:48:12,833][root][INFO] - Length of data.x: 19
[2024-04-19 19:48:12,833][root][INFO] - Length of data.y: 19
[2024-04-19 19:48:12,990][root][INFO] - x: [ 0.05591698 -0.08117832  0.92643956 -0.49290496  0.4540565 ]
[2024-04-19 19:48:12,990][root][INFO] - y: [-0.00811783 -0.0219698  -0.39224162  0.04387822]
[2024-04-19 19:48:12,990][root][INFO] - Reward: -0.9999971486071865
[2024-04-19 19:48:12,991][root][INFO] - --------------- Start iteration i=19 ---------------
[2024-04-19 19:48:12,991][root][INFO] - Length of data.x: 20
[2024-04-19 19:48:12,991][root][INFO] - Length of data.y: 20
[2024-04-19 19:48:13,148][root][INFO] - x: [ 0.04779915 -0.10314812  0.53419794 -0.44902674 -1.        ]
[2024-04-19 19:48:13,148][root][INFO] - y: [-0.01031481 -0.29208745 -0.35732441  0.1289538 ]
[2024-04-19 19:48:13,149][root][INFO] - Reward: -0.9795318487803213
[2024-04-19 19:48:13,149][root][INFO] - --------------- Start iteration i=20 ---------------
[2024-04-19 19:48:13,149][root][INFO] - Length of data.x: 21
[2024-04-19 19:48:13,149][root][INFO] - Length of data.y: 21
[2024-04-19 19:48:19,564][root][INFO] - Eval Returns: [-24.15119325 -23.35026791 -23.50694069 -13.68464197 -24.18486796]
[2024-04-19 19:48:19,568][root][INFO] - Eval Returns: mean=-21.776 std=4.059
[2024-04-19 19:48:19,568][root][INFO] - Eval ndata: 21.000
[2024-04-19 19:48:19,568][root][INFO] - Model MSE (current real MPC): 0.655
[2024-04-19 19:48:20,637][root][INFO] - Model MSE (random test set): 0.219
[2024-04-19 19:48:20,638][root][INFO] - Model MSE (GT MPC): 0.202
[2024-04-19 19:48:20,638][root][INFO] - Model Likelihood (random test set): -3.867
[2024-04-19 19:48:20,638][root][INFO] - Model Likelihood (GT MPC): -3.840
[2024-04-19 19:48:20,638][root][INFO] - *[TIME] [Evaluate the current MPC policy] Elapsed: 7.33 seconds
[2024-04-19 19:48:23,106][root][INFO] - x: [ 0.03748434 -0.39523557  0.17687352 -0.32007294  1.        ]
[2024-04-19 19:48:23,107][root][INFO] - y: [-0.03952356  0.09569004 -0.25470616  0.13309475]
[2024-04-19 19:48:23,107][root][INFO] - Reward: -0.19912931867064287
[2024-04-19 19:48:24,249][root][INFO] - --------------- Start iteration i=21 ---------------
[2024-04-19 19:48:24,249][root][INFO] - Length of data.x: 22
[2024-04-19 19:48:24,249][root][INFO] - Length of data.y: 22
[2024-04-19 19:48:24,416][root][INFO] - x: [-0.00203922 -0.29954552 -0.07783263 -0.18697819  1.        ]
[2024-04-19 19:48:24,417][root][INFO] - y: [-0.02995455  0.1580895  -0.14879263  0.12961384]
[2024-04-19 19:48:24,417][root][INFO] - Reward: -0.9853704431643296
[2024-04-19 19:48:24,418][root][INFO] - --------------- Start iteration i=22 ---------------
[2024-04-19 19:48:24,418][root][INFO] - Length of data.x: 23
[2024-04-19 19:48:24,418][root][INFO] - Length of data.y: 23
[2024-04-19 19:48:24,586][root][INFO] - x: [-0.03199377 -0.14145603 -0.22662527 -0.05736434  0.34459911]
[2024-04-19 19:48:24,586][root][INFO] - y: [-0.0141456   0.02506263 -0.04564913 -0.04518176]
[2024-04-19 19:48:24,586][root][INFO] - Reward: -0.9991135204020376
[2024-04-19 19:48:24,587][root][INFO] - --------------- Start iteration i=23 ---------------
[2024-04-19 19:48:24,587][root][INFO] - Length of data.x: 24
[2024-04-19 19:48:24,587][root][INFO] - Length of data.y: 24
[2024-04-19 19:48:24,757][root][INFO] - x: [-0.04613937 -0.11639339 -0.2722744  -0.1025461   0.60647423]
[2024-04-19 19:48:24,757][root][INFO] - y: [-0.01163934  0.06083573 -0.08160366 -0.03421866]
[2024-04-19 19:48:24,758][root][INFO] - Reward: -0.999980613606161
[2024-04-19 19:48:24,758][root][INFO] - --------------- Start iteration i=24 ---------------
[2024-04-19 19:48:24,758][root][INFO] - Length of data.x: 25
[2024-04-19 19:48:24,758][root][INFO] - Length of data.y: 25
[2024-04-19 19:48:24,927][root][INFO] - x: [-0.05777871 -0.05555766 -0.35387806 -0.13676477  0.856292  ]
[2024-04-19 19:48:24,927][root][INFO] - y: [-0.00555577  0.09421367 -0.10883403 -0.04628714]
[2024-04-19 19:48:24,928][root][INFO] - Reward: -0.9999994047196747
[2024-04-19 19:48:24,928][root][INFO] - Explore episode complete with return -24.096891189449888, resetting
[2024-04-19 19:48:24,928][root][INFO] - Exploration Episode Rewards: [-0.9999900861826911, -0.9999907808830594, -0.9999900410500584, -0.9999941592903203, -0.9999983929155217, -0.9999985070670461, -0.9999998234161218, -0.9999999057653257, -0.9999998600847448, -0.9999934804270876, -0.9998785641596138, -0.9969138903285593, -0.9871572292731741, -0.9823732190794319, -0.9741442200531459, -0.993391123006085, -0.9999558859262598, -0.9999997225912859, -0.9999971486071865, -0.9795318487803213, -0.19912931867064287, -0.9853704431643296, -0.9991135204020376, -0.999980613606161, -0.9999994047196747]
[2024-04-19 19:48:24,929][root][INFO] - --------------- Start iteration i=25 ---------------
[2024-04-19 19:48:24,929][root][INFO] - Length of data.x: 26
[2024-04-19 19:48:24,929][root][INFO] - Length of data.y: 26
[2024-04-19 19:48:25,089][root][INFO] - x: [-2.89885366e-04 -4.06977496e-04 -9.99056153e-01  4.39585161e-06
  8.39817436e-01]
[2024-04-19 19:48:25,090][root][INFO] - y: [-4.06977496e-05  1.34551447e-01  3.49811038e-06 -1.34842284e-01]
[2024-04-19 19:48:25,090][root][INFO] - Reward: -0.9999900720486148
[2024-04-19 19:48:25,091][root][INFO] - --------------- Start iteration i=26 ---------------
[2024-04-19 19:48:25,091][root][INFO] - Length of data.x: 27
[2024-04-19 19:48:25,091][root][INFO] - Length of data.y: 27
[2024-04-19 19:48:25,252][root][INFO] - x: [-3.30583116e-04  1.34144470e-01 -9.99052655e-01 -1.34837888e-01
  4.71424531e-01]
[2024-04-19 19:48:25,252][root][INFO] - y: [ 0.01341445  0.07353796 -0.10730067 -0.07383014]
[2024-04-19 19:48:25,252][root][INFO] - Reward: -0.9999921132289696
[2024-04-19 19:48:25,253][root][INFO] - --------------- Start iteration i=27 ---------------
[2024-04-19 19:48:25,253][root][INFO] - Length of data.x: 28
[2024-04-19 19:48:25,253][root][INFO] - Length of data.y: 28
[2024-04-19 19:48:25,414][root][INFO] - x: [ 0.01308386  0.20768243  0.89364668 -0.20866803  0.29382507]
[2024-04-19 19:48:25,415][root][INFO] - y: [ 0.02076824  0.00377315 -0.16605288  0.02863912]
[2024-04-19 19:48:25,415][root][INFO] - Reward: -0.9999975194831529
[2024-04-19 19:48:25,416][root][INFO] - --------------- Start iteration i=28 ---------------
[2024-04-19 19:48:25,416][root][INFO] - Length of data.x: 29
[2024-04-19 19:48:25,416][root][INFO] - Length of data.y: 29
[2024-04-19 19:48:25,578][root][INFO] - x: [ 0.03385211  0.21145558  0.7275938  -0.18002891 -0.25827556]
[2024-04-19 19:48:25,578][root][INFO] - y: [ 0.02114556 -0.08239725 -0.14326257  0.12817122]
[2024-04-19 19:48:25,578][root][INFO] - Reward: -0.9999996201857924
[2024-04-19 19:48:25,579][root][INFO] - --------------- Start iteration i=29 ---------------
[2024-04-19 19:48:25,579][root][INFO] - Length of data.x: 30
[2024-04-19 19:48:25,579][root][INFO] - Length of data.y: 30
[2024-04-19 19:48:25,741][root][INFO] - x: [ 0.05499766  0.12905832  0.58433123 -0.05185769 -0.46556951]
[2024-04-19 19:48:25,741][root][INFO] - y: [ 0.01290583 -0.06115918 -0.04126707  0.110788  ]
[2024-04-19 19:48:25,741][root][INFO] - Reward: -0.9999999432588437
[2024-04-19 19:48:25,742][root][INFO] - --------------- Start iteration i=30 ---------------
[2024-04-19 19:48:25,742][root][INFO] - Length of data.x: 31
[2024-04-19 19:48:25,742][root][INFO] - Length of data.y: 31
[2024-04-19 19:48:32,636][root][INFO] - Eval Returns: [-18.70153675 -20.21111607 -19.32959922 -20.25149434 -19.30677372]
[2024-04-19 19:48:32,641][root][INFO] - Eval Returns: mean=-19.560 std=0.593
[2024-04-19 19:48:32,641][root][INFO] - Eval ndata: 31.000
[2024-04-19 19:48:32,641][root][INFO] - Model MSE (current real MPC): 0.452
[2024-04-19 19:48:33,724][root][INFO] - Model MSE (random test set): 0.065
[2024-04-19 19:48:33,724][root][INFO] - Model MSE (GT MPC): 0.010
[2024-04-19 19:48:33,724][root][INFO] - Model Likelihood (random test set): -3.779
[2024-04-19 19:48:33,724][root][INFO] - Model Likelihood (GT MPC): -3.712
[2024-04-19 19:48:33,724][root][INFO] - *[TIME] [Evaluate the current MPC policy] Elapsed: 7.82 seconds
[2024-04-19 19:48:36,308][root][INFO] - x: [ 0.0679035   0.06789915  0.54306416  0.05893031 -0.60987019]
[2024-04-19 19:48:36,309][root][INFO] - y: [ 0.00678991 -0.07029296  0.04689529  0.10678355]
[2024-04-19 19:48:36,309][root][INFO] - Reward: -0.9999999925545963
[2024-04-19 19:48:37,381][root][INFO] - --------------- Start iteration i=31 ---------------
[2024-04-19 19:48:37,381][root][INFO] - Length of data.x: 32
[2024-04-19 19:48:37,381][root][INFO] - Length of data.y: 32
[2024-04-19 19:48:37,551][root][INFO] - x: [ 0.07469341 -0.00239381  0.58995945  0.16571386 -0.12325877]
[2024-04-19 19:48:37,552][root][INFO] - y: [-0.00023938 -0.04829573  0.13187101  0.10777247]
[2024-04-19 19:48:37,552][root][INFO] - Reward: -0.9999999961406434
[2024-04-19 19:48:37,553][root][INFO] - --------------- Start iteration i=32 ---------------
[2024-04-19 19:48:37,553][root][INFO] - Length of data.x: 33
[2024-04-19 19:48:37,553][root][INFO] - Length of data.y: 33
[2024-04-19 19:48:37,724][root][INFO] - x: [ 0.07445403 -0.05068955  0.72183046  0.27348633 -0.14477724]
[2024-04-19 19:48:37,724][root][INFO] - y: [-0.00506895 -0.10155513  0.21763369  0.14048575]
[2024-04-19 19:48:37,724][root][INFO] - Reward: -0.9999999335454363
[2024-04-19 19:48:37,725][root][INFO] - --------------- Start iteration i=33 ---------------
[2024-04-19 19:48:37,725][root][INFO] - Length of data.x: 34
[2024-04-19 19:48:37,725][root][INFO] - Length of data.y: 34
[2024-04-19 19:48:37,889][root][INFO] - x: [ 0.06938508 -0.15224467  0.93946414  0.41397208  0.39099865]
[2024-04-19 19:48:37,890][root][INFO] - y: [-0.01522447  0.00535002  0.32942878  0.01330988]
[2024-04-19 19:48:37,890][root][INFO] - Reward: -0.9996785550722915
[2024-04-19 19:48:37,891][root][INFO] - --------------- Start iteration i=34 ---------------
[2024-04-19 19:48:37,891][root][INFO] - Length of data.x: 35
[2024-04-19 19:48:37,891][root][INFO] - Length of data.y: 35
[2024-04-19 19:48:38,054][root][INFO] - x: [ 0.05416061 -0.14689465 -0.73110708  0.42728196  0.06188184]
[2024-04-19 19:48:38,054][root][INFO] - y: [-0.01468947  0.18441731  0.34002045 -0.1958722 ]
[2024-04-19 19:48:38,055][root][INFO] - Reward: -0.7778005760852791
[2024-04-19 19:48:38,055][root][INFO] - --------------- Start iteration i=35 ---------------
[2024-04-19 19:48:38,056][root][INFO] - Length of data.x: 36
[2024-04-19 19:48:38,056][root][INFO] - Length of data.y: 36
[2024-04-19 19:48:38,221][root][INFO] - x: [ 0.03947114  0.03752265 -0.39108662  0.23140976 -0.01536062]
[2024-04-19 19:48:38,221][root][INFO] - y: [ 0.00375227  0.03522986  0.18415018 -0.08068698]
[2024-04-19 19:48:38,221][root][INFO] - Reward: -0.14614914161019588
[2024-04-19 19:48:38,222][root][INFO] - --------------- Start iteration i=36 ---------------
[2024-04-19 19:48:38,222][root][INFO] - Length of data.x: 37
[2024-04-19 19:48:38,222][root][INFO] - Length of data.y: 37
[2024-04-19 19:48:38,386][root][INFO] - x: [ 0.04322341  0.07275251 -0.20693644  0.15072278 -0.31625952]
[2024-04-19 19:48:38,387][root][INFO] - y: [ 0.00727525 -0.04880122  0.11994148 -0.09828449]
[2024-04-19 19:48:38,387][root][INFO] - Reward: -0.6114652922571489
[2024-04-19 19:48:38,388][root][INFO] - --------------- Start iteration i=37 ---------------
[2024-04-19 19:48:38,388][root][INFO] - Length of data.x: 38
[2024-04-19 19:48:38,388][root][INFO] - Length of data.y: 38
[2024-04-19 19:48:38,553][root][INFO] - x: [ 0.05049866  0.0239513  -0.08699496  0.0524383  -0.19017888]
[2024-04-19 19:48:38,553][root][INFO] - y: [ 0.00239513 -0.04312642  0.0417291  -0.06803122]
[2024-04-19 19:48:38,553][root][INFO] - Reward: -0.7933397462075853
[2024-04-19 19:48:38,554][root][INFO] - --------------- Start iteration i=38 ---------------
[2024-04-19 19:48:38,554][root][INFO] - Length of data.x: 39
[2024-04-19 19:48:38,554][root][INFO] - Length of data.y: 39
[2024-04-19 19:48:38,719][root][INFO] - x: [ 0.05289379 -0.01917512 -0.04526586 -0.01559292 -0.10995565]
[2024-04-19 19:48:38,719][root][INFO] - y: [-0.00191751 -0.02519705 -0.01240846 -0.03886039]
[2024-04-19 19:48:38,720][root][INFO] - Reward: -0.7250895226255589
[2024-04-19 19:48:38,720][root][INFO] - --------------- Start iteration i=39 ---------------
[2024-04-19 19:48:38,721][root][INFO] - Length of data.x: 40
[2024-04-19 19:48:38,721][root][INFO] - Length of data.y: 40
[2024-04-19 19:48:38,887][root][INFO] - x: [ 0.05097628 -0.04437218 -0.05767432 -0.05445331  0.30621121]
[2024-04-19 19:48:38,887][root][INFO] - y: [-0.00443722  0.03929608 -0.0433326   0.02095724]
[2024-04-19 19:48:38,887][root][INFO] - Reward: -0.4653993985416158
[2024-04-19 19:48:38,888][root][INFO] - --------------- Start iteration i=40 ---------------
[2024-04-19 19:48:38,888][root][INFO] - Length of data.x: 41
[2024-04-19 19:48:38,888][root][INFO] - Length of data.y: 41
[2024-04-19 19:48:46,244][root][INFO] - Eval Returns: [-22.38978099 -21.11336868 -21.65337115 -22.05030427 -22.50749098]
[2024-04-19 19:48:46,249][root][INFO] - Eval Returns: mean=-21.943 std=0.510
[2024-04-19 19:48:46,249][root][INFO] - Eval ndata: 41.000
[2024-04-19 19:48:46,249][root][INFO] - Model MSE (current real MPC): 0.552
[2024-04-19 19:48:47,359][root][INFO] - Model MSE (random test set): 0.023
[2024-04-19 19:48:47,359][root][INFO] - Model MSE (GT MPC): 0.008
[2024-04-19 19:48:47,359][root][INFO] - Model Likelihood (random test set): -3.741
[2024-04-19 19:48:47,359][root][INFO] - Model Likelihood (GT MPC): -3.726
[2024-04-19 19:48:47,359][root][INFO] - *[TIME] [Evaluate the current MPC policy] Elapsed: 8.30 seconds
[2024-04-19 19:48:49,816][root][INFO] - x: [ 0.04653906 -0.00507609 -0.10100692 -0.03349607  0.45456854]
[2024-04-19 19:48:49,816][root][INFO] - y: [-0.00050761  0.05278716 -0.02665535  0.01951099]
[2024-04-19 19:48:49,816][root][INFO] - Reward: -0.34754925723631
[2024-04-19 19:48:50,817][root][INFO] - --------------- Start iteration i=41 ---------------
[2024-04-19 19:48:50,817][root][INFO] - Length of data.x: 42
[2024-04-19 19:48:50,817][root][INFO] - Length of data.y: 42
[2024-04-19 19:48:50,995][root][INFO] - x: [ 0.04603145  0.04771106 -0.12766228 -0.01398508 -0.10521457]
[2024-04-19 19:48:50,995][root][INFO] - y: [ 0.00477111 -0.03542096 -0.01112899 -0.07094715]
[2024-04-19 19:48:50,995][root][INFO] - Reward: -0.4195018120749807
[2024-04-19 19:48:50,996][root][INFO] - --------------- Start iteration i=42 ---------------
[2024-04-19 19:48:50,996][root][INFO] - Length of data.x: 43
[2024-04-19 19:48:50,996][root][INFO] - Length of data.y: 43
[2024-04-19 19:48:51,177][root][INFO] - x: [ 0.05080256  0.0122901  -0.13879126 -0.08493224  0.74256715]
[2024-04-19 19:48:51,178][root][INFO] - y: [ 0.00122901  0.09089957 -0.06758698  0.040921  ]
[2024-04-19 19:48:51,178][root][INFO] - Reward: -0.2725986276295499
[2024-04-19 19:48:51,179][root][INFO] - --------------- Start iteration i=43 ---------------
[2024-04-19 19:48:51,179][root][INFO] - Length of data.x: 44
[2024-04-19 19:48:51,179][root][INFO] - Length of data.y: 44
[2024-04-19 19:48:51,351][root][INFO] - x: [ 0.05203157  0.10318967 -0.20637824 -0.04401124 -0.01043502]
[2024-04-19 19:48:51,352][root][INFO] - y: [ 0.01031897 -0.02455402 -0.03502306 -0.07887215]
[2024-04-19 19:48:51,352][root][INFO] - Reward: -0.43559420806005156
[2024-04-19 19:48:51,353][root][INFO] - --------------- Start iteration i=44 ---------------
[2024-04-19 19:48:51,353][root][INFO] - Length of data.x: 45
[2024-04-19 19:48:51,353][root][INFO] - Length of data.y: 45
[2024-04-19 19:48:51,522][root][INFO] - x: [ 0.06235053  0.07863565 -0.2414013  -0.12288339 -0.30646572]
[2024-04-19 19:48:51,522][root][INFO] - y: [ 0.00786357 -0.04995472 -0.09778758 -0.10380152]
[2024-04-19 19:48:51,522][root][INFO] - Reward: -0.6385970833463546
[2024-04-19 19:48:51,523][root][INFO] - --------------- Start iteration i=45 ---------------
[2024-04-19 19:48:51,523][root][INFO] - Length of data.x: 46
[2024-04-19 19:48:51,523][root][INFO] - Length of data.y: 46
[2024-04-19 19:48:51,692][root][INFO] - x: [ 0.0702141   0.02868093 -0.33918888 -0.22668491 -0.9697586 ]
[2024-04-19 19:48:51,692][root][INFO] - y: [ 0.00286809 -0.07751135 -0.18039027 -0.12344684]
[2024-04-19 19:48:51,692][root][INFO] - Reward: -0.9660968511040992
[2024-04-19 19:48:51,693][root][INFO] - --------------- Start iteration i=46 ---------------
[2024-04-19 19:48:51,693][root][INFO] - Length of data.x: 47
[2024-04-19 19:48:51,693][root][INFO] - Length of data.y: 47
[2024-04-19 19:48:51,862][root][INFO] - x: [ 0.07308219 -0.04883041 -0.51957915 -0.35013175 -0.96134071]
[2024-04-19 19:48:51,862][root][INFO] - y: [-0.00488304  0.02135672 -0.27862622 -0.09932709]
[2024-04-19 19:48:51,862][root][INFO] - Reward: -0.9999644139269916
[2024-04-19 19:48:51,863][root][INFO] - --------------- Start iteration i=47 ---------------
[2024-04-19 19:48:51,863][root][INFO] - Length of data.x: 48
[2024-04-19 19:48:51,863][root][INFO] - Length of data.y: 48
[2024-04-19 19:48:52,032][root][INFO] - x: [ 0.06819915 -0.02747369 -0.79820537 -0.44945884 -0.47437951]
[2024-04-19 19:48:52,032][root][INFO] - y: [-0.00274737  0.10916664 -0.35766827 -0.14612203]
[2024-04-19 19:48:52,033][root][INFO] - Reward: -0.9999999669629003
[2024-04-19 19:48:52,034][root][INFO] - --------------- Start iteration i=48 ---------------
[2024-04-19 19:48:52,034][root][INFO] - Length of data.x: 49
[2024-04-19 19:48:52,034][root][INFO] - Length of data.y: 49
[2024-04-19 19:48:52,203][root][INFO] - x: [ 0.06545178  0.08169295  0.84412636 -0.59558087 -0.44620156]
[2024-04-19 19:48:52,203][root][INFO] - y: [ 0.00816929 -0.30670755 -0.47394858  0.31685127]
[2024-04-19 19:48:52,203][root][INFO] - Reward: -0.9999993835782721
[2024-04-19 19:48:52,204][root][INFO] - --------------- Start iteration i=49 ---------------
[2024-04-19 19:48:52,204][root][INFO] - Length of data.x: 50
[2024-04-19 19:48:52,204][root][INFO] - Length of data.y: 50
[2024-04-19 19:48:52,374][root][INFO] - x: [ 0.07362108 -0.2250146   0.37017778 -0.2787296   0.73002936]
[2024-04-19 19:48:52,375][root][INFO] - y: [-0.02250146  0.02316756 -0.22180615  0.09933433]
[2024-04-19 19:48:52,375][root][INFO] - Reward: -0.9926320427614768
[2024-04-19 19:48:52,375][root][INFO] - Explore episode complete with return -19.59143506952671, resetting
[2024-04-19 19:48:52,375][root][INFO] - Exploration Episode Rewards: [-0.9999900720486148, -0.9999921132289696, -0.9999975194831529, -0.9999996201857924, -0.9999999432588437, -0.9999999925545963, -0.9999999961406434, -0.9999999335454363, -0.9996785550722915, -0.7778005760852791, -0.14614914161019588, -0.6114652922571489, -0.7933397462075853, -0.7250895226255589, -0.4653993985416158, -0.34754925723631, -0.4195018120749807, -0.2725986276295499, -0.43559420806005156, -0.6385970833463546, -0.9660968511040992, -0.9999644139269916, -0.9999999669629003, -0.9999993835782721, -0.9926320427614768]
[2024-04-19 19:48:52,376][root][INFO] - --------------- Start iteration i=50 ---------------
[2024-04-19 19:48:52,376][root][INFO] - Length of data.x: 51
[2024-04-19 19:48:52,376][root][INFO] - Length of data.y: 51
[2024-04-19 19:49:00,243][root][INFO] - Eval Returns: [-17.3918141  -17.12173637 -20.62956322 -18.39560411 -21.49372882]
[2024-04-19 19:49:00,248][root][INFO] - Eval Returns: mean=-19.006 std=1.752
[2024-04-19 19:49:00,248][root][INFO] - Eval ndata: 51.000
[2024-04-19 19:49:00,248][root][INFO] - Model MSE (current real MPC): 0.356
[2024-04-19 19:49:01,350][root][INFO] - Model MSE (random test set): 0.016
[2024-04-19 19:49:01,350][root][INFO] - Model MSE (GT MPC): 0.002
[2024-04-19 19:49:01,350][root][INFO] - Model Likelihood (random test set): -3.716
[2024-04-19 19:49:01,350][root][INFO] - Model Likelihood (GT MPC): -3.691
[2024-04-19 19:49:01,350][root][INFO] - *[TIME] [Evaluate the current MPC policy] Elapsed: 8.80 seconds
[2024-04-19 19:49:03,476][root][INFO] - x: [ 1.59444076e-04 -7.85624934e-04 -9.85147647e-01 -1.11108859e-03
 -3.04238028e-01]
[2024-04-19 19:49:03,476][root][INFO] - y: [-7.85624934e-05 -4.58601906e-02 -8.84176919e-04  4.12296732e-02]
[2024-04-19 19:49:03,477][root][INFO] - Reward: -0.9999900119278008
[2024-04-19 19:49:04,870][root][INFO] - --------------- Start iteration i=51 ---------------
[2024-04-19 19:49:04,870][root][INFO] - Length of data.x: 52
[2024-04-19 19:49:04,870][root][INFO] - Length of data.y: 52
[2024-04-19 19:49:05,048][root][INFO] - x: [ 8.08815823e-05 -4.66458156e-02 -9.86031824e-01  4.01185846e-02
 -2.44901324e-01]
[2024-04-19 19:49:05,049][root][INFO] - y: [-0.00466458 -0.03570835  0.03192538  0.03136587]
[2024-04-19 19:49:05,049][root][INFO] - Reward: -0.9999902697114061
[2024-04-19 19:49:05,050][root][INFO] - --------------- Start iteration i=52 ---------------
[2024-04-19 19:49:05,050][root][INFO] - Length of data.x: 53
[2024-04-19 19:49:05,050][root][INFO] - Length of data.y: 53
[2024-04-19 19:49:05,226][root][INFO] - x: [-0.0045837  -0.08235417 -0.95410644  0.07148445 -0.35695063]
[2024-04-19 19:49:05,226][root][INFO] - y: [-0.00823542 -0.04574851  0.05688557  0.03116422]
[2024-04-19 19:49:05,227][root][INFO] - Reward: -0.9999920654986784
[2024-04-19 19:49:05,228][root][INFO] - --------------- Start iteration i=53 ---------------
[2024-04-19 19:49:05,228][root][INFO] - Length of data.x: 54
[2024-04-19 19:49:05,228][root][INFO] - Length of data.y: 54
[2024-04-19 19:49:05,409][root][INFO] - x: [-0.01281912 -0.12810268 -0.89722088  0.10264867 -0.12500119]
[2024-04-19 19:49:05,410][root][INFO] - y: [-0.01281027  0.00452123  0.08168529 -0.0354475 ]
[2024-04-19 19:49:05,410][root][INFO] - Reward: -0.999996091745896
[2024-04-19 19:49:05,411][root][INFO] - --------------- Start iteration i=54 ---------------
[2024-04-19 19:49:05,411][root][INFO] - Length of data.x: 55
[2024-04-19 19:49:05,411][root][INFO] - Length of data.y: 55
[2024-04-19 19:49:05,594][root][INFO] - x: [-0.02562938 -0.12358145 -0.81553559  0.06720117  0.27738066]
[2024-04-19 19:49:05,594][root][INFO] - y: [-0.01235814  0.06531344  0.05347704 -0.10842567]
[2024-04-19 19:49:05,594][root][INFO] - Reward: -0.999998781481425
[2024-04-19 19:49:05,595][root][INFO] - --------------- Start iteration i=55 ---------------
[2024-04-19 19:49:05,595][root][INFO] - Length of data.x: 56
[2024-04-19 19:49:05,596][root][INFO] - Length of data.y: 56
[2024-04-19 19:49:05,768][root][INFO] - x: [-0.03798753 -0.05826801 -0.76205856 -0.0412245  -0.03071118]
[2024-04-19 19:49:05,768][root][INFO] - y: [-0.0058268   0.02123787 -0.03280544 -0.08233372]
[2024-04-19 19:49:05,768][root][INFO] - Reward: -0.9999994576594985
[2024-04-19 19:49:05,769][root][INFO] - --------------- Start iteration i=56 ---------------
[2024-04-19 19:49:05,769][root][INFO] - Length of data.x: 57
[2024-04-19 19:49:05,769][root][INFO] - Length of data.y: 57
[2024-04-19 19:49:05,943][root][INFO] - x: [-0.04381433 -0.03703015 -0.79486399 -0.12355822 -0.0613191 ]
[2024-04-19 19:49:05,943][root][INFO] - y: [-0.00370301  0.02699123 -0.09832458 -0.08057248]
[2024-04-19 19:49:05,943][root][INFO] - Reward: -0.9999994992747878
[2024-04-19 19:49:05,944][root][INFO] - --------------- Start iteration i=57 ---------------
[2024-04-19 19:49:05,944][root][INFO] - Length of data.x: 58
[2024-04-19 19:49:05,944][root][INFO] - Length of data.y: 58
[2024-04-19 19:49:06,118][root][INFO] - x: [-0.04751735 -0.01003892 -0.89318858 -0.2041307   0.03924248]
[2024-04-19 19:49:06,118][root][INFO] - y: [-0.00100389  0.04257214 -0.16244218 -0.07253481]
[2024-04-19 19:49:06,118][root][INFO] - Reward: -0.9999962947045301
[2024-04-19 19:49:06,119][root][INFO] - --------------- Start iteration i=58 ---------------
[2024-04-19 19:49:06,119][root][INFO] - Length of data.x: 59
[2024-04-19 19:49:06,120][root][INFO] - Length of data.y: 59
[2024-04-19 19:49:06,293][root][INFO] - x: [-0.04852124  0.03253322  0.94436924 -0.27666551  0.10040598]
[2024-04-19 19:49:06,294][root][INFO] - y: [ 0.00325332 -0.0142507  -0.22016359  0.03110894]
[2024-04-19 19:49:06,294][root][INFO] - Reward: -0.9995974409425942
[2024-04-19 19:49:06,295][root][INFO] - --------------- Start iteration i=59 ---------------
[2024-04-19 19:49:06,295][root][INFO] - Length of data.x: 60
[2024-04-19 19:49:06,295][root][INFO] - Length of data.y: 60
[2024-04-19 19:49:06,468][root][INFO] - x: [-0.04526792  0.01828253  0.72420565 -0.24555657  0.96571513]
[2024-04-19 19:49:06,469][root][INFO] - y: [ 0.00182825  0.04169729 -0.19540787  0.04782995]
[2024-04-19 19:49:06,469][root][INFO] - Reward: -0.9736646785151415
[2024-04-19 19:49:06,470][root][INFO] - --------------- Start iteration i=60 ---------------
[2024-04-19 19:49:06,470][root][INFO] - Length of data.x: 61
[2024-04-19 19:49:06,470][root][INFO] - Length of data.y: 61
[2024-04-19 19:49:14,831][root][INFO] - Eval Returns: [-12.30109497 -16.65643477 -11.97328208 -17.17869941 -16.91335747]
[2024-04-19 19:49:14,836][root][INFO] - Eval Returns: mean=-15.005 std=2.349
[2024-04-19 19:49:14,836][root][INFO] - Eval ndata: 61.000
[2024-04-19 19:49:14,836][root][INFO] - Model MSE (current real MPC): 0.321
[2024-04-19 19:49:15,939][root][INFO] - Model MSE (random test set): 0.016
[2024-04-19 19:49:15,939][root][INFO] - Model MSE (GT MPC): 0.001
[2024-04-19 19:49:15,939][root][INFO] - Model Likelihood (random test set): -3.712
[2024-04-19 19:49:15,939][root][INFO] - Model Likelihood (GT MPC): -3.683
[2024-04-19 19:49:15,939][root][INFO] - *[TIME] [Evaluate the current MPC policy] Elapsed: 9.29 seconds
[2024-04-19 19:49:17,827][root][INFO] - x: [-0.04343966  0.05997981  0.52879778 -0.19772662 -0.3663595 ]
[2024-04-19 19:49:17,827][root][INFO] - y: [ 0.00599798 -0.07728815 -0.15734597  0.10478109]
[2024-04-19 19:49:17,827][root][INFO] - Reward: -0.7309363464864581
[2024-04-19 19:49:19,412][root][INFO] - --------------- Start iteration i=61 ---------------
[2024-04-19 19:49:19,412][root][INFO] - Length of data.x: 62
[2024-04-19 19:49:19,413][root][INFO] - Length of data.y: 62
[2024-04-19 19:49:19,595][root][INFO] - x: [-0.03744168 -0.01730834  0.3714518  -0.09294553 -0.27386181]
[2024-04-19 19:49:19,595][root][INFO] - y: [-0.00173083 -0.02266643 -0.07396376  0.08139343]
[2024-04-19 19:49:19,595][root][INFO] - Reward: -0.4175171188799157
[2024-04-19 19:49:19,596][root][INFO] - --------------- Start iteration i=62 ---------------
[2024-04-19 19:49:19,596][root][INFO] - Length of data.x: 63
[2024-04-19 19:49:19,597][root][INFO] - Length of data.y: 63
[2024-04-19 19:49:19,778][root][INFO] - x: [-0.03917252 -0.03997477  0.29748804 -0.0115521  -0.07743302]
[2024-04-19 19:49:19,778][root][INFO] - y: [-0.00399748  0.01170418 -0.00919287  0.08594151]
[2024-04-19 19:49:19,778][root][INFO] - Reward: -0.35289306505328977
[2024-04-19 19:49:19,780][root][INFO] - --------------- Start iteration i=63 ---------------
[2024-04-19 19:49:19,780][root][INFO] - Length of data.x: 64
[2024-04-19 19:49:19,780][root][INFO] - Length of data.y: 64
[2024-04-19 19:49:19,961][root][INFO] - x: [-0.04316999 -0.02827059  0.28829517  0.07438942  0.52151513]
[2024-04-19 19:49:19,961][root][INFO] - y: [-0.00282706  0.07726969  0.05919726  0.12495521]
[2024-04-19 19:49:19,962][root][INFO] - Reward: -0.5846892269888755
[2024-04-19 19:49:19,963][root][INFO] - --------------- Start iteration i=64 ---------------
[2024-04-19 19:49:19,963][root][INFO] - Length of data.x: 65
[2024-04-19 19:49:19,963][root][INFO] - Length of data.y: 65
[2024-04-19 19:49:20,155][root][INFO] - x: [-0.04599705  0.0489991   0.34749243  0.19934463 -0.07085774]
[2024-04-19 19:49:20,155][root][INFO] - y: [ 0.00489991 -0.02778522  0.15863354  0.074334  ]
[2024-04-19 19:49:20,155][root][INFO] - Reward: -0.9622746821734228
[2024-04-19 19:49:20,157][root][INFO] - --------------- Start iteration i=65 ---------------
[2024-04-19 19:49:20,157][root][INFO] - Length of data.x: 66
[2024-04-19 19:49:20,157][root][INFO] - Length of data.y: 66
[2024-04-19 19:49:20,372][root][INFO] - x: [-0.04109714  0.02121388  0.50612598  0.27367863  0.58732339]
[2024-04-19 19:49:20,372][root][INFO] - y: [ 0.00212139 -0.01239575  0.21778671  0.09842035]
[2024-04-19 19:49:20,372][root][INFO] - Reward: -0.999609326557161
[2024-04-19 19:49:20,373][root][INFO] - --------------- Start iteration i=66 ---------------
[2024-04-19 19:49:20,373][root][INFO] - Length of data.x: 67
[2024-04-19 19:49:20,373][root][INFO] - Length of data.y: 67
[2024-04-19 19:49:20,552][root][INFO] - x: [-0.03897575  0.00881813  0.72391269  0.37209898  0.22206397]
[2024-04-19 19:49:20,552][root][INFO] - y: [ 0.00088181 -0.11272586  0.2961072   0.1478056 ]
[2024-04-19 19:49:20,553][root][INFO] - Reward: -0.999997500430891
[2024-04-19 19:49:20,554][root][INFO] - --------------- Start iteration i=67 ---------------
[2024-04-19 19:49:20,554][root][INFO] - Length of data.x: 68
[2024-04-19 19:49:20,554][root][INFO] - Length of data.y: 68
[2024-04-19 19:49:20,732][root][INFO] - x: [-0.03809394 -0.10390773 -0.97998011  0.51990458  0.14575334]
[2024-04-19 19:49:20,732][root][INFO] - y: [-0.01039077  0.05403585  0.41372725 -0.0601014 ]
[2024-04-19 19:49:20,732][root][INFO] - Reward: -0.999998461845243
[2024-04-19 19:49:20,734][root][INFO] - --------------- Start iteration i=68 ---------------
[2024-04-19 19:49:20,734][root][INFO] - Length of data.x: 69
[2024-04-19 19:49:20,734][root][INFO] - Length of data.y: 69
[2024-04-19 19:49:20,913][root][INFO] - x: [-0.04848471 -0.04987188 -0.56625286  0.45980318 -0.68476774]
[2024-04-19 19:49:20,913][root][INFO] - y: [-0.00498719  0.13556537  0.36590004 -0.12409361]
[2024-04-19 19:49:20,913][root][INFO] - Reward: -0.9983600508477022
[2024-04-19 19:49:20,914][root][INFO] - --------------- Start iteration i=69 ---------------
[2024-04-19 19:49:20,914][root][INFO] - Length of data.x: 70
[2024-04-19 19:49:20,914][root][INFO] - Length of data.y: 70
[2024-04-19 19:49:21,094][root][INFO] - x: [-0.0534719   0.0856935  -0.20035282  0.33570957 -0.3138685 ]
[2024-04-19 19:49:21,094][root][INFO] - y: [ 0.00856935  0.01646546  0.2671494  -0.04449839]
[2024-04-19 19:49:21,094][root][INFO] - Reward: -0.5688919755021713
[2024-04-19 19:49:21,095][root][INFO] - --------------- Start iteration i=70 ---------------
[2024-04-19 19:49:21,096][root][INFO] - Length of data.x: 71
[2024-04-19 19:49:21,096][root][INFO] - Length of data.y: 71
[2024-04-19 19:49:30,016][root][INFO] - Eval Returns: [-14.4246333  -14.59168092 -12.60553609 -16.96590489 -11.2613316 ]
[2024-04-19 19:49:30,021][root][INFO] - Eval Returns: mean=-13.970 std=1.937
[2024-04-19 19:49:30,021][root][INFO] - Eval ndata: 71.000
[2024-04-19 19:49:30,021][root][INFO] - Model MSE (current real MPC): 0.288
[2024-04-19 19:49:31,113][root][INFO] - Model MSE (random test set): 0.009
[2024-04-19 19:49:31,113][root][INFO] - Model MSE (GT MPC): 0.000
[2024-04-19 19:49:31,113][root][INFO] - Model Likelihood (random test set): -3.712
[2024-04-19 19:49:31,113][root][INFO] - Model Likelihood (GT MPC): -3.682
[2024-04-19 19:49:31,113][root][INFO] - *[TIME] [Evaluate the current MPC policy] Elapsed: 9.84 seconds
[2024-04-19 19:49:32,959][root][INFO] - x: [-0.04490255  0.10215896  0.06679658  0.29121118  0.45698211]
[2024-04-19 19:49:32,959][root][INFO] - y: [0.0102159  0.05554255 0.23173868 0.07478021]
[2024-04-19 19:49:32,959][root][INFO] - Reward: -0.46770263389054023
[2024-04-19 19:49:34,435][root][INFO] - --------------- Start iteration i=71 ---------------
[2024-04-19 19:49:34,435][root][INFO] - Length of data.x: 72
[2024-04-19 19:49:34,435][root][INFO] - Length of data.y: 72
[2024-04-19 19:49:34,638][root][INFO] - x: [-0.03468666  0.1577015   0.29853526  0.36599139 -0.07766842]
[2024-04-19 19:49:34,638][root][INFO] - y: [ 0.01577015 -0.10708455  0.29124693  0.01583821]
[2024-04-19 19:49:34,639][root][INFO] - Reward: -0.9972748642580906
[2024-04-19 19:49:34,640][root][INFO] - --------------- Start iteration i=72 ---------------
[2024-04-19 19:49:34,640][root][INFO] - Length of data.x: 73
[2024-04-19 19:49:34,640][root][INFO] - Length of data.y: 73
[2024-04-19 19:49:34,826][root][INFO] - x: [-0.0189165   0.05061696  0.58978219  0.3818296   0.24434936]
[2024-04-19 19:49:34,826][root][INFO] - y: [ 0.0050617  -0.12070306  0.30385058  0.12791519]
[2024-04-19 19:49:34,826][root][INFO] - Reward: -0.9999818839771668
[2024-04-19 19:49:34,828][root][INFO] - --------------- Start iteration i=73 ---------------
[2024-04-19 19:49:34,828][root][INFO] - Length of data.x: 74
[2024-04-19 19:49:34,828][root][INFO] - Length of data.y: 74
[2024-04-19 19:49:35,015][root][INFO] - x: [-0.01385481 -0.0700861   0.89363277  0.50974478  0.03852605]
[2024-04-19 19:49:35,015][root][INFO] - y: [-0.00700861 -0.13038798  0.40564234  0.15538318]
[2024-04-19 19:49:35,015][root][INFO] - Reward: -0.999985218755881
[2024-04-19 19:49:35,016][root][INFO] - --------------- Start iteration i=74 ---------------
[2024-04-19 19:49:35,016][root][INFO] - Length of data.x: 75
[2024-04-19 19:49:35,016][root][INFO] - Length of data.y: 75
[2024-04-19 19:49:35,216][root][INFO] - x: [-0.02086342 -0.20047408 -0.70072489  0.66512796  0.13501199]
[2024-04-19 19:49:35,216][root][INFO] - y: [-0.02004741  0.42319626  0.52929244 -0.32884088]
[2024-04-19 19:49:35,216][root][INFO] - Reward: -0.9845283627563322
[2024-04-19 19:49:35,216][root][INFO] - Explore episode complete with return -22.037865309864898, resetting
[2024-04-19 19:49:35,216][root][INFO] - Exploration Episode Rewards: [-0.9999900119278008, -0.9999902697114061, -0.9999920654986784, -0.999996091745896, -0.999998781481425, -0.9999994576594985, -0.9999994992747878, -0.9999962947045301, -0.9995974409425942, -0.9736646785151415, -0.7309363464864581, -0.4175171188799157, -0.35289306505328977, -0.5846892269888755, -0.9622746821734228, -0.999609326557161, -0.999997500430891, -0.999998461845243, -0.9983600508477022, -0.5688919755021713, -0.46770263389054023, -0.9972748642580906, -0.9999818839771668, -0.999985218755881, -0.9845283627563322]
[2024-04-19 19:49:35,218][root][INFO] - --------------- Start iteration i=75 ---------------
[2024-04-19 19:49:35,218][root][INFO] - Length of data.x: 76
[2024-04-19 19:49:35,218][root][INFO] - Length of data.y: 76
[2024-04-19 19:49:35,415][root][INFO] - x: [-1.32743869e-03 -2.43473390e-03 -9.96648920e-01 -6.63906463e-04
  2.77784087e-01]
[2024-04-19 19:49:35,416][root][INFO] - y: [-0.00024347  0.04510181 -0.00052832 -0.04613336]
[2024-04-19 19:49:35,416][root][INFO] - Reward: -0.9999901010841606
[2024-04-19 19:49:35,417][root][INFO] - --------------- Start iteration i=76 ---------------
[2024-04-19 19:49:35,417][root][INFO] - Length of data.x: 77
[2024-04-19 19:49:35,417][root][INFO] - Length of data.y: 77
[2024-04-19 19:49:35,602][root][INFO] - x: [-0.00157091  0.04266708 -0.99717724 -0.04679727  0.12938585]
[2024-04-19 19:49:35,603][root][INFO] - y: [ 0.00426671  0.02056985 -0.03724011 -0.02144011]
[2024-04-19 19:49:35,603][root][INFO] - Reward: -0.9999900715221627
[2024-04-19 19:49:35,604][root][INFO] - --------------- Start iteration i=77 ---------------
[2024-04-19 19:49:35,604][root][INFO] - Length of data.x: 78
[2024-04-19 19:49:35,604][root][INFO] - Length of data.y: 78
[2024-04-19 19:49:35,788][root][INFO] - x: [ 0.0026958   0.06323693  0.96558264 -0.06823738  0.34128177]
[2024-04-19 19:49:35,788][root][INFO] - y: [ 0.00632369  0.0461954  -0.05430163 -0.03532815]
[2024-04-19 19:49:35,789][root][INFO] - Reward: -0.9999908432139551
[2024-04-19 19:49:35,790][root][INFO] - --------------- Start iteration i=78 ---------------
[2024-04-19 19:49:35,790][root][INFO] - Length of data.x: 79
[2024-04-19 19:49:35,790][root][INFO] - Length of data.y: 79
[2024-04-19 19:49:35,974][root][INFO] - x: [ 0.00901949  0.10943233  0.91128102 -0.10356553  0.20781688]
[2024-04-19 19:49:35,974][root][INFO] - y: [ 0.01094323  0.01098939 -0.0824149   0.01645213]
[2024-04-19 19:49:35,974][root][INFO] - Reward: -0.9999939023744014
[2024-04-19 19:49:35,976][root][INFO] - --------------- Start iteration i=79 ---------------
[2024-04-19 19:49:35,976][root][INFO] - Length of data.x: 80
[2024-04-19 19:49:35,976][root][INFO] - Length of data.y: 80
[2024-04-19 19:49:36,160][root][INFO] - x: [ 0.01996272  0.12042172  0.82886612 -0.0871134   0.17086302]
[2024-04-19 19:49:36,160][root][INFO] - y: [ 0.01204217 -0.0054733  -0.0693227   0.05498996]
[2024-04-19 19:49:36,160][root][INFO] - Reward: -0.9999974492097127
[2024-04-19 19:49:36,162][root][INFO] - --------------- Start iteration i=80 ---------------
[2024-04-19 19:49:36,162][root][INFO] - Length of data.x: 81
[2024-04-19 19:49:36,162][root][INFO] - Length of data.y: 81
[2024-04-19 19:49:45,519][root][INFO] - Eval Returns: [-15.21270291 -11.43908996 -12.50624144 -15.45907488 -15.71022235]
[2024-04-19 19:49:45,523][root][INFO] - Eval Returns: mean=-14.065 std=1.749
[2024-04-19 19:49:45,524][root][INFO] - Eval ndata: 81.000
[2024-04-19 19:49:45,524][root][INFO] - Model MSE (current real MPC): 0.320
[2024-04-19 19:49:46,635][root][INFO] - Model MSE (random test set): 0.005
[2024-04-19 19:49:46,635][root][INFO] - Model MSE (GT MPC): 0.000
[2024-04-19 19:49:46,635][root][INFO] - Model Likelihood (random test set): -3.702
[2024-04-19 19:49:46,635][root][INFO] - Model Likelihood (GT MPC): -3.680
[2024-04-19 19:49:46,635][root][INFO] - *[TIME] [Evaluate the current MPC policy] Elapsed: 10.29 seconds
[2024-04-19 19:49:48,406][root][INFO] - x: [ 0.03200489  0.11494842  0.75954342 -0.03212344 -0.05493497]
[2024-04-19 19:49:48,406][root][INFO] - y: [ 0.01149484 -0.0320564  -0.02556304  0.09066184]
[2024-04-19 19:49:48,406][root][INFO] - Reward: -0.9999993421782972
[2024-04-19 19:49:49,416][root][INFO] - --------------- Start iteration i=81 ---------------
[2024-04-19 19:49:49,416][root][INFO] - Length of data.x: 82
[2024-04-19 19:49:49,416][root][INFO] - Length of data.y: 82
[2024-04-19 19:49:49,605][root][INFO] - x: [ 0.04349974  0.08289202  0.73398038  0.0585384  -0.28566323]
[2024-04-19 19:49:49,605][root][INFO] - y: [ 0.0082892  -0.06026113  0.04658342  0.11325666]
[2024-04-19 19:49:49,605][root][INFO] - Reward: -0.9999998167918673
[2024-04-19 19:49:49,607][root][INFO] - --------------- Start iteration i=82 ---------------
[2024-04-19 19:49:49,607][root][INFO] - Length of data.x: 83
[2024-04-19 19:49:49,607][root][INFO] - Length of data.y: 83
[2024-04-19 19:49:49,792][root][INFO] - x: [ 0.05178894  0.02263089  0.7805638   0.17179506 -0.04830721]
[2024-04-19 19:49:49,793][root][INFO] - y: [ 0.00226309 -0.05243906  0.13671028  0.10292513]
[2024-04-19 19:49:49,793][root][INFO] - Reward: -0.9999996932757329
[2024-04-19 19:49:49,794][root][INFO] - --------------- Start iteration i=83 ---------------
[2024-04-19 19:49:49,794][root][INFO] - Length of data.x: 84
[2024-04-19 19:49:49,794][root][INFO] - Length of data.y: 84
[2024-04-19 19:49:49,981][root][INFO] - x: [ 0.05405203 -0.02980817  0.91727407  0.27472019 -0.51269859]
[2024-04-19 19:49:49,981][root][INFO] - y: [-0.00298082 -0.12050441  0.21861556  0.14169275]
[2024-04-19 19:49:49,981][root][INFO] - Reward: -0.9999842641511298
[2024-04-19 19:49:49,983][root][INFO] - --------------- Start iteration i=84 ---------------
[2024-04-19 19:49:49,983][root][INFO] - Length of data.x: 85
[2024-04-19 19:49:49,983][root][INFO] - Length of data.y: 85
[2024-04-19 19:49:50,170][root][INFO] - x: [ 0.05107121 -0.15031258 -0.86411037  0.41641295 -0.22172738]
[2024-04-19 19:49:50,170][root][INFO] - y: [-0.01503126  0.08780095  0.33137116 -0.12058159]
[2024-04-19 19:49:50,170][root][INFO] - Reward: -0.9807247611572905
[2024-04-19 19:49:50,171][root][INFO] - --------------- Start iteration i=85 ---------------
[2024-04-19 19:49:50,172][root][INFO] - Length of data.x: 86
[2024-04-19 19:49:50,172][root][INFO] - Length of data.y: 86
[2024-04-19 19:49:50,358][root][INFO] - x: [ 0.03603995 -0.06251163 -0.53273921  0.29583136 -0.23535385]
[2024-04-19 19:49:50,358][root][INFO] - y: [-0.00625116  0.06271134  0.2354153  -0.10411967]
[2024-04-19 19:49:50,359][root][INFO] - Reward: -0.525665989261374
[2024-04-19 19:49:50,360][root][INFO] - --------------- Start iteration i=86 ---------------
[2024-04-19 19:49:50,360][root][INFO] - Length of data.x: 87
[2024-04-19 19:49:50,360][root][INFO] - Length of data.y: 87
[2024-04-19 19:49:50,547][root][INFO] - x: [ 2.97887886e-02  1.99715312e-04 -2.97323902e-01  1.91711690e-01
 -3.55974787e-01]
[2024-04-19 19:49:50,548][root][INFO] - y: [ 1.99715312e-05 -2.93965319e-02  1.52559438e-01 -9.64355499e-02]
[2024-04-19 19:49:50,548][root][INFO] - Reward: -0.03852931918153735
[2024-04-19 19:49:50,549][root][INFO] - --------------- Start iteration i=87 ---------------
[2024-04-19 19:49:50,549][root][INFO] - Length of data.x: 88
[2024-04-19 19:49:50,550][root][INFO] - Length of data.y: 88
[2024-04-19 19:49:50,740][root][INFO] - x: [ 0.02980876 -0.02919682 -0.14476446  0.09527614 -0.01172141]
[2024-04-19 19:49:50,740][root][INFO] - y: [-0.00291968 -0.01674007  0.0758184  -0.05817522]
[2024-04-19 19:49:50,740][root][INFO] - Reward: -0.14636195210516711
[2024-04-19 19:49:50,742][root][INFO] - --------------- Start iteration i=88 ---------------
[2024-04-19 19:49:50,742][root][INFO] - Length of data.x: 89
[2024-04-19 19:49:50,742][root][INFO] - Length of data.y: 89
[2024-04-19 19:49:50,930][root][INFO] - x: [ 0.02688908 -0.04593689 -0.06894606  0.03710092  0.11899786]
[2024-04-19 19:49:50,930][root][INFO] - y: [-0.00459369  0.00764     0.029524   -0.01364273]
[2024-04-19 19:49:50,931][root][INFO] - Reward: -0.1625415846393633
[2024-04-19 19:49:50,932][root][INFO] - --------------- Start iteration i=89 ---------------
[2024-04-19 19:49:50,932][root][INFO] - Length of data.x: 90
[2024-04-19 19:49:50,932][root][INFO] - Length of data.y: 90
[2024-04-19 19:49:51,121][root][INFO] - x: [ 0.02229539 -0.03829688 -0.03942206  0.02345819  0.01046161]
[2024-04-19 19:49:51,121][root][INFO] - y: [-0.00382969 -0.0047903   0.01866745 -0.01688441]
[2024-04-19 19:49:51,121][root][INFO] - Reward: -0.15593202134819595
[2024-04-19 19:49:51,123][root][INFO] - --------------- Start iteration i=90 ---------------
[2024-04-19 19:49:51,123][root][INFO] - Length of data.x: 91
[2024-04-19 19:49:51,123][root][INFO] - Length of data.y: 91
[2024-04-19 19:50:01,002][root][INFO] - Eval Returns: [-11.67100823 -14.81393057 -16.84171567 -16.71211071 -15.51585825]
[2024-04-19 19:50:01,007][root][INFO] - Eval Returns: mean=-15.111 std=1.879
[2024-04-19 19:50:01,007][root][INFO] - Eval ndata: 91.000
[2024-04-19 19:50:01,007][root][INFO] - Model MSE (current real MPC): 0.320
[2024-04-19 19:50:02,101][root][INFO] - Model MSE (random test set): 0.004
[2024-04-19 19:50:02,101][root][INFO] - Model MSE (GT MPC): 0.000
[2024-04-19 19:50:02,101][root][INFO] - Model Likelihood (random test set): -3.700
[2024-04-19 19:50:02,101][root][INFO] - Model Likelihood (GT MPC): -3.679
[2024-04-19 19:50:02,101][root][INFO] - *[TIME] [Evaluate the current MPC policy] Elapsed: 10.79 seconds
[2024-04-19 19:50:04,007][root][INFO] - x: [ 0.0184657  -0.04308718 -0.02075461  0.00657378 -0.03869025]
[2024-04-19 19:50:04,007][root][INFO] - y: [-0.00430872 -0.00930397  0.00523125 -0.01568255]
[2024-04-19 19:50:04,008][root][INFO] - Reward: -0.09600496208989118
[2024-04-19 19:50:04,829][root][INFO] - --------------- Start iteration i=91 ---------------
[2024-04-19 19:50:04,829][root][INFO] - Length of data.x: 92
[2024-04-19 19:50:04,830][root][INFO] - Length of data.y: 92
[2024-04-19 19:50:05,034][root][INFO] - x: [ 0.01415698 -0.05239115 -0.01552337 -0.00910878  0.21878449]
[2024-04-19 19:50:05,034][root][INFO] - y: [-0.00523912  0.03293403 -0.00724854  0.02810774]
[2024-04-19 19:50:05,035][root][INFO] - Reward: -0.017015483092875816
[2024-04-19 19:50:05,036][root][INFO] - --------------- Start iteration i=92 ---------------
[2024-04-19 19:50:05,036][root][INFO] - Length of data.x: 93
[2024-04-19 19:50:05,036][root][INFO] - Length of data.y: 93
[2024-04-19 19:50:05,231][root][INFO] - x: [ 0.00891787 -0.01945713 -0.02277191  0.01899897 -0.01884839]
[2024-04-19 19:50:05,231][root][INFO] - y: [-0.00194571 -0.00684551  0.01511891 -0.01384724]
[2024-04-19 19:50:05,231][root][INFO] - Reward: -0.024165869915072857
[2024-04-19 19:50:05,233][root][INFO] - --------------- Start iteration i=93 ---------------
[2024-04-19 19:50:05,233][root][INFO] - Length of data.x: 94
[2024-04-19 19:50:05,233][root][INFO] - Length of data.y: 94
[2024-04-19 19:50:05,437][root][INFO] - x: [ 0.00697215 -0.02630264 -0.007653    0.00515173  0.29536436]
[2024-04-19 19:50:05,437][root][INFO] - y: [-0.00263026  0.04624802  0.00409962  0.0438739 ]
[2024-04-19 19:50:05,437][root][INFO] - Reward: -0.010729548303694103
[2024-04-19 19:50:05,439][root][INFO] - --------------- Start iteration i=94 ---------------
[2024-04-19 19:50:05,439][root][INFO] - Length of data.x: 95
[2024-04-19 19:50:05,439][root][INFO] - Length of data.y: 95
[2024-04-19 19:50:05,650][root][INFO] - x: [ 0.00434189  0.01994538 -0.00355337  0.04902563 -0.30882123]
[2024-04-19 19:50:05,650][root][INFO] - y: [ 0.00199454 -0.0503442   0.03901339 -0.05143727]
[2024-04-19 19:50:05,650][root][INFO] - Reward: -0.12667652454859957
[2024-04-19 19:50:05,653][root][INFO] - --------------- Start iteration i=95 ---------------
[2024-04-19 19:50:05,653][root][INFO] - Length of data.x: 96
[2024-04-19 19:50:05,653][root][INFO] - Length of data.y: 96
[2024-04-19 19:50:05,867][root][INFO] - x: [ 0.00633643 -0.03039882  0.03546001 -0.00241164 -0.11142218]
[2024-04-19 19:50:05,867][root][INFO] - y: [-0.00303988 -0.01075283 -0.00191912  0.00023077]
[2024-04-19 19:50:05,867][root][INFO] - Reward: -0.0712601114153808
[2024-04-19 19:50:05,869][root][INFO] - --------------- Start iteration i=96 ---------------
[2024-04-19 19:50:05,869][root][INFO] - Length of data.x: 97
[2024-04-19 19:50:05,869][root][INFO] - Length of data.y: 97
[2024-04-19 19:50:06,075][root][INFO] - x: [ 0.00329655 -0.04115166  0.03354089 -0.00218087 -0.01539638]
[2024-04-19 19:50:06,075][root][INFO] - y: [-0.00411517  0.00432818 -0.00173549  0.01463254]
[2024-04-19 19:50:06,075][root][INFO] - Reward: -0.02119859383938405
[2024-04-19 19:50:06,077][root][INFO] - --------------- Start iteration i=97 ---------------
[2024-04-19 19:50:06,077][root][INFO] - Length of data.x: 98
[2024-04-19 19:50:06,077][root][INFO] - Length of data.y: 98
[2024-04-19 19:50:06,270][root][INFO] - x: [-0.00081862 -0.03682348  0.0318054   0.01245166 -0.30419449]
[2024-04-19 19:50:06,270][root][INFO] - y: [-0.00368235 -0.04200619  0.00990873 -0.0320009 ]
[2024-04-19 19:50:06,271][root][INFO] - Reward: -0.009091804808904369
[2024-04-19 19:50:06,272][root][INFO] - --------------- Start iteration i=98 ---------------
[2024-04-19 19:50:06,272][root][INFO] - Length of data.x: 99
[2024-04-19 19:50:06,272][root][INFO] - Length of data.y: 99
[2024-04-19 19:50:06,466][root][INFO] - x: [-0.00450097 -0.07882967  0.04171413 -0.01954923  0.16914517]
[2024-04-19 19:50:06,466][root][INFO] - y: [-0.00788297  0.03551897 -0.0155568   0.04804659]
[2024-04-19 19:50:06,466][root][INFO] - Reward: -0.04356407501241466
[2024-04-19 19:50:06,468][root][INFO] - --------------- Start iteration i=99 ---------------
[2024-04-19 19:50:06,468][root][INFO] - Length of data.x: 100
[2024-04-19 19:50:06,468][root][INFO] - Length of data.y: 100
[2024-04-19 19:50:06,661][root][INFO] - x: [-0.01238393 -0.0433107   0.02615733  0.02849736 -0.35503811]
[2024-04-19 19:50:06,661][root][INFO] - y: [-0.00433107 -0.05118617  0.0226775  -0.04295288]
[2024-04-19 19:50:06,662][root][INFO] - Reward: -0.04491047209707977
[2024-04-19 19:50:06,662][root][INFO] - Explore episode complete with return -11.474318556617646, resetting
[2024-04-19 19:50:06,662][root][INFO] - Exploration Episode Rewards: [-0.9999901010841606, -0.9999900715221627, -0.9999908432139551, -0.9999939023744014, -0.9999974492097127, -0.9999993421782972, -0.9999998167918673, -0.9999996932757329, -0.9999842641511298, -0.9807247611572905, -0.525665989261374, -0.03852931918153735, -0.14636195210516711, -0.1625415846393633, -0.15593202134819595, -0.09600496208989118, -0.017015483092875816, -0.024165869915072857, -0.010729548303694103, -0.12667652454859957, -0.0712601114153808, -0.02119859383938405, -0.009091804808904369, -0.04356407501241466, -0.04491047209707977]
[2024-04-19 19:50:06,664][root][INFO] - --------------- Start iteration i=100 ---------------
[2024-04-19 19:50:06,664][root][INFO] - Length of data.x: 101
[2024-04-19 19:50:06,664][root][INFO] - Length of data.y: 101
[2024-04-19 19:50:17,139][root][INFO] - Eval Returns: [-10.73436989 -14.38652064 -11.49076277 -16.96081513 -11.60765589]
[2024-04-19 19:50:17,143][root][INFO] - Eval Returns: mean=-13.036 std=2.322
[2024-04-19 19:50:17,143][root][INFO] - Eval ndata: 101.000
[2024-04-19 19:50:17,144][root][INFO] - Model MSE (current real MPC): 0.320
[2024-04-19 19:50:18,254][root][INFO] - Model MSE (random test set): 0.004
[2024-04-19 19:50:18,254][root][INFO] - Model MSE (GT MPC): 0.000
[2024-04-19 19:50:18,254][root][INFO] - Model Likelihood (random test set): -3.698
[2024-04-19 19:50:18,254][root][INFO] - Model Likelihood (GT MPC): -3.679
[2024-04-19 19:50:18,254][root][INFO] - *[TIME] [Evaluate the current MPC policy] Elapsed: 11.40 seconds
[2024-04-19 19:50:19,840][root][INFO] - x: [-1.05987569e-03  2.39964696e-03 -9.98139984e-01  2.44916865e-05
  3.95425473e-01]
[2024-04-19 19:50:19,840][root][INFO] - y: [ 2.39964696e-04  6.35728130e-02  1.94898806e-05 -6.41457951e-02]
[2024-04-19 19:50:19,840][root][INFO] - Reward: -0.9999900794507108
[2024-04-19 19:50:20,589][root][INFO] - --------------- Start iteration i=101 ---------------
[2024-04-19 19:50:20,589][root][INFO] - Length of data.x: 102
[2024-04-19 19:50:20,589][root][INFO] - Length of data.y: 102
[2024-04-19 19:50:20,797][root][INFO] - x: [-8.19910995e-04  6.59724599e-02 -9.98120494e-01 -6.41213034e-02
  3.29439786e-01]
[2024-04-19 19:50:20,797][root][INFO] - y: [ 0.00659725  0.05203819 -0.05102615 -0.05261736]
[2024-04-19 19:50:20,797][root][INFO] - Reward: -0.9999904929293032
[2024-04-19 19:50:20,799][root][INFO] - --------------- Start iteration i=102 ---------------
[2024-04-19 19:50:20,799][root][INFO] - Length of data.x: 103
[2024-04-19 19:50:20,799][root][INFO] - Length of data.y: 103
[2024-04-19 19:50:20,997][root][INFO] - x: [ 0.00577733  0.11801065  0.95085335 -0.11673867  0.16499755]
[2024-04-19 19:50:20,997][root][INFO] - y: [ 0.01180107  0.0122406  -0.09289775  0.00300704]
[2024-04-19 19:50:20,997][root][INFO] - Reward: -0.9999934198218378
[2024-04-19 19:50:20,999][root][INFO] - --------------- Start iteration i=103 ---------------
[2024-04-19 19:50:20,999][root][INFO] - Length of data.x: 104
[2024-04-19 19:50:20,999][root][INFO] - Length of data.y: 104
[2024-04-19 19:50:21,197][root][INFO] - x: [ 0.0175784   0.13025125  0.8579556  -0.11373162 -0.07515934]
[2024-04-19 19:50:21,197][root][INFO] - y: [ 0.01302512 -0.04085597 -0.09050482  0.07923659]
[2024-04-19 19:50:21,197][root][INFO] - Reward: -0.99999712579093
[2024-04-19 19:50:21,199][root][INFO] - --------------- Start iteration i=104 ---------------
[2024-04-19 19:50:21,199][root][INFO] - Length of data.x: 105
[2024-04-19 19:50:21,199][root][INFO] - Length of data.y: 105
[2024-04-19 19:50:21,397][root][INFO] - x: [ 0.03060352  0.08939528  0.76745077 -0.03449503  0.11904242]
[2024-04-19 19:50:21,397][root][INFO] - y: [ 0.00893953 -0.01014674 -0.0274503   0.07308599]
[2024-04-19 19:50:21,397][root][INFO] - Reward: -0.9999989010715605
[2024-04-19 19:50:21,399][root][INFO] - --------------- Start iteration i=105 ---------------
[2024-04-19 19:50:21,399][root][INFO] - Length of data.x: 106
[2024-04-19 19:50:21,399][root][INFO] - Length of data.y: 106
[2024-04-19 19:50:21,599][root][INFO] - x: [ 0.03954305  0.07924854  0.74000048  0.03859096 -0.17217331]
[2024-04-19 19:50:21,599][root][INFO] - y: [ 0.00792485 -0.04537785  0.03070973  0.10264801]
[2024-04-19 19:50:21,599][root][INFO] - Reward: -0.9999996611130828
[2024-04-19 19:50:21,601][root][INFO] - --------------- Start iteration i=106 ---------------
[2024-04-19 19:50:21,601][root][INFO] - Length of data.x: 107
[2024-04-19 19:50:21,601][root][INFO] - Length of data.y: 107
[2024-04-19 19:50:21,800][root][INFO] - x: [ 0.04746791  0.03387068  0.77071021  0.14123897 -0.2471515 ]
[2024-04-19 19:50:21,800][root][INFO] - y: [ 0.00338707 -0.07060275  0.11239449  0.11784031]
[2024-04-19 19:50:21,800][root][INFO] - Reward: -0.9999996809062743
[2024-04-19 19:50:21,802][root][INFO] - --------------- Start iteration i=107 ---------------
[2024-04-19 19:50:21,802][root][INFO] - Length of data.x: 108
[2024-04-19 19:50:21,802][root][INFO] - Length of data.y: 108
[2024-04-19 19:50:22,000][root][INFO] - x: [ 0.05085497 -0.03673206  0.8831047   0.25907928 -0.27045134]
[2024-04-19 19:50:22,000][root][INFO] - y: [-0.00367321 -0.09150071  0.2061689   0.12065741]
[2024-04-19 19:50:22,000][root][INFO] - Reward: -0.9999926593208772
[2024-04-19 19:50:22,002][root][INFO] - --------------- Start iteration i=108 ---------------
[2024-04-19 19:50:22,002][root][INFO] - Length of data.x: 109
[2024-04-19 19:50:22,002][root][INFO] - Length of data.y: 109
[2024-04-19 19:50:22,200][root][INFO] - x: [ 0.04718177 -0.12823278 -0.9107264   0.37973668 -0.35099705]
[2024-04-19 19:50:22,200][root][INFO] - y: [-0.01282328  0.02049401  0.30218509 -0.04687513]
[2024-04-19 19:50:22,201][root][INFO] - Reward: -0.9960028206208366
[2024-04-19 19:50:22,202][root][INFO] - --------------- Start iteration i=109 ---------------
[2024-04-19 19:50:22,203][root][INFO] - Length of data.x: 110
[2024-04-19 19:50:22,203][root][INFO] - Length of data.y: 110
[2024-04-19 19:50:22,402][root][INFO] - x: [ 0.03435849 -0.10773876 -0.6085413   0.33286155 -0.29625667]
[2024-04-19 19:50:22,402][root][INFO] - y: [-0.01077388  0.08449272  0.26488302 -0.12080217]
[2024-04-19 19:50:22,402][root][INFO] - Reward: -0.7750336297077935
[2024-04-19 19:50:22,404][root][INFO] - --------------- Start iteration i=110 ---------------
[2024-04-19 19:50:22,404][root][INFO] - Length of data.x: 111
[2024-04-19 19:50:22,404][root][INFO] - Length of data.y: 111
[2024-04-19 19:50:33,439][root][INFO] - Eval Returns: [-13.03336997 -11.89029781 -13.27365717 -14.33331014 -11.3916399 ]
[2024-04-19 19:50:33,443][root][INFO] - Eval Returns: mean=-12.784 std=1.043
[2024-04-19 19:50:33,443][root][INFO] - Eval ndata: 111.000
[2024-04-19 19:50:33,444][root][INFO] - Model MSE (current real MPC): 0.288
[2024-04-19 19:50:34,561][root][INFO] - Model MSE (random test set): 0.004
[2024-04-19 19:50:34,561][root][INFO] - Model MSE (GT MPC): 0.000
[2024-04-19 19:50:34,561][root][INFO] - Model Likelihood (random test set): -3.698
[2024-04-19 19:50:34,561][root][INFO] - Model Likelihood (GT MPC): -3.679
[2024-04-19 19:50:34,561][root][INFO] - *[TIME] [Evaluate the current MPC policy] Elapsed: 11.96 seconds
[2024-04-19 19:50:36,088][root][INFO] - x: [ 0.02358461 -0.02324604 -0.34365828  0.21205939 -0.08812465]
[2024-04-19 19:50:36,089][root][INFO] - y: [-0.0023246   0.01448809  0.16875163 -0.07975796]
[2024-04-19 19:50:36,089][root][INFO] - Reward: -0.13377563352172794
[2024-04-19 19:50:36,931][root][INFO] - --------------- Start iteration i=111 ---------------
[2024-04-19 19:50:36,932][root][INFO] - Length of data.x: 112
[2024-04-19 19:50:36,932][root][INFO] - Length of data.y: 112
[2024-04-19 19:50:37,138][root][INFO] - x: [ 0.02126001 -0.00875796 -0.17490665  0.13230143 -0.0650032 ]
[2024-04-19 19:50:37,138][root][INFO] - y: [-0.0008758  -0.01958473  0.10528222 -0.0679865 ]
[2024-04-19 19:50:37,139][root][INFO] - Reward: -0.044027708318286396
[2024-04-19 19:50:37,141][root][INFO] - --------------- Start iteration i=112 ---------------
[2024-04-19 19:50:37,141][root][INFO] - Length of data.x: 113
[2024-04-19 19:50:37,141][root][INFO] - Length of data.y: 113
[2024-04-19 19:50:37,346][root][INFO] - x: [ 0.02038421 -0.02834269 -0.06962443  0.06431493 -0.13446207]
[2024-04-19 19:50:37,347][root][INFO] - y: [-0.00283427 -0.03131006  0.05118024 -0.05187262]
[2024-04-19 19:50:37,347][root][INFO] - Reward: -0.1465754491445782
[2024-04-19 19:50:37,349][root][INFO] - --------------- Start iteration i=113 ---------------
[2024-04-19 19:50:37,349][root][INFO] - Length of data.x: 114
[2024-04-19 19:50:37,349][root][INFO] - Length of data.y: 114
[2024-04-19 19:50:37,551][root][INFO] - x: [ 0.01754995 -0.05965275 -0.01844419  0.01244232  0.10411781]
[2024-04-19 19:50:37,551][root][INFO] - y: [-0.00596528  0.01419176  0.00990129  0.00848101]
[2024-04-19 19:50:37,552][root][INFO] - Reward: -0.07650874689279474
[2024-04-19 19:50:37,554][root][INFO] - --------------- Start iteration i=114 ---------------
[2024-04-19 19:50:37,554][root][INFO] - Length of data.x: 115
[2024-04-19 19:50:37,554][root][INFO] - Length of data.y: 115
[2024-04-19 19:50:37,758][root][INFO] - x: [ 0.01158467 -0.045461   -0.0085429   0.02092333  0.08980527]
[2024-04-19 19:50:37,758][root][INFO] - y: [-0.0045461   0.01352744  0.01665027  0.01088737]
[2024-04-19 19:50:37,758][root][INFO] - Reward: -0.05701953827072459
[2024-04-19 19:50:37,760][root][INFO] - --------------- Start iteration i=115 ---------------
[2024-04-19 19:50:37,760][root][INFO] - Length of data.x: 116
[2024-04-19 19:50:37,760][root][INFO] - Length of data.y: 116
[2024-04-19 19:50:37,972][root][INFO] - x: [ 0.00703857 -0.03193355  0.00810737  0.0318107  -0.15369429]
[2024-04-19 19:50:37,972][root][INFO] - y: [-0.00319336 -0.02260996  0.02531417 -0.02010174]
[2024-04-19 19:50:37,972][root][INFO] - Reward: -0.07894621735710061
[2024-04-19 19:50:37,974][root][INFO] - --------------- Start iteration i=116 ---------------
[2024-04-19 19:50:37,974][root][INFO] - Length of data.x: 117
[2024-04-19 19:50:37,974][root][INFO] - Length of data.y: 117
[2024-04-19 19:50:38,182][root][INFO] - x: [ 0.00384522 -0.05454351  0.03342154  0.01170895 -0.11682772]
[2024-04-19 19:50:38,182][root][INFO] - y: [-0.00545435 -0.01162365  0.0093177  -0.00126788]
[2024-04-19 19:50:38,182][root][INFO] - Reward: -0.03268927030151969
[2024-04-19 19:50:38,184][root][INFO] - --------------- Start iteration i=117 ---------------
[2024-04-19 19:50:38,184][root][INFO] - Length of data.x: 118
[2024-04-19 19:50:38,184][root][INFO] - Length of data.y: 118
[2024-04-19 19:50:38,388][root][INFO] - x: [-0.00160914 -0.06616716  0.04273924  0.01044107 -0.18656833]
[2024-04-19 19:50:38,389][root][INFO] - y: [-0.00661672 -0.02077438  0.00830875 -0.00744175]
[2024-04-19 19:50:38,389][root][INFO] - Reward: -0.0019417310404278298
[2024-04-19 19:50:38,391][root][INFO] - --------------- Start iteration i=118 ---------------
[2024-04-19 19:50:38,391][root][INFO] - Length of data.x: 119
[2024-04-19 19:50:38,391][root][INFO] - Length of data.y: 119
[2024-04-19 19:50:38,596][root][INFO] - x: [-0.00822585 -0.08694154  0.05104798  0.00299932  0.09469512]
[2024-04-19 19:50:38,596][root][INFO] - y: [-0.00869415  0.02543885  0.00238678  0.04079351]
[2024-04-19 19:50:38,597][root][INFO] - Reward: -0.037866758528771416
[2024-04-19 19:50:38,599][root][INFO] - --------------- Start iteration i=119 ---------------
[2024-04-19 19:50:38,599][root][INFO] - Length of data.x: 120
[2024-04-19 19:50:38,599][root][INFO] - Length of data.y: 120
[2024-04-19 19:50:38,804][root][INFO] - x: [-0.01692001 -0.06150269  0.05343477  0.04379283 -0.08806769]
[2024-04-19 19:50:38,804][root][INFO] - y: [-0.00615027 -0.00381736  0.03484926  0.01264383]
[2024-04-19 19:50:38,805][root][INFO] - Reward: -0.03872586637694797
[2024-04-19 19:50:38,807][root][INFO] - --------------- Start iteration i=120 ---------------
[2024-04-19 19:50:38,807][root][INFO] - Length of data.x: 121
[2024-04-19 19:50:38,807][root][INFO] - Length of data.y: 121
[2024-04-19 19:50:50,377][root][INFO] - Eval Returns: [-13.80450119 -12.90370282 -17.8782213  -12.70559716 -13.91292499]
[2024-04-19 19:50:50,382][root][INFO] - Eval Returns: mean=-14.241 std=1.880
[2024-04-19 19:50:50,382][root][INFO] - Eval ndata: 121.000
[2024-04-19 19:50:50,382][root][INFO] - Model MSE (current real MPC): 0.256
[2024-04-19 19:50:51,509][root][INFO] - Model MSE (random test set): 0.004
[2024-04-19 19:50:51,510][root][INFO] - Model MSE (GT MPC): 0.000
[2024-04-19 19:50:51,510][root][INFO] - Model Likelihood (random test set): -3.698
[2024-04-19 19:50:51,510][root][INFO] - Model Likelihood (GT MPC): -3.678
[2024-04-19 19:50:51,510][root][INFO] - *[TIME] [Evaluate the current MPC policy] Elapsed: 12.50 seconds
[2024-04-19 19:50:53,100][root][INFO] - x: [-0.02307028 -0.06532006  0.08828402  0.05643666 -0.32767431]
[2024-04-19 19:50:53,100][root][INFO] - y: [-0.00653201 -0.03557434  0.0449109  -0.00732668]
[2024-04-19 19:50:53,100][root][INFO] - Reward: -0.042331058665917576
[2024-04-19 19:50:53,773][root][INFO] - --------------- Start iteration i=121 ---------------
[2024-04-19 19:50:53,773][root][INFO] - Length of data.x: 122
[2024-04-19 19:50:53,773][root][INFO] - Length of data.y: 122
[2024-04-19 19:50:53,985][root][INFO] - x: [-0.02960228 -0.1008944   0.13319492  0.04910998 -0.11515717]
[2024-04-19 19:50:53,985][root][INFO] - y: [-0.01008944  0.00327099  0.03908051  0.04289127]
[2024-04-19 19:50:53,985][root][INFO] - Reward: -0.11353080942330573
[2024-04-19 19:50:53,988][root][INFO] - --------------- Start iteration i=122 ---------------
[2024-04-19 19:50:53,988][root][INFO] - Length of data.x: 123
[2024-04-19 19:50:53,988][root][INFO] - Length of data.y: 123
[2024-04-19 19:50:54,195][root][INFO] - x: [-0.03969172 -0.09762341  0.17227543  0.09200125 -0.13270082]
[2024-04-19 19:50:54,195][root][INFO] - y: [-0.00976234 -0.00016806  0.07321233  0.05044673]
[2024-04-19 19:50:54,195][root][INFO] - Reward: -0.24207715789788598
[2024-04-19 19:50:54,197][root][INFO] - --------------- Start iteration i=123 ---------------
[2024-04-19 19:50:54,197][root][INFO] - Length of data.x: 124
[2024-04-19 19:50:54,197][root][INFO] - Length of data.y: 124
[2024-04-19 19:50:54,404][root][INFO] - x: [-0.04945406 -0.09779147  0.24548776  0.14244798  0.46462252]
[2024-04-19 19:50:54,404][root][INFO] - y: [-0.00977915  0.06514725  0.11335659  0.11516103]
[2024-04-19 19:50:54,404][root][INFO] - Reward: -0.6167577147073247
[2024-04-19 19:50:54,406][root][INFO] - --------------- Start iteration i=124 ---------------
[2024-04-19 19:50:54,406][root][INFO] - Length of data.x: 125
[2024-04-19 19:50:54,406][root][INFO] - Length of data.y: 125
[2024-04-19 19:50:54,614][root][INFO] - x: [-0.05923321 -0.03264422  0.35884436  0.25760901  0.79542824]
[2024-04-19 19:50:54,614][root][INFO] - y: [-0.00326442  0.04075793  0.2049989   0.10618928]
[2024-04-19 19:50:54,614][root][INFO] - Reward: -0.984279767760816
[2024-04-19 19:50:54,614][root][INFO] - Explore episode complete with return -12.418051898941338, resetting
[2024-04-19 19:50:54,614][root][INFO] - Exploration Episode Rewards: [-0.9999900794507108, -0.9999904929293032, -0.9999934198218378, -0.99999712579093, -0.9999989010715605, -0.9999996611130828, -0.9999996809062743, -0.9999926593208772, -0.9960028206208366, -0.7750336297077935, -0.13377563352172794, -0.044027708318286396, -0.1465754491445782, -0.07650874689279474, -0.05701953827072459, -0.07894621735710061, -0.03268927030151969, -0.0019417310404278298, -0.037866758528771416, -0.03872586637694797, -0.042331058665917576, -0.11353080942330573, -0.24207715789788598, -0.6167577147073247, -0.984279767760816]
[2024-04-19 19:50:54,617][root][INFO] - --------------- Start iteration i=125 ---------------
[2024-04-19 19:50:54,617][root][INFO] - Length of data.x: 126
[2024-04-19 19:50:54,617][root][INFO] - Length of data.y: 126
[2024-04-19 19:50:54,824][root][INFO] - x: [-2.63783883e-03  8.20705911e-04 -9.96727883e-01 -9.87050423e-04
  5.57201237e-01]
[2024-04-19 19:50:54,825][root][INFO] - y: [ 8.20705911e-05  8.97391731e-02 -7.85470403e-04 -9.07441222e-02]
[2024-04-19 19:50:54,825][root][INFO] - Reward: -0.9999901394341255
[2024-04-19 19:50:54,827][root][INFO] - --------------- Start iteration i=126 ---------------
[2024-04-19 19:50:54,827][root][INFO] - Length of data.x: 127
[2024-04-19 19:50:54,827][root][INFO] - Length of data.y: 127
[2024-04-19 19:50:55,036][root][INFO] - x: [-0.00255577  0.09055988 -0.99751335 -0.09173117  0.14248176]
[2024-04-19 19:50:55,037][root][INFO] - y: [ 0.00905599  0.02190637 -0.07299741 -0.02267308]
[2024-04-19 19:50:55,037][root][INFO] - Reward: -0.9999903655068111
[2024-04-19 19:50:55,039][root][INFO] - --------------- Start iteration i=127 ---------------
[2024-04-19 19:50:55,039][root][INFO] - Length of data.x: 128
[2024-04-19 19:50:55,039][root][INFO] - Length of data.y: 128
[2024-04-19 19:50:55,248][root][INFO] - x: [ 0.00650022  0.11246625  0.92948924 -0.11440425  0.21438643]
[2024-04-19 19:50:55,248][root][INFO] - y: [ 0.01124662  0.01512184 -0.09104009  0.00682331]
[2024-04-19 19:50:55,248][root][INFO] - Reward: -0.9999930302486122
[2024-04-19 19:50:55,250][root][INFO] - --------------- Start iteration i=128 ---------------
[2024-04-19 19:50:55,250][root][INFO] - Length of data.x: 129
[2024-04-19 19:50:55,250][root][INFO] - Length of data.y: 129
[2024-04-19 19:50:55,462][root][INFO] - x: [ 0.01774684  0.12758809  0.83844915 -0.10758095 -0.21864074]
[2024-04-19 19:50:55,462][root][INFO] - y: [ 0.01275881 -0.06173801 -0.08561027  0.10168291]
[2024-04-19 19:50:55,463][root][INFO] - Reward: -0.999996842757123
[2024-04-19 19:50:55,465][root][INFO] - --------------- Start iteration i=129 ---------------
[2024-04-19 19:50:55,465][root][INFO] - Length of data.x: 130
[2024-04-19 19:50:55,465][root][INFO] - Length of data.y: 130
[2024-04-19 19:50:55,675][root][INFO] - x: [ 0.03050565  0.06585008  0.75283888 -0.00589804 -0.09331302]
[2024-04-19 19:50:55,676][root][INFO] - y: [ 0.00658501 -0.03512575 -0.00469352  0.09387411]
[2024-04-19 19:50:55,676][root][INFO] - Reward: -0.9999985473636867
[2024-04-19 19:50:55,678][root][INFO] - --------------- Start iteration i=130 ---------------
[2024-04-19 19:50:55,678][root][INFO] - Length of data.x: 131
[2024-04-19 19:50:55,678][root][INFO] - Length of data.y: 131
[2024-04-19 19:51:07,844][root][INFO] - Eval Returns: [-16.19306025 -20.76825393 -14.71573296 -14.81321578 -13.87045064]
[2024-04-19 19:51:07,844][root][INFO] - Eval Returns: mean=-16.072 std=2.463
[2024-04-19 19:51:07,844][root][INFO] - Eval ndata: 131.000
[2024-04-19 19:51:07,844][root][INFO] - Model MSE (current real MPC): 0.320
[2024-04-19 19:51:08,996][root][INFO] - Model MSE (random test set): 0.004
[2024-04-19 19:51:08,996][root][INFO] - Model MSE (GT MPC): 0.000
[2024-04-19 19:51:08,996][root][INFO] - Model Likelihood (random test set): -3.697
[2024-04-19 19:51:08,996][root][INFO] - Model Likelihood (GT MPC): -3.678
[2024-04-19 19:51:08,996][root][INFO] - *[TIME] [Evaluate the current MPC policy] Elapsed: 13.11 seconds
[2024-04-19 19:51:10,758][root][INFO] - x: [ 0.03709066  0.03072433  0.74814537  0.08797607 -0.16306887]
[2024-04-19 19:51:10,758][root][INFO] - y: [ 0.00307243 -0.049327    0.07000919  0.10451699]
[2024-04-19 19:51:10,758][root][INFO] - Reward: -0.9999991521961588
[2024-04-19 19:51:11,529][root][INFO] - --------------- Start iteration i=131 ---------------
[2024-04-19 19:51:11,530][root][INFO] - Length of data.x: 132
[2024-04-19 19:51:11,530][root][INFO] - Length of data.y: 132
[2024-04-19 19:51:11,750][root][INFO] - x: [ 0.04016309 -0.01860268  0.81815455  0.19249306 -0.35157253]
[2024-04-19 19:51:11,751][root][INFO] - y: [-0.00186027 -0.09597136  0.15318124  0.13382987]
[2024-04-19 19:51:11,751][root][INFO] - Reward: -0.9999977420014442
[2024-04-19 19:51:11,753][root][INFO] - --------------- Start iteration i=132 ---------------
[2024-04-19 19:51:11,753][root][INFO] - Length of data.x: 133
[2024-04-19 19:51:11,753][root][INFO] - Length of data.y: 133
[2024-04-19 19:51:11,966][root][INFO] - x: [ 0.03830283 -0.11457404  0.97133579  0.32632294 -0.25548098]
[2024-04-19 19:51:11,966][root][INFO] - y: [-0.0114574  -0.05840254  0.25967975  0.06699721]
[2024-04-19 19:51:11,966][root][INFO] - Reward: -0.9998682401234072
[2024-04-19 19:51:11,968][root][INFO] - --------------- Start iteration i=133 ---------------
[2024-04-19 19:51:11,968][root][INFO] - Length of data.x: 134
[2024-04-19 19:51:11,968][root][INFO] - Length of data.y: 134
[2024-04-19 19:51:12,182][root][INFO] - x: [ 0.02684542 -0.17297658 -0.76898446  0.39332015 -0.16660469]
[2024-04-19 19:51:12,182][root][INFO] - y: [-0.01729766  0.12605747  0.31299448 -0.15946614]
[2024-04-19 19:51:12,183][root][INFO] - Reward: -0.9839369102372941
[2024-04-19 19:51:12,185][root][INFO] - --------------- Start iteration i=134 ---------------
[2024-04-19 19:51:12,185][root][INFO] - Length of data.x: 135
[2024-04-19 19:51:12,185][root][INFO] - Length of data.y: 135
[2024-04-19 19:51:12,395][root][INFO] - x: [ 0.00954776 -0.04691911 -0.45598998  0.23385401 -0.04049463]
[2024-04-19 19:51:12,395][root][INFO] - y: [-0.00469191  0.04247585  0.18609526 -0.09140874]
[2024-04-19 19:51:12,396][root][INFO] - Reward: -0.8018447199210477
[2024-04-19 19:51:12,398][root][INFO] - --------------- Start iteration i=135 ---------------
[2024-04-19 19:51:12,398][root][INFO] - Length of data.x: 136
[2024-04-19 19:51:12,398][root][INFO] - Length of data.y: 136
[2024-04-19 19:51:12,610][root][INFO] - x: [ 0.00485585 -0.00444326 -0.26989472  0.14244527  0.25919552]
[2024-04-19 19:51:12,610][root][INFO] - y: [-0.00044433  0.02627177  0.11335444 -0.05625902]
[2024-04-19 19:51:12,610][root][INFO] - Reward: -0.39237658809494347
[2024-04-19 19:51:12,612][root][INFO] - --------------- Start iteration i=136 ---------------
[2024-04-19 19:51:12,612][root][INFO] - Length of data.x: 137
[2024-04-19 19:51:12,612][root][INFO] - Length of data.y: 137
[2024-04-19 19:51:12,823][root][INFO] - x: [ 0.00441153  0.02182851 -0.15654029  0.08618625 -0.00687076]
[2024-04-19 19:51:12,823][root][INFO] - y: [ 0.00218285 -0.01826818  0.06858489 -0.06247332]
[2024-04-19 19:51:12,824][root][INFO] - Reward: -0.0774180735646387
[2024-04-19 19:51:12,826][root][INFO] - --------------- Start iteration i=137 ---------------
[2024-04-19 19:51:12,826][root][INFO] - Length of data.x: 138
[2024-04-19 19:51:12,826][root][INFO] - Length of data.y: 138
[2024-04-19 19:51:13,038][root][INFO] - x: [ 0.00659438  0.00356033 -0.08795539  0.02371293  0.0592533 ]
[2024-04-19 19:51:13,039][root][INFO] - y: [ 0.00035603 -0.00556253  0.01887016 -0.03214214]
[2024-04-19 19:51:13,039][root][INFO] - Reward: -0.02964793354357198
[2024-04-19 19:51:13,041][root][INFO] - --------------- Start iteration i=138 ---------------
[2024-04-19 19:51:13,041][root][INFO] - Length of data.x: 139
[2024-04-19 19:51:13,041][root][INFO] - Length of data.y: 139
[2024-04-19 19:51:13,256][root][INFO] - x: [ 0.00695041 -0.00200219 -0.06908523 -0.00842921  0.32181269]
[2024-04-19 19:51:13,256][root][INFO] - y: [-0.00020022  0.0380951  -0.00670776  0.01605523]
[2024-04-19 19:51:13,256][root][INFO] - Reward: -0.045074743851900245
[2024-04-19 19:51:13,259][root][INFO] - --------------- Start iteration i=139 ---------------
[2024-04-19 19:51:13,259][root][INFO] - Length of data.x: 140
[2024-04-19 19:51:13,259][root][INFO] - Length of data.y: 140
[2024-04-19 19:51:13,470][root][INFO] - x: [ 0.00675019  0.0360929  -0.07579298  0.00762602  0.19191067]
[2024-04-19 19:51:13,470][root][INFO] - y: [ 0.00360929  0.01610601  0.0060686  -0.00751054]
[2024-04-19 19:51:13,470][root][INFO] - Reward: -0.007356208085360749
[2024-04-19 19:51:13,473][root][INFO] - --------------- Start iteration i=140 ---------------
[2024-04-19 19:51:13,473][root][INFO] - Length of data.x: 141
[2024-04-19 19:51:13,473][root][INFO] - Length of data.y: 141
[2024-04-19 19:51:25,955][root][INFO] - Eval Returns: [-13.13294847 -12.71522552 -11.62700451 -18.67056253 -12.67090931]
[2024-04-19 19:51:25,960][root][INFO] - Eval Returns: mean=-13.763 std=2.503
[2024-04-19 19:51:25,960][root][INFO] - Eval ndata: 141.000
[2024-04-19 19:51:25,960][root][INFO] - Model MSE (current real MPC): 0.288
[2024-04-19 19:51:27,129][root][INFO] - Model MSE (random test set): 0.004
[2024-04-19 19:51:27,129][root][INFO] - Model MSE (GT MPC): 0.000
[2024-04-19 19:51:27,129][root][INFO] - Model Likelihood (random test set): -3.697
[2024-04-19 19:51:27,129][root][INFO] - Model Likelihood (GT MPC): -3.678
[2024-04-19 19:51:27,129][root][INFO] - *[TIME] [Evaluate the current MPC policy] Elapsed: 13.45 seconds
