[2024-04-19 19:38:03,394][root][INFO] - Dumper dumping to /trajectory-information-rl/experiments/mpc_frozencartpole_2024-04-19/19-37-58/seed_0
[2024-04-19 19:38:03,398][root][INFO] - Start obs: None
[2024-04-19 19:38:17,537][root][INFO] - GT Returns: [-11.14965017 -11.1840924  -14.07323855 -12.39475682 -11.5851115 ]
[2024-04-19 19:38:17,537][root][INFO] - GT Returns: mean=-12.077 std=1.094
[2024-04-19 19:38:17,537][root][INFO] - Path Lengths: [36345, 36345, 36345, 36345, 36345]
[2024-04-19 19:38:17,538][root][INFO] - Path Lengths: mean=36345.000 std=0.000
[2024-04-19 19:38:17,600][root][INFO] - all_x.shape = (181725, 5)
[2024-04-19 19:38:17,605][root][INFO] - all_x.min(axis=0) = [-0.559803   -0.79549495 -0.99999503 -0.8160903  -1.        ]
[2024-04-19 19:38:17,610][root][INFO] - all_x.max(axis=0) = [0.95925503 1.49530566 0.99999056 0.90747717 1.        ]
[2024-04-19 19:38:17,612][root][INFO] - all_x.mean(axis=0) = [-0.01594545 -0.00337111  0.03723049  0.04364318  0.00629771]
[2024-04-19 19:38:17,620][root][INFO] - all_x.var(axis=0) = [0.00639366 0.03068831 0.24982779 0.07938612 0.26050675]
[2024-04-19 19:38:17,654][root][INFO] - --------------- Start iteration i=0 ---------------
[2024-04-19 19:38:17,654][root][INFO] - Length of data.x: 1
[2024-04-19 19:38:17,654][root][INFO] - Length of data.y: 1
[2024-04-19 19:38:23,054][root][INFO] - Eval Returns: [-24.99871971 -24.99969403 -24.99977436 -24.99976427 -24.99984178]
[2024-04-19 19:38:23,059][root][INFO] - Eval Returns: mean=-25.000 std=0.000
[2024-04-19 19:38:23,059][root][INFO] - Eval ndata: 1.000
[2024-04-19 19:38:23,059][root][INFO] - Model MSE (current real MPC): 0.596
[2024-04-19 19:38:24,079][root][INFO] - Model MSE (random test set): 0.376
[2024-04-19 19:38:24,079][root][INFO] - Model MSE (GT MPC): 0.075
[2024-04-19 19:38:24,079][root][INFO] - Model Likelihood (random test set): -4.109
[2024-04-19 19:38:24,079][root][INFO] - Model Likelihood (GT MPC): -3.868
[2024-04-19 19:38:24,079][root][INFO] - *[TIME] [Evaluate the current MPC policy] Elapsed: 6.23 seconds
[2024-04-19 19:38:25,594][root][INFO] - x: [-2.87120106e-04  6.25813706e-04  9.96616553e-01  4.93577101e-04
 -9.57130423e-02]
[2024-04-19 19:38:25,595][root][INFO] - y: [ 6.25813706e-05 -8.29288449e-03  3.92776494e-04  9.33645251e-03]
[2024-04-19 19:38:25,595][root][INFO] - Reward: -0.9999900663581025
[2024-04-19 19:38:26,880][root][INFO] - --------------- Start iteration i=1 ---------------
[2024-04-19 19:38:26,880][root][INFO] - Length of data.x: 2
[2024-04-19 19:38:26,880][root][INFO] - Length of data.y: 2
[2024-04-19 19:38:27,050][root][INFO] - x: [-2.24538736e-04 -7.66707078e-03  9.97009330e-01  9.83002961e-03
 -1.05395259e-01]
[2024-04-19 19:38:27,050][root][INFO] - y: [-0.00076671 -0.00886354  0.0078225   0.00978602]
[2024-04-19 19:38:27,050][root][INFO] - Reward: -0.9999900860421093
[2024-04-19 19:38:27,051][root][INFO] - --------------- Start iteration i=2 ---------------
[2024-04-19 19:38:27,051][root][INFO] - Length of data.x: 3
[2024-04-19 19:38:27,051][root][INFO] - Length of data.y: 3
[2024-04-19 19:38:27,201][root][INFO] - x: [-9.91245814e-04 -1.65306081e-02 -9.95168175e-01  1.96160452e-02
 -1.15458940e-01]
[2024-04-19 19:38:27,201][root][INFO] - y: [-0.00165306 -0.00806795  0.01560997  0.00657619]
[2024-04-19 19:38:27,201][root][INFO] - Reward: -0.9999901694064939
[2024-04-19 19:38:27,201][root][INFO] - --------------- Start iteration i=3 ---------------
[2024-04-19 19:38:27,201][root][INFO] - Length of data.x: 4
[2024-04-19 19:38:27,202][root][INFO] - Length of data.y: 4
[2024-04-19 19:38:27,352][root][INFO] - x: [-0.00264431 -0.02459856 -0.97955821  0.02619224  1.        ]
[2024-04-19 19:38:27,352][root][INFO] - y: [-0.00245986  0.08402555  0.02084314 -0.09015462]
[2024-04-19 19:38:27,352][root][INFO] - Reward: -0.9999904200330691
[2024-04-19 19:38:27,352][root][INFO] - --------------- Start iteration i=4 ---------------
[2024-04-19 19:38:27,352][root][INFO] - Length of data.x: 5
[2024-04-19 19:38:27,352][root][INFO] - Length of data.y: 5
[2024-04-19 19:38:27,510][root][INFO] - x: [-0.00510416  0.05942699 -0.95871507 -0.06396238 -1.        ]
[2024-04-19 19:38:27,510][root][INFO] - y: [ 0.0059427  -0.07187897 -0.05089968  0.05857407]
[2024-04-19 19:38:27,510][root][INFO] - Reward: -0.9999900741291233
[2024-04-19 19:38:27,511][root][INFO] - --------------- Start iteration i=5 ---------------
[2024-04-19 19:38:27,511][root][INFO] - Length of data.x: 6
[2024-04-19 19:38:27,511][root][INFO] - Length of data.y: 6
[2024-04-19 19:38:27,663][root][INFO] - x: [ 8.38535924e-04 -1.24519800e-02  9.90385244e-01 -5.38830779e-03
 -1.00000000e+00]
[2024-04-19 19:38:27,663][root][INFO] - y: [-0.0012452  -0.16149247 -0.00428788  0.16438478]
[2024-04-19 19:38:27,663][root][INFO] - Reward: -0.9999900000843922
[2024-04-19 19:38:27,664][root][INFO] - --------------- Start iteration i=6 ---------------
[2024-04-19 19:38:27,664][root][INFO] - Length of data.x: 7
[2024-04-19 19:38:27,664][root][INFO] - Length of data.y: 7
[2024-04-19 19:38:27,815][root][INFO] - x: [-4.06662074e-04 -1.73944452e-01  9.86097361e-01  1.58996477e-01
  4.38826488e-01]
[2024-04-19 19:38:27,815][root][INFO] - y: [-0.01739445  0.0336247   0.12652548 -0.02930473]
[2024-04-19 19:38:27,816][root][INFO] - Reward: -0.9999939097125757
[2024-04-19 19:38:27,816][root][INFO] - --------------- Start iteration i=7 ---------------
[2024-04-19 19:38:27,816][root][INFO] - Length of data.x: 8
[2024-04-19 19:38:27,816][root][INFO] - Length of data.y: 8
[2024-04-19 19:38:27,968][root][INFO] - x: [-0.01780111 -0.14031975 -0.88737716  0.12969175  0.01499808]
[2024-04-19 19:38:27,968][root][INFO] - y: [-0.01403197  0.02923127  0.1032055  -0.06144505]
[2024-04-19 19:38:27,968][root][INFO] - Reward: -0.9999976789528052
[2024-04-19 19:38:27,969][root][INFO] - --------------- Start iteration i=8 ---------------
[2024-04-19 19:38:27,969][root][INFO] - Length of data.x: 9
[2024-04-19 19:38:27,969][root][INFO] - Length of data.y: 9
[2024-04-19 19:38:28,122][root][INFO] - x: [-0.03183308 -0.11108848 -0.78417166  0.0682467   0.63034701]
[2024-04-19 19:38:28,122][root][INFO] - y: [-0.01110885  0.06906589  0.05430905 -0.11538668]
[2024-04-19 19:38:28,122][root][INFO] - Reward: -0.9999992741692352
[2024-04-19 19:38:28,123][root][INFO] - --------------- Start iteration i=9 ---------------
[2024-04-19 19:38:28,123][root][INFO] - Length of data.x: 10
[2024-04-19 19:38:28,123][root][INFO] - Length of data.y: 10
[2024-04-19 19:38:28,277][root][INFO] - x: [-0.04294193 -0.04202259 -0.72986262 -0.04713998 -0.31785411]
[2024-04-19 19:38:28,277][root][INFO] - y: [-0.00420226  0.00520967 -0.03751283 -0.07713257]
[2024-04-19 19:38:28,277][root][INFO] - Reward: -0.9999996438904236
[2024-04-19 19:38:28,278][root][INFO] - --------------- Start iteration i=10 ---------------
[2024-04-19 19:38:28,278][root][INFO] - Length of data.x: 11
[2024-04-19 19:38:28,278][root][INFO] - Length of data.y: 11
[2024-04-19 19:38:34,216][root][INFO] - Eval Returns: [-23.23988566 -24.81079152 -22.8302124  -24.99996997 -24.99993753]
[2024-04-19 19:38:34,220][root][INFO] - Eval Returns: mean=-24.176 std=0.943
[2024-04-19 19:38:34,221][root][INFO] - Eval ndata: 11.000
[2024-04-19 19:38:34,221][root][INFO] - Model MSE (current real MPC): 1.067
[2024-04-19 19:38:35,286][root][INFO] - Model MSE (random test set): 0.498
[2024-04-19 19:38:35,286][root][INFO] - Model MSE (GT MPC): 0.407
[2024-04-19 19:38:35,286][root][INFO] - Model Likelihood (random test set): -3.894
[2024-04-19 19:38:35,286][root][INFO] - Model Likelihood (GT MPC): -3.857
[2024-04-19 19:38:35,286][root][INFO] - *[TIME] [Evaluate the current MPC policy] Elapsed: 6.86 seconds
[2024-04-19 19:38:37,616][root][INFO] - x: [-0.04714419 -0.03681293 -0.76737545 -0.12427255  1.        ]
[2024-04-19 19:38:37,617][root][INFO] - y: [-0.00368129  0.09889894 -0.09889303 -0.13918939]
[2024-04-19 19:38:37,617][root][INFO] - Reward: -0.9999997164331744
[2024-04-19 19:38:38,481][root][INFO] - --------------- Start iteration i=11 ---------------
[2024-04-19 19:38:38,481][root][INFO] - Length of data.x: 12
[2024-04-19 19:38:38,481][root][INFO] - Length of data.y: 12
[2024-04-19 19:38:38,656][root][INFO] - x: [-0.05082548  0.06208602 -0.86626848 -0.26346194  0.93080307]
[2024-04-19 19:38:38,656][root][INFO] - y: [ 0.0062086   0.12536698 -0.20965652 -0.15451837]
[2024-04-19 19:38:38,656][root][INFO] - Reward: -0.9999934591455064
[2024-04-19 19:38:38,657][root][INFO] - --------------- Start iteration i=12 ---------------
[2024-04-19 19:38:38,657][root][INFO] - Length of data.x: 13
[2024-04-19 19:38:38,657][root][INFO] - Length of data.y: 13
[2024-04-19 19:38:38,979][root][INFO] - x: [-0.04461688  0.18745299  0.924075   -0.41798031  1.        ]
[2024-04-19 19:38:38,979][root][INFO] - y: [ 0.0187453   0.00150548 -0.33261843  0.02173909]
[2024-04-19 19:38:38,979][root][INFO] - Reward: -0.996096516004894
[2024-04-19 19:38:38,980][root][INFO] - --------------- Start iteration i=13 ---------------
[2024-04-19 19:38:38,980][root][INFO] - Length of data.x: 14
[2024-04-19 19:38:38,980][root][INFO] - Length of data.y: 14
[2024-04-19 19:38:39,136][root][INFO] - x: [-0.02587158  0.18895847  0.59145657 -0.39624122  0.47093647]
[2024-04-19 19:38:39,136][root][INFO] - y: [ 0.01889585 -0.133532   -0.315319    0.13201496]
[2024-04-19 19:38:39,136][root][INFO] - Reward: -0.7904953887555866
[2024-04-19 19:38:39,136][root][INFO] - --------------- Start iteration i=14 ---------------
[2024-04-19 19:38:39,137][root][INFO] - Length of data.x: 15
[2024-04-19 19:38:39,137][root][INFO] - Length of data.y: 15
[2024-04-19 19:38:39,292][root][INFO] - x: [-0.00697573  0.05542647  0.27613757 -0.26422626  1.        ]
[2024-04-19 19:38:39,293][root][INFO] - y: [ 0.00554265  0.02097933 -0.21026475  0.08846716]
[2024-04-19 19:38:39,293][root][INFO] - Reward: -0.09178620846898644
[2024-04-19 19:38:39,293][root][INFO] - --------------- Start iteration i=15 ---------------
[2024-04-19 19:38:39,293][root][INFO] - Length of data.x: 16
[2024-04-19 19:38:39,293][root][INFO] - Length of data.y: 16
[2024-04-19 19:38:39,450][root][INFO] - x: [-0.00143309  0.0764058   0.06587283 -0.1757591   1.        ]
[2024-04-19 19:38:39,451][root][INFO] - y: [ 0.00764058  0.07910095 -0.13986476  0.09759048]
[2024-04-19 19:38:39,451][root][INFO] - Reward: -0.04731061677431936
[2024-04-19 19:38:39,451][root][INFO] - --------------- Start iteration i=16 ---------------
[2024-04-19 19:38:39,451][root][INFO] - Length of data.x: 17
[2024-04-19 19:38:39,451][root][INFO] - Length of data.y: 17
[2024-04-19 19:38:39,609][root][INFO] - x: [ 0.00620749  0.15550675 -0.07399193 -0.07816862 -1.        ]
[2024-04-19 19:38:39,609][root][INFO] - y: [ 0.01555067 -0.16822822 -0.06220466 -0.18632542]
[2024-04-19 19:38:39,609][root][INFO] - Reward: -0.030799522862289486
[2024-04-19 19:38:39,610][root][INFO] - --------------- Start iteration i=17 ---------------
[2024-04-19 19:38:39,610][root][INFO] - Length of data.x: 18
[2024-04-19 19:38:39,610][root][INFO] - Length of data.y: 18
[2024-04-19 19:38:39,767][root][INFO] - x: [ 0.02175817 -0.01272147 -0.13619659 -0.26449404  0.3762724 ]
[2024-04-19 19:38:39,767][root][INFO] - y: [-0.00127215  0.07405461 -0.21047784  0.02663175]
[2024-04-19 19:38:39,767][root][INFO] - Reward: -0.8144434813648694
[2024-04-19 19:38:39,768][root][INFO] - --------------- Start iteration i=18 ---------------
[2024-04-19 19:38:39,768][root][INFO] - Length of data.x: 19
[2024-04-19 19:38:39,768][root][INFO] - Length of data.y: 19
[2024-04-19 19:38:39,925][root][INFO] - x: [ 0.02048602  0.06133314 -0.34667443 -0.23786229  0.11188876]
[2024-04-19 19:38:39,925][root][INFO] - y: [ 0.00613331  0.04618027 -0.18928495 -0.06563209]
[2024-04-19 19:38:39,926][root][INFO] - Reward: -0.9881688412369843
[2024-04-19 19:38:39,926][root][INFO] - --------------- Start iteration i=19 ---------------
[2024-04-19 19:38:39,926][root][INFO] - Length of data.x: 20
[2024-04-19 19:38:39,926][root][INFO] - Length of data.y: 20
[2024-04-19 19:38:40,085][root][INFO] - x: [ 0.02661933  0.10751341 -0.53595938 -0.30349438 -0.83201288]
[2024-04-19 19:38:40,085][root][INFO] - y: [ 0.01075134  0.00567701 -0.24151335 -0.09821402]
[2024-04-19 19:38:40,085][root][INFO] - Reward: -0.9998737718159884
[2024-04-19 19:38:40,086][root][INFO] - --------------- Start iteration i=20 ---------------
[2024-04-19 19:38:40,086][root][INFO] - Length of data.x: 21
[2024-04-19 19:38:40,086][root][INFO] - Length of data.y: 21
[2024-04-19 19:38:46,560][root][INFO] - Eval Returns: [-24.98037876 -24.99997882 -19.51984853 -24.87031374 -24.34110641]
[2024-04-19 19:38:46,565][root][INFO] - Eval Returns: mean=-23.742 std=2.125
[2024-04-19 19:38:46,565][root][INFO] - Eval ndata: 21.000
[2024-04-19 19:38:46,565][root][INFO] - Model MSE (current real MPC): 0.425
[2024-04-19 19:38:47,620][root][INFO] - Model MSE (random test set): 0.211
[2024-04-19 19:38:47,620][root][INFO] - Model MSE (GT MPC): 0.050
[2024-04-19 19:38:47,620][root][INFO] - Model Likelihood (random test set): -3.907
[2024-04-19 19:38:47,620][root][INFO] - Model Likelihood (GT MPC): -3.794
[2024-04-19 19:38:47,620][root][INFO] - *[TIME] [Evaluate the current MPC policy] Elapsed: 7.37 seconds
[2024-04-19 19:38:50,196][root][INFO] - x: [ 0.03737067  0.11319041 -0.77747274 -0.4017084  -0.13993955]
[2024-04-19 19:38:50,196][root][INFO] - y: [ 0.01131904  0.12862787 -0.31966965 -0.16164917]
[2024-04-19 19:38:50,196][root][INFO] - Reward: -0.9999995225687286
[2024-04-19 19:38:51,192][root][INFO] - --------------- Start iteration i=21 ---------------
[2024-04-19 19:38:51,192][root][INFO] - Length of data.x: 22
[2024-04-19 19:38:51,192][root][INFO] - Length of data.y: 22
[2024-04-19 19:38:51,361][root][INFO] - x: [ 0.04868972  0.24181828  0.90285762 -0.56335757 -0.25109545]
[2024-04-19 19:38:51,361][root][INFO] - y: [ 0.02418183 -0.19348928 -0.44830608  0.21405449]
[2024-04-19 19:38:51,361][root][INFO] - Reward: -0.9999998994950569
[2024-04-19 19:38:51,362][root][INFO] - --------------- Start iteration i=22 ---------------
[2024-04-19 19:38:51,362][root][INFO] - Length of data.x: 23
[2024-04-19 19:38:51,362][root][INFO] - Length of data.y: 23
[2024-04-19 19:38:51,524][root][INFO] - x: [ 0.07287154  0.048329    0.45455154 -0.34930309 -0.3062522 ]
[2024-04-19 19:38:51,525][root][INFO] - y: [ 0.0048329  -0.14020923 -0.27796679  0.07724936]
[2024-04-19 19:38:51,525][root][INFO] - Reward: -0.999933842977316
[2024-04-19 19:38:51,525][root][INFO] - --------------- Start iteration i=23 ---------------
[2024-04-19 19:38:51,526][root][INFO] - Length of data.x: 24
[2024-04-19 19:38:51,526][root][INFO] - Length of data.y: 24
[2024-04-19 19:38:51,689][root][INFO] - x: [ 0.07770444 -0.09188023  0.17658475 -0.27205373 -0.29093517]
[2024-04-19 19:38:51,689][root][INFO] - y: [-0.00918802 -0.06616269 -0.21649365 -0.00451463]
[2024-04-19 19:38:51,689][root][INFO] - Reward: -0.9491203587468711
[2024-04-19 19:38:51,690][root][INFO] - --------------- Start iteration i=24 ---------------
[2024-04-19 19:38:51,690][root][INFO] - Length of data.x: 25
[2024-04-19 19:38:51,690][root][INFO] - Length of data.y: 25
[2024-04-19 19:38:51,852][root][INFO] - x: [ 0.06851642 -0.15804292 -0.0399089  -0.27656836  0.25237663]
[2024-04-19 19:38:51,852][root][INFO] - y: [-0.01580429  0.04948215 -0.22008629  0.03681391]
[2024-04-19 19:38:51,852][root][INFO] - Reward: -0.29601979705502546
[2024-04-19 19:38:51,852][root][INFO] - Explore episode complete with return -21.003972266483927, resetting
[2024-04-19 19:38:51,853][root][INFO] - Exploration Episode Rewards: [-0.9999900663581025, -0.9999900860421093, -0.9999901694064939, -0.9999904200330691, -0.9999900741291233, -0.9999900000843922, -0.9999939097125757, -0.9999976789528052, -0.9999992741692352, -0.9999996438904236, -0.9999997164331744, -0.9999934591455064, -0.996096516004894, -0.7904953887555866, -0.09178620846898644, -0.04731061677431936, -0.030799522862289486, -0.8144434813648694, -0.9881688412369843, -0.9998737718159884, -0.9999995225687286, -0.9999998994950569, -0.999933842977316, -0.9491203587468711, -0.29601979705502546]
[2024-04-19 19:38:51,853][root][INFO] - --------------- Start iteration i=25 ---------------
[2024-04-19 19:38:51,853][root][INFO] - Length of data.x: 26
[2024-04-19 19:38:51,853][root][INFO] - Length of data.y: 26
[2024-04-19 19:38:52,015][root][INFO] - x: [-0.00189806  0.00501555  0.99860785  0.00251108  0.27500061]
[2024-04-19 19:38:52,015][root][INFO] - y: [ 0.00050156  0.02166167  0.00199826 -0.02123173]
[2024-04-19 19:38:52,015][root][INFO] - Reward: -0.9999900884054637
[2024-04-19 19:38:52,016][root][INFO] - --------------- Start iteration i=26 ---------------
[2024-04-19 19:38:52,016][root][INFO] - Length of data.x: 27
[2024-04-19 19:38:52,016][root][INFO] - Length of data.y: 27
[2024-04-19 19:38:52,179][root][INFO] - x: [-0.0013965   0.02667722 -0.99939389 -0.01872065  0.56507874]
[2024-04-19 19:38:52,179][root][INFO] - y: [ 0.00266772  0.04489271 -0.01489743 -0.04507986]
[2024-04-19 19:38:52,179][root][INFO] - Reward: -0.9999900800759325
[2024-04-19 19:38:52,180][root][INFO] - --------------- Start iteration i=27 ---------------
[2024-04-19 19:38:52,180][root][INFO] - Length of data.x: 28
[2024-04-19 19:38:52,180][root][INFO] - Length of data.y: 28
[2024-04-19 19:38:52,342][root][INFO] - x: [ 0.00127122  0.07156993  0.98570867 -0.06380051  0.87816347]
[2024-04-19 19:38:52,343][root][INFO] - y: [ 0.00715699  0.13628029 -0.05077088 -0.13173524]
[2024-04-19 19:38:52,343][root][INFO] - Reward: -0.9999910257725616
[2024-04-19 19:38:52,343][root][INFO] - --------------- Start iteration i=28 ---------------
[2024-04-19 19:38:52,344][root][INFO] - Length of data.x: 29
[2024-04-19 19:38:52,344][root][INFO] - Length of data.y: 29
[2024-04-19 19:38:52,506][root][INFO] - x: [ 0.00842821  0.20785022  0.9349378  -0.19553575 -0.49924694]
[2024-04-19 19:38:52,507][root][INFO] - y: [ 0.02078502 -0.10398639 -0.15560253  0.12175441]
[2024-04-19 19:38:52,507][root][INFO] - Reward: -0.99999684130711
[2024-04-19 19:38:52,508][root][INFO] - --------------- Start iteration i=29 ---------------
[2024-04-19 19:38:52,508][root][INFO] - Length of data.x: 30
[2024-04-19 19:38:52,508][root][INFO] - Length of data.y: 30
[2024-04-19 19:38:52,671][root][INFO] - x: [ 0.02921324  0.10386383  0.77933526 -0.07378135 -0.28619304]
[2024-04-19 19:38:52,671][root][INFO] - y: [ 0.01038638 -0.06556673 -0.05871338  0.11318562]
[2024-04-19 19:38:52,671][root][INFO] - Reward: -0.9999987830238014
[2024-04-19 19:38:52,672][root][INFO] - --------------- Start iteration i=30 ---------------
[2024-04-19 19:38:52,672][root][INFO] - Length of data.x: 31
[2024-04-19 19:38:52,672][root][INFO] - Length of data.y: 31
[2024-04-19 19:38:56,655][root][INFO] - *[TIME] [Evaluate the current MPC policy] Elapsed: 3.82 seconds
