[2024-04-26 11:18:34,546][root][INFO] - Dumper dumping to /tirl/experiments/mpc_rustypendulum_moredata_init_2024-04-26/11-18-29/seed_3
[2024-04-26 11:18:34,551][root][INFO] - Start obs: None
[2024-04-26 11:18:52,212][root][INFO] - GT Returns: [-115.9907702  -329.24222176 -230.94604009 -339.65499047 -221.48051244]
[2024-04-26 11:18:52,213][root][INFO] - GT Returns: mean=-247.463 std=81.756
[2024-04-26 11:18:52,213][root][INFO] - Path Lengths: [39420, 39420, 39420, 39420, 39420]
[2024-04-26 11:18:52,213][root][INFO] - Path Lengths: mean=39420.000 std=0.000
[2024-04-26 11:18:52,285][root][INFO] - all_x.shape = (197100, 3)
[2024-04-26 11:18:52,290][root][INFO] - all_x.min(axis=0) = [-0.99999219 -1.         -1.        ]
[2024-04-26 11:18:52,295][root][INFO] - all_x.max(axis=0) = [0.99999319 1.         1.        ]
[2024-04-26 11:18:52,298][root][INFO] - all_x.mean(axis=0) = [-0.00349497  0.01489784  0.0126788 ]
[2024-04-26 11:18:52,306][root][INFO] - all_x.var(axis=0) = [0.12455902 0.09538292 0.26052323]
[2024-04-26 11:18:52,364][root][INFO] - --------------- Start iteration i=0 ---------------
[2024-04-26 11:18:52,364][root][INFO] - Length of data.x: 187
[2024-04-26 11:18:52,364][root][INFO] - Length of data.y: 187
[2024-04-26 11:19:42,758][root][INFO] - Eval Returns: [-445.44775848 -123.37595944 -119.82000325 -124.80949045 -125.08489269]
[2024-04-26 11:19:42,799][root][INFO] - Eval Returns: mean=-187.708 std=128.884
[2024-04-26 11:19:42,800][root][INFO] - Eval ndata: 187.000
[2024-04-26 11:19:42,800][root][INFO] - Model MSE (current real MPC): 0.032
[2024-04-26 11:19:43,413][root][INFO] - Model MSE (random test set): 0.000
[2024-04-26 11:19:43,413][root][INFO] - Model MSE (GT MPC): 0.000
[2024-04-26 11:19:43,413][root][INFO] - Model Likelihood (random test set): -1.847
[2024-04-26 11:19:43,413][root][INFO] - Model Likelihood (GT MPC): -1.840
[2024-04-26 11:19:43,413][root][INFO] - *[TIME] [Evaluate the current MPC policy] Elapsed: 50.94 seconds
[2024-04-26 11:19:45,805][root][INFO] - x: [-0.02645772  0.09322361 -0.67699804]
[2024-04-26 11:19:45,805][root][INFO] - y: [ 0.00764615 -0.0331709 ]
[2024-04-26 11:19:45,805][root][INFO] - Reward: -0.028406416106981216
[2024-04-26 11:19:49,886][root][INFO] - --------------- Start iteration i=1 ---------------
[2024-04-26 11:19:49,886][root][INFO] - Length of data.x: 188
[2024-04-26 11:19:49,886][root][INFO] - Length of data.y: 188
[2024-04-26 11:19:50,029][root][INFO] - x: [-0.01881157  0.06005271 -0.07507734]
[2024-04-26 11:19:50,030][root][INFO] - y: [ 0.00658266 -0.00835264]
[2024-04-26 11:19:50,030][root][INFO] - Reward: -0.018605053549557528
[2024-04-26 11:19:50,032][root][INFO] - --------------- Start iteration i=2 ---------------
[2024-04-26 11:19:50,032][root][INFO] - Length of data.x: 189
[2024-04-26 11:19:50,032][root][INFO] - Length of data.y: 189
[2024-04-26 11:19:50,178][root][INFO] - x: [-0.01222892  0.05170007 -0.05895445]
[2024-04-26 11:19:50,178][root][INFO] - y: [ 0.0058427  -0.00581162]
[2024-04-26 11:19:50,178][root][INFO] - Reward: -0.013893222640201056
[2024-04-26 11:19:50,180][root][INFO] - --------------- Start iteration i=3 ---------------
[2024-04-26 11:19:50,180][root][INFO] - Length of data.x: 190
[2024-04-26 11:19:50,180][root][INFO] - Length of data.y: 190
[2024-04-26 11:19:50,282][root][INFO] - x: [-0.00638622  0.04588845  0.0201364 ]
[2024-04-26 11:19:50,282][root][INFO] - y: [ 0.00569938 -0.00112566]
[2024-04-26 11:19:50,282][root][INFO] - Reward: -0.012830009267576919
[2024-04-26 11:19:50,284][root][INFO] - --------------- Start iteration i=4 ---------------
[2024-04-26 11:19:50,284][root][INFO] - Length of data.x: 191
[2024-04-26 11:19:50,284][root][INFO] - Length of data.y: 191
[2024-04-26 11:19:50,383][root][INFO] - x: [-0.00068684  0.0447628  -0.07026706]
[2024-04-26 11:19:50,383][root][INFO] - y: [ 0.00533812 -0.00283731]
[2024-04-26 11:19:50,383][root][INFO] - Reward: -0.01148285236017007
[2024-04-26 11:19:50,384][root][INFO] - --------------- Start iteration i=5 ---------------
[2024-04-26 11:19:50,384][root][INFO] - Length of data.x: 192
[2024-04-26 11:19:50,384][root][INFO] - Length of data.y: 192
[2024-04-26 11:20:43,796][root][INFO] - Eval Returns: [-359.87183398 -121.86258735 -123.193468   -120.68724324 -346.97525674]
[2024-04-26 11:20:43,830][root][INFO] - Eval Returns: mean=-214.518 std=113.492
[2024-04-26 11:20:43,834][root][INFO] - Eval ndata: 192.000
[2024-04-26 11:20:43,835][root][INFO] - Model MSE (current real MPC): 0.036
[2024-04-26 11:20:44,427][root][INFO] - Model MSE (random test set): 0.000
[2024-04-26 11:20:44,427][root][INFO] - Model MSE (GT MPC): 0.000
[2024-04-26 11:20:44,427][root][INFO] - Model Likelihood (random test set): -1.847
[2024-04-26 11:20:44,427][root][INFO] - Model Likelihood (GT MPC): -1.839
[2024-04-26 11:20:44,427][root][INFO] - *[TIME] [Evaluate the current MPC policy] Elapsed: 53.94 seconds
[2024-04-26 11:20:47,598][root][INFO] - x: [ 0.00465128  0.04192549 -0.47898857]
[2024-04-26 11:20:47,599][root][INFO] - y: [ 0.00322553 -0.01659221]
[2024-04-26 11:20:47,599][root][INFO] - Reward: -0.005637434038232338
[2024-04-26 11:20:49,044][root][INFO] - --------------- Start iteration i=6 ---------------
[2024-04-26 11:20:49,045][root][INFO] - Length of data.x: 193
[2024-04-26 11:20:49,045][root][INFO] - Length of data.y: 193
[2024-04-26 11:20:49,191][root][INFO] - x: [ 0.00787681  0.02533329 -0.72696012]
[2024-04-26 11:20:49,192][root][INFO] - y: [ 4.99055401e-05 -2.49413286e-02]
[2024-04-26 11:20:49,192][root][INFO] - Reward: -0.0027350027992453342
[2024-04-26 11:20:49,195][root][INFO] - --------------- Start iteration i=7 ---------------
[2024-04-26 11:20:49,195][root][INFO] - Length of data.x: 194
[2024-04-26 11:20:49,195][root][INFO] - Length of data.y: 194
[2024-04-26 11:20:49,344][root][INFO] - x: [ 0.00792672  0.00039196 -0.38286977]
[2024-04-26 11:20:49,345][root][INFO] - y: [-0.00148094 -0.01202325]
[2024-04-26 11:20:49,345][root][INFO] - Reward: -0.0018622558080276406
[2024-04-26 11:20:49,347][root][INFO] - --------------- Start iteration i=8 ---------------
[2024-04-26 11:20:49,347][root][INFO] - Length of data.x: 195
[2024-04-26 11:20:49,347][root][INFO] - Length of data.y: 195
[2024-04-26 11:20:49,499][root][INFO] - x: [ 0.00644578 -0.01163129  0.1531309 ]
[2024-04-26 11:20:49,499][root][INFO] - y: [-0.0005081   0.00764072]
[2024-04-26 11:20:49,500][root][INFO] - Reward: -0.0005436774843332625
[2024-04-26 11:20:49,502][root][INFO] - --------------- Start iteration i=9 ---------------
[2024-04-26 11:20:49,502][root][INFO] - Length of data.x: 196
[2024-04-26 11:20:49,502][root][INFO] - Length of data.y: 196
[2024-04-26 11:20:49,661][root][INFO] - x: [ 0.00593768 -0.00399057 -0.16247619]
[2024-04-26 11:20:49,662][root][INFO] - y: [-0.00106121 -0.00434417]
[2024-04-26 11:20:49,662][root][INFO] - Reward: -0.0007848872343762467
[2024-04-26 11:20:49,664][root][INFO] - --------------- Start iteration i=10 ---------------
[2024-04-26 11:20:49,665][root][INFO] - Length of data.x: 197
[2024-04-26 11:20:49,665][root][INFO] - Length of data.y: 197
[2024-04-26 11:21:46,555][root][INFO] - Eval Returns: [-128.21266795 -231.35207365 -354.2528262  -474.71850157 -477.36374038]
[2024-04-26 11:21:46,593][root][INFO] - Eval Returns: mean=-333.180 std=136.855
[2024-04-26 11:21:46,594][root][INFO] - Eval ndata: 197.000
[2024-04-26 11:21:46,595][root][INFO] - Model MSE (current real MPC): 0.056
[2024-04-26 11:21:47,178][root][INFO] - Model MSE (random test set): 0.000
[2024-04-26 11:21:47,178][root][INFO] - Model MSE (GT MPC): 0.000
[2024-04-26 11:21:47,178][root][INFO] - Model Likelihood (random test set): -1.847
[2024-04-26 11:21:47,178][root][INFO] - Model Likelihood (GT MPC): -1.839
[2024-04-26 11:21:47,178][root][INFO] - *[TIME] [Evaluate the current MPC policy] Elapsed: 57.35 seconds
[2024-04-26 11:21:50,620][root][INFO] - x: [ 0.00487647 -0.00833474 -0.13382465]
[2024-04-26 11:21:50,621][root][INFO] - y: [-0.00151732 -0.00358224]
[2024-04-26 11:21:50,621][root][INFO] - Reward: -0.0010918963167806705
[2024-04-26 11:21:52,528][root][INFO] - --------------- Start iteration i=11 ---------------
[2024-04-26 11:21:52,528][root][INFO] - Length of data.x: 198
[2024-04-26 11:21:52,528][root][INFO] - Length of data.y: 198
[2024-04-26 11:21:52,681][root][INFO] - x: [ 0.00335915 -0.01191698  0.12246252]
[2024-04-26 11:21:52,682][root][INFO] - y: [-0.00080664  0.00558168]
[2024-04-26 11:21:52,682][root][INFO] - Reward: -0.0003811629558959081
[2024-04-26 11:21:52,684][root][INFO] - --------------- Start iteration i=12 ---------------
[2024-04-26 11:21:52,685][root][INFO] - Length of data.x: 199
[2024-04-26 11:21:52,685][root][INFO] - Length of data.y: 199
[2024-04-26 11:21:52,839][root][INFO] - x: [ 0.00255252 -0.0063353   0.19501056]
[2024-04-26 11:21:52,839][root][INFO] - y: [0.00022019 0.00806467]
[2024-04-26 11:21:52,839][root][INFO] - Reward: -0.00024713335975831555
[2024-04-26 11:21:52,842][root][INFO] - --------------- Start iteration i=13 ---------------
[2024-04-26 11:21:52,842][root][INFO] - Length of data.x: 200
[2024-04-26 11:21:52,842][root][INFO] - Length of data.y: 200
[2024-04-26 11:21:52,997][root][INFO] - x: [ 0.0027727   0.00172936 -0.25326923]
[2024-04-26 11:21:52,998][root][INFO] - y: [-0.00088511 -0.00868098]
[2024-04-26 11:21:52,998][root][INFO] - Reward: -0.0006010265826581255
[2024-04-26 11:21:53,000][root][INFO] - --------------- Start iteration i=14 ---------------
[2024-04-26 11:21:53,000][root][INFO] - Length of data.x: 201
[2024-04-26 11:21:53,000][root][INFO] - Length of data.y: 201
[2024-04-26 11:21:53,154][root][INFO] - x: [ 0.0018876  -0.00695162 -0.01178717]
[2024-04-26 11:21:53,155][root][INFO] - y: [-0.0008706   0.00011392]
[2024-04-26 11:21:53,155][root][INFO] - Reward: -0.0003099896787214277
[2024-04-26 11:21:53,157][root][INFO] - --------------- Start iteration i=15 ---------------
[2024-04-26 11:21:53,158][root][INFO] - Length of data.x: 202
[2024-04-26 11:21:53,158][root][INFO] - Length of data.y: 202
[2024-04-26 11:22:48,405][root][INFO] - Eval Returns: [-126.03699839 -331.20146847 -119.24251438 -123.9997376  -245.12356294]
[2024-04-26 11:22:48,446][root][INFO] - Eval Returns: mean=-189.121 std=85.354
[2024-04-26 11:22:48,446][root][INFO] - Eval ndata: 202.000
[2024-04-26 11:22:48,446][root][INFO] - Model MSE (current real MPC): 0.032
[2024-04-26 11:22:49,037][root][INFO] - Model MSE (random test set): 0.000
[2024-04-26 11:22:49,038][root][INFO] - Model MSE (GT MPC): 0.000
[2024-04-26 11:22:49,038][root][INFO] - Model Likelihood (random test set): -1.847
[2024-04-26 11:22:49,038][root][INFO] - Model Likelihood (GT MPC): -1.839
[2024-04-26 11:22:49,038][root][INFO] - *[TIME] [Evaluate the current MPC policy] Elapsed: 55.73 seconds
[2024-04-26 11:22:52,339][root][INFO] - x: [ 0.001017   -0.00683769  0.28800486]
[2024-04-26 11:22:52,339][root][INFO] - y: [0.00054266 0.01109971]
[2024-04-26 11:22:52,339][root][INFO] - Reward: -0.0004720498449009255
[2024-04-26 11:22:53,828][root][INFO] - --------------- Start iteration i=16 ---------------
[2024-04-26 11:22:53,828][root][INFO] - Length of data.x: 203
[2024-04-26 11:22:53,828][root][INFO] - Length of data.y: 203
[2024-04-26 11:22:53,987][root][INFO] - x: [ 0.00155965  0.00426202 -0.55303338]
[2024-04-26 11:22:53,988][root][INFO] - y: [-0.0020394 -0.0202794]
[2024-04-26 11:22:53,988][root][INFO] - Reward: -0.002867616638734912
[2024-04-26 11:22:53,990][root][INFO] - --------------- Start iteration i=17 ---------------
[2024-04-26 11:22:53,991][root][INFO] - Length of data.x: 204
[2024-04-26 11:22:53,991][root][INFO] - Length of data.y: 204
[2024-04-26 11:22:54,147][root][INFO] - x: [-0.00047974 -0.01601738  0.13676191]
[2024-04-26 11:22:54,148][root][INFO] - y: [-0.0014044   0.00498728]
[2024-04-26 11:22:54,148][root][INFO] - Reward: -0.0008884968312250819
[2024-04-26 11:22:54,151][root][INFO] - --------------- Start iteration i=18 ---------------
[2024-04-26 11:22:54,151][root][INFO] - Length of data.x: 205
[2024-04-26 11:22:54,151][root][INFO] - Length of data.y: 205
[2024-04-26 11:22:54,308][root][INFO] - x: [-0.00188414 -0.01103011  0.25565613]
[2024-04-26 11:22:54,308][root][INFO] - y: [-0.00025438  0.00903218]
[2024-04-26 11:22:54,308][root][INFO] - Reward: -0.00033212356964254253
[2024-04-26 11:22:54,311][root][INFO] - --------------- Start iteration i=19 ---------------
[2024-04-26 11:22:54,311][root][INFO] - Length of data.x: 206
[2024-04-26 11:22:54,312][root][INFO] - Length of data.y: 206
[2024-04-26 11:22:54,469][root][INFO] - x: [-0.00213852 -0.00199792  0.1484146 ]
[2024-04-26 11:22:54,470][root][INFO] - y: [0.00037405 0.0049357 ]
[2024-04-26 11:22:54,470][root][INFO] - Reward: -0.00017407090493823474
[2024-04-26 11:22:54,473][root][INFO] - --------------- Start iteration i=20 ---------------
[2024-04-26 11:22:54,473][root][INFO] - Length of data.x: 207
[2024-04-26 11:22:54,473][root][INFO] - Length of data.y: 207
[2024-04-26 11:23:50,722][root][INFO] - Eval Returns: [-225.55237826   -1.26994135   -3.79557785 -123.71121782 -119.94707818]
[2024-04-26 11:23:50,762][root][INFO] - Eval Returns: mean=-94.855 std=84.373
[2024-04-26 11:23:50,762][root][INFO] - Eval ndata: 207.000
[2024-04-26 11:23:50,763][root][INFO] - Model MSE (current real MPC): 0.016
[2024-04-26 11:23:51,357][root][INFO] - Model MSE (random test set): 0.000
[2024-04-26 11:23:51,357][root][INFO] - Model MSE (GT MPC): 0.000
[2024-04-26 11:23:51,357][root][INFO] - Model Likelihood (random test set): -1.847
[2024-04-26 11:23:51,357][root][INFO] - Model Likelihood (GT MPC): -1.839
[2024-04-26 11:23:51,357][root][INFO] - *[TIME] [Evaluate the current MPC policy] Elapsed: 56.73 seconds
[2024-04-26 11:23:54,915][root][INFO] - x: [-0.00176447  0.00293778  0.24380917]
[2024-04-26 11:23:54,915][root][INFO] - y: [0.00147199 0.00862317]
[2024-04-26 11:23:54,916][root][INFO] - Reward: -0.0010940113889079369
[2024-04-26 11:23:56,524][root][INFO] - --------------- Start iteration i=21 ---------------
[2024-04-26 11:23:56,524][root][INFO] - Length of data.x: 208
[2024-04-26 11:23:56,524][root][INFO] - Length of data.y: 208
[2024-04-26 11:23:56,677][root][INFO] - x: [-0.00029249  0.01156095 -0.07306695]
[2024-04-26 11:23:56,678][root][INFO] - y: [ 0.00111215 -0.00282616]
[2024-04-26 11:23:56,678][root][INFO] - Reward: -0.0005162842638094034
[2024-04-26 11:23:56,681][root][INFO] - --------------- Start iteration i=22 ---------------
[2024-04-26 11:23:56,681][root][INFO] - Length of data.x: 209
[2024-04-26 11:23:56,681][root][INFO] - Length of data.y: 209
[2024-04-26 11:23:56,834][root][INFO] - x: [ 0.00081966  0.00873479 -0.15801972]
[2024-04-26 11:23:56,835][root][INFO] - y: [ 0.0003884  -0.00568433]
[2024-04-26 11:23:56,835][root][INFO] - Reward: -0.00017383874677219389
[2024-04-26 11:23:56,838][root][INFO] - --------------- Start iteration i=23 ---------------
[2024-04-26 11:23:56,838][root][INFO] - Length of data.x: 210
[2024-04-26 11:23:56,838][root][INFO] - Length of data.y: 210
[2024-04-26 11:23:56,993][root][INFO] - x: [ 0.00120806  0.00305046 -0.08020596]
[2024-04-26 11:23:56,993][root][INFO] - y: [ 5.07438545e-05 -2.65192206e-03]
[2024-04-26 11:23:56,994][root][INFO] - Reward: -4.2387713257122235e-05
[2024-04-26 11:23:56,996][root][INFO] - --------------- Start iteration i=24 ---------------
[2024-04-26 11:23:56,996][root][INFO] - Length of data.x: 211
[2024-04-26 11:23:56,996][root][INFO] - Length of data.y: 211
[2024-04-26 11:23:57,150][root][INFO] - x: [0.0012588  0.00039854 0.06772495]
[2024-04-26 11:23:57,150][root][INFO] - y: [0.00042131 0.00291043]
[2024-04-26 11:23:57,150][root][INFO] - Reward: -0.00011628195685418483
[2024-04-26 11:23:57,153][root][INFO] - --------------- Start iteration i=25 ---------------
[2024-04-26 11:23:57,153][root][INFO] - Length of data.x: 212
[2024-04-26 11:23:57,153][root][INFO] - Length of data.y: 212
[2024-04-26 11:24:54,527][root][INFO] - Eval Returns: [-451.13732162 -126.20785453 -123.50605033 -120.54396329 -113.71637174]
[2024-04-26 11:24:54,568][root][INFO] - Eval Returns: mean=-187.022 std=132.123
[2024-04-26 11:24:54,569][root][INFO] - Eval ndata: 212.000
[2024-04-26 11:24:54,569][root][INFO] - Model MSE (current real MPC): 0.032
[2024-04-26 11:24:55,176][root][INFO] - Model MSE (random test set): 0.000
[2024-04-26 11:24:55,176][root][INFO] - Model MSE (GT MPC): 0.000
[2024-04-26 11:24:55,176][root][INFO] - Model Likelihood (random test set): -1.847
[2024-04-26 11:24:55,176][root][INFO] - Model Likelihood (GT MPC): -1.839
[2024-04-26 11:24:55,176][root][INFO] - *[TIME] [Evaluate the current MPC policy] Elapsed: 57.87 seconds
[2024-04-26 11:24:58,329][root][INFO] - x: [0.00168011 0.00330897 0.01349703]
[2024-04-26 11:24:58,329][root][INFO] - y: [0.00054876 0.00100097]
[2024-04-26 11:24:58,329][root][INFO] - Reward: -0.00016864355068925944
[2024-04-26 11:24:59,905][root][INFO] - --------------- Start iteration i=26 ---------------
[2024-04-26 11:24:59,905][root][INFO] - Length of data.x: 213
[2024-04-26 11:24:59,905][root][INFO] - Length of data.y: 213
[2024-04-26 11:25:00,020][root][INFO] - x: [0.00222887 0.00430994 0.16546218]
[2024-04-26 11:25:00,020][root][INFO] - y: [0.00142236 0.00686128]
[2024-04-26 11:25:00,021][root][INFO] - Reward: -0.0010397843145599855
[2024-04-26 11:25:00,022][root][INFO] - --------------- Start iteration i=27 ---------------
[2024-04-26 11:25:00,022][root][INFO] - Length of data.x: 214
[2024-04-26 11:25:00,022][root][INFO] - Length of data.y: 214
[2024-04-26 11:25:00,135][root][INFO] - x: [ 0.00365124  0.01117123 -0.27003088]
[2024-04-26 11:25:00,135][root][INFO] - y: [ 0.00026998 -0.0090508 ]
[2024-04-26 11:25:00,135][root][INFO] - Reward: -0.00047219688802313845
[2024-04-26 11:25:00,137][root][INFO] - --------------- Start iteration i=28 ---------------
[2024-04-26 11:25:00,138][root][INFO] - Length of data.x: 215
[2024-04-26 11:25:00,138][root][INFO] - Length of data.y: 215
[2024-04-26 11:25:00,252][root][INFO] - x: [ 0.00392122  0.00212042 -0.05352322]
[2024-04-26 11:25:00,252][root][INFO] - y: [ 0.00016147 -0.00085226]
[2024-04-26 11:25:00,252][root][INFO] - Reward: -0.00018626148614788064
[2024-04-26 11:25:00,254][root][INFO] - --------------- Start iteration i=29 ---------------
[2024-04-26 11:25:00,254][root][INFO] - Length of data.x: 216
[2024-04-26 11:25:00,255][root][INFO] - Length of data.y: 216
[2024-04-26 11:25:00,366][root][INFO] - x: [0.00408269 0.00126817 0.42911739]
[2024-04-26 11:25:00,366][root][INFO] - y: [0.00236345 0.01729432]
[2024-04-26 11:25:00,366][root][INFO] - Reward: -0.0033518971460652497
[2024-04-26 11:25:00,368][root][INFO] - --------------- Start iteration i=30 ---------------
[2024-04-26 11:25:00,368][root][INFO] - Length of data.x: 217
[2024-04-26 11:25:00,368][root][INFO] - Length of data.y: 217
[2024-04-26 11:26:08,359][root][INFO] - Eval Returns: [-124.20518616 -246.23981243 -348.82875475 -348.79642652 -117.69202983]
[2024-04-26 11:26:08,396][root][INFO] - Eval Returns: mean=-237.152 std=102.026
[2024-04-26 11:26:08,396][root][INFO] - Eval ndata: 217.000
[2024-04-26 11:26:08,397][root][INFO] - Model MSE (current real MPC): 0.040
[2024-04-26 11:26:08,987][root][INFO] - Model MSE (random test set): 0.000
[2024-04-26 11:26:08,988][root][INFO] - Model MSE (GT MPC): 0.000
[2024-04-26 11:26:08,988][root][INFO] - Model Likelihood (random test set): -1.847
[2024-04-26 11:26:08,988][root][INFO] - Model Likelihood (GT MPC): -1.839
[2024-04-26 11:26:08,988][root][INFO] - *[TIME] [Evaluate the current MPC policy] Elapsed: 68.51 seconds
[2024-04-26 11:26:14,174][root][INFO] - x: [0.00644613 0.01856249 0.41289628]
[2024-04-26 11:26:14,174][root][INFO] - y: [0.0045766  0.01738202]
[2024-04-26 11:26:14,175][root][INFO] - Reward: -0.010149946969609715
[2024-04-26 11:26:16,826][root][INFO] - --------------- Start iteration i=31 ---------------
[2024-04-26 11:26:16,827][root][INFO] - Length of data.x: 218
[2024-04-26 11:26:16,827][root][INFO] - Length of data.y: 218
[2024-04-26 11:26:16,986][root][INFO] - x: [ 0.01102273  0.03594451 -0.42045164]
[2024-04-26 11:26:16,987][root][INFO] - y: [ 0.00298236 -0.01252112]
[2024-04-26 11:26:16,987][root][INFO] - Reward: -0.006154360678870874
[2024-04-26 11:26:16,990][root][INFO] - --------------- Start iteration i=32 ---------------
[2024-04-26 11:26:16,991][root][INFO] - Length of data.x: 219
[2024-04-26 11:26:16,991][root][INFO] - Length of data.y: 219
[2024-04-26 11:26:17,152][root][INFO] - x: [ 0.01400509  0.02342339 -0.31797508]
[2024-04-26 11:26:17,153][root][INFO] - y: [ 0.00198916 -0.00780056]
[2024-04-26 11:26:17,153][root][INFO] - Reward: -0.004491302545848002
[2024-04-26 11:26:17,156][root][INFO] - --------------- Start iteration i=33 ---------------
[2024-04-26 11:26:17,156][root][INFO] - Length of data.x: 220
[2024-04-26 11:26:17,156][root][INFO] - Length of data.y: 220
[2024-04-26 11:26:17,317][root][INFO] - x: [ 0.01599425  0.01562283 -0.09958999]
[2024-04-26 11:26:17,317][root][INFO] - y: [0.00211319 0.00097409]
[2024-04-26 11:26:17,317][root][INFO] - Reward: -0.005038641351043613
[2024-04-26 11:26:17,321][root][INFO] - --------------- Start iteration i=34 ---------------
[2024-04-26 11:26:17,321][root][INFO] - Length of data.x: 221
[2024-04-26 11:26:17,321][root][INFO] - Length of data.y: 221
[2024-04-26 11:26:17,483][root][INFO] - x: [ 0.01810744  0.01659692 -0.25375531]
[2024-04-26 11:26:17,483][root][INFO] - y: [ 0.00158026 -0.00418562]
[2024-04-26 11:26:17,483][root][INFO] - Reward: -0.005068936247964347
[2024-04-26 11:26:17,486][root][INFO] - --------------- Start iteration i=35 ---------------
[2024-04-26 11:26:17,486][root][INFO] - Length of data.x: 222
[2024-04-26 11:26:17,487][root][INFO] - Length of data.y: 222
[2024-04-26 11:27:16,899][root][INFO] - Eval Returns: [-123.99428567 -117.8530435  -123.59008977 -477.41069515 -126.03852043]
[2024-04-26 11:27:16,942][root][INFO] - Eval Returns: mean=-193.777 std=141.843
[2024-04-26 11:27:16,942][root][INFO] - Eval ndata: 222.000
[2024-04-26 11:27:16,942][root][INFO] - Model MSE (current real MPC): 0.032
[2024-04-26 11:27:17,565][root][INFO] - Model MSE (random test set): 0.000
[2024-04-26 11:27:17,565][root][INFO] - Model MSE (GT MPC): 0.000
[2024-04-26 11:27:17,565][root][INFO] - Model Likelihood (random test set): -1.847
[2024-04-26 11:27:17,565][root][INFO] - Model Likelihood (GT MPC): -1.839
[2024-04-26 11:27:17,565][root][INFO] - *[TIME] [Evaluate the current MPC policy] Elapsed: 59.92 seconds
[2024-04-26 11:27:22,436][root][INFO] - x: [0.01968769 0.0124113  0.01969699]
[2024-04-26 11:27:22,437][root][INFO] - y: [0.00241212 0.00653345]
[2024-04-26 11:27:22,437][root][INFO] - Reward: -0.00711886582165148
[2024-04-26 11:27:24,569][root][INFO] - --------------- Start iteration i=36 ---------------
[2024-04-26 11:27:24,569][root][INFO] - Length of data.x: 223
[2024-04-26 11:27:24,569][root][INFO] - Length of data.y: 223
[2024-04-26 11:27:24,707][root][INFO] - x: [ 0.02209981  0.01894475 -0.2888414 ]
[2024-04-26 11:27:24,708][root][INFO] - y: [ 0.00186108 -0.00432785]
[2024-04-26 11:27:24,708][root][INFO] - Reward: -0.007367482623263805
[2024-04-26 11:27:24,710][root][INFO] - --------------- Start iteration i=37 ---------------
[2024-04-26 11:27:24,710][root][INFO] - Length of data.x: 224
[2024-04-26 11:27:24,710][root][INFO] - Length of data.y: 224
[2024-04-26 11:27:24,824][root][INFO] - x: [ 0.02396089  0.0146169  -0.33460718]
[2024-04-26 11:27:24,824][root][INFO] - y: [ 0.00116113 -0.00549737]
[2024-04-26 11:27:24,824][root][INFO] - Reward: -0.007208978306081705
[2024-04-26 11:27:24,826][root][INFO] - --------------- Start iteration i=38 ---------------
[2024-04-26 11:27:24,827][root][INFO] - Length of data.x: 225
[2024-04-26 11:27:24,827][root][INFO] - Length of data.y: 225
[2024-04-26 11:27:24,940][root][INFO] - x: [ 0.02512203  0.00911953 -0.8798574 ]
[2024-04-26 11:27:24,940][root][INFO] - y: [-0.00209878 -0.02560328]
[2024-04-26 11:27:24,940][root][INFO] - Reward: -0.010067149015960387
[2024-04-26 11:27:24,942][root][INFO] - --------------- Start iteration i=39 ---------------
[2024-04-26 11:27:24,942][root][INFO] - Length of data.x: 226
[2024-04-26 11:27:24,942][root][INFO] - Length of data.y: 226
[2024-04-26 11:27:25,057][root][INFO] - x: [ 0.02302325 -0.01648375  0.05371346]
[2024-04-26 11:27:25,057][root][INFO] - y: [-0.00097969  0.00878925]
[2024-04-26 11:27:25,057][root][INFO] - Reward: -0.0051862779162955034
[2024-04-26 11:27:25,059][root][INFO] - --------------- Start iteration i=40 ---------------
[2024-04-26 11:27:25,059][root][INFO] - Length of data.x: 227
[2024-04-26 11:27:25,059][root][INFO] - Length of data.y: 227
[2024-04-26 11:28:25,789][root][INFO] - Eval Returns: [-235.05237203 -536.84606836 -121.31648677   -0.81227325 -125.42794106]
[2024-04-26 11:28:25,828][root][INFO] - Eval Returns: mean=-203.891 std=182.234
[2024-04-26 11:28:25,828][root][INFO] - Eval ndata: 227.000
[2024-04-26 11:28:25,828][root][INFO] - Model MSE (current real MPC): 0.032
[2024-04-26 11:28:26,439][root][INFO] - Model MSE (random test set): 0.000
[2024-04-26 11:28:26,439][root][INFO] - Model MSE (GT MPC): 0.000
[2024-04-26 11:28:26,439][root][INFO] - Model Likelihood (random test set): -1.847
[2024-04-26 11:28:26,439][root][INFO] - Model Likelihood (GT MPC): -1.839
[2024-04-26 11:28:26,439][root][INFO] - *[TIME] [Evaluate the current MPC policy] Elapsed: 61.26 seconds
[2024-04-26 11:28:30,315][root][INFO] - x: [ 0.02204356 -0.0076945  -0.17641785]
[2024-04-26 11:28:30,315][root][INFO] - y: [-0.00099605 -0.00012849]
[2024-04-26 11:28:30,316][root][INFO] - Reward: -0.004888377666104927
[2024-04-26 11:28:31,899][root][INFO] - --------------- Start iteration i=41 ---------------
[2024-04-26 11:28:31,899][root][INFO] - Length of data.x: 228
[2024-04-26 11:28:31,899][root][INFO] - Length of data.y: 228
[2024-04-26 11:28:32,071][root][INFO] - x: [ 0.0210475  -0.00782299 -0.27147994]
[2024-04-26 11:28:32,071][root][INFO] - y: [-0.00150357 -0.00398601]
[2024-04-26 11:28:32,071][root][INFO] - Reward: -0.004957149612793315
[2024-04-26 11:28:32,075][root][INFO] - --------------- Start iteration i=42 ---------------
[2024-04-26 11:28:32,075][root][INFO] - Length of data.x: 229
[2024-04-26 11:28:32,075][root][INFO] - Length of data.y: 229
[2024-04-26 11:28:32,247][root][INFO] - x: [ 0.01954394 -0.011809    0.18767243]
[2024-04-26 11:28:32,248][root][INFO] - y: [0.00012494 0.01279026]
[2024-04-26 11:28:32,248][root][INFO] - Reward: -0.003965246553761589
[2024-04-26 11:28:32,251][root][INFO] - --------------- Start iteration i=43 ---------------
[2024-04-26 11:28:32,251][root][INFO] - Length of data.x: 230
[2024-04-26 11:28:32,252][root][INFO] - Length of data.y: 230
[2024-04-26 11:28:32,429][root][INFO] - x: [ 0.01966887  0.00098126 -0.82020526]
[2024-04-26 11:28:32,429][root][INFO] - y: [-0.00305414 -0.02496842]
[2024-04-26 11:28:32,429][root][INFO] - Reward: -0.00909790192949577
[2024-04-26 11:28:32,433][root][INFO] - --------------- Start iteration i=44 ---------------
[2024-04-26 11:28:32,433][root][INFO] - Length of data.x: 231
[2024-04-26 11:28:32,433][root][INFO] - Length of data.y: 231
[2024-04-26 11:28:32,614][root][INFO] - x: [ 0.01661473 -0.02398716 -0.25020746]
[2024-04-26 11:28:32,614][root][INFO] - y: [-0.00362602 -0.00449156]
[2024-04-26 11:28:32,615][root][INFO] - Reward: -0.007106122567304636
[2024-04-26 11:28:32,618][root][INFO] - --------------- Start iteration i=45 ---------------
[2024-04-26 11:28:32,618][root][INFO] - Length of data.x: 232
[2024-04-26 11:28:32,618][root][INFO] - Length of data.y: 232
[2024-04-26 11:29:34,304][root][INFO] - Eval Returns: [-118.60676562 -118.8216432  -119.73431287 -234.65164329 -124.58879297]
[2024-04-26 11:29:34,345][root][INFO] - Eval Returns: mean=-143.281 std=45.737
[2024-04-26 11:29:34,346][root][INFO] - Eval ndata: 232.000
[2024-04-26 11:29:34,346][root][INFO] - Model MSE (current real MPC): 0.024
[2024-04-26 11:29:34,952][root][INFO] - Model MSE (random test set): 0.000
[2024-04-26 11:29:34,952][root][INFO] - Model MSE (GT MPC): 0.000
[2024-04-26 11:29:34,952][root][INFO] - Model Likelihood (random test set): -1.847
[2024-04-26 11:29:34,952][root][INFO] - Model Likelihood (GT MPC): -1.839
[2024-04-26 11:29:34,952][root][INFO] - *[TIME] [Evaluate the current MPC policy] Elapsed: 62.15 seconds
[2024-04-26 11:29:38,955][root][INFO] - x: [ 0.01298871 -0.02847872  0.3219319 ]
[2024-04-26 11:29:38,955][root][INFO] - y: [-0.00160197  0.01589688]
[2024-04-26 11:29:38,955][root][INFO] - Reward: -0.0027073702673745723
[2024-04-26 11:29:40,507][root][INFO] - --------------- Start iteration i=46 ---------------
[2024-04-26 11:29:40,507][root][INFO] - Length of data.x: 233
[2024-04-26 11:29:40,507][root][INFO] - Length of data.y: 233
[2024-04-26 11:29:40,671][root][INFO] - x: [ 0.01138674 -0.01258185  0.13759378]
[2024-04-26 11:29:40,672][root][INFO] - y: [-0.0005181   0.00851272]
[2024-04-26 11:29:40,672][root][INFO] - Reward: -0.0013475685049439074
[2024-04-26 11:29:40,675][root][INFO] - --------------- Start iteration i=47 ---------------
[2024-04-26 11:29:40,676][root][INFO] - Length of data.x: 234
[2024-04-26 11:29:40,676][root][INFO] - Length of data.y: 234
[2024-04-26 11:29:40,840][root][INFO] - x: [ 0.01086864 -0.00406912  0.58946511]
[2024-04-26 11:29:40,840][root][INFO] - y: [0.00270389 0.0253054 ]
[2024-04-26 11:29:40,840][root][INFO] - Reward: -0.006094259976890601
[2024-04-26 11:29:40,844][root][INFO] - --------------- Start iteration i=48 ---------------
[2024-04-26 11:29:40,844][root][INFO] - Length of data.x: 235
[2024-04-26 11:29:40,844][root][INFO] - Length of data.y: 235
[2024-04-26 11:29:41,009][root][INFO] - x: [ 0.01357253  0.02123628 -0.02597077]
[2024-04-26 11:29:41,010][root][INFO] - y: [0.0030887  0.00302232]
[2024-04-26 11:29:41,010][root][INFO] - Reward: -0.006508737113555488
[2024-04-26 11:29:41,013][root][INFO] - --------------- Start iteration i=49 ---------------
[2024-04-26 11:29:41,013][root][INFO] - Length of data.x: 236
[2024-04-26 11:29:41,013][root][INFO] - Length of data.y: 236
[2024-04-26 11:29:41,178][root][INFO] - x: [0.01666123 0.0242586  0.0434333 ]
[2024-04-26 11:29:41,178][root][INFO] - y: [0.00392059 0.00653365]
[2024-04-26 11:29:41,179][root][INFO] - Reward: -0.01025666250486599
[2024-04-26 11:29:41,182][root][INFO] - --------------- Start iteration i=50 ---------------
[2024-04-26 11:29:41,182][root][INFO] - Length of data.x: 237
[2024-04-26 11:29:41,182][root][INFO] - Length of data.y: 237
[2024-04-26 11:30:51,714][root][INFO] - Eval Returns: [-118.10291962 -235.56130361 -357.03501915 -126.57656989 -454.6928832 ]
[2024-04-26 11:30:51,758][root][INFO] - Eval Returns: mean=-258.394 std=131.028
[2024-04-26 11:30:51,758][root][INFO] - Eval ndata: 237.000
[2024-04-26 11:30:51,758][root][INFO] - Model MSE (current real MPC): 0.044
[2024-04-26 11:30:52,384][root][INFO] - Model MSE (random test set): 0.000
[2024-04-26 11:30:52,385][root][INFO] - Model MSE (GT MPC): 0.000
[2024-04-26 11:30:52,385][root][INFO] - Model Likelihood (random test set): -1.847
[2024-04-26 11:30:52,385][root][INFO] - Model Likelihood (GT MPC): -1.839
[2024-04-26 11:30:52,385][root][INFO] - *[TIME] [Evaluate the current MPC policy] Elapsed: 71.04 seconds
[2024-04-26 11:30:56,082][root][INFO] - x: [ 0.02058182  0.03079225 -0.19668792]
[2024-04-26 11:30:56,082][root][INFO] - y: [ 0.00375276 -0.00131817]
[2024-04-26 11:30:56,082][root][INFO] - Reward: -0.01155905904556801
[2024-04-26 11:30:58,437][root][INFO] - --------------- Start iteration i=51 ---------------
[2024-04-26 11:30:58,437][root][INFO] - Length of data.x: 238
[2024-04-26 11:30:58,437][root][INFO] - Length of data.y: 238
[2024-04-26 11:30:58,606][root][INFO] - x: [ 0.02433458  0.02947407 -0.34404616]
[2024-04-26 11:30:58,607][root][INFO] - y: [ 0.00302171 -0.00574159]
[2024-04-26 11:30:58,607][root][INFO] - Reward: -0.011464232460443351
[2024-04-26 11:30:58,610][root][INFO] - --------------- Start iteration i=52 ---------------
[2024-04-26 11:30:58,611][root][INFO] - Length of data.x: 239
[2024-04-26 11:30:58,611][root][INFO] - Length of data.y: 239
[2024-04-26 11:30:58,776][root][INFO] - x: [ 0.02735629  0.02373249 -0.89402824]
[2024-04-26 11:30:58,776][root][INFO] - y: [-0.00022236 -0.02547888]
[2024-04-26 11:30:58,776][root][INFO] - Reward: -0.010483165045226558
[2024-04-26 11:30:58,780][root][INFO] - --------------- Start iteration i=53 ---------------
[2024-04-26 11:30:58,780][root][INFO] - Length of data.x: 240
[2024-04-26 11:30:58,780][root][INFO] - Length of data.y: 240
[2024-04-26 11:30:58,945][root][INFO] - x: [ 0.02713393 -0.00174639 -0.21526171]
[2024-04-26 11:30:58,945][root][INFO] - y: [-2.33865913e-04 -9.03859690e-05]
[2024-04-26 11:30:58,945][root][INFO] - Reward: -0.00734872289803463
[2024-04-26 11:30:58,948][root][INFO] - --------------- Start iteration i=54 ---------------
[2024-04-26 11:30:58,949][root][INFO] - Length of data.x: 241
[2024-04-26 11:30:58,949][root][INFO] - Length of data.y: 241
[2024-04-26 11:30:59,116][root][INFO] - x: [ 0.02690007 -0.00183678 -0.39362701]
[2024-04-26 11:30:59,117][root][INFO] - y: [-0.00110574 -0.00684772]
[2024-04-26 11:30:59,117][root][INFO] - Reward: -0.007669172701328567
[2024-04-26 11:30:59,120][root][INFO] - --------------- Start iteration i=55 ---------------
[2024-04-26 11:30:59,120][root][INFO] - Length of data.x: 242
[2024-04-26 11:30:59,120][root][INFO] - Length of data.y: 242
[2024-04-26 11:32:03,021][root][INFO] - Eval Returns: [-123.55479784 -547.39003486 -242.00091793 -115.7404533  -119.85935016]
[2024-04-26 11:32:03,065][root][INFO] - Eval Returns: mean=-229.709 std=165.769
[2024-04-26 11:32:03,065][root][INFO] - Eval ndata: 242.000
[2024-04-26 11:32:03,066][root][INFO] - Model MSE (current real MPC): 0.040
[2024-04-26 11:32:03,709][root][INFO] - Model MSE (random test set): 0.000
[2024-04-26 11:32:03,709][root][INFO] - Model MSE (GT MPC): 0.000
[2024-04-26 11:32:03,709][root][INFO] - Model Likelihood (random test set): -1.847
[2024-04-26 11:32:03,709][root][INFO] - Model Likelihood (GT MPC): -1.839
[2024-04-26 11:32:03,709][root][INFO] - *[TIME] [Evaluate the current MPC policy] Elapsed: 64.42 seconds
[2024-04-26 11:32:07,010][root][INFO] - x: [ 0.02579432 -0.00868449 -0.62452972]
[2024-04-26 11:32:07,010][root][INFO] - y: [-0.00312142 -0.01583112]
[2024-04-26 11:32:07,011][root][INFO] - Reward: -0.010480220049492943
[2024-04-26 11:32:08,482][root][INFO] - --------------- Start iteration i=56 ---------------
[2024-04-26 11:32:08,482][root][INFO] - Length of data.x: 243
[2024-04-26 11:32:08,482][root][INFO] - Length of data.y: 243
[2024-04-26 11:32:08,646][root][INFO] - x: [ 0.0226729  -0.02451562 -0.31113002]
[2024-04-26 11:32:08,647][root][INFO] - y: [-0.00375745 -0.0049953 ]
[2024-04-26 11:32:08,647][root][INFO] - Reward: -0.009492218746996987
[2024-04-26 11:32:08,651][root][INFO] - --------------- Start iteration i=57 ---------------
[2024-04-26 11:32:08,651][root][INFO] - Length of data.x: 244
[2024-04-26 11:32:08,651][root][INFO] - Length of data.y: 244
[2024-04-26 11:32:08,814][root][INFO] - x: [ 0.01891545 -0.02951092 -0.11092195]
[2024-04-26 11:32:08,815][root][INFO] - y: [-0.00357815  0.00140821]
[2024-04-26 11:32:08,815][root][INFO] - Reward: -0.007425348194304765
[2024-04-26 11:32:08,818][root][INFO] - --------------- Start iteration i=58 ---------------
[2024-04-26 11:32:08,818][root][INFO] - Length of data.x: 245
[2024-04-26 11:32:08,818][root][INFO] - Length of data.y: 245
[2024-04-26 11:32:08,982][root][INFO] - x: [ 0.0153373  -0.02810271  0.10809964]
[2024-04-26 11:32:08,983][root][INFO] - y: [-0.00248708  0.0085692 ]
[2024-04-26 11:32:08,983][root][INFO] - Reward: -0.004118462987865468
[2024-04-26 11:32:08,986][root][INFO] - --------------- Start iteration i=59 ---------------
[2024-04-26 11:32:08,986][root][INFO] - Length of data.x: 246
[2024-04-26 11:32:08,986][root][INFO] - Length of data.y: 246
[2024-04-26 11:32:09,150][root][INFO] - x: [ 0.01285022 -0.01953351 -0.28291049]
[2024-04-26 11:32:09,151][root][INFO] - y: [-0.00335613 -0.00682547]
[2024-04-26 11:32:09,151][root][INFO] - Reward: -0.0056564702996630455
[2024-04-26 11:32:09,154][root][INFO] - --------------- Start iteration i=60 ---------------
[2024-04-26 11:32:09,155][root][INFO] - Length of data.x: 247
[2024-04-26 11:32:09,155][root][INFO] - Length of data.y: 247
[2024-04-26 11:33:21,732][root][INFO] - Eval Returns: [-125.60972811 -342.93060906 -467.47736319 -339.52174422 -125.23039884]
[2024-04-26 11:33:21,776][root][INFO] - Eval Returns: mean=-280.154 std=134.492
[2024-04-26 11:33:21,778][root][INFO] - Eval ndata: 247.000
[2024-04-26 11:33:21,778][root][INFO] - Model MSE (current real MPC): 0.048
[2024-04-26 11:33:22,425][root][INFO] - Model MSE (random test set): 0.000
[2024-04-26 11:33:22,426][root][INFO] - Model MSE (GT MPC): 0.000
[2024-04-26 11:33:22,426][root][INFO] - Model Likelihood (random test set): -1.847
[2024-04-26 11:33:22,426][root][INFO] - Model Likelihood (GT MPC): -1.839
[2024-04-26 11:33:22,426][root][INFO] - *[TIME] [Evaluate the current MPC policy] Elapsed: 73.10 seconds
[2024-04-26 11:33:27,269][root][INFO] - x: [ 0.00949409 -0.02635898  0.17559388]
[2024-04-26 11:33:27,269][root][INFO] - y: [-0.00216175  0.0093806 ]
[2024-04-26 11:33:27,269][root][INFO] - Reward: -0.0024988528471684614
[2024-04-26 11:33:28,987][root][INFO] - --------------- Start iteration i=61 ---------------
[2024-04-26 11:33:28,987][root][INFO] - Length of data.x: 248
[2024-04-26 11:33:28,987][root][INFO] - Length of data.y: 248
[2024-04-26 11:33:29,171][root][INFO] - x: [ 0.00733234 -0.01697838 -0.03710567]
[2024-04-26 11:33:29,171][root][INFO] - y: [-0.00206398  0.0007679 ]
[2024-04-26 11:33:29,171][root][INFO] - Reward: -0.0019612342910125756
[2024-04-26 11:33:29,174][root][INFO] - --------------- Start iteration i=62 ---------------
[2024-04-26 11:33:29,175][root][INFO] - Length of data.x: 249
[2024-04-26 11:33:29,175][root][INFO] - Length of data.y: 249
[2024-04-26 11:33:29,357][root][INFO] - x: [ 0.00526835 -0.01621048  0.57085491]
[2024-04-26 11:33:29,358][root][INFO] - y: [0.0008592  0.02295865]
[2024-04-26 11:33:29,358][root][INFO] - Reward: -0.001965516041893602
[2024-04-26 11:33:29,361][root][INFO] - --------------- Start iteration i=63 ---------------
[2024-04-26 11:33:29,361][root][INFO] - Length of data.x: 250
[2024-04-26 11:33:29,361][root][INFO] - Length of data.y: 250
[2024-04-26 11:33:29,546][root][INFO] - x: [ 0.00612756  0.00674816 -0.071147  ]
[2024-04-26 11:33:29,546][root][INFO] - y: [ 0.00074927 -0.00086341]
[2024-04-26 11:33:29,546][root][INFO] - Reward: -0.0007086224410995245
[2024-04-26 11:33:29,550][root][INFO] - --------------- Start iteration i=64 ---------------
[2024-04-26 11:33:29,550][root][INFO] - Length of data.x: 251
[2024-04-26 11:33:29,550][root][INFO] - Length of data.y: 251
[2024-04-26 11:33:29,733][root][INFO] - x: [0.00687683 0.00588475 0.18462387]
[2024-04-26 11:33:29,733][root][INFO] - y: [0.00188864 0.00894863]
[2024-04-26 11:33:29,734][root][INFO] - Reward: -0.0023028470495261204
[2024-04-26 11:33:29,737][root][INFO] - --------------- Start iteration i=65 ---------------
[2024-04-26 11:33:29,737][root][INFO] - Length of data.x: 252
[2024-04-26 11:33:29,737][root][INFO] - Length of data.y: 252
[2024-04-26 11:34:49,475][root][INFO] - Eval Returns: [-123.32537194 -118.95028301 -123.27825111 -415.3075074  -341.17624223]
[2024-04-26 11:34:49,519][root][INFO] - Eval Returns: mean=-224.408 std=127.784
[2024-04-26 11:34:49,519][root][INFO] - Eval ndata: 252.000
[2024-04-26 11:34:49,519][root][INFO] - Model MSE (current real MPC): 0.036
[2024-04-26 11:34:50,159][root][INFO] - Model MSE (random test set): 0.000
[2024-04-26 11:34:50,160][root][INFO] - Model MSE (GT MPC): 0.000
[2024-04-26 11:34:50,160][root][INFO] - Model Likelihood (random test set): -1.847
[2024-04-26 11:34:50,160][root][INFO] - Model Likelihood (GT MPC): -1.839
[2024-04-26 11:34:50,160][root][INFO] - *[TIME] [Evaluate the current MPC policy] Elapsed: 80.24 seconds
[2024-04-26 11:34:53,483][root][INFO] - x: [ 0.00876547  0.01483338 -0.21169991]
[2024-04-26 11:34:53,483][root][INFO] - y: [ 0.00120652 -0.00535743]
[2024-04-26 11:34:53,483][root][INFO] - Reward: -0.0017353857088551743
[2024-04-26 11:34:55,152][root][INFO] - --------------- Start iteration i=66 ---------------
[2024-04-26 11:34:55,153][root][INFO] - Length of data.x: 253
[2024-04-26 11:34:55,153][root][INFO] - Length of data.y: 253
[2024-04-26 11:34:55,347][root][INFO] - x: [ 0.00997199  0.00947595 -0.3375158 ]
[2024-04-26 11:34:55,348][root][INFO] - y: [-3.11149576e-05 -9.72033015e-03]
[2024-04-26 11:34:55,349][root][INFO] - Reward: -0.001431373383901864
[2024-04-26 11:34:55,352][root][INFO] - --------------- Start iteration i=67 ---------------
[2024-04-26 11:34:55,353][root][INFO] - Length of data.x: 254
[2024-04-26 11:34:55,353][root][INFO] - Length of data.y: 254
[2024-04-26 11:34:55,552][root][INFO] - x: [ 0.00994087 -0.00024438  0.17623412]
[2024-04-26 11:34:55,553][root][INFO] - y: [0.00118306 0.00953613]
[2024-04-26 11:34:55,553][root][INFO] - Reward: -0.001898072801141548
[2024-04-26 11:34:55,561][root][INFO] - --------------- Start iteration i=68 ---------------
[2024-04-26 11:34:55,561][root][INFO] - Length of data.x: 255
[2024-04-26 11:34:55,561][root][INFO] - Length of data.y: 255
[2024-04-26 11:34:55,762][root][INFO] - x: [ 0.01112393  0.00929176 -0.54775567]
[2024-04-26 11:34:55,763][root][INFO] - y: [-0.00101521 -0.01726524]
[2024-04-26 11:34:55,763][root][INFO] - Reward: -0.00261557145110344
[2024-04-26 11:34:55,767][root][INFO] - --------------- Start iteration i=69 ---------------
[2024-04-26 11:34:55,767][root][INFO] - Length of data.x: 256
[2024-04-26 11:34:55,767][root][INFO] - Length of data.y: 256
[2024-04-26 11:34:55,963][root][INFO] - x: [ 0.01010872 -0.00797348 -0.74786889]
[2024-04-26 11:34:55,964][root][INFO] - y: [-0.00420701 -0.02506832]
[2024-04-26 11:34:55,964][root][INFO] - Reward: -0.009568258626777544
[2024-04-26 11:34:55,969][root][INFO] - --------------- Start iteration i=70 ---------------
[2024-04-26 11:34:55,969][root][INFO] - Length of data.x: 257
[2024-04-26 11:34:55,969][root][INFO] - Length of data.y: 257
[2024-04-26 11:36:04,958][root][INFO] - Eval Returns: [-237.63150814   -0.85032167 -244.30896153 -485.30434304 -541.22196531]
[2024-04-26 11:36:05,000][root][INFO] - Eval Returns: mean=-301.863 std=194.417
[2024-04-26 11:36:05,000][root][INFO] - Eval ndata: 257.000
[2024-04-26 11:36:05,000][root][INFO] - Model MSE (current real MPC): 0.052
[2024-04-26 11:36:05,635][root][INFO] - Model MSE (random test set): 0.000
[2024-04-26 11:36:05,635][root][INFO] - Model MSE (GT MPC): 0.000
[2024-04-26 11:36:05,635][root][INFO] - Model Likelihood (random test set): -1.847
[2024-04-26 11:36:05,635][root][INFO] - Model Likelihood (GT MPC): -1.839
[2024-04-26 11:36:05,635][root][INFO] - *[TIME] [Evaluate the current MPC policy] Elapsed: 69.47 seconds
