[2024-04-23 19:52:56,333][root][INFO] - Dumper dumping to /tirl/experiments/mpc_frozencartpole_2024-04-23/19-52-39/seed_3
[2024-04-23 19:52:56,354][root][INFO] - Start obs: None
[2024-04-23 19:53:22,248][root][INFO] - GT Returns: [-11.97072069 -13.27802869 -12.81675771 -10.61692651 -12.83363279]
[2024-04-23 19:53:22,249][root][INFO] - GT Returns: mean=-12.303 std=0.943
[2024-04-23 19:53:22,249][root][INFO] - Path Lengths: [36345, 36345, 36345, 36345, 36345]
[2024-04-23 19:53:22,249][root][INFO] - Path Lengths: mean=36345.000 std=0.000
[2024-04-23 19:53:22,306][root][INFO] - all_x.shape = (181725, 5)
[2024-04-23 19:53:22,311][root][INFO] - all_x.min(axis=0) = [-0.60799865 -0.96702209 -0.99993992 -0.7851346  -1.        ]
[2024-04-23 19:53:22,316][root][INFO] - all_x.max(axis=0) = [0.90376959 1.34866072 0.99999881 0.90752001 1.        ]
[2024-04-23 19:53:22,320][root][INFO] - all_x.mean(axis=0) = [-0.00843078 -0.01122586  0.02833198  0.05716902 -0.00224146]
[2024-04-23 19:53:22,328][root][INFO] - all_x.var(axis=0) = [0.00718571 0.03126359 0.23992307 0.07548357 0.22777105]
[2024-04-23 19:53:22,367][root][INFO] - --------------- Start iteration i=0 ---------------
[2024-04-23 19:53:22,368][root][INFO] - Length of data.x: 301
[2024-04-23 19:53:22,368][root][INFO] - Length of data.y: 301
[2024-04-23 19:53:49,409][root][INFO] - Eval Returns: [-16.76836668 -13.05269528 -19.95764666 -12.00585399 -22.22435507]
[2024-04-23 19:53:49,415][root][INFO] - Eval Returns: mean=-16.802 std=3.910
[2024-04-23 19:53:49,416][root][INFO] - Eval ndata: 301.000
[2024-04-23 19:53:49,416][root][INFO] - Model MSE (current real MPC): 0.417
[2024-04-23 19:53:50,827][root][INFO] - Model MSE (random test set): 0.002
[2024-04-23 19:53:50,827][root][INFO] - Model MSE (GT MPC): 0.001
[2024-04-23 19:53:50,828][root][INFO] - Model Likelihood (random test set): -3.729
[2024-04-23 19:53:50,828][root][INFO] - Model Likelihood (GT MPC): -3.792
[2024-04-23 19:53:50,828][root][INFO] - *[TIME] [Evaluate the current MPC policy] Elapsed: 28.02 seconds
[2024-04-23 19:53:52,555][root][INFO] - x: [-2.09360562e-03 -4.30960748e-04  9.97563976e-01  1.14202685e-03
  2.64664826e-01]
[2024-04-23 19:53:52,555][root][INFO] - y: [-4.30960748e-05  2.07282916e-02  9.08796826e-04 -1.99759189e-02]
[2024-04-23 19:53:52,556][root][INFO] - Reward: -0.9999900962921945
[2024-04-23 19:53:56,784][root][INFO] - --------------- Start iteration i=1 ---------------
[2024-04-23 19:53:56,785][root][INFO] - Length of data.x: 302
[2024-04-23 19:53:56,785][root][INFO] - Length of data.y: 302
[2024-04-23 19:53:57,196][root][INFO] - x: [-0.0021367   0.02029733  0.99847277 -0.01883389 -0.12687794]
[2024-04-23 19:53:57,196][root][INFO] - y: [ 0.00202973 -0.01076024 -0.01498755  0.01123152]
[2024-04-23 19:53:57,197][root][INFO] - Reward: -0.9999899879896843
[2024-04-23 19:53:57,199][root][INFO] - --------------- Start iteration i=2 ---------------
[2024-04-23 19:53:57,199][root][INFO] - Length of data.x: 303
[2024-04-23 19:53:57,199][root][INFO] - Length of data.y: 303
[2024-04-23 19:53:57,610][root][INFO] - x: [-1.06968603e-04  9.53709457e-03  9.83485225e-01 -7.60237654e-03
  3.56784817e-01]
[2024-04-23 19:53:57,610][root][INFO] - y: [ 0.00095371  0.02529329 -0.00604978 -0.02016641]
[2024-04-23 19:53:57,611][root][INFO] - Reward: -0.9999899893772753
[2024-04-23 19:53:57,613][root][INFO] - --------------- Start iteration i=3 ---------------
[2024-04-23 19:53:57,613][root][INFO] - Length of data.x: 304
[2024-04-23 19:53:57,614][root][INFO] - Length of data.y: 304
[2024-04-23 19:53:58,022][root][INFO] - x: [ 8.46740854e-04  3.48303804e-02  9.77435441e-01 -2.77687846e-02
  4.60150464e-01]
[2024-04-23 19:53:58,023][root][INFO] - y: [ 0.00348304  0.06861538 -0.02209771 -0.06148736]
[2024-04-23 19:53:58,023][root][INFO] - Reward: -0.9999902331931443
[2024-04-23 19:53:58,026][root][INFO] - --------------- Start iteration i=4 ---------------
[2024-04-23 19:53:58,026][root][INFO] - Length of data.x: 305
[2024-04-23 19:53:58,026][root][INFO] - Length of data.y: 305
[2024-04-23 19:53:58,452][root][INFO] - x: [ 0.00432978  0.10344576  0.95533773 -0.08925615  0.25983824]
[2024-04-23 19:53:58,453][root][INFO] - y: [ 0.01034458  0.02973957 -0.07102784 -0.01571372]
[2024-04-23 19:53:58,453][root][INFO] - Reward: -0.9999926205234302
[2024-04-23 19:53:58,456][root][INFO] - --------------- Start iteration i=5 ---------------
[2024-04-23 19:53:58,456][root][INFO] - Length of data.x: 306
[2024-04-23 19:53:58,456][root][INFO] - Length of data.y: 306
[2024-04-23 19:53:58,986][root][INFO] - x: [ 0.01467436  0.13318534  0.88430989 -0.10496987 -0.14966673]
[2024-04-23 19:53:58,987][root][INFO] - y: [ 0.01331853 -0.04789921 -0.08353243  0.07968069]
[2024-04-23 19:53:58,988][root][INFO] - Reward: -0.9999967254266399
[2024-04-23 19:53:58,992][root][INFO] - --------------- Start iteration i=6 ---------------
[2024-04-23 19:53:58,992][root][INFO] - Length of data.x: 307
[2024-04-23 19:53:58,992][root][INFO] - Length of data.y: 307
[2024-04-23 19:53:59,440][root][INFO] - x: [ 0.02799289  0.08528613  0.80077745 -0.02528918  0.23655952]
[2024-04-23 19:53:59,441][root][INFO] - y: [ 0.00852861  0.00659225 -0.02012451  0.05218378]
[2024-04-23 19:53:59,442][root][INFO] - Reward: -0.999998631829067
[2024-04-23 19:53:59,445][root][INFO] - --------------- Start iteration i=7 ---------------
[2024-04-23 19:53:59,446][root][INFO] - Length of data.x: 308
[2024-04-23 19:53:59,446][root][INFO] - Length of data.y: 308
[2024-04-23 19:53:59,905][root][INFO] - x: [ 0.0365215   0.09187838  0.78065295  0.0268946  -0.41077218]
[2024-04-23 19:53:59,906][root][INFO] - y: [ 0.00918784 -0.07790157  0.02140206  0.12256567]
[2024-04-23 19:53:59,906][root][INFO] - Reward: -0.9999995742695833
[2024-04-23 19:53:59,910][root][INFO] - --------------- Start iteration i=8 ---------------
[2024-04-23 19:53:59,911][root][INFO] - Length of data.x: 309
[2024-04-23 19:53:59,911][root][INFO] - Length of data.y: 309
[2024-04-23 19:54:00,377][root][INFO] - x: [ 0.04570934  0.01397681  0.80205501  0.14946027 -0.40560258]
[2024-04-23 19:54:00,377][root][INFO] - y: [ 0.00139768 -0.0934998   0.1189368   0.13320262]
[2024-04-23 19:54:00,378][root][INFO] - Reward: -0.9999993391437783
[2024-04-23 19:54:00,380][root][INFO] - --------------- Start iteration i=9 ---------------
[2024-04-23 19:54:00,381][root][INFO] - Length of data.x: 310
[2024-04-23 19:54:00,381][root][INFO] - Length of data.y: 310
[2024-04-23 19:54:00,839][root][INFO] - x: [ 0.04710702 -0.07952299  0.92099181  0.28266289 -0.410336  ]
[2024-04-23 19:54:00,839][root][INFO] - y: [-0.0079523  -0.1040868   0.22493616  0.12502191]
[2024-04-23 19:54:00,840][root][INFO] - Reward: -0.9999721364111558
[2024-04-23 19:54:00,842][root][INFO] - --------------- Start iteration i=10 ---------------
[2024-04-23 19:54:00,842][root][INFO] - Length of data.x: 311
[2024-04-23 19:54:00,843][root][INFO] - Length of data.y: 311
[2024-04-23 19:54:29,369][root][INFO] - Eval Returns: [-20.6866218  -23.22419739 -17.78483213 -12.48808994 -13.66044391]
[2024-04-23 19:54:29,375][root][INFO] - Eval Returns: mean=-17.569 std=4.070
[2024-04-23 19:54:29,376][root][INFO] - Eval ndata: 311.000
[2024-04-23 19:54:29,376][root][INFO] - Model MSE (current real MPC): 0.417
[2024-04-23 19:54:30,772][root][INFO] - Model MSE (random test set): 0.002
[2024-04-23 19:54:30,772][root][INFO] - Model MSE (GT MPC): 0.001
[2024-04-23 19:54:30,773][root][INFO] - Model Likelihood (random test set): -3.728
[2024-04-23 19:54:30,773][root][INFO] - Model Likelihood (GT MPC): -3.792
[2024-04-23 19:54:30,773][root][INFO] - *[TIME] [Evaluate the current MPC policy] Elapsed: 29.49 seconds
[2024-04-23 19:54:34,403][root][INFO] - x: [ 0.03915472 -0.18360979 -0.85407203  0.4076848  -0.21167035]
[2024-04-23 19:54:34,403][root][INFO] - y: [-0.01836098  0.09197873  0.32442552 -0.12594015]
[2024-04-23 19:54:34,404][root][INFO] - Reward: -0.9904769841074912
[2024-04-23 19:54:36,514][root][INFO] - --------------- Start iteration i=11 ---------------
[2024-04-23 19:54:36,515][root][INFO] - Length of data.x: 312
[2024-04-23 19:54:36,515][root][INFO] - Length of data.y: 312
[2024-04-23 19:54:36,945][root][INFO] - x: [ 0.02079374 -0.09163106 -0.52964651  0.28174465 -0.01106835]
[2024-04-23 19:54:36,945][root][INFO] - y: [-0.00916311  0.07756726  0.22420545 -0.10498826]
[2024-04-23 19:54:36,946][root][INFO] - Reward: -0.8076291847388547
[2024-04-23 19:54:36,948][root][INFO] - --------------- Start iteration i=12 ---------------
[2024-04-23 19:54:36,949][root][INFO] - Length of data.x: 313
[2024-04-23 19:54:36,949][root][INFO] - Length of data.y: 313
[2024-04-23 19:54:37,376][root][INFO] - x: [ 0.01163064 -0.0140638  -0.30544106  0.17675639  0.24172186]
[2024-04-23 19:54:37,376][root][INFO] - y: [-0.00140638  0.03536014  0.14065838 -0.06012824]
[2024-04-23 19:54:37,377][root][INFO] - Reward: -0.29716846690112253
[2024-04-23 19:54:37,381][root][INFO] - --------------- Start iteration i=13 ---------------
[2024-04-23 19:54:37,382][root][INFO] - Length of data.x: 314
[2024-04-23 19:54:37,382][root][INFO] - Length of data.y: 314
[2024-04-23 19:54:37,833][root][INFO] - x: [ 0.01022426  0.02129634 -0.16478268  0.11662815 -0.07718019]
[2024-04-23 19:54:37,833][root][INFO] - y: [ 0.00212963 -0.02435159  0.09280981 -0.06975656]
[2024-04-23 19:54:37,834][root][INFO] - Reward: -0.0028253273325052897
[2024-04-23 19:54:37,837][root][INFO] - --------------- Start iteration i=14 ---------------
[2024-04-23 19:54:37,838][root][INFO] - Length of data.x: 315
[2024-04-23 19:54:37,838][root][INFO] - Length of data.y: 315
[2024-04-23 19:54:38,273][root][INFO] - x: [ 0.01235389 -0.00305525 -0.07197287  0.0468716  -0.09334279]
[2024-04-23 19:54:38,274][root][INFO] - y: [-0.00030553 -0.02622911  0.03729926 -0.04757669]
[2024-04-23 19:54:38,274][root][INFO] - Reward: -0.02422748949381437
[2024-04-23 19:54:38,277][root][INFO] - --------------- Start iteration i=15 ---------------
[2024-04-23 19:54:38,277][root][INFO] - Length of data.x: 316
[2024-04-23 19:54:38,277][root][INFO] - Length of data.y: 316
[2024-04-23 19:54:38,724][root][INFO] - x: [ 0.01204837 -0.02928436 -0.03467361 -0.00070509  0.2610107 ]
[2024-04-23 19:54:38,725][root][INFO] - y: [-0.00292844  0.0356103  -0.0005611   0.02472342]
[2024-04-23 19:54:38,725][root][INFO] - Reward: -0.005062684966170128
[2024-04-23 19:54:38,728][root][INFO] - --------------- Start iteration i=16 ---------------
[2024-04-23 19:54:38,728][root][INFO] - Length of data.x: 317
[2024-04-23 19:54:38,728][root][INFO] - Length of data.y: 317
[2024-04-23 19:54:39,272][root][INFO] - x: [ 0.00911993  0.00632593 -0.03523471  0.02401833 -0.08011444]
[2024-04-23 19:54:39,272][root][INFO] - y: [ 0.00063259 -0.01915259  0.01911319 -0.02988324]
[2024-04-23 19:54:39,273][root][INFO] - Reward: -0.035434570432678836
[2024-04-23 19:54:39,276][root][INFO] - --------------- Start iteration i=17 ---------------
[2024-04-23 19:54:39,276][root][INFO] - Length of data.x: 318
[2024-04-23 19:54:39,276][root][INFO] - Length of data.y: 318
[2024-04-23 19:54:39,727][root][INFO] - x: [ 0.00975252 -0.01282666 -0.01612152 -0.00586491 -0.0106917 ]
[2024-04-23 19:54:39,728][root][INFO] - y: [-0.00128267 -0.00447498 -0.00466715 -0.00944067]
[2024-04-23 19:54:39,729][root][INFO] - Reward: -0.01646765780319459
[2024-04-23 19:54:39,731][root][INFO] - --------------- Start iteration i=18 ---------------
[2024-04-23 19:54:39,731][root][INFO] - Length of data.x: 319
[2024-04-23 19:54:39,732][root][INFO] - Length of data.y: 319
[2024-04-23 19:54:40,219][root][INFO] - x: [ 0.00846986 -0.01730164 -0.02078867 -0.01530559  0.11031142]
[2024-04-23 19:54:40,220][root][INFO] - y: [-0.00173016  0.01407651 -0.01217981  0.00763767]
[2024-04-23 19:54:40,220][root][INFO] - Reward: -0.00031283125582803883
[2024-04-23 19:54:40,223][root][INFO] - --------------- Start iteration i=19 ---------------
[2024-04-23 19:54:40,223][root][INFO] - Length of data.x: 320
[2024-04-23 19:54:40,224][root][INFO] - Length of data.y: 320
[2024-04-23 19:54:40,680][root][INFO] - x: [ 0.00673969 -0.00322513 -0.03296848 -0.00766792  0.14931123]
[2024-04-23 19:54:40,681][root][INFO] - y: [-0.00032251  0.0177775  -0.00610194  0.0075295 ]
[2024-04-23 19:54:40,681][root][INFO] - Reward: -0.0008529925164505459
[2024-04-23 19:54:40,684][root][INFO] - --------------- Start iteration i=20 ---------------
[2024-04-23 19:54:40,684][root][INFO] - Length of data.x: 321
[2024-04-23 19:54:40,684][root][INFO] - Length of data.y: 321
[2024-04-23 19:55:09,772][root][INFO] - Eval Returns: [-13.67273377 -22.53546675 -16.02865385 -16.03100031 -20.70236755]
[2024-04-23 19:55:09,779][root][INFO] - Eval Returns: mean=-17.794 std=3.291
[2024-04-23 19:55:09,779][root][INFO] - Eval ndata: 321.000
[2024-04-23 19:55:09,779][root][INFO] - Model MSE (current real MPC): 0.449
[2024-04-23 19:55:11,217][root][INFO] - Model MSE (random test set): 0.002
[2024-04-23 19:55:11,217][root][INFO] - Model MSE (GT MPC): 0.001
[2024-04-23 19:55:11,218][root][INFO] - Model Likelihood (random test set): -3.728
[2024-04-23 19:55:11,218][root][INFO] - Model Likelihood (GT MPC): -3.793
[2024-04-23 19:55:11,218][root][INFO] - *[TIME] [Evaluate the current MPC policy] Elapsed: 29.98 seconds
