[2024-04-25 14:26:57,384][root][INFO] - Dumper dumping to /tirl/experiments/mpc_rustypendulum_init_forgetting_2024-04-25/14-26-52/seed_0
[2024-04-25 14:26:57,389][root][INFO] - Start obs: None
[2024-04-25 14:27:25,200][root][INFO] - GT Returns: [-123.24597372 -127.10872758 -126.92115988 -369.25069505 -114.67779684]
[2024-04-25 14:27:25,200][root][INFO] - GT Returns: mean=-172.241 std=98.608
[2024-04-25 14:27:25,200][root][INFO] - Path Lengths: [39420, 39420, 39420, 39420, 39420]
[2024-04-25 14:27:25,200][root][INFO] - Path Lengths: mean=39420.000 std=0.000
[2024-04-25 14:27:25,300][root][INFO] - all_x.shape = (197100, 3)
[2024-04-25 14:27:25,305][root][INFO] - all_x.min(axis=0) = [-0.99995421 -1.         -1.        ]
[2024-04-25 14:27:25,311][root][INFO] - all_x.max(axis=0) = [0.99999054 1.         1.        ]
[2024-04-25 14:27:25,316][root][INFO] - all_x.mean(axis=0) = [-0.00873413  0.03436044 -0.0019979 ]
[2024-04-25 14:27:25,326][root][INFO] - all_x.var(axis=0) = [0.0965102  0.11018547 0.25939956]
[2024-04-25 14:27:25,393][root][INFO] - --------------- Start iteration i=0 ---------------
[2024-04-25 14:27:25,394][root][INFO] - Length of data.x: 17
[2024-04-25 14:27:25,394][root][INFO] - Length of data.y: 17
[2024-04-25 14:27:57,865][root][INFO] - Eval Returns: [-625.04409019 -832.02898601 -509.14061786 -614.04470474 -637.66716624]
[2024-04-25 14:27:57,908][root][INFO] - Eval Returns: mean=-643.585 std=104.726
[2024-04-25 14:27:57,909][root][INFO] - Eval ndata: 17.000
[2024-04-25 14:27:57,909][root][INFO] - Model MSE (current real MPC): 0.096
[2024-04-25 14:27:58,427][root][INFO] - Model MSE (random test set): 0.000
[2024-04-25 14:27:58,427][root][INFO] - Model MSE (GT MPC): 0.000
[2024-04-25 14:27:58,427][root][INFO] - Model Likelihood (random test set): -1.851
[2024-04-25 14:27:58,427][root][INFO] - Model Likelihood (GT MPC): -1.845
[2024-04-25 14:27:58,427][root][INFO] - *[TIME] [Evaluate the current MPC policy] Elapsed: 32.92 seconds
[2024-04-25 14:28:00,134][root][INFO] - x: [-0.36353269  0.05763741  0.70299253]
[2024-04-25 14:28:00,134][root][INFO] - y: [-0.00016115 -0.05890309]
[2024-04-25 14:28:00,134][root][INFO] - Reward: -1.3074713872572963
[2024-04-25 14:28:02,939][root][INFO] - --------------- Start iteration i=1 ---------------
[2024-04-25 14:28:02,939][root][INFO] - Length of data.x: 18
[2024-04-25 14:28:02,939][root][INFO] - Length of data.y: 18
[2024-04-25 14:28:03,100][root][INFO] - x: [-0.36369384 -0.00126568  0.84854044]
[2024-04-25 14:28:03,100][root][INFO] - y: [-0.0069685  -0.05346477]
[2024-04-25 14:28:03,101][root][INFO] - Reward: -1.3780414373814514
[2024-04-25 14:28:03,102][root][INFO] - --------------- Start iteration i=2 ---------------
[2024-04-25 14:28:03,102][root][INFO] - Length of data.x: 19
[2024-04-25 14:28:03,102][root][INFO] - Length of data.y: 19
[2024-04-25 14:28:03,263][root][INFO] - x: [-0.37066234 -0.05473045  1.        ]
[2024-04-25 14:28:03,264][root][INFO] - y: [-0.01315858 -0.04861678]
[2024-04-25 14:28:03,264][root][INFO] - Reward: -1.5263315353923432
[2024-04-25 14:28:03,265][root][INFO] - --------------- Start iteration i=3 ---------------
[2024-04-25 14:28:03,265][root][INFO] - Length of data.x: 20
[2024-04-25 14:28:03,265][root][INFO] - Length of data.y: 20
[2024-04-25 14:28:03,427][root][INFO] - x: [-0.38382092 -0.10334723  0.80764319]
[2024-04-25 14:28:03,428][root][INFO] - y: [-0.0204527  -0.05728791]
[2024-04-25 14:28:03,428][root][INFO] - Reward: -1.7808126982670094
[2024-04-25 14:28:03,429][root][INFO] - --------------- Start iteration i=4 ---------------
[2024-04-25 14:28:03,429][root][INFO] - Length of data.x: 21
[2024-04-25 14:28:03,429][root][INFO] - Length of data.y: 21
[2024-04-25 14:28:03,596][root][INFO] - x: [-0.40427362 -0.16063514 -0.22716391]
[2024-04-25 14:28:03,596][root][INFO] - y: [-0.03293823 -0.0980611 ]
[2024-04-25 14:28:03,597][root][INFO] - Reward: -2.3151348315548526
[2024-04-25 14:28:03,598][root][INFO] - --------------- Start iteration i=5 ---------------
[2024-04-25 14:28:03,598][root][INFO] - Length of data.x: 22
[2024-04-25 14:28:03,598][root][INFO] - Length of data.y: 22
[2024-04-25 14:28:36,513][root][INFO] - Eval Returns: [-120.53151219 -118.14435065 -120.18797614 -237.5594694  -119.57156481]
[2024-04-25 14:28:36,556][root][INFO] - Eval Returns: mean=-143.199 std=47.187
[2024-04-25 14:28:36,558][root][INFO] - Eval ndata: 22.000
[2024-04-25 14:28:36,558][root][INFO] - Model MSE (current real MPC): 0.024
[2024-04-25 14:28:37,139][root][INFO] - Model MSE (random test set): 0.000
[2024-04-25 14:28:37,139][root][INFO] - Model MSE (GT MPC): 0.000
[2024-04-25 14:28:37,139][root][INFO] - Model Likelihood (random test set): -1.847
[2024-04-25 14:28:37,139][root][INFO] - Model Likelihood (GT MPC): -1.840
[2024-04-25 14:28:37,139][root][INFO] - *[TIME] [Evaluate the current MPC policy] Elapsed: 33.43 seconds
[2024-04-25 14:28:40,436][root][INFO] - x: [-0.43721185 -0.25869625  0.13211208]
[2024-04-25 14:28:40,437][root][INFO] - y: [-0.04401259 -0.08697782]
[2024-04-25 14:28:40,437][root][INFO] - Reward: -3.0503824961204127
[2024-04-25 14:28:41,991][root][INFO] - --------------- Start iteration i=6 ---------------
[2024-04-25 14:28:41,991][root][INFO] - Length of data.x: 23
[2024-04-25 14:28:41,991][root][INFO] - Length of data.y: 23
[2024-04-25 14:28:42,151][root][INFO] - x: [-0.48122444 -0.34567407  0.88983221]
[2024-04-25 14:28:42,151][root][INFO] - y: [-0.05167981 -0.06021825]
[2024-04-25 14:28:42,152][root][INFO] - Reward: -3.860396979946328
[2024-04-25 14:28:42,153][root][INFO] - --------------- Start iteration i=7 ---------------
[2024-04-25 14:28:42,153][root][INFO] - Length of data.x: 24
[2024-04-25 14:28:42,153][root][INFO] - Length of data.y: 24
[2024-04-25 14:28:42,315][root][INFO] - x: [-0.53290425 -0.40589232 -0.84162266]
[2024-04-25 14:28:42,315][root][INFO] - y: [-0.06757117 -0.1248104 ]
[2024-04-25 14:28:42,316][root][INFO] - Reward: -5.364054354440783
[2024-04-25 14:28:42,317][root][INFO] - --------------- Start iteration i=8 ---------------
[2024-04-25 14:28:42,317][root][INFO] - Length of data.x: 25
[2024-04-25 14:28:42,317][root][INFO] - Length of data.y: 25
[2024-04-25 14:28:42,479][root][INFO] - x: [-0.60047542 -0.53070272 -0.18801589]
[2024-04-25 14:28:42,479][root][INFO] - y: [-0.07981576 -0.09616877]
[2024-04-25 14:28:42,480][root][INFO] - Reward: -7.08275024567443
[2024-04-25 14:28:42,481][root][INFO] - --------------- Start iteration i=9 ---------------
[2024-04-25 14:28:42,481][root][INFO] - Length of data.x: 26
[2024-04-25 14:28:42,481][root][INFO] - Length of data.y: 26
[2024-04-25 14:28:42,640][root][INFO] - x: [-0.68029117 -0.6268715  -0.21784796]
[2024-04-25 14:28:42,641][root][INFO] - y: [-0.09092847 -0.08727905]
[2024-04-25 14:28:42,641][root][INFO] - Reward: -9.134501298936371
[2024-04-25 14:28:42,642][root][INFO] - --------------- Start iteration i=10 ---------------
[2024-04-25 14:28:42,642][root][INFO] - Length of data.x: 27
[2024-04-25 14:28:42,642][root][INFO] - Length of data.y: 27
[2024-04-25 14:29:13,233][root][INFO] - Eval Returns: [-350.9776166  -486.23593513 -233.30667366 -127.37813497   -1.40763795]
[2024-04-25 14:29:13,275][root][INFO] - Eval Returns: mean=-239.861 std=168.880
[2024-04-25 14:29:13,275][root][INFO] - Eval ndata: 27.000
[2024-04-25 14:29:13,277][root][INFO] - Model MSE (current real MPC): 0.036
[2024-04-25 14:29:13,828][root][INFO] - Model MSE (random test set): 0.000
[2024-04-25 14:29:13,828][root][INFO] - Model MSE (GT MPC): 0.000
[2024-04-25 14:29:13,828][root][INFO] - Model Likelihood (random test set): -1.848
[2024-04-25 14:29:13,828][root][INFO] - Model Likelihood (GT MPC): -1.840
[2024-04-25 14:29:13,828][root][INFO] - *[TIME] [Evaluate the current MPC policy] Elapsed: 31.09 seconds
[2024-04-25 14:29:17,415][root][INFO] - x: [-0.77121964 -0.71415055 -0.97578116]
[2024-04-25 14:29:17,416][root][INFO] - y: [-0.10344694 -0.09831987]
[2024-04-25 14:29:17,416][root][INFO] - Reward: -11.779159691380048
[2024-04-25 14:29:19,233][root][INFO] - --------------- Start iteration i=11 ---------------
[2024-04-25 14:29:19,233][root][INFO] - Length of data.x: 28
[2024-04-25 14:29:19,233][root][INFO] - Length of data.y: 28
[2024-04-25 14:29:19,393][root][INFO] - x: [-0.87466659 -0.81247042 -0.64856083]
[2024-04-25 14:29:19,394][root][INFO] - y: [-0.11112309 -0.0602883 ]
[2024-04-25 14:29:19,394][root][INFO] - Reward: -14.467709695375543
[2024-04-25 14:29:19,395][root][INFO] - --------------- Start iteration i=12 ---------------
[2024-04-25 14:29:19,395][root][INFO] - Length of data.x: 29
[2024-04-25 14:29:19,395][root][INFO] - Length of data.y: 29
[2024-04-25 14:29:19,555][root][INFO] - x: [-0.98578967 -0.87275872 -0.80912964]
[2024-04-25 14:29:19,556][root][INFO] - y: [-0.11551911 -0.03452625]
[2024-04-25 14:29:19,556][root][INFO] - Reward: -13.242027322385843
[2024-04-25 14:29:19,557][root][INFO] - --------------- Start iteration i=13 ---------------
[2024-04-25 14:29:19,557][root][INFO] - Length of data.x: 30
[2024-04-25 14:29:19,557][root][INFO] - Length of data.y: 30
[2024-04-25 14:29:19,716][root][INFO] - x: [ 0.89869122 -0.90728497 -0.02049211]
[2024-04-25 14:29:19,716][root][INFO] - y: [-0.11188169  0.02856824]
[2024-04-25 14:29:19,717][root][INFO] - Reward: -11.051686342022089
[2024-04-25 14:29:19,718][root][INFO] - --------------- Start iteration i=14 ---------------
[2024-04-25 14:29:19,718][root][INFO] - Length of data.x: 31
[2024-04-25 14:29:19,718][root][INFO] - Length of data.y: 31
[2024-04-25 14:29:19,879][root][INFO] - x: [ 0.78680953 -0.87871673 -0.16001994]
[2024-04-25 14:29:19,880][root][INFO] - y: [-0.10523552  0.05219887]
[2024-04-25 14:29:19,880][root][INFO] - Reward: -8.957003029774802
[2024-04-25 14:29:19,881][root][INFO] - --------------- Start iteration i=15 ---------------
[2024-04-25 14:29:19,881][root][INFO] - Length of data.x: 32
[2024-04-25 14:29:19,881][root][INFO] - Length of data.y: 32
[2024-04-25 14:29:52,543][root][INFO] - Eval Returns: [-122.20992968 -234.95148482 -118.0486317  -445.13135811 -244.69271339]
[2024-04-25 14:29:52,588][root][INFO] - Eval Returns: mean=-233.007 std=118.852
[2024-04-25 14:29:52,588][root][INFO] - Eval ndata: 32.000
[2024-04-25 14:29:52,588][root][INFO] - Model MSE (current real MPC): 0.040
[2024-04-25 14:29:53,146][root][INFO] - Model MSE (random test set): 0.000
[2024-04-25 14:29:53,146][root][INFO] - Model MSE (GT MPC): 0.000
[2024-04-25 14:29:53,146][root][INFO] - Model Likelihood (random test set): -1.848
[2024-04-25 14:29:53,146][root][INFO] - Model Likelihood (GT MPC): -1.840
[2024-04-25 14:29:53,146][root][INFO] - *[TIME] [Evaluate the current MPC policy] Elapsed: 33.16 seconds
[2024-04-25 14:29:56,389][root][INFO] - x: [ 0.68157401 -0.82651786  0.6065019 ]
[2024-04-25 14:29:56,389][root][INFO] - y: [-0.09280152  0.09765637]
[2024-04-25 14:29:56,389][root][INFO] - Reward: -6.822730034116542
[2024-04-25 14:29:57,965][root][INFO] - --------------- Start iteration i=16 ---------------
[2024-04-25 14:29:57,965][root][INFO] - Length of data.x: 33
[2024-04-25 14:29:57,965][root][INFO] - Length of data.y: 33
[2024-04-25 14:29:58,133][root][INFO] - x: [ 0.58877249 -0.72886149 -0.42682525]
[2024-04-25 14:29:58,133][root][INFO] - y: [-0.08336405  0.07412178]
[2024-04-25 14:29:58,134][root][INFO] - Reward: -5.265376009823323
[2024-04-25 14:29:58,135][root][INFO] - --------------- Start iteration i=17 ---------------
[2024-04-25 14:29:58,135][root][INFO] - Length of data.x: 34
[2024-04-25 14:29:58,135][root][INFO] - Length of data.y: 34
[2024-04-25 14:29:58,301][root][INFO] - x: [ 0.50540844 -0.65473971 -0.62269037]
[2024-04-25 14:29:58,302][root][INFO] - y: [-0.07381647  0.07498647]
[2024-04-25 14:29:58,302][root][INFO] - Reward: -3.9911068147287416
[2024-04-25 14:29:58,303][root][INFO] - --------------- Start iteration i=18 ---------------
[2024-04-25 14:29:58,303][root][INFO] - Length of data.x: 35
[2024-04-25 14:29:58,303][root][INFO] - Length of data.y: 35
[2024-04-25 14:29:58,469][root][INFO] - x: [ 0.43159197 -0.57975324 -0.0619227 ]
[2024-04-25 14:29:58,469][root][INFO] - y: [-0.06245011  0.08927123]
[2024-04-25 14:29:58,470][root][INFO] - Reward: -2.8845687533204085
[2024-04-25 14:29:58,471][root][INFO] - --------------- Start iteration i=19 ---------------
[2024-04-25 14:29:58,471][root][INFO] - Length of data.x: 36
[2024-04-25 14:29:58,471][root][INFO] - Length of data.y: 36
[2024-04-25 14:29:58,638][root][INFO] - x: [ 0.36914186 -0.49048201 -0.42259022]
[2024-04-25 14:29:58,639][root][INFO] - y: [-0.05352576  0.07009168]
[2024-04-25 14:29:58,639][root][INFO] - Reward: -2.114919876406681
[2024-04-25 14:29:58,640][root][INFO] - --------------- Start iteration i=20 ---------------
[2024-04-25 14:29:58,640][root][INFO] - Length of data.x: 37
[2024-04-25 14:29:58,640][root][INFO] - Length of data.y: 37
