[2024-04-25 15:55:55,317][root][INFO] - Dumper dumping to /tirl/experiments/mpc_frozencartpole_newhypers_initdata_gpforgetting_2024-04-25/15-55-50/seed_0
[2024-04-25 15:55:55,322][root][INFO] - Start obs: None
[2024-04-25 15:56:15,055][root][INFO] - GT Returns: [-11.77010028 -11.85294295 -10.65364279 -10.88907764 -10.9570544 ]
[2024-04-25 15:56:15,056][root][INFO] - GT Returns: mean=-11.225 std=0.490
[2024-04-25 15:56:15,056][root][INFO] - Path Lengths: [36345, 36345, 36345, 36345, 36345]
[2024-04-25 15:56:15,056][root][INFO] - Path Lengths: mean=36345.000 std=0.000
[2024-04-25 15:56:15,121][root][INFO] - all_x.shape = (181725, 5)
[2024-04-25 15:56:15,126][root][INFO] - all_x.min(axis=0) = [-0.5676916  -0.89124354 -0.99999181 -0.81965951 -1.        ]
[2024-04-25 15:56:15,131][root][INFO] - all_x.max(axis=0) = [0.84469689 1.4958703  0.99998039 0.85432835 1.        ]
[2024-04-25 15:56:15,134][root][INFO] - all_x.mean(axis=0) = [-0.01355599  0.0062724   0.00568281 -0.010971    0.01838665]
[2024-04-25 15:56:15,143][root][INFO] - all_x.var(axis=0) = [0.00523046 0.02688149 0.22478087 0.07074859 0.22931202]
[2024-04-25 15:56:15,203][root][INFO] - --------------- Start iteration i=0 ---------------
[2024-04-25 15:56:15,204][root][INFO] - Length of data.x: 301
[2024-04-25 15:56:15,204][root][INFO] - Length of data.y: 301
[2024-04-25 15:56:43,027][root][INFO] - Eval Returns: [-16.89599457 -23.14404635 -22.01414873 -23.07451396 -20.90126997]
[2024-04-25 15:56:43,040][root][INFO] - Eval Returns: mean=-21.206 std=2.305
[2024-04-25 15:56:43,040][root][INFO] - Eval ndata: 301.000
[2024-04-25 15:56:43,040][root][INFO] - Model MSE (current real MPC): 0.547
[2024-04-25 15:56:45,181][root][INFO] - Model MSE (random test set): 0.338
[2024-04-25 15:56:45,181][root][INFO] - Model MSE (GT MPC): 0.008
[2024-04-25 15:56:45,181][root][INFO] - Model Likelihood (random test set): -3.856
[2024-04-25 15:56:45,181][root][INFO] - Model Likelihood (GT MPC): -3.745
[2024-04-25 15:56:45,181][root][INFO] - *[TIME] [Evaluate the current MPC policy] Elapsed: 29.65 seconds
[2024-04-25 15:57:05,069][root][INFO] - x: [-1.83292366e-03  1.15877153e-03 -9.96225874e-01 -5.11492384e-04
 -5.61357724e-02]
[2024-04-25 15:57:05,070][root][INFO] - y: [ 0.00011588 -0.00381039 -0.00040703  0.00264557]
[2024-04-25 15:57:05,070][root][INFO] - Reward: -0.9999901079605535
[2024-04-25 15:57:07,120][root][INFO] - --------------- Start iteration i=1 ---------------
[2024-04-25 15:57:07,120][root][INFO] - Length of data.x: 277
[2024-04-25 15:57:07,120][root][INFO] - Length of data.y: 277
[2024-04-25 15:57:20,487][root][INFO] - x: [-0.00171705 -0.00265162 -0.99663291  0.00213408  0.04612558]
[2024-04-25 15:57:20,488][root][INFO] - y: [-0.00026516  0.00435561  0.00169825 -0.00539436]
[2024-04-25 15:57:20,489][root][INFO] - Reward: -0.999990124388377
[2024-04-25 15:57:20,491][root][INFO] - --------------- Start iteration i=2 ---------------
[2024-04-25 15:57:20,491][root][INFO] - Length of data.x: 253
[2024-04-25 15:57:20,491][root][INFO] - Length of data.y: 253
[2024-04-25 15:57:31,327][root][INFO] - x: [-0.00198221  0.00170399 -0.99493466 -0.00326028 -0.74446792]
[2024-04-25 15:57:31,327][root][INFO] - y: [ 0.0001704  -0.05863793 -0.00259445  0.05706765]
[2024-04-25 15:57:31,328][root][INFO] - Reward: -0.9999901081864835
[2024-04-25 15:57:31,329][root][INFO] - --------------- Start iteration i=3 ---------------
[2024-04-25 15:57:31,329][root][INFO] - Length of data.x: 229
[2024-04-25 15:57:31,330][root][INFO] - Length of data.y: 229
[2024-04-25 15:57:43,604][root][INFO] - x: [-0.00181181 -0.05693394 -0.99752911  0.05380736 -0.28375403]
[2024-04-25 15:57:43,604][root][INFO] - y: [-0.00569339 -0.02129739  0.04281857  0.02053423]
[2024-04-25 15:57:43,605][root][INFO] - Reward: -0.9999909162729947
[2024-04-25 15:57:43,608][root][INFO] - --------------- Start iteration i=4 ---------------
[2024-04-25 15:57:43,608][root][INFO] - Length of data.x: 205
[2024-04-25 15:57:43,608][root][INFO] - Length of data.y: 205
[2024-04-25 15:57:55,452][root][INFO] - x: [-0.0075052  -0.07823133 -0.95471054  0.07434159 -0.50757819]
[2024-04-25 15:57:55,452][root][INFO] - y: [-0.00782313 -0.0295518   0.05915921  0.01532804]
[2024-04-25 15:57:55,453][root][INFO] - Reward: -0.9999930368555401
[2024-04-25 15:57:55,456][root][INFO] - --------------- Start iteration i=5 ---------------
[2024-04-25 15:57:55,456][root][INFO] - Length of data.x: 181
[2024-04-25 15:57:55,456][root][INFO] - Length of data.y: 181
[2024-04-25 15:58:03,662][root][INFO] - x: [-0.01532834 -0.10778313 -0.89555134  0.08966963  0.24573413]
[2024-04-25 15:58:03,663][root][INFO] - y: [-0.01077831  0.04070894  0.07135688 -0.07018482]
[2024-04-25 15:58:03,663][root][INFO] - Reward: -0.9999963607350685
[2024-04-25 15:58:03,665][root][INFO] - --------------- Start iteration i=6 ---------------
[2024-04-25 15:58:03,665][root][INFO] - Length of data.x: 157
[2024-04-25 15:58:03,665][root][INFO] - Length of data.y: 157
[2024-04-25 15:58:09,477][root][INFO] - x: [-0.02610665 -0.06707419 -0.82419446  0.01948481  0.15240754]
[2024-04-25 15:58:09,477][root][INFO] - y: [-0.00670742  0.03422799  0.01550553 -0.08066003]
[2024-04-25 15:58:09,478][root][INFO] - Reward: -0.9999980610837295
[2024-04-25 15:58:09,479][root][INFO] - --------------- Start iteration i=7 ---------------
[2024-04-25 15:58:09,480][root][INFO] - Length of data.x: 133
[2024-04-25 15:58:09,480][root][INFO] - Length of data.y: 133
[2024-04-25 15:58:14,901][root][INFO] - x: [-0.03281407 -0.0328462  -0.80868893 -0.06117523  0.46932089]
[2024-04-25 15:58:14,901][root][INFO] - y: [-0.00328462  0.05766197 -0.04868174 -0.10308794]
[2024-04-25 15:58:14,902][root][INFO] - Reward: -0.9999986224990309
[2024-04-25 15:58:14,903][root][INFO] - --------------- Start iteration i=8 ---------------
[2024-04-25 15:58:14,903][root][INFO] - Length of data.x: 109
[2024-04-25 15:58:14,903][root][INFO] - Length of data.y: 109
[2024-04-25 15:58:19,374][root][INFO] - x: [-0.03609869  0.02481577 -0.85737067 -0.16426317 -0.92238543]
[2024-04-25 15:58:19,374][root][INFO] - y: [ 0.00248158 -0.03024088 -0.13071658 -0.0152888 ]
[2024-04-25 15:58:19,374][root][INFO] - Reward: -0.9999964223836331
[2024-04-25 15:58:19,376][root][INFO] - --------------- Start iteration i=9 ---------------
[2024-04-25 15:58:19,376][root][INFO] - Length of data.x: 85
[2024-04-25 15:58:19,376][root][INFO] - Length of data.y: 85
[2024-04-25 15:58:23,081][root][INFO] - x: [-0.03361711 -0.00542511 -0.98808725 -0.17955197 -0.12093507]
[2024-04-25 15:58:23,081][root][INFO] - y: [-0.00054251 -0.00557064 -0.14288304  0.00189222]
[2024-04-25 15:58:23,082][root][INFO] - Reward: -0.9999765635184211
[2024-04-25 15:58:23,083][root][INFO] - --------------- Start iteration i=10 ---------------
[2024-04-25 15:58:23,083][root][INFO] - Length of data.x: 61
[2024-04-25 15:58:23,083][root][INFO] - Length of data.y: 61
[2024-04-25 15:58:33,720][root][INFO] - Eval Returns: [-24.99997416 -23.46075542 -24.12259116 -22.61597955 -24.99937496]
[2024-04-25 15:58:33,729][root][INFO] - Eval Returns: mean=-24.040 std=0.918
[2024-04-25 15:58:33,729][root][INFO] - Eval ndata: 61.000
[2024-04-25 15:58:33,729][root][INFO] - Model MSE (current real MPC): 0.834
[2024-04-25 15:58:34,953][root][INFO] - Model MSE (random test set): 0.312
[2024-04-25 15:58:34,954][root][INFO] - Model MSE (GT MPC): 0.070
[2024-04-25 15:58:34,954][root][INFO] - Model Likelihood (random test set): -3.759
[2024-04-25 15:58:34,954][root][INFO] - Model Likelihood (GT MPC): -3.719
[2024-04-25 15:58:34,954][root][INFO] - *[TIME] [Evaluate the current MPC policy] Elapsed: 11.72 seconds
[2024-04-25 15:58:43,637][root][INFO] - x: [-0.03415962 -0.01099575  0.86902971 -0.17765976 -1.        ]
[2024-04-25 15:58:43,637][root][INFO] - y: [-0.00109957 -0.1098177  -0.14137726  0.13992685]
[2024-04-25 15:58:43,637][root][INFO] - Reward: -0.9996564806928192
[2024-04-25 15:58:46,373][root][INFO] - --------------- Start iteration i=11 ---------------
[2024-04-25 15:58:46,373][root][INFO] - Length of data.x: 37
[2024-04-25 15:58:46,373][root][INFO] - Length of data.y: 37
[2024-04-25 15:58:49,104][root][INFO] - x: [-0.0352592  -0.12081345  0.72765246 -0.0377329   0.28066502]
[2024-04-25 15:58:49,104][root][INFO] - y: [-0.01208135 -0.0047662  -0.03002691  0.07726345]
[2024-04-25 15:58:49,105][root][INFO] - Reward: -0.9992587104218926
[2024-04-25 15:58:49,105][root][INFO] - --------------- Start iteration i=12 ---------------
[2024-04-25 15:58:49,105][root][INFO] - Length of data.x: 13
[2024-04-25 15:58:49,106][root][INFO] - Length of data.y: 13
[2024-04-25 15:58:50,512][root][INFO] - x: [-0.04734054 -0.12557966  0.69762554  0.03953054  0.29816961]
[2024-04-25 15:58:50,512][root][INFO] - y: [-0.01255797 -0.00280817  0.03145743  0.08150753]
[2024-04-25 15:58:50,512][root][INFO] - Reward: -0.9996972716030481
[2024-04-25 15:58:50,513][root][INFO] - --------------- Start iteration i=13 ---------------
[2024-04-25 15:58:50,514][root][INFO] - Length of data.x: 2
[2024-04-25 15:58:50,514][root][INFO] - Length of data.y: 2
[2024-04-25 15:58:51,038][root][INFO] - x: [-0.05989851 -0.12838782  0.72908298  0.12103807 -1.        ]
[2024-04-25 15:58:51,038][root][INFO] - y: [-0.01283878 -0.09234381  0.09631911  0.13471593]
[2024-04-25 15:58:51,038][root][INFO] - Reward: -0.9999872066939106
[2024-04-25 15:58:51,039][root][INFO] - --------------- Start iteration i=14 ---------------
[2024-04-25 15:58:51,039][root][INFO] - Length of data.x: 2
[2024-04-25 15:58:51,039][root][INFO] - Length of data.y: 2
[2024-04-25 15:58:51,488][root][INFO] - x: [-0.07273729 -0.22073163  0.82540209  0.255754    1.        ]
[2024-04-25 15:58:51,488][root][INFO] - y: [-0.02207316  0.00529346  0.20352273  0.04668682]
[2024-04-25 15:58:51,488][root][INFO] - Reward: -0.9999999966470224
[2024-04-25 15:58:51,489][root][INFO] - --------------- Start iteration i=15 ---------------
[2024-04-25 15:58:51,489][root][INFO] - Length of data.x: 2
[2024-04-25 15:58:51,489][root][INFO] - Length of data.y: 2
[2024-04-25 15:58:51,940][root][INFO] - x: [-0.09481045 -0.21543817 -0.97107518  0.30244082 -1.        ]
[2024-04-25 15:58:51,941][root][INFO] - y: [-0.02154382 -0.05848815  0.24067495  0.04933543]
[2024-04-25 15:58:51,941][root][INFO] - Reward: -0.9999999999996814
[2024-04-25 15:58:51,942][root][INFO] - --------------- Start iteration i=16 ---------------
[2024-04-25 15:58:51,942][root][INFO] - Length of data.x: 2
[2024-04-25 15:58:51,942][root][INFO] - Length of data.y: 2
[2024-04-25 15:58:52,383][root][INFO] - x: [-0.11635427 -0.27392632 -0.73040023  0.35177625 -0.99121183]
[2024-04-25 15:58:52,384][root][INFO] - y: [-0.02739263  0.06986858  0.27993487 -0.11985   ]
[2024-04-25 15:58:52,384][root][INFO] - Reward: -0.9999999999999993
[2024-04-25 15:58:52,385][root][INFO] - --------------- Start iteration i=17 ---------------
[2024-04-25 15:58:52,385][root][INFO] - Length of data.x: 2
[2024-04-25 15:58:52,385][root][INFO] - Length of data.y: 2
[2024-04-25 15:58:52,862][root][INFO] - x: [-0.1437469  -0.20405774 -0.45046536  0.23192625 -0.99959525]
[2024-04-25 15:58:52,862][root][INFO] - y: [-0.02040577 -0.00379341  0.18456119 -0.09760128]
[2024-04-25 15:58:52,862][root][INFO] - Reward: -0.9999999999999994
[2024-04-25 15:58:52,863][root][INFO] - --------------- Start iteration i=18 ---------------
[2024-04-25 15:58:52,863][root][INFO] - Length of data.x: 2
[2024-04-25 15:58:52,864][root][INFO] - Length of data.y: 2
[2024-04-25 15:58:53,406][root][INFO] - x: [-0.16415268 -0.20785114 -0.26590417  0.13432497  1.        ]
[2024-04-25 15:58:53,407][root][INFO] - y: [-0.02078511  0.0557039   0.1068925  -0.0354469 ]
[2024-04-25 15:58:53,408][root][INFO] - Reward: -0.9999999999999999
[2024-04-25 15:58:53,409][root][INFO] - --------------- Start iteration i=19 ---------------
[2024-04-25 15:58:53,409][root][INFO] - Length of data.x: 2
[2024-04-25 15:58:53,409][root][INFO] - Length of data.y: 2
[2024-04-25 15:58:53,977][root][INFO] - x: [-0.18493779 -0.15214724 -0.15901167  0.09887807 -1.        ]
[2024-04-25 15:58:53,978][root][INFO] - y: [-0.01521472 -0.0837808   0.07868473 -0.12058342]
[2024-04-25 15:58:53,978][root][INFO] - Reward: -0.9999999999999999
[2024-04-25 15:58:53,979][root][INFO] - --------------- Start iteration i=20 ---------------
[2024-04-25 15:58:53,979][root][INFO] - Length of data.x: 2
[2024-04-25 15:58:53,979][root][INFO] - Length of data.y: 2
[2024-04-25 15:59:00,528][root][INFO] - Eval Returns: [-24.99997193 -24.99997565 -24.9999696  -24.9999828  -24.99997369]
[2024-04-25 15:59:00,540][root][INFO] - Eval Returns: mean=-25.000 std=0.000
[2024-04-25 15:59:00,540][root][INFO] - Eval ndata: 2.000
[2024-04-25 15:59:00,540][root][INFO] - Model MSE (current real MPC): 0.525
[2024-04-25 15:59:01,771][root][INFO] - Model MSE (random test set): 0.368
[2024-04-25 15:59:01,771][root][INFO] - Model MSE (GT MPC): 0.081
[2024-04-25 15:59:01,771][root][INFO] - Model Likelihood (random test set): -3.727
[2024-04-25 15:59:01,772][root][INFO] - Model Likelihood (GT MPC): -3.686
[2024-04-25 15:59:01,772][root][INFO] - *[TIME] [Evaluate the current MPC policy] Elapsed: 7.66 seconds
[2024-04-25 15:59:07,587][root][INFO] - x: [-0.20015251 -0.23592804 -0.08032693 -0.02170535  1.        ]
[2024-04-25 15:59:07,587][root][INFO] - y: [-0.0235928   0.06719248 -0.01727258  0.04054531]
[2024-04-25 15:59:07,587][root][INFO] - Reward: -1.0
[2024-04-25 15:59:10,183][root][INFO] - --------------- Start iteration i=21 ---------------
[2024-04-25 15:59:10,184][root][INFO] - Length of data.x: 3
[2024-04-25 15:59:10,184][root][INFO] - Length of data.y: 3
[2024-04-25 15:59:10,385][root][INFO] - x: [-0.22374532 -0.16873556 -0.09759951  0.01883996 -0.61908896]
[2024-04-25 15:59:10,385][root][INFO] - y: [-0.01687356 -0.06032388  0.01499238 -0.08715064]
[2024-04-25 15:59:10,385][root][INFO] - Reward: -1.0
[2024-04-25 15:59:10,386][root][INFO] - --------------- Start iteration i=22 ---------------
[2024-04-25 15:59:10,386][root][INFO] - Length of data.x: 4
[2024-04-25 15:59:10,386][root][INFO] - Length of data.y: 4
[2024-04-25 15:59:10,590][root][INFO] - x: [-0.24061888 -0.22905944 -0.08260714 -0.06831068  0.96208605]
[2024-04-25 15:59:10,590][root][INFO] - y: [-0.02290594  0.06523703 -0.05435996  0.03785295]
[2024-04-25 15:59:10,590][root][INFO] - Reward: -1.0
[2024-04-25 15:59:10,591][root][INFO] - --------------- Start iteration i=23 ---------------
[2024-04-25 15:59:10,591][root][INFO] - Length of data.x: 5
[2024-04-25 15:59:10,591][root][INFO] - Length of data.y: 5
[2024-04-25 15:59:10,788][root][INFO] - x: [-0.26352482 -0.1638224  -0.13696709 -0.03045773  0.32334047]
[2024-04-25 15:59:10,789][root][INFO] - y: [-0.01638224  0.00609514 -0.02423751 -0.03542347]
[2024-04-25 15:59:10,789][root][INFO] - Reward: -1.0
[2024-04-25 15:59:10,790][root][INFO] - --------------- Start iteration i=24 ---------------
[2024-04-25 15:59:10,790][root][INFO] - Length of data.x: 6
[2024-04-25 15:59:10,790][root][INFO] - Length of data.y: 6
[2024-04-25 15:59:10,993][root][INFO] - x: [-0.27990706 -0.15772726 -0.1612046  -0.0658812   1.        ]
[2024-04-25 15:59:10,994][root][INFO] - y: [-0.01577273  0.05318123 -0.05242663 -0.00112771]
[2024-04-25 15:59:10,994][root][INFO] - Reward: -1.0
[2024-04-25 15:59:10,994][root][INFO] - Explore episode complete with return -24.998519989942203, resetting
[2024-04-25 15:59:10,994][root][INFO] - Exploration Episode Rewards: [-0.9999901079605535, -0.999990124388377, -0.9999901081864835, -0.9999909162729947, -0.9999930368555401, -0.9999963607350685, -0.9999980610837295, -0.9999986224990309, -0.9999964223836331, -0.9999765635184211, -0.9996564806928192, -0.9992587104218926, -0.9996972716030481, -0.9999872066939106, -0.9999999966470224, -0.9999999999996814, -0.9999999999999993, -0.9999999999999994, -0.9999999999999999, -0.9999999999999999, -1.0, -1.0, -1.0, -1.0, -1.0]
[2024-04-25 15:59:10,996][root][INFO] - --------------- Start iteration i=25 ---------------
[2024-04-25 15:59:10,996][root][INFO] - Length of data.x: 7
[2024-04-25 15:59:10,996][root][INFO] - Length of data.y: 7
[2024-04-25 15:59:11,198][root][INFO] - x: [ 0.0047012  -0.0019921  -0.99927616  0.00102117  0.79814531]
[2024-04-25 15:59:11,198][root][INFO] - y: [-0.00019921  0.12786886  0.00081262 -0.12809209]
[2024-04-25 15:59:11,199][root][INFO] - Reward: -0.9999902091268345
[2024-04-25 15:59:11,200][root][INFO] - --------------- Start iteration i=26 ---------------
[2024-04-25 15:59:11,200][root][INFO] - Length of data.x: 8
[2024-04-25 15:59:11,200][root][INFO] - Length of data.y: 8
[2024-04-25 15:59:11,403][root][INFO] - x: [ 0.00450199  0.12587676 -0.99846354 -0.12707092 -0.52521986]
[2024-04-25 15:59:11,404][root][INFO] - y: [ 0.01258768 -0.08564649 -0.1011199   0.08517124]
[2024-04-25 15:59:11,404][root][INFO] - Reward: -0.9999937253223573
[2024-04-25 15:59:11,405][root][INFO] - --------------- Start iteration i=27 ---------------
[2024-04-25 15:59:11,405][root][INFO] - Length of data.x: 9
[2024-04-25 15:59:11,405][root][INFO] - Length of data.y: 9
[2024-04-25 15:59:11,609][root][INFO] - x: [ 0.01708967  0.04023027  0.90041656 -0.04189968  0.2842313 ]
[2024-04-25 15:59:11,610][root][INFO] - y: [ 0.00402303  0.02532942 -0.03334273  0.00612352]
[2024-04-25 15:59:11,610][root][INFO] - Reward: -0.9999949877326622
[2024-04-25 15:59:11,611][root][INFO] - --------------- Start iteration i=28 ---------------
[2024-04-25 15:59:11,611][root][INFO] - Length of data.x: 10
[2024-04-25 15:59:11,611][root][INFO] - Length of data.y: 10
[2024-04-25 15:59:11,816][root][INFO] - x: [ 0.02111269  0.06555969  0.86707383 -0.03577616 -0.3579413 ]
[2024-04-25 15:59:11,817][root][INFO] - y: [ 0.00655597 -0.07367018 -0.02846978  0.10716622]
[2024-04-25 15:59:11,817][root][INFO] - Reward: -0.9999969414730746
[2024-04-25 15:59:11,818][root][INFO] - --------------- Start iteration i=29 ---------------
[2024-04-25 15:59:11,818][root][INFO] - Length of data.x: 11
[2024-04-25 15:59:11,818][root][INFO] - Length of data.y: 11
[2024-04-25 15:59:12,026][root][INFO] - x: [ 0.02766866 -0.00811049  0.83860404  0.07139006  0.44542157]
[2024-04-25 15:59:12,026][root][INFO] - y: [-0.00081105  0.03738431  0.05681045  0.01500454]
[2024-04-25 15:59:12,027][root][INFO] - Reward: -0.999996697834919
[2024-04-25 15:59:12,028][root][INFO] - --------------- Start iteration i=30 ---------------
[2024-04-25 15:59:12,028][root][INFO] - Length of data.x: 12
[2024-04-25 15:59:12,028][root][INFO] - Length of data.y: 12
[2024-04-25 15:59:20,137][root][INFO] - Eval Returns: [-16.86809794 -21.68922994 -22.02366909 -18.024374   -17.64975108]
[2024-04-25 15:59:20,151][root][INFO] - Eval Returns: mean=-19.251 std=2.162
[2024-04-25 15:59:20,151][root][INFO] - Eval ndata: 12.000
[2024-04-25 15:59:20,151][root][INFO] - Model MSE (current real MPC): 0.366
[2024-04-25 15:59:21,320][root][INFO] - Model MSE (random test set): 0.265
[2024-04-25 15:59:21,320][root][INFO] - Model MSE (GT MPC): 0.034
[2024-04-25 15:59:21,320][root][INFO] - Model Likelihood (random test set): -3.729
[2024-04-25 15:59:21,321][root][INFO] - Model Likelihood (GT MPC): -3.686
[2024-04-25 15:59:21,321][root][INFO] - *[TIME] [Evaluate the current MPC policy] Elapsed: 9.08 seconds
[2024-04-25 15:59:26,779][root][INFO] - x: [ 0.02685761  0.02927382  0.8954145   0.0863946  -0.234828  ]
[2024-04-25 15:59:26,779][root][INFO] - y: [ 0.00292738 -0.05614181  0.0687507   0.08482644]
[2024-04-25 15:59:26,780][root][INFO] - Reward: -0.9999963269288027
[2024-04-25 15:59:28,830][root][INFO] - --------------- Start iteration i=31 ---------------
[2024-04-25 15:59:28,830][root][INFO] - Length of data.x: 13
[2024-04-25 15:59:28,830][root][INFO] - Length of data.y: 13
[2024-04-25 15:59:29,044][root][INFO] - x: [ 0.029785   -0.02686799  0.96416519  0.17122104  1.        ]
[2024-04-25 15:59:29,045][root][INFO] - y: [-0.0026868   0.14779307  0.13625349 -0.13582536]
[2024-04-25 15:59:29,045][root][INFO] - Reward: -0.9999835640750231
[2024-04-25 15:59:29,046][root][INFO] - --------------- Start iteration i=32 ---------------
[2024-04-25 15:59:29,046][root][INFO] - Length of data.x: 14
[2024-04-25 15:59:29,047][root][INFO] - Length of data.y: 14
[2024-04-25 15:59:29,251][root][INFO] - x: [ 0.0270982   0.12092508 -0.89958132  0.03539568  1.        ]
[2024-04-25 15:59:29,252][root][INFO] - y: [ 0.01209251  0.16641498  0.02816701 -0.18867066]
[2024-04-25 15:59:29,252][root][INFO] - Reward: -0.9999797277776531
[2024-04-25 15:59:29,253][root][INFO] - --------------- Start iteration i=33 ---------------
[2024-04-25 15:59:29,254][root][INFO] - Length of data.x: 15
[2024-04-25 15:59:29,254][root][INFO] - Length of data.y: 15
[2024-04-25 15:59:29,458][root][INFO] - x: [ 0.0391907   0.28734006 -0.87141431 -0.15327498  0.06948083]
[2024-04-25 15:59:29,459][root][INFO] - y: [ 0.02873401  0.03813173 -0.12197245 -0.07366178]
[2024-04-25 15:59:29,459][root][INFO] - Reward: -0.9999997159986638
[2024-04-25 15:59:29,461][root][INFO] - --------------- Start iteration i=34 ---------------
[2024-04-25 15:59:29,461][root][INFO] - Length of data.x: 16
[2024-04-25 15:59:29,461][root][INFO] - Length of data.y: 16
[2024-04-25 15:59:29,668][root][INFO] - x: [ 0.06792471  0.32547179 -0.99338677 -0.22693676 -0.259444  ]
[2024-04-25 15:59:29,668][root][INFO] - y: [ 0.03254718 -0.04387826 -0.18059068  0.04182848]
[2024-04-25 15:59:29,669][root][INFO] - Reward: -0.9999999999524745
[2024-04-25 15:59:29,670][root][INFO] - --------------- Start iteration i=35 ---------------
[2024-04-25 15:59:29,670][root][INFO] - Length of data.x: 17
[2024-04-25 15:59:29,670][root][INFO] - Length of data.y: 17
[2024-04-25 15:59:29,884][root][INFO] - x: [ 0.10047189  0.28159353  0.82602255 -0.18510828 -0.94859562]
[2024-04-25 15:59:29,884][root][INFO] - y: [ 0.02815935 -0.17998425 -0.14730461  0.20480321]
[2024-04-25 15:59:29,884][root][INFO] - Reward: -0.9999999999999925
[2024-04-25 15:59:29,886][root][INFO] - --------------- Start iteration i=36 ---------------
[2024-04-25 15:59:29,886][root][INFO] - Length of data.x: 18
[2024-04-25 15:59:29,886][root][INFO] - Length of data.y: 18
[2024-04-25 15:59:30,096][root][INFO] - x: [ 0.12863124  0.10160928  0.67871794  0.01969492 -0.13662883]
[2024-04-25 15:59:30,097][root][INFO] - y: [ 0.01016093 -0.0353399   0.01567273  0.10194003]
[2024-04-25 15:59:30,097][root][INFO] - Reward: -0.9999999999999996
[2024-04-25 15:59:30,098][root][INFO] - --------------- Start iteration i=37 ---------------
[2024-04-25 15:59:30,099][root][INFO] - Length of data.x: 19
[2024-04-25 15:59:30,099][root][INFO] - Length of data.y: 19
[2024-04-25 15:59:30,311][root][INFO] - x: [ 0.13879217  0.06626939  0.69439067  0.12163495 -0.87475213]
[2024-04-25 15:59:30,311][root][INFO] - y: [ 0.00662694 -0.13322986  0.0967941   0.15684923]
[2024-04-25 15:59:30,312][root][INFO] - Reward: -0.9999999999999997
[2024-04-25 15:59:30,313][root][INFO] - --------------- Start iteration i=38 ---------------
[2024-04-25 15:59:30,313][root][INFO] - Length of data.x: 20
[2024-04-25 15:59:30,313][root][INFO] - Length of data.y: 20
[2024-04-25 15:59:30,523][root][INFO] - x: [ 0.14541911 -0.06696048  0.79118477  0.27848418 -0.62838992]
[2024-04-25 15:59:30,524][root][INFO] - y: [-0.00669605 -0.16260785  0.22161085  0.18875368]
[2024-04-25 15:59:30,524][root][INFO] - Reward: -0.9999999999964899
[2024-04-25 15:59:30,525][root][INFO] - --------------- Start iteration i=39 ---------------
[2024-04-25 15:59:30,525][root][INFO] - Length of data.x: 21
[2024-04-25 15:59:30,525][root][INFO] - Length of data.y: 21
[2024-04-25 15:59:30,734][root][INFO] - x: [ 0.13872306 -0.22956833 -0.98720438  0.46723785  0.0019825 ]
[2024-04-25 15:59:30,735][root][INFO] - y: [-0.02295683  0.01949848  0.37181637 -0.02342942]
[2024-04-25 15:59:30,735][root][INFO] - Reward: -0.9997062283361596
[2024-04-25 15:59:30,736][root][INFO] - --------------- Start iteration i=40 ---------------
[2024-04-25 15:59:30,737][root][INFO] - Length of data.x: 22
[2024-04-25 15:59:30,737][root][INFO] - Length of data.y: 22
[2024-04-25 15:59:39,830][root][INFO] - Eval Returns: [-24.36496025 -22.40622193 -23.38866584 -23.53770666 -23.74694483]
[2024-04-25 15:59:39,840][root][INFO] - Eval Returns: mean=-23.489 std=0.635
[2024-04-25 15:59:39,840][root][INFO] - Eval ndata: 22.000
[2024-04-25 15:59:39,840][root][INFO] - Model MSE (current real MPC): 0.530
[2024-04-25 15:59:40,933][root][INFO] - Model MSE (random test set): 0.217
[2024-04-25 15:59:40,933][root][INFO] - Model MSE (GT MPC): 0.022
[2024-04-25 15:59:40,933][root][INFO] - Model Likelihood (random test set): -3.732
[2024-04-25 15:59:40,933][root][INFO] - Model Likelihood (GT MPC): -3.690
[2024-04-25 15:59:40,933][root][INFO] - *[TIME] [Evaluate the current MPC policy] Elapsed: 9.99 seconds
[2024-04-25 15:59:46,837][root][INFO] - x: [ 0.11576623 -0.21006984 -0.61538801  0.44380844  0.5666935 ]
[2024-04-25 15:59:46,838][root][INFO] - y: [-0.02100698  0.25569298  0.35317182 -0.18249044]
[2024-04-25 15:59:46,838][root][INFO] - Reward: -0.905130208947787
[2024-04-25 15:59:48,932][root][INFO] - --------------- Start iteration i=41 ---------------
[2024-04-25 15:59:48,932][root][INFO] - Length of data.x: 14
[2024-04-25 15:59:48,932][root][INFO] - Length of data.y: 14
[2024-04-25 15:59:49,893][root][INFO] - x: [ 0.09475924  0.04562314 -0.26221619  0.261318   -1.        ]
[2024-04-25 15:59:49,893][root][INFO] - y: [ 0.00456231 -0.08688422  0.20795043 -0.13108494]
[2024-04-25 15:59:49,893][root][INFO] - Reward: -0.9982665969973213
[2024-04-25 15:59:49,895][root][INFO] - --------------- Start iteration i=42 ---------------
[2024-04-25 15:59:49,895][root][INFO] - Length of data.x: 10
[2024-04-25 15:59:49,895][root][INFO] - Length of data.y: 10
[2024-04-25 15:59:50,300][root][INFO] - x: [ 0.09932156 -0.04126109 -0.05426577  0.13023306 -1.        ]
[2024-04-25 15:59:50,300][root][INFO] - y: [-0.00412611 -0.1620758   0.10363626 -0.17638647]
[2024-04-25 15:59:50,300][root][INFO] - Reward: -0.9998384419069966
[2024-04-25 15:59:50,302][root][INFO] - --------------- Start iteration i=43 ---------------
[2024-04-25 15:59:50,302][root][INFO] - Length of data.x: 9
[2024-04-25 15:59:50,302][root][INFO] - Length of data.y: 9
[2024-04-25 15:59:50,626][root][INFO] - x: [ 0.09519545 -0.20333688  0.04937049 -0.04615342 -0.14370003]
[2024-04-25 15:59:50,627][root][INFO] - y: [-0.02033369 -0.01108081 -0.03672775  0.00422221]
[2024-04-25 15:59:50,627][root][INFO] - Reward: -0.9915478882291235
[2024-04-25 15:59:50,628][root][INFO] - --------------- Start iteration i=44 ---------------
[2024-04-25 15:59:50,628][root][INFO] - Length of data.x: 9
[2024-04-25 15:59:50,628][root][INFO] - Length of data.y: 9
[2024-04-25 15:59:50,937][root][INFO] - x: [ 0.07486176 -0.21441769  0.01264273 -0.04193121  0.11779907]
[2024-04-25 15:59:50,938][root][INFO] - y: [-0.02144177  0.02448839 -0.03336782  0.02836838]
[2024-04-25 15:59:50,938][root][INFO] - Reward: -0.8593518209117755
[2024-04-25 15:59:50,939][root][INFO] - --------------- Start iteration i=45 ---------------
[2024-04-25 15:59:50,939][root][INFO] - Length of data.x: 9
[2024-04-25 15:59:50,939][root][INFO] - Length of data.y: 9
[2024-04-25 15:59:51,247][root][INFO] - x: [ 0.05341999 -0.18992931 -0.02072509 -0.01356282  0.53586999]
[2024-04-25 15:59:51,247][root][INFO] - y: [-0.01899293  0.08475531 -0.01079296  0.07818647]
[2024-04-25 15:59:51,248][root][INFO] - Reward: -0.477784886343239
[2024-04-25 15:59:51,249][root][INFO] - --------------- Start iteration i=46 ---------------
[2024-04-25 15:59:51,249][root][INFO] - Length of data.x: 9
[2024-04-25 15:59:51,249][root][INFO] - Length of data.y: 9
[2024-04-25 15:59:51,560][root][INFO] - x: [ 0.03442706 -0.105174   -0.03151805  0.06462364  0.79008575]
[2024-04-25 15:59:51,560][root][INFO] - y: [-0.0105174   0.12220323  0.0514259   0.11189709]
[2024-04-25 15:59:51,560][root][INFO] - Reward: -0.45776765791578533
[2024-04-25 15:59:51,562][root][INFO] - --------------- Start iteration i=47 ---------------
[2024-04-25 15:59:51,562][root][INFO] - Length of data.x: 9
[2024-04-25 15:59:51,562][root][INFO] - Length of data.y: 9
[2024-04-25 15:59:51,872][root][INFO] - x: [0.02390966 0.01702923 0.01990786 0.17652073 0.99854777]
[2024-04-25 15:59:51,873][root][INFO] - y: [0.00170292 0.15987456 0.14047085 0.16569964]
[2024-04-25 15:59:51,873][root][INFO] - Reward: -0.9117589226878656
[2024-04-25 15:59:51,874][root][INFO] - --------------- Start iteration i=48 ---------------
[2024-04-25 15:59:51,874][root][INFO] - Length of data.x: 9
[2024-04-25 15:59:51,874][root][INFO] - Length of data.y: 9
[2024-04-25 15:59:52,517][root][INFO] - x: [0.02561259 0.17690379 0.16037871 0.34222037 1.        ]
[2024-04-25 15:59:52,518][root][INFO] - y: [0.01769038 0.08533294 0.27233054 0.1221394 ]
[2024-04-25 15:59:52,518][root][INFO] - Reward: -0.9999595738920973
[2024-04-25 15:59:52,519][root][INFO] - --------------- Start iteration i=49 ---------------
[2024-04-25 15:59:52,520][root][INFO] - Length of data.x: 5
[2024-04-25 15:59:52,520][root][INFO] - Length of data.y: 5
[2024-04-25 15:59:52,815][root][INFO] - x: [0.04330296 0.26223673 0.43270925 0.46435978 0.00102112]
[2024-04-25 15:59:52,815][root][INFO] - y: [ 0.02622367 -0.1958517   0.36952607  0.05491827]
[2024-04-25 15:59:52,816][root][INFO] - Reward: -0.9999999874802077
[2024-04-25 15:59:52,816][root][INFO] - Explore episode complete with return -23.601044109867313, resetting
[2024-04-25 15:59:52,816][root][INFO] - Exploration Episode Rewards: [-0.9999902091268345, -0.9999937253223573, -0.9999949877326622, -0.9999969414730746, -0.999996697834919, -0.9999963269288027, -0.9999835640750231, -0.9999797277776531, -0.9999997159986638, -0.9999999999524745, -0.9999999999999925, -0.9999999999999996, -0.9999999999999997, -0.9999999999964899, -0.9997062283361596, -0.905130208947787, -0.9982665969973213, -0.9998384419069966, -0.9915478882291235, -0.8593518209117755, -0.477784886343239, -0.45776765791578533, -0.9117589226878656, -0.9999595738920973, -0.9999999874802077]
[2024-04-25 15:59:52,817][root][INFO] - --------------- Start iteration i=50 ---------------
[2024-04-25 15:59:52,817][root][INFO] - Length of data.x: 5
[2024-04-25 15:59:52,818][root][INFO] - Length of data.y: 5
[2024-04-25 15:59:59,647][root][INFO] - Eval Returns: [-24.99997098 -24.99997179 -24.9999687  -24.99998    -24.99998158]
[2024-04-25 15:59:59,656][root][INFO] - Eval Returns: mean=-25.000 std=0.000
[2024-04-25 15:59:59,656][root][INFO] - Eval ndata: 5.000
[2024-04-25 15:59:59,656][root][INFO] - Model MSE (current real MPC): 0.568
[2024-04-25 16:00:00,789][root][INFO] - Model MSE (random test set): 0.295
[2024-04-25 16:00:00,789][root][INFO] - Model MSE (GT MPC): 0.064
[2024-04-25 16:00:00,790][root][INFO] - Model Likelihood (random test set): -3.724
[2024-04-25 16:00:00,790][root][INFO] - Model Likelihood (GT MPC): -3.688
[2024-04-25 16:00:00,790][root][INFO] - *[TIME] [Evaluate the current MPC policy] Elapsed: 7.84 seconds
[2024-04-25 16:00:05,112][root][INFO] - x: [ 1.50493096e-03  1.98789247e-03 -9.97915313e-01  3.46054160e-04
  3.08790197e-01]
[2024-04-25 16:00:05,112][root][INFO] - y: [ 0.00019879  0.04975936  0.00027538 -0.05040168]
[2024-04-25 16:00:05,112][root][INFO] - Reward: -0.999990079930436
[2024-04-25 16:00:07,268][root][INFO] - --------------- Start iteration i=51 ---------------
[2024-04-25 16:00:07,268][root][INFO] - Length of data.x: 6
[2024-04-25 16:00:07,268][root][INFO] - Length of data.y: 6
[2024-04-25 16:00:07,476][root][INFO] - x: [ 0.00170372  0.05174726 -0.99763993 -0.05005562 -0.47364501]
[2024-04-25 16:00:07,477][root][INFO] - y: [ 0.00517473 -0.07614378 -0.03983303  0.07541335]
[2024-04-25 16:00:07,477][root][INFO] - Reward: -0.9999907929404379
[2024-04-25 16:00:07,478][root][INFO] - --------------- Start iteration i=52 ---------------
[2024-04-25 16:00:07,478][root][INFO] - Length of data.x: 7
[2024-04-25 16:00:07,479][root][INFO] - Length of data.y: 7
[2024-04-25 16:00:07,685][root][INFO] - x: [ 0.00687845 -0.02439652  0.96252704  0.02535773 -0.77146662]
[2024-04-25 16:00:07,686][root][INFO] - y: [-0.00243965 -0.12896269  0.02017906  0.13960416]
[2024-04-25 16:00:07,686][root][INFO] - Reward: -0.9999903678454735
[2024-04-25 16:00:07,687][root][INFO] - --------------- Start iteration i=53 ---------------
[2024-04-25 16:00:07,687][root][INFO] - Length of data.x: 8
[2024-04-25 16:00:07,687][root][INFO] - Length of data.y: 8
[2024-04-25 16:00:07,898][root][INFO] - x: [ 0.00443879 -0.15335922  0.9827061   0.16496189 -0.93649518]
[2024-04-25 16:00:07,899][root][INFO] - y: [-0.01533592 -0.15252729  0.13127261  0.15763507]
[2024-04-25 16:00:07,899][root][INFO] - Reward: -0.999990982062705
[2024-04-25 16:00:07,900][root][INFO] - --------------- Start iteration i=54 ---------------
[2024-04-25 16:00:07,900][root][INFO] - Length of data.x: 9
[2024-04-25 16:00:07,901][root][INFO] - Length of data.y: 9
[2024-04-25 16:00:08,113][root][INFO] - x: [-0.01089713 -0.3058865  -0.88602129  0.32259696  0.78313981]
[2024-04-25 16:00:08,113][root][INFO] - y: [-0.03058865  0.13187641  0.25671471 -0.15792835]
[2024-04-25 16:00:08,114][root][INFO] - Reward: -0.9999978954712
[2024-04-25 16:00:08,115][root][INFO] - --------------- Start iteration i=55 ---------------
[2024-04-25 16:00:08,116][root][INFO] - Length of data.x: 10
[2024-04-25 16:00:08,116][root][INFO] - Length of data.y: 10
[2024-04-25 16:00:08,345][root][INFO] - x: [-0.04148578 -0.17401009 -0.62930658  0.16466861  0.50808361]
[2024-04-25 16:00:08,346][root][INFO] - y: [-0.01740101  0.06783549  0.13103922 -0.11701325]
[2024-04-25 16:00:08,346][root][INFO] - Reward: -0.9999992884431901
[2024-04-25 16:00:08,348][root][INFO] - --------------- Start iteration i=56 ---------------
[2024-04-25 16:00:08,348][root][INFO] - Length of data.x: 11
[2024-04-25 16:00:08,348][root][INFO] - Length of data.y: 11
[2024-04-25 16:00:08,579][root][INFO] - x: [-0.05888679 -0.1061746  -0.49826736  0.04765536 -0.41206809]
[2024-04-25 16:00:08,579][root][INFO] - y: [-0.01061746 -0.01761328  0.03792296 -0.09829444]
[2024-04-25 16:00:08,580][root][INFO] - Reward: -0.9999998198765406
[2024-04-25 16:00:08,581][root][INFO] - --------------- Start iteration i=57 ---------------
[2024-04-25 16:00:08,581][root][INFO] - Length of data.x: 12
[2024-04-25 16:00:08,581][root][INFO] - Length of data.y: 12
[2024-04-25 16:00:08,813][root][INFO] - x: [-0.06950425 -0.12378788 -0.4603444  -0.05063908  0.42693187]
[2024-04-25 16:00:08,813][root][INFO] - y: [-0.01237879  0.02054843 -0.04029733 -0.09488554]
[2024-04-25 16:00:08,814][root][INFO] - Reward: -0.9999999943760168
[2024-04-25 16:00:08,815][root][INFO] - --------------- Start iteration i=58 ---------------
[2024-04-25 16:00:08,816][root][INFO] - Length of data.x: 13
[2024-04-25 16:00:08,816][root][INFO] - Length of data.y: 13
[2024-04-25 16:00:09,049][root][INFO] - x: [-0.08188303 -0.10323945 -0.50064173 -0.14552462  0.90344966]
[2024-04-25 16:00:09,050][root][INFO] - y: [-0.01032395  0.06613296 -0.11580491 -0.09833304]
[2024-04-25 16:00:09,050][root][INFO] - Reward: -0.9999999998852543
[2024-04-25 16:00:09,052][root][INFO] - --------------- Start iteration i=59 ---------------
[2024-04-25 16:00:09,052][root][INFO] - Length of data.x: 14
[2024-04-25 16:00:09,052][root][INFO] - Length of data.y: 14
[2024-04-25 16:00:09,269][root][INFO] - x: [-0.09220698 -0.03710649 -0.61644664 -0.24385767  0.97088837]
[2024-04-25 16:00:09,270][root][INFO] - y: [-0.00371065  0.11898754 -0.19405592 -0.13426631]
[2024-04-25 16:00:09,270][root][INFO] - Reward: -0.9999999999026723
[2024-04-25 16:00:09,272][root][INFO] - --------------- Start iteration i=60 ---------------
[2024-04-25 16:00:09,272][root][INFO] - Length of data.x: 15
[2024-04-25 16:00:09,272][root][INFO] - Length of data.y: 15
[2024-04-25 16:00:16,525][root][INFO] - Eval Returns: [-24.97887011 -19.99450492 -24.70822709 -24.95675373 -23.7636596 ]
[2024-04-25 16:00:16,534][root][INFO] - Eval Returns: mean=-23.680 std=1.895
[2024-04-25 16:00:16,534][root][INFO] - Eval ndata: 15.000
[2024-04-25 16:00:16,534][root][INFO] - Model MSE (current real MPC): 0.604
[2024-04-25 16:00:17,618][root][INFO] - Model MSE (random test set): 0.216
[2024-04-25 16:00:17,618][root][INFO] - Model MSE (GT MPC): 0.025
[2024-04-25 16:00:17,618][root][INFO] - Model Likelihood (random test set): -3.726
[2024-04-25 16:00:17,618][root][INFO] - Model Likelihood (GT MPC): -3.689
[2024-04-25 16:00:17,618][root][INFO] - *[TIME] [Evaluate the current MPC policy] Elapsed: 8.15 seconds
[2024-04-25 16:00:22,093][root][INFO] - x: [-0.09591763  0.08188105 -0.81050256 -0.37812397  1.        ]
[2024-04-25 16:00:22,094][root][INFO] - y: [ 0.0081881   0.19039134 -0.30090174 -0.21270598]
[2024-04-25 16:00:22,094][root][INFO] - Reward: -0.9999994645574068
[2024-04-25 16:00:24,282][root][INFO] - --------------- Start iteration i=61 ---------------
[2024-04-25 16:00:24,282][root][INFO] - Length of data.x: 16
[2024-04-25 16:00:24,282][root][INFO] - Length of data.y: 16
[2024-04-25 16:00:24,515][root][INFO] - x: [-0.08772952  0.27227239  0.8885957  -0.59082995  0.7699684 ]
[2024-04-25 16:00:24,515][root][INFO] - y: [ 0.02722724 -0.1319703  -0.47016792  0.15764136]
[2024-04-25 16:00:24,516][root][INFO] - Reward: -0.8000891761318407
[2024-04-25 16:00:24,518][root][INFO] - --------------- Start iteration i=62 ---------------
[2024-04-25 16:00:24,518][root][INFO] - Length of data.x: 17
[2024-04-25 16:00:24,518][root][INFO] - Length of data.y: 17
[2024-04-25 16:00:24,748][root][INFO] - x: [-0.06050229  0.14030209  0.41842778 -0.4331886   0.03012681]
[2024-04-25 16:00:24,748][root][INFO] - y: [ 0.01403021 -0.16502217 -0.34472081  0.05316456]
[2024-04-25 16:00:24,749][root][INFO] - Reward: -0.5758267108467812
[2024-04-25 16:00:24,750][root][INFO] - --------------- Start iteration i=63 ---------------
[2024-04-25 16:00:24,750][root][INFO] - Length of data.x: 18
[2024-04-25 16:00:24,750][root][INFO] - Length of data.y: 18
[2024-04-25 16:00:24,958][root][INFO] - x: [-0.04647208 -0.02472009  0.07370697 -0.38002403  0.99358389]
[2024-04-25 16:00:24,958][root][INFO] - y: [-0.00247201  0.04200129 -0.30241376  0.06341653]
[2024-04-25 16:00:24,958][root][INFO] - Reward: -0.9983927836794109
[2024-04-25 16:00:24,959][root][INFO] - --------------- Start iteration i=64 ---------------
[2024-04-25 16:00:24,960][root][INFO] - Length of data.x: 19
[2024-04-25 16:00:24,960][root][INFO] - Length of data.y: 19
[2024-04-25 16:00:25,093][root][INFO] - x: [-0.04894409  0.01728121 -0.2287068  -0.3166075   0.9409256 ]
[2024-04-25 16:00:25,094][root][INFO] - y: [ 0.00172812  0.11490387 -0.25194845  0.02185773]
[2024-04-25 16:00:25,094][root][INFO] - Reward: -0.9999918541032926
[2024-04-25 16:00:25,095][root][INFO] - --------------- Start iteration i=65 ---------------
[2024-04-25 16:00:25,095][root][INFO] - Length of data.x: 20
[2024-04-25 16:00:25,095][root][INFO] - Length of data.y: 20
[2024-04-25 16:00:25,227][root][INFO] - x: [-0.04721597  0.13218508 -0.48065524 -0.29474977  0.26283031]
[2024-04-25 16:00:25,228][root][INFO] - y: [ 0.01321851  0.09101027 -0.23455461 -0.092491  ]
[2024-04-25 16:00:25,228][root][INFO] - Reward: -0.9999973336664667
[2024-04-25 16:00:25,229][root][INFO] - --------------- Start iteration i=66 ---------------
[2024-04-25 16:00:25,229][root][INFO] - Length of data.x: 21
[2024-04-25 16:00:25,229][root][INFO] - Length of data.y: 21
[2024-04-25 16:00:25,361][root][INFO] - x: [-0.03399746  0.22319535 -0.71520985 -0.38724077 -0.31346224]
[2024-04-25 16:00:25,362][root][INFO] - y: [ 0.02231953  0.1286121  -0.30815666 -0.15707763]
[2024-04-25 16:00:25,362][root][INFO] - Reward: -0.9999901826585994
[2024-04-25 16:00:25,363][root][INFO] - --------------- Start iteration i=67 ---------------
[2024-04-25 16:00:25,363][root][INFO] - Length of data.x: 22
[2024-04-25 16:00:25,363][root][INFO] - Length of data.y: 22
[2024-04-25 16:00:25,499][root][INFO] - x: [-0.01167792  0.35180745  0.97663349 -0.5443184   0.41780337]
[2024-04-25 16:00:25,500][root][INFO] - y: [ 0.03518075 -0.00908126 -0.43315517  0.01625924]
[2024-04-25 16:00:25,500][root][INFO] - Reward: -0.9999011073364888
[2024-04-25 16:00:25,501][root][INFO] - --------------- Start iteration i=68 ---------------
[2024-04-25 16:00:25,501][root][INFO] - Length of data.x: 23
[2024-04-25 16:00:25,501][root][INFO] - Length of data.y: 23
[2024-04-25 16:00:25,639][root][INFO] - x: [ 0.02350282  0.34272619  0.54347832 -0.52805916 -0.87766464]
[2024-04-25 16:00:25,639][root][INFO] - y: [ 0.03427262 -0.35763163 -0.42021646  0.14598245]
[2024-04-25 16:00:25,639][root][INFO] - Reward: -0.9944358710849024
[2024-04-25 16:00:25,641][root][INFO] - --------------- Start iteration i=69 ---------------
[2024-04-25 16:00:25,641][root][INFO] - Length of data.x: 24
[2024-04-25 16:00:25,641][root][INFO] - Length of data.y: 24
[2024-04-25 16:00:25,780][root][INFO] - x: [ 0.05777544 -0.01490544  0.12326185 -0.38207671  0.65167995]
[2024-04-25 16:00:25,780][root][INFO] - y: [-0.00149054  0.03907482 -0.30404723  0.07326506]
[2024-04-25 16:00:25,781][root][INFO] - Reward: -0.41268033728155973
[2024-04-25 16:00:25,786][root][INFO] - --------------- Start iteration i=70 ---------------
[2024-04-25 16:00:25,787][root][INFO] - Length of data.x: 25
[2024-04-25 16:00:25,787][root][INFO] - Length of data.y: 25
[2024-04-25 16:00:34,891][root][INFO] - Eval Returns: [-23.46870388 -22.9126833  -23.50415319 -22.95103887 -24.07746917]
[2024-04-25 16:00:34,899][root][INFO] - Eval Returns: mean=-23.383 std=0.427
[2024-04-25 16:00:34,904][root][INFO] - Eval ndata: 25.000
[2024-04-25 16:00:34,904][root][INFO] - Model MSE (current real MPC): 0.541
[2024-04-25 16:00:36,042][root][INFO] - Model MSE (random test set): 0.197
[2024-04-25 16:00:36,042][root][INFO] - Model MSE (GT MPC): 0.019
[2024-04-25 16:00:36,042][root][INFO] - Model Likelihood (random test set): -3.732
[2024-04-25 16:00:36,042][root][INFO] - Model Likelihood (GT MPC): -3.693
[2024-04-25 16:00:36,042][root][INFO] - *[TIME] [Evaluate the current MPC policy] Elapsed: 10.11 seconds
[2024-04-25 16:00:42,239][root][INFO] - x: [ 0.0562849   0.02416938 -0.18078538 -0.30881164 -0.19151021]
[2024-04-25 16:00:42,239][root][INFO] - y: [ 0.00241694  0.01635981 -0.2457447  -0.03903119]
[2024-04-25 16:00:42,239][root][INFO] - Reward: -0.8196907221646917
[2024-04-25 16:00:44,536][root][INFO] - --------------- Start iteration i=71 ---------------
[2024-04-25 16:00:44,536][root][INFO] - Length of data.x: 10
[2024-04-25 16:00:44,536][root][INFO] - Length of data.y: 10
