[2024-04-23 20:59:57,268][root][INFO] - Dumper dumping to /tirl/experiments/mpc_frozencartpole_2024-04-23/20-59-31/seed_4
[2024-04-23 20:59:57,298][root][INFO] - Start obs: None
[2024-04-23 21:00:44,830][root][INFO] - GT Returns: [-11.13204491 -10.64440043 -11.63555988 -11.51306198 -12.14063259]
[2024-04-23 21:00:44,831][root][INFO] - GT Returns: mean=-11.413 std=0.502
[2024-04-23 21:00:44,832][root][INFO] - Path Lengths: [36345, 36345, 36345, 36345, 36345]
[2024-04-23 21:00:44,834][root][INFO] - Path Lengths: mean=36345.000 std=0.000
[2024-04-23 21:00:44,938][root][INFO] - all_x.shape = (181725, 5)
[2024-04-23 21:00:44,945][root][INFO] - all_x.min(axis=0) = [-0.58727638 -0.90322417 -0.99999911 -0.817131   -1.        ]
[2024-04-23 21:00:44,952][root][INFO] - all_x.max(axis=0) = [0.83658472 1.32008577 0.99997432 0.84786805 1.        ]
[2024-04-23 21:00:44,957][root][INFO] - all_x.mean(axis=0) = [-0.01328889 -0.00400627  0.0186888   0.00937384  0.00289246]
[2024-04-23 21:00:44,971][root][INFO] - all_x.var(axis=0) = [0.00617646 0.02962775 0.22810855 0.07378114 0.22901923]
[2024-04-23 21:00:45,063][root][INFO] - --------------- Start iteration i=0 ---------------
[2024-04-23 21:00:45,064][root][INFO] - Length of data.x: 301
[2024-04-23 21:00:45,065][root][INFO] - Length of data.y: 301
[2024-04-23 21:01:31,447][root][INFO] - Eval Returns: [-11.47843676 -18.58765454 -19.67848032 -13.64124991 -19.57568139]
[2024-04-23 21:01:31,458][root][INFO] - Eval Returns: mean=-16.592 std=3.384
[2024-04-23 21:01:31,459][root][INFO] - Eval ndata: 301.000
[2024-04-23 21:01:31,460][root][INFO] - Model MSE (current real MPC): 0.417
[2024-04-23 21:01:33,242][root][INFO] - Model MSE (random test set): 0.003
[2024-04-23 21:01:33,243][root][INFO] - Model MSE (GT MPC): 0.001
[2024-04-23 21:01:33,245][root][INFO] - Model Likelihood (random test set): -3.733
[2024-04-23 21:01:33,246][root][INFO] - Model Likelihood (GT MPC): -3.790
[2024-04-23 21:01:33,247][root][INFO] - *[TIME] [Evaluate the current MPC policy] Elapsed: 47.35 seconds
