[2024-04-23 17:07:12,401][root][INFO] - Dumper dumping to /tirl/experiments/mpc_frozencartpole_2024-04-23/17-06-56/seed_0
[2024-04-23 17:07:12,417][root][INFO] - Start obs: None
[2024-04-23 17:07:39,457][root][INFO] - GT Returns: [-10.56695049 -12.30646031  -9.9857522  -10.86536482 -10.78469895]
[2024-04-23 17:07:39,458][root][INFO] - GT Returns: mean=-10.902 std=0.767
[2024-04-23 17:07:39,458][root][INFO] - Path Lengths: [36345, 36345, 36345, 36345, 36345]
[2024-04-23 17:07:39,458][root][INFO] - Path Lengths: mean=36345.000 std=0.000
[2024-04-23 17:07:39,517][root][INFO] - all_x.shape = (181725, 5)
[2024-04-23 17:07:39,522][root][INFO] - all_x.min(axis=0) = [-0.56662972 -0.87479464 -0.99998974 -0.83311081 -1.        ]
[2024-04-23 17:07:39,528][root][INFO] - all_x.max(axis=0) = [0.83455953 1.43816532 0.99998899 0.93195601 1.        ]
[2024-04-23 17:07:39,531][root][INFO] - all_x.mean(axis=0) = [-0.00878949  0.0075031  -0.00940864 -0.01628851  0.01564823]
[2024-04-23 17:07:39,540][root][INFO] - all_x.var(axis=0) = [0.00605514 0.02882801 0.2312694  0.07119466 0.22541226]
[2024-04-23 17:07:39,582][root][INFO] - --------------- Start iteration i=0 ---------------
[2024-04-23 17:07:39,583][root][INFO] - Length of data.x: 301
[2024-04-23 17:07:39,583][root][INFO] - Length of data.y: 301
[2024-04-23 17:08:06,623][root][INFO] - Eval Returns: [-15.28975556 -17.73333262 -10.72589464 -15.031401   -11.88423235]
[2024-04-23 17:08:06,631][root][INFO] - Eval Returns: mean=-14.133 std=2.521
[2024-04-23 17:08:06,631][root][INFO] - Eval ndata: 301.000
[2024-04-23 17:08:06,631][root][INFO] - Model MSE (current real MPC): 0.417
[2024-04-23 17:08:08,284][root][INFO] - Model MSE (random test set): 0.003
[2024-04-23 17:08:08,284][root][INFO] - Model MSE (GT MPC): 0.001
[2024-04-23 17:08:08,285][root][INFO] - Model Likelihood (random test set): -3.734
[2024-04-23 17:08:08,285][root][INFO] - Model Likelihood (GT MPC): -3.799
[2024-04-23 17:08:08,285][root][INFO] - *[TIME] [Evaluate the current MPC policy] Elapsed: 28.25 seconds
