[2024-04-23 15:57:20,543][root][INFO] - Dumper dumping to /tirl/experiments/mpc_frozencartpole_2024-04-23/15-57-03/seed_4
[2024-04-23 15:57:20,558][root][INFO] - Start obs: None
[2024-04-23 15:57:47,516][root][INFO] - GT Returns: [-12.46361627 -10.56939869 -10.75467996 -11.60048513 -12.10783187]
[2024-04-23 15:57:47,517][root][INFO] - GT Returns: mean=-11.499 std=0.739
[2024-04-23 15:57:47,517][root][INFO] - Path Lengths: [36345, 36345, 36345, 36345, 36345]
[2024-04-23 15:57:47,517][root][INFO] - Path Lengths: mean=36345.000 std=0.000
[2024-04-23 15:57:47,576][root][INFO] - all_x.shape = (181725, 5)
[2024-04-23 15:57:47,581][root][INFO] - all_x.min(axis=0) = [-0.61770532 -0.92612352 -0.99997987 -0.82734681 -1.        ]
[2024-04-23 15:57:47,587][root][INFO] - all_x.max(axis=0) = [0.97483433 1.39916172 0.9999703  0.85423156 1.        ]
[2024-04-23 15:57:47,590][root][INFO] - all_x.mean(axis=0) = [-0.01274375 -0.00122008  0.01604461  0.00883092  0.00778683]
[2024-04-23 15:57:47,598][root][INFO] - all_x.var(axis=0) = [0.00583695 0.02830535 0.23039488 0.0711955  0.22981318]
[2024-04-23 15:57:47,645][root][INFO] - --------------- Start iteration i=0 ---------------
[2024-04-23 15:57:47,645][root][INFO] - Length of data.x: 301
[2024-04-23 15:57:47,646][root][INFO] - Length of data.y: 301
[2024-04-23 15:58:14,437][root][INFO] - Eval Returns: [-19.0150045  -17.07171068 -21.61075763 -14.43553921 -16.20997637]
[2024-04-23 15:58:14,448][root][INFO] - Eval Returns: mean=-17.669 std=2.461
[2024-04-23 15:58:14,449][root][INFO] - Eval ndata: 301.000
[2024-04-23 15:58:14,449][root][INFO] - Model MSE (current real MPC): 0.321
[2024-04-23 15:58:16,194][root][INFO] - Model MSE (random test set): 0.003
[2024-04-23 15:58:16,194][root][INFO] - Model MSE (GT MPC): 0.001
[2024-04-23 15:58:16,194][root][INFO] - Model Likelihood (random test set): -3.733
[2024-04-23 15:58:16,194][root][INFO] - Model Likelihood (GT MPC): -3.805
[2024-04-23 15:58:16,195][root][INFO] - *[TIME] [Evaluate the current MPC policy] Elapsed: 28.03 seconds
[2024-04-23 15:58:20,486][root][INFO] - x: [-1.33308939e-03  2.19215253e-03  9.96256911e-01  2.59603196e-04
  3.26743971e-01]
[2024-04-23 15:58:20,486][root][INFO] - y: [ 0.00021922  0.02540939  0.00020659 -0.02425265]
[2024-04-23 15:58:20,487][root][INFO] - Reward: -0.9999900650193273
[2024-04-23 15:58:24,193][root][INFO] - --------------- Start iteration i=1 ---------------
[2024-04-23 15:58:24,194][root][INFO] - Length of data.x: 302
[2024-04-23 15:58:24,194][root][INFO] - Length of data.y: 302
[2024-04-23 15:58:24,760][root][INFO] - x: [-0.00111387  0.02760154  0.9964635  -0.02399305  0.64851451]
[2024-04-23 15:58:24,761][root][INFO] - y: [ 0.00276015  0.05077147 -0.01909308 -0.04967708]
[2024-04-23 15:58:24,761][root][INFO] - Reward: -0.9999900590091593
[2024-04-23 15:58:24,763][root][INFO] - --------------- Start iteration i=2 ---------------
[2024-04-23 15:58:24,764][root][INFO] - Length of data.x: 303
[2024-04-23 15:58:24,764][root][INFO] - Length of data.y: 303
[2024-04-23 15:58:25,190][root][INFO] - x: [ 0.00164628  0.07837301  0.97737042 -0.07367013  0.30373477]
[2024-04-23 15:58:25,191][root][INFO] - y: [ 0.0078373   0.0424619  -0.05862487 -0.03537894]
[2024-04-23 15:58:25,192][root][INFO] - Reward: -0.999991150825792
[2024-04-23 15:58:25,194][root][INFO] - --------------- Start iteration i=3 ---------------
[2024-04-23 15:58:25,194][root][INFO] - Length of data.x: 304
[2024-04-23 15:58:25,194][root][INFO] - Length of data.y: 304
[2024-04-23 15:58:25,622][root][INFO] - x: [ 0.00948358  0.12083491  0.91874554 -0.10904907  0.13658707]
[2024-04-23 15:58:25,623][root][INFO] - y: [ 0.01208349  0.00098322 -0.08677857  0.02384486]
[2024-04-23 15:58:25,623][root][INFO] - Reward: -0.9999947164542705
[2024-04-23 15:58:25,625][root][INFO] - --------------- Start iteration i=4 ---------------
[2024-04-23 15:58:25,626][root][INFO] - Length of data.x: 305
[2024-04-23 15:58:25,626][root][INFO] - Length of data.y: 305
[2024-04-23 15:58:26,063][root][INFO] - x: [ 0.02156707  0.12181814  0.83196698 -0.08520421  0.17211241]
[2024-04-23 15:58:26,064][root][INFO] - y: [ 0.01218181 -0.00480375 -0.06780341  0.0536146 ]
[2024-04-23 15:58:26,064][root][INFO] - Reward: -0.9999979711446726
[2024-04-23 15:58:26,067][root][INFO] - --------------- Start iteration i=5 ---------------
[2024-04-23 15:58:26,067][root][INFO] - Length of data.x: 306
[2024-04-23 15:58:26,067][root][INFO] - Length of data.y: 306
[2024-04-23 15:58:26,511][root][INFO] - x: [ 0.03374889  0.11701438  0.76416357 -0.03158962 -0.22039404]
[2024-04-23 15:58:26,512][root][INFO] - y: [ 0.01170144 -0.05300162 -0.02513824  0.10538831]
[2024-04-23 15:58:26,513][root][INFO] - Reward: -0.9999995117746124
[2024-04-23 15:58:26,515][root][INFO] - --------------- Start iteration i=6 ---------------
[2024-04-23 15:58:26,515][root][INFO] - Length of data.x: 307
[2024-04-23 15:58:26,515][root][INFO] - Length of data.y: 307
[2024-04-23 15:58:26,947][root][INFO] - x: [ 0.04545032  0.06401276  0.73902533  0.07379869 -0.3501545 ]
[2024-04-23 15:58:26,947][root][INFO] - y: [ 0.00640128 -0.06997291  0.05872718  0.11953359]
[2024-04-23 15:58:26,948][root][INFO] - Reward: -0.9999998146463196
[2024-04-23 15:58:26,950][root][INFO] - --------------- Start iteration i=7 ---------------
[2024-04-23 15:58:26,950][root][INFO] - Length of data.x: 308
[2024-04-23 15:58:26,951][root][INFO] - Length of data.y: 308
[2024-04-23 15:58:27,385][root][INFO] - x: [ 0.0518516  -0.00596015  0.79775251  0.19333228 -0.15063373]
[2024-04-23 15:58:27,386][root][INFO] - y: [-0.00059601 -0.07052082  0.15384907  0.11503853]
[2024-04-23 15:58:27,387][root][INFO] - Reward: -0.9999993843229146
[2024-04-23 15:58:27,390][root][INFO] - --------------- Start iteration i=8 ---------------
[2024-04-23 15:58:27,391][root][INFO] - Length of data.x: 309
[2024-04-23 15:58:27,391][root][INFO] - Length of data.y: 309
[2024-04-23 15:58:27,905][root][INFO] - x: [ 0.05125559 -0.07648097  0.95160157  0.30837081 -0.37288777]
[2024-04-23 15:58:27,905][root][INFO] - y: [-0.0076481  -0.08765795  0.2453939   0.10152049]
[2024-04-23 15:58:27,906][root][INFO] - Reward: -0.9999283977712978
[2024-04-23 15:58:27,908][root][INFO] - --------------- Start iteration i=9 ---------------
[2024-04-23 15:58:27,909][root][INFO] - Length of data.x: 310
[2024-04-23 15:58:27,909][root][INFO] - Length of data.y: 310
[2024-04-23 15:58:28,340][root][INFO] - x: [ 0.04360749 -0.16413891 -0.80300453  0.40989131 -0.25976765]
[2024-04-23 15:58:28,341][root][INFO] - y: [-0.01641389  0.1124075   0.3261814  -0.14852726]
[2024-04-23 15:58:28,341][root][INFO] - Reward: -0.9641671442245616
[2024-04-23 15:58:28,344][root][INFO] - --------------- Start iteration i=10 ---------------
[2024-04-23 15:58:28,344][root][INFO] - Length of data.x: 311
[2024-04-23 15:58:28,344][root][INFO] - Length of data.y: 311
[2024-04-23 15:58:56,411][root][INFO] - Eval Returns: [-20.08415026 -17.32204893 -10.51002999 -22.08781918 -17.28423842]
[2024-04-23 15:58:56,416][root][INFO] - Eval Returns: mean=-17.458 std=3.915
[2024-04-23 15:58:56,417][root][INFO] - Eval ndata: 311.000
[2024-04-23 15:58:56,417][root][INFO] - Model MSE (current real MPC): 0.353
[2024-04-23 15:58:57,983][root][INFO] - Model MSE (random test set): 0.003
[2024-04-23 15:58:57,983][root][INFO] - Model MSE (GT MPC): 0.001
[2024-04-23 15:58:57,983][root][INFO] - Model Likelihood (random test set): -3.734
[2024-04-23 15:58:57,983][root][INFO] - Model Likelihood (GT MPC): -3.805
[2024-04-23 15:58:57,984][root][INFO] - *[TIME] [Evaluate the current MPC policy] Elapsed: 29.01 seconds
[2024-04-23 15:59:04,314][root][INFO] - x: [ 0.0271936  -0.05173141 -0.47682313  0.26136405  0.29300124]
[2024-04-23 15:59:04,314][root][INFO] - y: [-0.00517314  0.09119857  0.20798707 -0.09130517]
[2024-04-23 15:59:04,315][root][INFO] - Reward: -0.5240314114502107
[2024-04-23 15:59:06,877][root][INFO] - --------------- Start iteration i=11 ---------------
[2024-04-23 15:59:06,877][root][INFO] - Length of data.x: 312
[2024-04-23 15:59:06,878][root][INFO] - Length of data.y: 312
[2024-04-23 15:59:07,372][root][INFO] - x: [ 0.02202046  0.03946716 -0.26883606  0.17005887 -0.21449353]
[2024-04-23 15:59:07,372][root][INFO] - y: [ 0.00394672 -0.02378998  0.13532866 -0.08922066]
[2024-04-23 15:59:07,373][root][INFO] - Reward: -0.02324289179544836
[2024-04-23 15:59:07,375][root][INFO] - --------------- Start iteration i=12 ---------------
[2024-04-23 15:59:07,376][root][INFO] - Length of data.x: 313
[2024-04-23 15:59:07,376][root][INFO] - Length of data.y: 313
[2024-04-23 15:59:07,813][root][INFO] - x: [ 0.02596717  0.01567718 -0.1335074   0.08083821  0.02825878]
[2024-04-23 15:59:07,814][root][INFO] - y: [ 0.00156772 -0.01241668  0.06432906 -0.05133099]
[2024-04-23 15:59:07,814][root][INFO] - Reward: -0.1580740665662712
[2024-04-23 15:59:07,816][root][INFO] - --------------- Start iteration i=13 ---------------
[2024-04-23 15:59:07,817][root][INFO] - Length of data.x: 314
[2024-04-23 15:59:07,817][root][INFO] - Length of data.y: 314
[2024-04-23 15:59:08,247][root][INFO] - x: [ 0.02753489  0.0032605  -0.06917834  0.02950722  0.00046569]
[2024-04-23 15:59:08,247][root][INFO] - y: [ 0.00032605 -0.01177329  0.02348111 -0.03267054]
[2024-04-23 15:59:08,248][root][INFO] - Reward: -0.2573870092982028
[2024-04-23 15:59:08,250][root][INFO] - --------------- Start iteration i=14 ---------------
[2024-04-23 15:59:08,251][root][INFO] - Length of data.x: 315
[2024-04-23 15:59:08,251][root][INFO] - Length of data.y: 315
[2024-04-23 15:59:08,681][root][INFO] - x: [ 0.02786094 -0.00851278 -0.04569723 -0.00316332 -0.0052365 ]
[2024-04-23 15:59:08,682][root][INFO] - y: [-0.00085128 -0.00893271 -0.0025173  -0.02289022]
[2024-04-23 15:59:08,682][root][INFO] - Reward: -0.22764924436724043
[2024-04-23 15:59:08,685][root][INFO] - --------------- Start iteration i=15 ---------------
[2024-04-23 15:59:08,685][root][INFO] - Length of data.x: 316
[2024-04-23 15:59:08,685][root][INFO] - Length of data.y: 316
[2024-04-23 15:59:09,112][root][INFO] - x: [ 0.02700966 -0.01744549 -0.04821452 -0.02605355  0.22253805]
[2024-04-23 15:59:09,113][root][INFO] - y: [-0.00174455  0.02688286 -0.02073277  0.01175749]
[2024-04-23 15:59:09,113][root][INFO] - Reward: -0.11661225696726618
[2024-04-23 15:59:09,115][root][INFO] - --------------- Start iteration i=16 ---------------
[2024-04-23 15:59:09,116][root][INFO] - Length of data.x: 317
[2024-04-23 15:59:09,116][root][INFO] - Length of data.y: 317
[2024-04-23 15:59:09,550][root][INFO] - x: [ 0.02526511  0.00943736 -0.0689473  -0.01429606  0.18511998]
[2024-04-23 15:59:09,551][root][INFO] - y: [ 0.00094374  0.0167043  -0.01137645 -0.00479062]
[2024-04-23 15:59:09,551][root][INFO] - Reward: -0.09854906629314886
[2024-04-23 15:59:09,554][root][INFO] - --------------- Start iteration i=17 ---------------
[2024-04-23 15:59:09,554][root][INFO] - Length of data.x: 318
[2024-04-23 15:59:09,554][root][INFO] - Length of data.y: 318
[2024-04-23 15:59:09,986][root][INFO] - x: [ 0.02620885  0.02614166 -0.08032375 -0.01908668  0.22012401]
[2024-04-23 15:59:09,986][root][INFO] - y: [ 0.00261417  0.01994701 -0.01518871 -0.00520278]
[2024-04-23 15:59:09,987][root][INFO] - Reward: -0.09887401308240018
[2024-04-23 15:59:09,989][root][INFO] - --------------- Start iteration i=18 ---------------
[2024-04-23 15:59:09,989][root][INFO] - Length of data.x: 319
[2024-04-23 15:59:09,990][root][INFO] - Length of data.y: 319
[2024-04-23 15:59:10,418][root][INFO] - x: [ 0.02882302  0.04608867 -0.09551246 -0.02428946  0.24964588]
[2024-04-23 15:59:10,418][root][INFO] - y: [ 0.00460887  0.02169302 -0.01932895 -0.00830207]
[2024-04-23 15:59:10,419][root][INFO] - Reward: -0.12367117136804251
[2024-04-23 15:59:10,421][root][INFO] - --------------- Start iteration i=19 ---------------
[2024-04-23 15:59:10,421][root][INFO] - Length of data.x: 320
[2024-04-23 15:59:10,422][root][INFO] - Length of data.y: 320
[2024-04-23 15:59:10,854][root][INFO] - x: [ 0.03343188  0.06778169 -0.11484141 -0.03259152  0.01422025]
[2024-04-23 15:59:10,855][root][INFO] - y: [ 0.00677817 -0.01647519 -0.02593553 -0.05007995]
[2024-04-23 15:59:10,855][root][INFO] - Reward: -0.17764087024933073
[2024-04-23 15:59:10,858][root][INFO] - --------------- Start iteration i=20 ---------------
[2024-04-23 15:59:10,858][root][INFO] - Length of data.x: 321
[2024-04-23 15:59:10,858][root][INFO] - Length of data.y: 321
