[2024-04-19 19:04:55,895][root][INFO] - Dumper dumping to /trajectory-information-rl/experiments/mpc_cartpole_2024-04-19/19-04-50/seed_4
[2024-04-19 19:04:55,900][root][INFO] - Start obs: None
[2024-04-19 19:05:09,586][root][INFO] - GT Returns: [-11.14362863 -10.86389518 -11.58590653 -11.33698468 -10.42517692]
[2024-04-19 19:05:09,586][root][INFO] - GT Returns: mean=-11.071 std=0.400
[2024-04-19 19:05:09,586][root][INFO] - Path Lengths: [36345, 36345, 36345, 36345, 36345]
[2024-04-19 19:05:09,586][root][INFO] - Path Lengths: mean=36345.000 std=0.000
[2024-04-19 19:05:09,647][root][INFO] - all_x.shape = (181725, 5)
[2024-04-19 19:05:09,651][root][INFO] - all_x.min(axis=0) = [-0.97224503 -1.50556293 -0.99999931 -0.86631364 -1.        ]
[2024-04-19 19:05:09,656][root][INFO] - all_x.max(axis=0) = [0.95561648 1.45166955 0.99999781 0.87004423 1.        ]
[2024-04-19 19:05:09,658][root][INFO] - all_x.mean(axis=0) = [ 0.00738178 -0.0006435  -0.00445507 -0.01262697 -0.00934111]
[2024-04-19 19:05:09,666][root][INFO] - all_x.var(axis=0) = [0.01140589 0.05020342 0.24574947 0.08862492 0.20993055]
[2024-04-19 19:05:09,700][root][INFO] - --------------- Start iteration i=0 ---------------
[2024-04-19 19:05:09,700][root][INFO] - Length of data.x: 1
[2024-04-19 19:05:09,700][root][INFO] - Length of data.y: 1
[2024-04-19 19:05:15,054][root][INFO] - Eval Returns: [-24.99984233 -24.99997221 -24.99996743 -24.99997358 -24.99998288]
[2024-04-19 19:05:15,059][root][INFO] - Eval Returns: mean=-25.000 std=0.000
[2024-04-19 19:05:15,059][root][INFO] - Eval ndata: 1.000
[2024-04-19 19:05:15,059][root][INFO] - Model MSE (current real MPC): 0.511
[2024-04-19 19:05:16,060][root][INFO] - Model MSE (random test set): 0.497
[2024-04-19 19:05:16,060][root][INFO] - Model MSE (GT MPC): 0.212
[2024-04-19 19:05:16,060][root][INFO] - Model Likelihood (random test set): -4.163
[2024-04-19 19:05:16,060][root][INFO] - Model Likelihood (GT MPC): -4.015
[2024-04-19 19:05:16,060][root][INFO] - *[TIME] [Evaluate the current MPC policy] Elapsed: 6.17 seconds
[2024-04-19 19:05:17,958][root][INFO] - x: [ 0.00199644 -0.00217888  0.99869079  0.00108477 -1.        ]
[2024-04-19 19:05:17,958][root][INFO] - y: [-0.00021789 -0.160206    0.00086323  0.16060879]
[2024-04-19 19:05:17,958][root][INFO] - Reward: -0.9999900979085741
[2024-04-19 19:05:19,544][root][INFO] - --------------- Start iteration i=1 ---------------
[2024-04-19 19:05:19,545][root][INFO] - Length of data.x: 2
[2024-04-19 19:05:19,545][root][INFO] - Length of data.y: 2
[2024-04-19 19:05:19,711][root][INFO] - x: [ 0.00177855 -0.16238489  0.99955402  0.16169356  1.        ]
[2024-04-19 19:05:19,711][root][INFO] - y: [-0.01623849  0.16246022  0.12867175 -0.16232222]
[2024-04-19 19:05:19,711][root][INFO] - Reward: -0.9999922699700965
[2024-04-19 19:05:19,712][root][INFO] - --------------- Start iteration i=2 ---------------
[2024-04-19 19:05:19,712][root][INFO] - Length of data.x: 3
[2024-04-19 19:05:19,712][root][INFO] - Length of data.y: 3
[2024-04-19 19:05:19,882][root][INFO] - x: [-1.44599401e-02  7.53332458e-05 -8.71774228e-01 -6.28664121e-04
  9.77978093e-01]
[2024-04-19 19:05:19,882][root][INFO] - y: [ 7.53332458e-06  1.62720176e-01 -5.00275416e-04 -1.88192119e-01]
[2024-04-19 19:05:19,882][root][INFO] - Reward: -0.9999922782981207
[2024-04-19 19:05:19,882][root][INFO] - --------------- Start iteration i=3 ---------------
[2024-04-19 19:05:19,882][root][INFO] - Length of data.x: 4
[2024-04-19 19:05:19,883][root][INFO] - Length of data.y: 4
[2024-04-19 19:05:20,037][root][INFO] - x: [-0.01445241  0.16279551 -0.8722745  -0.18882078  0.93967636]
[2024-04-19 19:05:20,037][root][INFO] - y: [ 0.01627955  0.17389944 -0.15025893 -0.19844144]
[2024-04-19 19:05:20,038][root][INFO] - Reward: -0.9999900769507609
[2024-04-19 19:05:20,038][root][INFO] - --------------- Start iteration i=4 ---------------
[2024-04-19 19:05:20,038][root][INFO] - Length of data.x: 5
[2024-04-19 19:05:20,038][root][INFO] - Length of data.y: 5
[2024-04-19 19:05:20,189][root][INFO] - x: [ 0.00182714  0.33669495  0.97746657 -0.38726222  1.        ]
[2024-04-19 19:05:20,189][root][INFO] - y: [ 0.0336695   0.13414074 -0.30817373 -0.12685864]
[2024-04-19 19:05:20,189][root][INFO] - Reward: -0.999996714652351
[2024-04-19 19:05:20,190][root][INFO] - --------------- Start iteration i=5 ---------------
[2024-04-19 19:05:20,190][root][INFO] - Length of data.x: 6
[2024-04-19 19:05:20,190][root][INFO] - Length of data.y: 6
[2024-04-19 19:05:20,340][root][INFO] - x: [ 0.03549664  0.47083569  0.66929284 -0.51412086 -0.7118096 ]
[2024-04-19 19:05:20,340][root][INFO] - y: [ 0.04708357 -0.33817037 -0.40912471  0.25613094]
[2024-04-19 19:05:20,340][root][INFO] - Reward: -0.9999978643155712
[2024-04-19 19:05:20,341][root][INFO] - --------------- Start iteration i=6 ---------------
[2024-04-19 19:05:20,341][root][INFO] - Length of data.x: 7
[2024-04-19 19:05:20,341][root][INFO] - Length of data.y: 7
[2024-04-19 19:05:20,492][root][INFO] - x: [ 0.08258021  0.13266532  0.26016812 -0.25798993 -0.90173178]
[2024-04-19 19:05:20,492][root][INFO] - y: [ 0.01326653 -0.14389141 -0.20530203 -0.02682493]
[2024-04-19 19:05:20,492][root][INFO] - Reward: -0.9998781581661564
[2024-04-19 19:05:20,493][root][INFO] - --------------- Start iteration i=7 ---------------
[2024-04-19 19:05:20,493][root][INFO] - Length of data.x: 8
[2024-04-19 19:05:20,493][root][INFO] - Length of data.y: 8
[2024-04-19 19:05:20,644][root][INFO] - x: [ 0.09584674 -0.01122609  0.0548661  -0.28481486 -1.        ]
[2024-04-19 19:05:20,644][root][INFO] - y: [-0.00112261 -0.16777301 -0.22664865 -0.14844415]
[2024-04-19 19:05:20,644][root][INFO] - Reward: -0.9639921435859198
[2024-04-19 19:05:20,645][root][INFO] - --------------- Start iteration i=8 ---------------
[2024-04-19 19:05:20,645][root][INFO] - Length of data.x: 9
[2024-04-19 19:05:20,645][root][INFO] - Length of data.y: 9
[2024-04-19 19:05:20,797][root][INFO] - x: [ 0.09472413 -0.17899909 -0.17178255 -0.43325901  0.89940797]
[2024-04-19 19:05:20,797][root][INFO] - y: [-0.01789991  0.22917422 -0.34477684  0.14614316]
[2024-04-19 19:05:20,797][root][INFO] - Reward: -0.9671541454045441
[2024-04-19 19:05:20,797][root][INFO] - --------------- Start iteration i=9 ---------------
[2024-04-19 19:05:20,797][root][INFO] - Length of data.x: 10
[2024-04-19 19:05:20,797][root][INFO] - Length of data.y: 10
[2024-04-19 19:05:20,949][root][INFO] - x: [ 0.07682422  0.05017513 -0.51655939 -0.28711585 -1.        ]
[2024-04-19 19:05:20,950][root][INFO] - y: [ 0.00501751 -0.0214325  -0.22847971 -0.0969527 ]
[2024-04-19 19:05:20,950][root][INFO] - Reward: -0.9999240849588871
[2024-04-19 19:05:20,950][root][INFO] - --------------- Start iteration i=10 ---------------
[2024-04-19 19:05:20,950][root][INFO] - Length of data.x: 11
[2024-04-19 19:05:20,950][root][INFO] - Length of data.y: 11
[2024-04-19 19:05:26,890][root][INFO] - Eval Returns: [-21.95537156 -22.96004994 -21.46343881 -24.98086025 -22.08168224]
[2024-04-19 19:05:26,895][root][INFO] - Eval Returns: mean=-22.688 std=1.244
[2024-04-19 19:05:26,895][root][INFO] - Eval ndata: 11.000
[2024-04-19 19:05:26,895][root][INFO] - Model MSE (current real MPC): 0.623
[2024-04-19 19:05:27,949][root][INFO] - Model MSE (random test set): 0.191
[2024-04-19 19:05:27,950][root][INFO] - Model MSE (GT MPC): 0.075
[2024-04-19 19:05:27,950][root][INFO] - Model Likelihood (random test set): -3.826
[2024-04-19 19:05:27,950][root][INFO] - Model Likelihood (GT MPC): -3.764
[2024-04-19 19:05:27,950][root][INFO] - *[TIME] [Evaluate the current MPC policy] Elapsed: 6.85 seconds
[2024-04-19 19:05:30,612][root][INFO] - x: [ 0.08184174  0.02874262 -0.7450391  -0.38406855 -0.6202199 ]
[2024-04-19 19:05:30,612][root][INFO] - y: [ 0.00287426  0.06768756 -0.30563229 -0.11762226]
[2024-04-19 19:05:30,612][root][INFO] - Reward: -0.9999999905552708
[2024-04-19 19:05:31,889][root][INFO] - --------------- Start iteration i=11 ---------------
[2024-04-19 19:05:31,889][root][INFO] - Length of data.x: 12
[2024-04-19 19:05:31,889][root][INFO] - Length of data.y: 12
[2024-04-19 19:05:32,059][root][INFO] - x: [ 0.084716    0.09643018  0.94932861 -0.50169081 -0.13475425]
[2024-04-19 19:05:32,059][root][INFO] - y: [ 0.00964302 -0.09080402 -0.39923318  0.10522252]
[2024-04-19 19:05:32,059][root][INFO] - Reward: -0.9999999998658653
[2024-04-19 19:05:32,060][root][INFO] - --------------- Start iteration i=12 ---------------
[2024-04-19 19:05:32,060][root][INFO] - Length of data.x: 13
[2024-04-19 19:05:32,060][root][INFO] - Length of data.y: 13
[2024-04-19 19:05:32,399][root][INFO] - x: [ 0.09435902  0.00562617  0.55009543 -0.39646829  0.32501895]
[2024-04-19 19:05:32,399][root][INFO] - y: [ 0.00056262 -0.1199008  -0.3154997   0.11577836]
[2024-04-19 19:05:32,399][root][INFO] - Reward: -0.9999996363731749
[2024-04-19 19:05:32,399][root][INFO] - --------------- Start iteration i=13 ---------------
[2024-04-19 19:05:32,399][root][INFO] - Length of data.x: 14
[2024-04-19 19:05:32,399][root][INFO] - Length of data.y: 14
[2024-04-19 19:05:32,554][root][INFO] - x: [ 0.09492163 -0.11427464  0.23459573 -0.28068993 -0.87242048]
[2024-04-19 19:05:32,554][root][INFO] - y: [-0.01142746 -0.14780579 -0.22336613 -0.04345058]
[2024-04-19 19:05:32,554][root][INFO] - Reward: -0.9971582113831879
[2024-04-19 19:05:32,554][root][INFO] - --------------- Start iteration i=14 ---------------
[2024-04-19 19:05:32,555][root][INFO] - Length of data.x: 15
[2024-04-19 19:05:32,555][root][INFO] - Length of data.y: 15
[2024-04-19 19:05:32,709][root][INFO] - x: [ 0.08349417 -0.26208042  0.0112296  -0.32414051  0.90722569]
[2024-04-19 19:05:32,709][root][INFO] - y: [-0.02620804  0.14575869 -0.25794303  0.14913166]
[2024-04-19 19:05:32,709][root][INFO] - Reward: -0.34442081449400264
[2024-04-19 19:05:32,709][root][INFO] - --------------- Start iteration i=15 ---------------
[2024-04-19 19:05:32,709][root][INFO] - Length of data.x: 16
[2024-04-19 19:05:32,710][root][INFO] - Length of data.y: 16
[2024-04-19 19:05:32,866][root][INFO] - x: [ 0.05728613 -0.11632173 -0.24671342 -0.17500885 -0.00834406]
[2024-04-19 19:05:32,866][root][INFO] - y: [-0.01163217  0.00248972 -0.13926773 -0.06693862]
[2024-04-19 19:05:32,866][root][INFO] - Reward: -0.7284000956399057
[2024-04-19 19:05:32,866][root][INFO] - --------------- Start iteration i=16 ---------------
[2024-04-19 19:05:32,866][root][INFO] - Length of data.x: 17
[2024-04-19 19:05:32,866][root][INFO] - Length of data.y: 17
[2024-04-19 19:05:33,022][root][INFO] - x: [ 0.04565395 -0.11383201 -0.38598115 -0.24194747  0.50584912]
[2024-04-19 19:05:33,023][root][INFO] - y: [-0.0113832   0.0954273  -0.19253583 -0.05851121]
[2024-04-19 19:05:33,023][root][INFO] - Reward: -0.9926687939538722
[2024-04-19 19:05:33,023][root][INFO] - --------------- Start iteration i=17 ---------------
[2024-04-19 19:05:33,023][root][INFO] - Length of data.x: 18
[2024-04-19 19:05:33,023][root][INFO] - Length of data.y: 18
[2024-04-19 19:05:33,179][root][INFO] - x: [ 0.03427075 -0.01840471 -0.57851699 -0.30045867 -0.1340878 ]
[2024-04-19 19:05:33,180][root][INFO] - y: [-0.00184047  0.07934014 -0.23909761 -0.11460038]
[2024-04-19 19:05:33,180][root][INFO] - Reward: -0.9999419139329714
[2024-04-19 19:05:33,180][root][INFO] - --------------- Start iteration i=18 ---------------
[2024-04-19 19:05:33,180][root][INFO] - Length of data.x: 19
[2024-04-19 19:05:33,180][root][INFO] - Length of data.y: 19
[2024-04-19 19:05:33,337][root][INFO] - x: [ 0.03243028  0.06093542 -0.8176146  -0.41505905 -0.2101413 ]
[2024-04-19 19:05:33,337][root][INFO] - y: [ 0.00609354  0.11249955 -0.33029377 -0.14777021]
[2024-04-19 19:05:33,338][root][INFO] - Reward: -0.9999989363854725
[2024-04-19 19:05:33,338][root][INFO] - --------------- Start iteration i=19 ---------------
[2024-04-19 19:05:33,338][root][INFO] - Length of data.x: 20
[2024-04-19 19:05:33,338][root][INFO] - Length of data.y: 20
[2024-04-19 19:05:33,499][root][INFO] - x: [ 0.03852382  0.17343497  0.85209164 -0.56282926 -0.57165475]
[2024-04-19 19:05:33,499][root][INFO] - y: [ 0.0173435  -0.29520853 -0.44788566  0.30791357]
[2024-04-19 19:05:33,499][root][INFO] - Reward: -0.9999914684361723
[2024-04-19 19:05:33,499][root][INFO] - --------------- Start iteration i=20 ---------------
[2024-04-19 19:05:33,499][root][INFO] - Length of data.x: 21
[2024-04-19 19:05:33,500][root][INFO] - Length of data.y: 21
[2024-04-19 19:05:39,922][root][INFO] - Eval Returns: [-22.5622981  -20.55634613 -19.03847181 -22.8858854  -24.56011199]
[2024-04-19 19:05:39,927][root][INFO] - Eval Returns: mean=-21.921 std=1.922
[2024-04-19 19:05:39,927][root][INFO] - Eval ndata: 21.000
[2024-04-19 19:05:39,927][root][INFO] - Model MSE (current real MPC): 0.500
[2024-04-19 19:05:40,982][root][INFO] - Model MSE (random test set): 0.152
[2024-04-19 19:05:40,982][root][INFO] - Model MSE (GT MPC): 0.022
[2024-04-19 19:05:40,982][root][INFO] - Model Likelihood (random test set): -3.856
[2024-04-19 19:05:40,982][root][INFO] - Model Likelihood (GT MPC): -3.728
[2024-04-19 19:05:40,982][root][INFO] - *[TIME] [Evaluate the current MPC policy] Elapsed: 7.32 seconds
[2024-04-19 19:05:43,568][root][INFO] - x: [ 0.05586732 -0.12177356  0.40420598 -0.25491569  0.42703812]
[2024-04-19 19:05:43,568][root][INFO] - y: [-0.01217736 -0.00396655 -0.20285562  0.09261074]
[2024-04-19 19:05:43,568][root][INFO] - Reward: -0.9940311249666782
[2024-04-19 19:05:44,820][root][INFO] - --------------- Start iteration i=21 ---------------
[2024-04-19 19:05:44,820][root][INFO] - Length of data.x: 22
[2024-04-19 19:05:44,820][root][INFO] - Length of data.y: 22
[2024-04-19 19:05:44,989][root][INFO] - x: [ 0.04368996 -0.12574011  0.20135036 -0.16230494  0.50646209]
[2024-04-19 19:05:44,989][root][INFO] - y: [-0.01257401  0.07256132 -0.12915827  0.11657888]
[2024-04-19 19:05:44,989][root][INFO] - Reward: -0.7968376447089636
[2024-04-19 19:05:44,990][root][INFO] - --------------- Start iteration i=22 ---------------
[2024-04-19 19:05:44,990][root][INFO] - Length of data.x: 23
[2024-04-19 19:05:44,990][root][INFO] - Length of data.y: 23
[2024-04-19 19:05:45,161][root][INFO] - x: [ 0.03111595 -0.05317879  0.07219208 -0.04572606  0.20916373]
[2024-04-19 19:05:45,161][root][INFO] - y: [-0.00531788  0.04515147 -0.03638768  0.06607632]
[2024-04-19 19:05:45,161][root][INFO] - Reward: -0.5712247694346834
[2024-04-19 19:05:45,161][root][INFO] - --------------- Start iteration i=23 ---------------
[2024-04-19 19:05:45,162][root][INFO] - Length of data.x: 24
[2024-04-19 19:05:45,162][root][INFO] - Length of data.y: 24
[2024-04-19 19:05:45,323][root][INFO] - x: [ 0.02579807 -0.00802732  0.03580441  0.02035025 -0.34016908]
[2024-04-19 19:05:45,323][root][INFO] - y: [-0.00080273 -0.04743801  0.01619423 -0.0361157 ]
[2024-04-19 19:05:45,323][root][INFO] - Reward: -0.6196808873364408
[2024-04-19 19:05:45,324][root][INFO] - --------------- Start iteration i=24 ---------------
[2024-04-19 19:05:45,324][root][INFO] - Length of data.x: 25
[2024-04-19 19:05:45,324][root][INFO] - Length of data.y: 25
[2024-04-19 19:05:45,487][root][INFO] - x: [ 0.02499534 -0.05546533  0.05199864 -0.01576544 -0.16717341]
[2024-04-19 19:05:45,487][root][INFO] - y: [-5.54653318e-03 -1.62089503e-02 -1.25457497e-02 -2.26119888e-05]
[2024-04-19 19:05:45,487][root][INFO] - Reward: -0.4387648698905613
[2024-04-19 19:05:45,488][root][INFO] - Explore episode complete with return -22.414026991568207, resetting
[2024-04-19 19:05:45,488][root][INFO] - Exploration Episode Rewards: [-0.9999900979085741, -0.9999922699700965, -0.9999922782981207, -0.9999900769507609, -0.999996714652351, -0.9999978643155712, -0.9998781581661564, -0.9639921435859198, -0.9671541454045441, -0.9999240849588871, -0.9999999905552708, -0.9999999998658653, -0.9999996363731749, -0.9971582113831879, -0.34442081449400264, -0.7284000956399057, -0.9926687939538722, -0.9999419139329714, -0.9999989363854725, -0.9999914684361723, -0.9940311249666782, -0.7968376447089636, -0.5712247694346834, -0.6196808873364408, -0.4387648698905613]
[2024-04-19 19:05:45,488][root][INFO] - --------------- Start iteration i=25 ---------------
[2024-04-19 19:05:45,488][root][INFO] - Length of data.x: 26
[2024-04-19 19:05:45,488][root][INFO] - Length of data.y: 26
[2024-04-19 19:05:45,651][root][INFO] - x: [-1.95781174e-03 -4.40439860e-03 -9.99569855e-01 -2.72058783e-04
 -8.46989810e-02]
[2024-04-19 19:05:45,651][root][INFO] - y: [-0.00044044 -0.01340158 -0.0002165   0.01326862]
[2024-04-19 19:05:45,652][root][INFO] - Reward: -0.9999901175993514
[2024-04-19 19:05:45,652][root][INFO] - --------------- Start iteration i=26 ---------------
[2024-04-19 19:05:45,652][root][INFO] - Length of data.x: 27
[2024-04-19 19:05:45,652][root][INFO] - Length of data.y: 27
[2024-04-19 19:05:45,824][root][INFO] - x: [-0.00239825 -0.01780598 -0.99978635  0.01299656 -0.66180077]
[2024-04-19 19:05:45,824][root][INFO] - y: [-0.0017806  -0.10556333  0.01034234  0.10549715]
[2024-04-19 19:05:45,824][root][INFO] - Reward: -0.9999903069859449
[2024-04-19 19:05:45,825][root][INFO] - --------------- Start iteration i=27 ---------------
[2024-04-19 19:05:45,825][root][INFO] - Length of data.x: 28
[2024-04-19 19:05:45,825][root][INFO] - Length of data.y: 28
[2024-04-19 19:05:45,988][root][INFO] - x: [-0.00417885 -0.12336931 -0.98944401  0.11849371 -0.01747812]
[2024-04-19 19:05:45,988][root][INFO] - y: [-0.01233693  0.00182723  0.09429437 -0.00508244]
[2024-04-19 19:05:45,988][root][INFO] - Reward: -0.9999934850748973
[2024-04-19 19:05:45,989][root][INFO] - --------------- Start iteration i=28 ---------------
[2024-04-19 19:05:45,989][root][INFO] - Length of data.x: 29
[2024-04-19 19:05:45,989][root][INFO] - Length of data.y: 29
[2024-04-19 19:05:46,153][root][INFO] - x: [-0.01651578 -0.12154209 -0.89514964  0.11341127 -0.13699613]
[2024-04-19 19:05:46,153][root][INFO] - y: [-0.01215421  0.00404655  0.09024989 -0.03559422]
[2024-04-19 19:05:46,153][root][INFO] - Reward: -0.9999969864099183
[2024-04-19 19:05:46,153][root][INFO] - --------------- Start iteration i=29 ---------------
[2024-04-19 19:05:46,153][root][INFO] - Length of data.x: 30
[2024-04-19 19:05:46,154][root][INFO] - Length of data.y: 30
[2024-04-19 19:05:46,316][root][INFO] - x: [-0.02866999 -0.11749553 -0.80489975  0.07781705  0.14961826]
[2024-04-19 19:05:46,316][root][INFO] - y: [-0.01174955  0.04903292  0.06192489 -0.09659832]
[2024-04-19 19:05:46,316][root][INFO] - Reward: -0.9999990365071428
[2024-04-19 19:05:46,316][root][INFO] - --------------- Start iteration i=30 ---------------
[2024-04-19 19:05:46,316][root][INFO] - Length of data.x: 31
[2024-04-19 19:05:46,317][root][INFO] - Length of data.y: 31
[2024-04-19 19:05:53,247][root][INFO] - Eval Returns: [-16.2335936  -18.51900671 -16.45486739 -17.96056329 -19.38362368]
[2024-04-19 19:05:53,252][root][INFO] - Eval Returns: mean=-17.710 std=1.206
[2024-04-19 19:05:53,252][root][INFO] - Eval ndata: 31.000
[2024-04-19 19:05:53,252][root][INFO] - Model MSE (current real MPC): 0.512
[2024-04-19 19:05:54,336][root][INFO] - Model MSE (random test set): 0.135
[2024-04-19 19:05:54,336][root][INFO] - Model MSE (GT MPC): 0.013
[2024-04-19 19:05:54,336][root][INFO] - Model Likelihood (random test set): -3.866
[2024-04-19 19:05:54,336][root][INFO] - Model Likelihood (GT MPC): -3.717
[2024-04-19 19:05:54,336][root][INFO] - *[TIME] [Evaluate the current MPC policy] Elapsed: 7.86 seconds
[2024-04-19 19:05:56,503][root][INFO] - x: [-0.04041954 -0.06846261 -0.74297486 -0.01878127  0.10767737]
[2024-04-19 19:05:56,503][root][INFO] - y: [-0.00684626  0.03665546 -0.01494567 -0.09629445]
[2024-04-19 19:05:56,503][root][INFO] - Reward: -0.999999643859697
[2024-04-19 19:05:57,696][root][INFO] - --------------- Start iteration i=31 ---------------
[2024-04-19 19:05:57,696][root][INFO] - Length of data.x: 32
[2024-04-19 19:05:57,696][root][INFO] - Length of data.y: 32
[2024-04-19 19:05:57,879][root][INFO] - x: [-0.0472658  -0.03180714 -0.75792053 -0.11507572  0.36252138]
[2024-04-19 19:05:57,879][root][INFO] - y: [-0.00318071  0.07908301 -0.09157442 -0.12498291]
[2024-04-19 19:05:57,880][root][INFO] - Reward: -0.9999997312234179
[2024-04-19 19:05:57,880][root][INFO] - --------------- Start iteration i=32 ---------------
[2024-04-19 19:05:57,880][root][INFO] - Length of data.x: 33
[2024-04-19 19:05:57,880][root][INFO] - Length of data.y: 33
[2024-04-19 19:05:58,044][root][INFO] - x: [-0.05044652  0.04727586 -0.84949495 -0.24005863  0.47155368]
[2024-04-19 19:05:58,044][root][INFO] - y: [ 0.00472759  0.12268099 -0.19103274 -0.15394176]
[2024-04-19 19:05:58,045][root][INFO] - Reward: -0.9999965880703972
[2024-04-19 19:05:58,045][root][INFO] - --------------- Start iteration i=33 ---------------
[2024-04-19 19:05:58,045][root][INFO] - Length of data.x: 34
[2024-04-19 19:05:58,045][root][INFO] - Length of data.y: 34
[2024-04-19 19:05:58,209][root][INFO] - x: [-0.04571893  0.16995685  0.95947231 -0.39400039  0.35191696]
[2024-04-19 19:05:58,209][root][INFO] - y: [ 0.01699569  0.01643935 -0.3135358  -0.00383682]
[2024-04-19 19:05:58,210][root][INFO] - Reward: -0.998491435503741
[2024-04-19 19:05:58,210][root][INFO] - --------------- Start iteration i=34 ---------------
[2024-04-19 19:05:58,210][root][INFO] - Length of data.x: 35
[2024-04-19 19:05:58,210][root][INFO] - Length of data.y: 35
[2024-04-19 19:05:58,375][root][INFO] - x: [-0.02872325  0.1863962   0.64593651 -0.39783721  0.13731501]
[2024-04-19 19:05:58,375][root][INFO] - y: [ 0.01863962 -0.14657238 -0.31658905  0.15292859]
[2024-04-19 19:05:58,375][root][INFO] - Reward: -0.8734215684607552
[2024-04-19 19:05:58,376][root][INFO] - --------------- Start iteration i=35 ---------------
[2024-04-19 19:05:58,376][root][INFO] - Length of data.x: 36
[2024-04-19 19:05:58,376][root][INFO] - Length of data.y: 36
[2024-04-19 19:05:58,542][root][INFO] - x: [-0.01008363  0.03982382  0.32934746 -0.24490862  0.35974918]
[2024-04-19 19:05:58,542][root][INFO] - y: [ 0.00398238  0.00377534 -0.19489225  0.08635064]
[2024-04-19 19:05:58,542][root][INFO] - Reward: -0.2561601500617733
[2024-04-19 19:05:58,543][root][INFO] - --------------- Start iteration i=36 ---------------
[2024-04-19 19:05:58,543][root][INFO] - Length of data.x: 37
[2024-04-19 19:05:58,543][root][INFO] - Length of data.y: 37
[2024-04-19 19:05:58,709][root][INFO] - x: [-0.00610124  0.04359916  0.13445521 -0.15855799  0.26218561]
[2024-04-19 19:05:58,709][root][INFO] - y: [ 0.00435992  0.04344313 -0.12617654  0.0798822 ]
[2024-04-19 19:05:58,710][root][INFO] - Reward: -2.6541789342249267e-05
[2024-04-19 19:05:58,710][root][INFO] - --------------- Start iteration i=37 ---------------
[2024-04-19 19:05:58,710][root][INFO] - Length of data.x: 38
[2024-04-19 19:05:58,710][root][INFO] - Length of data.y: 38
