[2024-04-19 19:04:55,739][root][INFO] - Dumper dumping to /trajectory-information-rl/experiments/mpc_cartpole_2024-04-19/19-04-50/seed_1
[2024-04-19 19:04:55,744][root][INFO] - Start obs: None
[2024-04-19 19:05:09,707][root][INFO] - GT Returns: [-11.8965703  -12.2107582  -11.42176205 -10.23660678 -10.5907692 ]
[2024-04-19 19:05:09,707][root][INFO] - GT Returns: mean=-11.271 std=0.752
[2024-04-19 19:05:09,707][root][INFO] - Path Lengths: [36345, 36345, 36345, 36345, 36345]
[2024-04-19 19:05:09,707][root][INFO] - Path Lengths: mean=36345.000 std=0.000
[2024-04-19 19:05:09,771][root][INFO] - all_x.shape = (181725, 5)
[2024-04-19 19:05:09,776][root][INFO] - all_x.min(axis=0) = [-0.91404604 -1.41966753 -0.99999677 -0.87600628 -1.        ]
[2024-04-19 19:05:09,780][root][INFO] - all_x.max(axis=0) = [0.95092754 1.41298194 0.99999189 0.85372847 1.        ]
[2024-04-19 19:05:09,783][root][INFO] - all_x.mean(axis=0) = [ 0.00827318 -0.00843432  0.0031689   0.00306409 -0.01223521]
[2024-04-19 19:05:09,790][root][INFO] - all_x.var(axis=0) = [0.01104542 0.04876402 0.24303865 0.08695373 0.2043556 ]
[2024-04-19 19:05:09,825][root][INFO] - --------------- Start iteration i=0 ---------------
[2024-04-19 19:05:09,825][root][INFO] - Length of data.x: 1
[2024-04-19 19:05:09,825][root][INFO] - Length of data.y: 1
[2024-04-19 19:05:15,188][root][INFO] - Eval Returns: [-24.99997093 -24.99997704 -24.99997988 -24.99997825 -24.99996677]
[2024-04-19 19:05:15,193][root][INFO] - Eval Returns: mean=-25.000 std=0.000
[2024-04-19 19:05:15,193][root][INFO] - Eval ndata: 1.000
[2024-04-19 19:05:15,193][root][INFO] - Model MSE (current real MPC): 0.637
[2024-04-19 19:05:16,196][root][INFO] - Model MSE (random test set): 0.498
[2024-04-19 19:05:16,196][root][INFO] - Model MSE (GT MPC): 0.192
[2024-04-19 19:05:16,196][root][INFO] - Model Likelihood (random test set): -4.165
[2024-04-19 19:05:16,196][root][INFO] - Model Likelihood (GT MPC): -4.007
[2024-04-19 19:05:16,196][root][INFO] - *[TIME] [Evaluate the current MPC policy] Elapsed: 6.18 seconds
[2024-04-19 19:05:18,013][root][INFO] - x: [-1.54484965e-03 -5.01328105e-04 -9.93817053e-01  1.35615611e-03
 -7.04652659e-01]
[2024-04-19 19:05:18,014][root][INFO] - y: [-5.01328105e-05 -1.11566750e-01  1.07919562e-03  1.09638104e-01]
[2024-04-19 19:05:18,014][root][INFO] - Reward: -0.9999901104238507
[2024-04-19 19:05:19,675][root][INFO] - --------------- Start iteration i=1 ---------------
[2024-04-19 19:05:19,675][root][INFO] - Length of data.x: 2
[2024-04-19 19:05:19,675][root][INFO] - Length of data.y: 2
[2024-04-19 19:05:19,853][root][INFO] - x: [-0.00159498 -0.11206808 -0.99273786  0.11099426  1.        ]
[2024-04-19 19:05:19,853][root][INFO] - y: [-0.01120681  0.16350756  0.0883265  -0.16570546]
[2024-04-19 19:05:19,853][root][INFO] - Reward: -0.9999921647098554
[2024-04-19 19:05:19,853][root][INFO] - --------------- Start iteration i=2 ---------------
[2024-04-19 19:05:19,854][root][INFO] - Length of data.x: 3
[2024-04-19 19:05:19,854][root][INFO] - Length of data.y: 3
[2024-04-19 19:05:20,010][root][INFO] - x: [-0.01280179  0.05143948 -0.90441136 -0.0547112  -0.18781274]
[2024-04-19 19:05:20,010][root][INFO] - y: [ 0.00514395 -0.01225252 -0.04353782 -0.01734431]
[2024-04-19 19:05:20,010][root][INFO] - Reward: -0.9999909228828137
[2024-04-19 19:05:20,011][root][INFO] - --------------- Start iteration i=3 ---------------
[2024-04-19 19:05:20,011][root][INFO] - Length of data.x: 4
[2024-04-19 19:05:20,011][root][INFO] - Length of data.y: 4
[2024-04-19 19:05:20,163][root][INFO] - x: [-0.00765784  0.03918696 -0.94794918 -0.07205551 -0.64254882]
[2024-04-19 19:05:20,163][root][INFO] - y: [ 0.0039187  -0.09125184 -0.05734     0.07404783]
[2024-04-19 19:05:20,163][root][INFO] - Reward: -0.9999901143299563
[2024-04-19 19:05:20,164][root][INFO] - --------------- Start iteration i=4 ---------------
[2024-04-19 19:05:20,164][root][INFO] - Length of data.x: 5
[2024-04-19 19:05:20,164][root][INFO] - Length of data.y: 5
[2024-04-19 19:05:20,315][root][INFO] - x: [-0.00373915 -0.05206487  0.99471082  0.00199232 -0.61485971]
[2024-04-19 19:05:20,315][root][INFO] - y: [-0.00520649 -0.0985073   0.00158544  0.10012561]
[2024-04-19 19:05:20,315][root][INFO] - Reward: -0.999990589034213
[2024-04-19 19:05:20,316][root][INFO] - --------------- Start iteration i=5 ---------------
[2024-04-19 19:05:20,316][root][INFO] - Length of data.x: 6
[2024-04-19 19:05:20,316][root][INFO] - Length of data.y: 6
[2024-04-19 19:05:20,468][root][INFO] - x: [-0.00894563 -0.15057217  0.99629626  0.10211792  0.94779178]
[2024-04-19 19:05:20,468][root][INFO] - y: [-0.01505722  0.15317569  0.08126293 -0.15202247]
[2024-04-19 19:05:20,468][root][INFO] - Reward: -0.9999957419069634
[2024-04-19 19:05:20,469][root][INFO] - --------------- Start iteration i=6 ---------------
[2024-04-19 19:05:20,469][root][INFO] - Length of data.x: 7
[2024-04-19 19:05:20,469][root][INFO] - Length of data.y: 7
[2024-04-19 19:05:20,621][root][INFO] - x: [-0.02400285  0.00260352 -0.92244082 -0.04990455 -0.45553007]
[2024-04-19 19:05:20,622][root][INFO] - y: [ 0.00026035 -0.05626523 -0.03971281  0.0309117 ]
[2024-04-19 19:05:20,622][root][INFO] - Reward: -0.9999949728964529
[2024-04-19 19:05:20,622][root][INFO] - --------------- Start iteration i=7 ---------------
[2024-04-19 19:05:20,622][root][INFO] - Length of data.x: 8
[2024-04-19 19:05:20,622][root][INFO] - Length of data.y: 8
[2024-04-19 19:05:20,775][root][INFO] - x: [-0.0237425  -0.05366171 -0.96215363 -0.01899285 -1.        ]
[2024-04-19 19:05:20,775][root][INFO] - y: [-0.00536617 -0.1508638  -0.01511404  0.13815013]
[2024-04-19 19:05:20,775][root][INFO] - Reward: -0.9999958090036095
[2024-04-19 19:05:20,776][root][INFO] - --------------- Start iteration i=8 ---------------
[2024-04-19 19:05:20,776][root][INFO] - Length of data.x: 9
[2024-04-19 19:05:20,776][root][INFO] - Length of data.y: 9
[2024-04-19 19:05:20,929][root][INFO] - x: [-0.02910867 -0.20452551 -0.97726767  0.11915728 -0.46735513]
[2024-04-19 19:05:20,929][root][INFO] - y: [-0.02045255 -0.06559061  0.09482242  0.0584161 ]
[2024-04-19 19:05:20,929][root][INFO] - Reward: -0.9999996316222631
[2024-04-19 19:05:20,930][root][INFO] - --------------- Start iteration i=9 ---------------
[2024-04-19 19:05:20,930][root][INFO] - Length of data.x: 10
[2024-04-19 19:05:20,930][root][INFO] - Length of data.y: 10
[2024-04-19 19:05:21,084][root][INFO] - x: [-0.04956122 -0.27011612 -0.88244525  0.17757338 -0.47359348]
[2024-04-19 19:05:21,084][root][INFO] - y: [-0.02701161 -0.03204014  0.14130852 -0.00556771]
[2024-04-19 19:05:21,084][root][INFO] - Reward: -0.9999999973516243
[2024-04-19 19:05:21,085][root][INFO] - --------------- Start iteration i=10 ---------------
[2024-04-19 19:05:21,085][root][INFO] - Length of data.x: 11
[2024-04-19 19:05:21,085][root][INFO] - Length of data.y: 11
[2024-04-19 19:05:27,026][root][INFO] - Eval Returns: [-24.27401758 -24.44790889 -21.98903233 -22.02235057 -24.52281656]
[2024-04-19 19:05:27,031][root][INFO] - Eval Returns: mean=-23.451 std=1.183
[2024-04-19 19:05:27,031][root][INFO] - Eval ndata: 11.000
[2024-04-19 19:05:27,031][root][INFO] - Model MSE (current real MPC): 0.579
[2024-04-19 19:05:28,116][root][INFO] - Model MSE (random test set): 0.299
[2024-04-19 19:05:28,116][root][INFO] - Model MSE (GT MPC): 0.088
[2024-04-19 19:05:28,116][root][INFO] - Model Likelihood (random test set): -3.808
[2024-04-19 19:05:28,116][root][INFO] - Model Likelihood (GT MPC): -3.730
[2024-04-19 19:05:28,116][root][INFO] - *[TIME] [Evaluate the current MPC policy] Elapsed: 6.88 seconds
[2024-04-19 19:05:31,088][root][INFO] - x: [-0.07657283 -0.30215626 -0.74113673  0.17200567  0.5453322 ]
[2024-04-19 19:05:31,088][root][INFO] - y: [-0.03021563  0.11676483  0.13687787 -0.15157866]
[2024-04-19 19:05:31,088][root][INFO] - Reward: -0.9999999999967186
[2024-04-19 19:05:32,124][root][INFO] - --------------- Start iteration i=11 ---------------
[2024-04-19 19:05:32,125][root][INFO] - Length of data.x: 12
[2024-04-19 19:05:32,125][root][INFO] - Length of data.y: 12
[2024-04-19 19:05:32,354][root][INFO] - x: [-0.10678846 -0.18539143 -0.60425886  0.02042701  1.        ]
[2024-04-19 19:05:32,354][root][INFO] - y: [-0.01853914  0.11802222  0.01625531 -0.13094864]
[2024-04-19 19:05:32,355][root][INFO] - Reward: -0.9999999999999786
[2024-04-19 19:05:32,355][root][INFO] - --------------- Start iteration i=12 ---------------
[2024-04-19 19:05:32,355][root][INFO] - Length of data.x: 13
[2024-04-19 19:05:32,355][root][INFO] - Length of data.y: 13
[2024-04-19 19:05:32,679][root][INFO] - x: [-0.1253276  -0.06736921 -0.58800354 -0.11052162  1.        ]
[2024-04-19 19:05:32,680][root][INFO] - y: [-0.00673692  0.12484882 -0.08795038 -0.12854974]
[2024-04-19 19:05:32,680][root][INFO] - Reward: -0.9999999999999972
[2024-04-19 19:05:32,680][root][INFO] - --------------- Start iteration i=13 ---------------
[2024-04-19 19:05:32,680][root][INFO] - Length of data.x: 14
[2024-04-19 19:05:32,680][root][INFO] - Length of data.y: 14
[2024-04-19 19:05:32,836][root][INFO] - x: [-0.13206452  0.05747961 -0.67595393 -0.23907137  1.        ]
[2024-04-19 19:05:32,836][root][INFO] - y: [ 0.00574796  0.18010234 -0.1902471  -0.17813794]
[2024-04-19 19:05:32,836][root][INFO] - Reward: -0.9999999999996674
[2024-04-19 19:05:32,836][root][INFO] - --------------- Start iteration i=14 ---------------
[2024-04-19 19:05:32,836][root][INFO] - Length of data.x: 15
[2024-04-19 19:05:32,836][root][INFO] - Length of data.y: 15
[2024-04-19 19:05:32,992][root][INFO] - x: [-0.12631656  0.23758196 -0.86620103 -0.41720931  1.        ]
[2024-04-19 19:05:32,992][root][INFO] - y: [ 0.0237582   0.25883439 -0.33200489 -0.27637541]
[2024-04-19 19:05:32,992][root][INFO] - Reward: -0.9999979779192469
[2024-04-19 19:05:32,992][root][INFO] - --------------- Start iteration i=15 ---------------
[2024-04-19 19:05:32,992][root][INFO] - Length of data.x: 16
[2024-04-19 19:05:32,993][root][INFO] - Length of data.y: 16
[2024-04-19 19:05:33,149][root][INFO] - x: [-0.10255836  0.49641634  0.80179408 -0.69358472  0.146782  ]
[2024-04-19 19:05:33,149][root][INFO] - y: [ 0.04964163 -0.35978766 -0.55193763  0.3495332 ]
[2024-04-19 19:05:33,150][root][INFO] - Reward: -0.2845804224186014
[2024-04-19 19:05:33,150][root][INFO] - --------------- Start iteration i=16 ---------------
[2024-04-19 19:05:33,150][root][INFO] - Length of data.x: 17
[2024-04-19 19:05:33,150][root][INFO] - Length of data.y: 17
[2024-04-19 19:05:33,307][root][INFO] - x: [-0.05291673  0.13662869  0.24985645 -0.34405152 -1.        ]
[2024-04-19 19:05:33,307][root][INFO] - y: [ 0.01366287 -0.19867313 -0.27378772 -0.07114003]
[2024-04-19 19:05:33,307][root][INFO] - Reward: -0.7838994291548891
[2024-04-19 19:05:33,307][root][INFO] - --------------- Start iteration i=17 ---------------
[2024-04-19 19:05:33,307][root][INFO] - Length of data.x: 18
[2024-04-19 19:05:33,308][root][INFO] - Length of data.y: 18
[2024-04-19 19:05:33,465][root][INFO] - x: [-0.03925386 -0.06204445 -0.02393127 -0.41519155  0.09730227]
[2024-04-19 19:05:33,465][root][INFO] - y: [-0.00620444  0.03146352 -0.3303992   0.0239987 ]
[2024-04-19 19:05:33,465][root][INFO] - Reward: -0.9998467099427129
[2024-04-19 19:05:33,465][root][INFO] - --------------- Start iteration i=18 ---------------
[2024-04-19 19:05:33,465][root][INFO] - Length of data.x: 19
[2024-04-19 19:05:33,465][root][INFO] - Length of data.y: 19
[2024-04-19 19:05:33,623][root][INFO] - x: [-0.04545831 -0.03058093 -0.35433047 -0.39119285  0.90996188]
[2024-04-19 19:05:33,623][root][INFO] - y: [-0.00305809  0.22163512 -0.31130163  0.00982938]
[2024-04-19 19:05:33,623][root][INFO] - Reward: -0.9999995192725839
[2024-04-19 19:05:33,624][root][INFO] - --------------- Start iteration i=19 ---------------
[2024-04-19 19:05:33,624][root][INFO] - Length of data.x: 20
[2024-04-19 19:05:33,624][root][INFO] - Length of data.y: 20
[2024-04-19 19:05:33,782][root][INFO] - x: [-0.0485164   0.19105419 -0.6656321  -0.38136347 -0.97889879]
[2024-04-19 19:05:33,782][root][INFO] - y: [ 0.01910542  0.03790035 -0.30347965 -0.10404625]
[2024-04-19 19:05:33,782][root][INFO] - Reward: -0.9999961153026093
[2024-04-19 19:05:33,783][root][INFO] - --------------- Start iteration i=20 ---------------
[2024-04-19 19:05:33,783][root][INFO] - Length of data.x: 21
[2024-04-19 19:05:33,783][root][INFO] - Length of data.y: 21
[2024-04-19 19:05:40,222][root][INFO] - Eval Returns: [-23.10440729 -24.10735285 -21.7568549  -23.45467527 -19.62044192]
[2024-04-19 19:05:40,227][root][INFO] - Eval Returns: mean=-22.409 std=1.591
[2024-04-19 19:05:40,227][root][INFO] - Eval ndata: 21.000
[2024-04-19 19:05:40,227][root][INFO] - Model MSE (current real MPC): 0.746
[2024-04-19 19:05:41,285][root][INFO] - Model MSE (random test set): 0.319
[2024-04-19 19:05:41,285][root][INFO] - Model MSE (GT MPC): 0.138
[2024-04-19 19:05:41,285][root][INFO] - Model Likelihood (random test set): -3.857
[2024-04-19 19:05:41,285][root][INFO] - Model Likelihood (GT MPC): -3.780
[2024-04-19 19:05:41,285][root][INFO] - *[TIME] [Evaluate the current MPC policy] Elapsed: 7.35 seconds
[2024-04-19 19:05:44,142][root][INFO] - x: [-0.02941098  0.22895455 -0.96911175 -0.48540972 -0.57886463]
[2024-04-19 19:05:44,143][root][INFO] - y: [ 0.02289545 -0.05604046 -0.3862771   0.04626235]
[2024-04-19 19:05:44,143][root][INFO] - Reward: -0.9995733891584535
[2024-04-19 19:05:45,156][root][INFO] - --------------- Start iteration i=21 ---------------
[2024-04-19 19:05:45,157][root][INFO] - Length of data.x: 22
[2024-04-19 19:05:45,157][root][INFO] - Length of data.y: 22
[2024-04-19 19:05:45,324][root][INFO] - x: [-0.00651552  0.17291409  0.64461116 -0.43914737  0.34555786]
[2024-04-19 19:05:45,324][root][INFO] - y: [ 0.01729141 -0.15537325 -0.34946266  0.15642314]
[2024-04-19 19:05:45,324][root][INFO] - Reward: -0.960211287207097
[2024-04-19 19:05:45,324][root][INFO] - --------------- Start iteration i=22 ---------------
[2024-04-19 19:05:45,325][root][INFO] - Length of data.x: 23
[2024-04-19 19:05:45,325][root][INFO] - Length of data.y: 23
[2024-04-19 19:05:45,484][root][INFO] - x: [ 0.01077588  0.01754084  0.2951485  -0.28272423  0.06540353]
[2024-04-19 19:05:45,484][root][INFO] - y: [ 0.00175408 -0.04151028 -0.22498498  0.05364834]
[2024-04-19 19:05:45,484][root][INFO] - Reward: -0.4101976763715727
[2024-04-19 19:05:45,485][root][INFO] - --------------- Start iteration i=23 ---------------
[2024-04-19 19:05:45,485][root][INFO] - Length of data.x: 24
[2024-04-19 19:05:45,485][root][INFO] - Length of data.y: 24
[2024-04-19 19:05:45,646][root][INFO] - x: [ 0.01252997 -0.02396945  0.07016353 -0.22907589  1.        ]
[2024-04-19 19:05:45,646][root][INFO] - y: [-0.00239694  0.15140136 -0.18229295  0.16920903]
[2024-04-19 19:05:45,646][root][INFO] - Reward: -0.09535544020379283
[2024-04-19 19:05:45,646][root][INFO] - --------------- Start iteration i=24 ---------------
[2024-04-19 19:05:45,646][root][INFO] - Length of data.x: 25
[2024-04-19 19:05:45,647][root][INFO] - Length of data.y: 25
[2024-04-19 19:05:45,808][root][INFO] - x: [ 0.01013302  0.12743192 -0.11212942 -0.05986686 -1.        ]
[2024-04-19 19:05:45,808][root][INFO] - y: [ 0.01274319 -0.16731413 -0.04764057 -0.19092138]
[2024-04-19 19:05:45,808][root][INFO] - Reward: -0.06996214397374978
[2024-04-19 19:05:45,809][root][INFO] - Explore episode complete with return -21.603560165083273, resetting
[2024-04-19 19:05:45,809][root][INFO] - Exploration Episode Rewards: [-0.9999901104238507, -0.9999921647098554, -0.9999909228828137, -0.9999901143299563, -0.999990589034213, -0.9999957419069634, -0.9999949728964529, -0.9999958090036095, -0.9999996316222631, -0.9999999973516243, -0.9999999999967186, -0.9999999999999786, -0.9999999999999972, -0.9999999999996674, -0.9999979779192469, -0.2845804224186014, -0.7838994291548891, -0.9998467099427129, -0.9999995192725839, -0.9999961153026093, -0.9995733891584535, -0.960211287207097, -0.4101976763715727, -0.09535544020379283, -0.06996214397374978]
[2024-04-19 19:05:45,809][root][INFO] - --------------- Start iteration i=25 ---------------
[2024-04-19 19:05:45,809][root][INFO] - Length of data.x: 26
[2024-04-19 19:05:45,809][root][INFO] - Length of data.y: 26
[2024-04-19 19:05:45,971][root][INFO] - x: [-8.23926998e-04 -1.02793511e-03 -9.92357486e-01 -4.44394052e-04
 -6.09815859e-01]
[2024-04-19 19:05:45,972][root][INFO] - y: [-0.00010279 -0.09610659 -0.00035364  0.09372111]
[2024-04-19 19:05:45,972][root][INFO] - Reward: -0.9999900825416755
[2024-04-19 19:05:45,972][root][INFO] - --------------- Start iteration i=26 ---------------
[2024-04-19 19:05:45,972][root][INFO] - Length of data.x: 27
[2024-04-19 19:05:45,972][root][INFO] - Length of data.y: 27
[2024-04-19 19:05:46,135][root][INFO] - x: [-9.26720510e-04 -9.71345226e-02 -9.92711123e-01  9.32767183e-02
 -2.57406892e-01]
[2024-04-19 19:05:46,136][root][INFO] - y: [-0.00971345 -0.03797128  0.07422731  0.03571263]
[2024-04-19 19:05:46,136][root][INFO] - Reward: -0.9999915509601635
[2024-04-19 19:05:46,136][root][INFO] - --------------- Start iteration i=27 ---------------
[2024-04-19 19:05:46,136][root][INFO] - Length of data.x: 28
[2024-04-19 19:05:46,136][root][INFO] - Length of data.y: 28
[2024-04-19 19:05:46,299][root][INFO] - x: [-0.01064017 -0.13510581 -0.91848381  0.12898934 -0.16068626]
[2024-04-19 19:05:46,299][root][INFO] - y: [-0.01351058 -0.00268509  0.10264654 -0.02227682]
[2024-04-19 19:05:46,299][root][INFO] - Reward: -0.9999955247539779
[2024-04-19 19:05:46,300][root][INFO] - --------------- Start iteration i=28 ---------------
[2024-04-19 19:05:46,300][root][INFO] - Length of data.x: 29
[2024-04-19 19:05:46,300][root][INFO] - Length of data.y: 29
[2024-04-19 19:05:46,462][root][INFO] - x: [-0.02415075 -0.1377909  -0.81583727  0.10671252  0.14829326]
[2024-04-19 19:05:46,463][root][INFO] - y: [-0.01377909  0.05277829  0.0849192  -0.09788662]
[2024-04-19 19:05:46,463][root][INFO] - Reward: -0.9999985687088334
[2024-04-19 19:05:46,463][root][INFO] - --------------- Start iteration i=29 ---------------
[2024-04-19 19:05:46,463][root][INFO] - Length of data.x: 30
[2024-04-19 19:05:46,463][root][INFO] - Length of data.y: 30
[2024-04-19 19:05:46,625][root][INFO] - x: [-0.03792984 -0.08501261 -0.73091807  0.0088259  -0.05036925]
[2024-04-19 19:05:46,625][root][INFO] - y: [-0.00850126  0.01694537  0.00702343 -0.08471618]
[2024-04-19 19:05:46,625][root][INFO] - Reward: -0.9999995480610476
[2024-04-19 19:05:46,626][root][INFO] - --------------- Start iteration i=30 ---------------
[2024-04-19 19:05:46,626][root][INFO] - Length of data.x: 31
[2024-04-19 19:05:46,626][root][INFO] - Length of data.y: 31
[2024-04-19 19:05:53,580][root][INFO] - Eval Returns: [-22.0906937  -22.33244138 -22.41664505 -19.09077018 -20.80714076]
[2024-04-19 19:05:53,585][root][INFO] - Eval Returns: mean=-21.348 std=1.269
[2024-04-19 19:05:53,585][root][INFO] - Eval ndata: 31.000
[2024-04-19 19:05:53,585][root][INFO] - Model MSE (current real MPC): 0.624
[2024-04-19 19:05:54,674][root][INFO] - Model MSE (random test set): 0.329
[2024-04-19 19:05:54,675][root][INFO] - Model MSE (GT MPC): 0.098
[2024-04-19 19:05:54,675][root][INFO] - Model Likelihood (random test set): -3.914
[2024-04-19 19:05:54,675][root][INFO] - Model Likelihood (GT MPC): -3.799
[2024-04-19 19:05:54,675][root][INFO] - *[TIME] [Evaluate the current MPC policy] Elapsed: 7.89 seconds
[2024-04-19 19:05:57,001][root][INFO] - x: [-0.0464311  -0.06806724 -0.72389464 -0.07589029  0.48945789]
[2024-04-19 19:05:57,001][root][INFO] - y: [-0.00680672  0.08529023 -0.06039162 -0.13005891]
[2024-04-19 19:05:57,002][root][INFO] - Reward: -0.9999998509601004
[2024-04-19 19:05:57,927][root][INFO] - --------------- Start iteration i=31 ---------------
[2024-04-19 19:05:57,928][root][INFO] - Length of data.x: 32
[2024-04-19 19:05:57,928][root][INFO] - Length of data.y: 32
[2024-04-19 19:05:58,101][root][INFO] - x: [-0.05323783  0.01722299 -0.78428626 -0.20594919  0.55337965]
[2024-04-19 19:05:58,101][root][INFO] - y: [ 0.0017223   0.12698335 -0.16388929 -0.1604939 ]
[2024-04-19 19:05:58,102][root][INFO] - Reward: -0.9999994247984556
[2024-04-19 19:05:58,102][root][INFO] - --------------- Start iteration i=32 ---------------
[2024-04-19 19:05:58,102][root][INFO] - Length of data.x: 33
[2024-04-19 19:05:58,102][root][INFO] - Length of data.y: 33
[2024-04-19 19:05:58,269][root][INFO] - x: [-0.05151553  0.14420634 -0.94817555 -0.36644309  0.59273908]
[2024-04-19 19:05:58,269][root][INFO] - y: [ 0.01442063  0.13251558 -0.29160638 -0.14668084]
[2024-04-19 19:05:58,270][root][INFO] - Reward: -0.9998206916135862
[2024-04-19 19:05:58,270][root][INFO] - --------------- Start iteration i=33 ---------------
[2024-04-19 19:05:58,270][root][INFO] - Length of data.x: 34
[2024-04-19 19:05:58,270][root][INFO] - Length of data.y: 34
[2024-04-19 19:05:58,440][root][INFO] - x: [-0.03709489  0.27672192  0.76021806 -0.51312393  0.36618217]
[2024-04-19 19:05:58,440][root][INFO] - y: [ 0.02767219 -0.19160507 -0.40833138  0.20693726]
[2024-04-19 19:05:58,440][root][INFO] - Reward: -0.9126733446845727
[2024-04-19 19:05:58,441][root][INFO] - --------------- Start iteration i=34 ---------------
[2024-04-19 19:05:58,441][root][INFO] - Length of data.x: 35
[2024-04-19 19:05:58,441][root][INFO] - Length of data.y: 35
[2024-04-19 19:05:58,611][root][INFO] - x: [-0.0094227   0.08511685  0.35188669 -0.30618667  0.69459811]
[2024-04-19 19:05:58,611][root][INFO] - y: [ 0.00851168  0.00522326 -0.2436558   0.0901032 ]
[2024-04-19 19:05:58,611][root][INFO] - Reward: -0.2601164456172744
[2024-04-19 19:05:58,612][root][INFO] - --------------- Start iteration i=35 ---------------
[2024-04-19 19:05:58,612][root][INFO] - Length of data.x: 36
[2024-04-19 19:05:58,612][root][INFO] - Length of data.y: 36
