[2024-04-24 17:22:57,306][root][INFO] - Dumper dumping to /tirl/experiments/mpc_frozencartpole_newhypers_initdata_gpforgetting_2024-04-24/17-22-51/seed_2
[2024-04-24 17:22:57,312][root][INFO] - Start obs: None
[2024-04-24 17:23:24,316][root][INFO] - GT Returns: [-10.01487053 -10.80795247 -13.49157293 -10.61381509 -11.7312212 ]
[2024-04-24 17:23:24,316][root][INFO] - GT Returns: mean=-11.332 std=1.212
[2024-04-24 17:23:24,316][root][INFO] - Path Lengths: [36345, 36345, 36345, 36345, 36345]
[2024-04-24 17:23:24,316][root][INFO] - Path Lengths: mean=36345.000 std=0.000
[2024-04-24 17:23:24,418][root][INFO] - all_x.shape = (181725, 5)
[2024-04-24 17:23:24,424][root][INFO] - all_x.min(axis=0) = [-0.59551441 -0.9189304  -0.99998901 -0.80976168 -1.        ]
[2024-04-24 17:23:24,430][root][INFO] - all_x.max(axis=0) = [0.94976414 1.45968163 0.99997101 0.85094695 1.        ]
[2024-04-24 17:23:24,434][root][INFO] - all_x.mean(axis=0) = [-0.01176644  0.00083037  0.01762875  0.01695216  0.01814514]
[2024-04-24 17:23:24,446][root][INFO] - all_x.var(axis=0) = [0.00597743 0.02842734 0.23864123 0.07222808 0.22441847]
[2024-04-24 17:23:24,535][root][INFO] - --------------- Start iteration i=0 ---------------
[2024-04-24 17:23:24,536][root][INFO] - Length of data.x: 301
[2024-04-24 17:23:24,536][root][INFO] - Length of data.y: 301
[2024-04-24 17:24:00,489][root][INFO] - Eval Returns: [-21.91615182 -22.14711236 -23.95496956 -23.74115687 -23.92395456]
[2024-04-24 17:24:00,509][root][INFO] - Eval Returns: mean=-23.137 std=0.908
[2024-04-24 17:24:00,509][root][INFO] - Eval ndata: 301.000
[2024-04-24 17:24:00,509][root][INFO] - Model MSE (current real MPC): 0.437
[2024-04-24 17:24:02,354][root][INFO] - Model MSE (random test set): 0.359
[2024-04-24 17:24:02,355][root][INFO] - Model MSE (GT MPC): 0.052
[2024-04-24 17:24:02,355][root][INFO] - Model Likelihood (random test set): -3.722
[2024-04-24 17:24:02,355][root][INFO] - Model Likelihood (GT MPC): -3.681
[2024-04-24 17:24:02,355][root][INFO] - *[TIME] [Evaluate the current MPC policy] Elapsed: 37.33 seconds
[2024-04-24 17:24:04,561][root][INFO] - x: [ 5.39798863e-04 -2.18334305e-05  9.93064824e-01 -3.41000826e-04
  3.70577379e-01]
[2024-04-24 17:24:04,561][root][INFO] - y: [-2.18334305e-06  5.79927464e-02 -2.71360054e-04 -5.58393691e-02]
[2024-04-24 17:24:04,562][root][INFO] - Reward: -0.9999900697337131
[2024-04-24 17:24:07,570][root][INFO] - --------------- Start iteration i=1 ---------------
[2024-04-24 17:24:07,571][root][INFO] - Length of data.x: 302
[2024-04-24 17:24:07,571][root][INFO] - Length of data.y: 302
[2024-04-24 17:24:08,107][root][INFO] - x: [ 5.37615520e-04  5.79709129e-02  9.92793464e-01 -5.61803700e-02
 -3.80510662e-01]
[2024-04-24 17:24:08,108][root][INFO] - y: [ 0.00579709 -0.06323062 -0.04470695  0.06543772]
[2024-04-24 17:24:08,109][root][INFO] - Reward: -0.9999905963175149
[2024-04-24 17:24:08,113][root][INFO] - --------------- Start iteration i=2 ---------------
[2024-04-24 17:24:08,113][root][INFO] - Length of data.x: 303
[2024-04-24 17:24:08,113][root][INFO] - Length of data.y: 303
[2024-04-24 17:24:08,662][root][INFO] - x: [ 0.00633471 -0.00525971  0.94808651  0.00925735  0.70479108]
[2024-04-24 17:24:08,663][root][INFO] - y: [-0.00052597  0.10177987  0.00736677 -0.08448435]
[2024-04-24 17:24:08,663][root][INFO] - Reward: -0.9999905402486061
[2024-04-24 17:24:08,667][root][INFO] - --------------- Start iteration i=3 ---------------
[2024-04-24 17:24:08,667][root][INFO] - Length of data.x: 304
[2024-04-24 17:24:08,667][root][INFO] - Length of data.y: 304
[2024-04-24 17:24:09,216][root][INFO] - x: [ 0.00580874  0.09652016  0.95545328 -0.075227    0.1925936 ]
[2024-04-24 17:24:09,217][root][INFO] - y: [ 0.00965202  0.01971772 -0.05986379 -0.00582666]
[2024-04-24 17:24:09,217][root][INFO] - Reward: -0.999993088278054
[2024-04-24 17:24:09,221][root][INFO] - --------------- Start iteration i=4 ---------------
[2024-04-24 17:24:09,221][root][INFO] - Length of data.x: 305
[2024-04-24 17:24:09,221][root][INFO] - Length of data.y: 305
[2024-04-24 17:24:09,784][root][INFO] - x: [ 0.01546075  0.11623788  0.89558949 -0.08105367  0.14058045]
[2024-04-24 17:24:09,784][root][INFO] - y: [ 0.01162379 -0.00048175 -0.06450051  0.03209285]
[2024-04-24 17:24:09,785][root][INFO] - Reward: -0.9999967297194693
[2024-04-24 17:24:09,789][root][INFO] - --------------- Start iteration i=5 ---------------
[2024-04-24 17:24:09,789][root][INFO] - Length of data.x: 306
[2024-04-24 17:24:09,789][root][INFO] - Length of data.y: 306
[2024-04-24 17:24:10,332][root][INFO] - x: [ 0.02708454  0.11575613  0.83108898 -0.04896081  0.02029059]
[2024-04-24 17:24:10,333][root][INFO] - y: [ 0.01157561 -0.02266118 -0.03896181  0.06924334]
[2024-04-24 17:24:10,333][root][INFO] - Reward: -0.9999989695838398
[2024-04-24 17:24:10,337][root][INFO] - --------------- Start iteration i=6 ---------------
[2024-04-24 17:24:10,337][root][INFO] - Length of data.x: 307
[2024-04-24 17:24:10,337][root][INFO] - Length of data.y: 307
[2024-04-24 17:24:10,887][root][INFO] - x: [ 0.03866015  0.09309496  0.79212717  0.02028252 -0.23880767]
[2024-04-24 17:24:10,887][root][INFO] - y: [ 0.0093095  -0.05608411  0.01614033  0.10421155]
[2024-04-24 17:24:10,888][root][INFO] - Reward: -0.9999996804325002
[2024-04-24 17:24:10,891][root][INFO] - --------------- Start iteration i=7 ---------------
[2024-04-24 17:24:10,891][root][INFO] - Length of data.x: 308
[2024-04-24 17:24:10,891][root][INFO] - Length of data.y: 308
[2024-04-24 17:24:11,374][root][INFO] - x: [ 0.04796965  0.03701085  0.8082675   0.12449408 -0.32704311]
[2024-04-24 17:24:11,374][root][INFO] - y: [ 0.00370108 -0.07848243  0.09906932  0.12030813]
[2024-04-24 17:24:11,374][root][INFO] - Reward: -0.999999640035989
[2024-04-24 17:24:11,378][root][INFO] - --------------- Start iteration i=8 ---------------
[2024-04-24 17:24:11,378][root][INFO] - Length of data.x: 309
[2024-04-24 17:24:11,378][root][INFO] - Length of data.y: 309
[2024-04-24 17:24:11,866][root][INFO] - x: [ 0.05167073 -0.04147158  0.90733682  0.24480221 -0.27876913]
[2024-04-24 17:24:11,867][root][INFO] - y: [-0.00414716 -0.08189202  0.19480757  0.10663158]
[2024-04-24 17:24:11,867][root][INFO] - Reward: -0.999990776288636
[2024-04-24 17:24:11,870][root][INFO] - --------------- Start iteration i=9 ---------------
[2024-04-24 17:24:11,870][root][INFO] - Length of data.x: 310
[2024-04-24 17:24:11,871][root][INFO] - Length of data.y: 310
[2024-04-24 17:24:12,343][root][INFO] - x: [ 0.04752358 -0.1233636  -0.89785561  0.35143379 -0.4721031 ]
[2024-04-24 17:24:12,344][root][INFO] - y: [-0.01233636  0.00236599  0.27966235 -0.03321938]
[2024-04-24 17:24:12,344][root][INFO] - Reward: -0.9966295194010564
[2024-04-24 17:24:12,348][root][INFO] - --------------- Start iteration i=10 ---------------
[2024-04-24 17:24:12,348][root][INFO] - Length of data.x: 311
[2024-04-24 17:24:12,348][root][INFO] - Length of data.y: 311
[2024-04-24 17:24:51,066][root][INFO] - Eval Returns: [-24.28378349 -23.70103687 -24.14819281 -24.3014299  -23.68749717]
[2024-04-24 17:24:51,078][root][INFO] - Eval Returns: mean=-24.024 std=0.275
[2024-04-24 17:24:51,078][root][INFO] - Eval ndata: 311.000
[2024-04-24 17:24:51,079][root][INFO] - Model MSE (current real MPC): 0.593
[2024-04-24 17:24:52,906][root][INFO] - Model MSE (random test set): 0.359
[2024-04-24 17:24:52,906][root][INFO] - Model MSE (GT MPC): 0.052
[2024-04-24 17:24:52,906][root][INFO] - Model Likelihood (random test set): -3.722
[2024-04-24 17:24:52,906][root][INFO] - Model Likelihood (GT MPC): -3.681
[2024-04-24 17:24:52,906][root][INFO] - *[TIME] [Evaluate the current MPC policy] Elapsed: 40.08 seconds
[2024-04-24 17:24:57,937][root][INFO] - x: [ 0.03518722 -0.12099761 -0.61819326  0.31821442 -0.24830576]
[2024-04-24 17:24:57,937][root][INFO] - y: [-0.01209976  0.08130669  0.25322719 -0.12100912]
[2024-04-24 17:24:57,938][root][INFO] - Reward: -0.8339730423257988
[2024-04-24 17:24:59,778][root][INFO] - --------------- Start iteration i=11 ---------------
[2024-04-24 17:24:59,778][root][INFO] - Length of data.x: 312
[2024-04-24 17:24:59,778][root][INFO] - Length of data.y: 312
[2024-04-24 17:25:00,255][root][INFO] - x: [ 0.02308746 -0.03969092 -0.36496607  0.1972053  -0.20402185]
[2024-04-24 17:25:00,255][root][INFO] - y: [-0.00396909 -0.00063194  0.15693112 -0.08975557]
[2024-04-24 17:25:00,255][root][INFO] - Reward: -0.30474424543438594
[2024-04-24 17:25:00,259][root][INFO] - --------------- Start iteration i=12 ---------------
[2024-04-24 17:25:00,259][root][INFO] - Length of data.x: 313
[2024-04-24 17:25:00,259][root][INFO] - Length of data.y: 313
[2024-04-24 17:25:00,728][root][INFO] - x: [ 0.01911836 -0.04032286 -0.20803495  0.10744972  0.12501194]
[2024-04-24 17:25:00,728][root][INFO] - y: [-0.00403229  0.00223848  0.08550584 -0.0579301 ]
[2024-04-24 17:25:00,728][root][INFO] - Reward: -0.05800180582905279
[2024-04-24 17:25:00,732][root][INFO] - --------------- Start iteration i=13 ---------------
[2024-04-24 17:25:00,732][root][INFO] - Length of data.x: 314
[2024-04-24 17:25:00,732][root][INFO] - Length of data.y: 314
[2024-04-24 17:25:01,232][root][INFO] - x: [ 0.01508608 -0.03808438 -0.12252911  0.04951963  0.09630576]
[2024-04-24 17:25:01,232][root][INFO] - y: [-0.00380844 -0.00286371  0.0394065  -0.03952825]
[2024-04-24 17:25:01,233][root][INFO] - Reward: -0.017358204447556647
[2024-04-24 17:25:01,237][root][INFO] - --------------- Start iteration i=14 ---------------
[2024-04-24 17:25:01,237][root][INFO] - Length of data.x: 315
[2024-04-24 17:25:01,237][root][INFO] - Length of data.y: 315
[2024-04-24 17:25:01,723][root][INFO] - x: [ 0.01127764 -0.04094809 -0.08312261  0.00999137  0.93907385]
[2024-04-24 17:25:01,724][root][INFO] - y: [-0.00409481  0.13100985  0.00795089  0.10121501]
[2024-04-24 17:25:01,724][root][INFO] - Reward: -0.03903323520193558
[2024-04-24 17:25:01,728][root][INFO] - --------------- Start iteration i=15 ---------------
[2024-04-24 17:25:01,729][root][INFO] - Length of data.x: 316
[2024-04-24 17:25:01,729][root][INFO] - Length of data.y: 316
[2024-04-24 17:25:02,212][root][INFO] - x: [ 0.00718283  0.09006176 -0.07517172  0.11120638 -0.84293494]
[2024-04-24 17:25:02,212][root][INFO] - y: [ 0.00900618 -0.14075028  0.0884953  -0.15981943]
[2024-04-24 17:25:02,213][root][INFO] - Reward: -0.24402380634105858
[2024-04-24 17:25:02,216][root][INFO] - --------------- Start iteration i=16 ---------------
[2024-04-24 17:25:02,217][root][INFO] - Length of data.x: 317
[2024-04-24 17:25:02,217][root][INFO] - Length of data.y: 317
[2024-04-24 17:25:02,702][root][INFO] - x: [ 0.01618901 -0.05068852  0.01332358 -0.04861304  0.15647053]
[2024-04-24 17:25:02,703][root][INFO] - y: [-0.00506885  0.02813176 -0.03868506  0.0322163 ]
[2024-04-24 17:25:02,703][root][INFO] - Reward: -0.031719074297803185
[2024-04-24 17:25:02,707][root][INFO] - --------------- Start iteration i=17 ---------------
[2024-04-24 17:25:02,707][root][INFO] - Length of data.x: 318
[2024-04-24 17:25:02,707][root][INFO] - Length of data.y: 318
[2024-04-24 17:25:03,202][root][INFO] - x: [ 0.01112015 -0.02255676 -0.02536148 -0.01639674  0.59150811]
[2024-04-24 17:25:03,202][root][INFO] - y: [-0.00225568  0.09001753 -0.01304812  0.08191611]
[2024-04-24 17:25:03,203][root][INFO] - Reward: -0.0023065428876472005
[2024-04-24 17:25:03,207][root][INFO] - --------------- Start iteration i=18 ---------------
[2024-04-24 17:25:03,207][root][INFO] - Length of data.x: 319
[2024-04-24 17:25:03,207][root][INFO] - Length of data.y: 319
[2024-04-24 17:25:03,703][root][INFO] - x: [ 0.00886448  0.06746076 -0.03840961  0.06551937  1.        ]
[2024-04-24 17:25:03,704][root][INFO] - y: [0.00674608 0.15133909 0.0521387  0.13841785]
[2024-04-24 17:25:03,704][root][INFO] - Reward: -0.23273668457159513
[2024-04-24 17:25:03,708][root][INFO] - --------------- Start iteration i=19 ---------------
[2024-04-24 17:25:03,708][root][INFO] - Length of data.x: 320
[2024-04-24 17:25:03,708][root][INFO] - Length of data.y: 320
[2024-04-24 17:25:04,168][root][INFO] - x: [0.01561055 0.21879986 0.01372909 0.20393722 0.67873836]
[2024-04-24 17:25:04,169][root][INFO] - y: [0.02187999 0.10482861 0.16228821 0.10896529]
[2024-04-24 17:25:04,169][root][INFO] - Reward: -0.9792079398348222
[2024-04-24 17:25:04,172][root][INFO] - --------------- Start iteration i=20 ---------------
[2024-04-24 17:25:04,172][root][INFO] - Length of data.x: 321
[2024-04-24 17:25:04,172][root][INFO] - Length of data.y: 321
[2024-04-24 17:25:40,816][root][INFO] - Eval Returns: [-22.27932552 -20.86722704 -21.80205359 -21.8787761  -24.14859076]
[2024-04-24 17:25:40,826][root][INFO] - Eval Returns: mean=-22.195 std=1.081
[2024-04-24 17:25:40,826][root][INFO] - Eval ndata: 321.000
[2024-04-24 17:25:40,826][root][INFO] - Model MSE (current real MPC): 0.473
[2024-04-24 17:25:42,923][root][INFO] - Model MSE (random test set): 0.359
[2024-04-24 17:25:42,924][root][INFO] - Model MSE (GT MPC): 0.052
[2024-04-24 17:25:42,924][root][INFO] - Model Likelihood (random test set): -3.722
[2024-04-24 17:25:42,924][root][INFO] - Model Likelihood (GT MPC): -3.681
[2024-04-24 17:25:42,924][root][INFO] - *[TIME] [Evaluate the current MPC policy] Elapsed: 38.39 seconds
[2024-04-24 17:25:48,045][root][INFO] - x: [ 0.03749054  0.32362847  0.1760173   0.31290251 -0.13109072]
[2024-04-24 17:25:48,045][root][INFO] - y: [ 0.03236285 -0.06602538  0.24900011 -0.00460871]
[2024-04-24 17:25:48,045][root][INFO] - Reward: -0.999999641011412
[2024-04-24 17:25:50,240][root][INFO] - --------------- Start iteration i=21 ---------------
[2024-04-24 17:25:50,241][root][INFO] - Length of data.x: 322
[2024-04-24 17:25:50,241][root][INFO] - Length of data.y: 322
[2024-04-24 17:25:50,766][root][INFO] - x: [ 0.06985339  0.2576031   0.42501741  0.3082938  -0.96872031]
[2024-04-24 17:25:50,766][root][INFO] - y: [ 0.02576031 -0.18144094  0.24533261  0.05314087]
[2024-04-24 17:25:50,767][root][INFO] - Reward: -0.9999999999585547
[2024-04-24 17:25:50,771][root][INFO] - --------------- Start iteration i=22 ---------------
[2024-04-24 17:25:50,771][root][INFO] - Length of data.x: 323
[2024-04-24 17:25:50,771][root][INFO] - Length of data.y: 323
[2024-04-24 17:25:51,259][root][INFO] - x: [ 0.0956137   0.07616216  0.67035002  0.36143467 -0.21523077]
[2024-04-24 17:25:51,259][root][INFO] - y: [ 0.00761622 -0.15932533  0.2876208   0.16572364]
[2024-04-24 17:25:51,260][root][INFO] - Reward: -0.9999999994381179
[2024-04-24 17:25:51,264][root][INFO] - --------------- Start iteration i=23 ---------------
[2024-04-24 17:25:51,264][root][INFO] - Length of data.x: 324
[2024-04-24 17:25:51,264][root][INFO] - Length of data.y: 324
[2024-04-24 17:25:51,755][root][INFO] - x: [ 0.10322991 -0.08316317  0.95797082  0.52715831 -0.51068342]
[2024-04-24 17:25:51,756][root][INFO] - y: [-0.00831632 -0.14147775  0.4194996   0.153175  ]
[2024-04-24 17:25:51,756][root][INFO] - Reward: -0.9987502633572217
[2024-04-24 17:25:51,760][root][INFO] - --------------- Start iteration i=24 ---------------
[2024-04-24 17:25:51,761][root][INFO] - Length of data.x: 325
[2024-04-24 17:25:51,761][root][INFO] - Length of data.y: 325
[2024-04-24 17:25:52,259][root][INFO] - x: [ 0.0949136  -0.22464092 -0.62252958  0.68033332 -0.19011726]
[2024-04-24 17:25:52,260][root][INFO] - y: [-0.02246409  0.42045358  0.54139249 -0.24889438]
[2024-04-24 17:25:52,260][root][INFO] - Reward: -0.9280316565322322
[2024-04-24 17:25:52,260][root][INFO] - Explore episode complete with return -17.66646575150857, resetting
[2024-04-24 17:25:52,260][root][INFO] - Exploration Episode Rewards: [-0.9999900697337131, -0.9999905963175149, -0.9999905402486061, -0.999993088278054, -0.9999967297194693, -0.9999989695838398, -0.9999996804325002, -0.999999640035989, -0.999990776288636, -0.9966295194010564, -0.8339730423257988, -0.30474424543438594, -0.05800180582905279, -0.017358204447556647, -0.03903323520193558, -0.24402380634105858, -0.031719074297803185, -0.0023065428876472005, -0.23273668457159513, -0.9792079398348222, -0.999999641011412, -0.9999999999585547, -0.9999999994381179, -0.9987502633572217, -0.9280316565322322]
[2024-04-24 17:25:52,265][root][INFO] - --------------- Start iteration i=25 ---------------
[2024-04-24 17:25:52,265][root][INFO] - Length of data.x: 326
[2024-04-24 17:25:52,265][root][INFO] - Length of data.y: 326
[2024-04-24 17:25:52,838][root][INFO] - x: [ 2.20584142e-03  8.84175157e-04 -9.88104732e-01  1.11933698e-05
 -5.10433259e-01]
[2024-04-24 17:25:52,839][root][INFO] - y: [ 8.84175157e-05 -7.94170024e-02  8.90740787e-06  7.56924134e-02]
[2024-04-24 17:25:52,839][root][INFO] - Reward: -0.9999899902135915
[2024-04-24 17:25:52,844][root][INFO] - --------------- Start iteration i=26 ---------------
[2024-04-24 17:25:52,844][root][INFO] - Length of data.x: 327
[2024-04-24 17:25:52,844][root][INFO] - Length of data.y: 327
[2024-04-24 17:25:53,349][root][INFO] - x: [ 0.00229426 -0.07853283 -0.98809582  0.07570361 -0.0607133 ]
[2024-04-24 17:25:53,349][root][INFO] - y: [-0.00785328 -0.0059296   0.06024306  0.00225357]
[2024-04-24 17:25:53,350][root][INFO] - Reward: -0.9999900438819449
[2024-04-24 17:25:53,353][root][INFO] - --------------- Start iteration i=27 ---------------
[2024-04-24 17:25:53,354][root][INFO] - Length of data.x: 328
[2024-04-24 17:25:53,354][root][INFO] - Length of data.y: 328
[2024-04-24 17:25:53,868][root][INFO] - x: [-0.00555902 -0.08446243 -0.92785276  0.07795718 -0.28478878]
[2024-04-24 17:25:53,869][root][INFO] - y: [-0.00844624 -0.00629046  0.0620364  -0.01593831]
[2024-04-24 17:25:53,869][root][INFO] - Reward: -0.999991893132588
[2024-04-24 17:25:53,874][root][INFO] - --------------- Start iteration i=28 ---------------
[2024-04-24 17:25:53,874][root][INFO] - Length of data.x: 329
[2024-04-24 17:25:53,874][root][INFO] - Length of data.y: 329
[2024-04-24 17:25:54,413][root][INFO] - x: [-0.01400527 -0.09075289 -0.86581636  0.06201887 -0.12230966]
[2024-04-24 17:25:54,413][root][INFO] - y: [-0.00907529  0.01456321  0.04935309 -0.0534695 ]
[2024-04-24 17:25:54,413][root][INFO] - Reward: -0.9999950832651031
[2024-04-24 17:25:54,417][root][INFO] - --------------- Start iteration i=29 ---------------
[2024-04-24 17:25:54,418][root][INFO] - Length of data.x: 330
[2024-04-24 17:25:54,418][root][INFO] - Length of data.y: 330
[2024-04-24 17:25:54,930][root][INFO] - x: [-0.02308056 -0.07618968 -0.81646327  0.00854936  0.29968266]
[2024-04-24 17:25:54,930][root][INFO] - y: [-0.00761897  0.04428453  0.00680337 -0.090661  ]
[2024-04-24 17:25:54,931][root][INFO] - Reward: -0.9999975845837696
[2024-04-24 17:25:54,935][root][INFO] - --------------- Start iteration i=30 ---------------
[2024-04-24 17:25:54,935][root][INFO] - Length of data.x: 331
[2024-04-24 17:25:54,935][root][INFO] - Length of data.y: 331
[2024-04-24 17:26:39,624][root][INFO] - Eval Returns: [-19.75594439 -23.50329972 -21.66032008 -23.5267806  -24.21823983]
[2024-04-24 17:26:39,632][root][INFO] - Eval Returns: mean=-22.533 std=1.627
[2024-04-24 17:26:39,632][root][INFO] - Eval ndata: 331.000
[2024-04-24 17:26:39,632][root][INFO] - Model MSE (current real MPC): 0.395
[2024-04-24 17:26:41,269][root][INFO] - Model MSE (random test set): 0.359
[2024-04-24 17:26:41,270][root][INFO] - Model MSE (GT MPC): 0.051
[2024-04-24 17:26:41,270][root][INFO] - Model Likelihood (random test set): -3.722
[2024-04-24 17:26:41,270][root][INFO] - Model Likelihood (GT MPC): -3.681
[2024-04-24 17:26:41,270][root][INFO] - *[TIME] [Evaluate the current MPC policy] Elapsed: 45.83 seconds
[2024-04-24 17:26:45,939][root][INFO] - x: [-0.03069952 -0.03190515 -0.8096599  -0.08211164  0.00393268]
[2024-04-24 17:26:45,939][root][INFO] - y: [-0.00319052  0.02851132 -0.06534242 -0.07884749]
[2024-04-24 17:26:45,939][root][INFO] - Reward: -0.9999982315530188
[2024-04-24 17:26:47,738][root][INFO] - --------------- Start iteration i=31 ---------------
[2024-04-24 17:26:47,738][root][INFO] - Length of data.x: 332
[2024-04-24 17:26:47,738][root][INFO] - Length of data.y: 332
[2024-04-24 17:26:48,235][root][INFO] - x: [-0.03389004 -0.00339383 -0.87500232 -0.16095913  0.57657312]
[2024-04-24 17:26:48,236][root][INFO] - y: [-0.00033938  0.07526928 -0.12808731 -0.10711895]
[2024-04-24 17:26:48,236][root][INFO] - Reward: -0.9999959836941764
[2024-04-24 17:26:48,240][root][INFO] - --------------- Start iteration i=32 ---------------
[2024-04-24 17:26:48,240][root][INFO] - Length of data.x: 333
[2024-04-24 17:26:48,241][root][INFO] - Length of data.y: 333
[2024-04-24 17:26:48,736][root][INFO] - x: [-0.03422942  0.07187545  0.99691037 -0.26807808  0.65145204]
[2024-04-24 17:26:48,736][root][INFO] - y: [ 0.00718755  0.04934476 -0.21332993 -0.04838904]
[2024-04-24 17:26:48,737][root][INFO] - Reward: -0.9998981501617529
[2024-04-24 17:26:48,741][root][INFO] - --------------- Start iteration i=33 ---------------
[2024-04-24 17:26:48,741][root][INFO] - Length of data.x: 334
[2024-04-24 17:26:48,741][root][INFO] - Length of data.y: 334
[2024-04-24 17:26:49,240][root][INFO] - x: [-0.02704188  0.12122022  0.78358044 -0.31646712  0.3197748 ]
[2024-04-24 17:26:49,241][root][INFO] - y: [ 0.01212202 -0.08051817 -0.25183674  0.12435374]
[2024-04-24 17:26:49,241][root][INFO] - Reward: -0.9938194810341459
[2024-04-24 17:26:49,246][root][INFO] - --------------- Start iteration i=34 ---------------
[2024-04-24 17:26:49,246][root][INFO] - Length of data.x: 335
[2024-04-24 17:26:49,246][root][INFO] - Length of data.y: 335
[2024-04-24 17:26:49,780][root][INFO] - x: [-0.01491985  0.04070205  0.53174371 -0.19211338  0.21229588]
[2024-04-24 17:26:49,781][root][INFO] - y: [ 0.0040702  -0.02797318 -0.1528791   0.10049709]
[2024-04-24 17:26:49,781][root][INFO] - Reward: -0.9359204759865983
[2024-04-24 17:26:49,785][root][INFO] - --------------- Start iteration i=35 ---------------
[2024-04-24 17:26:49,785][root][INFO] - Length of data.x: 336
[2024-04-24 17:26:49,785][root][INFO] - Length of data.y: 336
[2024-04-24 17:26:50,312][root][INFO] - x: [-0.01084965  0.01272887  0.37886461 -0.09161629 -0.03566277]
[2024-04-24 17:26:50,312][root][INFO] - y: [ 0.00127289  0.00367332 -0.07290599  0.09253891]
[2024-04-24 17:26:50,312][root][INFO] - Reward: -0.8316609248762666
[2024-04-24 17:26:50,317][root][INFO] - --------------- Start iteration i=36 ---------------
[2024-04-24 17:26:50,318][root][INFO] - Length of data.x: 337
[2024-04-24 17:26:50,318][root][INFO] - Length of data.y: 337
[2024-04-24 17:26:50,867][root][INFO] - x: [-0.00957676  0.01640219  0.30595862  0.00092262  0.2095821 ]
[2024-04-24 17:26:50,868][root][INFO] - y: [0.00164022 0.03146885 0.0007342  0.0985291 ]
[2024-04-24 17:26:50,868][root][INFO] - Reward: -0.8501004891811569
[2024-04-24 17:26:50,873][root][INFO] - --------------- Start iteration i=37 ---------------
[2024-04-24 17:26:50,873][root][INFO] - Length of data.x: 338
[2024-04-24 17:26:50,873][root][INFO] - Length of data.y: 338
[2024-04-24 17:26:51,452][root][INFO] - x: [-0.00793654  0.04787104  0.30669282  0.09945172 -0.66940068]
[2024-04-24 17:26:51,453][root][INFO] - y: [ 0.0047871  -0.02768766  0.07914123  0.06484154]
[2024-04-24 17:26:51,453][root][INFO] - Reward: -0.9686622919292229
[2024-04-24 17:26:51,459][root][INFO] - --------------- Start iteration i=38 ---------------
[2024-04-24 17:26:51,459][root][INFO] - Length of data.x: 339
[2024-04-24 17:26:51,459][root][INFO] - Length of data.y: 339
[2024-04-24 17:26:52,046][root][INFO] - x: [-0.00314944  0.02018338  0.38583405  0.16429326 -1.        ]
[2024-04-24 17:26:52,047][root][INFO] - y: [ 0.00201834 -0.06478651  0.13074053  0.06920962]
[2024-04-24 17:26:52,047][root][INFO] - Reward: -0.9974003238460902
[2024-04-24 17:26:52,052][root][INFO] - --------------- Start iteration i=39 ---------------
[2024-04-24 17:26:52,053][root][INFO] - Length of data.x: 340
[2024-04-24 17:26:52,053][root][INFO] - Length of data.y: 340
[2024-04-24 17:26:52,632][root][INFO] - x: [-0.0011311  -0.04460313  0.51657457  0.23350288  0.86593569]
[2024-04-24 17:26:52,633][root][INFO] - y: [-0.00446031 -0.00922714  0.18581584  0.09854714]
[2024-04-24 17:26:52,633][root][INFO] - Reward: -0.9998452446808793
[2024-04-24 17:26:52,638][root][INFO] - --------------- Start iteration i=40 ---------------
[2024-04-24 17:26:52,639][root][INFO] - Length of data.x: 341
[2024-04-24 17:26:52,639][root][INFO] - Length of data.y: 341
[2024-04-24 17:27:37,203][root][INFO] - Eval Returns: [-22.74680779 -21.42848177 -19.68979678 -23.63207408 -21.1939205 ]
[2024-04-24 17:27:37,215][root][INFO] - Eval Returns: mean=-21.738 std=1.356
[2024-04-24 17:27:37,215][root][INFO] - Eval ndata: 341.000
[2024-04-24 17:27:37,215][root][INFO] - Model MSE (current real MPC): 0.539
[2024-04-24 17:27:38,912][root][INFO] - Model MSE (random test set): 0.359
[2024-04-24 17:27:38,912][root][INFO] - Model MSE (GT MPC): 0.051
[2024-04-24 17:27:38,912][root][INFO] - Model Likelihood (random test set): -3.722
[2024-04-24 17:27:38,912][root][INFO] - Model Likelihood (GT MPC): -3.681
[2024-04-24 17:27:38,912][root][INFO] - *[TIME] [Evaluate the current MPC policy] Elapsed: 45.68 seconds
[2024-04-24 17:27:43,270][root][INFO] - x: [-0.00559141 -0.05383026  0.70239041  0.33205002  0.61868747]
[2024-04-24 17:27:43,271][root][INFO] - y: [-0.00538303 -0.07984793  0.26423723  0.12642698]
[2024-04-24 17:27:43,271][root][INFO] - Reward: -0.9999896079018951
[2024-04-24 17:27:45,048][root][INFO] - --------------- Start iteration i=41 ---------------
[2024-04-24 17:27:45,048][root][INFO] - Length of data.x: 342
[2024-04-24 17:27:45,048][root][INFO] - Length of data.y: 342
[2024-04-24 17:27:45,683][root][INFO] - x: [-0.01097444 -0.13367819  0.96662764  0.458477   -0.27354611]
[2024-04-24 17:27:45,684][root][INFO] - y: [-0.01336782 -0.05848999  0.3648447   0.06844572]
[2024-04-24 17:27:45,685][root][INFO] - Reward: -0.9999857685505319
[2024-04-24 17:27:45,690][root][INFO] - --------------- Start iteration i=42 ---------------
[2024-04-24 17:27:45,690][root][INFO] - Length of data.x: 343
[2024-04-24 17:27:45,690][root][INFO] - Length of data.y: 343
[2024-04-24 17:27:46,318][root][INFO] - x: [-0.02434226 -0.19216818 -0.66852766  0.52692272 -0.17994177]
[2024-04-24 17:27:46,319][root][INFO] - y: [-0.01921682  0.25834596  0.41931212 -0.21523371]
[2024-04-24 17:27:46,320][root][INFO] - Reward: -0.997854841788878
[2024-04-24 17:27:46,324][root][INFO] - --------------- Start iteration i=43 ---------------
[2024-04-24 17:27:46,325][root][INFO] - Length of data.x: 344
[2024-04-24 17:27:46,325][root][INFO] - Length of data.y: 344
[2024-04-24 17:27:46,945][root][INFO] - x: [-0.04355908  0.06617778 -0.24921554  0.31168901 -0.1147277 ]
[2024-04-24 17:27:46,946][root][INFO] - y: [ 0.00661778  0.04858771  0.24803443 -0.03482522]
[2024-04-24 17:27:46,946][root][INFO] - Reward: -0.6687646879683873
[2024-04-24 17:27:46,951][root][INFO] - --------------- Start iteration i=44 ---------------
[2024-04-24 17:27:46,951][root][INFO] - Length of data.x: 345
[2024-04-24 17:27:46,951][root][INFO] - Length of data.y: 345
[2024-04-24 17:27:47,547][root][INFO] - x: [-0.0369413   0.11476548 -0.00118111  0.27686379 -0.40078381]
[2024-04-24 17:27:47,548][root][INFO] - y: [ 0.01147655 -0.03369066  0.22032138 -0.0340548 ]
[2024-04-24 17:27:47,548][root][INFO] - Reward: -0.24235581408787077
[2024-04-24 17:27:47,554][root][INFO] - --------------- Start iteration i=45 ---------------
[2024-04-24 17:27:47,554][root][INFO] - Length of data.x: 346
[2024-04-24 17:27:47,554][root][INFO] - Length of data.y: 346
[2024-04-24 17:27:48,141][root][INFO] - x: [-0.02546475  0.08107483  0.21914027  0.24280899  0.98980301]
[2024-04-24 17:27:48,142][root][INFO] - y: [0.00810748 0.04074171 0.19322141 0.09385247]
[2024-04-24 17:27:48,142][root][INFO] - Reward: -0.9410796299783232
[2024-04-24 17:27:48,147][root][INFO] - --------------- Start iteration i=46 ---------------
[2024-04-24 17:27:48,147][root][INFO] - Length of data.x: 347
[2024-04-24 17:27:48,148][root][INFO] - Length of data.y: 347
[2024-04-24 17:27:48,740][root][INFO] - x: [-0.01735727  0.12181653  0.41236168  0.33666146  0.06266392]
[2024-04-24 17:27:48,740][root][INFO] - y: [ 0.01218165 -0.09329156  0.26790689  0.06913927]
[2024-04-24 17:27:48,740][root][INFO] - Reward: -0.9997866546320001
[2024-04-24 17:27:48,746][root][INFO] - --------------- Start iteration i=47 ---------------
[2024-04-24 17:27:48,746][root][INFO] - Length of data.x: 348
[2024-04-24 17:27:48,746][root][INFO] - Length of data.y: 348
[2024-04-24 17:27:49,343][root][INFO] - x: [-0.00517561  0.02852498  0.68026857  0.40580073 -0.21968975]
[2024-04-24 17:27:49,343][root][INFO] - y: [ 0.0028525  -0.17736993  0.32292622  0.17803429]
[2024-04-24 17:27:49,344][root][INFO] - Reward: -0.9999901325208336
[2024-04-24 17:27:49,348][root][INFO] - --------------- Start iteration i=48 ---------------
[2024-04-24 17:27:49,349][root][INFO] - Length of data.x: 349
[2024-04-24 17:27:49,349][root][INFO] - Length of data.y: 349
[2024-04-24 17:27:49,958][root][INFO] - x: [-0.00232312 -0.14884495 -0.99680521  0.58383502 -0.00943229]
[2024-04-24 17:27:49,959][root][INFO] - y: [-0.0148845   0.0073509   0.46460152 -0.00833637]
[2024-04-24 17:27:49,959][root][INFO] - Reward: -0.9997313519265845
[2024-04-24 17:27:49,964][root][INFO] - --------------- Start iteration i=49 ---------------
[2024-04-24 17:27:49,964][root][INFO] - Length of data.x: 350
[2024-04-24 17:27:49,964][root][INFO] - Length of data.y: 350
[2024-04-24 17:27:50,529][root][INFO] - x: [-0.01720761 -0.14149405 -0.53220369  0.57549865  0.744195  ]
[2024-04-24 17:27:50,529][root][INFO] - y: [-0.01414941  0.3525847   0.45796765 -0.13330788]
[2024-04-24 17:27:50,529][root][INFO] - Reward: -0.8056810887299254
[2024-04-24 17:27:50,530][root][INFO] - Explore episode complete with return -23.232485770105534, resetting
[2024-04-24 17:27:50,530][root][INFO] - Exploration Episode Rewards: [-0.9999899902135915, -0.9999900438819449, -0.999991893132588, -0.9999950832651031, -0.9999975845837696, -0.9999982315530188, -0.9999959836941764, -0.9998981501617529, -0.9938194810341459, -0.9359204759865983, -0.8316609248762666, -0.8501004891811569, -0.9686622919292229, -0.9974003238460902, -0.9998452446808793, -0.9999896079018951, -0.9999857685505319, -0.997854841788878, -0.6687646879683873, -0.24235581408787077, -0.9410796299783232, -0.9997866546320001, -0.9999901325208336, -0.9997313519265845, -0.8056810887299254]
[2024-04-24 17:27:50,535][root][INFO] - --------------- Start iteration i=50 ---------------
[2024-04-24 17:27:50,535][root][INFO] - Length of data.x: 351
[2024-04-24 17:27:50,535][root][INFO] - Length of data.y: 351
[2024-04-24 17:28:39,102][root][INFO] - Eval Returns: [-22.20976145 -22.57341418 -22.5984612  -24.04734885 -22.65728568]
[2024-04-24 17:28:39,116][root][INFO] - Eval Returns: mean=-22.817 std=0.635
[2024-04-24 17:28:39,116][root][INFO] - Eval ndata: 351.000
[2024-04-24 17:28:39,116][root][INFO] - Model MSE (current real MPC): 0.436
[2024-04-24 17:28:41,342][root][INFO] - Model MSE (random test set): 0.359
[2024-04-24 17:28:41,342][root][INFO] - Model MSE (GT MPC): 0.050
[2024-04-24 17:28:41,342][root][INFO] - Model Likelihood (random test set): -3.722
[2024-04-24 17:28:41,342][root][INFO] - Model Likelihood (GT MPC): -3.681
[2024-04-24 17:28:41,342][root][INFO] - *[TIME] [Evaluate the current MPC policy] Elapsed: 50.26 seconds
[2024-04-24 17:28:45,039][root][INFO] - x: [-1.04780230e-03  1.61667321e-03  9.95646983e-01 -7.67383036e-05
 -4.18226343e-01]
[2024-04-24 17:28:45,039][root][INFO] - y: [ 1.61667321e-04 -3.42859291e-02 -6.10664510e-05  3.56258529e-02]
[2024-04-24 17:28:45,039][root][INFO] - Reward: -0.9999900595107659
[2024-04-24 17:28:46,703][root][INFO] - --------------- Start iteration i=51 ---------------
[2024-04-24 17:28:46,703][root][INFO] - Length of data.x: 352
[2024-04-24 17:28:46,703][root][INFO] - Length of data.y: 352
[2024-04-24 17:28:47,364][root][INFO] - x: [-8.86134981e-04 -3.26692559e-02  9.95585916e-01  3.55491146e-02
  2.11543027e-01]
[2024-04-24 17:28:47,365][root][INFO] - y: [-0.00326693  0.01660084  0.02828911 -0.01523728]
[2024-04-24 17:28:47,366][root][INFO] - Reward: -0.9999903396401395
[2024-04-24 17:28:47,371][root][INFO] - --------------- Start iteration i=52 ---------------
[2024-04-24 17:28:47,371][root][INFO] - Length of data.x: 353
[2024-04-24 17:28:47,372][root][INFO] - Length of data.y: 353
[2024-04-24 17:28:48,038][root][INFO] - x: [-0.00415306 -0.01606841 -0.97612497  0.02031184 -0.59060926]
[2024-04-24 17:28:48,039][root][INFO] - y: [-0.00160684 -0.04239949  0.01616366  0.03492138]
[2024-04-24 17:28:48,039][root][INFO] - Reward: -0.99999055857288
[2024-04-24 17:28:48,044][root][INFO] - --------------- Start iteration i=53 ---------------
[2024-04-24 17:28:48,044][root][INFO] - Length of data.x: 354
[2024-04-24 17:28:48,044][root][INFO] - Length of data.y: 354
[2024-04-24 17:28:48,698][root][INFO] - x: [-0.0057599  -0.05846791 -0.95996131  0.05523322 -0.33614348]
[2024-04-24 17:28:48,699][root][INFO] - y: [-0.00584679 -0.01787957  0.04395324  0.00541851]
[2024-04-24 17:28:48,699][root][INFO] - Reward: -0.999991862446853
[2024-04-24 17:28:48,705][root][INFO] - --------------- Start iteration i=54 ---------------
[2024-04-24 17:28:48,706][root][INFO] - Length of data.x: 355
[2024-04-24 17:28:48,706][root][INFO] - Length of data.y: 355
[2024-04-24 17:28:49,387][root][INFO] - x: [-0.01160669 -0.07634748 -0.91600808  0.06065173 -0.28510607]
[2024-04-24 17:28:49,388][root][INFO] - y: [-0.00763475 -0.00510385  0.04826515 -0.02068525]
[2024-04-24 17:28:49,388][root][INFO] - Reward: -0.9999942809241537
[2024-04-24 17:28:49,394][root][INFO] - --------------- Start iteration i=55 ---------------
[2024-04-24 17:28:49,394][root][INFO] - Length of data.x: 356
[2024-04-24 17:28:49,394][root][INFO] - Length of data.y: 356
[2024-04-24 17:28:50,059][root][INFO] - x: [-0.01924144 -0.08145133 -0.86774292  0.03996648 -0.48740623]
[2024-04-24 17:28:50,060][root][INFO] - y: [-0.00814513 -0.01363033  0.03180434 -0.0271676 ]
[2024-04-24 17:28:50,060][root][INFO] - Reward: -0.9999968484160887
[2024-04-24 17:28:50,067][root][INFO] - --------------- Start iteration i=56 ---------------
[2024-04-24 17:28:50,067][root][INFO] - Length of data.x: 357
[2024-04-24 17:28:50,067][root][INFO] - Length of data.y: 357
[2024-04-24 17:28:50,741][root][INFO] - x: [-0.02738657 -0.09508166 -0.83593859  0.01279888 -1.        ]
[2024-04-24 17:28:50,742][root][INFO] - y: [-0.00950817 -0.04633478  0.01018503 -0.00808717]
[2024-04-24 17:28:50,743][root][INFO] - Reward: -0.9999987728012326
[2024-04-24 17:28:50,748][root][INFO] - --------------- Start iteration i=57 ---------------
[2024-04-24 17:28:50,748][root][INFO] - Length of data.x: 358
[2024-04-24 17:28:50,748][root][INFO] - Length of data.y: 358
[2024-04-24 17:28:51,405][root][INFO] - x: [-0.03689474 -0.14141644 -0.82575355  0.00471171  0.26230627]
[2024-04-24 17:28:51,407][root][INFO] - y: [-0.01414164  0.04253616  0.00374946 -0.08743168]
[2024-04-24 17:28:51,407][root][INFO] - Reward: -0.9999997791139409
[2024-04-24 17:28:51,413][root][INFO] - --------------- Start iteration i=58 ---------------
[2024-04-24 17:28:51,414][root][INFO] - Length of data.x: 359
[2024-04-24 17:28:51,414][root][INFO] - Length of data.y: 359
[2024-04-24 17:28:52,090][root][INFO] - x: [-0.05103638 -0.09888028 -0.82200409 -0.08271997  0.52571142]
[2024-04-24 17:28:52,091][root][INFO] - y: [-0.00988803  0.06466151 -0.06582652 -0.1069078 ]
[2024-04-24 17:28:52,091][root][INFO] - Reward: -0.9999999035397138
[2024-04-24 17:28:52,098][root][INFO] - --------------- Start iteration i=59 ---------------
[2024-04-24 17:28:52,098][root][INFO] - Length of data.x: 360
[2024-04-24 17:28:52,098][root][INFO] - Length of data.y: 360
[2024-04-24 17:28:52,748][root][INFO] - x: [-0.06092441 -0.03421877 -0.88783061 -0.18962778  0.36793823]
[2024-04-24 17:28:52,748][root][INFO] - y: [-0.00342188  0.06317017 -0.15090111 -0.09318152]
[2024-04-24 17:28:52,749][root][INFO] - Reward: -0.9999992010454701
[2024-04-24 17:28:52,754][root][INFO] - --------------- Start iteration i=60 ---------------
[2024-04-24 17:28:52,755][root][INFO] - Length of data.x: 361
[2024-04-24 17:28:52,755][root][INFO] - Length of data.y: 361
[2024-04-24 17:29:34,670][root][INFO] - Eval Returns: [-21.68577461 -21.93159201 -23.58390689 -21.5789417  -20.84293566]
[2024-04-24 17:29:34,681][root][INFO] - Eval Returns: mean=-21.925 std=0.906
[2024-04-24 17:29:34,681][root][INFO] - Eval ndata: 361.000
[2024-04-24 17:29:34,681][root][INFO] - Model MSE (current real MPC): 0.431
[2024-04-24 17:29:36,549][root][INFO] - Model MSE (random test set): 0.359
[2024-04-24 17:29:36,549][root][INFO] - Model MSE (GT MPC): 0.050
[2024-04-24 17:29:36,549][root][INFO] - Model Likelihood (random test set): -3.722
[2024-04-24 17:29:36,549][root][INFO] - Model Likelihood (GT MPC): -3.681
[2024-04-24 17:29:36,549][root][INFO] - *[TIME] [Evaluate the current MPC policy] Elapsed: 43.20 seconds
[2024-04-24 17:29:40,698][root][INFO] - x: [-0.06434629  0.02895139  0.96126828 -0.2828093   0.6140559 ]
[2024-04-24 17:29:40,698][root][INFO] - y: [ 0.00289514  0.02676337 -0.22505267 -0.0146458 ]
[2024-04-24 17:29:40,698][root][INFO] - Reward: -0.9997577775210781
[2024-04-24 17:29:42,529][root][INFO] - --------------- Start iteration i=61 ---------------
[2024-04-24 17:29:42,529][root][INFO] - Length of data.x: 362
[2024-04-24 17:29:42,529][root][INFO] - Length of data.y: 362
[2024-04-24 17:29:43,148][root][INFO] - x: [-0.06145115  0.05571477  0.73621561 -0.2974551  -0.03672749]
[2024-04-24 17:29:43,148][root][INFO] - y: [ 0.00557148 -0.09879762 -0.23670744  0.13914945]
[2024-04-24 17:29:43,149][root][INFO] - Reward: -0.9441273761199468
[2024-04-24 17:29:43,154][root][INFO] - --------------- Start iteration i=62 ---------------
[2024-04-24 17:29:43,154][root][INFO] - Length of data.x: 363
[2024-04-24 17:29:43,155][root][INFO] - Length of data.y: 363
[2024-04-24 17:29:43,769][root][INFO] - x: [-0.05587967 -0.04308286  0.49950816 -0.15830565  0.25123702]
[2024-04-24 17:29:43,769][root][INFO] - y: [-0.00430829 -0.01044474 -0.12597573  0.09818373]
[2024-04-24 17:29:43,769][root][INFO] - Reward: -0.6675733219662925
[2024-04-24 17:29:43,775][root][INFO] - --------------- Start iteration i=63 ---------------
[2024-04-24 17:29:43,775][root][INFO] - Length of data.x: 364
[2024-04-24 17:29:43,775][root][INFO] - Length of data.y: 364
[2024-04-24 17:29:44,350][root][INFO] - x: [-0.06018796 -0.0535276   0.37353243 -0.06012192 -0.36316063]
[2024-04-24 17:29:44,352][root][INFO] - y: [-0.00535276 -0.00806098 -0.04784354  0.08743159]
[2024-04-24 17:29:44,352][root][INFO] - Reward: -0.5620606526702776
[2024-04-24 17:29:44,358][root][INFO] - --------------- Start iteration i=64 ---------------
[2024-04-24 17:29:44,358][root][INFO] - Length of data.x: 365
[2024-04-24 17:29:44,358][root][INFO] - Length of data.y: 365
[2024-04-24 17:29:44,989][root][INFO] - x: [-0.06554072 -0.06158858  0.32568889  0.02730968  0.76639148]
[2024-04-24 17:29:44,990][root][INFO] - y: [-0.00615886  0.06089845  0.02173237  0.11554702]
[2024-04-24 17:29:44,990][root][INFO] - Reward: -0.67003274834519
[2024-04-24 17:29:44,996][root][INFO] - --------------- Start iteration i=65 ---------------
[2024-04-24 17:29:44,996][root][INFO] - Length of data.x: 366
[2024-04-24 17:29:44,996][root][INFO] - Length of data.y: 366
[2024-04-24 17:29:45,617][root][INFO] - x: [-0.07169958 -0.00069013  0.34742126  0.14285669 -0.27672071]
[2024-04-24 17:29:45,618][root][INFO] - y: [-6.90128050e-05 -1.70999094e-02  1.13681836e-01  7.92463725e-02]
[2024-04-24 17:29:45,618][root][INFO] - Reward: -0.9036780628034766
[2024-04-24 17:29:45,624][root][INFO] - --------------- Start iteration i=66 ---------------
[2024-04-24 17:29:45,624][root][INFO] - Length of data.x: 367
[2024-04-24 17:29:45,624][root][INFO] - Length of data.y: 367
[2024-04-24 17:29:46,238][root][INFO] - x: [-0.07176859 -0.01779004  0.46110309  0.22210307 -0.56874711]
[2024-04-24 17:29:46,239][root][INFO] - y: [-0.001779   -0.0700965   0.17674415  0.08892327]
[2024-04-24 17:29:46,239][root][INFO] - Reward: -0.997747673161583
[2024-04-24 17:29:46,244][root][INFO] - --------------- Start iteration i=67 ---------------
[2024-04-24 17:29:46,245][root][INFO] - Length of data.x: 368
[2024-04-24 17:29:46,245][root][INFO] - Length of data.y: 368
[2024-04-24 17:29:46,812][root][INFO] - x: [-0.07354759 -0.08788653  0.63784724  0.31102633 -0.84727734]
[2024-04-24 17:29:46,813][root][INFO] - y: [-0.00878865 -0.14757717  0.24750709  0.15106539]
[2024-04-24 17:29:46,813][root][INFO] - Reward: -0.9999989721836234
[2024-04-24 17:29:46,819][root][INFO] - --------------- Start iteration i=68 ---------------
[2024-04-24 17:29:46,819][root][INFO] - Length of data.x: 369
[2024-04-24 17:29:46,819][root][INFO] - Length of data.y: 369
[2024-04-24 17:29:47,371][root][INFO] - x: [-0.08233625 -0.23546371  0.88535433  0.46209173  0.12625278]
[2024-04-24 17:29:47,372][root][INFO] - y: [-0.02354637 -0.11023285  0.36772121  0.13776904]
[2024-04-24 17:29:47,372][root][INFO] - Reward: -0.9999999999949869
[2024-04-24 17:29:47,377][root][INFO] - --------------- Start iteration i=69 ---------------
[2024-04-24 17:29:47,378][root][INFO] - Length of data.x: 370
[2024-04-24 17:29:47,378][root][INFO] - Length of data.y: 370
[2024-04-24 17:29:47,917][root][INFO] - x: [-0.10588262 -0.34569656 -0.74692446  0.59986077 -0.21110819]
[2024-04-24 17:29:47,917][root][INFO] - y: [-0.03456966  0.30895125  0.47735442 -0.28644583]
[2024-04-24 17:29:47,917][root][INFO] - Reward: -0.9999999999991792
[2024-04-24 17:29:47,922][root][INFO] - --------------- Start iteration i=70 ---------------
[2024-04-24 17:29:47,922][root][INFO] - Length of data.x: 371
[2024-04-24 17:29:47,922][root][INFO] - Length of data.y: 371
[2024-04-24 17:30:37,084][root][INFO] - Eval Returns: [-20.71698622 -21.32766651 -21.96092196 -16.68718183 -21.91002721]
[2024-04-24 17:30:37,095][root][INFO] - Eval Returns: mean=-20.521 std=1.969
[2024-04-24 17:30:37,096][root][INFO] - Eval ndata: 371.000
[2024-04-24 17:30:37,096][root][INFO] - Model MSE (current real MPC): 0.369
[2024-04-24 17:30:39,086][root][INFO] - Model MSE (random test set): 0.359
[2024-04-24 17:30:39,086][root][INFO] - Model MSE (GT MPC): 0.049
[2024-04-24 17:30:39,086][root][INFO] - Model Likelihood (random test set): -3.722
[2024-04-24 17:30:39,086][root][INFO] - Model Likelihood (GT MPC): -3.681
[2024-04-24 17:30:39,086][root][INFO] - *[TIME] [Evaluate the current MPC policy] Elapsed: 50.62 seconds
[2024-04-24 17:30:42,355][root][INFO] - x: [-0.14045227 -0.0367453  -0.26957004  0.31341494  0.92793433]
[2024-04-24 17:30:42,355][root][INFO] - y: [-0.00367453  0.11667995  0.24940789  0.00370697]
[2024-04-24 17:30:42,355][root][INFO] - Reward: -0.9999999750250748
[2024-04-24 17:30:43,989][root][INFO] - --------------- Start iteration i=71 ---------------
[2024-04-24 17:30:43,989][root][INFO] - Length of data.x: 372
[2024-04-24 17:30:43,989][root][INFO] - Length of data.y: 372
[2024-04-24 17:30:44,565][root][INFO] - x: [-0.1441268   0.07993465 -0.02016215  0.31712191 -0.38733251]
[2024-04-24 17:30:44,566][root][INFO] - y: [ 0.00799347 -0.02637564  0.2523578  -0.03253869]
[2024-04-24 17:30:44,566][root][INFO] - Reward: -0.9994902566804833
[2024-04-24 17:30:44,571][root][INFO] - --------------- Start iteration i=72 ---------------
[2024-04-24 17:30:44,571][root][INFO] - Length of data.x: 373
[2024-04-24 17:30:44,571][root][INFO] - Length of data.y: 373
[2024-04-24 17:30:45,160][root][INFO] - x: [-0.13613334  0.05355902  0.23219565  0.28458322 -0.10752663]
[2024-04-24 17:30:45,161][root][INFO] - y: [ 0.0053559  -0.04827988  0.22646431  0.02945313]
[2024-04-24 17:30:45,161][root][INFO] - Reward: -0.9980643513205947
[2024-04-24 17:30:45,166][root][INFO] - --------------- Start iteration i=73 ---------------
[2024-04-24 17:30:45,167][root][INFO] - Length of data.x: 374
[2024-04-24 17:30:45,167][root][INFO] - Length of data.y: 374
[2024-04-24 17:30:45,774][root][INFO] - x: [-0.13077744  0.00527913  0.45865996  0.31403635  0.56134604]
[2024-04-24 17:30:45,775][root][INFO] - y: [ 0.00052791 -0.05930598  0.24990239  0.08969226]
[2024-04-24 17:30:45,776][root][INFO] - Reward: -0.9999975687546289
[2024-04-24 17:30:45,781][root][INFO] - --------------- Start iteration i=74 ---------------
[2024-04-24 17:30:45,781][root][INFO] - Length of data.x: 375
[2024-04-24 17:30:45,781][root][INFO] - Length of data.y: 375
[2024-04-24 17:30:46,408][root][INFO] - x: [-0.13024952 -0.05402685  0.70856235  0.40372861  0.33298916]
[2024-04-24 17:30:46,408][root][INFO] - y: [-0.00540269 -0.1414635   0.32127728  0.16406242]
[2024-04-24 17:30:46,409][root][INFO] - Reward: -0.9999999999987834
[2024-04-24 17:30:46,409][root][INFO] - Explore episode complete with return -23.742480342556433, resetting
[2024-04-24 17:30:46,409][root][INFO] - Exploration Episode Rewards: [-0.9999900595107659, -0.9999903396401395, -0.99999055857288, -0.999991862446853, -0.9999942809241537, -0.9999968484160887, -0.9999987728012326, -0.9999997791139409, -0.9999999035397138, -0.9999992010454701, -0.9997577775210781, -0.9441273761199468, -0.6675733219662925, -0.5620606526702776, -0.67003274834519, -0.9036780628034766, -0.997747673161583, -0.9999989721836234, -0.9999999999949869, -0.9999999999991792, -0.9999999750250748, -0.9994902566804833, -0.9980643513205947, -0.9999975687546289, -0.9999999999987834]
[2024-04-24 17:30:46,415][root][INFO] - --------------- Start iteration i=75 ---------------
[2024-04-24 17:30:46,416][root][INFO] - Length of data.x: 376
[2024-04-24 17:30:46,416][root][INFO] - Length of data.y: 376
[2024-04-24 17:30:47,066][root][INFO] - x: [-3.61834268e-03  9.19877946e-05 -9.97480162e-01  1.00458827e-03
 -3.52597508e-01]
[2024-04-24 17:30:47,067][root][INFO] - y: [ 9.19877946e-06 -2.77416586e-02  7.99426591e-04  2.69631676e-02]
[2024-04-24 17:30:47,067][root][INFO] - Reward: -0.9999902058101724
[2024-04-24 17:30:47,073][root][INFO] - --------------- Start iteration i=76 ---------------
[2024-04-24 17:30:47,073][root][INFO] - Length of data.x: 377
[2024-04-24 17:30:47,073][root][INFO] - Length of data.y: 377
[2024-04-24 17:30:47,751][root][INFO] - x: [-0.00360914 -0.02764967 -0.99668074  0.02796776 -0.32989476]
[2024-04-24 17:30:47,751][root][INFO] - y: [-0.00276497 -0.02532079  0.02225605  0.02429517]
[2024-04-24 17:30:47,752][root][INFO] - Reward: -0.9999906770756805
[2024-04-24 17:30:47,758][root][INFO] - --------------- Start iteration i=77 ---------------
[2024-04-24 17:30:47,759][root][INFO] - Length of data.x: 378
[2024-04-24 17:30:47,759][root][INFO] - Length of data.y: 378
[2024-04-24 17:30:48,423][root][INFO] - x: [-0.00637411 -0.05297046 -0.97442468  0.05226293 -0.4422328 ]
[2024-04-24 17:30:48,423][root][INFO] - y: [-0.00529705 -0.02937485  0.04158955  0.02139823]
[2024-04-24 17:30:48,424][root][INFO] - Reward: -0.9999919985446053
[2024-04-24 17:30:48,430][root][INFO] - --------------- Start iteration i=78 ---------------
[2024-04-24 17:30:48,430][root][INFO] - Length of data.x: 379
[2024-04-24 17:30:48,430][root][INFO] - Length of data.y: 379
[2024-04-24 17:30:49,114][root][INFO] - x: [-0.01167116 -0.08234531 -0.93283513  0.07366115 -0.41487674]
[2024-04-24 17:30:49,115][root][INFO] - y: [-0.00823453 -0.01763697  0.05861773 -0.00332168]
[2024-04-24 17:30:49,116][root][INFO] - Reward: -0.9999945979094436
[2024-04-24 17:30:49,122][root][INFO] - --------------- Start iteration i=79 ---------------
[2024-04-24 17:30:49,122][root][INFO] - Length of data.x: 380
[2024-04-24 17:30:49,122][root][INFO] - Length of data.y: 380
[2024-04-24 17:30:49,787][root][INFO] - x: [-0.01990569 -0.09998228 -0.8742174   0.07033948 -0.20092919]
[2024-04-24 17:30:49,787][root][INFO] - y: [-0.00999823  0.00855527  0.05597442 -0.04569861]
[2024-04-24 17:30:49,788][root][INFO] - Reward: -0.9999974341148613
[2024-04-24 17:30:49,794][root][INFO] - --------------- Start iteration i=80 ---------------
[2024-04-24 17:30:49,794][root][INFO] - Length of data.x: 381
[2024-04-24 17:30:49,794][root][INFO] - Length of data.y: 381
[2024-04-24 17:31:39,733][root][INFO] - Eval Returns: [-21.97748314 -21.93549896 -20.31396598 -22.18567829 -19.05952475]
[2024-04-24 17:31:39,746][root][INFO] - Eval Returns: mean=-21.094 std=1.219
[2024-04-24 17:31:39,746][root][INFO] - Eval ndata: 381.000
[2024-04-24 17:31:39,746][root][INFO] - Model MSE (current real MPC): 0.320
[2024-04-24 17:31:41,908][root][INFO] - Model MSE (random test set): 0.358
[2024-04-24 17:31:41,908][root][INFO] - Model MSE (GT MPC): 0.048
[2024-04-24 17:31:41,908][root][INFO] - Model Likelihood (random test set): -3.722
[2024-04-24 17:31:41,908][root][INFO] - Model Likelihood (GT MPC): -3.681
[2024-04-24 17:31:41,908][root][INFO] - *[TIME] [Evaluate the current MPC policy] Elapsed: 51.43 seconds
[2024-04-24 17:31:45,079][root][INFO] - x: [-0.02990392 -0.09142701 -0.81824298  0.02464087  0.22856529]
[2024-04-24 17:31:45,079][root][INFO] - y: [-0.0091427   0.04001918  0.01960859 -0.08674561]
[2024-04-24 17:31:45,080][root][INFO] - Reward: -0.9999990255263185
[2024-04-24 17:31:46,721][root][INFO] - --------------- Start iteration i=81 ---------------
[2024-04-24 17:31:46,721][root][INFO] - Length of data.x: 382
[2024-04-24 17:31:46,721][root][INFO] - Length of data.y: 382
[2024-04-24 17:31:47,319][root][INFO] - x: [-0.03904662 -0.05140784 -0.79863438 -0.06210474  0.47850178]
[2024-04-24 17:31:47,320][root][INFO] - y: [-0.00514078  0.05837466 -0.04942142 -0.10513936]
[2024-04-24 17:31:47,320][root][INFO] - Reward: -0.99999943533111
[2024-04-24 17:31:47,326][root][INFO] - --------------- Start iteration i=82 ---------------
[2024-04-24 17:31:47,326][root][INFO] - Length of data.x: 383
[2024-04-24 17:31:47,326][root][INFO] - Length of data.y: 383
[2024-04-24 17:31:47,940][root][INFO] - x: [-0.0441874   0.00696682 -0.84805581 -0.1672441   0.2860717 ]
[2024-04-24 17:31:47,941][root][INFO] - y: [ 0.00069668  0.05866395 -0.13308873 -0.0972219 ]
[2024-04-24 17:31:47,941][root][INFO] - Reward: -0.9999982749140915
[2024-04-24 17:31:47,947][root][INFO] - --------------- Start iteration i=83 ---------------
[2024-04-24 17:31:47,948][root][INFO] - Length of data.x: 384
[2024-04-24 17:31:47,948][root][INFO] - Length of data.y: 384
[2024-04-24 17:31:48,541][root][INFO] - x: [-0.04349072  0.06563077 -0.98114454 -0.264466    0.52494386]
[2024-04-24 17:31:48,541][root][INFO] - y: [ 0.00656308  0.05053262 -0.21045553 -0.05625781]
[2024-04-24 17:31:48,542][root][INFO] - Reward: -0.9999316745384651
[2024-04-24 17:31:48,548][root][INFO] - --------------- Start iteration i=84 ---------------
[2024-04-24 17:31:48,548][root][INFO] - Length of data.x: 385
[2024-04-24 17:31:48,548][root][INFO] - Length of data.y: 385
[2024-04-24 17:31:49,195][root][INFO] - x: [-0.03692764  0.11616339  0.80839993 -0.32072381  0.84290074]
[2024-04-24 17:31:49,196][root][INFO] - y: [ 0.01161634 -0.04134034 -0.25522411  0.08967883]
[2024-04-24 17:31:49,196][root][INFO] - Reward: -0.9920472808119586
[2024-04-24 17:31:49,202][root][INFO] - --------------- Start iteration i=85 ---------------
[2024-04-24 17:31:49,203][root][INFO] - Length of data.x: 386
[2024-04-24 17:31:49,203][root][INFO] - Length of data.y: 386
[2024-04-24 17:31:49,911][root][INFO] - x: [-0.0253113   0.07482305  0.55317582 -0.23104498  0.14350584]
[2024-04-24 17:31:49,913][root][INFO] - y: [ 0.0074823  -0.04947261 -0.1838599   0.1050592 ]
[2024-04-24 17:31:49,913][root][INFO] - Reward: -0.8830510164333158
[2024-04-24 17:31:49,920][root][INFO] - --------------- Start iteration i=86 ---------------
[2024-04-24 17:31:49,920][root][INFO] - Length of data.x: 387
[2024-04-24 17:31:49,920][root][INFO] - Length of data.y: 387
[2024-04-24 17:31:50,608][root][INFO] - x: [-0.017829    0.02535044  0.36931592 -0.12598578  0.31068891]
[2024-04-24 17:31:50,609][root][INFO] - y: [ 0.00253504  0.01607351 -0.10025638  0.09645471]
[2024-04-24 17:31:50,609][root][INFO] - Reward: -0.6418352914493974
[2024-04-24 17:31:50,615][root][INFO] - --------------- Start iteration i=87 ---------------
[2024-04-24 17:31:50,615][root][INFO] - Length of data.x: 388
[2024-04-24 17:31:50,615][root][INFO] - Length of data.y: 388
[2024-04-24 17:31:51,261][root][INFO] - x: [-0.01529395  0.04142396  0.26905954 -0.02953107  0.48530635]
[2024-04-24 17:31:51,261][root][INFO] - y: [ 0.0041424   0.04973054 -0.0235001   0.10646617]
[2024-04-24 17:31:51,262][root][INFO] - Reward: -0.6261006142428922
[2024-04-24 17:31:51,268][root][INFO] - --------------- Start iteration i=88 ---------------
[2024-04-24 17:31:51,268][root][INFO] - Length of data.x: 389
[2024-04-24 17:31:51,268][root][INFO] - Length of data.y: 389
[2024-04-24 17:31:51,928][root][INFO] - x: [-0.01115156  0.0911545   0.24555944  0.0769351   0.71027792]
[2024-04-24 17:31:51,928][root][INFO] - y: [0.00911545 0.06087069 0.06122305 0.11210078]
[2024-04-24 17:31:51,929][root][INFO] - Reward: -0.9014485505786294
[2024-04-24 17:31:51,935][root][INFO] - --------------- Start iteration i=89 ---------------
[2024-04-24 17:31:51,935][root][INFO] - Length of data.x: 390
[2024-04-24 17:31:51,935][root][INFO] - Length of data.y: 390
[2024-04-24 17:31:53,089][root][INFO] - x: [-0.00203611  0.15202518  0.3067825   0.18903587 -0.49120992]
[2024-04-24 17:31:53,091][root][INFO] - y: [ 0.01520252 -0.0413949   0.15043009  0.05704491]
[2024-04-24 17:31:53,091][root][INFO] - Reward: -0.9983037183042847
[2024-04-24 17:31:53,097][root][INFO] - --------------- Start iteration i=90 ---------------
[2024-04-24 17:31:53,098][root][INFO] - Length of data.x: 391
[2024-04-24 17:31:53,098][root][INFO] - Length of data.y: 391
[2024-04-24 17:32:44,079][root][INFO] - Eval Returns: [-21.70539039 -18.90901102 -23.0810841  -23.60934591 -22.38501618]
[2024-04-24 17:32:44,094][root][INFO] - Eval Returns: mean=-21.938 std=1.645
[2024-04-24 17:32:44,094][root][INFO] - Eval ndata: 391.000
[2024-04-24 17:32:44,094][root][INFO] - Model MSE (current real MPC): 0.475
[2024-04-24 17:32:46,349][root][INFO] - Model MSE (random test set): 0.358
[2024-04-24 17:32:46,349][root][INFO] - Model MSE (GT MPC): 0.048
[2024-04-24 17:32:46,349][root][INFO] - Model Likelihood (random test set): -3.722
[2024-04-24 17:32:46,349][root][INFO] - Model Likelihood (GT MPC): -3.680
[2024-04-24 17:32:46,349][root][INFO] - *[TIME] [Evaluate the current MPC policy] Elapsed: 52.55 seconds
[2024-04-24 17:32:49,753][root][INFO] - x: [0.01316641 0.11063029 0.45721259 0.24608079 0.1528404 ]
[2024-04-24 17:32:49,753][root][INFO] - y: [ 0.01106303 -0.03744267  0.19582502  0.09229617]
[2024-04-24 17:32:49,753][root][INFO] - Reward: -0.9999825438846847
[2024-04-24 17:32:51,434][root][INFO] - --------------- Start iteration i=91 ---------------
[2024-04-24 17:32:51,435][root][INFO] - Length of data.x: 392
[2024-04-24 17:32:51,435][root][INFO] - Length of data.y: 392
[2024-04-24 17:32:52,132][root][INFO] - x: [ 0.02422944  0.07318762  0.65303761  0.33837696 -0.22680145]
[2024-04-24 17:32:52,132][root][INFO] - y: [ 0.00731876 -0.14534284  0.26927204  0.15428435]
[2024-04-24 17:32:52,133][root][INFO] - Reward: -0.9999974448630752
[2024-04-24 17:32:52,139][root][INFO] - --------------- Start iteration i=92 ---------------
[2024-04-24 17:32:52,140][root][INFO] - Length of data.x: 393
[2024-04-24 17:32:52,140][root][INFO] - Length of data.y: 393
[2024-04-24 17:32:52,817][root][INFO] - x: [ 0.0315482  -0.07215522  0.92230965  0.49266131 -0.07025074]
[2024-04-24 17:32:52,817][root][INFO] - y: [-0.00721552 -0.10809549  0.39204773  0.12862249]
[2024-04-24 17:32:52,818][root][INFO] - Reward: -0.9994219999799938
[2024-04-24 17:32:52,824][root][INFO] - --------------- Start iteration i=93 ---------------
[2024-04-24 17:32:52,824][root][INFO] - Length of data.x: 394
[2024-04-24 17:32:52,824][root][INFO] - Length of data.y: 394
[2024-04-24 17:32:53,508][root][INFO] - x: [ 0.02433268 -0.18025071 -0.68564262  0.6212838  -0.16024914]
[2024-04-24 17:32:53,508][root][INFO] - y: [-0.01802507  0.343864    0.49440234 -0.27133589]
[2024-04-24 17:32:53,509][root][INFO] - Reward: -0.5025136705467192
[2024-04-24 17:32:53,515][root][INFO] - --------------- Start iteration i=94 ---------------
[2024-04-24 17:32:53,515][root][INFO] - Length of data.x: 395
[2024-04-24 17:32:53,515][root][INFO] - Length of data.y: 395
[2024-04-24 17:32:54,170][root][INFO] - x: [ 0.00630761  0.16361329 -0.19124028  0.34994791  0.82530319]
[2024-04-24 17:32:54,171][root][INFO] - y: [0.01636133 0.17268794 0.27847992 0.086935  ]
[2024-04-24 17:32:54,171][root][INFO] - Reward: -0.7033151480086479
[2024-04-24 17:32:54,177][root][INFO] - --------------- Start iteration i=95 ---------------
[2024-04-24 17:32:54,178][root][INFO] - Length of data.x: 396
[2024-04-24 17:32:54,178][root][INFO] - Length of data.y: 396
[2024-04-24 17:32:54,858][root][INFO] - x: [0.02266894 0.33630123 0.08723964 0.43688291 1.        ]
[2024-04-24 17:32:54,859][root][INFO] - y: [0.03363012 0.08858927 0.34766066 0.11186097]
[2024-04-24 17:32:54,859][root][INFO] - Reward: -0.999995954518881
[2024-04-24 17:32:54,866][root][INFO] - --------------- Start iteration i=96 ---------------
[2024-04-24 17:32:54,866][root][INFO] - Length of data.x: 397
[2024-04-24 17:32:54,866][root][INFO] - Length of data.y: 397
[2024-04-24 17:32:55,532][root][INFO] - x: [0.05629906 0.42489051 0.4349003  0.54874388 0.53412817]
[2024-04-24 17:32:55,532][root][INFO] - y: [ 0.04248905 -0.22338472  0.43667686  0.05078508]
[2024-04-24 17:32:55,533][root][INFO] - Reward: -0.999999999845073
[2024-04-24 17:32:55,539][root][INFO] - --------------- Start iteration i=97 ---------------
[2024-04-24 17:32:55,539][root][INFO] - Length of data.x: 398
[2024-04-24 17:32:55,540][root][INFO] - Length of data.y: 398
[2024-04-24 17:32:56,196][root][INFO] - x: [ 0.09878811  0.20150579  0.87157716  0.59952896 -0.49528118]
[2024-04-24 17:32:56,197][root][INFO] - y: [ 0.02015058 -0.28871358  0.47709037  0.30408595]
[2024-04-24 17:32:56,197][root][INFO] - Reward: -0.9999296292369867
[2024-04-24 17:32:56,203][root][INFO] - --------------- Start iteration i=98 ---------------
[2024-04-24 17:32:56,203][root][INFO] - Length of data.x: 399
[2024-04-24 17:32:56,203][root][INFO] - Length of data.y: 399
[2024-04-24 17:32:56,831][root][INFO] - x: [ 0.11893869 -0.08720779 -0.65133247  0.90361491 -0.24948386]
[2024-04-24 17:32:56,831][root][INFO] - y: [-0.00872078  0.72875771  0.71907448 -0.42087276]
[2024-04-24 17:32:56,832][root][INFO] - Reward: -0.9999943462105607
[2024-04-24 17:32:56,837][root][INFO] - --------------- Start iteration i=99 ---------------
[2024-04-24 17:32:56,838][root][INFO] - Length of data.x: 400
[2024-04-24 17:32:56,838][root][INFO] - Length of data.y: 400
[2024-04-24 17:32:57,467][root][INFO] - x: [ 0.11021791  0.64154992  0.06774201  0.48274215 -0.80137033]
[2024-04-24 17:32:57,468][root][INFO] - y: [ 0.06415499 -0.19493446  0.38415431 -0.16979538]
[2024-04-24 17:32:57,468][root][INFO] - Reward: -1.0
[2024-04-24 17:32:57,468][root][INFO] - Explore episode complete with return -23.247830532679842, resetting
[2024-04-24 17:32:57,469][root][INFO] - Exploration Episode Rewards: [-0.9999902058101724, -0.9999906770756805, -0.9999919985446053, -0.9999945979094436, -0.9999974341148613, -0.9999990255263185, -0.99999943533111, -0.9999982749140915, -0.9999316745384651, -0.9920472808119586, -0.8830510164333158, -0.6418352914493974, -0.6261006142428922, -0.9014485505786294, -0.9983037183042847, -0.9999825438846847, -0.9999974448630752, -0.9994219999799938, -0.5025136705467192, -0.7033151480086479, -0.999995954518881, -0.999999999845073, -0.9999296292369867, -0.9999943462105607, -1.0]
[2024-04-24 17:32:57,474][root][INFO] - --------------- Start iteration i=100 ---------------
[2024-04-24 17:32:57,475][root][INFO] - Length of data.x: 401
[2024-04-24 17:32:57,475][root][INFO] - Length of data.y: 401
[2024-04-24 17:33:38,891][root][INFO] - *[TIME] [Evaluate the current MPC policy] Elapsed: 40.77 seconds
