[2024-04-23 17:03:58,677][root][INFO] - Dumper dumping to /tirl/experiments/mpc_frozencartpole_2024-04-23/17-03-42/seed_3
[2024-04-23 17:03:58,693][root][INFO] - Start obs: None
[2024-04-23 17:04:26,339][root][INFO] - GT Returns: [-12.37491997 -13.5614609  -10.92908383 -11.61428874 -11.66376648]
[2024-04-23 17:04:26,339][root][INFO] - GT Returns: mean=-12.029 std=0.893
[2024-04-23 17:04:26,340][root][INFO] - Path Lengths: [36345, 36345, 36345, 36345, 36345]
[2024-04-23 17:04:26,340][root][INFO] - Path Lengths: mean=36345.000 std=0.000
[2024-04-23 17:04:26,398][root][INFO] - all_x.shape = (181725, 5)
[2024-04-23 17:04:26,404][root][INFO] - all_x.min(axis=0) = [-0.59518504 -0.96667227 -0.99999566 -0.79364444 -1.        ]
[2024-04-23 17:04:26,409][root][INFO] - all_x.max(axis=0) = [0.95594324 1.37315515 0.99999693 0.86360816 1.        ]
[2024-04-23 17:04:26,413][root][INFO] - all_x.mean(axis=0) = [-0.01580549 -0.00577255  0.0238864   0.02980663 -0.00257817]
[2024-04-23 17:04:26,423][root][INFO] - all_x.var(axis=0) = [0.00597023 0.02862185 0.24662557 0.07455176 0.24646127]
[2024-04-23 17:04:26,473][root][INFO] - --------------- Start iteration i=0 ---------------
[2024-04-23 17:04:26,474][root][INFO] - Length of data.x: 301
[2024-04-23 17:04:26,474][root][INFO] - Length of data.y: 301
[2024-04-23 17:04:53,721][root][INFO] - Eval Returns: [-18.6446733  -19.88559934 -21.36367912 -21.2172554  -13.78035495]
[2024-04-23 17:04:53,729][root][INFO] - Eval Returns: mean=-18.978 std=2.781
[2024-04-23 17:04:53,729][root][INFO] - Eval ndata: 301.000
[2024-04-23 17:04:53,729][root][INFO] - Model MSE (current real MPC): 0.450
[2024-04-23 17:04:55,284][root][INFO] - Model MSE (random test set): 0.002
[2024-04-23 17:04:55,284][root][INFO] - Model MSE (GT MPC): 0.002
[2024-04-23 17:04:55,284][root][INFO] - Model Likelihood (random test set): -3.729
[2024-04-23 17:04:55,285][root][INFO] - Model Likelihood (GT MPC): -3.837
[2024-04-23 17:04:55,285][root][INFO] - *[TIME] [Evaluate the current MPC policy] Elapsed: 28.22 seconds
