[2024-04-23 22:41:40,871][root][INFO] - Dumper dumping to /tirl/experiments/mpc_cartpole_2024-04-23/22-41-36/seed_2
[2024-04-23 22:41:40,876][root][INFO] - Start obs: None
[2024-04-23 22:41:56,958][root][INFO] - GT Returns: [-12.44714656 -12.42358468 -10.40285018 -12.69402201 -11.1817311 ]
[2024-04-23 22:41:56,958][root][INFO] - GT Returns: mean=-11.830 std=0.887
[2024-04-23 22:41:56,958][root][INFO] - Path Lengths: [36345, 36345, 36345, 36345, 36345]
[2024-04-23 22:41:56,958][root][INFO] - Path Lengths: mean=36345.000 std=0.000
[2024-04-23 22:41:57,014][root][INFO] - all_x.shape = (181725, 5)
[2024-04-23 22:41:57,019][root][INFO] - all_x.min(axis=0) = [-0.89326937 -1.46530225 -0.99999952 -0.88175104 -1.        ]
[2024-04-23 22:41:57,023][root][INFO] - all_x.max(axis=0) = [1.04712836 1.68039489 0.9999894  0.87567102 1.        ]
[2024-04-23 22:41:57,026][root][INFO] - all_x.mean(axis=0) = [ 0.01248785  0.00046773 -0.00374655 -0.00296524  0.00282213]
[2024-04-23 22:41:57,033][root][INFO] - all_x.var(axis=0) = [0.01208877 0.05185966 0.25505845 0.08793612 0.2122723 ]
[2024-04-23 22:41:57,069][root][INFO] - --------------- Start iteration i=0 ---------------
[2024-04-23 22:41:57,069][root][INFO] - Length of data.x: 1
[2024-04-23 22:41:57,069][root][INFO] - Length of data.y: 1
[2024-04-23 22:42:02,519][root][INFO] - Eval Returns: [-24.99994226 -24.99992133 -24.90274287 -24.99936613 -24.99998298]
[2024-04-23 22:42:02,534][root][INFO] - Eval Returns: mean=-24.980 std=0.039
[2024-04-23 22:42:02,534][root][INFO] - Eval ndata: 1.000
[2024-04-23 22:42:02,534][root][INFO] - Model MSE (current real MPC): 0.577
[2024-04-23 22:42:03,598][root][INFO] - Model MSE (random test set): 0.380
[2024-04-23 22:42:03,598][root][INFO] - Model MSE (GT MPC): 0.095
[2024-04-23 22:42:03,598][root][INFO] - Model Likelihood (random test set): -4.125
[2024-04-23 22:42:03,598][root][INFO] - Model Likelihood (GT MPC): -3.930
[2024-04-23 22:42:03,599][root][INFO] - *[TIME] [Evaluate the current MPC policy] Elapsed: 6.42 seconds
[2024-04-23 22:42:06,482][root][INFO] - x: [ 2.73852730e-03 -3.53555627e-03  9.88578765e-01 -8.70042911e-04
  3.49462048e-01]
[2024-04-23 22:42:06,482][root][INFO] - y: [-0.00035356  0.05381646 -0.00069236 -0.05025883]
[2024-04-23 22:42:06,482][root][INFO] - Reward: -0.9999901603568038
[2024-04-23 22:42:09,386][root][INFO] - --------------- Start iteration i=1 ---------------
[2024-04-23 22:42:09,386][root][INFO] - Length of data.x: 2
[2024-04-23 22:42:09,386][root][INFO] - Length of data.y: 2
[2024-04-23 22:42:09,495][root][INFO] - x: [ 0.00238497  0.05028091  0.98788641 -0.05112887 -1.        ]
[2024-04-23 22:42:09,495][root][INFO] - y: [ 0.00502809 -0.1630523  -0.0406871   0.16667067]
[2024-04-23 22:42:09,495][root][INFO] - Reward: -0.9999908559405055
[2024-04-23 22:42:09,496][root][INFO] - --------------- Start iteration i=2 ---------------
[2024-04-23 22:42:09,496][root][INFO] - Length of data.x: 3
[2024-04-23 22:42:09,496][root][INFO] - Length of data.y: 3
[2024-04-23 22:42:09,601][root][INFO] - x: [ 0.00741306 -0.11277139  0.94719931  0.1155418   0.18569816]
[2024-04-23 22:42:09,601][root][INFO] - y: [-0.01127714  0.01831454  0.09194532 -0.00184826]
[2024-04-23 22:42:09,601][root][INFO] - Reward: -0.9999902080257184
[2024-04-23 22:42:09,601][root][INFO] - --------------- Start iteration i=3 ---------------
[2024-04-23 22:42:09,601][root][INFO] - Length of data.x: 4
[2024-04-23 22:42:09,601][root][INFO] - Length of data.y: 4
[2024-04-23 22:42:09,711][root][INFO] - x: [-0.00386408 -0.09445686 -0.96085537  0.11369354 -0.70139171]
[2024-04-23 22:42:09,711][root][INFO] - y: [-0.00944569 -0.10025465  0.09047452  0.08745138]
[2024-04-23 22:42:09,711][root][INFO] - Reward: -0.9999916793030122
[2024-04-23 22:42:09,711][root][INFO] - --------------- Start iteration i=4 ---------------
[2024-04-23 22:42:09,711][root][INFO] - Length of data.x: 5
[2024-04-23 22:42:09,712][root][INFO] - Length of data.y: 5
[2024-04-23 22:42:09,819][root][INFO] - x: [-0.01330976 -0.19471151 -0.87038086  0.20114491  1.        ]
[2024-04-23 22:42:09,819][root][INFO] - y: [-0.01947115  0.19063689  0.16006617 -0.21394044]
[2024-04-23 22:42:09,820][root][INFO] - Reward: -0.9999967575864644
[2024-04-23 22:42:09,820][root][INFO] - --------------- Start iteration i=5 ---------------
[2024-04-23 22:42:09,820][root][INFO] - Length of data.x: 6
[2024-04-23 22:42:09,820][root][INFO] - Length of data.y: 6
[2024-04-23 22:42:09,936][root][INFO] - x: [-0.03278091 -0.00407462 -0.71031469 -0.01279553 -0.95784487]
[2024-04-23 22:42:09,936][root][INFO] - y: [-0.00040746 -0.09057074 -0.01018237 -0.02195175]
[2024-04-23 22:42:09,936][root][INFO] - Reward: -0.9999971591406046
[2024-04-23 22:42:09,936][root][INFO] - --------------- Start iteration i=6 ---------------
[2024-04-23 22:42:09,936][root][INFO] - Length of data.x: 7
[2024-04-23 22:42:09,937][root][INFO] - Length of data.y: 7
[2024-04-23 22:42:10,042][root][INFO] - x: [-0.03318838 -0.09464536 -0.72049706 -0.03474728  0.93261722]
[2024-04-23 22:42:10,043][root][INFO] - y: [-0.00946454  0.13361077 -0.02765103 -0.16089385]
[2024-04-23 22:42:10,043][root][INFO] - Reward: -0.999999303192148
[2024-04-23 22:42:10,044][root][INFO] - --------------- Start iteration i=7 ---------------
[2024-04-23 22:42:10,044][root][INFO] - Length of data.x: 8
[2024-04-23 22:42:10,044][root][INFO] - Length of data.y: 8
[2024-04-23 22:42:10,160][root][INFO] - x: [-0.04265291  0.03896541 -0.74814808 -0.19564113  0.64963874]
[2024-04-23 22:42:10,160][root][INFO] - y: [ 0.00389654  0.13318809 -0.15568639 -0.16346933]
[2024-04-23 22:42:10,160][root][INFO] - Reward: -0.9999987189136637
[2024-04-23 22:42:10,161][root][INFO] - --------------- Start iteration i=8 ---------------
[2024-04-23 22:42:10,161][root][INFO] - Length of data.x: 9
[2024-04-23 22:42:10,161][root][INFO] - Length of data.y: 9
[2024-04-23 22:42:10,269][root][INFO] - x: [-0.03875637  0.1721535  -0.90383448 -0.35911046 -0.4072843 ]
[2024-04-23 22:42:10,269][root][INFO] - y: [ 0.01721535  0.006052   -0.28577126 -0.03499635]
[2024-04-23 22:42:10,269][root][INFO] - Reward: -0.9999410581227007
[2024-04-23 22:42:10,270][root][INFO] - --------------- Start iteration i=9 ---------------
[2024-04-23 22:42:10,270][root][INFO] - Length of data.x: 10
[2024-04-23 22:42:10,270][root][INFO] - Length of data.y: 10
[2024-04-23 22:42:10,379][root][INFO] - x: [-0.02154102  0.17820549  0.81039427 -0.39410681  1.        ]
[2024-04-23 22:42:10,379][root][INFO] - y: [ 0.01782055 -0.00078356 -0.31362049  0.05574473]
[2024-04-23 22:42:10,379][root][INFO] - Reward: -0.9952780809408374
[2024-04-23 22:42:10,380][root][INFO] - --------------- Start iteration i=10 ---------------
[2024-04-23 22:42:10,380][root][INFO] - Length of data.x: 11
[2024-04-23 22:42:10,380][root][INFO] - Length of data.y: 11
[2024-04-23 22:42:16,413][root][INFO] - Eval Returns: [-22.92425455 -24.24354975 -21.48111925 -22.01979516 -22.58816924]
[2024-04-23 22:42:16,428][root][INFO] - Eval Returns: mean=-22.651 std=0.936
[2024-04-23 22:42:16,428][root][INFO] - Eval ndata: 11.000
[2024-04-23 22:42:16,428][root][INFO] - Model MSE (current real MPC): 0.852
[2024-04-23 22:42:17,510][root][INFO] - Model MSE (random test set): 0.385
[2024-04-23 22:42:17,510][root][INFO] - Model MSE (GT MPC): 0.244
[2024-04-23 22:42:17,510][root][INFO] - Model Likelihood (random test set): -3.898
[2024-04-23 22:42:17,510][root][INFO] - Model Likelihood (GT MPC): -3.816
[2024-04-23 22:42:17,510][root][INFO] - *[TIME] [Evaluate the current MPC policy] Elapsed: 7.02 seconds
[2024-04-23 22:42:23,333][root][INFO] - x: [-0.00372047  0.17742193  0.49677378 -0.33836209 -1.        ]
[2024-04-23 22:42:23,333][root][INFO] - y: [ 0.01774219 -0.20873683 -0.26926021  0.09607908]
[2024-04-23 22:42:23,333][root][INFO] - Reward: -0.9136450925303373
[2024-04-23 22:42:25,798][root][INFO] - --------------- Start iteration i=11 ---------------
[2024-04-23 22:42:25,798][root][INFO] - Length of data.x: 12
[2024-04-23 22:42:25,798][root][INFO] - Length of data.y: 12
[2024-04-23 22:42:25,940][root][INFO] - x: [ 0.01402172 -0.0313149   0.22751356 -0.24228301  1.        ]
[2024-04-23 22:42:25,941][root][INFO] - y: [-0.00313149  0.10491368 -0.19280285  0.14359992]
[2024-04-23 22:42:25,941][root][INFO] - Reward: -0.21562576075783113
[2024-04-23 22:42:25,941][root][INFO] - --------------- Start iteration i=12 ---------------
[2024-04-23 22:42:25,941][root][INFO] - Length of data.x: 13
[2024-04-23 22:42:25,941][root][INFO] - Length of data.y: 13
[2024-04-23 22:42:26,051][root][INFO] - x: [ 0.01089023  0.07359878  0.03471072 -0.09868309  1.        ]
[2024-04-23 22:42:26,052][root][INFO] - y: [ 0.00735988  0.16245243 -0.07852957  0.1721747 ]
[2024-04-23 22:42:26,052][root][INFO] - Reward: -0.07736564766553866
[2024-04-23 22:42:26,052][root][INFO] - --------------- Start iteration i=13 ---------------
[2024-04-23 22:42:26,052][root][INFO] - Length of data.x: 14
[2024-04-23 22:42:26,053][root][INFO] - Length of data.y: 14
[2024-04-23 22:42:26,163][root][INFO] - x: [ 0.01825011  0.23605121 -0.04381885  0.07349161  0.76092048]
[2024-04-23 22:42:26,164][root][INFO] - y: [0.02360512 0.10983235 0.05848281 0.09531766]
[2024-04-23 22:42:26,164][root][INFO] - Reward: -0.7966121048814496
[2024-04-23 22:42:26,164][root][INFO] - --------------- Start iteration i=14 ---------------
[2024-04-23 22:42:26,164][root][INFO] - Length of data.x: 15
[2024-04-23 22:42:26,164][root][INFO] - Length of data.y: 15
[2024-04-23 22:42:26,274][root][INFO] - x: [ 0.04185523  0.34588355  0.01466396  0.16880927 -0.83384848]
[2024-04-23 22:42:26,275][root][INFO] - y: [ 0.03458836 -0.13803224  0.13433426 -0.1333635 ]
[2024-04-23 22:42:26,275][root][INFO] - Reward: -0.9998169120987583
[2024-04-23 22:42:26,275][root][INFO] - --------------- Start iteration i=15 ---------------
[2024-04-23 22:42:26,275][root][INFO] - Length of data.x: 16
[2024-04-23 22:42:26,275][root][INFO] - Length of data.y: 16
[2024-04-23 22:42:26,386][root][INFO] - x: [0.07644358 0.20785132 0.14899822 0.03544577 0.14875519]
[2024-04-23 22:42:26,386][root][INFO] - y: [0.02078513 0.03863071 0.02820687 0.07878149]
[2024-04-23 22:42:26,386][root][INFO] - Reward: -0.9999984300817016
[2024-04-23 22:42:26,387][root][INFO] - --------------- Start iteration i=16 ---------------
[2024-04-23 22:42:26,387][root][INFO] - Length of data.x: 17
[2024-04-23 22:42:26,387][root][INFO] - Length of data.y: 17
[2024-04-23 22:42:26,498][root][INFO] - x: [ 0.09722872  0.24648203  0.17720509  0.11422726 -0.25028637]
[2024-04-23 22:42:26,498][root][INFO] - y: [ 0.0246482  -0.02389623  0.09089924  0.03160021]
[2024-04-23 22:42:26,498][root][INFO] - Reward: -0.9999999998372101
[2024-04-23 22:42:26,499][root][INFO] - --------------- Start iteration i=17 ---------------
[2024-04-23 22:42:26,499][root][INFO] - Length of data.x: 18
[2024-04-23 22:42:26,499][root][INFO] - Length of data.y: 18
[2024-04-23 22:42:26,610][root][INFO] - x: [0.12187692 0.2225858  0.26810433 0.14582747 0.22879477]
[2024-04-23 22:42:26,610][root][INFO] - y: [0.02225858 0.02886999 0.11604591 0.09249352]
[2024-04-23 22:42:26,611][root][INFO] - Reward: -0.9999999999999964
[2024-04-23 22:42:26,611][root][INFO] - --------------- Start iteration i=18 ---------------
[2024-04-23 22:42:26,611][root][INFO] - Length of data.x: 19
[2024-04-23 22:42:26,611][root][INFO] - Length of data.y: 19
[2024-04-23 22:42:26,723][root][INFO] - x: [0.1441355  0.25145579 0.38415024 0.23832099 0.31368845]
[2024-04-23 22:42:26,723][root][INFO] - y: [ 0.02514558 -0.00908673  0.18964997  0.08853296]
[2024-04-23 22:42:26,723][root][INFO] - Reward: -1.0
[2024-04-23 22:42:26,724][root][INFO] - --------------- Start iteration i=19 ---------------
[2024-04-23 22:42:26,724][root][INFO] - Length of data.x: 20
[2024-04-23 22:42:26,724][root][INFO] - Length of data.y: 20
[2024-04-23 22:42:26,836][root][INFO] - x: [0.16928108 0.24236906 0.57380021 0.32685395 0.58889945]
[2024-04-23 22:42:26,836][root][INFO] - y: [ 0.02423691 -0.05024015  0.26010232  0.10711653]
[2024-04-23 22:42:26,836][root][INFO] - Reward: -1.0
[2024-04-23 22:42:26,837][root][INFO] - --------------- Start iteration i=20 ---------------
[2024-04-23 22:42:26,837][root][INFO] - Length of data.x: 21
[2024-04-23 22:42:26,837][root][INFO] - Length of data.y: 21
[2024-04-23 22:42:33,530][root][INFO] - Eval Returns: [-24.97870008 -18.58774114 -24.99997094 -22.58129182 -24.82293015]
[2024-04-23 22:42:33,538][root][INFO] - Eval Returns: mean=-23.194 std=2.478
[2024-04-23 22:42:33,538][root][INFO] - Eval ndata: 21.000
[2024-04-23 22:42:33,538][root][INFO] - Model MSE (current real MPC): 0.458
[2024-04-23 22:42:34,547][root][INFO] - Model MSE (random test set): 0.157
[2024-04-23 22:42:34,547][root][INFO] - Model MSE (GT MPC): 0.048
[2024-04-23 22:42:34,547][root][INFO] - Model Likelihood (random test set): -3.878
[2024-04-23 22:42:34,547][root][INFO] - Model Likelihood (GT MPC): -3.765
[2024-04-23 22:42:34,547][root][INFO] - *[TIME] [Evaluate the current MPC policy] Elapsed: 7.60 seconds
[2024-04-23 22:42:39,669][root][INFO] - x: [ 0.19351798  0.19212891  0.83390253  0.43397048 -0.33226586]
[2024-04-23 22:42:39,669][root][INFO] - y: [ 0.01921289 -0.19364091  0.34534301  0.21681864]
[2024-04-23 22:42:39,670][root][INFO] - Reward: -0.9999999999999998
[2024-04-23 22:42:41,674][root][INFO] - --------------- Start iteration i=21 ---------------
[2024-04-23 22:42:41,674][root][INFO] - Length of data.x: 22
[2024-04-23 22:42:41,674][root][INFO] - Length of data.y: 22
[2024-04-23 22:42:41,792][root][INFO] - x: [ 0.21273088 -0.001512   -0.82075446  0.65078912 -1.        ]
[2024-04-23 22:42:41,793][root][INFO] - y: [-1.51200427e-04  1.75711281e-01  5.17881944e-01 -2.01002182e-01]
[2024-04-23 22:42:41,793][root][INFO] - Reward: -0.9999999997070259
[2024-04-23 22:42:41,793][root][INFO] - --------------- Start iteration i=22 ---------------
[2024-04-23 22:42:41,793][root][INFO] - Length of data.x: 23
[2024-04-23 22:42:41,793][root][INFO] - Length of data.y: 23
[2024-04-23 22:42:41,909][root][INFO] - x: [ 0.21257968  0.17419928 -0.30287251  0.44978694 -0.76599945]
[2024-04-23 22:42:41,910][root][INFO] - y: [ 0.01741993  0.06718185  0.35792936 -0.04096661]
[2024-04-23 22:42:41,910][root][INFO] - Reward: -1.0
[2024-04-23 22:42:41,910][root][INFO] - --------------- Start iteration i=23 ---------------
[2024-04-23 22:42:41,910][root][INFO] - Length of data.x: 24
[2024-04-23 22:42:41,910][root][INFO] - Length of data.y: 24
[2024-04-23 22:42:42,025][root][INFO] - x: [ 0.2299996   0.24138113  0.05505685  0.40882033 -0.81321135]
[2024-04-23 22:42:42,025][root][INFO] - y: [ 0.02413811 -0.16421524  0.32532914 -0.14486423]
[2024-04-23 22:42:42,025][root][INFO] - Reward: -1.0
[2024-04-23 22:42:42,026][root][INFO] - --------------- Start iteration i=24 ---------------
[2024-04-23 22:42:42,026][root][INFO] - Length of data.x: 25
[2024-04-23 22:42:42,026][root][INFO] - Length of data.y: 25
[2024-04-23 22:42:42,140][root][INFO] - x: [ 0.25413772  0.07716588  0.38038599  0.2639561  -0.55991262]
[2024-04-23 22:42:42,140][root][INFO] - y: [ 0.00771659 -0.1105346   0.21004976  0.05078184]
[2024-04-23 22:42:42,140][root][INFO] - Reward: -1.0
[2024-04-23 22:42:42,140][root][INFO] - Explore episode complete with return -22.998237929082308, resetting
[2024-04-23 22:42:42,140][root][INFO] - Exploration Episode Rewards: [-0.9999901603568038, -0.9999908559405055, -0.9999902080257184, -0.9999916793030122, -0.9999967575864644, -0.9999971591406046, -0.999999303192148, -0.9999987189136637, -0.9999410581227007, -0.9952780809408374, -0.9136450925303373, -0.21562576075783113, -0.07736564766553866, -0.7966121048814496, -0.9998169120987583, -0.9999984300817016, -0.9999999998372101, -0.9999999999999964, -1.0, -1.0, -0.9999999999999998, -0.9999999997070259, -1.0, -1.0, -1.0]
[2024-04-23 22:42:42,141][root][INFO] - --------------- Start iteration i=25 ---------------
[2024-04-23 22:42:42,141][root][INFO] - Length of data.x: 26
[2024-04-23 22:42:42,141][root][INFO] - Length of data.y: 26
[2024-04-23 22:42:42,256][root][INFO] - x: [-1.67943090e-03  2.84190876e-03  9.96877314e-01  1.37049393e-04
 -7.33432064e-01]
[2024-04-23 22:42:42,256][root][INFO] - y: [ 2.84190876e-04 -1.17965915e-01  1.09060530e-04  1.18923831e-01]
[2024-04-23 22:42:42,257][root][INFO] - Reward: -0.9999900707998688
[2024-04-23 22:42:42,257][root][INFO] - --------------- Start iteration i=26 ---------------
[2024-04-23 22:42:42,257][root][INFO] - Length of data.x: 27
[2024-04-23 22:42:42,257][root][INFO] - Length of data.y: 27
[2024-04-23 22:42:42,373][root][INFO] - x: [-0.00139524 -0.11512401  0.99698637  0.11906088 -0.22825224]
[2024-04-23 22:42:42,373][root][INFO] - y: [-0.0115124  -0.03543578  0.09474571  0.03636414]
[2024-04-23 22:42:42,373][root][INFO] - Reward: -0.9999922508481023
[2024-04-23 22:42:42,374][root][INFO] - --------------- Start iteration i=27 ---------------
[2024-04-23 22:42:42,374][root][INFO] - Length of data.x: 28
[2024-04-23 22:42:42,374][root][INFO] - Length of data.y: 28
[2024-04-23 22:42:42,489][root][INFO] - x: [-0.01290764 -0.15055978 -0.90826791  0.15542502  0.10645909]
[2024-04-23 22:42:42,489][root][INFO] - y: [-0.01505598  0.04367938  0.1236834  -0.06978795]
[2024-04-23 22:42:42,490][root][INFO] - Reward: -0.9999964810376598
[2024-04-23 22:42:42,490][root][INFO] - --------------- Start iteration i=28 ---------------
[2024-04-23 22:42:42,490][root][INFO] - Length of data.x: 29
[2024-04-23 22:42:42,490][root][INFO] - Length of data.y: 29
[2024-04-23 22:42:42,607][root][INFO] - x: [-0.02796362 -0.1068804  -0.78458451  0.08563707  0.3608507 ]
[2024-04-23 22:42:42,607][root][INFO] - y: [-0.01068804  0.07698607  0.06814787 -0.12151826]
[2024-04-23 22:42:42,607][root][INFO] - Reward: -0.9999985761402822
[2024-04-23 22:42:42,608][root][INFO] - --------------- Start iteration i=29 ---------------
[2024-04-23 22:42:42,608][root][INFO] - Length of data.x: 30
[2024-04-23 22:42:42,608][root][INFO] - Length of data.y: 30
[2024-04-23 22:42:42,725][root][INFO] - x: [-0.03865166 -0.02989433 -0.71643664 -0.03588119 -0.54101592]
[2024-04-23 22:42:42,725][root][INFO] - y: [-0.00298943 -0.04092697 -0.02855337 -0.05062736]
[2024-04-23 22:42:42,726][root][INFO] - Reward: -0.999999190087102
[2024-04-23 22:42:42,726][root][INFO] - --------------- Start iteration i=30 ---------------
[2024-04-23 22:42:42,726][root][INFO] - Length of data.x: 31
[2024-04-23 22:42:42,727][root][INFO] - Length of data.y: 31
[2024-04-23 22:42:49,758][root][INFO] - Eval Returns: [-15.39253964 -11.16945567 -23.15403133 -12.55608048 -17.43252513]
[2024-04-23 22:42:49,767][root][INFO] - Eval Returns: mean=-15.941 std=4.214
[2024-04-23 22:42:49,767][root][INFO] - Eval ndata: 31.000
[2024-04-23 22:42:49,767][root][INFO] - Model MSE (current real MPC): 0.290
[2024-04-23 22:42:50,789][root][INFO] - Model MSE (random test set): 0.035
[2024-04-23 22:42:50,789][root][INFO] - Model MSE (GT MPC): 0.004
[2024-04-23 22:42:50,789][root][INFO] - Model Likelihood (random test set): -3.757
[2024-04-23 22:42:50,789][root][INFO] - Model Likelihood (GT MPC): -3.699
[2024-04-23 22:42:50,789][root][INFO] - *[TIME] [Evaluate the current MPC policy] Elapsed: 7.95 seconds
[2024-04-23 22:42:55,675][root][INFO] - x: [-0.04164109 -0.0708213  -0.74499001 -0.08650855  0.35429773]
[2024-04-23 22:42:55,675][root][INFO] - y: [-0.00708213  0.07280028 -0.06884137 -0.12118318]
[2024-04-23 22:42:55,676][root][INFO] - Reward: -0.9999997073013158
[2024-04-23 22:42:57,554][root][INFO] - --------------- Start iteration i=31 ---------------
[2024-04-23 22:42:57,554][root][INFO] - Length of data.x: 32
[2024-04-23 22:42:57,554][root][INFO] - Length of data.y: 32
[2024-04-23 22:42:57,678][root][INFO] - x: [-0.04872322  0.00197898 -0.81383137 -0.20769173  0.3059712 ]
[2024-04-23 22:42:57,679][root][INFO] - y: [ 0.0001979   0.09448813 -0.16527596 -0.13299796]
[2024-04-23 22:42:57,679][root][INFO] - Reward: -0.9999988740863586
[2024-04-23 22:42:57,680][root][INFO] - --------------- Start iteration i=32 ---------------
[2024-04-23 22:42:57,680][root][INFO] - Length of data.x: 33
[2024-04-23 22:42:57,680][root][INFO] - Length of data.y: 33
[2024-04-23 22:42:57,800][root][INFO] - x: [-0.04852532  0.09646712 -0.97910734 -0.34068969  0.54354012]
[2024-04-23 22:42:57,800][root][INFO] - y: [ 0.00964671  0.10043978 -0.27111246 -0.10666459]
[2024-04-23 22:42:57,801][root][INFO] - Reward: -0.9997747628450605
[2024-04-23 22:42:57,801][root][INFO] - --------------- Start iteration i=33 ---------------
[2024-04-23 22:42:57,801][root][INFO] - Length of data.x: 34
[2024-04-23 22:42:57,801][root][INFO] - Length of data.y: 34
[2024-04-23 22:42:57,922][root][INFO] - x: [-0.03887861  0.1969069   0.74978021 -0.44735428  0.12191599]
[2024-04-23 22:42:57,923][root][INFO] - y: [ 0.01969069 -0.17341871 -0.35599351  0.19202655]
[2024-04-23 22:42:57,923][root][INFO] - Reward: -0.9117492637845773
[2024-04-23 22:42:57,923][root][INFO] - --------------- Start iteration i=34 ---------------
[2024-04-23 22:42:57,924][root][INFO] - Length of data.x: 35
[2024-04-23 22:42:57,924][root][INFO] - Length of data.y: 35
[2024-04-23 22:42:58,045][root][INFO] - x: [-0.01918792  0.02348819  0.3937867  -0.25532772  0.23953075]
[2024-04-23 22:42:58,046][root][INFO] - y: [ 0.00234882 -0.02358133 -0.20318351  0.08506022]
[2024-04-23 22:42:58,046][root][INFO] - Reward: -0.27227565498337125
[2024-04-23 22:42:58,047][root][INFO] - --------------- Start iteration i=35 ---------------
[2024-04-23 22:42:58,047][root][INFO] - Length of data.x: 36
[2024-04-23 22:42:58,047][root][INFO] - Length of data.y: 36
[2024-04-23 22:42:58,166][root][INFO] - x: [-1.68391026e-02 -9.31349363e-05  1.90603188e-01 -1.70267499e-01
  3.86296882e-01]
[2024-04-23 22:42:58,166][root][INFO] - y: [-9.31349363e-06  5.43665765e-02 -1.35494680e-01  1.00257924e-01]
[2024-04-23 22:42:58,166][root][INFO] - Reward: -0.03398321374132629
[2024-04-23 22:42:58,167][root][INFO] - --------------- Start iteration i=36 ---------------
[2024-04-23 22:42:58,167][root][INFO] - Length of data.x: 37
[2024-04-23 22:42:58,167][root][INFO] - Length of data.y: 37
[2024-04-23 22:42:58,286][root][INFO] - x: [-0.01684842  0.05427344  0.05510851 -0.07000958 -0.00324588]
[2024-04-23 22:42:58,286][root][INFO] - y: [ 0.00542734  0.00721543 -0.0557119   0.02402396]
[2024-04-23 22:42:58,286][root][INFO] - Reward: -0.1009722953003469
[2024-04-23 22:42:58,287][root][INFO] - --------------- Start iteration i=37 ---------------
[2024-04-23 22:42:58,287][root][INFO] - Length of data.x: 38
[2024-04-23 22:42:58,287][root][INFO] - Length of data.y: 38
[2024-04-23 22:42:58,407][root][INFO] - x: [-0.01142107  0.06148887 -0.00060339 -0.04598561  0.05654337]
[2024-04-23 22:42:58,407][root][INFO] - y: [ 0.00614889  0.00795743 -0.03659422  0.00777126]
[2024-04-23 22:42:58,407][root][INFO] - Reward: -0.11355252124895554
[2024-04-23 22:42:58,408][root][INFO] - --------------- Start iteration i=38 ---------------
[2024-04-23 22:42:58,408][root][INFO] - Length of data.x: 39
[2024-04-23 22:42:58,408][root][INFO] - Length of data.y: 39
[2024-04-23 22:42:58,528][root][INFO] - x: [-0.00527219  0.06944629 -0.03719761 -0.03821435  0.12653642]
[2024-04-23 22:42:58,529][root][INFO] - y: [ 0.00694463  0.01246556 -0.03041004  0.00093102]
[2024-04-23 22:42:58,529][root][INFO] - Reward: -0.09319407864643747
[2024-04-23 22:42:58,530][root][INFO] - --------------- Start iteration i=39 ---------------
[2024-04-23 22:42:58,530][root][INFO] - Length of data.x: 40
[2024-04-23 22:42:58,530][root][INFO] - Length of data.y: 40
[2024-04-23 22:42:58,650][root][INFO] - x: [ 0.00167244  0.08191185 -0.06760764 -0.03728333  0.45705528]
[2024-04-23 22:42:58,650][root][INFO] - y: [ 0.00819118  0.0585552  -0.02966915  0.03653862]
[2024-04-23 22:42:58,650][root][INFO] - Reward: -0.05807014691216372
[2024-04-23 22:42:58,651][root][INFO] - --------------- Start iteration i=40 ---------------
[2024-04-23 22:42:58,651][root][INFO] - Length of data.x: 41
[2024-04-23 22:42:58,651][root][INFO] - Length of data.y: 41
[2024-04-23 22:43:06,124][root][INFO] - Eval Returns: [-14.75243533 -14.55252654 -12.67857364 -21.4981515  -21.0950407 ]
[2024-04-23 22:43:06,134][root][INFO] - Eval Returns: mean=-16.915 std=3.652
[2024-04-23 22:43:06,135][root][INFO] - Eval ndata: 41.000
[2024-04-23 22:43:06,135][root][INFO] - Model MSE (current real MPC): 0.386
[2024-04-23 22:43:07,187][root][INFO] - Model MSE (random test set): 0.033
[2024-04-23 22:43:07,187][root][INFO] - Model MSE (GT MPC): 0.005
[2024-04-23 22:43:07,187][root][INFO] - Model Likelihood (random test set): -3.749
[2024-04-23 22:43:07,187][root][INFO] - Model Likelihood (GT MPC): -3.697
[2024-04-23 22:43:07,187][root][INFO] - *[TIME] [Evaluate the current MPC policy] Elapsed: 8.42 seconds
[2024-04-23 22:43:11,848][root][INFO] - x: [ 0.00986363  0.14046705 -0.0972768  -0.00074471  0.10428875]
[2024-04-23 22:43:11,848][root][INFO] - y: [ 0.01404671 -0.00233977 -0.00059262 -0.0317767 ]
[2024-04-23 22:43:11,848][root][INFO] - Reward: -0.032267373656480025
[2024-04-23 22:43:13,842][root][INFO] - --------------- Start iteration i=41 ---------------
[2024-04-23 22:43:13,842][root][INFO] - Length of data.x: 42
[2024-04-23 22:43:13,842][root][INFO] - Length of data.y: 42
[2024-04-23 22:43:13,969][root][INFO] - x: [ 0.02391033  0.13812728 -0.09786942 -0.03252141  0.31714784]
[2024-04-23 22:43:13,970][root][INFO] - y: [ 0.01381273  0.03035028 -0.02587974 -0.00079269]
[2024-04-23 22:43:13,970][root][INFO] - Reward: -0.17762609548084662
[2024-04-23 22:43:13,971][root][INFO] - --------------- Start iteration i=42 ---------------
[2024-04-23 22:43:13,971][root][INFO] - Length of data.x: 43
[2024-04-23 22:43:13,971][root][INFO] - Length of data.y: 43
[2024-04-23 22:43:14,100][root][INFO] - x: [ 0.03772306  0.16847756 -0.12374916 -0.0333141  -0.71995254]
[2024-04-23 22:43:14,101][root][INFO] - y: [ 0.01684776 -0.12697763 -0.02651054 -0.15472477]
[2024-04-23 22:43:14,101][root][INFO] - Reward: -0.4674856926814903
[2024-04-23 22:43:14,101][root][INFO] - --------------- Start iteration i=43 ---------------
[2024-04-23 22:43:14,102][root][INFO] - Length of data.x: 44
[2024-04-23 22:43:14,102][root][INFO] - Length of data.y: 44
[2024-04-23 22:43:14,223][root][INFO] - x: [ 0.05457082  0.04149993 -0.15025969 -0.18803887  0.10982428]
[2024-04-23 22:43:14,224][root][INFO] - y: [ 0.00414999  0.015269   -0.1496367  -0.03105408]
[2024-04-23 22:43:14,224][root][INFO] - Reward: -0.4355119917601675
[2024-04-23 22:43:14,225][root][INFO] - --------------- Start iteration i=44 ---------------
[2024-04-23 22:43:14,225][root][INFO] - Length of data.x: 45
[2024-04-23 22:43:14,225][root][INFO] - Length of data.y: 45
[2024-04-23 22:43:14,353][root][INFO] - x: [ 0.05872081  0.05676893 -0.29989639 -0.21909295 -0.61700464]
[2024-04-23 22:43:14,353][root][INFO] - y: [ 0.00567689 -0.04984895 -0.17434877 -0.10874027]
[2024-04-23 22:43:14,353][root][INFO] - Reward: -0.9137194032644835
[2024-04-23 22:43:14,354][root][INFO] - --------------- Start iteration i=45 ---------------
[2024-04-23 22:43:14,354][root][INFO] - Length of data.x: 46
[2024-04-23 22:43:14,354][root][INFO] - Length of data.y: 46
[2024-04-23 22:43:14,477][root][INFO] - x: [ 0.0643977   0.00691998 -0.47424517 -0.32783322 -0.46742805]
[2024-04-23 22:43:14,477][root][INFO] - y: [ 0.000692    0.05077358 -0.2608816  -0.093775  ]
[2024-04-23 22:43:14,477][root][INFO] - Reward: -0.9997768298018118
[2024-04-23 22:43:14,478][root][INFO] - --------------- Start iteration i=46 ---------------
[2024-04-23 22:43:14,478][root][INFO] - Length of data.x: 47
[2024-04-23 22:43:14,478][root][INFO] - Length of data.y: 47
[2024-04-23 22:43:14,602][root][INFO] - x: [ 0.0650897   0.05769356 -0.73512676 -0.42160821 -0.64053787]
[2024-04-23 22:43:14,602][root][INFO] - y: [ 0.00576936  0.09266532 -0.33550543 -0.13499766]
[2024-04-23 22:43:14,602][root][INFO] - Reward: -0.9999999539107552
[2024-04-23 22:43:14,603][root][INFO] - --------------- Start iteration i=47 ---------------
[2024-04-23 22:43:14,603][root][INFO] - Length of data.x: 48
[2024-04-23 22:43:14,603][root][INFO] - Length of data.y: 48
[2024-04-23 22:43:14,730][root][INFO] - x: [ 0.07085906  0.15035888  0.92936781 -0.55660587 -0.61849489]
[2024-04-23 22:43:14,730][root][INFO] - y: [ 0.01503589 -0.21018205 -0.44293324  0.22664079]
[2024-04-23 22:43:14,730][root][INFO] - Reward: -0.9999999970907599
[2024-04-23 22:43:14,731][root][INFO] - --------------- Start iteration i=48 ---------------
[2024-04-23 22:43:14,731][root][INFO] - Length of data.x: 49
[2024-04-23 22:43:14,731][root][INFO] - Length of data.y: 49
[2024-04-23 22:43:14,860][root][INFO] - x: [ 0.08589495 -0.05982316  0.48643458 -0.32996508 -0.14800196]
[2024-04-23 22:43:14,860][root][INFO] - y: [-0.00598232 -0.11469198 -0.26257808  0.09322434]
[2024-04-23 22:43:14,860][root][INFO] - Reward: -0.9999892089541994
[2024-04-23 22:43:14,861][root][INFO] - --------------- Start iteration i=49 ---------------
[2024-04-23 22:43:14,861][root][INFO] - Length of data.x: 50
[2024-04-23 22:43:14,861][root][INFO] - Length of data.y: 50
[2024-04-23 22:43:14,990][root][INFO] - x: [ 0.07991263 -0.17451514  0.2238565  -0.23674074  0.32395274]
[2024-04-23 22:43:14,991][root][INFO] - y: [-0.01745151  0.02343797 -0.18839245  0.08138404]
[2024-04-23 22:43:14,991][root][INFO] - Reward: -0.9781490135692413
[2024-04-23 22:43:14,991][root][INFO] - Explore episode complete with return -16.58807264793316, resetting
[2024-04-23 22:43:14,991][root][INFO] - Exploration Episode Rewards: [-0.9999900707998688, -0.9999922508481023, -0.9999964810376598, -0.9999985761402822, -0.999999190087102, -0.9999997073013158, -0.9999988740863586, -0.9997747628450605, -0.9117492637845773, -0.27227565498337125, -0.03398321374132629, -0.1009722953003469, -0.11355252124895554, -0.09319407864643747, -0.05807014691216372, -0.032267373656480025, -0.17762609548084662, -0.4674856926814903, -0.4355119917601675, -0.9137194032644835, -0.9997768298018118, -0.9999999539107552, -0.9999999970907599, -0.9999892089541994, -0.9781490135692413]
[2024-04-23 22:43:14,992][root][INFO] - --------------- Start iteration i=50 ---------------
[2024-04-23 22:43:14,992][root][INFO] - Length of data.x: 51
[2024-04-23 22:43:14,992][root][INFO] - Length of data.y: 51
[2024-04-23 22:43:22,945][root][INFO] - Eval Returns: [-21.03122644 -15.15096096 -20.50693411 -17.9677413  -20.22710579]
[2024-04-23 22:43:22,953][root][INFO] - Eval Returns: mean=-18.977 std=2.181
[2024-04-23 22:43:22,954][root][INFO] - Eval ndata: 51.000
[2024-04-23 22:43:22,954][root][INFO] - Model MSE (current real MPC): 0.482
[2024-04-23 22:43:24,057][root][INFO] - Model MSE (random test set): 0.017
[2024-04-23 22:43:24,057][root][INFO] - Model MSE (GT MPC): 0.002
[2024-04-23 22:43:24,057][root][INFO] - Model Likelihood (random test set): -3.738
[2024-04-23 22:43:24,057][root][INFO] - Model Likelihood (GT MPC): -3.695
[2024-04-23 22:43:24,057][root][INFO] - *[TIME] [Evaluate the current MPC policy] Elapsed: 8.94 seconds
