[2024-04-23 21:30:56,753][root][INFO] - Dumper dumping to /tirl/experiments/mpc_frozencartpole_2024-04-23/21-30-36/seed_0
[2024-04-23 21:30:56,780][root][INFO] - Start obs: None
[2024-04-23 21:31:42,220][root][INFO] - GT Returns: [-10.12747844 -11.31754386 -13.01023912 -12.49403721 -10.64378429]
[2024-04-23 21:31:42,221][root][INFO] - GT Returns: mean=-11.519 std=1.088
[2024-04-23 21:31:42,221][root][INFO] - Path Lengths: [36345, 36345, 36345, 36345, 36345]
[2024-04-23 21:31:42,222][root][INFO] - Path Lengths: mean=36345.000 std=0.000
[2024-04-23 21:31:42,322][root][INFO] - all_x.shape = (181725, 5)
[2024-04-23 21:31:42,328][root][INFO] - all_x.min(axis=0) = [-0.59947233 -0.88405842 -0.99999085 -0.83363021 -1.        ]
[2024-04-23 21:31:42,334][root][INFO] - all_x.max(axis=0) = [1.00475534 1.51702671 0.99994806 0.85589227 1.        ]
[2024-04-23 21:31:42,339][root][INFO] - all_x.mean(axis=0) = [-0.00083958  0.00897629 -0.01020232 -0.03010456  0.02829447]
[2024-04-23 21:31:42,352][root][INFO] - all_x.var(axis=0) = [0.00730725 0.03279851 0.23850128 0.0761805  0.23429357]
[2024-04-23 21:31:42,434][root][INFO] - 
============================================================
 Fitting Hyperparameters
============================================================
[2024-04-23 21:31:42,435][root][INFO] - Number of observations in fit_data: 18
[2024-04-23 21:32:06,240][root][INFO] - gp_params for output 0 = {'ls': [138482.17164831317, 3.1032975242450678, 73414.95401788491, 157335.24703998334, 110490.7520907667], 'alpha': 0.191227545020672, 'sigma': 0.010000000000000005, 'n_dimx': 5}
[2024-04-23 21:32:25,117][root][INFO] - gp_params for output 1 = {'ls': [0.20635557797120022, 9134.048968595911, 1160.7473853950587, 1.94529394084443, 0.9644377672443312], 'alpha': 0.21163574210170866, 'sigma': 0.010000000000000005, 'n_dimx': 5}
[2024-04-23 21:32:41,704][root][INFO] - gp_params for output 2 = {'ls': [2830924.972626078, 2566651.778694028, 532452.8139547567, 10.258664396746823, 1118359.7626168984], 'alpha': 4.791918992242088, 'sigma': 0.010000000000000005, 'n_dimx': 5}
[2024-04-23 21:32:59,097][root][INFO] - gp_params for output 3 = {'ls': [1.2463804849527034, 53028.75727922823, 3.428632098321466, 14.601061288684505, 1.0899808408296685], 'alpha': 0.4208426125334036, 'sigma': 0.010000000000000005, 'n_dimx': 5}
