[2024-04-26 11:18:34,517][root][INFO] - Dumper dumping to /tirl/experiments/mpc_rustypendulum_moredata_init_2024-04-26/11-18-29/seed_1
[2024-04-26 11:18:34,522][root][INFO] - Start obs: None
[2024-04-26 11:18:52,115][root][INFO] - GT Returns: [-118.02929839 -245.71029445 -233.26998066 -126.9600678  -233.51407039]
[2024-04-26 11:18:52,115][root][INFO] - GT Returns: mean=-191.497 std=56.590
[2024-04-26 11:18:52,115][root][INFO] - Path Lengths: [39420, 39420, 39420, 39420, 39420]
[2024-04-26 11:18:52,115][root][INFO] - Path Lengths: mean=39420.000 std=0.000
[2024-04-26 11:18:52,187][root][INFO] - all_x.shape = (197100, 3)
[2024-04-26 11:18:52,192][root][INFO] - all_x.min(axis=0) = [-0.99993789 -1.         -1.        ]
[2024-04-26 11:18:52,197][root][INFO] - all_x.max(axis=0) = [0.99994382 1.         1.        ]
[2024-04-26 11:18:52,200][root][INFO] - all_x.mean(axis=0) = [-0.00771077  0.01550114  0.00558035]
[2024-04-26 11:18:52,209][root][INFO] - all_x.var(axis=0) = [0.10484797 0.0994133  0.25762151]
[2024-04-26 11:18:52,269][root][INFO] - --------------- Start iteration i=0 ---------------
[2024-04-26 11:18:52,269][root][INFO] - Length of data.x: 182
[2024-04-26 11:18:52,269][root][INFO] - Length of data.y: 182
[2024-04-26 11:19:45,372][root][INFO] - Eval Returns: [-1863.51048869 -1503.01583243 -1487.38893162 -1412.55261203
    -3.69348499]
[2024-04-26 11:19:45,415][root][INFO] - Eval Returns: mean=-1254.032 std=644.420
[2024-04-26 11:19:45,416][root][INFO] - Eval ndata: 182.000
[2024-04-26 11:19:45,416][root][INFO] - Model MSE (current real MPC): 0.175
[2024-04-26 11:19:45,995][root][INFO] - Model MSE (random test set): 0.004
[2024-04-26 11:19:45,995][root][INFO] - Model MSE (GT MPC): 0.002
[2024-04-26 11:19:45,995][root][INFO] - Model Likelihood (random test set): -1.864
[2024-04-26 11:19:45,995][root][INFO] - Model Likelihood (GT MPC): -1.848
[2024-04-26 11:19:45,995][root][INFO] - *[TIME] [Evaluate the current MPC policy] Elapsed: 53.62 seconds
[2024-04-26 11:19:48,269][root][INFO] - x: [ 0.71628731 -0.10040819  0.67003859]
[2024-04-26 11:19:48,269][root][INFO] - y: [-0.0011116   0.09167769]
[2024-04-26 11:19:48,270][root][INFO] - Reward: -5.0503525840755765
[2024-04-26 11:19:51,468][root][INFO] - --------------- Start iteration i=1 ---------------
[2024-04-26 11:19:51,469][root][INFO] - Length of data.x: 183
[2024-04-26 11:19:51,469][root][INFO] - Length of data.y: 183
[2024-04-26 11:19:51,620][root][INFO] - x: [ 0.71517571 -0.00873049 -0.57950906]
[2024-04-26 11:19:51,621][root][INFO] - y: [0.00581265 0.05438298]
[2024-04-26 11:19:51,621][root][INFO] - Reward: -5.145141573024405
[2024-04-26 11:19:51,623][root][INFO] - --------------- Start iteration i=2 ---------------
[2024-04-26 11:19:51,623][root][INFO] - Length of data.x: 184
[2024-04-26 11:19:51,623][root][INFO] - Length of data.y: 184
[2024-04-26 11:19:51,772][root][INFO] - x: [ 0.72098836  0.04565249 -0.35921281]
[2024-04-26 11:19:51,773][root][INFO] - y: [0.01327119 0.05857923]
[2024-04-26 11:19:51,773][root][INFO] - Reward: -5.391117509828128
[2024-04-26 11:19:51,775][root][INFO] - --------------- Start iteration i=3 ---------------
[2024-04-26 11:19:51,775][root][INFO] - Length of data.x: 185
[2024-04-26 11:19:51,775][root][INFO] - Length of data.y: 185
[2024-04-26 11:19:51,924][root][INFO] - x: [0.73425956 0.10423172 0.43444114]
[2024-04-26 11:19:51,925][root][INFO] - y: [0.02419286 0.08577854]
[2024-04-26 11:19:51,925][root][INFO] - Reward: -5.909310771618313
[2024-04-26 11:19:51,928][root][INFO] - --------------- Start iteration i=4 ---------------
[2024-04-26 11:19:51,928][root][INFO] - Length of data.x: 186
[2024-04-26 11:19:51,928][root][INFO] - Length of data.y: 186
[2024-04-26 11:19:52,079][root][INFO] - x: [ 0.75845241  0.19001025 -0.33307975]
[2024-04-26 11:19:52,080][root][INFO] - y: [0.0308159 0.0520173]
[2024-04-26 11:19:52,080][root][INFO] - Reward: -6.523554634289213
[2024-04-26 11:19:52,082][root][INFO] - --------------- Start iteration i=5 ---------------
[2024-04-26 11:19:52,083][root][INFO] - Length of data.x: 187
[2024-04-26 11:19:52,083][root][INFO] - Length of data.y: 187
[2024-04-26 11:20:56,006][root][INFO] - Eval Returns: [ -126.82970087 -1208.34830013 -1784.34593113  -133.62347649
  -371.62738137]
[2024-04-26 11:20:56,041][root][INFO] - Eval Returns: mean=-724.955 std=661.551
[2024-04-26 11:20:56,041][root][INFO] - Eval ndata: 187.000
[2024-04-26 11:20:56,042][root][INFO] - Model MSE (current real MPC): 0.124
[2024-04-26 11:20:56,624][root][INFO] - Model MSE (random test set): 0.004
[2024-04-26 11:20:56,624][root][INFO] - Model MSE (GT MPC): 0.002
[2024-04-26 11:20:56,624][root][INFO] - Model Likelihood (random test set): -1.872
[2024-04-26 11:20:56,624][root][INFO] - Model Likelihood (GT MPC): -1.852
[2024-04-26 11:20:56,624][root][INFO] - *[TIME] [Evaluate the current MPC policy] Elapsed: 64.39 seconds
[2024-04-26 11:21:00,451][root][INFO] - x: [ 0.78926832  0.24202756 -0.63689096]
[2024-04-26 11:21:00,451][root][INFO] - y: [0.03576628 0.03888016]
[2024-04-26 11:21:00,452][root][INFO] - Reward: -7.22470433436841
[2024-04-26 11:21:02,851][root][INFO] - --------------- Start iteration i=6 ---------------
[2024-04-26 11:21:02,851][root][INFO] - Length of data.x: 188
[2024-04-26 11:21:02,851][root][INFO] - Length of data.y: 188
[2024-04-26 11:21:02,975][root][INFO] - x: [ 0.8250346   0.28090771 -0.6869327 ]
[2024-04-26 11:21:02,975][root][INFO] - y: [0.03961472 0.03022555]
[2024-04-26 11:21:02,976][root][INFO] - Reward: -8.000131102254302
[2024-04-26 11:21:02,977][root][INFO] - --------------- Start iteration i=7 ---------------
[2024-04-26 11:21:02,977][root][INFO] - Length of data.x: 189
[2024-04-26 11:21:02,977][root][INFO] - Length of data.y: 189
[2024-04-26 11:21:03,083][root][INFO] - x: [ 0.86464931  0.31113326 -0.28859715]
[2024-04-26 11:21:03,083][root][INFO] - y: [0.04316084 0.02785118]
[2024-04-26 11:21:03,083][root][INFO] - Reward: -8.869491683060723
[2024-04-26 11:21:03,085][root][INFO] - --------------- Start iteration i=8 ---------------
[2024-04-26 11:21:03,085][root][INFO] - Length of data.x: 190
[2024-04-26 11:21:03,085][root][INFO] - Length of data.y: 190
[2024-04-26 11:21:03,186][root][INFO] - x: [ 0.90781015  0.33898444 -0.74478228]
[2024-04-26 11:21:03,186][root][INFO] - y: [0.0441825  0.00802414]
[2024-04-26 11:21:03,186][root][INFO] - Reward: -9.717598937533815
[2024-04-26 11:21:03,188][root][INFO] - --------------- Start iteration i=9 ---------------
[2024-04-26 11:21:03,188][root][INFO] - Length of data.x: 191
[2024-04-26 11:21:03,188][root][INFO] - Length of data.y: 191
[2024-04-26 11:21:03,292][root][INFO] - x: [ 0.95199266  0.34700858 -0.1832449 ]
[2024-04-26 11:21:03,292][root][INFO] - y: [0.04510103 0.0072141 ]
[2024-04-26 11:21:03,292][root][INFO] - Reward: -10.615485995697439
[2024-04-26 11:21:03,294][root][INFO] - --------------- Start iteration i=10 ---------------
[2024-04-26 11:21:03,294][root][INFO] - Length of data.x: 192
[2024-04-26 11:21:03,294][root][INFO] - Length of data.y: 192
[2024-04-26 11:21:55,515][root][INFO] - Eval Returns: [-1419.92034291 -1544.34423721  -123.9281659   -124.16098108
  -125.23275858]
[2024-04-26 11:21:55,556][root][INFO] - Eval Returns: mean=-667.517 std=666.293
[2024-04-26 11:21:55,556][root][INFO] - Eval ndata: 192.000
[2024-04-26 11:21:55,557][root][INFO] - Model MSE (current real MPC): 0.118
[2024-04-26 11:21:56,143][root][INFO] - Model MSE (random test set): 0.003
[2024-04-26 11:21:56,143][root][INFO] - Model MSE (GT MPC): 0.001
[2024-04-26 11:21:56,143][root][INFO] - Model Likelihood (random test set): -1.861
[2024-04-26 11:21:56,143][root][INFO] - Model Likelihood (GT MPC): -1.847
[2024-04-26 11:21:56,143][root][INFO] - *[TIME] [Evaluate the current MPC policy] Elapsed: 52.75 seconds
[2024-04-26 11:22:00,436][root][INFO] - x: [ 0.99709369  0.35422268 -1.        ]
[2024-04-26 11:22:00,436][root][INFO] - y: [ 0.04282269 -0.01789404]
[2024-04-26 11:22:00,436][root][INFO] - Reward: -9.825361113607094
[2024-04-26 11:22:02,724][root][INFO] - --------------- Start iteration i=11 ---------------
[2024-04-26 11:22:02,724][root][INFO] - Length of data.x: 193
[2024-04-26 11:22:02,724][root][INFO] - Length of data.y: 193
[2024-04-26 11:22:02,823][root][INFO] - x: [-0.96008362  0.33632864  0.12872216]
[2024-04-26 11:22:02,824][root][INFO] - y: [ 0.04194435 -0.00689847]
[2024-04-26 11:22:02,824][root][INFO] - Reward: -9.014498247079642
[2024-04-26 11:22:02,825][root][INFO] - --------------- Start iteration i=12 ---------------
[2024-04-26 11:22:02,825][root][INFO] - Length of data.x: 194
[2024-04-26 11:22:02,825][root][INFO] - Length of data.y: 194
[2024-04-26 11:22:02,921][root][INFO] - x: [-0.91813927  0.32943017  0.9874382 ]
[2024-04-26 11:22:02,922][root][INFO] - y: [0.04362297 0.01318385]
[2024-04-26 11:22:02,922][root][INFO] - Reward: -8.303224345082064
[2024-04-26 11:22:02,923][root][INFO] - --------------- Start iteration i=13 ---------------
[2024-04-26 11:22:02,924][root][INFO] - Length of data.x: 195
[2024-04-26 11:22:02,924][root][INFO] - Length of data.y: 195
[2024-04-26 11:22:03,020][root][INFO] - x: [-0.8745163   0.34261402  0.77026095]
[2024-04-26 11:22:03,020][root][INFO] - y: [ 0.042716   -0.00712336]
[2024-04-26 11:22:03,020][root][INFO] - Reward: -7.551416932863511
[2024-04-26 11:22:03,022][root][INFO] - --------------- Start iteration i=14 ---------------
[2024-04-26 11:22:03,022][root][INFO] - Length of data.x: 196
[2024-04-26 11:22:03,022][root][INFO] - Length of data.y: 196
[2024-04-26 11:22:03,118][root][INFO] - x: [-0.8318003   0.33549067  0.32230427]
[2024-04-26 11:22:03,118][root][INFO] - y: [ 0.03823686 -0.03517906]
[2024-04-26 11:22:03,118][root][INFO] - Reward: -6.792926743600038
[2024-04-26 11:22:03,120][root][INFO] - --------------- Start iteration i=15 ---------------
[2024-04-26 11:22:03,120][root][INFO] - Length of data.x: 197
[2024-04-26 11:22:03,120][root][INFO] - Length of data.y: 197
[2024-04-26 11:22:55,789][root][INFO] - Eval Returns: [-127.8611749  -388.55416011 -120.25410777 -125.89750105 -452.55445812]
[2024-04-26 11:22:55,830][root][INFO] - Eval Returns: mean=-243.024 std=146.380
[2024-04-26 11:22:55,830][root][INFO] - Eval ndata: 197.000
[2024-04-26 11:22:55,830][root][INFO] - Model MSE (current real MPC): 0.035
[2024-04-26 11:22:56,426][root][INFO] - Model MSE (random test set): 0.000
[2024-04-26 11:22:56,426][root][INFO] - Model MSE (GT MPC): 0.000
[2024-04-26 11:22:56,426][root][INFO] - Model Likelihood (random test set): -1.851
[2024-04-26 11:22:56,426][root][INFO] - Model Likelihood (GT MPC): -1.844
[2024-04-26 11:22:56,426][root][INFO] - *[TIME] [Evaluate the current MPC policy] Elapsed: 53.21 seconds
[2024-04-26 11:22:59,977][root][INFO] - x: [-0.79356344  0.30031161  1.        ]
[2024-04-26 11:22:59,978][root][INFO] - y: [ 0.03580151 -0.01912716]
[2024-04-26 11:22:59,978][root][INFO] - Reward: -6.17717219787975
[2024-04-26 11:23:01,993][root][INFO] - --------------- Start iteration i=16 ---------------
[2024-04-26 11:23:01,993][root][INFO] - Length of data.x: 198
[2024-04-26 11:23:01,993][root][INFO] - Length of data.y: 198
[2024-04-26 11:23:02,145][root][INFO] - x: [-0.75776193  0.28118444  0.4944446 ]
[2024-04-26 11:23:02,146][root][INFO] - y: [ 0.02993016 -0.04611354]
[2024-04-26 11:23:02,147][root][INFO] - Reward: -5.582946772045512
[2024-04-26 11:23:02,149][root][INFO] - --------------- Start iteration i=17 ---------------
[2024-04-26 11:23:02,149][root][INFO] - Length of data.x: 199
[2024-04-26 11:23:02,149][root][INFO] - Length of data.y: 199
[2024-04-26 11:23:02,302][root][INFO] - x: [-0.72783177  0.23507091  0.77051655]
[2024-04-26 11:23:02,302][root][INFO] - y: [ 0.02460175 -0.04184921]
[2024-04-26 11:23:02,303][root][INFO] - Reward: -5.122156451106523
[2024-04-26 11:23:02,305][root][INFO] - --------------- Start iteration i=18 ---------------
[2024-04-26 11:23:02,305][root][INFO] - Length of data.x: 200
[2024-04-26 11:23:02,305][root][INFO] - Length of data.y: 200
[2024-04-26 11:23:02,456][root][INFO] - x: [-0.70323002  0.19322169  0.87769665]
[2024-04-26 11:23:02,457][root][INFO] - y: [ 0.01920721 -0.04236865]
[2024-04-26 11:23:02,457][root][INFO] - Reward: -4.766585895794056
[2024-04-26 11:23:02,460][root][INFO] - --------------- Start iteration i=19 ---------------
[2024-04-26 11:23:02,460][root][INFO] - Length of data.x: 201
[2024-04-26 11:23:02,460][root][INFO] - Length of data.y: 201
[2024-04-26 11:23:02,613][root][INFO] - x: [-0.68402282  0.15085304  0.62440068]
[2024-04-26 11:23:02,613][root][INFO] - y: [ 0.01219171 -0.05509955]
[2024-04-26 11:23:02,614][root][INFO] - Reward: -4.51495500843156
[2024-04-26 11:23:02,616][root][INFO] - --------------- Start iteration i=20 ---------------
[2024-04-26 11:23:02,617][root][INFO] - Length of data.x: 202
[2024-04-26 11:23:02,617][root][INFO] - Length of data.y: 202
[2024-04-26 11:23:59,776][root][INFO] - Eval Returns: [-122.91383671 -237.97201829 -354.85149314 -121.56664714 -120.53491734]
[2024-04-26 11:23:59,819][root][INFO] - Eval Returns: mean=-191.568 std=93.246
[2024-04-26 11:23:59,819][root][INFO] - Eval ndata: 202.000
[2024-04-26 11:23:59,820][root][INFO] - Model MSE (current real MPC): 0.032
[2024-04-26 11:24:00,429][root][INFO] - Model MSE (random test set): 0.000
[2024-04-26 11:24:00,430][root][INFO] - Model MSE (GT MPC): 0.000
[2024-04-26 11:24:00,430][root][INFO] - Model Likelihood (random test set): -1.849
[2024-04-26 11:24:00,430][root][INFO] - Model Likelihood (GT MPC): -1.843
[2024-04-26 11:24:00,430][root][INFO] - *[TIME] [Evaluate the current MPC policy] Elapsed: 57.66 seconds
[2024-04-26 11:24:04,942][root][INFO] - x: [-0.67183111  0.09575349 -0.58305418]
[2024-04-26 11:24:04,942][root][INFO] - y: [-0.00083139 -0.10228323]
[2024-04-26 11:24:04,942][root][INFO] - Reward: -4.467380573979695
[2024-04-26 11:24:08,526][root][INFO] - --------------- Start iteration i=21 ---------------
[2024-04-26 11:24:08,526][root][INFO] - Length of data.x: 203
[2024-04-26 11:24:08,526][root][INFO] - Length of data.y: 203
[2024-04-26 11:24:08,652][root][INFO] - x: [-0.6726625  -0.00652974 -1.        ]
[2024-04-26 11:24:08,652][root][INFO] - y: [-0.01582921 -0.11779257]
[2024-04-26 11:24:08,652][root][INFO] - Reward: -4.781316952293466
[2024-04-26 11:24:08,654][root][INFO] - --------------- Start iteration i=22 ---------------
[2024-04-26 11:24:08,654][root][INFO] - Length of data.x: 204
[2024-04-26 11:24:08,654][root][INFO] - Length of data.y: 204
[2024-04-26 11:24:08,757][root][INFO] - x: [-0.68849171 -0.12432231 -0.97275759]
[2024-04-26 11:24:08,757][root][INFO] - y: [-0.03037801 -0.11426603]
[2024-04-26 11:24:08,757][root][INFO] - Reward: -5.468453127193608
[2024-04-26 11:24:08,759][root][INFO] - --------------- Start iteration i=23 ---------------
[2024-04-26 11:24:08,759][root][INFO] - Length of data.x: 205
[2024-04-26 11:24:08,759][root][INFO] - Length of data.y: 205
[2024-04-26 11:24:08,861][root][INFO] - x: [-0.71886972 -0.23858834 -1.        ]
[2024-04-26 11:24:08,861][root][INFO] - y: [-0.04437694 -0.10994735]
[2024-04-26 11:24:08,861][root][INFO] - Reward: -6.5309471960053145
[2024-04-26 11:24:08,863][root][INFO] - --------------- Start iteration i=24 ---------------
[2024-04-26 11:24:08,863][root][INFO] - Length of data.x: 206
[2024-04-26 11:24:08,863][root][INFO] - Length of data.y: 206
[2024-04-26 11:24:08,965][root][INFO] - x: [-0.76324666 -0.34853569 -1.        ]
[2024-04-26 11:24:08,965][root][INFO] - y: [-0.05723359 -0.10097591]
[2024-04-26 11:24:08,965][root][INFO] - Reward: -7.941286405327162
[2024-04-26 11:24:08,967][root][INFO] - --------------- Start iteration i=25 ---------------
[2024-04-26 11:24:08,967][root][INFO] - Length of data.x: 207
[2024-04-26 11:24:08,967][root][INFO] - Length of data.y: 207
[2024-04-26 11:25:03,979][root][INFO] - Eval Returns: [-240.98327323   -0.97374902 -355.86542136 -119.21078697 -456.63193201]
[2024-04-26 11:25:04,020][root][INFO] - Eval Returns: mean=-234.733 std=162.444
[2024-04-26 11:25:04,020][root][INFO] - Eval ndata: 207.000
[2024-04-26 11:25:04,021][root][INFO] - Model MSE (current real MPC): 0.036
[2024-04-26 11:25:04,624][root][INFO] - Model MSE (random test set): 0.000
[2024-04-26 11:25:04,624][root][INFO] - Model MSE (GT MPC): 0.000
[2024-04-26 11:25:04,624][root][INFO] - Model Likelihood (random test set): -1.848
[2024-04-26 11:25:04,624][root][INFO] - Model Likelihood (GT MPC): -1.841
[2024-04-26 11:25:04,624][root][INFO] - *[TIME] [Evaluate the current MPC policy] Elapsed: 55.56 seconds
[2024-04-26 11:25:08,986][root][INFO] - x: [-0.82048025 -0.4495116  -1.        ]
[2024-04-26 11:25:08,986][root][INFO] - y: [-0.06838899 -0.08761427]
[2024-04-26 11:25:08,986][root][INFO] - Reward: -9.6482885188568
[2024-04-26 11:25:11,180][root][INFO] - --------------- Start iteration i=26 ---------------
[2024-04-26 11:25:11,180][root][INFO] - Length of data.x: 208
[2024-04-26 11:25:11,180][root][INFO] - Length of data.y: 208
[2024-04-26 11:25:11,323][root][INFO] - x: [-0.88886924 -0.53712587 -1.        ]
[2024-04-26 11:25:11,323][root][INFO] - y: [-0.07724689 -0.06956982]
[2024-04-26 11:25:11,323][root][INFO] - Reward: -11.571805476420748
[2024-04-26 11:25:11,325][root][INFO] - --------------- Start iteration i=27 ---------------
[2024-04-26 11:25:11,325][root][INFO] - Length of data.x: 209
[2024-04-26 11:25:11,325][root][INFO] - Length of data.y: 209
[2024-04-26 11:25:11,432][root][INFO] - x: [-0.96611613 -0.60669569 -1.        ]
[2024-04-26 11:25:11,433][root][INFO] - y: [-0.08328979 -0.04746078]
[2024-04-26 11:25:11,433][root][INFO] - Reward: -11.66115473269022
[2024-04-26 11:25:11,434][root][INFO] - --------------- Start iteration i=28 ---------------
[2024-04-26 11:25:11,435][root][INFO] - Length of data.x: 210
[2024-04-26 11:25:11,435][root][INFO] - Length of data.y: 210
[2024-04-26 11:25:11,538][root][INFO] - x: [ 0.95059408 -0.65415647 -0.62502194]
[2024-04-26 11:25:11,538][root][INFO] - y: [-0.08383182 -0.00425712]
[2024-04-26 11:25:11,538][root][INFO] - Reward: -10.190822142865791
[2024-04-26 11:25:11,540][root][INFO] - --------------- Start iteration i=29 ---------------
[2024-04-26 11:25:11,540][root][INFO] - Length of data.x: 211
[2024-04-26 11:25:11,540][root][INFO] - Length of data.y: 211
[2024-04-26 11:25:11,645][root][INFO] - x: [ 0.86676226 -0.65841359 -0.31309512]
[2024-04-26 11:25:11,646][root][INFO] - y: [-0.08047495  0.02636476]
[2024-04-26 11:25:11,646][root][INFO] - Reward: -8.658961583740213
[2024-04-26 11:25:11,648][root][INFO] - --------------- Start iteration i=30 ---------------
[2024-04-26 11:25:11,648][root][INFO] - Length of data.x: 212
[2024-04-26 11:25:11,648][root][INFO] - Length of data.y: 212
[2024-04-26 11:26:08,668][root][INFO] - Eval Returns: [-123.66093853 -121.21794001 -122.14877033 -114.60311853 -245.97863042]
[2024-04-26 11:26:08,708][root][INFO] - Eval Returns: mean=-145.522 std=50.324
[2024-04-26 11:26:08,709][root][INFO] - Eval ndata: 212.000
[2024-04-26 11:26:08,709][root][INFO] - Model MSE (current real MPC): 0.024
[2024-04-26 11:26:09,297][root][INFO] - Model MSE (random test set): 0.000
[2024-04-26 11:26:09,297][root][INFO] - Model MSE (GT MPC): 0.000
[2024-04-26 11:26:09,297][root][INFO] - Model Likelihood (random test set): -1.847
[2024-04-26 11:26:09,297][root][INFO] - Model Likelihood (GT MPC): -1.840
[2024-04-26 11:26:09,297][root][INFO] - *[TIME] [Evaluate the current MPC policy] Elapsed: 57.55 seconds
[2024-04-26 11:26:14,612][root][INFO] - x: [ 0.78628731 -0.63204883 -0.53882856]
[2024-04-26 11:26:14,613][root][INFO] - y: [-0.07543673  0.03957012]
[2024-04-26 11:26:14,613][root][INFO] - Reward: -7.23495557134755
[2024-04-26 11:26:16,912][root][INFO] - --------------- Start iteration i=31 ---------------
[2024-04-26 11:26:16,912][root][INFO] - Length of data.x: 213
[2024-04-26 11:26:16,913][root][INFO] - Length of data.y: 213
[2024-04-26 11:26:17,043][root][INFO] - x: [ 0.71085058 -0.59247871 -0.53279314]
[2024-04-26 11:26:17,044][root][INFO] - y: [-0.06841186  0.05517322]
[2024-04-26 11:26:17,044][root][INFO] - Reward: -5.92225493119213
[2024-04-26 11:26:17,045][root][INFO] - --------------- Start iteration i=32 ---------------
[2024-04-26 11:26:17,045][root][INFO] - Length of data.x: 214
[2024-04-26 11:26:17,045][root][INFO] - Length of data.y: 214
[2024-04-26 11:26:17,153][root][INFO] - x: [ 0.64243872 -0.53730549 -1.        ]
[2024-04-26 11:26:17,153][root][INFO] - y: [-0.06003786  0.06576923]
[2024-04-26 11:26:17,153][root][INFO] - Reward: -4.7746960766649185
[2024-04-26 11:26:17,155][root][INFO] - --------------- Start iteration i=33 ---------------
[2024-04-26 11:26:17,155][root][INFO] - Length of data.x: 215
[2024-04-26 11:26:17,155][root][INFO] - Length of data.y: 215
[2024-04-26 11:26:17,262][root][INFO] - x: [ 0.58240086 -0.47153626 -0.93749069]
[2024-04-26 11:26:17,263][root][INFO] - y: [-0.05088629  0.07187624]
[2024-04-26 11:26:17,263][root][INFO] - Reward: -3.8140153602337112
[2024-04-26 11:26:17,264][root][INFO] - --------------- Start iteration i=34 ---------------
[2024-04-26 11:26:17,265][root][INFO] - Length of data.x: 216
[2024-04-26 11:26:17,265][root][INFO] - Length of data.y: 216
[2024-04-26 11:26:17,371][root][INFO] - x: [ 0.53151457 -0.39966002 -0.80143736]
[2024-04-26 11:26:17,371][root][INFO] - y: [-0.04139545  0.0745409 ]
[2024-04-26 11:26:17,372][root][INFO] - Reward: -3.049909267116103
[2024-04-26 11:26:17,373][root][INFO] - --------------- Start iteration i=35 ---------------
[2024-04-26 11:26:17,374][root][INFO] - Length of data.x: 217
[2024-04-26 11:26:17,374][root][INFO] - Length of data.y: 217
[2024-04-26 11:27:15,083][root][INFO] - Eval Returns: [-362.74142899 -237.98330466   -1.35996294 -121.57916712 -242.52811283]
[2024-04-26 11:27:15,125][root][INFO] - Eval Returns: mean=-193.238 std=122.569
[2024-04-26 11:27:15,125][root][INFO] - Eval ndata: 217.000
[2024-04-26 11:27:15,125][root][INFO] - Model MSE (current real MPC): 0.032
[2024-04-26 11:27:15,732][root][INFO] - Model MSE (random test set): 0.000
[2024-04-26 11:27:15,732][root][INFO] - Model MSE (GT MPC): 0.000
[2024-04-26 11:27:15,732][root][INFO] - Model Likelihood (random test set): -1.847
[2024-04-26 11:27:15,732][root][INFO] - Model Likelihood (GT MPC): -1.840
[2024-04-26 11:27:15,732][root][INFO] - *[TIME] [Evaluate the current MPC policy] Elapsed: 58.25 seconds
[2024-04-26 11:27:19,513][root][INFO] - x: [ 0.49011912 -0.32511912 -1.        ]
[2024-04-26 11:27:19,513][root][INFO] - y: [-0.03423923  0.05620484]
[2024-04-26 11:27:19,514][root][INFO] - Reward: -2.517980497721202
[2024-04-26 11:27:21,602][root][INFO] - --------------- Start iteration i=36 ---------------
[2024-04-26 11:27:21,602][root][INFO] - Length of data.x: 218
[2024-04-26 11:27:21,602][root][INFO] - Length of data.y: 218
[2024-04-26 11:27:21,758][root][INFO] - x: [ 0.45587989 -0.26891429 -0.85012062]
[2024-04-26 11:27:21,759][root][INFO] - y: [-0.02647612  0.06097135]
[2024-04-26 11:27:21,759][root][INFO] - Reward: -2.0994612658831895
[2024-04-26 11:27:21,761][root][INFO] - --------------- Start iteration i=37 ---------------
[2024-04-26 11:27:21,761][root][INFO] - Length of data.x: 219
[2024-04-26 11:27:21,761][root][INFO] - Length of data.y: 219
[2024-04-26 11:27:21,873][root][INFO] - x: [ 0.42940377 -0.20794293 -0.93975205]
[2024-04-26 11:27:21,873][root][INFO] - y: [-0.01931885  0.05621303]
[2024-04-26 11:27:21,873][root][INFO] - Reward: -1.810641035691227
[2024-04-26 11:27:21,875][root][INFO] - --------------- Start iteration i=38 ---------------
[2024-04-26 11:27:21,875][root][INFO] - Length of data.x: 220
[2024-04-26 11:27:21,875][root][INFO] - Length of data.y: 220
[2024-04-26 11:27:21,985][root][INFO] - x: [ 0.41008492 -0.15172991 -0.53641523]
[2024-04-26 11:27:21,986][root][INFO] - y: [-0.0104165   0.06991894]
[2024-04-26 11:27:21,986][root][INFO] - Reward: -1.6205062474421386
[2024-04-26 11:27:21,988][root][INFO] - --------------- Start iteration i=39 ---------------
[2024-04-26 11:27:21,988][root][INFO] - Length of data.x: 221
[2024-04-26 11:27:21,988][root][INFO] - Length of data.y: 221
[2024-04-26 11:27:22,102][root][INFO] - x: [ 0.39966842 -0.08181097 -1.        ]
[2024-04-26 11:27:22,102][root][INFO] - y: [-0.00384259  0.05163132]
[2024-04-26 11:27:22,102][root][INFO] - Reward: -1.5561800419659901
[2024-04-26 11:27:22,104][root][INFO] - --------------- Start iteration i=40 ---------------
[2024-04-26 11:27:22,104][root][INFO] - Length of data.x: 222
[2024-04-26 11:27:22,104][root][INFO] - Length of data.y: 222
[2024-04-26 11:28:21,054][root][INFO] - Eval Returns: [-445.93359915 -126.83726483 -474.51304706 -236.00381881 -118.81302732]
[2024-04-26 11:28:21,093][root][INFO] - Eval Returns: mean=-280.420 std=152.803
[2024-04-26 11:28:21,093][root][INFO] - Eval ndata: 222.000
[2024-04-26 11:28:21,093][root][INFO] - Model MSE (current real MPC): 0.048
[2024-04-26 11:28:21,698][root][INFO] - Model MSE (random test set): 0.000
[2024-04-26 11:28:21,699][root][INFO] - Model MSE (GT MPC): 0.000
[2024-04-26 11:28:21,699][root][INFO] - Model Likelihood (random test set): -1.847
[2024-04-26 11:28:21,699][root][INFO] - Model Likelihood (GT MPC): -1.840
[2024-04-26 11:28:21,699][root][INFO] - *[TIME] [Evaluate the current MPC policy] Elapsed: 59.48 seconds
[2024-04-26 11:28:25,171][root][INFO] - x: [ 0.39582583 -0.03017964  0.05520953]
[2024-04-26 11:28:25,171][root][INFO] - y: [0.00772407 0.09084435]
[2024-04-26 11:28:25,172][root][INFO] - Reward: -1.630855587036102
[2024-04-26 11:28:26,963][root][INFO] - --------------- Start iteration i=41 ---------------
[2024-04-26 11:28:26,963][root][INFO] - Length of data.x: 223
[2024-04-26 11:28:26,963][root][INFO] - Length of data.y: 223
[2024-04-26 11:28:27,096][root][INFO] - x: [ 0.4035499   0.0606647  -0.25678229]
[2024-04-26 11:28:27,097][root][INFO] - y: [0.01789086 0.07984975]
[2024-04-26 11:28:27,097][root][INFO] - Reward: -1.8795906985642874
[2024-04-26 11:28:27,099][root][INFO] - --------------- Start iteration i=42 ---------------
[2024-04-26 11:28:27,099][root][INFO] - Length of data.x: 224
[2024-04-26 11:28:27,099][root][INFO] - Length of data.y: 224
[2024-04-26 11:28:27,207][root][INFO] - x: [0.42144076 0.14051445 1.        ]
[2024-04-26 11:28:27,208][root][INFO] - y: [0.03424043 0.12840927]
[2024-04-26 11:28:27,208][root][INFO] - Reward: -2.516225332567401
[2024-04-26 11:28:27,210][root][INFO] - --------------- Start iteration i=43 ---------------
[2024-04-26 11:28:27,210][root][INFO] - Length of data.x: 225
[2024-04-26 11:28:27,210][root][INFO] - Length of data.y: 225
[2024-04-26 11:28:27,318][root][INFO] - x: [0.45568119 0.26892372 1.        ]
[2024-04-26 11:28:27,319][root][INFO] - y: [0.05083619 0.13034277]
[2024-04-26 11:28:27,319][root][INFO] - Reward: -3.556392303924073
[2024-04-26 11:28:27,321][root][INFO] - --------------- Start iteration i=44 ---------------
[2024-04-26 11:28:27,321][root][INFO] - Length of data.x: 226
[2024-04-26 11:28:27,321][root][INFO] - Length of data.y: 226
[2024-04-26 11:28:27,429][root][INFO] - x: [0.50651738 0.3992665  0.78319923]
[2024-04-26 11:28:27,429][root][INFO] - y: [0.06515763 0.11248035]
[2024-04-26 11:28:27,429][root][INFO] - Reward: -4.904024979782205
[2024-04-26 11:28:27,431][root][INFO] - --------------- Start iteration i=45 ---------------
[2024-04-26 11:28:27,431][root][INFO] - Length of data.x: 227
[2024-04-26 11:28:27,431][root][INFO] - Length of data.y: 227
[2024-04-26 11:29:30,899][root][INFO] - Eval Returns: [-352.63115902 -126.3083554  -126.54692033   -5.32661588 -359.89424583]
[2024-04-26 11:29:30,940][root][INFO] - Eval Returns: mean=-194.141 std=139.581
[2024-04-26 11:29:30,940][root][INFO] - Eval ndata: 227.000
[2024-04-26 11:29:30,941][root][INFO] - Model MSE (current real MPC): 0.032
[2024-04-26 11:29:31,552][root][INFO] - Model MSE (random test set): 0.000
[2024-04-26 11:29:31,553][root][INFO] - Model MSE (GT MPC): 0.000
[2024-04-26 11:29:31,553][root][INFO] - Model Likelihood (random test set): -1.848
[2024-04-26 11:29:31,553][root][INFO] - Model Likelihood (GT MPC): -1.840
[2024-04-26 11:29:31,553][root][INFO] - *[TIME] [Evaluate the current MPC policy] Elapsed: 64.01 seconds
[2024-04-26 11:29:34,815][root][INFO] - x: [0.57167501 0.51174685 1.        ]
[2024-04-26 11:29:34,815][root][INFO] - y: [0.07918024 0.11013331]
[2024-04-26 11:29:34,815][root][INFO] - Reward: -6.6599921019167345
[2024-04-26 11:29:36,930][root][INFO] - --------------- Start iteration i=46 ---------------
[2024-04-26 11:29:36,930][root][INFO] - Length of data.x: 228
[2024-04-26 11:29:36,930][root][INFO] - Length of data.y: 228
[2024-04-26 11:29:37,072][root][INFO] - x: [0.65085525 0.62188016 0.65849381]
[2024-04-26 11:29:37,072][root][INFO] - y: [0.09218857 0.1021672 ]
[2024-04-26 11:29:37,073][root][INFO] - Reward: -8.806047965084922
[2024-04-26 11:29:37,074][root][INFO] - --------------- Start iteration i=47 ---------------
[2024-04-26 11:29:37,074][root][INFO] - Length of data.x: 229
[2024-04-26 11:29:37,075][root][INFO] - Length of data.y: 229
[2024-04-26 11:29:37,184][root][INFO] - x: [0.74304382 0.72404736 0.26318534]
[2024-04-26 11:29:37,184][root][INFO] - y: [0.10206808 0.07759346]
[2024-04-26 11:29:37,184][root][INFO] - Reward: -11.162107420126562
[2024-04-26 11:29:37,186][root][INFO] - --------------- Start iteration i=48 ---------------
[2024-04-26 11:29:37,186][root][INFO] - Length of data.x: 230
[2024-04-26 11:29:37,186][root][INFO] - Length of data.y: 230
[2024-04-26 11:29:37,294][root][INFO] - x: [ 0.84511189  0.80164082 -0.26994726]
[2024-04-26 11:29:37,294][root][INFO] - y: [0.10636096 0.03371626]
[2024-04-26 11:29:37,295][root][INFO] - Reward: -13.401308078776674
[2024-04-26 11:29:37,297][root][INFO] - --------------- Start iteration i=49 ---------------
[2024-04-26 11:29:37,297][root][INFO] - Length of data.x: 231
[2024-04-26 11:29:37,297][root][INFO] - Length of data.y: 231
[2024-04-26 11:29:37,405][root][INFO] - x: [0.95147286 0.83535708 0.18869929]
[2024-04-26 11:29:37,405][root][INFO] - y: [0.10907466 0.02131334]
[2024-04-26 11:29:37,405][root][INFO] - Reward: -13.40762813257297
[2024-04-26 11:29:37,407][root][INFO] - --------------- Start iteration i=50 ---------------
[2024-04-26 11:29:37,407][root][INFO] - Length of data.x: 232
[2024-04-26 11:29:37,407][root][INFO] - Length of data.y: 232
[2024-04-26 11:30:44,340][root][INFO] - Eval Returns: [-238.55345557 -122.80663251 -356.11871482 -117.7031211  -355.11978226]
[2024-04-26 11:30:44,382][root][INFO] - Eval Returns: mean=-238.060 std=105.271
[2024-04-26 11:30:44,382][root][INFO] - Eval ndata: 232.000
[2024-04-26 11:30:44,382][root][INFO] - Model MSE (current real MPC): 0.040
[2024-04-26 11:30:45,015][root][INFO] - Model MSE (random test set): 0.000
[2024-04-26 11:30:45,016][root][INFO] - Model MSE (GT MPC): 0.000
[2024-04-26 11:30:45,016][root][INFO] - Model Likelihood (random test set): -1.848
[2024-04-26 11:30:45,016][root][INFO] - Model Likelihood (GT MPC): -1.840
[2024-04-26 11:30:45,016][root][INFO] - *[TIME] [Evaluate the current MPC policy] Elapsed: 67.50 seconds
[2024-04-26 11:30:48,098][root][INFO] - x: [-0.93945248  0.85667042  0.7179614 ]
[2024-04-26 11:30:48,099][root][INFO] - y: [0.11024581 0.00919819]
[2024-04-26 11:30:48,099][root][INFO] - Reward: -11.586503407467406
[2024-04-26 11:30:49,645][root][INFO] - --------------- Start iteration i=51 ---------------
[2024-04-26 11:30:49,645][root][INFO] - Length of data.x: 233
[2024-04-26 11:30:49,645][root][INFO] - Length of data.y: 233
[2024-04-26 11:30:49,819][root][INFO] - x: [-0.82920667  0.86586861  0.39886691]
[2024-04-26 11:30:49,820][root][INFO] - y: [ 0.10604844 -0.03296609]
[2024-04-26 11:30:49,820][root][INFO] - Reward: -9.60187380672879
[2024-04-26 11:30:49,823][root][INFO] - --------------- Start iteration i=52 ---------------
[2024-04-26 11:30:49,823][root][INFO] - Length of data.x: 234
[2024-04-26 11:30:49,823][root][INFO] - Length of data.y: 234
[2024-04-26 11:30:49,998][root][INFO] - x: [-0.72315823  0.83290252 -0.17414538]
[2024-04-26 11:30:49,998][root][INFO] - y: [ 0.09609558 -0.0781696 ]
[2024-04-26 11:30:49,999][root][INFO] - Reward: -7.5265040537239845
[2024-04-26 11:30:50,002][root][INFO] - --------------- Start iteration i=53 ---------------
[2024-04-26 11:30:50,002][root][INFO] - Length of data.x: 235
[2024-04-26 11:30:50,002][root][INFO] - Length of data.y: 235
[2024-04-26 11:30:50,177][root][INFO] - x: [-0.62706265  0.75473292  0.0384735 ]
[2024-04-26 11:30:50,177][root][INFO] - y: [ 0.08528111 -0.08493665]
[2024-04-26 11:30:50,178][root][INFO] - Reward: -5.76821689336664
[2024-04-26 11:30:50,181][root][INFO] - --------------- Start iteration i=54 ---------------
[2024-04-26 11:30:50,181][root][INFO] - Length of data.x: 236
[2024-04-26 11:30:50,181][root][INFO] - Length of data.y: 236
[2024-04-26 11:30:50,355][root][INFO] - x: [-0.54178154  0.66979627  0.5002907 ]
[2024-04-26 11:30:50,355][root][INFO] - y: [ 0.07583588 -0.07418263]
[2024-04-26 11:30:50,355][root][INFO] - Reward: -4.414181163715769
[2024-04-26 11:30:50,359][root][INFO] - --------------- Start iteration i=55 ---------------
[2024-04-26 11:30:50,359][root][INFO] - Length of data.x: 237
[2024-04-26 11:30:50,359][root][INFO] - Length of data.y: 237
[2024-04-26 11:31:53,788][root][INFO] - Eval Returns: [-447.79321819 -121.08584898 -125.48094176 -239.42090949 -118.46400739]
[2024-04-26 11:31:53,831][root][INFO] - Eval Returns: mean=-210.449 std=127.152
[2024-04-26 11:31:53,835][root][INFO] - Eval ndata: 237.000
[2024-04-26 11:31:53,836][root][INFO] - Model MSE (current real MPC): 0.036
[2024-04-26 11:31:54,464][root][INFO] - Model MSE (random test set): 0.000
[2024-04-26 11:31:54,464][root][INFO] - Model MSE (GT MPC): 0.000
[2024-04-26 11:31:54,464][root][INFO] - Model Likelihood (random test set): -1.849
[2024-04-26 11:31:54,464][root][INFO] - Model Likelihood (GT MPC): -1.840
[2024-04-26 11:31:54,464][root][INFO] - *[TIME] [Evaluate the current MPC policy] Elapsed: 63.93 seconds
[2024-04-26 11:31:57,717][root][INFO] - x: [-0.46594566  0.59561364  0.17951645]
[2024-04-26 11:31:57,717][root][INFO] - y: [ 0.06482464 -0.08648213]
[2024-04-26 11:31:57,717][root][INFO] - Reward: -3.247104702403338
[2024-04-26 11:31:59,340][root][INFO] - --------------- Start iteration i=56 ---------------
[2024-04-26 11:31:59,340][root][INFO] - Length of data.x: 238
[2024-04-26 11:31:59,340][root][INFO] - Length of data.y: 238
[2024-04-26 11:31:59,519][root][INFO] - x: [-0.40112103  0.50913151  0.30667821]
[2024-04-26 11:31:59,520][root][INFO] - y: [ 0.0549236  -0.07776259]
[2024-04-26 11:31:59,520][root][INFO] - Reward: -2.3741811527256624
[2024-04-26 11:31:59,524][root][INFO] - --------------- Start iteration i=57 ---------------
[2024-04-26 11:31:59,524][root][INFO] - Length of data.x: 239
[2024-04-26 11:31:59,524][root][INFO] - Length of data.y: 239
[2024-04-26 11:31:59,702][root][INFO] - x: [-0.34619743  0.43136892  0.68538959]
[2024-04-26 11:31:59,702][root][INFO] - y: [ 0.04762598 -0.05731536]
[2024-04-26 11:31:59,703][root][INFO] - Reward: -1.7771669353312545
[2024-04-26 11:31:59,706][root][INFO] - --------------- Start iteration i=58 ---------------
[2024-04-26 11:31:59,706][root][INFO] - Length of data.x: 240
[2024-04-26 11:31:59,706][root][INFO] - Length of data.y: 240
[2024-04-26 11:31:59,885][root][INFO] - x: [-0.29857145  0.37405356  0.19245459]
[2024-04-26 11:31:59,886][root][INFO] - y: [ 0.03891954 -0.06838023]
[2024-04-26 11:31:59,886][root][INFO] - Reward: -1.263539808177213
[2024-04-26 11:31:59,890][root][INFO] - --------------- Start iteration i=59 ---------------
[2024-04-26 11:31:59,890][root][INFO] - Length of data.x: 241
[2024-04-26 11:31:59,890][root][INFO] - Length of data.y: 241
[2024-04-26 11:32:00,017][root][INFO] - x: [-0.25965192  0.30567333  0.19377947]
[2024-04-26 11:32:00,018][root][INFO] - y: [ 0.03115228 -0.06100386]
[2024-04-26 11:32:00,018][root][INFO] - Reward: -0.8985869927703253
[2024-04-26 11:32:00,021][root][INFO] - --------------- Start iteration i=60 ---------------
[2024-04-26 11:32:00,021][root][INFO] - Length of data.x: 242
[2024-04-26 11:32:00,021][root][INFO] - Length of data.y: 242
[2024-04-26 11:33:03,585][root][INFO] - Eval Returns: [-122.4397319  -114.7967604  -124.80628414   -0.90014048   -1.43382196]
[2024-04-26 11:33:03,628][root][INFO] - Eval Returns: mean=-72.875 std=58.643
[2024-04-26 11:33:03,628][root][INFO] - Eval ndata: 242.000
[2024-04-26 11:33:03,628][root][INFO] - Model MSE (current real MPC): 0.012
[2024-04-26 11:33:04,259][root][INFO] - Model MSE (random test set): 0.000
[2024-04-26 11:33:04,259][root][INFO] - Model MSE (GT MPC): 0.000
[2024-04-26 11:33:04,259][root][INFO] - Model Likelihood (random test set): -1.850
[2024-04-26 11:33:04,259][root][INFO] - Model Likelihood (GT MPC): -1.840
[2024-04-26 11:33:04,259][root][INFO] - *[TIME] [Evaluate the current MPC policy] Elapsed: 64.12 seconds
[2024-04-26 11:33:07,801][root][INFO] - x: [-0.22849963  0.24466947  0.84733271]
[2024-04-26 11:33:07,801][root][INFO] - y: [ 0.02734646 -0.02989085]
[2024-04-26 11:33:07,801][root][INFO] - Reward: -0.6974528195576791
[2024-04-26 11:33:09,361][root][INFO] - --------------- Start iteration i=61 ---------------
[2024-04-26 11:33:09,361][root][INFO] - Length of data.x: 243
[2024-04-26 11:33:09,361][root][INFO] - Length of data.y: 243
[2024-04-26 11:33:09,540][root][INFO] - x: [-0.20115317  0.21477862  0.33512943]
[2024-04-26 11:33:09,541][root][INFO] - y: [ 0.02189548 -0.04281192]
[2024-04-26 11:33:09,542][root][INFO] - Reward: -0.506856700538586
[2024-04-26 11:33:09,545][root][INFO] - --------------- Start iteration i=62 ---------------
[2024-04-26 11:33:09,545][root][INFO] - Length of data.x: 244
[2024-04-26 11:33:09,545][root][INFO] - Length of data.y: 244
[2024-04-26 11:33:09,723][root][INFO] - x: [-0.17925769  0.17196669  0.9647085 ]
[2024-04-26 11:33:09,723][root][INFO] - y: [ 0.02012918 -0.01387246]
[2024-04-26 11:33:09,723][root][INFO] - Reward: -0.4135998532510268
[2024-04-26 11:33:09,726][root][INFO] - --------------- Start iteration i=63 ---------------
[2024-04-26 11:33:09,726][root][INFO] - Length of data.x: 245
[2024-04-26 11:33:09,726][root][INFO] - Length of data.y: 245
[2024-04-26 11:33:09,907][root][INFO] - x: [-0.15912851  0.15809423  0.36661603]
[2024-04-26 11:33:09,908][root][INFO] - y: [ 0.01615779 -0.03119121]
[2024-04-26 11:33:09,908][root][INFO] - Reward: -0.30534653445960447
[2024-04-26 11:33:09,912][root][INFO] - --------------- Start iteration i=64 ---------------
[2024-04-26 11:33:09,912][root][INFO] - Length of data.x: 246
[2024-04-26 11:33:09,912][root][INFO] - Length of data.y: 246
[2024-04-26 11:33:10,090][root][INFO] - x: [-0.14297072  0.12690302  0.65502132]
[2024-04-26 11:33:10,090][root][INFO] - y: [ 0.01410235 -0.01614344]
[2024-04-26 11:33:10,091][root][INFO] - Reward: -0.24413447974644795
[2024-04-26 11:33:10,094][root][INFO] - --------------- Start iteration i=65 ---------------
[2024-04-26 11:33:10,094][root][INFO] - Length of data.x: 247
[2024-04-26 11:33:10,094][root][INFO] - Length of data.y: 247
[2024-04-26 11:34:19,161][root][INFO] - Eval Returns: [-124.42139818 -124.90673695 -125.22182577   -1.97711776 -428.53087457]
[2024-04-26 11:34:19,204][root][INFO] - Eval Returns: mean=-161.012 std=141.973
[2024-04-26 11:34:19,204][root][INFO] - Eval ndata: 247.000
[2024-04-26 11:34:19,204][root][INFO] - Model MSE (current real MPC): 0.028
[2024-04-26 11:34:19,839][root][INFO] - Model MSE (random test set): 0.000
[2024-04-26 11:34:19,839][root][INFO] - Model MSE (GT MPC): 0.000
[2024-04-26 11:34:19,839][root][INFO] - Model Likelihood (random test set): -1.850
[2024-04-26 11:34:19,839][root][INFO] - Model Likelihood (GT MPC): -1.840
[2024-04-26 11:34:19,839][root][INFO] - *[TIME] [Evaluate the current MPC policy] Elapsed: 69.57 seconds
[2024-04-26 11:34:22,944][root][INFO] - x: [-0.12886837  0.11075958  0.57547994]
[2024-04-26 11:34:22,944][root][INFO] - y: [ 0.01214843 -0.015346  ]
[2024-04-26 11:34:22,944][root][INFO] - Reward: -0.19404770361638268
[2024-04-26 11:34:24,575][root][INFO] - --------------- Start iteration i=66 ---------------
[2024-04-26 11:34:24,575][root][INFO] - Length of data.x: 248
[2024-04-26 11:34:24,575][root][INFO] - Length of data.y: 248
[2024-04-26 11:34:24,767][root][INFO] - x: [-0.11671993  0.09541358  0.37269335]
[2024-04-26 11:34:24,768][root][INFO] - y: [ 0.00964835 -0.01963564]
[2024-04-26 11:34:24,768][root][INFO] - Reward: -0.15045465288998594
[2024-04-26 11:34:24,772][root][INFO] - --------------- Start iteration i=67 ---------------
[2024-04-26 11:34:24,772][root][INFO] - Length of data.x: 249
[2024-04-26 11:34:24,772][root][INFO] - Length of data.y: 249
[2024-04-26 11:34:24,967][root][INFO] - x: [-0.10707159  0.07577794  0.30108241]
[2024-04-26 11:34:24,968][root][INFO] - y: [ 0.00714602 -0.01965326]
[2024-04-26 11:34:24,968][root][INFO] - Reward: -0.11907166150201479
[2024-04-26 11:34:24,972][root][INFO] - --------------- Start iteration i=68 ---------------
[2024-04-26 11:34:24,973][root][INFO] - Length of data.x: 250
[2024-04-26 11:34:24,973][root][INFO] - Length of data.y: 250
[2024-04-26 11:34:25,169][root][INFO] - x: [-0.09992557  0.05612468  0.7610162 ]
[2024-04-26 11:34:25,170][root][INFO] - y: [ 0.00709364 -0.00041139]
[2024-04-26 11:34:25,171][root][INFO] - Reward: -0.10723596514709496
[2024-04-26 11:34:25,174][root][INFO] - --------------- Start iteration i=69 ---------------
[2024-04-26 11:34:25,175][root][INFO] - Length of data.x: 251
[2024-04-26 11:34:25,175][root][INFO] - Length of data.y: 251
[2024-04-26 11:34:25,368][root][INFO] - x: [-0.09283194  0.05571329  0.55730326]
[2024-04-26 11:34:25,368][root][INFO] - y: [ 0.0063225  -0.00605646]
[2024-04-26 11:34:25,369][root][INFO] - Reward: -0.09088643336662841
[2024-04-26 11:34:25,373][root][INFO] - --------------- Start iteration i=70 ---------------
[2024-04-26 11:34:25,373][root][INFO] - Length of data.x: 252
[2024-04-26 11:34:25,373][root][INFO] - Length of data.y: 252
[2024-04-26 11:35:40,018][root][INFO] - Eval Returns: [-339.97206556 -432.01558884 -116.45092051 -127.15815994 -236.89867147]
[2024-04-26 11:35:40,067][root][INFO] - Eval Returns: mean=-250.499 std=121.918
[2024-04-26 11:35:40,067][root][INFO] - Eval ndata: 252.000
[2024-04-26 11:35:40,068][root][INFO] - Model MSE (current real MPC): 0.044
[2024-04-26 11:35:40,844][root][INFO] - Model MSE (random test set): 0.000
[2024-04-26 11:35:40,844][root][INFO] - Model MSE (GT MPC): 0.000
[2024-04-26 11:35:40,844][root][INFO] - Model Likelihood (random test set): -1.850
[2024-04-26 11:35:40,844][root][INFO] - Model Likelihood (GT MPC): -1.840
[2024-04-26 11:35:40,844][root][INFO] - *[TIME] [Evaluate the current MPC policy] Elapsed: 75.27 seconds
