[2024-04-25 12:48:38,449][root][INFO] - Dumper dumping to /tirl/experiments/mpc_rustypendulum_2024-04-25/12-48-32/seed_4
[2024-04-25 12:48:38,455][root][INFO] - Start obs: None
[2024-04-25 12:49:07,309][root][INFO] - GT Returns: [-120.23014278 -115.88818317 -230.71183501   -2.04119791 -345.85207269]
[2024-04-25 12:49:07,309][root][INFO] - GT Returns: mean=-162.945 std=116.599
[2024-04-25 12:49:07,309][root][INFO] - Path Lengths: [39420, 39420, 39420, 39420, 39420]
[2024-04-25 12:49:07,309][root][INFO] - Path Lengths: mean=39420.000 std=0.000
[2024-04-25 12:49:07,418][root][INFO] - all_x.shape = (197100, 3)
[2024-04-25 12:49:07,424][root][INFO] - all_x.min(axis=0) = [-0.99993082 -1.         -1.        ]
[2024-04-25 12:49:07,430][root][INFO] - all_x.max(axis=0) = [0.99986794 1.         1.        ]
[2024-04-25 12:49:07,434][root][INFO] - all_x.mean(axis=0) = [-0.00467426 -0.01969692  0.01485607]
[2024-04-25 12:49:07,445][root][INFO] - all_x.var(axis=0) = [0.09376481 0.09927374 0.25015761]
[2024-04-25 12:49:07,518][root][INFO] - --------------- Start iteration i=0 ---------------
[2024-04-25 12:49:07,518][root][INFO] - Length of data.x: 1
[2024-04-25 12:49:07,518][root][INFO] - Length of data.y: 1
[2024-04-25 12:49:33,538][root][INFO] - Eval Returns: [-1650.64435422 -1654.061515   -1750.79315283 -1415.09287007
 -1756.77350737]
[2024-04-25 12:49:33,579][root][INFO] - Eval Returns: mean=-1645.473 std=123.819
[2024-04-25 12:49:33,579][root][INFO] - Eval ndata: 1.000
[2024-04-25 12:49:33,580][root][INFO] - Model MSE (current real MPC): 0.107
[2024-04-25 12:49:34,036][root][INFO] - Model MSE (random test set): 0.009
[2024-04-25 12:49:34,036][root][INFO] - Model MSE (GT MPC): 0.004
[2024-04-25 12:49:34,036][root][INFO] - Model Likelihood (random test set): -1.870
[2024-04-25 12:49:34,036][root][INFO] - Model Likelihood (GT MPC): -1.851
[2024-04-25 12:49:34,036][root][INFO] - *[TIME] [Evaluate the current MPC policy] Elapsed: 26.41 seconds
[2024-04-25 12:49:35,353][root][INFO] - x: [ 0.74482104 -0.0272919  -0.91941414]
[2024-04-25 12:49:35,354][root][INFO] - y: [0.00271443 0.048611  ]
[2024-04-25 12:49:35,354][root][INFO] - Reward: -5.52151704740234
[2024-04-25 12:49:38,194][root][INFO] - --------------- Start iteration i=1 ---------------
[2024-04-25 12:49:38,194][root][INFO] - Length of data.x: 2
[2024-04-25 12:49:38,194][root][INFO] - Length of data.y: 2
[2024-04-25 12:49:38,289][root][INFO] - x: [0.74753548 0.0213191  0.26905535]
[2024-04-25 12:49:38,290][root][INFO] - y: [0.01250464 0.0768921 ]
[2024-04-25 12:49:38,290][root][INFO] - Reward: -5.763306024130312
[2024-04-25 12:49:38,291][root][INFO] - --------------- Start iteration i=2 ---------------
[2024-04-25 12:49:38,291][root][INFO] - Length of data.x: 3
[2024-04-25 12:49:38,291][root][INFO] - Length of data.y: 3
[2024-04-25 12:49:38,385][root][INFO] - x: [ 0.76004012  0.0982112  -1.        ]
[2024-04-25 12:49:38,385][root][INFO] - y: [0.0182874  0.04541767]
[2024-04-25 12:49:38,386][root][INFO] - Reward: -6.114971880011079
[2024-04-25 12:49:38,386][root][INFO] - --------------- Start iteration i=3 ---------------
[2024-04-25 12:49:38,386][root][INFO] - Length of data.x: 4
[2024-04-25 12:49:38,386][root][INFO] - Length of data.y: 4
[2024-04-25 12:49:38,483][root][INFO] - x: [ 0.77832751  0.14362888 -0.76632719]
[2024-04-25 12:49:38,483][root][INFO] - y: [0.02355698 0.04138721]
[2024-04-25 12:49:38,483][root][INFO] - Reward: -6.567768045950202
[2024-04-25 12:49:38,484][root][INFO] - --------------- Start iteration i=4 ---------------
[2024-04-25 12:49:38,484][root][INFO] - Length of data.x: 5
[2024-04-25 12:49:38,484][root][INFO] - Length of data.y: 5
[2024-04-25 12:49:38,580][root][INFO] - x: [ 0.80188449  0.18501609 -1.        ]
[2024-04-25 12:49:38,580][root][INFO] - y: [0.02812853 0.03590487]
[2024-04-25 12:49:38,580][root][INFO] - Reward: -7.1157430377069995
[2024-04-25 12:49:38,581][root][INFO] - --------------- Start iteration i=5 ---------------
[2024-04-25 12:49:38,581][root][INFO] - Length of data.x: 6
[2024-04-25 12:49:38,581][root][INFO] - Length of data.y: 6
[2024-04-25 12:50:02,706][root][INFO] - Eval Returns: [-1429.41017968 -1424.34746567 -1527.72800471 -1446.93330455
 -1267.68896705]
[2024-04-25 12:50:02,742][root][INFO] - Eval Returns: mean=-1419.222 std=84.420
[2024-04-25 12:50:02,742][root][INFO] - Eval ndata: 6.000
[2024-04-25 12:50:02,743][root][INFO] - Model MSE (current real MPC): 0.228
[2024-04-25 12:50:03,212][root][INFO] - Model MSE (random test set): 0.017
[2024-04-25 12:50:03,212][root][INFO] - Model MSE (GT MPC): 0.021
[2024-04-25 12:50:03,212][root][INFO] - Model Likelihood (random test set): -1.902
[2024-04-25 12:50:03,212][root][INFO] - Model Likelihood (GT MPC): -1.924
[2024-04-25 12:50:03,212][root][INFO] - *[TIME] [Evaluate the current MPC policy] Elapsed: 24.54 seconds
[2024-04-25 12:50:06,730][root][INFO] - x: [ 0.83001302  0.22092096 -1.        ]
[2024-04-25 12:50:06,731][root][INFO] - y: [0.03181702 0.02896933]
[2024-04-25 12:50:06,731][root][INFO] - Reward: -7.734308114138576
[2024-04-25 12:50:08,844][root][INFO] - --------------- Start iteration i=6 ---------------
[2024-04-25 12:50:08,844][root][INFO] - Length of data.x: 7
[2024-04-25 12:50:08,844][root][INFO] - Length of data.y: 7
[2024-04-25 12:50:08,949][root][INFO] - x: [ 0.86183004  0.24989029 -0.97125064]
[2024-04-25 12:50:08,950][root][INFO] - y: [0.03444988 0.02067845]
[2024-04-25 12:50:08,950][root][INFO] - Reward: -8.400729251228041
[2024-04-25 12:50:08,951][root][INFO] - --------------- Start iteration i=7 ---------------
[2024-04-25 12:50:08,951][root][INFO] - Length of data.x: 8
[2024-04-25 12:50:08,951][root][INFO] - Length of data.y: 8
[2024-04-25 12:50:09,062][root][INFO] - x: [ 0.89627992  0.27056874 -0.87477216]
[2024-04-25 12:50:09,062][root][INFO] - y: [0.03588359 0.01126036]
[2024-04-25 12:50:09,062][root][INFO] - Reward: -9.08738199259731
[2024-04-25 12:50:09,063][root][INFO] - --------------- Start iteration i=8 ---------------
[2024-04-25 12:50:09,063][root][INFO] - Length of data.x: 9
[2024-04-25 12:50:09,063][root][INFO] - Length of data.y: 9
[2024-04-25 12:50:09,173][root][INFO] - x: [ 0.93216352  0.2818291  -0.73445959]
[2024-04-25 12:50:09,174][root][INFO] - y: [0.03602093 0.00107859]
[2024-04-25 12:50:09,174][root][INFO] - Reward: -9.765974260617632
[2024-04-25 12:50:09,175][root][INFO] - --------------- Start iteration i=9 ---------------
[2024-04-25 12:50:09,175][root][INFO] - Length of data.x: 10
[2024-04-25 12:50:09,175][root][INFO] - Length of data.y: 10
[2024-04-25 12:50:09,282][root][INFO] - x: [ 0.96818444  0.28290769 -0.9277808 ]
[2024-04-25 12:50:09,283][root][INFO] - y: [ 0.0348247  -0.00939515]
[2024-04-25 12:50:09,283][root][INFO] - Reward: -10.292517733787182
[2024-04-25 12:50:09,284][root][INFO] - --------------- Start iteration i=10 ---------------
[2024-04-25 12:50:09,284][root][INFO] - Length of data.x: 11
[2024-04-25 12:50:09,284][root][INFO] - Length of data.y: 11
[2024-04-25 12:50:40,502][root][INFO] - Eval Returns: [-1401.00682122 -1392.77218961 -1302.56542548 -1741.62289537
 -1460.09402892]
[2024-04-25 12:50:40,545][root][INFO] - Eval Returns: mean=-1459.612 std=149.731
[2024-04-25 12:50:40,545][root][INFO] - Eval ndata: 11.000
[2024-04-25 12:50:40,545][root][INFO] - Model MSE (current real MPC): 0.181
[2024-04-25 12:50:41,025][root][INFO] - Model MSE (random test set): 0.017
[2024-04-25 12:50:41,025][root][INFO] - Model MSE (GT MPC): 0.022
[2024-04-25 12:50:41,025][root][INFO] - Model Likelihood (random test set): -1.906
[2024-04-25 12:50:41,025][root][INFO] - Model Likelihood (GT MPC): -1.934
[2024-04-25 12:50:41,025][root][INFO] - *[TIME] [Evaluate the current MPC policy] Elapsed: 31.63 seconds
[2024-04-25 12:50:44,442][root][INFO] - x: [-0.99699086  0.27351255 -0.94780284]
[2024-04-25 12:50:44,442][root][INFO] - y: [ 0.03018643 -0.03642885]
[2024-04-25 12:50:44,442][root][INFO] - Reward: -9.58855523413373
[2024-04-25 12:50:46,234][root][INFO] - --------------- Start iteration i=11 ---------------
[2024-04-25 12:50:46,234][root][INFO] - Length of data.x: 12
[2024-04-25 12:50:46,234][root][INFO] - Length of data.y: 12
[2024-04-25 12:50:46,335][root][INFO] - x: [-0.96680443  0.2370837   0.64961367]
[2024-04-25 12:50:46,336][root][INFO] - y: [0.03204553 0.01460133]
[2024-04-25 12:50:46,336][root][INFO] - Reward: -9.03090436148316
[2024-04-25 12:50:46,337][root][INFO] - --------------- Start iteration i=12 ---------------
[2024-04-25 12:50:46,337][root][INFO] - Length of data.x: 13
[2024-04-25 12:50:46,337][root][INFO] - Length of data.y: 13
[2024-04-25 12:50:46,438][root][INFO] - x: [-0.9347589   0.25168503 -1.        ]
[2024-04-25 12:50:46,438][root][INFO] - y: [ 0.02484144 -0.05658083]
[2024-04-25 12:50:46,439][root][INFO] - Reward: -8.419157412711305
[2024-04-25 12:50:46,439][root][INFO] - --------------- Start iteration i=13 ---------------
[2024-04-25 12:50:46,440][root][INFO] - Length of data.x: 14
[2024-04-25 12:50:46,440][root][INFO] - Length of data.y: 14
[2024-04-25 12:50:46,539][root][INFO] - x: [-0.90991746  0.1951042   0.97656443]
[2024-04-25 12:50:46,539][root][INFO] - y: [0.02617101 0.01044241]
[2024-04-25 12:50:46,539][root][INFO] - Reward: -7.982449302821647
[2024-04-25 12:50:46,540][root][INFO] - --------------- Start iteration i=14 ---------------
[2024-04-25 12:50:46,540][root][INFO] - Length of data.x: 15
[2024-04-25 12:50:46,540][root][INFO] - Length of data.y: 15
[2024-04-25 12:50:46,643][root][INFO] - x: [-0.88374645  0.20554661  0.78396092]
[2024-04-25 12:50:46,643][root][INFO] - y: [ 0.02565091 -0.00408483]
[2024-04-25 12:50:46,644][root][INFO] - Reward: -7.529480295652842
[2024-04-25 12:50:46,644][root][INFO] - --------------- Start iteration i=15 ---------------
[2024-04-25 12:50:46,644][root][INFO] - Length of data.x: 16
[2024-04-25 12:50:46,645][root][INFO] - Length of data.y: 16
[2024-04-25 12:51:11,954][root][INFO] - Eval Returns: [-1078.36717235 -1127.68201115 -1055.60614762 -1191.08702809
 -1191.4395626 ]
[2024-04-25 12:51:12,003][root][INFO] - Eval Returns: mean=-1128.836 std=56.045
[2024-04-25 12:51:12,003][root][INFO] - Eval ndata: 16.000
[2024-04-25 12:51:12,003][root][INFO] - Model MSE (current real MPC): 0.162
[2024-04-25 12:51:12,497][root][INFO] - Model MSE (random test set): 0.003
[2024-04-25 12:51:12,497][root][INFO] - Model MSE (GT MPC): 0.003
[2024-04-25 12:51:12,497][root][INFO] - Model Likelihood (random test set): -1.872
[2024-04-25 12:51:12,498][root][INFO] - Model Likelihood (GT MPC): -1.871
[2024-04-25 12:51:12,498][root][INFO] - *[TIME] [Evaluate the current MPC policy] Elapsed: 25.75 seconds
[2024-04-25 12:51:17,211][root][INFO] - x: [-0.85809554  0.20146178  0.51653102]
[2024-04-25 12:51:17,211][root][INFO] - y: [ 0.02297027 -0.0210537 ]
[2024-04-25 12:51:17,211][root][INFO] - Reward: -7.0927687613704995
[2024-04-25 12:51:19,111][root][INFO] - --------------- Start iteration i=16 ---------------
[2024-04-25 12:51:19,111][root][INFO] - Length of data.x: 17
[2024-04-25 12:51:19,111][root][INFO] - Length of data.y: 17
[2024-04-25 12:51:19,213][root][INFO] - x: [-0.83512527  0.18040808  0.84715801]
[2024-04-25 12:51:19,213][root][INFO] - y: [ 0.02110513 -0.01464877]
[2024-04-25 12:51:19,214][root][INFO] - Reward: -6.718602492661444
[2024-04-25 12:51:19,215][root][INFO] - --------------- Start iteration i=17 ---------------
[2024-04-25 12:51:19,215][root][INFO] - Length of data.x: 18
[2024-04-25 12:51:19,215][root][INFO] - Length of data.y: 18
[2024-04-25 12:51:19,317][root][INFO] - x: [-0.81402014  0.16575931  0.5977935 ]
[2024-04-25 12:51:19,317][root][INFO] - y: [ 0.01737523 -0.02929459]
[2024-04-25 12:51:19,317][root][INFO] - Reward: -6.3842911004779195
[2024-04-25 12:51:19,318][root][INFO] - --------------- Start iteration i=18 ---------------
[2024-04-25 12:51:19,318][root][INFO] - Length of data.x: 19
[2024-04-25 12:51:19,318][root][INFO] - Length of data.y: 19
[2024-04-25 12:51:19,420][root][INFO] - x: [-0.79664492  0.13646472  0.63667773]
[2024-04-25 12:51:19,421][root][INFO] - y: [ 0.01329758 -0.0320258 ]
[2024-04-25 12:51:19,421][root][INFO] - Reward: -6.127745198972718
[2024-04-25 12:51:19,422][root][INFO] - --------------- Start iteration i=19 ---------------
[2024-04-25 12:51:19,422][root][INFO] - Length of data.x: 20
[2024-04-25 12:51:19,422][root][INFO] - Length of data.y: 20
[2024-04-25 12:51:19,524][root][INFO] - x: [-0.78334734  0.10443892  0.87799574]
[2024-04-25 12:51:19,525][root][INFO] - y: [ 0.00997815 -0.02607074]
[2024-04-25 12:51:19,525][root][INFO] - Reward: -5.945399398840593
[2024-04-25 12:51:19,526][root][INFO] - --------------- Start iteration i=20 ---------------
[2024-04-25 12:51:19,526][root][INFO] - Length of data.x: 21
[2024-04-25 12:51:19,526][root][INFO] - Length of data.y: 21
[2024-04-25 12:51:48,328][root][INFO] - Eval Returns: [-372.31516565 -123.79323077 -252.84529071 -534.00856147 -132.34161967]
[2024-04-25 12:51:48,368][root][INFO] - Eval Returns: mean=-283.061 std=154.878
[2024-04-25 12:51:48,368][root][INFO] - Eval ndata: 21.000
[2024-04-25 12:51:48,368][root][INFO] - Model MSE (current real MPC): 0.043
[2024-04-25 12:51:48,833][root][INFO] - Model MSE (random test set): 0.001
[2024-04-25 12:51:48,833][root][INFO] - Model MSE (GT MPC): 0.001
[2024-04-25 12:51:48,833][root][INFO] - Model Likelihood (random test set): -1.858
[2024-04-25 12:51:48,833][root][INFO] - Model Likelihood (GT MPC): -1.850
[2024-04-25 12:51:48,834][root][INFO] - *[TIME] [Evaluate the current MPC policy] Elapsed: 29.20 seconds
[2024-04-25 12:51:53,145][root][INFO] - x: [-0.77336919  0.07836818  1.        ]
[2024-04-25 12:51:53,145][root][INFO] - y: [ 0.00695418 -0.02375018]
[2024-04-25 12:51:53,145][root][INFO] - Reward: -5.820418739554772
[2024-04-25 12:51:55,110][root][INFO] - --------------- Start iteration i=21 ---------------
[2024-04-25 12:51:55,111][root][INFO] - Length of data.x: 22
[2024-04-25 12:51:55,111][root][INFO] - Length of data.y: 22
[2024-04-25 12:51:55,215][root][INFO] - x: [-0.76641501  0.054618    0.8875386 ]
[2024-04-25 12:51:55,216][root][INFO] - y: [ 0.0031977  -0.02950335]
[2024-04-25 12:51:55,216][root][INFO] - Reward: -5.756239209088203
[2024-04-25 12:51:55,217][root][INFO] - --------------- Start iteration i=22 ---------------
[2024-04-25 12:51:55,217][root][INFO] - Length of data.x: 23
[2024-04-25 12:51:55,217][root][INFO] - Length of data.y: 23
[2024-04-25 12:51:55,322][root][INFO] - x: [-0.76321732  0.02511465  0.7660433 ]
[2024-04-25 12:51:55,322][root][INFO] - y: [-0.00122753 -0.03475564]
[2024-04-25 12:51:55,323][root][INFO] - Reward: -5.770501678103086
[2024-04-25 12:51:55,324][root][INFO] - --------------- Start iteration i=23 ---------------
[2024-04-25 12:51:55,324][root][INFO] - Length of data.x: 24
[2024-04-25 12:51:55,324][root][INFO] - Length of data.y: 24
[2024-04-25 12:51:55,430][root][INFO] - x: [-0.76444485 -0.00964099 -1.        ]
[2024-04-25 12:51:55,430][root][INFO] - y: [-0.01405106 -0.10071576]
[2024-04-25 12:51:55,431][root][INFO] - Reward: -6.063475167974107
[2024-04-25 12:51:55,432][root][INFO] - --------------- Start iteration i=24 ---------------
[2024-04-25 12:51:55,432][root][INFO] - Length of data.x: 25
[2024-04-25 12:51:55,432][root][INFO] - Length of data.y: 25
[2024-04-25 12:51:55,539][root][INFO] - x: [-0.7784959  -0.11035675 -0.92091881]
[2024-04-25 12:51:55,539][root][INFO] - y: [-0.02610018 -0.09463361]
[2024-04-25 12:51:55,539][root][INFO] - Reward: -6.661661240858566
[2024-04-25 12:51:55,541][root][INFO] - --------------- Start iteration i=25 ---------------
[2024-04-25 12:51:55,541][root][INFO] - Length of data.x: 26
[2024-04-25 12:51:55,541][root][INFO] - Length of data.y: 26
[2024-04-25 12:52:26,754][root][INFO] - Eval Returns: [-122.52885119   -1.39464974 -126.69913866 -233.21479537 -344.88013775]
[2024-04-25 12:52:26,793][root][INFO] - Eval Returns: mean=-165.744 std=115.797
[2024-04-25 12:52:26,793][root][INFO] - Eval ndata: 26.000
[2024-04-25 12:52:26,793][root][INFO] - Model MSE (current real MPC): 0.028
[2024-04-25 12:52:27,261][root][INFO] - Model MSE (random test set): 0.000
[2024-04-25 12:52:27,262][root][INFO] - Model MSE (GT MPC): 0.000
[2024-04-25 12:52:27,262][root][INFO] - Model Likelihood (random test set): -1.844
[2024-04-25 12:52:27,262][root][INFO] - Model Likelihood (GT MPC): -1.843
[2024-04-25 12:52:27,262][root][INFO] - *[TIME] [Evaluate the current MPC policy] Elapsed: 31.61 seconds
[2024-04-25 12:52:31,896][root][INFO] - x: [-0.80459609 -0.20499036 -0.91105556]
[2024-04-25 12:52:31,896][root][INFO] - y: [-0.03732616 -0.08816861]
[2024-04-25 12:52:31,896][root][INFO] - Reward: -7.549252400765342
[2024-04-25 12:52:33,967][root][INFO] - --------------- Start iteration i=26 ---------------
[2024-04-25 12:52:33,967][root][INFO] - Length of data.x: 27
[2024-04-25 12:52:33,967][root][INFO] - Length of data.y: 27
[2024-04-25 12:52:34,075][root][INFO] - x: [-0.84192225 -0.29315897 -0.53219731]
[2024-04-25 12:52:34,076][root][INFO] - y: [-0.04555445 -0.06462486]
[2024-04-25 12:52:34,076][root][INFO] - Reward: -8.593840033763318
[2024-04-25 12:52:34,077][root][INFO] - --------------- Start iteration i=27 ---------------
[2024-04-25 12:52:34,077][root][INFO] - Length of data.x: 28
[2024-04-25 12:52:34,077][root][INFO] - Length of data.y: 28
[2024-04-25 12:52:34,185][root][INFO] - x: [-0.8874767  -0.35778383 -0.74792491]
[2024-04-25 12:52:34,186][root][INFO] - y: [-0.05325782 -0.06050209]
[2024-04-25 12:52:34,186][root][INFO] - Reward: -9.856418499524066
[2024-04-25 12:52:34,187][root][INFO] - --------------- Start iteration i=28 ---------------
[2024-04-25 12:52:34,187][root][INFO] - Length of data.x: 29
[2024-04-25 12:52:34,188][root][INFO] - Length of data.y: 29
[2024-04-25 12:52:34,292][root][INFO] - x: [-0.94073451 -0.41828592 -1.        ]
[2024-04-25 12:52:34,292][root][INFO] - y: [-0.0602421  -0.05485444]
[2024-04-25 12:52:34,292][root][INFO] - Reward: -11.287052346017507
[2024-04-25 12:52:34,294][root][INFO] - --------------- Start iteration i=29 ---------------
[2024-04-25 12:52:34,294][root][INFO] - Length of data.x: 30
[2024-04-25 12:52:34,294][root][INFO] - Length of data.y: 30
[2024-04-25 12:52:34,403][root][INFO] - x: [ 0.99902339 -0.47314036 -0.40702631]
[2024-04-25 12:52:34,403][root][INFO] - y: [-0.06214889 -0.01497586]
[2024-04-25 12:52:34,403][root][INFO] - Reward: -10.188396509430587
[2024-04-25 12:52:34,405][root][INFO] - --------------- Start iteration i=30 ---------------
[2024-04-25 12:52:34,405][root][INFO] - Length of data.x: 31
[2024-04-25 12:52:34,405][root][INFO] - Length of data.y: 31
[2024-04-25 12:53:03,772][root][INFO] - Eval Returns: [-252.7194711  -121.69723577 -123.55351273   -6.60384064 -136.2814533 ]
[2024-04-25 12:53:03,812][root][INFO] - Eval Returns: mean=-128.171 std=78.000
[2024-04-25 12:53:03,813][root][INFO] - Eval ndata: 31.000
[2024-04-25 12:53:03,813][root][INFO] - Model MSE (current real MPC): 0.020
[2024-04-25 12:53:04,301][root][INFO] - Model MSE (random test set): 0.000
[2024-04-25 12:53:04,302][root][INFO] - Model MSE (GT MPC): 0.000
[2024-04-25 12:53:04,302][root][INFO] - Model Likelihood (random test set): -1.843
[2024-04-25 12:53:04,302][root][INFO] - Model Likelihood (GT MPC): -1.842
[2024-04-25 12:53:04,302][root][INFO] - *[TIME] [Evaluate the current MPC policy] Elapsed: 29.79 seconds
[2024-04-25 12:53:08,726][root][INFO] - x: [ 0.9368745  -0.48811622 -0.89317941]
[2024-04-25 12:53:08,727][root][INFO] - y: [-0.06218449 -0.00027964]
[2024-04-25 12:53:08,727][root][INFO] - Reward: -9.08084956030347
[2024-04-25 12:53:10,619][root][INFO] - --------------- Start iteration i=31 ---------------
[2024-04-25 12:53:10,620][root][INFO] - Length of data.x: 32
[2024-04-25 12:53:10,620][root][INFO] - Length of data.y: 32
[2024-04-25 12:53:10,737][root][INFO] - x: [ 0.87469001 -0.48839586 -0.96958471]
[2024-04-25 12:53:10,738][root][INFO] - y: [-0.05999313  0.0172109 ]
[2024-04-25 12:53:10,738][root][INFO] - Reward: -7.975420927274118
[2024-04-25 12:53:10,739][root][INFO] - --------------- Start iteration i=32 ---------------
[2024-04-25 12:53:10,739][root][INFO] - Length of data.x: 33
[2024-04-25 12:53:10,739][root][INFO] - Length of data.y: 33
[2024-04-25 12:53:10,854][root][INFO] - x: [ 0.81469688 -0.47118497 -0.84947382]
[2024-04-25 12:53:10,854][root][INFO] - y: [-0.05581748  0.03279548]
[2024-04-25 12:53:10,854][root][INFO] - Reward: -6.916757774635669
[2024-04-25 12:53:10,855][root][INFO] - --------------- Start iteration i=33 ---------------
[2024-04-25 12:53:10,856][root][INFO] - Length of data.x: 34
[2024-04-25 12:53:10,856][root][INFO] - Length of data.y: 34
[2024-04-25 12:53:10,970][root][INFO] - x: [ 0.7588794  -0.43838949 -0.85557536]
[2024-04-25 12:53:10,970][root][INFO] - y: [-0.05000304  0.04566648]
[2024-04-25 12:53:10,971][root][INFO] - Reward: -5.949541320808951
[2024-04-25 12:53:10,972][root][INFO] - --------------- Start iteration i=34 ---------------
[2024-04-25 12:53:10,972][root][INFO] - Length of data.x: 35
[2024-04-25 12:53:10,972][root][INFO] - Length of data.y: 35
[2024-04-25 12:53:11,087][root][INFO] - x: [ 0.70887635 -0.39272301 -1.        ]
[2024-04-25 12:53:11,087][root][INFO] - y: [-0.04293282  0.0555294 ]
[2024-04-25 12:53:11,087][root][INFO] - Reward: -5.108657131588048
[2024-04-25 12:53:11,089][root][INFO] - --------------- Start iteration i=35 ---------------
[2024-04-25 12:53:11,089][root][INFO] - Length of data.x: 36
[2024-04-25 12:53:11,089][root][INFO] - Length of data.y: 36
[2024-04-25 12:53:41,044][root][INFO] - Eval Returns: [-251.34811617 -371.27020711 -262.48458419 -370.5551307  -257.47993493]
[2024-04-25 12:53:41,089][root][INFO] - Eval Returns: mean=-302.628 std=55.866
[2024-04-25 12:53:41,089][root][INFO] - Eval ndata: 36.000
[2024-04-25 12:53:41,089][root][INFO] - Model MSE (current real MPC): 0.048
[2024-04-25 12:53:41,588][root][INFO] - Model MSE (random test set): 0.000
[2024-04-25 12:53:41,589][root][INFO] - Model MSE (GT MPC): 0.000
[2024-04-25 12:53:41,589][root][INFO] - Model Likelihood (random test set): -1.843
[2024-04-25 12:53:41,589][root][INFO] - Model Likelihood (GT MPC): -1.842
[2024-04-25 12:53:41,589][root][INFO] - *[TIME] [Evaluate the current MPC policy] Elapsed: 30.39 seconds
[2024-04-25 12:53:45,585][root][INFO] - x: [ 0.66594353 -0.3371936  -0.04349154]
[2024-04-25 12:53:45,586][root][INFO] - y: [-0.03278953  0.07966523]
[2024-04-25 12:53:45,586][root][INFO] - Reward: -4.381027696312695
[2024-04-25 12:53:47,030][root][INFO] - --------------- Start iteration i=36 ---------------
[2024-04-25 12:53:47,030][root][INFO] - Length of data.x: 37
[2024-04-25 12:53:47,031][root][INFO] - Length of data.y: 37
[2024-04-25 12:53:47,150][root][INFO] - x: [ 0.633154   -0.25752838 -0.38552483]
[2024-04-25 12:53:47,151][root][INFO] - y: [-0.0237229   0.07120917]
[2024-04-25 12:53:47,151][root][INFO] - Reward: -3.8884026887596317
[2024-04-25 12:53:47,152][root][INFO] - --------------- Start iteration i=37 ---------------
[2024-04-25 12:53:47,153][root][INFO] - Length of data.x: 38
[2024-04-25 12:53:47,153][root][INFO] - Length of data.y: 38
[2024-04-25 12:53:47,270][root][INFO] - x: [ 0.6094311 -0.1863192  0.9469915]
[2024-04-25 12:53:47,270][root][INFO] - y: [-0.01009743  0.10701419]
[2024-04-25 12:53:47,270][root][INFO] - Reward: -3.589009130903162
[2024-04-25 12:53:47,272][root][INFO] - --------------- Start iteration i=38 ---------------
[2024-04-25 12:53:47,272][root][INFO] - Length of data.x: 39
[2024-04-25 12:53:47,272][root][INFO] - Length of data.y: 39
[2024-04-25 12:53:47,391][root][INFO] - x: [ 0.59933368 -0.07930502  0.7992701 ]
[2024-04-25 12:53:47,392][root][INFO] - y: [0.00364999 0.107972  ]
[2024-04-25 12:53:47,392][root][INFO] - Reward: -3.5962976198741927
[2024-04-25 12:53:47,393][root][INFO] - --------------- Start iteration i=39 ---------------
[2024-04-25 12:53:47,394][root][INFO] - Length of data.x: 40
[2024-04-25 12:53:47,394][root][INFO] - Length of data.y: 40
[2024-04-25 12:53:47,512][root][INFO] - x: [0.60298367 0.02866698 1.        ]
[2024-04-25 12:53:47,513][root][INFO] - y: [0.01735464 0.10763608]
[2024-04-25 12:53:47,513][root][INFO] - Reward: -3.920920198761696
[2024-04-25 12:53:47,515][root][INFO] - --------------- Start iteration i=40 ---------------
[2024-04-25 12:53:47,515][root][INFO] - Length of data.x: 41
[2024-04-25 12:53:47,515][root][INFO] - Length of data.y: 41
[2024-04-25 12:54:17,893][root][INFO] - Eval Returns: [ -10.41674086 -577.72907339 -494.55946041 -361.48746808 -518.86092761]
[2024-04-25 12:54:17,938][root][INFO] - Eval Returns: mean=-392.611 std=203.785
[2024-04-25 12:54:17,938][root][INFO] - Eval ndata: 41.000
[2024-04-25 12:54:17,938][root][INFO] - Model MSE (current real MPC): 0.064
[2024-04-25 12:54:18,438][root][INFO] - Model MSE (random test set): 0.000
[2024-04-25 12:54:18,439][root][INFO] - Model MSE (GT MPC): 0.000
[2024-04-25 12:54:18,439][root][INFO] - Model Likelihood (random test set): -1.844
[2024-04-25 12:54:18,439][root][INFO] - Model Likelihood (GT MPC): -1.844
[2024-04-25 12:54:18,439][root][INFO] - *[TIME] [Evaluate the current MPC policy] Elapsed: 30.81 seconds
[2024-04-25 12:54:22,794][root][INFO] - x: [0.62033831 0.13630306 0.77890795]
[2024-04-25 12:54:22,794][root][INFO] - y: [0.03083568 0.10587981]
[2024-04-25 12:54:22,795][root][INFO] - Reward: -4.562787666743212
[2024-04-25 12:54:24,355][root][INFO] - --------------- Start iteration i=41 ---------------
[2024-04-25 12:54:24,355][root][INFO] - Length of data.x: 42
[2024-04-25 12:54:24,355][root][INFO] - Length of data.y: 42
[2024-04-25 12:54:24,466][root][INFO] - x: [0.65117399 0.24218287 1.        ]
[2024-04-25 12:54:24,466][root][INFO] - y: [0.04383855 0.10212432]
[2024-04-25 12:54:24,466][root][INFO] - Reward: -5.5301416459007715
[2024-04-25 12:54:24,468][root][INFO] - --------------- Start iteration i=42 ---------------
[2024-04-25 12:54:24,468][root][INFO] - Length of data.x: 43
[2024-04-25 12:54:24,468][root][INFO] - Length of data.y: 43
[2024-04-25 12:54:24,575][root][INFO] - x: [0.69501254 0.34430719 0.62316314]
[2024-04-25 12:54:24,576][root][INFO] - y: [0.05599155 0.09544941]
[2024-04-25 12:54:24,576][root][INFO] - Reward: -6.805750585316717
[2024-04-25 12:54:24,577][root][INFO] - --------------- Start iteration i=43 ---------------
[2024-04-25 12:54:24,577][root][INFO] - Length of data.x: 44
[2024-04-25 12:54:24,577][root][INFO] - Length of data.y: 44
[2024-04-25 12:54:24,683][root][INFO] - x: [0.75100409 0.4397566  0.71035561]
[2024-04-25 12:54:24,684][root][INFO] - y: [0.06679267 0.08483181]
[2024-04-25 12:54:24,684][root][INFO] - Reward: -8.363961951803388
[2024-04-25 12:54:24,686][root][INFO] - --------------- Start iteration i=44 ---------------
[2024-04-25 12:54:24,686][root][INFO] - Length of data.x: 45
[2024-04-25 12:54:24,686][root][INFO] - Length of data.y: 45
[2024-04-25 12:54:24,794][root][INFO] - x: [0.81779676 0.52458841 1.        ]
[2024-04-25 12:54:24,794][root][INFO] - y: [0.07564556 0.06953044]
[2024-04-25 12:54:24,794][root][INFO] - Reward: -10.141359505923695
[2024-04-25 12:54:24,796][root][INFO] - --------------- Start iteration i=45 ---------------
[2024-04-25 12:54:24,796][root][INFO] - Length of data.x: 46
[2024-04-25 12:54:24,796][root][INFO] - Length of data.y: 46
[2024-04-25 12:54:59,169][root][INFO] - Eval Returns: [-552.55589877   -9.53777489 -362.87754379 -134.70320487 -236.84367768]
[2024-04-25 12:54:59,207][root][INFO] - Eval Returns: mean=-259.304 std=187.156
[2024-04-25 12:54:59,208][root][INFO] - Eval ndata: 46.000
[2024-04-25 12:54:59,208][root][INFO] - Model MSE (current real MPC): 0.044
[2024-04-25 12:54:59,704][root][INFO] - Model MSE (random test set): 0.000
[2024-04-25 12:54:59,704][root][INFO] - Model MSE (GT MPC): 0.000
[2024-04-25 12:54:59,704][root][INFO] - Model Likelihood (random test set): -1.845
[2024-04-25 12:54:59,704][root][INFO] - Model Likelihood (GT MPC): -1.844
[2024-04-25 12:54:59,704][root][INFO] - *[TIME] [Evaluate the current MPC policy] Elapsed: 34.80 seconds
[2024-04-25 12:55:04,105][root][INFO] - x: [0.89344232 0.59411885 1.        ]
[2024-04-25 12:55:04,105][root][INFO] - y: [0.08195458 0.04955093]
[2024-04-25 12:55:04,105][root][INFO] - Reward: -12.04552238742886
[2024-04-25 12:55:06,048][root][INFO] - --------------- Start iteration i=46 ---------------
[2024-04-25 12:55:06,048][root][INFO] - Length of data.x: 47
[2024-04-25 12:55:06,048][root][INFO] - Length of data.y: 47
[2024-04-25 12:55:06,157][root][INFO] - x: [0.9753969  0.64366978 1.        ]
[2024-04-25 12:55:06,158][root][INFO] - y: [0.0852636  0.02598899]
[2024-04-25 12:55:06,158][root][INFO] - Reward: -11.582566095648954
[2024-04-25 12:55:06,160][root][INFO] - --------------- Start iteration i=47 ---------------
[2024-04-25 12:55:06,160][root][INFO] - Length of data.x: 48
[2024-04-25 12:55:06,160][root][INFO] - Length of data.y: 48
[2024-04-25 12:55:06,268][root][INFO] - x: [-0.9393395   0.66965877  1.        ]
[2024-04-25 12:55:06,269][root][INFO] - y: [0.08777722 0.01974196]
[2024-04-25 12:55:06,269][root][INFO] - Reward: -10.20277556440139
[2024-04-25 12:55:06,271][root][INFO] - --------------- Start iteration i=48 ---------------
[2024-04-25 12:55:06,271][root][INFO] - Length of data.x: 49
[2024-04-25 12:55:06,271][root][INFO] - Length of data.y: 49
[2024-04-25 12:55:06,380][root][INFO] - x: [-0.85156228  0.68940073  0.84039103]
[2024-04-25 12:55:06,380][root][INFO] - y: [ 0.08642295 -0.01063645]
[2024-04-25 12:55:06,381][root][INFO] - Reward: -8.729482707474467
[2024-04-25 12:55:06,382][root][INFO] - --------------- Start iteration i=49 ---------------
[2024-04-25 12:55:06,382][root][INFO] - Length of data.x: 50
[2024-04-25 12:55:06,382][root][INFO] - Length of data.y: 50
[2024-04-25 12:55:06,492][root][INFO] - x: [-0.76513933  0.67876428  0.60535945]
[2024-04-25 12:55:06,492][root][INFO] - y: [ 0.0812837  -0.04036358]
[2024-04-25 12:55:06,492][root][INFO] - Reward: -7.225425536761011
[2024-04-25 12:55:06,494][root][INFO] - --------------- Start iteration i=50 ---------------
[2024-04-25 12:55:06,494][root][INFO] - Length of data.x: 51
[2024-04-25 12:55:06,494][root][INFO] - Length of data.y: 51
[2024-04-25 12:55:40,966][root][INFO] - Eval Returns: [-350.96956772 -371.39898788 -123.49198068 -351.79990077 -128.04812316]
[2024-04-25 12:55:41,009][root][INFO] - Eval Returns: mean=-265.142 std=114.040
[2024-04-25 12:55:41,009][root][INFO] - Eval ndata: 51.000
[2024-04-25 12:55:41,009][root][INFO] - Model MSE (current real MPC): 0.044
[2024-04-25 12:55:41,533][root][INFO] - Model MSE (random test set): 0.000
[2024-04-25 12:55:41,533][root][INFO] - Model MSE (GT MPC): 0.000
[2024-04-25 12:55:41,533][root][INFO] - Model Likelihood (random test set): -1.844
[2024-04-25 12:55:41,533][root][INFO] - Model Likelihood (GT MPC): -1.844
[2024-04-25 12:55:41,533][root][INFO] - *[TIME] [Evaluate the current MPC policy] Elapsed: 34.93 seconds
[2024-04-25 12:55:45,717][root][INFO] - x: [-0.68385563  0.63840069  0.87494077]
[2024-04-25 12:55:45,718][root][INFO] - y: [ 0.07546102 -0.0457312 ]
[2024-04-25 12:55:45,718][root][INFO] - Reward: -5.9042827552980786
[2024-04-25 12:55:47,851][root][INFO] - --------------- Start iteration i=51 ---------------
[2024-04-25 12:55:47,851][root][INFO] - Length of data.x: 52
[2024-04-25 12:55:47,851][root][INFO] - Length of data.y: 52
[2024-04-25 12:55:47,965][root][INFO] - x: [-0.60839461  0.5926695   1.        ]
[2024-04-25 12:55:47,966][root][INFO] - y: [ 0.06898448 -0.05086661]
[2024-04-25 12:55:47,966][root][INFO] - Reward: -4.754414967137121
[2024-04-25 12:55:47,968][root][INFO] - --------------- Start iteration i=52 ---------------
[2024-04-25 12:55:47,968][root][INFO] - Length of data.x: 53
[2024-04-25 12:55:47,968][root][INFO] - Length of data.y: 53
[2024-04-25 12:55:48,082][root][INFO] - x: [-0.53941012  0.54180288  0.75332616]
[2024-04-25 12:55:48,083][root][INFO] - y: [ 0.0607361  -0.06478264]
[2024-04-25 12:55:48,083][root][INFO] - Reward: -3.719990136255326
[2024-04-25 12:55:48,085][root][INFO] - --------------- Start iteration i=53 ---------------
[2024-04-25 12:55:48,085][root][INFO] - Length of data.x: 54
[2024-04-25 12:55:48,085][root][INFO] - Length of data.y: 54
[2024-04-25 12:55:48,200][root][INFO] - x: [-0.47867402  0.47702025  1.        ]
[2024-04-25 12:55:48,200][root][INFO] - y: [ 0.05360091 -0.05603967]
[2024-04-25 12:55:48,201][root][INFO] - Reward: -2.9215485013846756
[2024-04-25 12:55:48,202][root][INFO] - --------------- Start iteration i=54 ---------------
[2024-04-25 12:55:48,202][root][INFO] - Length of data.x: 55
[2024-04-25 12:55:48,202][root][INFO] - Length of data.y: 55
[2024-04-25 12:55:48,316][root][INFO] - x: [-0.42507311  0.42098058  1.        ]
[2024-04-25 12:55:48,316][root][INFO] - y: [ 0.04676811 -0.05366471]
[2024-04-25 12:55:48,317][root][INFO] - Reward: -2.279979368394353
[2024-04-25 12:55:48,318][root][INFO] - --------------- Start iteration i=55 ---------------
[2024-04-25 12:55:48,318][root][INFO] - Length of data.x: 56
[2024-04-25 12:55:48,318][root][INFO] - Length of data.y: 56
[2024-04-25 12:56:30,090][root][INFO] - Eval Returns: [-359.78570914 -554.7774035  -237.42524587 -124.40651002 -236.61049265]
[2024-04-25 12:56:30,129][root][INFO] - Eval Returns: mean=-302.601 std=146.437
[2024-04-25 12:56:30,129][root][INFO] - Eval ndata: 56.000
[2024-04-25 12:56:30,129][root][INFO] - Model MSE (current real MPC): 0.048
[2024-04-25 12:56:30,632][root][INFO] - Model MSE (random test set): 0.000
[2024-04-25 12:56:30,632][root][INFO] - Model MSE (GT MPC): 0.000
[2024-04-25 12:56:30,632][root][INFO] - Model Likelihood (random test set): -1.845
[2024-04-25 12:56:30,632][root][INFO] - Model Likelihood (GT MPC): -1.844
[2024-04-25 12:56:30,632][root][INFO] - *[TIME] [Evaluate the current MPC policy] Elapsed: 42.19 seconds
[2024-04-25 12:56:33,660][root][INFO] - x: [-0.378305    0.36731587  0.99852972]
[2024-04-25 12:56:33,660][root][INFO] - y: [ 0.0404609  -0.04953667]
[2024-04-25 12:56:33,660][root][INFO] - Reward: -1.7767866417720481
[2024-04-25 12:56:35,259][root][INFO] - --------------- Start iteration i=56 ---------------
[2024-04-25 12:56:35,259][root][INFO] - Length of data.x: 57
[2024-04-25 12:56:35,259][root][INFO] - Length of data.y: 57
[2024-04-25 12:56:35,378][root][INFO] - x: [-0.3378441  0.3177792  1.       ]
[2024-04-25 12:56:35,378][root][INFO] - y: [ 0.0348146  -0.04434597]
[2024-04-25 12:56:35,379][root][INFO] - Reward: -1.3887956690809846
[2024-04-25 12:56:35,380][root][INFO] - --------------- Start iteration i=57 ---------------
[2024-04-25 12:56:35,380][root][INFO] - Length of data.x: 58
[2024-04-25 12:56:35,381][root][INFO] - Length of data.y: 58
[2024-04-25 12:56:35,498][root][INFO] - x: [-0.3030295   0.27343322  0.59944991]
[2024-04-25 12:56:35,499][root][INFO] - y: [ 0.02795349 -0.05388699]
[2024-04-25 12:56:35,499][root][INFO] - Reward: -1.0567223930867218
[2024-04-25 12:56:35,501][root][INFO] - --------------- Start iteration i=58 ---------------
[2024-04-25 12:56:35,501][root][INFO] - Length of data.x: 59
[2024-04-25 12:56:35,501][root][INFO] - Length of data.y: 59
[2024-04-25 12:56:35,619][root][INFO] - x: [-0.27507601  0.21954624  0.97169006]
[2024-04-25 12:56:35,619][root][INFO] - y: [ 0.02351444 -0.03486422]
[2024-04-25 12:56:35,619][root][INFO] - Reward: -0.8466447650246991
[2024-04-25 12:56:35,621][root][INFO] - --------------- Start iteration i=59 ---------------
[2024-04-25 12:56:35,621][root][INFO] - Length of data.x: 60
[2024-04-25 12:56:35,622][root][INFO] - Length of data.y: 60
[2024-04-25 12:56:35,739][root][INFO] - x: [-0.25156156  0.18468202  1.        ]
[2024-04-25 12:56:35,740][root][INFO] - y: [ 0.01980732 -0.02911567]
[2024-04-25 12:56:35,740][root][INFO] - Reward: -0.6889824351868159
[2024-04-25 12:56:35,742][root][INFO] - --------------- Start iteration i=60 ---------------
[2024-04-25 12:56:35,742][root][INFO] - Length of data.x: 61
[2024-04-25 12:56:35,742][root][INFO] - Length of data.y: 61
[2024-04-25 12:57:13,816][root][INFO] - Eval Returns: [  -4.41776472 -475.76479657 -119.26164684 -238.09962046 -348.51473891]
[2024-04-25 12:57:13,856][root][INFO] - Eval Returns: mean=-237.212 std=165.772
[2024-04-25 12:57:13,856][root][INFO] - Eval ndata: 61.000
[2024-04-25 12:57:13,856][root][INFO] - Model MSE (current real MPC): 0.040
[2024-04-25 12:57:14,352][root][INFO] - Model MSE (random test set): 0.000
[2024-04-25 12:57:14,352][root][INFO] - Model MSE (GT MPC): 0.000
[2024-04-25 12:57:14,352][root][INFO] - Model Likelihood (random test set): -1.846
[2024-04-25 12:57:14,352][root][INFO] - Model Likelihood (GT MPC): -1.844
[2024-04-25 12:57:14,352][root][INFO] - *[TIME] [Evaluate the current MPC policy] Elapsed: 38.49 seconds
[2024-04-25 12:57:17,784][root][INFO] - x: [-0.23175424  0.15556634  0.65659639]
[2024-04-25 12:57:17,785][root][INFO] - y: [ 0.01499928 -0.03776224]
[2024-04-25 12:57:17,785][root][INFO] - Reward: -0.554243240383444
[2024-04-25 12:57:19,322][root][INFO] - --------------- Start iteration i=61 ---------------
[2024-04-25 12:57:19,322][root][INFO] - Length of data.x: 62
[2024-04-25 12:57:19,322][root][INFO] - Length of data.y: 62
[2024-04-25 12:57:19,438][root][INFO] - x: [-0.21675496  0.1178041   0.47957467]
[2024-04-25 12:57:19,439][root][INFO] - y: [ 0.00977455 -0.04103494]
[2024-04-25 12:57:19,439][root][INFO] - Reward: -0.4614610304921649
[2024-04-25 12:57:19,441][root][INFO] - --------------- Start iteration i=62 ---------------
[2024-04-25 12:57:19,441][root][INFO] - Length of data.x: 63
[2024-04-25 12:57:19,441][root][INFO] - Length of data.y: 63
[2024-04-25 12:57:19,555][root][INFO] - x: [-0.2069804   0.07676916  0.8359748 ]
[2024-04-25 12:57:19,555][root][INFO] - y: [ 0.0065398  -0.02540569]
[2024-04-25 12:57:19,555][root][INFO] - Reward: -0.4162054852776057
[2024-04-25 12:57:19,557][root][INFO] - --------------- Start iteration i=63 ---------------
[2024-04-25 12:57:19,557][root][INFO] - Length of data.x: 64
[2024-04-25 12:57:19,557][root][INFO] - Length of data.y: 64
[2024-04-25 12:57:19,671][root][INFO] - x: [-0.2004406   0.05136347  1.        ]
[2024-04-25 12:57:19,672][root][INFO] - y: [ 0.00428492 -0.0177098 ]
[2024-04-25 12:57:19,672][root][INFO] - Reward: -0.39100175908729684
[2024-04-25 12:57:19,674][root][INFO] - --------------- Start iteration i=64 ---------------
[2024-04-25 12:57:19,674][root][INFO] - Length of data.x: 65
[2024-04-25 12:57:19,674][root][INFO] - Length of data.y: 65
[2024-04-25 12:57:19,788][root][INFO] - x: [-0.19615569  0.03365367  0.76486988]
[2024-04-25 12:57:19,788][root][INFO] - y: [ 0.00103787 -0.02550225]
[2024-04-25 12:57:19,789][root][INFO] - Reward: -0.37851070655286495
[2024-04-25 12:57:19,791][root][INFO] - --------------- Start iteration i=65 ---------------
[2024-04-25 12:57:19,791][root][INFO] - Length of data.x: 66
[2024-04-25 12:57:19,791][root][INFO] - Length of data.y: 66
[2024-04-25 12:57:52,234][root][INFO] - Eval Returns: [  -1.2848543  -522.58033823   -1.20341106 -339.70781235 -123.59921429]
[2024-04-25 12:57:52,275][root][INFO] - Eval Returns: mean=-197.675 std=204.154
[2024-04-25 12:57:52,275][root][INFO] - Eval ndata: 66.000
[2024-04-25 12:57:52,275][root][INFO] - Model MSE (current real MPC): 0.032
[2024-04-25 12:57:52,776][root][INFO] - Model MSE (random test set): 0.000
[2024-04-25 12:57:52,776][root][INFO] - Model MSE (GT MPC): 0.000
[2024-04-25 12:57:52,776][root][INFO] - Model Likelihood (random test set): -1.846
[2024-04-25 12:57:52,776][root][INFO] - Model Likelihood (GT MPC): -1.844
[2024-04-25 12:57:52,776][root][INFO] - *[TIME] [Evaluate the current MPC policy] Elapsed: 32.87 seconds
[2024-04-25 12:57:57,100][root][INFO] - x: [-0.19511781  0.00815142  1.        ]
[2024-04-25 12:57:57,100][root][INFO] - y: [-0.00105471 -0.01643513]
[2024-04-25 12:57:57,101][root][INFO] - Reward: -0.38425769749612837
[2024-04-25 12:57:58,875][root][INFO] - --------------- Start iteration i=66 ---------------
[2024-04-25 12:57:58,875][root][INFO] - Length of data.x: 67
[2024-04-25 12:57:58,875][root][INFO] - Length of data.y: 67
[2024-04-25 12:57:58,992][root][INFO] - x: [-0.19617253 -0.00828371  0.86244436]
[2024-04-25 12:57:58,993][root][INFO] - y: [-0.00383639 -0.02184725]
[2024-04-25 12:57:58,993][root][INFO] - Reward: -0.40360505705311506
[2024-04-25 12:57:58,996][root][INFO] - --------------- Start iteration i=67 ---------------
[2024-04-25 12:57:58,996][root][INFO] - Length of data.x: 68
[2024-04-25 12:57:58,996][root][INFO] - Length of data.y: 68
[2024-04-25 12:57:59,112][root][INFO] - x: [-0.20000892 -0.03013096  0.6664659 ]
[2024-04-25 12:57:59,112][root][INFO] - y: [-0.00767069 -0.03011452]
[2024-04-25 12:57:59,113][root][INFO] - Reward: -0.45068979719649976
[2024-04-25 12:57:59,115][root][INFO] - --------------- Start iteration i=68 ---------------
[2024-04-25 12:57:59,115][root][INFO] - Length of data.x: 69
[2024-04-25 12:57:59,115][root][INFO] - Length of data.y: 69
[2024-04-25 12:57:59,232][root][INFO] - x: [-0.20767961 -0.06024548  1.        ]
[2024-04-25 12:57:59,232][root][INFO] - y: [-0.01014313 -0.01941852]
[2024-04-25 12:57:59,232][root][INFO] - Reward: -0.5128973331414793
[2024-04-25 12:57:59,234][root][INFO] - --------------- Start iteration i=69 ---------------
[2024-04-25 12:57:59,235][root][INFO] - Length of data.x: 70
[2024-04-25 12:57:59,235][root][INFO] - Length of data.y: 70
[2024-04-25 12:57:59,354][root][INFO] - x: [-0.21782275 -0.079664    0.80222946]
[2024-04-25 12:57:59,354][root][INFO] - y: [-0.01385837 -0.02917941]
[2024-04-25 12:57:59,354][root][INFO] - Reward: -0.6081566784419739
[2024-04-25 12:57:59,356][root][INFO] - --------------- Start iteration i=70 ---------------
[2024-04-25 12:57:59,356][root][INFO] - Length of data.x: 71
[2024-04-25 12:57:59,356][root][INFO] - Length of data.y: 71
[2024-04-25 12:58:34,503][root][INFO] - Eval Returns: [-117.98165868 -117.76799644 -341.54461988 -369.60721889 -127.13336032]
[2024-04-25 12:58:34,545][root][INFO] - Eval Returns: mean=-214.807 std=115.329
[2024-04-25 12:58:34,545][root][INFO] - Eval ndata: 71.000
[2024-04-25 12:58:34,545][root][INFO] - Model MSE (current real MPC): 0.036
[2024-04-25 12:58:35,076][root][INFO] - Model MSE (random test set): 0.000
[2024-04-25 12:58:35,076][root][INFO] - Model MSE (GT MPC): 0.000
[2024-04-25 12:58:35,076][root][INFO] - Model Likelihood (random test set): -1.846
[2024-04-25 12:58:35,076][root][INFO] - Model Likelihood (GT MPC): -1.844
[2024-04-25 12:58:35,076][root][INFO] - *[TIME] [Evaluate the current MPC policy] Elapsed: 35.60 seconds
[2024-04-25 12:58:38,809][root][INFO] - x: [-0.23168112 -0.1088434   0.65923497]
[2024-04-25 12:58:38,809][root][INFO] - y: [-0.01865176 -0.03764721]
[2024-04-25 12:58:38,809][root][INFO] - Reward: -0.7575732982133196
[2024-04-25 12:58:40,688][root][INFO] - --------------- Start iteration i=71 ---------------
[2024-04-25 12:58:40,688][root][INFO] - Length of data.x: 72
[2024-04-25 12:58:40,688][root][INFO] - Length of data.y: 72
[2024-04-25 12:58:40,804][root][INFO] - x: [-0.25033289 -0.14649062  0.656047  ]
[2024-04-25 12:58:40,804][root][INFO] - y: [-0.02396866 -0.04175879]
[2024-04-25 12:58:40,805][root][INFO] - Reward: -0.9711260375659594
[2024-04-25 12:58:40,807][root][INFO] - --------------- Start iteration i=72 ---------------
[2024-04-25 12:58:40,807][root][INFO] - Length of data.x: 73
[2024-04-25 12:58:40,807][root][INFO] - Length of data.y: 73
[2024-04-25 12:58:40,923][root][INFO] - x: [-0.27430154 -0.18824941  1.        ]
[2024-04-25 12:58:40,923][root][INFO] - y: [-0.02825366 -0.03365429]
[2024-04-25 12:58:40,924][root][INFO] - Reward: -1.2226041790398239
[2024-04-25 12:58:40,926][root][INFO] - --------------- Start iteration i=73 ---------------
[2024-04-25 12:58:40,926][root][INFO] - Length of data.x: 74
[2024-04-25 12:58:40,926][root][INFO] - Length of data.y: 74
[2024-04-25 12:58:41,042][root][INFO] - x: [-0.3025552  -0.2219037   0.02662259]
[2024-04-25 12:58:41,042][root][INFO] - y: [-0.03783948 -0.0752869 ]
[2024-04-25 12:58:41,043][root][INFO] - Reward: -1.7088419387081035
[2024-04-25 12:58:41,045][root][INFO] - --------------- Start iteration i=74 ---------------
[2024-04-25 12:58:41,045][root][INFO] - Length of data.x: 75
[2024-04-25 12:58:41,045][root][INFO] - Length of data.y: 75
[2024-04-25 12:58:41,160][root][INFO] - x: [-0.34039468 -0.2971906   0.10984985]
[2024-04-25 12:58:41,161][root][INFO] - y: [-0.04778225 -0.07809032]
[2024-04-25 12:58:41,161][root][INFO] - Reward: -2.388562358921867
[2024-04-25 12:58:41,163][root][INFO] - --------------- Start iteration i=75 ---------------
[2024-04-25 12:58:41,163][root][INFO] - Length of data.x: 76
[2024-04-25 12:58:41,163][root][INFO] - Length of data.y: 76
[2024-04-25 12:59:25,008][root][INFO] - Eval Returns: [  -0.93174841 -228.95429559 -124.33200568 -115.38898016   -1.51115835]
[2024-04-25 12:59:25,050][root][INFO] - Eval Returns: mean=-94.224 std=85.797
[2024-04-25 12:59:25,050][root][INFO] - Eval ndata: 76.000
[2024-04-25 12:59:25,050][root][INFO] - Model MSE (current real MPC): 0.016
[2024-04-25 12:59:25,577][root][INFO] - Model MSE (random test set): 0.000
[2024-04-25 12:59:25,577][root][INFO] - Model MSE (GT MPC): 0.000
[2024-04-25 12:59:25,577][root][INFO] - Model Likelihood (random test set): -1.847
[2024-04-25 12:59:25,577][root][INFO] - Model Likelihood (GT MPC): -1.844
[2024-04-25 12:59:25,577][root][INFO] - *[TIME] [Evaluate the current MPC policy] Elapsed: 44.30 seconds
[2024-04-25 12:59:28,756][root][INFO] - x: [-0.38817693 -0.37528092 -0.58473843]
[2024-04-25 12:59:28,756][root][INFO] - y: [-0.06178176 -0.10995194]
[2024-04-25 12:59:28,757][root][INFO] - Reward: -3.5064816875827343
[2024-04-25 12:59:30,370][root][INFO] - --------------- Start iteration i=76 ---------------
[2024-04-25 12:59:30,370][root][INFO] - Length of data.x: 77
[2024-04-25 12:59:30,370][root][INFO] - Length of data.y: 77
[2024-04-25 12:59:30,493][root][INFO] - x: [-0.44995869 -0.48523285 -0.33815397]
[2024-04-25 12:59:30,494][root][INFO] - y: [-0.07518575 -0.10527465]
[2024-04-25 12:59:30,494][root][INFO] - Reward: -4.953938663856834
[2024-04-25 12:59:30,497][root][INFO] - --------------- Start iteration i=77 ---------------
[2024-04-25 12:59:30,497][root][INFO] - Length of data.x: 78
[2024-04-25 12:59:30,497][root][INFO] - Length of data.y: 78
[2024-04-25 12:59:30,619][root][INFO] - x: [-0.52514444 -0.59050751 -0.46090141]
[2024-04-25 12:59:30,620][root][INFO] - y: [-0.08928579 -0.11074146]
[2024-04-25 12:59:30,620][root][INFO] - Reward: -6.874068151607542
[2024-04-25 12:59:30,622][root][INFO] - --------------- Start iteration i=78 ---------------
[2024-04-25 12:59:30,623][root][INFO] - Length of data.x: 79
[2024-04-25 12:59:30,623][root][INFO] - Length of data.y: 79
[2024-04-25 12:59:30,744][root][INFO] - x: [-0.61443023 -0.70124896 -0.5708329 ]
[2024-04-25 12:59:30,744][root][INFO] - y: [-0.10318489 -0.10916329]
[2024-04-25 12:59:30,745][root][INFO] - Reward: -9.287183544191695
[2024-04-25 12:59:30,747][root][INFO] - --------------- Start iteration i=79 ---------------
[2024-04-25 12:59:30,747][root][INFO] - Length of data.x: 80
[2024-04-25 12:59:30,748][root][INFO] - Length of data.y: 80
[2024-04-25 12:59:30,871][root][INFO] - x: [-0.71761512 -0.81041225  0.02303026]
[2024-04-25 12:59:30,871][root][INFO] - y: [-0.112329   -0.07181768]
[2024-04-25 12:59:30,871][root][INFO] - Reward: -11.779567166074836
[2024-04-25 12:59:30,874][root][INFO] - --------------- Start iteration i=80 ---------------
[2024-04-25 12:59:30,874][root][INFO] - Length of data.x: 81
[2024-04-25 12:59:30,874][root][INFO] - Length of data.y: 81
[2024-04-25 13:00:05,060][root][INFO] - Eval Returns: [-121.80645959 -235.07966307 -226.15563462 -118.12829648 -231.34737589]
[2024-04-25 13:00:05,101][root][INFO] - Eval Returns: mean=-186.503 std=54.413
[2024-04-25 13:00:05,101][root][INFO] - Eval ndata: 81.000
[2024-04-25 13:00:05,101][root][INFO] - Model MSE (current real MPC): 0.032
[2024-04-25 13:00:05,624][root][INFO] - Model MSE (random test set): 0.000
[2024-04-25 13:00:05,624][root][INFO] - Model MSE (GT MPC): 0.000
[2024-04-25 13:00:05,624][root][INFO] - Model Likelihood (random test set): -1.848
[2024-04-25 13:00:05,624][root][INFO] - Model Likelihood (GT MPC): -1.844
[2024-04-25 13:00:05,624][root][INFO] - *[TIME] [Evaluate the current MPC policy] Elapsed: 34.63 seconds
[2024-04-25 13:00:09,354][root][INFO] - x: [-0.82994412 -0.88222992 -0.23687651]
[2024-04-25 13:00:09,354][root][INFO] - y: [-0.11953804 -0.05661966]
[2024-04-25 13:00:09,354][root][INFO] - Reward: -14.539041534656977
[2024-04-25 13:00:11,344][root][INFO] - --------------- Start iteration i=81 ---------------
[2024-04-25 13:00:11,344][root][INFO] - Length of data.x: 82
[2024-04-25 13:00:11,344][root][INFO] - Length of data.y: 82
[2024-04-25 13:00:11,468][root][INFO] - x: [-0.94948216 -0.93884959  0.24540443]
[2024-04-25 13:00:11,469][root][INFO] - y: [-0.12025279 -0.00561368]
[2024-04-25 13:00:11,470][root][INFO] - Reward: -14.250197988541393
[2024-04-25 13:00:11,472][root][INFO] - --------------- Start iteration i=82 ---------------
[2024-04-25 13:00:11,472][root][INFO] - Length of data.x: 83
[2024-04-25 13:00:11,472][root][INFO] - Length of data.y: 83
[2024-04-25 13:00:11,596][root][INFO] - x: [ 0.93026505 -0.94446326  0.43635815]
[2024-04-25 13:00:11,596][root][INFO] - y: [-0.11557515  0.03673816]
[2024-04-25 13:00:11,596][root][INFO] - Reward: -11.824787337254243
[2024-04-25 13:00:11,599][root][INFO] - --------------- Start iteration i=83 ---------------
[2024-04-25 13:00:11,599][root][INFO] - Length of data.x: 84
[2024-04-25 13:00:11,599][root][INFO] - Length of data.y: 84
[2024-04-25 13:00:11,722][root][INFO] - x: [ 0.8146899 -0.9077251  0.2605119]
[2024-04-25 13:00:11,722][root][INFO] - y: [-0.1077681   0.06131639]
[2024-04-25 13:00:11,723][root][INFO] - Reward: -9.517501681576432
[2024-04-25 13:00:11,725][root][INFO] - --------------- Start iteration i=84 ---------------
[2024-04-25 13:00:11,725][root][INFO] - Length of data.x: 85
[2024-04-25 13:00:11,725][root][INFO] - Length of data.y: 85
[2024-04-25 13:00:11,847][root][INFO] - x: [ 0.7069218  -0.84640871 -0.02480322]
[2024-04-25 13:00:11,848][root][INFO] - y: [-0.09838444  0.0736991 ]
[2024-04-25 13:00:11,848][root][INFO] - Reward: -7.476204956485517
[2024-04-25 13:00:11,851][root][INFO] - --------------- Start iteration i=85 ---------------
[2024-04-25 13:00:11,851][root][INFO] - Length of data.x: 86
[2024-04-25 13:00:11,851][root][INFO] - Length of data.y: 86
[2024-04-25 13:00:50,122][root][INFO] - Eval Returns: [-233.0497396  -127.17723521   -2.64615585   -3.62465936 -348.99090185]
[2024-04-25 13:00:50,166][root][INFO] - Eval Returns: mean=-143.098 std=134.102
[2024-04-25 13:00:50,166][root][INFO] - Eval ndata: 86.000
[2024-04-25 13:00:50,166][root][INFO] - Model MSE (current real MPC): 0.024
[2024-04-25 13:00:50,707][root][INFO] - Model MSE (random test set): 0.000
[2024-04-25 13:00:50,707][root][INFO] - Model MSE (GT MPC): 0.000
[2024-04-25 13:00:50,707][root][INFO] - Model Likelihood (random test set): -1.848
[2024-04-25 13:00:50,707][root][INFO] - Model Likelihood (GT MPC): -1.845
[2024-04-25 13:00:50,707][root][INFO] - *[TIME] [Evaluate the current MPC policy] Elapsed: 38.73 seconds
[2024-04-25 13:00:53,820][root][INFO] - x: [ 0.60853736 -0.77270961  0.08018041]
[2024-04-25 13:00:53,820][root][INFO] - y: [-0.08675221  0.09135933]
[2024-04-25 13:00:53,820][root][INFO] - Reward: -5.658246358370263
[2024-04-25 13:00:55,330][root][INFO] - --------------- Start iteration i=86 ---------------
[2024-04-25 13:00:55,330][root][INFO] - Length of data.x: 87
[2024-04-25 13:00:55,331][root][INFO] - Length of data.y: 87
[2024-04-25 13:00:55,453][root][INFO] - x: [ 0.52178515 -0.68135028 -0.41680724]
[2024-04-25 13:00:55,453][root][INFO] - y: [-0.07683364  0.07790025]
[2024-04-25 13:00:55,453][root][INFO] - Reward: -4.285269940930287
[2024-04-25 13:00:55,456][root][INFO] - --------------- Start iteration i=87 ---------------
[2024-04-25 13:00:55,456][root][INFO] - Length of data.x: 88
[2024-04-25 13:00:55,456][root][INFO] - Length of data.y: 88
[2024-04-25 13:00:55,578][root][INFO] - x: [ 0.44495151 -0.60345003 -0.27728306]
[2024-04-25 13:00:55,578][root][INFO] - y: [-0.06639901  0.08195343]
[2024-04-25 13:00:55,579][root][INFO] - Reward: -3.1551773607574534
[2024-04-25 13:00:55,581][root][INFO] - --------------- Start iteration i=88 ---------------
[2024-04-25 13:00:55,581][root][INFO] - Length of data.x: 89
[2024-04-25 13:00:55,581][root][INFO] - Length of data.y: 89
[2024-04-25 13:00:55,704][root][INFO] - x: [ 0.3785525  -0.52149661 -0.12977189]
[2024-04-25 13:00:55,704][root][INFO] - y: [-0.05594033  0.08214226]
[2024-04-25 13:00:55,705][root][INFO] - Reward: -2.2626884813845227
[2024-04-25 13:00:55,707][root][INFO] - --------------- Start iteration i=89 ---------------
[2024-04-25 13:00:55,707][root][INFO] - Length of data.x: 90
[2024-04-25 13:00:55,707][root][INFO] - Length of data.y: 90
[2024-04-25 13:00:55,829][root][INFO] - x: [ 0.32261217 -0.43935435 -0.05062585]
[2024-04-25 13:00:55,829][root][INFO] - y: [-0.04605148  0.07766684]
[2024-04-25 13:00:55,830][root][INFO] - Reward: -1.5921292555911422
[2024-04-25 13:00:55,832][root][INFO] - --------------- Start iteration i=90 ---------------
[2024-04-25 13:00:55,832][root][INFO] - Length of data.x: 91
[2024-04-25 13:00:55,832][root][INFO] - Length of data.y: 91
[2024-04-25 13:01:40,389][root][INFO] - Eval Returns: [-131.45317312   -1.73018888   -0.55297076 -119.98697907 -115.4675062 ]
[2024-04-25 13:01:40,437][root][INFO] - Eval Returns: mean=-73.838 std=59.586
[2024-04-25 13:01:40,437][root][INFO] - Eval ndata: 91.000
[2024-04-25 13:01:40,437][root][INFO] - Model MSE (current real MPC): 0.012
[2024-04-25 13:01:41,073][root][INFO] - Model MSE (random test set): 0.000
[2024-04-25 13:01:41,074][root][INFO] - Model MSE (GT MPC): 0.000
[2024-04-25 13:01:41,074][root][INFO] - Model Likelihood (random test set): -1.849
[2024-04-25 13:01:41,074][root][INFO] - Model Likelihood (GT MPC): -1.845
[2024-04-25 13:01:41,074][root][INFO] - *[TIME] [Evaluate the current MPC policy] Elapsed: 45.12 seconds
[2024-04-25 13:01:44,625][root][INFO] - x: [ 0.27656069 -0.3616875  -0.51326634]
[2024-04-25 13:01:44,625][root][INFO] - y: [-0.03938757  0.05233824]
[2024-04-25 13:01:44,625][root][INFO] - Reward: -1.16869036310566
[2024-04-25 13:01:46,199][root][INFO] - --------------- Start iteration i=91 ---------------
[2024-04-25 13:01:46,199][root][INFO] - Length of data.x: 92
[2024-04-25 13:01:46,199][root][INFO] - Length of data.y: 92
[2024-04-25 13:01:46,329][root][INFO] - x: [ 0.23717312 -0.30934926 -0.35164883]
[2024-04-25 13:01:46,330][root][INFO] - y: [-0.03297299  0.05038001]
[2024-04-25 13:01:46,330][root][INFO] - Reward: -0.8412508521498456
[2024-04-25 13:01:46,332][root][INFO] - --------------- Start iteration i=92 ---------------
[2024-04-25 13:01:46,332][root][INFO] - Length of data.x: 93
[2024-04-25 13:01:46,332][root][INFO] - Length of data.y: 93
[2024-04-25 13:01:46,462][root][INFO] - x: [ 0.20420013 -0.25896925 -0.05853348]
[2024-04-25 13:01:46,463][root][INFO] - y: [-0.02610949  0.05390582]
[2024-04-25 13:01:46,463][root][INFO] - Reward: -0.5821672923255753
[2024-04-25 13:01:46,465][root][INFO] - --------------- Start iteration i=93 ---------------
[2024-04-25 13:01:46,466][root][INFO] - Length of data.x: 94
[2024-04-25 13:01:46,466][root][INFO] - Length of data.y: 94
[2024-04-25 13:01:46,599][root][INFO] - x: [ 0.17809064 -0.20506343 -0.62198795]
[2024-04-25 13:01:46,600][root][INFO] - y: [-0.02274387  0.0264335 ]
[2024-04-25 13:01:46,600][root][INFO] - Reward: -0.4439422654047243
[2024-04-25 13:01:46,603][root][INFO] - --------------- Start iteration i=94 ---------------
[2024-04-25 13:01:46,603][root][INFO] - Length of data.x: 95
[2024-04-25 13:01:46,603][root][INFO] - Length of data.y: 95
[2024-04-25 13:01:46,736][root][INFO] - x: [ 0.15534677 -0.17862993 -0.50241616]
[2024-04-25 13:01:46,737][root][INFO] - y: [-0.01954574  0.02511805]
[2024-04-25 13:01:46,737][root][INFO] - Reward: -0.33384589699582046
[2024-04-25 13:01:46,740][root][INFO] - --------------- Start iteration i=95 ---------------
[2024-04-25 13:01:46,740][root][INFO] - Length of data.x: 96
[2024-04-25 13:01:46,740][root][INFO] - Length of data.y: 96
[2024-04-25 13:02:35,823][root][INFO] - Eval Returns: [-229.86492585 -115.81904454 -237.86719469 -114.75057324 -369.02285527]
[2024-04-25 13:02:35,872][root][INFO] - Eval Returns: mean=-213.465 std=94.172
[2024-04-25 13:02:35,873][root][INFO] - Eval ndata: 96.000
[2024-04-25 13:02:35,873][root][INFO] - Model MSE (current real MPC): 0.036
[2024-04-25 13:02:36,527][root][INFO] - Model MSE (random test set): 0.000
[2024-04-25 13:02:36,527][root][INFO] - Model MSE (GT MPC): 0.000
[2024-04-25 13:02:36,527][root][INFO] - Model Likelihood (random test set): -1.850
[2024-04-25 13:02:36,527][root][INFO] - Model Likelihood (GT MPC): -1.845
[2024-04-25 13:02:36,527][root][INFO] - *[TIME] [Evaluate the current MPC policy] Elapsed: 49.66 seconds
[2024-04-25 13:02:41,219][root][INFO] - x: [ 0.13580103 -0.15351188 -0.10072973]
[2024-04-25 13:02:41,220][root][INFO] - y: [-0.01508723  0.03501701]
[2024-04-25 13:02:41,220][root][INFO] - Reward: -0.23372132399318665
[2024-04-25 13:02:43,321][root][INFO] - --------------- Start iteration i=96 ---------------
[2024-04-25 13:02:43,321][root][INFO] - Length of data.x: 97
[2024-04-25 13:02:43,321][root][INFO] - Length of data.y: 97
[2024-04-25 13:02:43,445][root][INFO] - x: [ 0.1207138  -0.11849487 -0.36535903]
[2024-04-25 13:02:43,445][root][INFO] - y: [-0.01241266  0.0210061 ]
[2024-04-25 13:02:43,446][root][INFO] - Reward: -0.17712189501128953
[2024-04-25 13:02:43,448][root][INFO] - --------------- Start iteration i=97 ---------------
[2024-04-25 13:02:43,448][root][INFO] - Length of data.x: 98
[2024-04-25 13:02:43,448][root][INFO] - Length of data.y: 98
[2024-04-25 13:02:43,572][root][INFO] - x: [ 0.10830114 -0.09748877 -0.94995827]
[2024-04-25 13:02:43,572][root][INFO] - y: [-0.01296498 -0.00433798]
[2024-04-25 13:02:43,572][root][INFO] - Reward: -0.1596739564013039
[2024-04-25 13:02:43,575][root][INFO] - --------------- Start iteration i=98 ---------------
[2024-04-25 13:02:43,575][root][INFO] - Length of data.x: 99
[2024-04-25 13:02:43,575][root][INFO] - Length of data.y: 99
[2024-04-25 13:02:43,701][root][INFO] - x: [ 0.09533616 -0.10182675 -0.01962959]
[2024-04-25 13:02:43,701][root][INFO] - y: [-0.00953681  0.02692479]
[2024-04-25 13:02:43,702][root][INFO] - Reward: -0.10856285909853086
[2024-04-25 13:02:43,704][root][INFO] - --------------- Start iteration i=99 ---------------
[2024-04-25 13:02:43,705][root][INFO] - Length of data.x: 100
[2024-04-25 13:02:43,705][root][INFO] - Length of data.y: 100
[2024-04-25 13:02:43,831][root][INFO] - x: [ 0.08579935 -0.07490197 -0.36888269]
[2024-04-25 13:02:43,831][root][INFO] - y: [-0.00811944  0.011132  ]
[2024-04-25 13:02:43,831][root][INFO] - Reward: -0.08612543568743058
[2024-04-25 13:02:43,834][root][INFO] - --------------- Start iteration i=100 ---------------
[2024-04-25 13:02:43,834][root][INFO] - Length of data.x: 101
[2024-04-25 13:02:43,834][root][INFO] - Length of data.y: 101
[2024-04-25 13:03:31,255][root][INFO] - Eval Returns: [-225.2738797  -123.01271596 -114.96992904 -350.65587233 -335.23224966]
[2024-04-25 13:03:31,258][root][INFO] - Eval Returns: mean=-229.829 std=100.332
[2024-04-25 13:03:31,258][root][INFO] - Eval ndata: 101.000
[2024-04-25 13:03:31,258][root][INFO] - Model MSE (current real MPC): 0.040
[2024-04-25 13:03:31,782][root][INFO] - Model MSE (random test set): 0.000
[2024-04-25 13:03:31,782][root][INFO] - Model MSE (GT MPC): 0.000
[2024-04-25 13:03:31,782][root][INFO] - Model Likelihood (random test set): -1.850
[2024-04-25 13:03:31,782][root][INFO] - Model Likelihood (GT MPC): -1.845
[2024-04-25 13:03:31,782][root][INFO] - *[TIME] [Evaluate the current MPC policy] Elapsed: 47.82 seconds
[2024-04-25 13:03:35,222][root][INFO] - x: [ 0.0776799  -0.06376996 -0.3985746 ]
[2024-04-25 13:03:35,223][root][INFO] - y: [-0.00713833  0.00770566]
[2024-04-25 13:03:35,223][root][INFO] - Reward: -0.06986424090990226
[2024-04-25 13:03:37,355][root][INFO] - --------------- Start iteration i=101 ---------------
[2024-04-25 13:03:37,355][root][INFO] - Length of data.x: 102
[2024-04-25 13:03:37,355][root][INFO] - Length of data.y: 102
[2024-04-25 13:03:37,486][root][INFO] - x: [ 0.07054157 -0.0560643  -0.38547457]
[2024-04-25 13:03:37,487][root][INFO] - y: [-0.00635512  0.00615127]
[2024-04-25 13:03:37,488][root][INFO] - Reward: -0.05720054031651109
[2024-04-25 13:03:37,490][root][INFO] - --------------- Start iteration i=102 ---------------
[2024-04-25 13:03:37,490][root][INFO] - Length of data.x: 103
[2024-04-25 13:03:37,490][root][INFO] - Length of data.y: 103
[2024-04-25 13:03:37,616][root][INFO] - x: [ 0.06418645 -0.04991304 -0.48823764]
[2024-04-25 13:03:37,617][root][INFO] - y: [-0.00629558  0.0004677 ]
[2024-04-25 13:03:37,617][root][INFO] - Reward: -0.04967701721980784
[2024-04-25 13:03:37,619][root][INFO] - --------------- Start iteration i=103 ---------------
[2024-04-25 13:03:37,619][root][INFO] - Length of data.x: 104
[2024-04-25 13:03:37,620][root][INFO] - Length of data.y: 104
[2024-04-25 13:03:37,751][root][INFO] - x: [ 0.05789087 -0.04944533 -0.30796249]
[2024-04-25 13:03:37,752][root][INFO] - y: [-0.00560703  0.00540784]
[2024-04-25 13:03:37,752][root][INFO] - Reward: -0.039770445859800274
[2024-04-25 13:03:37,755][root][INFO] - --------------- Start iteration i=104 ---------------
[2024-04-25 13:03:37,755][root][INFO] - Length of data.x: 105
[2024-04-25 13:03:37,755][root][INFO] - Length of data.y: 105
[2024-04-25 13:03:37,889][root][INFO] - x: [ 0.05228385 -0.04403749 -0.21620912]
[2024-04-25 13:03:37,889][root][INFO] - y: [-0.00468751  0.00722187]
[2024-04-25 13:03:37,889][root][INFO] - Reward: -0.03122019378561914
[2024-04-25 13:03:37,892][root][INFO] - --------------- Start iteration i=105 ---------------
[2024-04-25 13:03:37,892][root][INFO] - Length of data.x: 106
[2024-04-25 13:03:37,892][root][INFO] - Length of data.y: 106
[2024-04-25 13:04:18,443][root][INFO] - Eval Returns: [-350.32390027 -121.27891826 -124.19020096   -0.67458975 -128.17375681]
[2024-04-25 13:04:18,484][root][INFO] - Eval Returns: mean=-144.928 std=113.372
[2024-04-25 13:04:18,484][root][INFO] - Eval ndata: 106.000
[2024-04-25 13:04:18,484][root][INFO] - Model MSE (current real MPC): 0.024
[2024-04-25 13:04:19,024][root][INFO] - Model MSE (random test set): 0.000
[2024-04-25 13:04:19,024][root][INFO] - Model MSE (GT MPC): 0.000
[2024-04-25 13:04:19,024][root][INFO] - Model Likelihood (random test set): -1.850
[2024-04-25 13:04:19,024][root][INFO] - Model Likelihood (GT MPC): -1.845
[2024-04-25 13:04:19,024][root][INFO] - *[TIME] [Evaluate the current MPC policy] Elapsed: 41.00 seconds
[2024-04-25 13:04:22,479][root][INFO] - x: [ 0.04759633 -0.03681562 -0.49600129]
[2024-04-25 13:04:22,479][root][INFO] - y: [-0.00527752 -0.00463395]
[2024-04-25 13:04:22,479][root][INFO] - Reward: -0.029654993744871728
[2024-04-25 13:04:24,105][root][INFO] - --------------- Start iteration i=106 ---------------
[2024-04-25 13:04:24,106][root][INFO] - Length of data.x: 107
[2024-04-25 13:04:24,106][root][INFO] - Length of data.y: 107
[2024-04-25 13:04:24,238][root][INFO] - x: [ 0.04231881 -0.04144957 -0.31630134]
[2024-04-25 13:04:24,239][root][INFO] - y: [-0.00520547  0.00056593]
[2024-04-25 13:04:24,239][root][INFO] - Reward: -0.024692003557300685
[2024-04-25 13:04:24,242][root][INFO] - --------------- Start iteration i=107 ---------------
[2024-04-25 13:04:24,242][root][INFO] - Length of data.x: 108
[2024-04-25 13:04:24,242][root][INFO] - Length of data.y: 108
[2024-04-25 13:04:24,374][root][INFO] - x: [ 0.03711335 -0.04088364  0.37315602]
[2024-04-25 13:04:24,374][root][INFO] - y: [-0.00203518  0.02489938]
[2024-04-25 13:04:24,374][root][INFO] - Reward: -0.014336488114068232
[2024-04-25 13:04:24,377][root][INFO] - --------------- Start iteration i=108 ---------------
[2024-04-25 13:04:24,377][root][INFO] - Length of data.x: 109
[2024-04-25 13:04:24,377][root][INFO] - Length of data.y: 109
[2024-04-25 13:04:24,515][root][INFO] - x: [ 0.03507817 -0.01598425 -0.10243744]
[2024-04-25 13:04:24,515][root][INFO] - y: [-0.00121151  0.00646907]
[2024-04-25 13:04:24,515][root][INFO] - Reward: -0.01194136886495777
[2024-04-25 13:04:24,518][root][INFO] - --------------- Start iteration i=109 ---------------
[2024-04-25 13:04:24,518][root][INFO] - Length of data.x: 110
[2024-04-25 13:04:24,518][root][INFO] - Length of data.y: 110
[2024-04-25 13:04:24,652][root][INFO] - x: [ 0.03386666 -0.00951518  0.11201399]
[2024-04-25 13:04:24,653][root][INFO] - y: [0.00059092 0.01415627]
[2024-04-25 13:04:24,653][root][INFO] - Reward: -0.011906468235026954
[2024-04-25 13:04:24,656][root][INFO] - --------------- Start iteration i=110 ---------------
[2024-04-25 13:04:24,656][root][INFO] - Length of data.x: 111
[2024-04-25 13:04:24,656][root][INFO] - Length of data.y: 111
[2024-04-25 13:05:19,519][root][INFO] - Eval Returns: [-241.43514464 -122.3750219  -347.36567333 -234.38152704 -422.41178763]
[2024-04-25 13:05:19,563][root][INFO] - Eval Returns: mean=-273.594 std=102.983
[2024-04-25 13:05:19,563][root][INFO] - Eval ndata: 111.000
[2024-04-25 13:05:19,563][root][INFO] - Model MSE (current real MPC): 0.048
[2024-04-25 13:05:20,121][root][INFO] - Model MSE (random test set): 0.000
[2024-04-25 13:05:20,122][root][INFO] - Model MSE (GT MPC): 0.000
[2024-04-25 13:05:20,122][root][INFO] - Model Likelihood (random test set): -1.850
[2024-04-25 13:05:20,122][root][INFO] - Model Likelihood (GT MPC): -1.845
[2024-04-25 13:05:20,122][root][INFO] - *[TIME] [Evaluate the current MPC policy] Elapsed: 55.33 seconds
[2024-04-25 13:05:23,510][root][INFO] - x: [ 0.03445758  0.00464109 -0.29019769]
[2024-04-25 13:05:23,511][root][INFO] - y: [ 0.00049497 -0.00075363]
[2024-04-25 13:05:23,511][root][INFO] - Reward: -0.01249108068285331
[2024-04-25 13:05:25,091][root][INFO] - --------------- Start iteration i=111 ---------------
[2024-04-25 13:05:25,091][root][INFO] - Length of data.x: 112
[2024-04-25 13:05:25,091][root][INFO] - Length of data.y: 112
[2024-04-25 13:05:25,225][root][INFO] - x: [ 0.03495254  0.00388746 -1.        ]
[2024-04-25 13:05:25,226][root][INFO] - y: [-0.00297159 -0.0272263 ]
[2024-04-25 13:05:25,226][root][INFO] - Reward: -0.01758053637278552
[2024-04-25 13:05:25,229][root][INFO] - --------------- Start iteration i=112 ---------------
[2024-04-25 13:05:25,229][root][INFO] - Length of data.x: 113
[2024-04-25 13:05:25,229][root][INFO] - Length of data.y: 113
[2024-04-25 13:05:25,362][root][INFO] - x: [ 0.03198095 -0.02333884 -0.3844491 ]
[2024-04-25 13:05:25,363][root][INFO] - y: [-0.00360993 -0.00501351]
[2024-04-25 13:05:25,363][root][INFO] - Reward: -0.013680071884528772
[2024-04-25 13:05:25,366][root][INFO] - --------------- Start iteration i=113 ---------------
[2024-04-25 13:05:25,366][root][INFO] - Length of data.x: 114
[2024-04-25 13:05:25,366][root][INFO] - Length of data.y: 114
[2024-04-25 13:05:25,499][root][INFO] - x: [ 0.02837102 -0.02835235 -0.11726531]
[2024-04-25 13:05:25,500][root][INFO] - y: [-0.00310733  0.00394745]
[2024-04-25 13:05:25,500][root][INFO] - Reward: -0.010166155653744352
[2024-04-25 13:05:25,503][root][INFO] - --------------- Start iteration i=114 ---------------
[2024-04-25 13:05:25,503][root][INFO] - Length of data.x: 115
[2024-04-25 13:05:25,503][root][INFO] - Length of data.y: 115
[2024-04-25 13:05:25,638][root][INFO] - x: [ 0.02526369 -0.02440491 -0.18276239]
[2024-04-25 13:05:25,638][root][INFO] - y: [-0.00303356  0.00057937]
[2024-04-25 13:05:25,638][root][INFO] - Reward: -0.00864395473022397
[2024-04-25 13:05:25,641][root][INFO] - --------------- Start iteration i=115 ---------------
[2024-04-25 13:05:25,641][root][INFO] - Length of data.x: 116
[2024-04-25 13:05:25,642][root][INFO] - Length of data.y: 116
[2024-04-25 13:06:18,254][root][INFO] - Eval Returns: [-239.14671686 -119.47963693 -453.99067787 -115.78188867 -125.40137288]
[2024-04-25 13:06:18,293][root][INFO] - Eval Returns: mean=-210.760 std=130.082
[2024-04-25 13:06:18,293][root][INFO] - Eval ndata: 116.000
[2024-04-25 13:06:18,293][root][INFO] - Model MSE (current real MPC): 0.036
[2024-04-25 13:06:18,832][root][INFO] - Model MSE (random test set): 0.000
[2024-04-25 13:06:18,832][root][INFO] - Model MSE (GT MPC): 0.000
[2024-04-25 13:06:18,832][root][INFO] - Model Likelihood (random test set): -1.850
[2024-04-25 13:06:18,832][root][INFO] - Model Likelihood (GT MPC): -1.845
[2024-04-25 13:06:18,832][root][INFO] - *[TIME] [Evaluate the current MPC policy] Elapsed: 53.06 seconds
[2024-04-25 13:06:22,011][root][INFO] - x: [ 0.02223013 -0.02382553  0.1532749 ]
[2024-04-25 13:06:22,011][root][INFO] - y: [-0.00146878  0.0122898 ]
[2024-04-25 13:06:22,011][root][INFO] - Reward: -0.005199773850487907
[2024-04-25 13:06:23,949][root][INFO] - --------------- Start iteration i=116 ---------------
[2024-04-25 13:06:23,949][root][INFO] - Length of data.x: 117
[2024-04-25 13:06:23,949][root][INFO] - Length of data.y: 117
[2024-04-25 13:06:24,083][root][INFO] - x: [ 0.02076135 -0.01153573 -0.14764725]
[2024-04-25 13:06:24,084][root][INFO] - y: [-0.00139574  0.00057362]
[2024-04-25 13:06:24,084][root][INFO] - Reward: -0.0045576419123003
[2024-04-25 13:06:24,087][root][INFO] - --------------- Start iteration i=117 ---------------
[2024-04-25 13:06:24,087][root][INFO] - Length of data.x: 118
[2024-04-25 13:06:24,087][root][INFO] - Length of data.y: 118
[2024-04-25 13:06:24,220][root][INFO] - x: [ 0.01936561 -0.01096212 -0.57440708]
[2024-04-25 13:06:24,221][root][INFO] - y: [-0.00341257 -0.01584014]
[2024-04-25 13:06:24,221][root][INFO] - Reward: -0.008429094515418763
[2024-04-25 13:06:24,224][root][INFO] - --------------- Start iteration i=118 ---------------
[2024-04-25 13:06:24,224][root][INFO] - Length of data.x: 119
[2024-04-25 13:06:24,224][root][INFO] - Length of data.y: 119
[2024-04-25 13:06:24,356][root][INFO] - x: [ 0.01595304 -0.02680226  0.10423869]
[2024-04-25 13:06:24,356][root][INFO] - y: [-0.00231688  0.00860554]
[2024-04-25 13:06:24,357][root][INFO] - Reward: -0.003997837043905734
[2024-04-25 13:06:24,360][root][INFO] - --------------- Start iteration i=119 ---------------
[2024-04-25 13:06:24,360][root][INFO] - Length of data.x: 120
[2024-04-25 13:06:24,360][root][INFO] - Length of data.y: 120
[2024-04-25 13:06:24,492][root][INFO] - x: [ 0.01363617 -0.01819671 -0.01631773]
[2024-04-25 13:06:24,492][root][INFO] - y: [-0.00188359  0.00340304]
[2024-04-25 13:06:24,492][root][INFO] - Reward: -0.0027649429491432794
[2024-04-25 13:06:24,495][root][INFO] - --------------- Start iteration i=120 ---------------
[2024-04-25 13:06:24,495][root][INFO] - Length of data.x: 121
[2024-04-25 13:06:24,495][root][INFO] - Length of data.y: 121
[2024-04-25 13:07:11,678][root][INFO] - Eval Returns: [-122.28013634 -240.15887005 -124.64121395 -460.68199223   -1.13493135]
[2024-04-25 13:07:11,722][root][INFO] - Eval Returns: mean=-189.779 std=155.121
[2024-04-25 13:07:11,722][root][INFO] - Eval ndata: 121.000
[2024-04-25 13:07:11,722][root][INFO] - Model MSE (current real MPC): 0.032
[2024-04-25 13:07:12,281][root][INFO] - Model MSE (random test set): 0.000
[2024-04-25 13:07:12,281][root][INFO] - Model MSE (GT MPC): 0.000
[2024-04-25 13:07:12,281][root][INFO] - Model Likelihood (random test set): -1.850
[2024-04-25 13:07:12,281][root][INFO] - Model Likelihood (GT MPC): -1.845
[2024-04-25 13:07:12,281][root][INFO] - *[TIME] [Evaluate the current MPC policy] Elapsed: 47.30 seconds
[2024-04-25 13:08:03,344][root][INFO] - x: [ 0.01175258 -0.01479367  0.09786973]
[2024-04-25 13:08:03,344][root][INFO] - y: [-0.00097567  0.00713075]
[2024-04-25 13:08:03,345][root][INFO] - Reward: -0.0015603967621726665
[2024-04-25 13:08:06,547][root][INFO] - --------------- Start iteration i=121 ---------------
[2024-04-25 13:08:06,548][root][INFO] - Length of data.x: 122
[2024-04-25 13:08:06,548][root][INFO] - Length of data.y: 122
[2024-04-25 13:08:06,685][root][INFO] - x: [ 0.0107769  -0.00766293 -0.05690662]
[2024-04-25 13:08:06,686][root][INFO] - y: [-0.00084333  0.00103946]
[2024-04-25 13:08:06,686][root][INFO] - Reward: -0.0012676163192419656
[2024-04-25 13:08:06,689][root][INFO] - --------------- Start iteration i=122 ---------------
[2024-04-25 13:08:06,689][root][INFO] - Length of data.x: 123
[2024-04-25 13:08:06,689][root][INFO] - Length of data.y: 123
[2024-04-25 13:08:06,830][root][INFO] - x: [ 0.00993358 -0.00662347 -0.04682818]
[2024-04-25 13:08:06,831][root][INFO] - y: [-0.00069447  0.00116915]
[2024-04-25 13:08:06,831][root][INFO] - Reward: -0.0010416501449305691
[2024-04-25 13:08:06,834][root][INFO] - --------------- Start iteration i=123 ---------------
[2024-04-25 13:08:06,834][root][INFO] - Length of data.x: 124
[2024-04-25 13:08:06,834][root][INFO] - Length of data.y: 124
[2024-04-25 13:08:06,973][root][INFO] - x: [ 0.00923911 -0.00545432  0.47649025]
[2024-04-25 13:08:06,973][root][INFO] - y: [0.00192703 0.02058915]
[2024-04-25 13:08:06,973][root][INFO] - Reward: -0.003604742430265886
[2024-04-25 13:08:06,976][root][INFO] - --------------- Start iteration i=124 ---------------
[2024-04-25 13:08:06,977][root][INFO] - Length of data.x: 125
[2024-04-25 13:08:06,977][root][INFO] - Length of data.y: 125
[2024-04-25 13:08:07,116][root][INFO] - x: [ 0.01116614  0.01513482 -0.04038243]
[2024-04-25 13:08:07,116][root][INFO] - y: [0.00215286 0.00177368]
[2024-04-25 13:08:07,116][root][INFO] - Reward: -0.0035870922833231493
[2024-04-25 13:08:07,120][root][INFO] - --------------- Start iteration i=125 ---------------
[2024-04-25 13:08:07,120][root][INFO] - Length of data.x: 126
[2024-04-25 13:08:07,120][root][INFO] - Length of data.y: 126
[2024-04-25 13:09:00,281][root][INFO] - Eval Returns: [-111.80479342 -121.42451287 -244.7552708  -340.62406614 -123.74832267]
[2024-04-25 13:09:00,323][root][INFO] - Eval Returns: mean=-188.471 std=90.422
[2024-04-25 13:09:00,324][root][INFO] - Eval ndata: 126.000
[2024-04-25 13:09:00,324][root][INFO] - Model MSE (current real MPC): 0.032
[2024-04-25 13:09:00,883][root][INFO] - Model MSE (random test set): 0.000
[2024-04-25 13:09:00,884][root][INFO] - Model MSE (GT MPC): 0.000
[2024-04-25 13:09:00,884][root][INFO] - Model Likelihood (random test set): -1.850
[2024-04-25 13:09:00,884][root][INFO] - Model Likelihood (GT MPC): -1.845
[2024-04-25 13:09:00,884][root][INFO] - *[TIME] [Evaluate the current MPC policy] Elapsed: 53.63 seconds
[2024-04-25 13:09:04,114][root][INFO] - x: [ 0.01331899  0.01690851 -0.40807239]
[2024-04-25 13:09:04,114][root][INFO] - y: [ 0.00070377 -0.01138109]
[2024-04-25 13:09:04,115][root][INFO] - Reward: -0.0028023664588287507
[2024-04-25 13:09:06,148][root][INFO] - --------------- Start iteration i=126 ---------------
[2024-04-25 13:09:06,148][root][INFO] - Length of data.x: 127
[2024-04-25 13:09:06,148][root][INFO] - Length of data.y: 127
[2024-04-25 13:09:06,282][root][INFO] - x: [ 0.01402277  0.00552742 -0.09645772]
[2024-04-25 13:09:06,283][root][INFO] - y: [0.0007689  0.00051155]
[2024-04-25 13:09:06,283][root][INFO] - Reward: -0.002430024075063428
[2024-04-25 13:09:06,286][root][INFO] - --------------- Start iteration i=127 ---------------
[2024-04-25 13:09:06,286][root][INFO] - Length of data.x: 128
[2024-04-25 13:09:06,287][root][INFO] - Length of data.y: 128
[2024-04-25 13:09:06,421][root][INFO] - x: [ 0.01479167  0.00603896 -0.21247013]
[2024-04-25 13:09:06,421][root][INFO] - y: [ 0.00030892 -0.00361269]
[2024-04-25 13:09:06,421][root][INFO] - Reward: -0.0024687952137926517
[2024-04-25 13:09:06,424][root][INFO] - --------------- Start iteration i=128 ---------------
[2024-04-25 13:09:06,424][root][INFO] - Length of data.x: 129
[2024-04-25 13:09:06,425][root][INFO] - Length of data.y: 129
[2024-04-25 13:09:06,561][root][INFO] - x: [ 0.01510059  0.00242627 -0.22630835]
[2024-04-25 13:09:06,561][root][INFO] - y: [-0.00020556 -0.00404074]
[2024-04-25 13:09:06,561][root][INFO] - Reward: -0.002411233924882497
[2024-04-25 13:09:06,564][root][INFO] - --------------- Start iteration i=129 ---------------
[2024-04-25 13:09:06,565][root][INFO] - Length of data.x: 130
[2024-04-25 13:09:06,565][root][INFO] - Length of data.y: 130
[2024-04-25 13:09:06,701][root][INFO] - x: [ 0.01489503 -0.00161447 -0.15756542]
[2024-04-25 13:09:06,702][root][INFO] - y: [-0.00039952 -0.00152335]
[2024-04-25 13:09:06,702][root][INFO] - Reward: -0.002236121795968485
[2024-04-25 13:09:06,705][root][INFO] - --------------- Start iteration i=130 ---------------
[2024-04-25 13:09:06,705][root][INFO] - Length of data.x: 131
[2024-04-25 13:09:06,705][root][INFO] - Length of data.y: 131
