[2024-04-19 19:02:00,695][root][INFO] - Dumper dumping to /trajectory-information-rl/experiments/mpc_cartpole_2024-04-19/19-01-55/seed_1
[2024-04-19 19:02:00,700][root][INFO] - Start obs: None
[2024-04-19 19:02:14,891][root][INFO] - GT Returns: [-12.59159294 -11.70969202 -10.95006939 -11.31621706 -10.46777782]
[2024-04-19 19:02:14,891][root][INFO] - GT Returns: mean=-11.407 std=0.720
[2024-04-19 19:02:14,891][root][INFO] - Path Lengths: [36345, 36345, 36345, 36345, 36345]
[2024-04-19 19:02:14,891][root][INFO] - Path Lengths: mean=36345.000 std=0.000
[2024-04-19 19:02:14,953][root][INFO] - all_x.shape = (181725, 5)
[2024-04-19 19:02:14,958][root][INFO] - all_x.min(axis=0) = [-0.92250697 -1.39607618 -0.99997887 -0.87859023 -1.        ]
[2024-04-19 19:02:14,962][root][INFO] - all_x.max(axis=0) = [0.96852861 1.45948375 0.9999891  0.88108795 1.        ]
[2024-04-19 19:02:14,965][root][INFO] - all_x.mean(axis=0) = [ 0.00379939 -0.00313288  0.00160102  0.02583109  0.0048826 ]
[2024-04-19 19:02:14,972][root][INFO] - all_x.var(axis=0) = [0.01139239 0.04975874 0.23730383 0.08639432 0.19771975]
[2024-04-19 19:02:15,007][root][INFO] - --------------- Start iteration i=0 ---------------
[2024-04-19 19:02:15,007][root][INFO] - Length of data.x: 1
[2024-04-19 19:02:15,007][root][INFO] - Length of data.y: 1
[2024-04-19 19:02:20,424][root][INFO] - Eval Returns: [-24.9999799  -24.9999809  -24.99997472 -24.99997843 -24.99997665]
[2024-04-19 19:02:20,429][root][INFO] - Eval Returns: mean=-25.000 std=0.000
[2024-04-19 19:02:20,429][root][INFO] - Eval ndata: 1.000
[2024-04-19 19:02:20,430][root][INFO] - Model MSE (current real MPC): 0.615
[2024-04-19 19:02:21,442][root][INFO] - Model MSE (random test set): 0.498
[2024-04-19 19:02:21,442][root][INFO] - Model MSE (GT MPC): 0.207
[2024-04-19 19:02:21,442][root][INFO] - Model Likelihood (random test set): -4.165
[2024-04-19 19:02:21,442][root][INFO] - Model Likelihood (GT MPC): -4.025
[2024-04-19 19:02:21,442][root][INFO] - *[TIME] [Evaluate the current MPC policy] Elapsed: 6.24 seconds
[2024-04-19 19:02:23,244][root][INFO] - x: [ 1.30238704e-03 -1.56840189e-03  9.97581140e-01  1.45275411e-04
 -5.63439188e-01]
[2024-04-19 19:02:23,244][root][INFO] - y: [-0.00015684 -0.09056991  0.00011561  0.09131376]
[2024-04-19 19:02:23,244][root][INFO] - Reward: -0.9999900873114094
[2024-04-19 19:02:24,624][root][INFO] - --------------- Start iteration i=1 ---------------
[2024-04-19 19:02:24,624][root][INFO] - Length of data.x: 2
[2024-04-19 19:02:24,624][root][INFO] - Length of data.y: 2
[2024-04-19 19:02:24,782][root][INFO] - x: [ 0.00114555 -0.09213831  0.99769675  0.09145903  1.        ]
[2024-04-19 19:02:24,782][root][INFO] - y: [-0.00921383  0.16095186  0.07278085 -0.16023684]
[2024-04-19 19:02:24,783][root][INFO] - Reward: -0.9999908482320778
[2024-04-19 19:02:24,783][root][INFO] - --------------- Start iteration i=2 ---------------
[2024-04-19 19:02:24,783][root][INFO] - Length of data.x: 3
[2024-04-19 19:02:24,783][root][INFO] - Length of data.y: 3
[2024-04-19 19:02:24,932][root][INFO] - x: [-0.00806828  0.06881355 -0.92952241 -0.0687778   1.        ]
[2024-04-19 19:02:24,933][root][INFO] - y: [ 0.00688136  0.16821317 -0.05473168 -0.18567238]
[2024-04-19 19:02:24,933][root][INFO] - Reward: -0.9999900676645938
[2024-04-19 19:02:24,933][root][INFO] - --------------- Start iteration i=3 ---------------
[2024-04-19 19:02:24,933][root][INFO] - Length of data.x: 4
[2024-04-19 19:02:24,933][root][INFO] - Length of data.y: 4
[2024-04-19 19:02:25,083][root][INFO] - x: [-0.00118693  0.23702672 -0.98425409 -0.25445019 -1.        ]
[2024-04-19 19:02:25,083][root][INFO] - y: [ 0.02370267 -0.15585136 -0.20248519  0.15080474]
[2024-04-19 19:02:25,083][root][INFO] - Reward: -0.9999947591979933
[2024-04-19 19:02:25,083][root][INFO] - --------------- Start iteration i=4 ---------------
[2024-04-19 19:02:25,083][root][INFO] - Length of data.x: 5
[2024-04-19 19:02:25,083][root][INFO] - Length of data.y: 5
[2024-04-19 19:02:30,723][root][INFO] - Eval Returns: [-24.9994891  -24.80581929 -24.99997789 -24.99997809 -23.98738671]
[2024-04-19 19:02:30,728][root][INFO] - Eval Returns: mean=-24.759 std=0.393
[2024-04-19 19:02:30,728][root][INFO] - Eval ndata: 5.000
[2024-04-19 19:02:30,728][root][INFO] - Model MSE (current real MPC): 1.485
[2024-04-19 19:02:31,758][root][INFO] - Model MSE (random test set): 0.967
[2024-04-19 19:02:31,758][root][INFO] - Model MSE (GT MPC): 0.613
[2024-04-19 19:02:31,758][root][INFO] - Model Likelihood (random test set): -4.004
[2024-04-19 19:02:31,758][root][INFO] - Model Likelihood (GT MPC): -3.890
[2024-04-19 19:02:31,758][root][INFO] - *[TIME] [Evaluate the current MPC policy] Elapsed: 6.52 seconds
[2024-04-19 19:02:34,055][root][INFO] - x: [ 0.02251574  0.08117537  0.81326072 -0.10364544 -0.36290748]
[2024-04-19 19:02:34,055][root][INFO] - y: [ 0.00811754 -0.08062315 -0.08247849  0.12150434]
[2024-04-19 19:02:34,055][root][INFO] - Reward: -0.9999963893166325
