[2024-04-19 19:38:03,530][root][INFO] - Dumper dumping to /trajectory-information-rl/experiments/mpc_frozencartpole_2024-04-19/19-37-58/seed_4
[2024-04-19 19:38:03,534][root][INFO] - Start obs: None
[2024-04-19 19:38:17,543][root][INFO] - GT Returns: [-10.02024224 -11.23923051 -11.88291133 -11.89141194 -11.43782212]
[2024-04-19 19:38:17,543][root][INFO] - GT Returns: mean=-11.294 std=0.686
[2024-04-19 19:38:17,543][root][INFO] - Path Lengths: [36345, 36345, 36345, 36345, 36345]
[2024-04-19 19:38:17,544][root][INFO] - Path Lengths: mean=36345.000 std=0.000
[2024-04-19 19:38:17,605][root][INFO] - all_x.shape = (181725, 5)
[2024-04-19 19:38:17,610][root][INFO] - all_x.min(axis=0) = [-0.55501417 -0.83270898 -0.99998562 -0.83858163 -1.        ]
[2024-04-19 19:38:17,615][root][INFO] - all_x.max(axis=0) = [0.99356188 1.60558547 0.99995811 0.91554699 1.        ]
[2024-04-19 19:38:17,617][root][INFO] - all_x.mean(axis=0) = [-0.01023032  0.00351399  0.01360429  0.00035803  0.02088098]
[2024-04-19 19:38:17,626][root][INFO] - all_x.var(axis=0) = [0.00603492 0.02836021 0.23732474 0.07254346 0.22313097]
[2024-04-19 19:38:17,661][root][INFO] - --------------- Start iteration i=0 ---------------
[2024-04-19 19:38:17,661][root][INFO] - Length of data.x: 1
[2024-04-19 19:38:17,661][root][INFO] - Length of data.y: 1
[2024-04-19 19:38:23,043][root][INFO] - Eval Returns: [-24.99997861 -24.99997443 -24.99998229 -24.99995703 -24.99997667]
[2024-04-19 19:38:23,048][root][INFO] - Eval Returns: mean=-25.000 std=0.000
[2024-04-19 19:38:23,048][root][INFO] - Eval ndata: 1.000
[2024-04-19 19:38:23,048][root][INFO] - Model MSE (current real MPC): 0.459
[2024-04-19 19:38:24,067][root][INFO] - Model MSE (random test set): 0.495
[2024-04-19 19:38:24,067][root][INFO] - Model MSE (GT MPC): 0.187
[2024-04-19 19:38:24,067][root][INFO] - Model Likelihood (random test set): -4.162
[2024-04-19 19:38:24,067][root][INFO] - Model Likelihood (GT MPC): -4.002
[2024-04-19 19:38:24,068][root][INFO] - *[TIME] [Evaluate the current MPC policy] Elapsed: 6.21 seconds
[2024-04-19 19:38:25,596][root][INFO] - x: [-3.96775317e-03  4.16333687e-03  9.96905436e-01  5.85680612e-04
 -1.00000000e+00]
[2024-04-19 19:38:25,596][root][INFO] - y: [ 0.00041633 -0.08063497  0.00046607  0.08158608]
[2024-04-19 19:38:25,596][root][INFO] - Reward: -0.9999901405226312
[2024-04-19 19:38:26,906][root][INFO] - --------------- Start iteration i=1 ---------------
[2024-04-19 19:38:26,906][root][INFO] - Length of data.x: 2
[2024-04-19 19:38:26,906][root][INFO] - Length of data.y: 2
[2024-04-19 19:38:27,065][root][INFO] - x: [-0.00355142 -0.07647163  0.99737151  0.08217176  1.        ]
[2024-04-19 19:38:27,065][root][INFO] - y: [-0.00764716  0.08064992  0.06539026 -0.07983602]
[2024-04-19 19:38:27,065][root][INFO] - Reward: -0.9999918649219919
[2024-04-19 19:38:27,065][root][INFO] - --------------- Start iteration i=2 ---------------
[2024-04-19 19:38:27,065][root][INFO] - Length of data.x: 3
[2024-04-19 19:38:27,066][root][INFO] - Length of data.y: 3
[2024-04-19 19:38:27,218][root][INFO] - x: [-0.01119858  0.00417828 -0.93723824  0.00233573  1.        ]
[2024-04-19 19:38:27,219][root][INFO] - y: [ 0.00041783  0.08919958  0.00185872 -0.10670855]
[2024-04-19 19:38:27,219][root][INFO] - Reward: -0.9999917339859503
[2024-04-19 19:38:27,219][root][INFO] - --------------- Start iteration i=3 ---------------
[2024-04-19 19:38:27,219][root][INFO] - Length of data.x: 4
[2024-04-19 19:38:27,220][root][INFO] - Length of data.y: 4
[2024-04-19 19:38:27,381][root][INFO] - x: [-0.01078075  0.09337787 -0.93537952 -0.10437282  0.02552546]
[2024-04-19 19:38:27,381][root][INFO] - y: [ 0.00933779  0.01510966 -0.08305732 -0.03459864]
[2024-04-19 19:38:27,381][root][INFO] - Reward: -0.9999899102074078
[2024-04-19 19:38:27,382][root][INFO] - --------------- Start iteration i=4 ---------------
[2024-04-19 19:38:27,382][root][INFO] - Length of data.x: 5
[2024-04-19 19:38:27,382][root][INFO] - Length of data.y: 5
[2024-04-19 19:38:27,532][root][INFO] - x: [-0.00144297  0.10848753  0.98156316 -0.13897146  0.49332521]
[2024-04-19 19:38:27,532][root][INFO] - y: [ 0.01084875  0.03258239 -0.11059006 -0.02684284]
[2024-04-19 19:38:27,533][root][INFO] - Reward: -0.999989666080313
[2024-04-19 19:38:27,533][root][INFO] - --------------- Start iteration i=5 ---------------
[2024-04-19 19:38:27,533][root][INFO] - Length of data.x: 6
[2024-04-19 19:38:27,533][root][INFO] - Length of data.y: 6
[2024-04-19 19:38:27,685][root][INFO] - x: [ 0.00940579  0.14106992  0.8709731  -0.1658143  -0.87715043]
[2024-04-19 19:38:27,685][root][INFO] - y: [ 0.01410699 -0.16483646 -0.13195093  0.19020313]
[2024-04-19 19:38:27,685][root][INFO] - Reward: -0.999992363231775
[2024-04-19 19:38:27,686][root][INFO] - --------------- Start iteration i=6 ---------------
[2024-04-19 19:38:27,686][root][INFO] - Length of data.x: 7
[2024-04-19 19:38:27,686][root][INFO] - Length of data.y: 7
[2024-04-19 19:38:27,837][root][INFO] - x: [ 0.02351278 -0.02376654  0.73902217  0.02438883 -0.21824117]
[2024-04-19 19:38:27,837][root][INFO] - y: [-0.00237665 -0.04889956  0.01940803  0.10515533]
[2024-04-19 19:38:27,837][root][INFO] - Reward: -0.9999916480609256
[2024-04-19 19:38:27,838][root][INFO] - --------------- Start iteration i=7 ---------------
[2024-04-19 19:38:27,838][root][INFO] - Length of data.x: 8
[2024-04-19 19:38:27,838][root][INFO] - Length of data.y: 8
[2024-04-19 19:38:27,990][root][INFO] - x: [ 0.02113612 -0.07266609  0.7584302   0.12954416 -0.88353601]
[2024-04-19 19:38:27,990][root][INFO] - y: [-0.00726661 -0.14558156  0.10308805  0.1732063 ]
[2024-04-19 19:38:27,990][root][INFO] - Reward: -0.9999916936588232
[2024-04-19 19:38:27,991][root][INFO] - --------------- Start iteration i=8 ---------------
[2024-04-19 19:38:27,991][root][INFO] - Length of data.x: 9
[2024-04-19 19:38:27,991][root][INFO] - Length of data.y: 9
[2024-04-19 19:38:28,144][root][INFO] - x: [ 0.01386951 -0.21824765  0.86151826  0.30275047 -0.16947351]
[2024-04-19 19:38:28,144][root][INFO] - y: [-0.02182477 -0.09406328  0.24092136  0.12668841]
[2024-04-19 19:38:28,144][root][INFO] - Reward: -0.9999900353470443
[2024-04-19 19:38:28,145][root][INFO] - --------------- Start iteration i=9 ---------------
[2024-04-19 19:38:28,145][root][INFO] - Length of data.x: 10
[2024-04-19 19:38:28,145][root][INFO] - Length of data.y: 10
[2024-04-19 19:38:28,299][root][INFO] - x: [-0.00795525 -0.31231093 -0.89756038  0.42943887 -0.63715447]
[2024-04-19 19:38:28,299][root][INFO] - y: [-0.03123109  0.05584851  0.34173687 -0.0840418 ]
[2024-04-19 19:38:28,299][root][INFO] - Reward: -0.999991686442031
[2024-04-19 19:38:28,300][root][INFO] - --------------- Start iteration i=10 ---------------
[2024-04-19 19:38:28,300][root][INFO] - Length of data.x: 11
[2024-04-19 19:38:28,300][root][INFO] - Length of data.y: 11
[2024-04-19 19:38:34,221][root][INFO] - Eval Returns: [-23.99707664 -24.99995575 -19.91987393 -20.15081588 -21.52615421]
[2024-04-19 19:38:34,226][root][INFO] - Eval Returns: mean=-22.119 std=2.044
[2024-04-19 19:38:34,226][root][INFO] - Eval ndata: 11.000
[2024-04-19 19:38:34,226][root][INFO] - Model MSE (current real MPC): 0.815
[2024-04-19 19:38:35,285][root][INFO] - Model MSE (random test set): 0.549
[2024-04-19 19:38:35,286][root][INFO] - Model MSE (GT MPC): 0.297
[2024-04-19 19:38:35,286][root][INFO] - Model Likelihood (random test set): -3.957
[2024-04-19 19:38:35,286][root][INFO] - Model Likelihood (GT MPC): -3.805
[2024-04-19 19:38:35,286][root][INFO] - *[TIME] [Evaluate the current MPC policy] Elapsed: 6.83 seconds
[2024-04-19 19:38:37,681][root][INFO] - x: [-0.03918634 -0.25646241 -0.55582351  0.34539707  1.        ]
[2024-04-19 19:38:37,682][root][INFO] - y: [-0.02564624  0.17097032  0.27485848 -0.12652393]
[2024-04-19 19:38:37,682][root][INFO] - Reward: -0.999965416704028
[2024-04-19 19:38:38,583][root][INFO] - --------------- Start iteration i=11 ---------------
[2024-04-19 19:38:38,583][root][INFO] - Length of data.x: 12
[2024-04-19 19:38:38,583][root][INFO] - Length of data.y: 12
[2024-04-19 19:38:38,770][root][INFO] - x: [-0.06483258 -0.08549209 -0.28096503  0.21887314  0.42251455]
[2024-04-19 19:38:38,771][root][INFO] - y: [-0.00854921  0.04548683  0.17417385 -0.04696574]
[2024-04-19 19:38:38,771][root][INFO] - Reward: -0.9990398244617975
[2024-04-19 19:38:38,772][root][INFO] - --------------- Start iteration i=12 ---------------
[2024-04-19 19:38:38,772][root][INFO] - Length of data.x: 13
[2024-04-19 19:38:38,772][root][INFO] - Length of data.y: 13
[2024-04-19 19:38:39,081][root][INFO] - x: [-0.07338179 -0.04000526 -0.10679117  0.1719074  -1.        ]
[2024-04-19 19:38:39,081][root][INFO] - y: [-0.00400053 -0.07800901  0.13679967 -0.10599078]
[2024-04-19 19:38:39,081][root][INFO] - Reward: -0.9837017351047824
[2024-04-19 19:38:39,082][root][INFO] - --------------- Start iteration i=13 ---------------
[2024-04-19 19:38:39,082][root][INFO] - Length of data.x: 14
[2024-04-19 19:38:39,082][root][INFO] - Length of data.y: 14
[2024-04-19 19:38:39,237][root][INFO] - x: [-0.07738232 -0.11801427  0.0300085   0.06591662  1.        ]
[2024-04-19 19:38:39,237][root][INFO] - y: [-0.01180143  0.08633746  0.05245482  0.09519811]
[2024-04-19 19:38:39,237][root][INFO] - Reward: -0.987245914406898
[2024-04-19 19:38:39,238][root][INFO] - --------------- Start iteration i=14 ---------------
[2024-04-19 19:38:39,238][root][INFO] - Length of data.x: 15
[2024-04-19 19:38:39,238][root][INFO] - Length of data.y: 15
[2024-04-19 19:38:39,393][root][INFO] - x: [-0.08918375 -0.03167681  0.08246332  0.16111473 -0.22963485]
[2024-04-19 19:38:39,393][root][INFO] - y: [-0.00316768 -0.01274652  0.12821113  0.01283549]
[2024-04-19 19:38:39,393][root][INFO] - Reward: -0.9250193024648871
[2024-04-19 19:38:39,394][root][INFO] - --------------- Start iteration i=15 ---------------
[2024-04-19 19:38:39,394][root][INFO] - Length of data.x: 16
[2024-04-19 19:38:39,394][root][INFO] - Length of data.y: 16
[2024-04-19 19:38:39,550][root][INFO] - x: [-0.09235143 -0.04442333  0.21067445  0.17395022 -1.        ]
[2024-04-19 19:38:39,551][root][INFO] - y: [-0.00444233 -0.06409338  0.1384253   0.00979133]
[2024-04-19 19:38:39,551][root][INFO] - Reward: -0.9054179429118128
[2024-04-19 19:38:39,551][root][INFO] - --------------- Start iteration i=16 ---------------
[2024-04-19 19:38:39,551][root][INFO] - Length of data.x: 17
[2024-04-19 19:38:39,551][root][INFO] - Length of data.y: 17
[2024-04-19 19:38:39,708][root][INFO] - x: [-0.09679376 -0.10851671  0.34909975  0.18374155 -0.08371152]
[2024-04-19 19:38:39,708][root][INFO] - y: [-0.01085167 -0.01768594  0.146217    0.07929657]
[2024-04-19 19:38:39,708][root][INFO] - Reward: -0.9900724154037673
[2024-04-19 19:38:39,709][root][INFO] - --------------- Start iteration i=17 ---------------
[2024-04-19 19:38:39,709][root][INFO] - Length of data.x: 18
[2024-04-19 19:38:39,709][root][INFO] - Length of data.y: 18
[2024-04-19 19:38:39,865][root][INFO] - x: [-0.10764543 -0.12620265  0.49531675  0.26303811  1.        ]
[2024-04-19 19:38:39,866][root][INFO] - y: [-0.01262027 -0.01305498  0.20931925  0.09799728]
[2024-04-19 19:38:39,866][root][INFO] - Reward: -0.999990301260023
[2024-04-19 19:38:39,866][root][INFO] - --------------- Start iteration i=18 ---------------
[2024-04-19 19:38:39,866][root][INFO] - Length of data.x: 19
[2024-04-19 19:38:39,866][root][INFO] - Length of data.y: 19
[2024-04-19 19:38:40,023][root][INFO] - x: [-0.1202657  -0.13925763  0.704636    0.3610354   1.        ]
[2024-04-19 19:38:40,024][root][INFO] - y: [-0.01392576 -0.07406456  0.28730307  0.12299851]
[2024-04-19 19:38:40,024][root][INFO] - Reward: -0.9999999999923613
[2024-04-19 19:38:40,024][root][INFO] - --------------- Start iteration i=19 ---------------
[2024-04-19 19:38:40,024][root][INFO] - Length of data.x: 20
[2024-04-19 19:38:40,024][root][INFO] - Length of data.y: 20
[2024-04-19 19:38:40,182][root][INFO] - x: [-0.13419146 -0.21332219  0.99193907  0.48403391  1.        ]
[2024-04-19 19:38:40,183][root][INFO] - y: [-0.02133222  0.07299378  0.38518226 -0.07048356]
[2024-04-19 19:38:40,183][root][INFO] - Reward: -1.0
[2024-04-19 19:38:40,184][root][INFO] - --------------- Start iteration i=20 ---------------
[2024-04-19 19:38:40,184][root][INFO] - Length of data.x: 21
[2024-04-19 19:38:40,184][root][INFO] - Length of data.y: 21
[2024-04-19 19:38:46,612][root][INFO] - Eval Returns: [-20.9957168  -18.20620603 -23.50382952 -20.82199194 -19.61287297]
[2024-04-19 19:38:46,616][root][INFO] - Eval Returns: mean=-20.628 std=1.752
[2024-04-19 19:38:46,617][root][INFO] - Eval ndata: 21.000
[2024-04-19 19:38:46,617][root][INFO] - Model MSE (current real MPC): 0.392
[2024-04-19 19:38:47,682][root][INFO] - Model MSE (random test set): 0.214
[2024-04-19 19:38:47,682][root][INFO] - Model MSE (GT MPC): 0.030
[2024-04-19 19:38:47,682][root][INFO] - Model Likelihood (random test set): -3.908
[2024-04-19 19:38:47,682][root][INFO] - Model Likelihood (GT MPC): -3.753
[2024-04-19 19:38:47,682][root][INFO] - *[TIME] [Evaluate the current MPC policy] Elapsed: 7.34 seconds
[2024-04-19 19:38:50,212][root][INFO] - x: [-0.15552368 -0.14032841 -0.62287867  0.41355035  1.        ]
[2024-04-19 19:38:50,213][root][INFO] - y: [-0.01403284  0.2247311   0.32909318 -0.17558841]
[2024-04-19 19:38:50,213][root][INFO] - Reward: -1.0
[2024-04-19 19:38:51,260][root][INFO] - --------------- Start iteration i=21 ---------------
[2024-04-19 19:38:51,260][root][INFO] - Length of data.x: 22
[2024-04-19 19:38:51,260][root][INFO] - Length of data.y: 22
[2024-04-19 19:38:51,429][root][INFO] - x: [-0.16955652  0.08440269 -0.29378549  0.23796194  1.        ]
[2024-04-19 19:38:51,429][root][INFO] - y: [ 0.00844027  0.08543387  0.18936425 -0.02674688]
[2024-04-19 19:38:51,429][root][INFO] - Reward: -0.9999999999951759
[2024-04-19 19:38:51,430][root][INFO] - --------------- Start iteration i=22 ---------------
[2024-04-19 19:38:51,430][root][INFO] - Length of data.x: 23
[2024-04-19 19:38:51,430][root][INFO] - Length of data.y: 23
[2024-04-19 19:38:51,594][root][INFO] - x: [-0.16111625  0.16983656 -0.10442125  0.21121506  0.52828459]
[2024-04-19 19:38:51,594][root][INFO] - y: [0.01698366 0.0406054  0.16807974 0.00680034]
[2024-04-19 19:38:51,594][root][INFO] - Reward: -0.9999991562291068
[2024-04-19 19:38:51,595][root][INFO] - --------------- Start iteration i=23 ---------------
[2024-04-19 19:38:51,595][root][INFO] - Length of data.x: 24
[2024-04-19 19:38:51,595][root][INFO] - Length of data.y: 24
[2024-04-19 19:38:51,765][root][INFO] - x: [-0.1441326   0.21044196  0.06365849  0.2180154   0.59339083]
[2024-04-19 19:38:51,765][root][INFO] - y: [0.0210442  0.04045437 0.17349128 0.05915632]
[2024-04-19 19:38:51,765][root][INFO] - Reward: -0.9964297561077581
[2024-04-19 19:38:51,766][root][INFO] - --------------- Start iteration i=24 ---------------
[2024-04-19 19:38:51,766][root][INFO] - Length of data.x: 25
[2024-04-19 19:38:51,766][root][INFO] - Length of data.y: 25
[2024-04-19 19:38:51,927][root][INFO] - x: [-0.1230884   0.25089633  0.23714977  0.27717172  0.83728255]
[2024-04-19 19:38:51,927][root][INFO] - y: [0.02508963 0.01113262 0.22056642 0.07476206]
[2024-04-19 19:38:51,927][root][INFO] - Reward: -0.9650942080761586
[2024-04-19 19:38:51,927][root][INFO] - Explore episode complete with return -24.751886715577456, resetting
[2024-04-19 19:38:51,927][root][INFO] - Exploration Episode Rewards: [-0.9999901405226312, -0.9999918649219919, -0.9999917339859503, -0.9999899102074078, -0.999989666080313, -0.999992363231775, -0.9999916480609256, -0.9999916936588232, -0.9999900353470443, -0.999991686442031, -0.999965416704028, -0.9990398244617975, -0.9837017351047824, -0.987245914406898, -0.9250193024648871, -0.9054179429118128, -0.9900724154037673, -0.999990301260023, -0.9999999999923613, -1.0, -1.0, -0.9999999999951759, -0.9999991562291068, -0.9964297561077581, -0.9650942080761586]
[2024-04-19 19:38:51,928][root][INFO] - --------------- Start iteration i=25 ---------------
[2024-04-19 19:38:51,928][root][INFO] - Length of data.x: 26
[2024-04-19 19:38:51,928][root][INFO] - Length of data.y: 26
[2024-04-19 19:38:52,090][root][INFO] - x: [5.17502369e-04 4.02511341e-03 9.98538794e-01 3.14375237e-04
 4.85392270e-01]
[2024-04-19 19:38:52,090][root][INFO] - y: [ 0.00040251  0.07732676  0.00025017 -0.07687491]
[2024-04-19 19:38:52,090][root][INFO] - Reward: -0.999990080138965
[2024-04-19 19:38:52,091][root][INFO] - --------------- Start iteration i=26 ---------------
[2024-04-19 19:38:52,091][root][INFO] - Length of data.x: 27
[2024-04-19 19:38:52,091][root][INFO] - Length of data.y: 27
[2024-04-19 19:38:52,253][root][INFO] - x: [ 9.20013710e-04  8.13518768e-02  9.98788966e-01 -7.65605369e-02
  3.29005834e-01]
[2024-04-19 19:38:52,253][root][INFO] - y: [ 0.00813519  0.05108107 -0.06092499 -0.05070685]
[2024-04-19 19:38:52,253][root][INFO] - Reward: -0.9999912356484897
[2024-04-19 19:38:52,254][root][INFO] - --------------- Start iteration i=27 ---------------
[2024-04-19 19:38:52,254][root][INFO] - Length of data.x: 28
[2024-04-19 19:38:52,254][root][INFO] - Length of data.y: 28
[2024-04-19 19:38:52,415][root][INFO] - x: [ 0.0090552   0.13243295  0.93786398 -0.12726738  0.28564353]
[2024-04-19 19:38:52,415][root][INFO] - y: [ 0.0132433   0.02704908 -0.10127625 -0.00748739]
[2024-04-19 19:38:52,416][root][INFO] - Reward: -0.9999951015163022
[2024-04-19 19:38:52,416][root][INFO] - --------------- Start iteration i=28 ---------------
[2024-04-19 19:38:52,416][root][INFO] - Length of data.x: 29
[2024-04-19 19:38:52,416][root][INFO] - Length of data.y: 29
[2024-04-19 19:38:52,579][root][INFO] - x: [ 0.0222985   0.15948203  0.83658773 -0.13475477 -0.17381992]
[2024-04-19 19:38:52,579][root][INFO] - y: [ 0.0159482  -0.06023032 -0.10723453  0.10069423]
[2024-04-19 19:38:52,579][root][INFO] - Reward: -0.9999986148635889
[2024-04-19 19:38:52,580][root][INFO] - --------------- Start iteration i=29 ---------------
[2024-04-19 19:38:52,580][root][INFO] - Length of data.x: 30
[2024-04-19 19:38:52,580][root][INFO] - Length of data.y: 30
[2024-04-19 19:38:52,743][root][INFO] - x: [ 0.0382467   0.09925171  0.7293532  -0.03406054 -0.22106816]
[2024-04-19 19:38:52,743][root][INFO] - y: [ 0.00992517 -0.05040224 -0.02710454  0.10704747]
[2024-04-19 19:38:52,743][root][INFO] - Reward: -0.9999996099148911
[2024-04-19 19:38:52,744][root][INFO] - --------------- Start iteration i=30 ---------------
[2024-04-19 19:38:52,744][root][INFO] - Length of data.x: 31
[2024-04-19 19:38:52,744][root][INFO] - Length of data.y: 31
[2024-04-19 19:38:56,655][root][INFO] - *[TIME] [Evaluate the current MPC policy] Elapsed: 3.75 seconds
