[2024-04-19 19:00:47,042][root][INFO] - Dumper dumping to /trajectory-information-rl/experiments/mpc_cartpole_2024-04-19/19-00-41/seed_4
[2024-04-19 19:00:47,046][root][INFO] - Start obs: None
[2024-04-19 19:01:01,210][root][INFO] - GT Returns: [-10.56426312 -10.30484751 -10.09494855 -11.84702522 -12.51155536]
[2024-04-19 19:01:01,210][root][INFO] - GT Returns: mean=-11.065 std=0.946
[2024-04-19 19:01:01,210][root][INFO] - Path Lengths: [36345, 36345, 36345, 36345, 36345]
[2024-04-19 19:01:01,210][root][INFO] - Path Lengths: mean=36345.000 std=0.000
[2024-04-19 19:01:01,271][root][INFO] - all_x.shape = (181725, 5)
[2024-04-19 19:01:01,276][root][INFO] - all_x.min(axis=0) = [-0.98445425 -1.38056772 -0.99997822 -0.883281   -1.        ]
[2024-04-19 19:01:01,281][root][INFO] - all_x.max(axis=0) = [0.90926205 1.49138309 0.99999418 0.85370638 1.        ]
[2024-04-19 19:01:01,283][root][INFO] - all_x.mean(axis=0) = [-0.01413701  0.00635671 -0.00419216 -0.01154764  0.01044416]
[2024-04-19 19:01:01,291][root][INFO] - all_x.var(axis=0) = [0.01226701 0.05291163 0.24438087 0.08928793 0.21051331]
[2024-04-19 19:01:01,325][root][INFO] - --------------- Start iteration i=0 ---------------
[2024-04-19 19:01:01,325][root][INFO] - Length of data.x: 1
[2024-04-19 19:01:01,325][root][INFO] - Length of data.y: 1
[2024-04-19 19:01:06,741][root][INFO] - Eval Returns: [-24.99998129 -24.99997279 -24.99998168 -24.99986782 -24.99998448]
[2024-04-19 19:01:06,745][root][INFO] - Eval Returns: mean=-25.000 std=0.000
[2024-04-19 19:01:06,745][root][INFO] - Eval ndata: 1.000
[2024-04-19 19:01:06,745][root][INFO] - Model MSE (current real MPC): 0.480
[2024-04-19 19:01:07,743][root][INFO] - Model MSE (random test set): 0.497
[2024-04-19 19:01:07,743][root][INFO] - Model MSE (GT MPC): 0.203
[2024-04-19 19:01:07,744][root][INFO] - Model Likelihood (random test set): -4.163
[2024-04-19 19:01:07,744][root][INFO] - Model Likelihood (GT MPC): -4.011
[2024-04-19 19:01:07,744][root][INFO] - *[TIME] [Evaluate the current MPC policy] Elapsed: 6.23 seconds
[2024-04-19 19:01:09,633][root][INFO] - x: [ 2.27666885e-04 -6.75018013e-04  9.99806392e-01 -1.15114867e-03
 -9.95296912e-01]
[2024-04-19 19:01:09,633][root][INFO] - y: [-6.75018013e-05 -1.59272658e-01 -9.16055745e-04  1.59332606e-01]
[2024-04-19 19:01:09,633][root][INFO] - Reward: -0.9999900708840458
[2024-04-19 19:01:11,220][root][INFO] - --------------- Start iteration i=1 ---------------
[2024-04-19 19:01:11,220][root][INFO] - Length of data.x: 2
[2024-04-19 19:01:11,220][root][INFO] - Length of data.y: 2
[2024-04-19 19:01:11,416][root][INFO] - x: [ 1.60165084e-04 -1.59947676e-01  9.98890337e-01  1.58181457e-01
  9.40663361e-01]
[2024-04-19 19:01:11,416][root][INFO] - y: [-0.01599477  0.1527277   0.12587691 -0.15238419]
[2024-04-19 19:01:11,416][root][INFO] - Reward: -0.9999929637893232
[2024-04-19 19:01:11,416][root][INFO] - --------------- Start iteration i=2 ---------------
[2024-04-19 19:01:11,416][root][INFO] - Length of data.x: 3
[2024-04-19 19:01:11,416][root][INFO] - Length of data.y: 3
[2024-04-19 19:01:11,566][root][INFO] - x: [-0.0158346  -0.00721998 -0.87523276  0.00579727  1.        ]
[2024-04-19 19:01:11,566][root][INFO] - y: [-0.000722    0.16636869  0.00461332 -0.19126436]
[2024-04-19 19:01:11,566][root][INFO] - Reward: -0.9999931987464146
[2024-04-19 19:01:11,567][root][INFO] - --------------- Start iteration i=3 ---------------
[2024-04-19 19:01:11,567][root][INFO] - Length of data.x: 4
[2024-04-19 19:01:11,567][root][INFO] - Length of data.y: 4
[2024-04-19 19:01:11,716][root][INFO] - x: [-0.0165566   0.15914871 -0.87061943 -0.18546709  0.76312074]
[2024-04-19 19:01:11,716][root][INFO] - y: [ 0.01591487  0.1475144  -0.14759014 -0.17432032]
[2024-04-19 19:01:11,716][root][INFO] - Reward: -0.9999899444259754
[2024-04-19 19:01:11,717][root][INFO] - --------------- Start iteration i=4 ---------------
[2024-04-19 19:01:11,717][root][INFO] - Length of data.x: 5
[2024-04-19 19:01:11,717][root][INFO] - Length of data.y: 5
[2024-04-19 19:01:17,349][root][INFO] - Eval Returns: [-22.98562422 -24.14969193 -24.95956501 -24.99962061 -24.99609287]
[2024-04-19 19:01:17,354][root][INFO] - Eval Returns: mean=-24.418 std=0.786
[2024-04-19 19:01:17,354][root][INFO] - Eval ndata: 5.000
[2024-04-19 19:01:17,354][root][INFO] - Model MSE (current real MPC): 1.337
[2024-04-19 19:01:18,390][root][INFO] - Model MSE (random test set): 0.866
[2024-04-19 19:01:18,390][root][INFO] - Model MSE (GT MPC): 0.643
[2024-04-19 19:01:18,390][root][INFO] - Model Likelihood (random test set): -3.991
[2024-04-19 19:01:18,390][root][INFO] - Model Likelihood (GT MPC): -3.895
[2024-04-19 19:01:18,390][root][INFO] - *[TIME] [Evaluate the current MPC policy] Elapsed: 6.52 seconds
[2024-04-19 19:01:20,790][root][INFO] - x: [-6.41728632e-04  3.06663118e-01  9.81790425e-01 -3.59787409e-01
  1.00000000e+00]
[2024-04-19 19:01:20,790][root][INFO] - y: [ 0.03066631  0.14035229 -0.28630995 -0.13450775]
[2024-04-19 19:01:20,790][root][INFO] - Reward: -0.9999947433284033
