[2024-04-24 17:51:21,824][root][INFO] - Dumper dumping to /tirl/experiments/mpc_frozencartpole_newhypers_initdata_gpforgetting_2024-04-24/17-51-14/seed_2
[2024-04-24 17:51:21,829][root][INFO] - Start obs: None
[2024-04-24 17:51:45,610][root][INFO] - GT Returns: [-12.90991151 -10.89115806 -13.07534915 -10.88117524 -10.65167452]
[2024-04-24 17:51:45,610][root][INFO] - GT Returns: mean=-11.682 std=1.075
[2024-04-24 17:51:45,610][root][INFO] - Path Lengths: [36345, 36345, 36345, 36345, 36345]
[2024-04-24 17:51:45,610][root][INFO] - Path Lengths: mean=36345.000 std=0.000
[2024-04-24 17:51:45,679][root][INFO] - all_x.shape = (181725, 5)
[2024-04-24 17:51:45,684][root][INFO] - all_x.min(axis=0) = [-0.59417179 -0.93459196 -0.99997787 -0.80801738 -1.        ]
[2024-04-24 17:51:45,689][root][INFO] - all_x.max(axis=0) = [0.95778243 1.51572507 0.99999968 0.86085314 1.        ]
[2024-04-24 17:51:45,692][root][INFO] - all_x.mean(axis=0) = [-0.00590488 -0.01137893  0.03498842  0.06694775  0.00337315]
[2024-04-24 17:51:45,702][root][INFO] - all_x.var(axis=0) = [0.00781758 0.03335199 0.24435454 0.07520431 0.23057756]
[2024-04-24 17:51:45,775][root][INFO] - --------------- Start iteration i=0 ---------------
[2024-04-24 17:51:45,775][root][INFO] - Length of data.x: 301
[2024-04-24 17:51:45,775][root][INFO] - Length of data.y: 301
[2024-04-24 17:52:22,309][root][INFO] - Eval Returns: [-22.77167701 -17.00048073 -14.55104253 -19.48165328 -23.21847244]
[2024-04-24 17:52:22,318][root][INFO] - Eval Returns: mean=-19.405 std=3.323
[2024-04-24 17:52:22,319][root][INFO] - Eval ndata: 301.000
[2024-04-24 17:52:22,319][root][INFO] - Model MSE (current real MPC): 0.514
[2024-04-24 17:52:24,305][root][INFO] - Model MSE (random test set): 0.463
[2024-04-24 17:52:24,305][root][INFO] - Model MSE (GT MPC): 0.013
[2024-04-24 17:52:24,305][root][INFO] - Model Likelihood (random test set): -3.910
[2024-04-24 17:52:24,305][root][INFO] - Model Likelihood (GT MPC): -3.735
[2024-04-24 17:52:24,305][root][INFO] - *[TIME] [Evaluate the current MPC policy] Elapsed: 38.16 seconds
[2024-04-24 17:52:25,937][root][INFO] - x: [ 2.61957581e-03 -3.17638547e-03 -9.92305321e-01  3.80922353e-04
 -1.35959532e-01]
[2024-04-24 17:52:25,938][root][INFO] - y: [-0.00031764 -0.02027169  0.00030313  0.01789191]
[2024-04-24 17:52:25,938][root][INFO] - Reward: -0.9999900393503518
[2024-04-24 17:52:30,718][root][INFO] - --------------- Start iteration i=1 ---------------
[2024-04-24 17:52:30,719][root][INFO] - Length of data.x: 302
[2024-04-24 17:52:30,719][root][INFO] - Length of data.y: 302
[2024-04-24 17:52:31,114][root][INFO] - x: [ 0.00230194 -0.02344808 -0.99200219  0.01827283  0.3976272 ]
[2024-04-24 17:52:31,115][root][INFO] - y: [-0.00234481  0.06546325  0.01454107 -0.06790993]
[2024-04-24 17:52:31,115][root][INFO] - Reward: -0.9999899290752208
[2024-04-24 17:52:31,117][root][INFO] - --------------- Start iteration i=2 ---------------
[2024-04-24 17:52:31,117][root][INFO] - Length of data.x: 303
[2024-04-24 17:52:31,117][root][INFO] - Length of data.y: 303
[2024-04-24 17:52:31,427][root][INFO] - x: [-4.28704220e-05  4.20151731e-02 -9.77461123e-01 -4.96370975e-02
 -5.55943106e-02]
[2024-04-24 17:52:31,428][root][INFO] - y: [ 0.00420152 -0.00069799 -0.03949998 -0.00625153]
[2024-04-24 17:52:31,428][root][INFO] - Reward: -0.999990334264793
[2024-04-24 17:52:31,430][root][INFO] - --------------- Start iteration i=3 ---------------
[2024-04-24 17:52:31,430][root][INFO] - Length of data.x: 304
[2024-04-24 17:52:31,430][root][INFO] - Length of data.y: 304
[2024-04-24 17:52:31,742][root][INFO] - x: [ 0.00415865  0.04131718  0.9830389  -0.05588863  0.38613867]
[2024-04-24 17:52:31,742][root][INFO] - y: [ 0.00413172  0.0576397  -0.0444748  -0.05232754]
[2024-04-24 17:52:31,742][root][INFO] - Reward: -0.9999910215989501
[2024-04-24 17:52:31,744][root][INFO] - --------------- Start iteration i=4 ---------------
[2024-04-24 17:52:31,745][root][INFO] - Length of data.x: 305
[2024-04-24 17:52:31,745][root][INFO] - Length of data.y: 305
[2024-04-24 17:52:32,054][root][INFO] - x: [ 0.00829036  0.09895688  0.9385641  -0.10821617  0.53051951]
[2024-04-24 17:52:32,054][root][INFO] - y: [ 0.00989569  0.06735184 -0.08611576 -0.0472652 ]
[2024-04-24 17:52:32,054][root][INFO] - Reward: -0.9999935881267328
[2024-04-24 17:52:32,056][root][INFO] - --------------- Start iteration i=5 ---------------
[2024-04-24 17:52:32,057][root][INFO] - Length of data.x: 306
[2024-04-24 17:52:32,057][root][INFO] - Length of data.y: 306
[2024-04-24 17:52:32,363][root][INFO] - x: [ 0.01818605  0.16630872  0.85244834 -0.15548137 -0.11665473]
[2024-04-24 17:52:32,363][root][INFO] - y: [ 0.01663087 -0.05455922 -0.12372824  0.09270939]
[2024-04-24 17:52:32,363][root][INFO] - Reward: -0.9999978230388833
[2024-04-24 17:52:32,365][root][INFO] - --------------- Start iteration i=6 ---------------
[2024-04-24 17:52:32,365][root][INFO] - Length of data.x: 307
[2024-04-24 17:52:32,365][root][INFO] - Length of data.y: 307
[2024-04-24 17:52:32,688][root][INFO] - x: [ 0.03481693  0.1117495   0.7287201  -0.06277197 -0.35102731]
[2024-04-24 17:52:32,689][root][INFO] - y: [ 0.01117495 -0.06835751 -0.04995239  0.11892055]
[2024-04-24 17:52:32,689][root][INFO] - Reward: -0.9999993567508255
[2024-04-24 17:52:32,692][root][INFO] - --------------- Start iteration i=7 ---------------
[2024-04-24 17:52:32,692][root][INFO] - Length of data.x: 308
[2024-04-24 17:52:32,692][root][INFO] - Length of data.y: 308
[2024-04-24 17:52:33,100][root][INFO] - x: [ 0.04599187  0.04339198  0.67876771  0.05614858 -0.44585186]
[2024-04-24 17:52:33,100][root][INFO] - y: [ 0.0043392  -0.07175065  0.04468165  0.12132717]
[2024-04-24 17:52:33,100][root][INFO] - Reward: -0.9999997483862226
[2024-04-24 17:52:33,103][root][INFO] - --------------- Start iteration i=8 ---------------
[2024-04-24 17:52:33,104][root][INFO] - Length of data.x: 309
[2024-04-24 17:52:33,104][root][INFO] - Length of data.y: 309
[2024-04-24 17:52:33,570][root][INFO] - x: [ 0.05033107 -0.02835866  0.72344936  0.17747575 -0.37084602]
[2024-04-24 17:52:33,571][root][INFO] - y: [-0.00283587 -0.09187046  0.14123083  0.13430572]
[2024-04-24 17:52:33,571][root][INFO] - Reward: -0.9999995839368315
[2024-04-24 17:52:33,574][root][INFO] - --------------- Start iteration i=9 ---------------
[2024-04-24 17:52:33,574][root][INFO] - Length of data.x: 310
[2024-04-24 17:52:33,574][root][INFO] - Length of data.y: 310
[2024-04-24 17:52:34,073][root][INFO] - x: [ 0.04749521 -0.12022912  0.86468019  0.31178147 -0.18687182]
[2024-04-24 17:52:34,074][root][INFO] - y: [-0.01202291 -0.10004047  0.24810801  0.13163652]
[2024-04-24 17:52:34,074][root][INFO] - Reward: -0.9999830840176029
[2024-04-24 17:52:34,078][root][INFO] - --------------- Start iteration i=10 ---------------
[2024-04-24 17:52:34,078][root][INFO] - Length of data.x: 311
[2024-04-24 17:52:34,078][root][INFO] - Length of data.y: 311
[2024-04-24 17:53:11,814][root][INFO] - Eval Returns: [-20.94550822 -22.01845182 -22.33079971 -19.41628855 -22.26007568]
[2024-04-24 17:53:11,826][root][INFO] - Eval Returns: mean=-21.394 std=1.107
[2024-04-24 17:53:11,826][root][INFO] - Eval ndata: 311.000
[2024-04-24 17:53:11,826][root][INFO] - Model MSE (current real MPC): 0.643
[2024-04-24 17:53:13,840][root][INFO] - Model MSE (random test set): 0.454
[2024-04-24 17:53:13,840][root][INFO] - Model MSE (GT MPC): 0.012
[2024-04-24 17:53:13,840][root][INFO] - Model Likelihood (random test set): -3.905
[2024-04-24 17:53:13,840][root][INFO] - Model Likelihood (GT MPC): -3.734
[2024-04-24 17:53:13,841][root][INFO] - *[TIME] [Evaluate the current MPC policy] Elapsed: 39.27 seconds
